2021-06-12 01:07:23,574,Microsoft-Windows-Sysmon,{5770385f-c22a-43e0-bf4c-06f5698ffbd9},4,0x8000000000000000,Microsoft-Windows-Sysmon/Operational,WORKSTATION5,2021-06-11T09:07:23.439Z,2021-06-11T09:07:23.439Z,10,"Process accessed:
RuleName: -
UtcTime: 2021-06-12 01:07:23.431
SourceProcessGUID: {e2c04bb9-a70e-60c3-0d61-390000000000}
SourceProcessId: 1320
SourceThreadId: 7340
SourceImage: C:\Windows\Explorer.EXE
TargetProcessGUID: {e2c04bb9-08cb-60c4-eb40-400100000000}
TargetProcessId: 4236
TargetImage: C:\TMP\CreateNamedPipe.exe
GrantedAccess: 0x1000
CallTrace: C:\Windows\SYSTEM32\ntdll.dll+9d364|C:\Windows\System32\KERNELBASE.dll+305ee|C:\Windows\System32\appresolver.dll+22415|C:\Windows\System32\appresolver.dll+1f03c|C:\Windows\System32\appresolver.dll+1ef27|C:\Windows\Explorer.EXE+2b487|C:\Windows\Explorer.EXE+2b384|C:\Windows\Explorer.EXE+70210|C:\Windows\System32\windows.storage.dll+1725a4|C:\Windows\System32\windows.storage.dll+1721e5|C:\Windows\System32\windows.storage.dll+1720c5|C:\Windows\System32\shcore.dll+31d96|C:\Windows\SYSTEM32\ntdll.dll+2f655|C:\Windows\SYSTEM32\ntdll.dll+345b4|C:\Windows\System32\KERNEL32.DLL+17c24|C:\Windows\SYSTEM32\ntdll.dll+6d721",10,-,,0,,,,,,,,,,,,,,,,,,,{e2c04bb9-a70e-60c3-0d61-390000000000},1320,7340.0,C:\Windows\Explorer.EXE,{e2c04bb9-08cb-60c4-eb40-400100000000},4236,C:\TMP\CreateNamedPipe.exe,0x1000,C:\Windows\SYSTEM32\ntdll.dll+9d364|C:\Windows\System32\KERNELBASE.dll+305ee|C:\Windows\System32\appresolver.dll+22415|C:\Windows\System32\appresolver.dll+1f03c|C:\Windows\System32\appresolver.dll+1ef27|C:\Windows\Explorer.EXE+2b487|C:\Windows\Explorer.EXE+2b384|C:\Windows\Explorer.EXE+70210|C:\Windows\System32\windows.storage.dll+1725a4|C:\Windows\System32\windows.storage.dll+1721e5|C:\Windows\System32\windows.storage.dll+1720c5|C:\Windows\System32\shcore.dll+31d96|C:\Windows\SYSTEM32\ntdll.dll+2f655|C:\Windows\SYSTEM32\ntdll.dll+345b4|C:\Windows\System32\KERNEL32.DLL+17c24|C:\Windows\SYSTEM32\ntdll.dll+6d721,,,,,,,,,,,,,,,,,,,,,,,,,,,,,,,,,,,,,,,,,,,,,,,,,,,,,,,,,,,,,,,,,,,,,,,,,,,,,,,,,,,,,0,0,0,1,1,0,3,True
2021-06-12 01:07:23,572,Microsoft-Windows-Sysmon,{5770385f-c22a-43e0-bf4c-06f5698ffbd9},4,0x8000000000000000,Microsoft-Windows-Sysmon/Operational,WORKSTATION5,2021-06-11T09:07:23.439Z,2021-06-11T09:07:23.439Z,10,"Process accessed:
RuleName: -
UtcTime: 2021-06-12 01:07:23.431
SourceProcessGUID: {e2c04bb9-a70e-60c3-0d61-390000000000}
SourceProcessId: 1320
SourceThreadId: 7300
SourceImage: C:\Windows\Explorer.EXE
TargetProcessGUID: {e2c04bb9-08cb-60c4-eb40-400100000000}
TargetProcessId: 4236
TargetImage: C:\TMP\CreateNamedPipe.exe
GrantedAccess: 0x1000
CallTrace: C:\Windows\SYSTEM32\ntdll.dll+9d364|C:\Windows\System32\KERNELBASE.dll+305ee|C:\Windows\system32\twinui.pcshell.dll+c00f|C:\Windows\system32\twinui.pcshell.dll+7e9a1|C:\Windows\system32\twinui.pcshell.dll+7ba84|C:\Windows\system32\twinui.pcshell.dll+171c3|C:\Windows\system32\twinui.pcshell.dll+57ba2|C:\Windows\system32\twinui.pcshell.dll+590be|C:\Windows\system32\twinui.pcshell.dll+7eaa6|C:\Windows\system32\twinui.pcshell.dll+5bc22|C:\Windows\System32\USER32.dll+15c1d|C:\Windows\System32\USER32.dll+15612|C:\Windows\System32\windows.immersiveshell.serviceprovider.dll+4860|C:\Windows\System32\windows.immersiveshell.serviceprovider.dll+4429|C:\Windows\System32\windows.immersiveshell.serviceprovider.dll+40bf|C:\Windows\System32\KERNEL32.DLL+17c24|C:\Windows\SYSTEM32\ntdll.dll+6d721",10,-,,0,,,,,,,,,,,,,,,,,,,{e2c04bb9-a70e-60c3-0d61-390000000000},1320,7300.0,C:\Windows\Explorer.EXE,{e2c04bb9-08cb-60c4-eb40-400100000000},4236,C:\TMP\CreateNamedPipe.exe,0x1000,C:\Windows\SYSTEM32\ntdll.dll+9d364|C:\Windows\System32\KERNELBASE.dll+305ee|C:\Windows\system32\twinui.pcshell.dll+c00f|C:\Windows\system32\twinui.pcshell.dll+7e9a1|C:\Windows\system32\twinui.pcshell.dll+7ba84|C:\Windows\system32\twinui.pcshell.dll+171c3|C:\Windows\system32\twinui.pcshell.dll+57ba2|C:\Windows\system32\twinui.pcshell.dll+590be|C:\Windows\system32\twinui.pcshell.dll+7eaa6|C:\Windows\system32\twinui.pcshell.dll+5bc22|C:\Windows\System32\USER32.dll+15c1d|C:\Windows\System32\USER32.dll+15612|C:\Windows\System32\windows.immersiveshell.serviceprovider.dll+4860|C:\Windows\System32\windows.immersiveshell.serviceprovider.dll+4429|C:\Windows\System32\windows.immersiveshell.serviceprovider.dll+40bf|C:\Windows\System32\KERNEL32.DLL+17c24|C:\Windows\SYSTEM32\ntdll.dll+6d721,,,,,,,,,,,,,,,,,,,,,,,,,,,,,,,,,,,,,,,,,,,,,,,,,,,,,,,,,,,,,,,,,,,,,,,,,,,,,,,,,,,,,0,0,0,1,0,0,2,True
2021-06-12 01:07:23,571,Microsoft-Windows-Sysmon,{5770385f-c22a-43e0-bf4c-06f5698ffbd9},4,0x8000000000000000,Microsoft-Windows-Sysmon/Operational,WORKSTATION5,2021-06-11T09:07:23.439Z,2021-06-11T09:07:23.439Z,10,"Process accessed:
RuleName: -
UtcTime: 2021-06-12 01:07:23.431
SourceProcessGUID: {e2c04bb9-a70e-60c3-0d61-390000000000}
SourceProcessId: 1320
SourceThreadId: 1736
SourceImage: C:\Windows\Explorer.EXE
TargetProcessGUID: {e2c04bb9-08cb-60c4-eb40-400100000000}
TargetProcessId: 4236
TargetImage: C:\TMP\CreateNamedPipe.exe
GrantedAccess: 0x1410
CallTrace: C:\Windows\SYSTEM32\ntdll.dll+9d364|C:\Windows\System32\KERNELBASE.dll+305ee|C:\Windows\System32\appresolver.dll+22138|C:\Windows\System32\appresolver.dll+1f1b6|C:\Windows\System32\appresolver.dll+1ef27|C:\Windows\Explorer.EXE+4602c|C:\Windows\Explorer.EXE+45e5b|C:\Windows\Explorer.EXE+45d79|C:\Windows\Explorer.EXE+70210|C:\Windows\System32\windows.storage.dll+1725a4|C:\Windows\System32\windows.storage.dll+1721e5|C:\Windows\System32\windows.storage.dll+1720c5|C:\Windows\System32\shcore.dll+31d96|C:\Windows\SYSTEM32\ntdll.dll+2f655|C:\Windows\SYSTEM32\ntdll.dll+345b4|C:\Windows\System32\KERNEL32.DLL+17c24|C:\Windows\SYSTEM32\ntdll.dll+6d721",10,-,,0,,,,,,,,,,,,,,,,,,,{e2c04bb9-a70e-60c3-0d61-390000000000},1320,1736.0,C:\Windows\Explorer.EXE,{e2c04bb9-08cb-60c4-eb40-400100000000},4236,C:\TMP\CreateNamedPipe.exe,0x1410,C:\Windows\SYSTEM32\ntdll.dll+9d364|C:\Windows\System32\KERNELBASE.dll+305ee|C:\Windows\System32\appresolver.dll+22138|C:\Windows\System32\appresolver.dll+1f1b6|C:\Windows\System32\appresolver.dll+1ef27|C:\Windows\Explorer.EXE+4602c|C:\Windows\Explorer.EXE+45e5b|C:\Windows\Explorer.EXE+45d79|C:\Windows\Explorer.EXE+70210|C:\Windows\System32\windows.storage.dll+1725a4|C:\Windows\System32\windows.storage.dll+1721e5|C:\Windows\System32\windows.storage.dll+1720c5|C:\Windows\System32\shcore.dll+31d96|C:\Windows\SYSTEM32\ntdll.dll+2f655|C:\Windows\SYSTEM32\ntdll.dll+345b4|C:\Windows\System32\KERNEL32.DLL+17c24|C:\Windows\SYSTEM32\ntdll.dll+6d721,,,,,,,,,,,,,,,,,,,,,,,,,,,,,,,,,,,,,,,,,,,,,,,,,,,,,,,,,,,,,,,,,,,,,,,,,,,,,,,,,,,,,0,0,0,1,0,0,2,True
2021-06-12 01:07:23,570,Microsoft-Windows-Sysmon,{5770385f-c22a-43e0-bf4c-06f5698ffbd9},4,0x8000000000000000,Microsoft-Windows-Sysmon/Operational,WORKSTATION5,2021-06-11T09:07:23.438Z,2021-06-11T09:07:23.438Z,10,"Process accessed:
RuleName: -
UtcTime: 2021-06-12 01:07:23.431
SourceProcessGUID: {e2c04bb9-a70e-60c3-0d61-390000000000}
SourceProcessId: 1320
SourceThreadId: 1736
SourceImage: C:\Windows\Explorer.EXE
TargetProcessGUID: {e2c04bb9-08cb-60c4-eb40-400100000000}
TargetProcessId: 4236
TargetImage: C:\TMP\CreateNamedPipe.exe
GrantedAccess: 0x1000
CallTrace: C:\Windows\SYSTEM32\ntdll.dll+9d364|C:\Windows\System32\KERNELBASE.dll+305ee|C:\Windows\System32\appresolver.dll+1f103|C:\Windows\System32\appresolver.dll+1ef27|C:\Windows\Explorer.EXE+4602c|C:\Windows\Explorer.EXE+45e5b|C:\Windows\Explorer.EXE+45d79|C:\Windows\Explorer.EXE+70210|C:\Windows\System32\windows.storage.dll+1725a4|C:\Windows\System32\windows.storage.dll+1721e5|C:\Windows\System32\windows.storage.dll+1720c5|C:\Windows\System32\shcore.dll+31d96|C:\Windows\SYSTEM32\ntdll.dll+2f655|C:\Windows\SYSTEM32\ntdll.dll+345b4|C:\Windows\System32\KERNEL32.DLL+17c24|C:\Windows\SYSTEM32\ntdll.dll+6d721",10,-,,0,,,,,,,,,,,,,,,,,,,{e2c04bb9-a70e-60c3-0d61-390000000000},1320,1736.0,C:\Windows\Explorer.EXE,{e2c04bb9-08cb-60c4-eb40-400100000000},4236,C:\TMP\CreateNamedPipe.exe,0x1000,C:\Windows\SYSTEM32\ntdll.dll+9d364|C:\Windows\System32\KERNELBASE.dll+305ee|C:\Windows\System32\appresolver.dll+1f103|C:\Windows\System32\appresolver.dll+1ef27|C:\Windows\Explorer.EXE+4602c|C:\Windows\Explorer.EXE+45e5b|C:\Windows\Explorer.EXE+45d79|C:\Windows\Explorer.EXE+70210|C:\Windows\System32\windows.storage.dll+1725a4|C:\Windows\System32\windows.storage.dll+1721e5|C:\Windows\System32\windows.storage.dll+1720c5|C:\Windows\System32\shcore.dll+31d96|C:\Windows\SYSTEM32\ntdll.dll+2f655|C:\Windows\SYSTEM32\ntdll.dll+345b4|C:\Windows\System32\KERNEL32.DLL+17c24|C:\Windows\SYSTEM32\ntdll.dll+6d721,,,,,,,,,,,,,,,,,,,,,,,,,,,,,,,,,,,,,,,,,,,,,,,,,,,,,,,,,,,,,,,,,,,,,,,,,,,,,,,,,,,,,0,0,0,1,0,0,2,True
2021-06-12 01:07:23,569,Microsoft-Windows-Sysmon,{5770385f-c22a-43e0-bf4c-06f5698ffbd9},4,0x8000000000000000,Microsoft-Windows-Sysmon/Operational,WORKSTATION5,2021-06-11T09:07:23.438Z,2021-06-11T09:07:23.438Z,10,"Process accessed:
RuleName: -
UtcTime: 2021-06-12 01:07:23.431
SourceProcessGUID: {e2c04bb9-a70e-60c3-0d61-390000000000}
SourceProcessId: 1320
SourceThreadId: 1736
SourceImage: C:\Windows\Explorer.EXE
TargetProcessGUID: {e2c04bb9-08cb-60c4-eb40-400100000000}
TargetProcessId: 4236
TargetImage: C:\TMP\CreateNamedPipe.exe
GrantedAccess: 0x1000
CallTrace: C:\Windows\SYSTEM32\ntdll.dll+9d364|C:\Windows\System32\KERNELBASE.dll+305ee|C:\Windows\System32\appresolver.dll+22415|C:\Windows\System32\appresolver.dll+1f03c|C:\Windows\System32\appresolver.dll+1ef27|C:\Windows\Explorer.EXE+4602c|C:\Windows\Explorer.EXE+45e5b|C:\Windows\Explorer.EXE+45d79|C:\Windows\Explorer.EXE+70210|C:\Windows\System32\windows.storage.dll+1725a4|C:\Windows\System32\windows.storage.dll+1721e5|C:\Windows\System32\windows.storage.dll+1720c5|C:\Windows\System32\shcore.dll+31d96|C:\Windows\SYSTEM32\ntdll.dll+2f655|C:\Windows\SYSTEM32\ntdll.dll+345b4|C:\Windows\System32\KERNEL32.DLL+17c24|C:\Windows\SYSTEM32\ntdll.dll+6d721",10,-,,0,,,,,,,,,,,,,,,,,,,{e2c04bb9-a70e-60c3-0d61-390000000000},1320,1736.0,C:\Windows\Explorer.EXE,{e2c04bb9-08cb-60c4-eb40-400100000000},4236,C:\TMP\CreateNamedPipe.exe,0x1000,C:\Windows\SYSTEM32\ntdll.dll+9d364|C:\Windows\System32\KERNELBASE.dll+305ee|C:\Windows\System32\appresolver.dll+22415|C:\Windows\System32\appresolver.dll+1f03c|C:\Windows\System32\appresolver.dll+1ef27|C:\Windows\Explorer.EXE+4602c|C:\Windows\Explorer.EXE+45e5b|C:\Windows\Explorer.EXE+45d79|C:\Windows\Explorer.EXE+70210|C:\Windows\System32\windows.storage.dll+1725a4|C:\Windows\System32\windows.storage.dll+1721e5|C:\Windows\System32\windows.storage.dll+1720c5|C:\Windows\System32\shcore.dll+31d96|C:\Windows\SYSTEM32\ntdll.dll+2f655|C:\Windows\SYSTEM32\ntdll.dll+345b4|C:\Windows\System32\KERNEL32.DLL+17c24|C:\Windows\SYSTEM32\ntdll.dll+6d721,,,,,,,,,,,,,,,,,,,,,,,,,,,,,,,,,,,,,,,,,,,,,,,,,,,,,,,,,,,,,,,,,,,,,,,,,,,,,,,,,,,,,0,0,0,0,0,0,1,True
2021-06-12 01:07:23,568,Microsoft-Windows-Sysmon,{5770385f-c22a-43e0-bf4c-06f5698ffbd9},4,0x8000000000000000,Microsoft-Windows-Sysmon/Operational,WORKSTATION5,2021-06-11T09:07:23.438Z,2021-06-11T09:07:23.438Z,10,"Process accessed:
RuleName: -
UtcTime: 2021-06-12 01:07:23.415
SourceProcessGUID: {e2c04bb9-a70e-60c3-0d61-390000000000}
SourceProcessId: 1320
SourceThreadId: 1736
SourceImage: C:\Windows\Explorer.EXE
TargetProcessGUID: {e2c04bb9-08cb-60c4-eb40-400100000000}
TargetProcessId: 4236
TargetImage: C:\TMP\CreateNamedPipe.exe
GrantedAccess: 0x1000
CallTrace: C:\Windows\SYSTEM32\ntdll.dll+9d364|C:\Windows\System32\KERNELBASE.dll+305ee|C:\Windows\Explorer.EXE+45f79|C:\Windows\Explorer.EXE+45e5b|C:\Windows\Explorer.EXE+45d79|C:\Windows\Explorer.EXE+70210|C:\Windows\System32\windows.storage.dll+1725a4|C:\Windows\System32\windows.storage.dll+1721e5|C:\Windows\System32\windows.storage.dll+1720c5|C:\Windows\System32\shcore.dll+31d96|C:\Windows\SYSTEM32\ntdll.dll+2f655|C:\Windows\SYSTEM32\ntdll.dll+345b4|C:\Windows\System32\KERNEL32.DLL+17c24|C:\Windows\SYSTEM32\ntdll.dll+6d721",10,-,,0,,,,,,,,,,,,,,,,,,,{e2c04bb9-a70e-60c3-0d61-390000000000},1320,1736.0,C:\Windows\Explorer.EXE,{e2c04bb9-08cb-60c4-eb40-400100000000},4236,C:\TMP\CreateNamedPipe.exe,0x1000,C:\Windows\SYSTEM32\ntdll.dll+9d364|C:\Windows\System32\KERNELBASE.dll+305ee|C:\Windows\Explorer.EXE+45f79|C:\Windows\Explorer.EXE+45e5b|C:\Windows\Explorer.EXE+45d79|C:\Windows\Explorer.EXE+70210|C:\Windows\System32\windows.storage.dll+1725a4|C:\Windows\System32\windows.storage.dll+1721e5|C:\Windows\System32\windows.storage.dll+1720c5|C:\Windows\System32\shcore.dll+31d96|C:\Windows\SYSTEM32\ntdll.dll+2f655|C:\Windows\SYSTEM32\ntdll.dll+345b4|C:\Windows\System32\KERNEL32.DLL+17c24|C:\Windows\SYSTEM32\ntdll.dll+6d721,,,,,,,,,,,,,,,,,,,,,,,,,,,,,,,,,,,,,,,,,,,,,,,,,,,,,,,,,,,,,,,,,,,,,,,,,,,,,,,,,,,,,0,0,0,0,0,0,1,True
2021-06-12 01:07:23,567,Microsoft-Windows-Sysmon,{5770385f-c22a-43e0-bf4c-06f5698ffbd9},4,0x8000000000000000,Microsoft-Windows-Sysmon/Operational,WORKSTATION5,2021-06-11T09:07:23.438Z,2021-06-11T09:07:23.438Z,10,"Process accessed:
RuleName: -
UtcTime: 2021-06-12 01:07:23.415
SourceProcessGUID: {e2c04bb9-a70e-60c3-0d61-390000000000}
SourceProcessId: 1320
SourceThreadId: 5620
SourceImage: C:\Windows\Explorer.EXE
TargetProcessGUID: {e2c04bb9-08cb-60c4-eb40-400100000000}
TargetProcessId: 4236
TargetImage: C:\TMP\CreateNamedPipe.exe
GrantedAccess: 0x1000
CallTrace: C:\Windows\SYSTEM32\ntdll.dll+9d364|C:\Windows\System32\KERNELBASE.dll+305ee|C:\Windows\SYSTEM32\twinapi.appcore.dll+2bcba|C:\Windows\SYSTEM32\twinapi.appcore.dll+33b31|C:\Windows\SYSTEM32\twinapi.appcore.dll+2683f|C:\Windows\System32\TaskFlowDataEngine.dll+98a43|C:\Windows\System32\TaskFlowDataEngine.dll+979ca|C:\Windows\System32\TaskFlowDataEngine.dll+9780b|C:\Windows\System32\TaskFlowDataEngine.dll+945b6|C:\Windows\System32\TaskFlowDataEngine.dll+92ed8|C:\Windows\System32\TaskFlowDataEngine.dll+9d7c1|C:\Windows\System32\shcore.dll+1a8c9|C:\Windows\System32\shcore.dll+1a668|C:\Windows\System32\shcore.dll+19681|C:\Windows\System32\KERNEL32.DLL+17c24|C:\Windows\SYSTEM32\ntdll.dll+6d721",10,-,,0,,,,,,,,,,,,,,,,,,,{e2c04bb9-a70e-60c3-0d61-390000000000},1320,5620.0,C:\Windows\Explorer.EXE,{e2c04bb9-08cb-60c4-eb40-400100000000},4236,C:\TMP\CreateNamedPipe.exe,0x1000,C:\Windows\SYSTEM32\ntdll.dll+9d364|C:\Windows\System32\KERNELBASE.dll+305ee|C:\Windows\SYSTEM32\twinapi.appcore.dll+2bcba|C:\Windows\SYSTEM32\twinapi.appcore.dll+33b31|C:\Windows\SYSTEM32\twinapi.appcore.dll+2683f|C:\Windows\System32\TaskFlowDataEngine.dll+98a43|C:\Windows\System32\TaskFlowDataEngine.dll+979ca|C:\Windows\System32\TaskFlowDataEngine.dll+9780b|C:\Windows\System32\TaskFlowDataEngine.dll+945b6|C:\Windows\System32\TaskFlowDataEngine.dll+92ed8|C:\Windows\System32\TaskFlowDataEngine.dll+9d7c1|C:\Windows\System32\shcore.dll+1a8c9|C:\Windows\System32\shcore.dll+1a668|C:\Windows\System32\shcore.dll+19681|C:\Windows\System32\KERNEL32.DLL+17c24|C:\Windows\SYSTEM32\ntdll.dll+6d721,,,,,,,,,,,,,,,,,,,,,,,,,,,,,,,,,,,,,,,,,,,,,,,,,,,,,,,,,,,,,,,,,,,,,,,,,,,,,,,,,,,,,0,0,0,0,0,0,1,True
2021-06-12 01:07:23,566,Microsoft-Windows-Sysmon,{5770385f-c22a-43e0-bf4c-06f5698ffbd9},4,0x8000000000000000,Microsoft-Windows-Sysmon/Operational,WORKSTATION5,2021-06-11T09:07:23.438Z,2021-06-11T09:07:23.438Z,10,"Process accessed:
RuleName: -
UtcTime: 2021-06-12 01:07:23.415
SourceProcessGUID: {e2c04bb9-a70e-60c3-0d61-390000000000}
SourceProcessId: 1320
SourceThreadId: 5620
SourceImage: C:\Windows\Explorer.EXE
TargetProcessGUID: {e2c04bb9-08cb-60c4-eb40-400100000000}
TargetProcessId: 4236
TargetImage: C:\TMP\CreateNamedPipe.exe
GrantedAccess: 0x1000
CallTrace: C:\Windows\SYSTEM32\ntdll.dll+9d364|C:\Windows\System32\KERNELBASE.dll+305ee|C:\Windows\SYSTEM32\twinapi.appcore.dll+2bc3b|C:\Windows\SYSTEM32\twinapi.appcore.dll+33b31|C:\Windows\SYSTEM32\twinapi.appcore.dll+2683f|C:\Windows\System32\TaskFlowDataEngine.dll+98a43|C:\Windows\System32\TaskFlowDataEngine.dll+979ca|C:\Windows\System32\TaskFlowDataEngine.dll+9780b|C:\Windows\System32\TaskFlowDataEngine.dll+945b6|C:\Windows\System32\TaskFlowDataEngine.dll+92ed8|C:\Windows\System32\TaskFlowDataEngine.dll+9d7c1|C:\Windows\System32\shcore.dll+1a8c9|C:\Windows\System32\shcore.dll+1a668|C:\Windows\System32\shcore.dll+19681|C:\Windows\System32\KERNEL32.DLL+17c24|C:\Windows\SYSTEM32\ntdll.dll+6d721",10,-,,0,,,,,,,,,,,,,,,,,,,{e2c04bb9-a70e-60c3-0d61-390000000000},1320,5620.0,C:\Windows\Explorer.EXE,{e2c04bb9-08cb-60c4-eb40-400100000000},4236,C:\TMP\CreateNamedPipe.exe,0x1000,C:\Windows\SYSTEM32\ntdll.dll+9d364|C:\Windows\System32\KERNELBASE.dll+305ee|C:\Windows\SYSTEM32\twinapi.appcore.dll+2bc3b|C:\Windows\SYSTEM32\twinapi.appcore.dll+33b31|C:\Windows\SYSTEM32\twinapi.appcore.dll+2683f|C:\Windows\System32\TaskFlowDataEngine.dll+98a43|C:\Windows\System32\TaskFlowDataEngine.dll+979ca|C:\Windows\System32\TaskFlowDataEngine.dll+9780b|C:\Windows\System32\TaskFlowDataEngine.dll+945b6|C:\Windows\System32\TaskFlowDataEngine.dll+92ed8|C:\Windows\System32\TaskFlowDataEngine.dll+9d7c1|C:\Windows\System32\shcore.dll+1a8c9|C:\Windows\System32\shcore.dll+1a668|C:\Windows\System32\shcore.dll+19681|C:\Windows\System32\KERNEL32.DLL+17c24|C:\Windows\SYSTEM32\ntdll.dll+6d721,,,,,,,,,,,,,,,,,,,,,,,,,,,,,,,,,,,,,,,,,,,,,,,,,,,,,,,,,,,,,,,,,,,,,,,,,,,,,,,,,,,,,0,0,0,0,0,0,1,True
2021-06-12 01:07:23,565,Microsoft-Windows-Sysmon,{5770385f-c22a-43e0-bf4c-06f5698ffbd9},4,0x8000000000000000,Microsoft-Windows-Sysmon/Operational,WORKSTATION5,2021-06-11T09:07:23.438Z,2021-06-11T09:07:23.438Z,10,"Process accessed:
RuleName: -
UtcTime: 2021-06-12 01:07:23.415
SourceProcessGUID: {e2c04bb9-a70e-60c3-0d61-390000000000}
SourceProcessId: 1320
SourceThreadId: 5620
SourceImage: C:\Windows\Explorer.EXE
TargetProcessGUID: {e2c04bb9-08cb-60c4-eb40-400100000000}
TargetProcessId: 4236
TargetImage: C:\TMP\CreateNamedPipe.exe
GrantedAccess: 0x1000
CallTrace: C:\Windows\SYSTEM32\ntdll.dll+9d364|C:\Windows\System32\KERNELBASE.dll+305ee|C:\Windows\System32\TaskFlowDataEngine.dll+ce360|C:\Windows\System32\TaskFlowDataEngine.dll+97afb|C:\Windows\System32\TaskFlowDataEngine.dll+97796|C:\Windows\System32\TaskFlowDataEngine.dll+945b6|C:\Windows\System32\TaskFlowDataEngine.dll+92ed8|C:\Windows\System32\TaskFlowDataEngine.dll+9d7c1|C:\Windows\System32\shcore.dll+1a8c9|C:\Windows\System32\shcore.dll+1a668|C:\Windows\System32\shcore.dll+19681|C:\Windows\System32\KERNEL32.DLL+17c24|C:\Windows\SYSTEM32\ntdll.dll+6d721",10,-,,0,,,,,,,,,,,,,,,,,,,{e2c04bb9-a70e-60c3-0d61-390000000000},1320,5620.0,C:\Windows\Explorer.EXE,{e2c04bb9-08cb-60c4-eb40-400100000000},4236,C:\TMP\CreateNamedPipe.exe,0x1000,C:\Windows\SYSTEM32\ntdll.dll+9d364|C:\Windows\System32\KERNELBASE.dll+305ee|C:\Windows\System32\TaskFlowDataEngine.dll+ce360|C:\Windows\System32\TaskFlowDataEngine.dll+97afb|C:\Windows\System32\TaskFlowDataEngine.dll+97796|C:\Windows\System32\TaskFlowDataEngine.dll+945b6|C:\Windows\System32\TaskFlowDataEngine.dll+92ed8|C:\Windows\System32\TaskFlowDataEngine.dll+9d7c1|C:\Windows\System32\shcore.dll+1a8c9|C:\Windows\System32\shcore.dll+1a668|C:\Windows\System32\shcore.dll+19681|C:\Windows\System32\KERNEL32.DLL+17c24|C:\Windows\SYSTEM32\ntdll.dll+6d721,,,,,,,,,,,,,,,,,,,,,,,,,,,,,,,,,,,,,,,,,,,,,,,,,,,,,,,,,,,,,,,,,,,,,,,,,,,,,,,,,,,,,0,0,0,0,0,0,1,True
2021-06-12 01:07:23,564,Microsoft-Windows-Sysmon,{5770385f-c22a-43e0-bf4c-06f5698ffbd9},4,0x8000000000000000,Microsoft-Windows-Sysmon/Operational,WORKSTATION5,2021-06-11T09:07:23.438Z,2021-06-11T09:07:23.438Z,10,"Process accessed:
RuleName: -
UtcTime: 2021-06-12 01:07:23.415
SourceProcessGUID: {e2c04bb9-a70e-60c3-0d61-390000000000}
SourceProcessId: 1320
SourceThreadId: 7300
SourceImage: C:\Windows\Explorer.EXE
TargetProcessGUID: {e2c04bb9-08cb-60c4-eb40-400100000000}
TargetProcessId: 4236
TargetImage: C:\TMP\CreateNamedPipe.exe
GrantedAccess: 0x1000
CallTrace: C:\Windows\SYSTEM32\ntdll.dll+9d364|C:\Windows\System32\KERNELBASE.dll+305ee|C:\Windows\system32\twinui.pcshell.dll+c795|C:\Windows\system32\twinui.pcshell.dll+c03c|C:\Windows\system32\twinui.pcshell.dll+7e9a1|C:\Windows\system32\twinui.pcshell.dll+7ba84|C:\Windows\system32\twinui.pcshell.dll+171c3|C:\Windows\system32\twinui.pcshell.dll+57ba2|C:\Windows\system32\twinui.pcshell.dll+590be|C:\Windows\system32\twinui.pcshell.dll+7eaa6|C:\Windows\system32\twinui.pcshell.dll+5bc22|C:\Windows\System32\USER32.dll+15c1d|C:\Windows\System32\USER32.dll+15612|C:\Windows\System32\windows.immersiveshell.serviceprovider.dll+4860|C:\Windows\System32\windows.immersiveshell.serviceprovider.dll+4429|C:\Windows\System32\windows.immersiveshell.serviceprovider.dll+40bf|C:\Windows\System32\KERNEL32.DLL+17c24|C:\Windows\SYSTEM32\ntdll.dll+6d721",10,-,,0,,,,,,,,,,,,,,,,,,,{e2c04bb9-a70e-60c3-0d61-390000000000},1320,7300.0,C:\Windows\Explorer.EXE,{e2c04bb9-08cb-60c4-eb40-400100000000},4236,C:\TMP\CreateNamedPipe.exe,0x1000,C:\Windows\SYSTEM32\ntdll.dll+9d364|C:\Windows\System32\KERNELBASE.dll+305ee|C:\Windows\system32\twinui.pcshell.dll+c795|C:\Windows\system32\twinui.pcshell.dll+c03c|C:\Windows\system32\twinui.pcshell.dll+7e9a1|C:\Windows\system32\twinui.pcshell.dll+7ba84|C:\Windows\system32\twinui.pcshell.dll+171c3|C:\Windows\system32\twinui.pcshell.dll+57ba2|C:\Windows\system32\twinui.pcshell.dll+590be|C:\Windows\system32\twinui.pcshell.dll+7eaa6|C:\Windows\system32\twinui.pcshell.dll+5bc22|C:\Windows\System32\USER32.dll+15c1d|C:\Windows\System32\USER32.dll+15612|C:\Windows\System32\windows.immersiveshell.serviceprovider.dll+4860|C:\Windows\System32\windows.immersiveshell.serviceprovider.dll+4429|C:\Windows\System32\windows.immersiveshell.serviceprovider.dll+40bf|C:\Windows\System32\KERNEL32.DLL+17c24|C:\Windows\SYSTEM32\ntdll.dll+6d721,,,,,,,,,,,,,,,,,,,,,,,,,,,,,,,,,,,,,,,,,,,,,,,,,,,,,,,,,,,,,,,,,,,,,,,,,,,,,,,,,,,,,0,0,0,0,0,0,1,True
2021-06-12 01:07:23,573,Microsoft-Windows-Sysmon,{5770385f-c22a-43e0-bf4c-06f5698ffbd9},4,0x8000000000000000,Microsoft-Windows-Sysmon/Operational,WORKSTATION5,2021-06-11T09:07:23.439Z,2021-06-11T09:07:23.439Z,10,"Process accessed:
RuleName: -
UtcTime: 2021-06-12 01:07:23.431
SourceProcessGUID: {e2c04bb9-a70e-60c3-0d61-390000000000}
SourceProcessId: 1320
SourceThreadId: 7300
SourceImage: C:\Windows\Explorer.EXE
TargetProcessGUID: {e2c04bb9-08cb-60c4-eb40-400100000000}
TargetProcessId: 4236
TargetImage: C:\TMP\CreateNamedPipe.exe
GrantedAccess: 0x1000
CallTrace: C:\Windows\SYSTEM32\ntdll.dll+9d364|C:\Windows\System32\KERNELBASE.dll+305ee|C:\Windows\system32\twinui.pcshell.dll+c795|C:\Windows\system32\twinui.pcshell.dll+c03c|C:\Windows\system32\twinui.pcshell.dll+7e9a1|C:\Windows\system32\twinui.pcshell.dll+7ba84|C:\Windows\system32\twinui.pcshell.dll+171c3|C:\Windows\system32\twinui.pcshell.dll+57ba2|C:\Windows\system32\twinui.pcshell.dll+590be|C:\Windows\system32\twinui.pcshell.dll+7eaa6|C:\Windows\system32\twinui.pcshell.dll+5bc22|C:\Windows\System32\USER32.dll+15c1d|C:\Windows\System32\USER32.dll+15612|C:\Windows\System32\windows.immersiveshell.serviceprovider.dll+4860|C:\Windows\System32\windows.immersiveshell.serviceprovider.dll+4429|C:\Windows\System32\windows.immersiveshell.serviceprovider.dll+40bf|C:\Windows\System32\KERNEL32.DLL+17c24|C:\Windows\SYSTEM32\ntdll.dll+6d721",10,-,,0,,,,,,,,,,,,,,,,,,,{e2c04bb9-a70e-60c3-0d61-390000000000},1320,7300.0,C:\Windows\Explorer.EXE,{e2c04bb9-08cb-60c4-eb40-400100000000},4236,C:\TMP\CreateNamedPipe.exe,0x1000,C:\Windows\SYSTEM32\ntdll.dll+9d364|C:\Windows\System32\KERNELBASE.dll+305ee|C:\Windows\system32\twinui.pcshell.dll+c795|C:\Windows\system32\twinui.pcshell.dll+c03c|C:\Windows\system32\twinui.pcshell.dll+7e9a1|C:\Windows\system32\twinui.pcshell.dll+7ba84|C:\Windows\system32\twinui.pcshell.dll+171c3|C:\Windows\system32\twinui.pcshell.dll+57ba2|C:\Windows\system32\twinui.pcshell.dll+590be|C:\Windows\system32\twinui.pcshell.dll+7eaa6|C:\Windows\system32\twinui.pcshell.dll+5bc22|C:\Windows\System32\USER32.dll+15c1d|C:\Windows\System32\USER32.dll+15612|C:\Windows\System32\windows.immersiveshell.serviceprovider.dll+4860|C:\Windows\System32\windows.immersiveshell.serviceprovider.dll+4429|C:\Windows\System32\windows.immersiveshell.serviceprovider.dll+40bf|C:\Windows\System32\KERNEL32.DLL+17c24|C:\Windows\SYSTEM32\ntdll.dll+6d721,,,,,,,,,,,,,,,,,,,,,,,,,,,,,,,,,,,,,,,,,,,,,,,,,,,,,,,,,,,,,,,,,,,,,,,,,,,,,,,,,,,,,0,0,0,0,0,0,1,True
2021-06-12 01:07:23,563,Microsoft-Windows-Sysmon,{5770385f-c22a-43e0-bf4c-06f5698ffbd9},4,0x8000000000000000,Microsoft-Windows-Sysmon/Operational,WORKSTATION5,2021-06-11T09:07:23.438Z,2021-06-11T09:07:23.438Z,10,"Process accessed:
RuleName: -
UtcTime: 2021-06-12 01:07:23.415
SourceProcessGUID: {e2c04bb9-a70e-60c3-0d61-390000000000}
SourceProcessId: 1320
SourceThreadId: 7300
SourceImage: C:\Windows\Explorer.EXE
TargetProcessGUID: {e2c04bb9-08cb-60c4-eb40-400100000000}
TargetProcessId: 4236
TargetImage: C:\TMP\CreateNamedPipe.exe
GrantedAccess: 0x1000
CallTrace: C:\Windows\SYSTEM32\ntdll.dll+9d364|C:\Windows\System32\KERNELBASE.dll+305ee|C:\Windows\system32\twinui.pcshell.dll+c00f|C:\Windows\system32\twinui.pcshell.dll+7e9a1|C:\Windows\system32\twinui.pcshell.dll+7ba84|C:\Windows\system32\twinui.pcshell.dll+171c3|C:\Windows\system32\twinui.pcshell.dll+57ba2|C:\Windows\system32\twinui.pcshell.dll+590be|C:\Windows\system32\twinui.pcshell.dll+7eaa6|C:\Windows\system32\twinui.pcshell.dll+5bc22|C:\Windows\System32\USER32.dll+15c1d|C:\Windows\System32\USER32.dll+15612|C:\Windows\System32\windows.immersiveshell.serviceprovider.dll+4860|C:\Windows\System32\windows.immersiveshell.serviceprovider.dll+4429|C:\Windows\System32\windows.immersiveshell.serviceprovider.dll+40bf|C:\Windows\System32\KERNEL32.DLL+17c24|C:\Windows\SYSTEM32\ntdll.dll+6d721",10,-,,0,,,,,,,,,,,,,,,,,,,{e2c04bb9-a70e-60c3-0d61-390000000000},1320,7300.0,C:\Windows\Explorer.EXE,{e2c04bb9-08cb-60c4-eb40-400100000000},4236,C:\TMP\CreateNamedPipe.exe,0x1000,C:\Windows\SYSTEM32\ntdll.dll+9d364|C:\Windows\System32\KERNELBASE.dll+305ee|C:\Windows\system32\twinui.pcshell.dll+c00f|C:\Windows\system32\twinui.pcshell.dll+7e9a1|C:\Windows\system32\twinui.pcshell.dll+7ba84|C:\Windows\system32\twinui.pcshell.dll+171c3|C:\Windows\system32\twinui.pcshell.dll+57ba2|C:\Windows\system32\twinui.pcshell.dll+590be|C:\Windows\system32\twinui.pcshell.dll+7eaa6|C:\Windows\system32\twinui.pcshell.dll+5bc22|C:\Windows\System32\USER32.dll+15c1d|C:\Windows\System32\USER32.dll+15612|C:\Windows\System32\windows.immersiveshell.serviceprovider.dll+4860|C:\Windows\System32\windows.immersiveshell.serviceprovider.dll+4429|C:\Windows\System32\windows.immersiveshell.serviceprovider.dll+40bf|C:\Windows\System32\KERNEL32.DLL+17c24|C:\Windows\SYSTEM32\ntdll.dll+6d721,,,,,,,,,,,,,,,,,,,,,,,,,,,,,,,,,,,,,,,,,,,,,,,,,,,,,,,,,,,,,,,,,,,,,,,,,,,,,,,,,,,,,0,0,0,0,0,0,1,True
2021-06-12 01:07:23,586,Microsoft-Windows-Sysmon,{5770385f-c22a-43e0-bf4c-06f5698ffbd9},4,0x8000000000000000,Microsoft-Windows-Sysmon/Operational,WORKSTATION5,2021-06-11T09:07:23.440Z,2021-06-11T09:07:23.440Z,13,"Registry value set:
RuleName: -
EventType: SetValue
UtcTime: 2021-06-12 01:07:23.431
ProcessGuid: {e2c04bb9-a31b-60c3-eb03-000000000000}
ProcessId: 4
Image: System
TargetObject: HKLM\System\CurrentControlSet\Services\bam\State\UserSettings\S-1-5-21-315269454-3320600716-4144796452-500\\Device\HarddiskVolume2\TMP\CreateNamedPipe.exe
Details: Binary Data",13,-,{e2c04bb9-a31b-60c3-eb03-000000000000},4,System,,,,,,,,,,,,,,,,,,,,,,,,,,,,,,,,,,SetValue,HKLM\System\CurrentControlSet\Services\bam\State\UserSettings\S-1-5-21-315269454-3320600716-4144796452-500\\Device\HarddiskVolume2\TMP\CreateNamedPipe.exe,Binary Data,,,,,,,,,,,,,,,,,,,,,,,,,,,,,,,,,,,,,,,,,,,,,,,,,,,,,,,,,,,,,,,,,,,,,,,,,,,0,0,0,0,1,0,2,True
2021-06-12 01:07:23,588,Microsoft-Windows-Sysmon,{5770385f-c22a-43e0-bf4c-06f5698ffbd9},4,0x8000000000000000,Microsoft-Windows-Sysmon/Operational,WORKSTATION5,2021-06-11T09:07:23.445Z,2021-06-11T09:07:23.445Z,10,"Process accessed:
RuleName: -
UtcTime: 2021-06-12 01:07:23.431
SourceProcessGUID: {e2c04bb9-a70e-60c3-0d61-390000000000}
SourceProcessId: 1320
SourceThreadId: 7888
SourceImage: C:\Windows\Explorer.EXE
TargetProcessGUID: {e2c04bb9-08cb-60c4-eb40-400100000000}
TargetProcessId: 4236
TargetImage: C:\TMP\CreateNamedPipe.exe
GrantedAccess: 0x1000
CallTrace: C:\Windows\SYSTEM32\ntdll.dll+9d364|C:\Windows\System32\KERNELBASE.dll+305ee|C:\Windows\System32\TaskFlowDataEngine.dll+ce360|C:\Windows\System32\TaskFlowDataEngine.dll+97afb|C:\Windows\System32\TaskFlowDataEngine.dll+9717f|C:\Windows\System32\TaskFlowDataEngine.dll+96c79|C:\Windows\System32\TaskFlowDataEngine.dll+966a5|C:\Windows\System32\TaskFlowDataEngine.dll+94505|C:\Windows\System32\TaskFlowDataEngine.dll+92ed8|C:\Windows\System32\TaskFlowDataEngine.dll+9d7c1|C:\Windows\System32\shcore.dll+1a8c9|C:\Windows\System32\shcore.dll+1a668|C:\Windows\System32\shcore.dll+19681|C:\Windows\System32\KERNEL32.DLL+17c24|C:\Windows\SYSTEM32\ntdll.dll+6d721",10,-,,0,,,,,,,,,,,,,,,,,,,{e2c04bb9-a70e-60c3-0d61-390000000000},1320,7888.0,C:\Windows\Explorer.EXE,{e2c04bb9-08cb-60c4-eb40-400100000000},4236,C:\TMP\CreateNamedPipe.exe,0x1000,C:\Windows\SYSTEM32\ntdll.dll+9d364|C:\Windows\System32\KERNELBASE.dll+305ee|C:\Windows\System32\TaskFlowDataEngine.dll+ce360|C:\Windows\System32\TaskFlowDataEngine.dll+97afb|C:\Windows\System32\TaskFlowDataEngine.dll+9717f|C:\Windows\System32\TaskFlowDataEngine.dll+96c79|C:\Windows\System32\TaskFlowDataEngine.dll+966a5|C:\Windows\System32\TaskFlowDataEngine.dll+94505|C:\Windows\System32\TaskFlowDataEngine.dll+92ed8|C:\Windows\System32\TaskFlowDataEngine.dll+9d7c1|C:\Windows\System32\shcore.dll+1a8c9|C:\Windows\System32\shcore.dll+1a668|C:\Windows\System32\shcore.dll+19681|C:\Windows\System32\KERNEL32.DLL+17c24|C:\Windows\SYSTEM32\ntdll.dll+6d721,,,,,,,,,,,,,,,,,,,,,,,,,,,,,,,,,,,,,,,,,,,,,,,,,,,,,,,,,,,,,,,,,,,,,,,,,,,,,,,,,,,,,0,0,0,0,1,0,2,True
2021-06-12 01:07:23,418,Microsoft-Windows-Sysmon,{5770385f-c22a-43e0-bf4c-06f5698ffbd9},4,0x8000000000000000,Microsoft-Windows-Sysmon/Operational,WORKSTATION5,2021-06-11T09:07:23.300Z,2021-06-11T09:07:23.300Z,10,"Process accessed:
RuleName: -
UtcTime: 2021-06-12 01:07:23.291
SourceProcessGUID: {e2c04bb9-a3f6-60c3-8600-000000000300}
SourceProcessId: 4752
SourceThreadId: 6660
SourceImage: C:\Windows\system32\wbem\wmiprvse.exe
TargetProcessGUID: {e2c04bb9-08c6-60c4-7d09-000000000300}
TargetProcessId: 6388
TargetImage: C:\Windows\system32\conhost.exe
GrantedAccess: 0x1410
CallTrace: C:\Windows\SYSTEM32\ntdll.dll+9d364|C:\Windows\System32\KERNELBASE.dll+305ee|C:\Windows\system32\wbem\cimwin32.dll+f46e|C:\Windows\system32\wbem\cimwin32.dll+faf5|C:\Windows\SYSTEM32\framedynos.dll+5722|C:\Windows\SYSTEM32\framedynos.dll+6ead|C:\Windows\system32\wbem\wmiprvse.exe+8ad1|C:\Windows\system32\wbem\wmiprvse.exe+8753|C:\Windows\System32\RPCRT4.dll+78553|C:\Windows\System32\RPCRT4.dll+12779|C:\Windows\System32\combase.dll+a8c82|C:\Windows\System32\RPCRT4.dll+5f1db|C:\Windows\System32\combase.dll+2b363|C:\Windows\System32\combase.dll+2b153|C:\Windows\System32\combase.dll+ab606|C:\Windows\System32\combase.dll+2f1aa|C:\Windows\System32\combase.dll+a772d|C:\Windows\System32\combase.dll+423fc|C:\Windows\System32\combase.dll+42e10|C:\Windows\System32\combase.dll+44448|C:\Windows\System32\RPCRT4.dll+598c8|C:\Windows\System32\RPCRT4.dll+48041|C:\Windows\System32\RPCRT4.dll+47b90|C:\Windows\System32\RPCRT4.dll+1c9bf",10,-,,0,,,,,,,,,,,,,,,,,,,{e2c04bb9-a3f6-60c3-8600-000000000300},4752,6660.0,C:\Windows\system32\wbem\wmiprvse.exe,{e2c04bb9-08c6-60c4-7d09-000000000300},6388,C:\Windows\system32\conhost.exe,0x1410,C:\Windows\SYSTEM32\ntdll.dll+9d364|C:\Windows\System32\KERNELBASE.dll+305ee|C:\Windows\system32\wbem\cimwin32.dll+f46e|C:\Windows\system32\wbem\cimwin32.dll+faf5|C:\Windows\SYSTEM32\framedynos.dll+5722|C:\Windows\SYSTEM32\framedynos.dll+6ead|C:\Windows\system32\wbem\wmiprvse.exe+8ad1|C:\Windows\system32\wbem\wmiprvse.exe+8753|C:\Windows\System32\RPCRT4.dll+78553|C:\Windows\System32\RPCRT4.dll+12779|C:\Windows\System32\combase.dll+a8c82|C:\Windows\System32\RPCRT4.dll+5f1db|C:\Windows\System32\combase.dll+2b363|C:\Windows\System32\combase.dll+2b153|C:\Windows\System32\combase.dll+ab606|C:\Windows\System32\combase.dll+2f1aa|C:\Windows\System32\combase.dll+a772d|C:\Windows\System32\combase.dll+423fc|C:\Windows\System32\combase.dll+42e10|C:\Windows\System32\combase.dll+44448|C:\Windows\System32\RPCRT4.dll+598c8|C:\Windows\System32\RPCRT4.dll+48041|C:\Windows\System32\RPCRT4.dll+47b90|C:\Windows\System32\RPCRT4.dll+1c9bf,,,,,,,,,,,,,,,,,,,,,,,,,,,,,,,,,,,,,,,,,,,,,,,,,,,,,,,,,,,,,,,,,,,,,,,,,,,,,,,,,,,,,0,0,0,0,1,0,2,True
2021-06-12 01:07:23,607,Microsoft-Windows-Sysmon,{5770385f-c22a-43e0-bf4c-06f5698ffbd9},4,0x8000000000000000,Microsoft-Windows-Sysmon/Operational,WORKSTATION5,2021-06-11T09:07:23.471Z,2021-06-11T09:07:23.471Z,17,"Pipe Created:
RuleName: -
EventType: CreatePipe
UtcTime: 2021-06-12 01:07:23.470
ProcessGuid: {e2c04bb9-08cb-60c4-eb40-400100000000}
ProcessId: 4236
PipeName: \msagent_fedac123
Image: C:\TMP\CreateNamedPipe.exe",17,-,{e2c04bb9-08cb-60c4-eb40-400100000000},4236,C:\TMP\CreateNamedPipe.exe,,,,,,,,,,,,,,,,,,,,,,,,,,,,,,,,,,CreatePipe,,,\msagent_fedac123,,,,,,,,,,,,,,,,,,,,,,,,,,,,,,,,,,,,,,,,,,,,,,,,,,,,,,,,,,,,,,,,,,,,,,,,,,0,0,0,0,1,0,3,True
2021-06-12 01:07:23,606,Microsoft-Windows-Sysmon,{5770385f-c22a-43e0-bf4c-06f5698ffbd9},4,0x8000000000000000,Microsoft-Windows-Sysmon/Operational,WORKSTATION5,2021-06-11T09:07:23.468Z,2021-06-11T09:07:23.468Z,11,"File created:
RuleName: -
UtcTime: 2021-06-12 01:07:23.467
ProcessGuid: {e2c04bb9-a3ee-60c3-5100-000000000300}
ProcessId: 2288
Image: C:\Windows\system32\svchost.exe
TargetFilename: C:\Windows\Prefetch\TASKKILL.EXE-8F5B2253.pf
CreationUtcTime: 2021-06-11 20:14:08.197",11,-,{e2c04bb9-a3ee-60c3-5100-000000000300},2288,C:\Windows\system32\svchost.exe,,,,,,,,,,,,,,,,,,,,,,,,,,,,,,,C:\Windows\Prefetch\TASKKILL.EXE-8F5B2253.pf,,2021-06-11 20:14:08.197,,,,,,,,,,,,,,,,,,,,,,,,,,,,,,,,,,,,,,,,,,,,,,,,,,,,,,,,,,,,,,,,,,,,,,,,,,,,,,0,0,0,0,1,0,4,True
2021-06-12 01:07:23,605,Microsoft-Windows-Sysmon,{5770385f-c22a-43e0-bf4c-06f5698ffbd9},4,0x8000000000000000,Microsoft-Windows-Sysmon/Operational,WORKSTATION5,2021-06-11T09:07:23.468Z,2021-06-11T09:07:23.468Z,26,"File Delete logged:
RuleName: -
UtcTime: 2021-06-12 01:07:23.467
ProcessGuid: {e2c04bb9-a3ee-60c3-5100-000000000300}
ProcessId: 2288
User: NT AUTHORITY\SYSTEM
Image: C:\Windows\system32\svchost.exe
TargetFilename: C:\Windows\Prefetch\TASKKILL.EXE-8F5B2253.pf
Hashes: SHA1=4229A22C8D4EF41DD195AF32AC74402E213F689D,MD5=29D031C3B8DFA2B863E57F7C5EB1AD80,SHA256=E7B6CC926FE91E9E5DFF75EFA0B7B0688DA3B65E745914A6BE3BA4A57AC5D4A6,IMPHASH=00000000000000000000000000000000
IsExecutable: false",26,-,{e2c04bb9-a3ee-60c3-5100-000000000300},2288,C:\Windows\system32\svchost.exe,,,,,,,,NT AUTHORITY\SYSTEM,,,,,"SHA1=4229A22C8D4EF41DD195AF32AC74402E213F689D,MD5=29D031C3B8DFA2B863E57F7C5EB1AD80,SHA256=E7B6CC926FE91E9E5DFF75EFA0B7B0688DA3B65E745914A6BE3BA4A57AC5D4A6,IMPHASH=00000000000000000000000000000000",,,,,,,,,,,,,,,,,,C:\Windows\Prefetch\TASKKILL.EXE-8F5B2253.pf,False,,,,,,,,,,,,,,,,,,,,,,,,,,,,,,,,,,,,,,,,,,,,,,,,,,,,,,,,,,,,,,,,,,,,,,,,,,,,,,,0,0,0,0,0,0,3,True
2021-06-12 01:07:23,604,Microsoft-Windows-Sysmon,{5770385f-c22a-43e0-bf4c-06f5698ffbd9},4,0x8000000000000000,Microsoft-Windows-Sysmon/Operational,WORKSTATION5,2021-06-11T09:07:23.467Z,2021-06-11T09:07:23.467Z,7,"Image loaded:
RuleName: -
UtcTime: 2021-06-12 01:07:23.466
ProcessGuid: {e2c04bb9-08cb-60c4-eb40-400100000000}
ProcessId: 4236
Image: C:\TMP\CreateNamedPipe.exe
ImageLoaded: C:\Windows\System32\umpdc.dll
FileVersion: -
Description: -
Product: -
Company: -
OriginalFileName: -
Hashes: SHA1=6ABB78FB1614C12E3E9FFF3DE98B0E13E79201D9,MD5=B9A75ED4500DD953DF172FE6F63578E8,SHA256=709B99BA1DFEF6D9B2483F37D242B12F29B1E1ADE13E338B4D7041C55B55204B,IMPHASH=5A0FF5293A05BFEBAE6F2C9C302FC5E7
Signed: true
Signature: Microsoft Windows
SignatureStatus: Valid",7,-,{e2c04bb9-08cb-60c4-eb40-400100000000},4236,C:\TMP\CreateNamedPipe.exe,-,-,-,-,-,,,,,,,,"SHA1=6ABB78FB1614C12E3E9FFF3DE98B0E13E79201D9,MD5=B9A75ED4500DD953DF172FE6F63578E8,SHA256=709B99BA1DFEF6D9B2483F37D242B12F29B1E1ADE13E338B4D7041C55B55204B,IMPHASH=5A0FF5293A05BFEBAE6F2C9C302FC5E7",,,,,,,,,,,,,,C:\Windows\System32\umpdc.dll,True,Microsoft Windows,Valid,,,,,,,,,,,,,,,,,,,,,,,,,,,,,,,,,,,,,,,,,,,,,,,,,,,,,,,,,,,,,,,,,,,,,,,,,,,,,,,,,0,0,0,0,0,0,3,True
2021-06-12 01:07:23,603,Microsoft-Windows-Sysmon,{5770385f-c22a-43e0-bf4c-06f5698ffbd9},4,0x8000000000000000,Microsoft-Windows-Sysmon/Operational,WORKSTATION5,2021-06-11T09:07:23.467Z,2021-06-11T09:07:23.467Z,7,"Image loaded:
RuleName: -
UtcTime: 2021-06-12 01:07:23.465
ProcessGuid: {e2c04bb9-08cb-60c4-eb40-400100000000}
ProcessId: 4236
Image: C:\TMP\CreateNamedPipe.exe
ImageLoaded: C:\Windows\System32\powrprof.dll
FileVersion: 10.0.18362.1 (WinBuild.160101.0800)
Description: Power Profile Helper DLL
Product: Microsoft® Windows® Operating System
Company: Microsoft Corporation
OriginalFileName: POWRPROF.DLL
Hashes: SHA1=30D5ADBC0664977C27B65622F514632581C9AF45,MD5=07B027B1E0B775FAE815E487F28137B9,SHA256=21358CE9A416C7F6DB063095102E91F014BDB85B08A4E783E17234792C9B483A,IMPHASH=817FF4748665EB442F0081A91349F764
Signed: true
Signature: Microsoft Windows
SignatureStatus: Valid",7,-,{e2c04bb9-08cb-60c4-eb40-400100000000},4236,C:\TMP\CreateNamedPipe.exe,10.0.18362.1 (WinBuild.160101.0800),Power Profile Helper DLL,Microsoft® Windows® Operating System,Microsoft Corporation,POWRPROF.DLL,,,,,,,,"SHA1=30D5ADBC0664977C27B65622F514632581C9AF45,MD5=07B027B1E0B775FAE815E487F28137B9,SHA256=21358CE9A416C7F6DB063095102E91F014BDB85B08A4E783E17234792C9B483A,IMPHASH=817FF4748665EB442F0081A91349F764",,,,,,,,,,,,,,C:\Windows\System32\powrprof.dll,True,Microsoft Windows,Valid,,,,,,,,,,,,,,,,,,,,,,,,,,,,,,,,,,,,,,,,,,,,,,,,,,,,,,,,,,,,,,,,,,,,,,,,,,,,,,,,,0,0,0,0,0,0,2,True
2021-06-12 01:07:23,602,Microsoft-Windows-Sysmon,{5770385f-c22a-43e0-bf4c-06f5698ffbd9},4,0x8000000000000000,Microsoft-Windows-Sysmon/Operational,WORKSTATION5,2021-06-11T09:07:23.465Z,2021-06-11T09:07:23.465Z,11,"File created:
RuleName: -
UtcTime: 2021-06-12 01:07:23.462
ProcessGuid: {e2c04bb9-a3ee-60c3-5100-000000000300}
ProcessId: 2288
Image: C:\Windows\system32\svchost.exe
TargetFilename: C:\Windows\Prefetch\CONHOST.EXE-1F3E9D7E.pf
CreationUtcTime: 2021-06-11 17:58:29.620",11,-,{e2c04bb9-a3ee-60c3-5100-000000000300},2288,C:\Windows\system32\svchost.exe,,,,,,,,,,,,,,,,,,,,,,,,,,,,,,,C:\Windows\Prefetch\CONHOST.EXE-1F3E9D7E.pf,,2021-06-11 17:58:29.620,,,,,,,,,,,,,,,,,,,,,,,,,,,,,,,,,,,,,,,,,,,,,,,,,,,,,,,,,,,,,,,,,,,,,,,,,,,,,,0,0,0,0,0,0,2,True
2021-06-12 01:07:23,601,Microsoft-Windows-Sysmon,{5770385f-c22a-43e0-bf4c-06f5698ffbd9},4,0x8000000000000000,Microsoft-Windows-Sysmon/Operational,WORKSTATION5,2021-06-11T09:07:23.464Z,2021-06-11T09:07:23.464Z,26,"File Delete logged:
RuleName: -
UtcTime: 2021-06-12 01:07:23.462
ProcessGuid: {e2c04bb9-a3ee-60c3-5100-000000000300}
ProcessId: 2288
User: NT AUTHORITY\SYSTEM
Image: C:\Windows\system32\svchost.exe
TargetFilename: C:\Windows\Prefetch\CONHOST.EXE-1F3E9D7E.pf
Hashes: SHA1=9D4816AC32E6F17DAE0FE0AB03A46A282D0D7A7E,MD5=8C9B60DBCFB01DDEB7514F0207ECB2B1,SHA256=B56ED5199891F560E4288B4EF2783FA2627201171C2F03D86FD8FA45B6011099,IMPHASH=00000000000000000000000000000000
IsExecutable: false",26,-,{e2c04bb9-a3ee-60c3-5100-000000000300},2288,C:\Windows\system32\svchost.exe,,,,,,,,NT AUTHORITY\SYSTEM,,,,,"SHA1=9D4816AC32E6F17DAE0FE0AB03A46A282D0D7A7E,MD5=8C9B60DBCFB01DDEB7514F0207ECB2B1,SHA256=B56ED5199891F560E4288B4EF2783FA2627201171C2F03D86FD8FA45B6011099,IMPHASH=00000000000000000000000000000000",,,,,,,,,,,,,,,,,,C:\Windows\Prefetch\CONHOST.EXE-1F3E9D7E.pf,False,,,,,,,,,,,,,,,,,,,,,,,,,,,,,,,,,,,,,,,,,,,,,,,,,,,,,,,,,,,,,,,,,,,,,,,,,,,,,,,0,0,0,0,0,0,2,True
2021-06-12 01:07:23,600,Microsoft-Windows-Sysmon,{5770385f-c22a-43e0-bf4c-06f5698ffbd9},4,0x8000000000000000,Microsoft-Windows-Sysmon/Operational,WORKSTATION5,2021-06-11T09:07:23.462Z,2021-06-11T09:07:23.462Z,7,"Image loaded:
RuleName: -
UtcTime: 2021-06-12 01:07:23.447
ProcessGuid: {e2c04bb9-08cb-60c4-eb40-400100000000}
ProcessId: 4236
Image: C:\TMP\CreateNamedPipe.exe
ImageLoaded: C:\Windows\System32\ws2_32.dll
FileVersion: 10.0.18362.387 (WinBuild.160101.0800)
Description: Windows Socket 2.0 32-Bit DLL
Product: Microsoft® Windows® Operating System
Company: Microsoft Corporation
OriginalFileName: ws2_32.dll
Hashes: SHA1=0E931ED820C96CCAD23D4AFCB0ACD97C99155D11,MD5=C0F8DA7568D2F1534E0ABB0E69DC3280,SHA256=E419A4BBDF1D5E0601E90BAFC1558DBD7414CD44E098B581C1915EF2C6E38D0B,IMPHASH=70D7A835AF4CA9F98A94AAF1B60BF88F
Signed: true
Signature: Microsoft Windows
SignatureStatus: Valid",7,-,{e2c04bb9-08cb-60c4-eb40-400100000000},4236,C:\TMP\CreateNamedPipe.exe,10.0.18362.387 (WinBuild.160101.0800),Windows Socket 2.0 32-Bit DLL,Microsoft® Windows® Operating System,Microsoft Corporation,ws2_32.dll,,,,,,,,"SHA1=0E931ED820C96CCAD23D4AFCB0ACD97C99155D11,MD5=C0F8DA7568D2F1534E0ABB0E69DC3280,SHA256=E419A4BBDF1D5E0601E90BAFC1558DBD7414CD44E098B581C1915EF2C6E38D0B,IMPHASH=70D7A835AF4CA9F98A94AAF1B60BF88F",,,,,,,,,,,,,,C:\Windows\System32\ws2_32.dll,True,Microsoft Windows,Valid,,,,,,,,,,,,,,,,,,,,,,,,,,,,,,,,,,,,,,,,,,,,,,,,,,,,,,,,,,,,,,,,,,,,,,,,,,,,,,,,,0,0,0,0,0,0,2,True
2021-06-12 01:07:23,587,Microsoft-Windows-Sysmon,{5770385f-c22a-43e0-bf4c-06f5698ffbd9},4,0x8000000000000000,Microsoft-Windows-Sysmon/Operational,WORKSTATION5,2021-06-11T09:07:23.440Z,2021-06-11T09:07:23.440Z,13,"Registry value set:
RuleName: -
EventType: SetValue
UtcTime: 2021-06-12 01:07:23.431
ProcessGuid: {e2c04bb9-a31b-60c3-eb03-000000000000}
ProcessId: 4
Image: System
TargetObject: HKLM\System\CurrentControlSet\Services\bam\State\UserSettings\S-1-5-21-315269454-3320600716-4144796452-500\SequenceNumber
Details: DWORD (0x0000005d)",13,-,{e2c04bb9-a31b-60c3-eb03-000000000000},4,System,,,,,,,,,,,,,,,,,,,,,,,,,,,,,,,,,,SetValue,HKLM\System\CurrentControlSet\Services\bam\State\UserSettings\S-1-5-21-315269454-3320600716-4144796452-500\SequenceNumber,DWORD (0x0000005d),,,,,,,,,,,,,,,,,,,,,,,,,,,,,,,,,,,,,,,,,,,,,,,,,,,,,,,,,,,,,,,,,,,,,,,,,,,0,0,0,0,1,0,3,True
2021-06-12 01:07:23,599,Microsoft-Windows-Sysmon,{5770385f-c22a-43e0-bf4c-06f5698ffbd9},4,0x8000000000000000,Microsoft-Windows-Sysmon/Operational,WORKSTATION5,2021-06-11T09:07:23.462Z,2021-06-11T09:07:23.462Z,7,"Image loaded:
RuleName: -
UtcTime: 2021-06-12 01:07:23.447
ProcessGuid: {e2c04bb9-08cb-60c4-eb40-400100000000}
ProcessId: 4236
Image: C:\TMP\CreateNamedPipe.exe
ImageLoaded: C:\Windows\System32\ucrtbase.dll
FileVersion: 10.0.18362.1110 (WinBuild.160101.0800)
Description: Microsoft® C Runtime Library
Product: Microsoft® Windows® Operating System
Company: Microsoft Corporation
OriginalFileName: ucrtbase.dll
Hashes: SHA1=D10BBE9B65C2C6F8FCA6850D0B79CBC6EF04D691,MD5=126821F73FD9FFCE6E091CF9480E1B60,SHA256=7B28F46F0A09CFD9129109A94B1C16C9C62EEF46C09113C4C585D9BF0E69B2DA,IMPHASH=5AE9A136FAFA10321F3D48251BF4F6A1
Signed: true
Signature: Microsoft Windows
SignatureStatus: Valid",7,-,{e2c04bb9-08cb-60c4-eb40-400100000000},4236,C:\TMP\CreateNamedPipe.exe,10.0.18362.1110 (WinBuild.160101.0800),Microsoft® C Runtime Library,Microsoft® Windows® Operating System,Microsoft Corporation,ucrtbase.dll,,,,,,,,"SHA1=D10BBE9B65C2C6F8FCA6850D0B79CBC6EF04D691,MD5=126821F73FD9FFCE6E091CF9480E1B60,SHA256=7B28F46F0A09CFD9129109A94B1C16C9C62EEF46C09113C4C585D9BF0E69B2DA,IMPHASH=5AE9A136FAFA10321F3D48251BF4F6A1",,,,,,,,,,,,,,C:\Windows\System32\ucrtbase.dll,True,Microsoft Windows,Valid,,,,,,,,,,,,,,,,,,,,,,,,,,,,,,,,,,,,,,,,,,,,,,,,,,,,,,,,,,,,,,,,,,,,,,,,,,,,,,,,,0,0,0,0,1,0,3,True
2021-06-12 01:07:23,597,Microsoft-Windows-Sysmon,{5770385f-c22a-43e0-bf4c-06f5698ffbd9},4,0x8000000000000000,Microsoft-Windows-Sysmon/Operational,WORKSTATION5,2021-06-11T09:07:23.460Z,2021-06-11T09:07:23.460Z,7,"Image loaded:
RuleName: -
UtcTime: 2021-06-12 01:07:23.447
ProcessGuid: {e2c04bb9-08cb-60c4-eb40-400100000000}
ProcessId: 4236
Image: C:\TMP\CreateNamedPipe.exe
ImageLoaded: C:\Windows\System32\winmmbase.dll
FileVersion: 10.0.18362.1 (WinBuild.160101.0800)
Description: Base Multimedia Extension API DLL
Product: Microsoft® Windows® Operating System
Company: Microsoft Corporation
OriginalFileName: WINMMbase.DLL
Hashes: SHA1=81690A25EE76DEFF1E56232F489087B9BD7679C6,MD5=E6450257BA3DF5161684E4C73EBB8F92,SHA256=948F13FE144CD80F93565DED2AC2E96D000869BB2761538996D28942495CB1D7,IMPHASH=573B9CF443320F1F8CA53DB3905ECF4C
Signed: true
Signature: Microsoft Windows
SignatureStatus: Valid",7,-,{e2c04bb9-08cb-60c4-eb40-400100000000},4236,C:\TMP\CreateNamedPipe.exe,10.0.18362.1 (WinBuild.160101.0800),Base Multimedia Extension API DLL,Microsoft® Windows® Operating System,Microsoft Corporation,WINMMbase.DLL,,,,,,,,"SHA1=81690A25EE76DEFF1E56232F489087B9BD7679C6,MD5=E6450257BA3DF5161684E4C73EBB8F92,SHA256=948F13FE144CD80F93565DED2AC2E96D000869BB2761538996D28942495CB1D7,IMPHASH=573B9CF443320F1F8CA53DB3905ECF4C",,,,,,,,,,,,,,C:\Windows\System32\winmmbase.dll,True,Microsoft Windows,Valid,,,,,,,,,,,,,,,,,,,,,,,,,,,,,,,,,,,,,,,,,,,,,,,,,,,,,,,,,,,,,,,,,,,,,,,,,,,,,,,,,0,0,0,0,1,0,3,True
2021-06-12 01:07:23,596,Microsoft-Windows-Sysmon,{5770385f-c22a-43e0-bf4c-06f5698ffbd9},4,0x8000000000000000,Microsoft-Windows-Sysmon/Operational,WORKSTATION5,2021-06-11T09:07:23.458Z,2021-06-11T09:07:23.458Z,7,"Image loaded:
RuleName: -
UtcTime: 2021-06-12 01:07:23.447
ProcessGuid: {e2c04bb9-08cb-60c4-eb40-400100000000}
ProcessId: 4236
Image: C:\TMP\CreateNamedPipe.exe
ImageLoaded: C:\Windows\System32\winmmbase.dll
FileVersion: 10.0.18362.1 (WinBuild.160101.0800)
Description: Base Multimedia Extension API DLL
Product: Microsoft® Windows® Operating System
Company: Microsoft Corporation
OriginalFileName: WINMMbase.DLL
Hashes: SHA1=81690A25EE76DEFF1E56232F489087B9BD7679C6,MD5=E6450257BA3DF5161684E4C73EBB8F92,SHA256=948F13FE144CD80F93565DED2AC2E96D000869BB2761538996D28942495CB1D7,IMPHASH=573B9CF443320F1F8CA53DB3905ECF4C
Signed: true
Signature: Microsoft Windows
SignatureStatus: Valid",7,-,{e2c04bb9-08cb-60c4-eb40-400100000000},4236,C:\TMP\CreateNamedPipe.exe,10.0.18362.1 (WinBuild.160101.0800),Base Multimedia Extension API DLL,Microsoft® Windows® Operating System,Microsoft Corporation,WINMMbase.DLL,,,,,,,,"SHA1=81690A25EE76DEFF1E56232F489087B9BD7679C6,MD5=E6450257BA3DF5161684E4C73EBB8F92,SHA256=948F13FE144CD80F93565DED2AC2E96D000869BB2761538996D28942495CB1D7,IMPHASH=573B9CF443320F1F8CA53DB3905ECF4C",,,,,,,,,,,,,,C:\Windows\System32\winmmbase.dll,True,Microsoft Windows,Valid,,,,,,,,,,,,,,,,,,,,,,,,,,,,,,,,,,,,,,,,,,,,,,,,,,,,,,,,,,,,,,,,,,,,,,,,,,,,,,,,,0,0,0,0,1,0,2,True
2021-06-12 01:07:23,595,Microsoft-Windows-Sysmon,{5770385f-c22a-43e0-bf4c-06f5698ffbd9},4,0x8000000000000000,Microsoft-Windows-Sysmon/Operational,WORKSTATION5,2021-06-11T09:07:23.458Z,2021-06-11T09:07:23.458Z,7,"Image loaded:
RuleName: -
UtcTime: 2021-06-12 01:07:23.447
ProcessGuid: {e2c04bb9-08cb-60c4-eb40-400100000000}
ProcessId: 4236
Image: C:\TMP\CreateNamedPipe.exe
ImageLoaded: C:\Windows\System32\winmm.dll
FileVersion: 10.0.18362.1 (WinBuild.160101.0800)
Description: MCI API DLL
Product: Microsoft® Windows® Operating System
Company: Microsoft Corporation
OriginalFileName: WINMM.DLL
Hashes: SHA1=67E25361DCE72026B1472607EC389040DBAF5E94,MD5=965EB822D0EF8FDA78CCB1F41DEF093D,SHA256=AD43D686930EAE0F57A55EE75D10BD1882747089A291371FFE1E131EB5F76938,IMPHASH=6D0CF242319887A443589CFA0A273333
Signed: true
Signature: Microsoft Windows
SignatureStatus: Valid",7,-,{e2c04bb9-08cb-60c4-eb40-400100000000},4236,C:\TMP\CreateNamedPipe.exe,10.0.18362.1 (WinBuild.160101.0800),MCI API DLL,Microsoft® Windows® Operating System,Microsoft Corporation,WINMM.DLL,,,,,,,,"SHA1=67E25361DCE72026B1472607EC389040DBAF5E94,MD5=965EB822D0EF8FDA78CCB1F41DEF093D,SHA256=AD43D686930EAE0F57A55EE75D10BD1882747089A291371FFE1E131EB5F76938,IMPHASH=6D0CF242319887A443589CFA0A273333",,,,,,,,,,,,,,C:\Windows\System32\winmm.dll,True,Microsoft Windows,Valid,,,,,,,,,,,,,,,,,,,,,,,,,,,,,,,,,,,,,,,,,,,,,,,,,,,,,,,,,,,,,,,,,,,,,,,,,,,,,,,,,0,0,0,0,1,0,2,True
2021-06-12 01:07:23,594,Microsoft-Windows-Sysmon,{5770385f-c22a-43e0-bf4c-06f5698ffbd9},4,0x8000000000000000,Microsoft-Windows-Sysmon/Operational,WORKSTATION5,2021-06-11T09:07:23.457Z,2021-06-11T09:07:23.457Z,7,"Image loaded:
RuleName: -
UtcTime: 2021-06-12 01:07:23.431
ProcessGuid: {e2c04bb9-08cb-60c4-eb40-400100000000}
ProcessId: 4236
Image: C:\TMP\CreateNamedPipe.exe
ImageLoaded: C:\Windows\System32\bcryptprimitives.dll
FileVersion: 10.0.18362.1237 (WinBuild.160101.0800)
Description: Windows Cryptographic Primitives Library
Product: Microsoft® Windows® Operating System
Company: Microsoft Corporation
OriginalFileName: bcryptprimitives.dll
Hashes: SHA1=9EF590B826FD65FD7F6B348604E29873AFE24353,MD5=CFA9891644C90A7739814212C28E9071,SHA256=9DADBB2C0AE4D8DBC3E855F35DF29FA40C0FEC8ABE3B15DAD2F789671A44792C,IMPHASH=496E42068C9391511CF6EE7C54F73A9B
Signed: true
Signature: Microsoft Windows
SignatureStatus: Valid",7,-,{e2c04bb9-08cb-60c4-eb40-400100000000},4236,C:\TMP\CreateNamedPipe.exe,10.0.18362.1237 (WinBuild.160101.0800),Windows Cryptographic Primitives Library,Microsoft® Windows® Operating System,Microsoft Corporation,bcryptprimitives.dll,,,,,,,,"SHA1=9EF590B826FD65FD7F6B348604E29873AFE24353,MD5=CFA9891644C90A7739814212C28E9071,SHA256=9DADBB2C0AE4D8DBC3E855F35DF29FA40C0FEC8ABE3B15DAD2F789671A44792C,IMPHASH=496E42068C9391511CF6EE7C54F73A9B",,,,,,,,,,,,,,C:\Windows\System32\bcryptprimitives.dll,True,Microsoft Windows,Valid,,,,,,,,,,,,,,,,,,,,,,,,,,,,,,,,,,,,,,,,,,,,,,,,,,,,,,,,,,,,,,,,,,,,,,,,,,,,,,,,,0,0,0,0,0,0,1,True
