2021-06-12 01:07:17,59,Microsoft-Windows-Sysmon,{5770385f-c22a-43e0-bf4c-06f5698ffbd9},4,0x8000000000000000,Microsoft-Windows-Sysmon/Operational,WORKSTATION5,2021-06-11T09:07:17.895Z,2021-06-11T09:07:17.895Z,7,"Image loaded:
RuleName: -
UtcTime: 2021-06-12 01:07:17.884
ProcessGuid: {e2c04bb9-08c5-60c4-7a09-000000000300}
ProcessId: 8960
Image: C:\Windows\System32\PING.EXE
ImageLoaded: C:\Windows\System32\rpcrt4.dll
FileVersion: 10.0.18362.1500 (WinBuild.160101.0800)
Description: Remote Procedure Call Runtime
Product: Microsoft® Windows® Operating System
Company: Microsoft Corporation
OriginalFileName: rpcrt4.dll
Hashes: SHA1=6A154351837808744BC8E40F730E9986F3CA9633,MD5=15C59ACA8F5DB60A430F3FABCE8B181C,SHA256=891D6ABD1CDFB5CC0CCD3E208B9A83D1FC7B6EBA84A4160DBC3A53F38C787639,IMPHASH=88E7E7C7FA90052EC162DD37F2B7C7BD
Signed: true
Signature: Microsoft Windows
SignatureStatus: Valid",7,-,{e2c04bb9-08c5-60c4-7a09-000000000300},8960,C:\Windows\System32\PING.EXE,10.0.18362.1500 (WinBuild.160101.0800),Remote Procedure Call Runtime,Microsoft® Windows® Operating System,Microsoft Corporation,rpcrt4.dll,,,,,,,,"SHA1=6A154351837808744BC8E40F730E9986F3CA9633,MD5=15C59ACA8F5DB60A430F3FABCE8B181C,SHA256=891D6ABD1CDFB5CC0CCD3E208B9A83D1FC7B6EBA84A4160DBC3A53F38C787639,IMPHASH=88E7E7C7FA90052EC162DD37F2B7C7BD",,,,,,,,,,,,,,C:\Windows\System32\rpcrt4.dll,True,Microsoft Windows,Valid,,,,,,,,,,,,,,,,,,,,,,,,,,,,,,,,,,,,,,,,,,,,,,,,,,,,,,,,,,,,,,,,,,,,,,,,,,,,,,,,,0,0,0,0,0,0,1,True
2021-06-12 01:07:17,60,Microsoft-Windows-Sysmon,{5770385f-c22a-43e0-bf4c-06f5698ffbd9},4,0x8000000000000000,Microsoft-Windows-Sysmon/Operational,WORKSTATION5,2021-06-11T09:07:17.896Z,2021-06-11T09:07:17.896Z,7,"Image loaded:
RuleName: -
UtcTime: 2021-06-12 01:07:17.884
ProcessGuid: {e2c04bb9-08c5-60c4-7a09-000000000300}
ProcessId: 8960
Image: C:\Windows\System32\PING.EXE
ImageLoaded: C:\Windows\System32\IPHLPAPI.DLL
FileVersion: 10.0.18362.1 (WinBuild.160101.0800)
Description: IP Helper API
Product: Microsoft® Windows® Operating System
Company: Microsoft Corporation
OriginalFileName: iphlpapi.dll
Hashes: SHA1=9414EC114C3389E0A7BC2FD986E00946E1A2A299,MD5=3929147A2A34B0902152C7D0F241B02A,SHA256=AD1C5309AA873F6A284EABE382812868E20C3D3D64197F3E6EF9D015EA060CAA,IMPHASH=6EC28633CC4ECB9F457795DD7E00B34B
Signed: true
Signature: Microsoft Windows
SignatureStatus: Valid",7,-,{e2c04bb9-08c5-60c4-7a09-000000000300},8960,C:\Windows\System32\PING.EXE,10.0.18362.1 (WinBuild.160101.0800),IP Helper API,Microsoft® Windows® Operating System,Microsoft Corporation,iphlpapi.dll,,,,,,,,"SHA1=9414EC114C3389E0A7BC2FD986E00946E1A2A299,MD5=3929147A2A34B0902152C7D0F241B02A,SHA256=AD1C5309AA873F6A284EABE382812868E20C3D3D64197F3E6EF9D015EA060CAA,IMPHASH=6EC28633CC4ECB9F457795DD7E00B34B",,,,,,,,,,,,,,C:\Windows\System32\IPHLPAPI.DLL,True,Microsoft Windows,Valid,,,,,,,,,,,,,,,,,,,,,,,,,,,,,,,,,,,,,,,,,,,,,,,,,,,,,,,,,,,,,,,,,,,,,,,,,,,,,,,,,0,0,0,0,0,0,1,True
2021-06-12 01:07:17,61,Microsoft-Windows-Sysmon,{5770385f-c22a-43e0-bf4c-06f5698ffbd9},4,0x8000000000000000,Microsoft-Windows-Sysmon/Operational,WORKSTATION5,2021-06-11T09:07:17.898Z,2021-06-11T09:07:17.898Z,7,"Image loaded:
RuleName: -
UtcTime: 2021-06-12 01:07:17.884
ProcessGuid: {e2c04bb9-08c5-60c4-7a09-000000000300}
ProcessId: 8960
Image: C:\Windows\System32\PING.EXE
ImageLoaded: C:\Windows\System32\winnsi.dll
FileVersion: 10.0.18362.449 (WinBuild.160101.0800)
Description: Network Store Information RPC interface
Product: Microsoft® Windows® Operating System
Company: Microsoft Corporation
OriginalFileName: winnsi.dll
Hashes: SHA1=1AB85DA55EB2EDA35E6DEBB2D3FBEA21DD2ADA7E,MD5=E85DECB45E7F108270DE6AA993DD5800,SHA256=900FEBC57C68ECB20B1E7B34757B95ACF8CE6541D1DC8D8E2910AE15C52D5581,IMPHASH=AD7C692FA9FCC8C643FD494188DECA65
Signed: true
Signature: Microsoft Windows
SignatureStatus: Valid",7,-,{e2c04bb9-08c5-60c4-7a09-000000000300},8960,C:\Windows\System32\PING.EXE,10.0.18362.449 (WinBuild.160101.0800),Network Store Information RPC interface,Microsoft® Windows® Operating System,Microsoft Corporation,winnsi.dll,,,,,,,,"SHA1=1AB85DA55EB2EDA35E6DEBB2D3FBEA21DD2ADA7E,MD5=E85DECB45E7F108270DE6AA993DD5800,SHA256=900FEBC57C68ECB20B1E7B34757B95ACF8CE6541D1DC8D8E2910AE15C52D5581,IMPHASH=AD7C692FA9FCC8C643FD494188DECA65",,,,,,,,,,,,,,C:\Windows\System32\winnsi.dll,True,Microsoft Windows,Valid,,,,,,,,,,,,,,,,,,,,,,,,,,,,,,,,,,,,,,,,,,,,,,,,,,,,,,,,,,,,,,,,,,,,,,,,,,,,,,,,,0,0,0,0,0,0,1,True
2021-06-12 01:07:17,62,Microsoft-Windows-Sysmon,{5770385f-c22a-43e0-bf4c-06f5698ffbd9},4,0x8000000000000000,Microsoft-Windows-Sysmon/Operational,WORKSTATION5,2021-06-11T09:07:17.898Z,2021-06-11T09:07:17.898Z,7,"Image loaded:
RuleName: -
UtcTime: 2021-06-12 01:07:17.884
ProcessGuid: {e2c04bb9-08c5-60c4-7a09-000000000300}
ProcessId: 8960
Image: C:\Windows\System32\PING.EXE
ImageLoaded: C:\Windows\System32\nsi.dll
FileVersion: 10.0.18362.1171 (WinBuild.160101.0800)
Description: NSI User-mode interface DLL
Product: Microsoft® Windows® Operating System
Company: Microsoft Corporation
OriginalFileName: nsi.dll
Hashes: SHA1=6142069DA145BA30308585C889617548EB0AC04C,MD5=18F6E659E5603EA57E9D587D5FCD7738,SHA256=67BCCBA0642A60FF0F2D55088FE4DEAAE0AAEE86B96E62484C1F991014262A69,IMPHASH=DEFB8C5BB37FCD63DC790B55724FDE42
Signed: true
Signature: Microsoft Windows
SignatureStatus: Valid",7,-,{e2c04bb9-08c5-60c4-7a09-000000000300},8960,C:\Windows\System32\PING.EXE,10.0.18362.1171 (WinBuild.160101.0800),NSI User-mode interface DLL,Microsoft® Windows® Operating System,Microsoft Corporation,nsi.dll,,,,,,,,"SHA1=6142069DA145BA30308585C889617548EB0AC04C,MD5=18F6E659E5603EA57E9D587D5FCD7738,SHA256=67BCCBA0642A60FF0F2D55088FE4DEAAE0AAEE86B96E62484C1F991014262A69,IMPHASH=DEFB8C5BB37FCD63DC790B55724FDE42",,,,,,,,,,,,,,C:\Windows\System32\nsi.dll,True,Microsoft Windows,Valid,,,,,,,,,,,,,,,,,,,,,,,,,,,,,,,,,,,,,,,,,,,,,,,,,,,,,,,,,,,,,,,,,,,,,,,,,,,,,,,,,0,0,0,0,0,0,1,True
2021-06-12 01:07:17,63,Microsoft-Windows-Sysmon,{5770385f-c22a-43e0-bf4c-06f5698ffbd9},4,0x8000000000000000,Microsoft-Windows-Sysmon/Operational,WORKSTATION5,2021-06-11T09:07:17.900Z,2021-06-11T09:07:17.900Z,7,"Image loaded:
RuleName: -
UtcTime: 2021-06-12 01:07:17.884
ProcessGuid: {e2c04bb9-08c5-60c4-7a09-000000000300}
ProcessId: 8960
Image: C:\Windows\System32\PING.EXE
ImageLoaded: C:\Windows\System32\mswsock.dll
FileVersion: 10.0.18362.815 (WinBuild.160101.0800)
Description: Microsoft Windows Sockets 2.0 Service Provider
Product: Microsoft® Windows® Operating System
Company: Microsoft Corporation
OriginalFileName: mswsock.dll
Hashes: SHA1=2E03CA141D735D13491049B4D6C2DC2B928B4C01,MD5=8578F1F72C6550CF62965D520FA7C6E9,SHA256=20008AAB6285FB2B24DE1E72D11654316FF601918FD05B7DF2F9894C64A16956,IMPHASH=E5E26C86BC73F56D7EDD17D98802AA21
Signed: true
Signature: Microsoft Windows
SignatureStatus: Valid",7,-,{e2c04bb9-08c5-60c4-7a09-000000000300},8960,C:\Windows\System32\PING.EXE,10.0.18362.815 (WinBuild.160101.0800),Microsoft Windows Sockets 2.0 Service Provider,Microsoft® Windows® Operating System,Microsoft Corporation,mswsock.dll,,,,,,,,"SHA1=2E03CA141D735D13491049B4D6C2DC2B928B4C01,MD5=8578F1F72C6550CF62965D520FA7C6E9,SHA256=20008AAB6285FB2B24DE1E72D11654316FF601918FD05B7DF2F9894C64A16956,IMPHASH=E5E26C86BC73F56D7EDD17D98802AA21",,,,,,,,,,,,,,C:\Windows\System32\mswsock.dll,True,Microsoft Windows,Valid,,,,,,,,,,,,,,,,,,,,,,,,,,,,,,,,,,,,,,,,,,,,,,,,,,,,,,,,,,,,,,,,,,,,,,,,,,,,,,,,,0,0,0,0,0,0,1,True
2021-06-12 01:07:17,43,Microsoft-Windows-Sysmon,{5770385f-c22a-43e0-bf4c-06f5698ffbd9},4,0x8000000000000000,Microsoft-Windows-Sysmon/Operational,WORKSTATION5,2021-06-11T09:07:17.683Z,2021-06-11T09:07:17.683Z,7,"Image loaded:
RuleName: -
UtcTime: 2021-06-12 01:07:17.681
ProcessGuid: {e2c04bb9-08c5-60c4-7909-000000000300}
ProcessId: 6472
Image: C:\Users\APT-Simulator\Documents\APTSimulator-master\helpers\7z.exe
ImageLoaded: C:\Users\APT-Simulator\Documents\APTSimulator-master\helpers\7z.dll
FileVersion: 16.04
Description: 7z Plugin
Product: 7-Zip
Company: Igor Pavlov
OriginalFileName: 7z.dll
Hashes: SHA1=0B7956D7343877C41F75B2C593258CF6E0E78863,MD5=26DC695A8D549D1C9137C14E6D3B8B4D,SHA256=9ED007AA82E440CEB39A6E105BB1D602A9BC59A4946267BA8DE2F220AA15BC06,IMPHASH=BF0F23560274FE8E79AE2E632566AE8C
Signed: false
Signature: -
SignatureStatus: Unavailable",7,-,{e2c04bb9-08c5-60c4-7909-000000000300},6472,C:\Users\APT-Simulator\Documents\APTSimulator-master\helpers\7z.exe,16.04,7z Plugin,7-Zip,Igor Pavlov,7z.dll,,,,,,,,"SHA1=0B7956D7343877C41F75B2C593258CF6E0E78863,MD5=26DC695A8D549D1C9137C14E6D3B8B4D,SHA256=9ED007AA82E440CEB39A6E105BB1D602A9BC59A4946267BA8DE2F220AA15BC06,IMPHASH=BF0F23560274FE8E79AE2E632566AE8C",,,,,,,,,,,,,,C:\Users\APT-Simulator\Documents\APTSimulator-master\helpers\7z.dll,False,-,Unavailable,,,,,,,,,,,,,,,,,,,,,,,,,,,,,,,,,,,,,,,,,,,,,,,,,,,,,,,,,,,,,,,,,,,,,,,,,,,,,,,,,0,0,0,0,0,0,2,True
2021-06-12 01:07:17,65,Microsoft-Windows-Sysmon,{5770385f-c22a-43e0-bf4c-06f5698ffbd9},4,0x8000000000000000,Microsoft-Windows-Sysmon/Operational,WORKSTATION5,2021-06-11T09:07:17.903Z,2021-06-11T09:07:17.903Z,7,"Image loaded:
RuleName: -
UtcTime: 2021-06-12 01:07:17.900
ProcessGuid: {e2c04bb9-08c5-60c4-7a09-000000000300}
ProcessId: 8960
Image: C:\Windows\System32\PING.EXE
ImageLoaded: C:\Windows\System32\WSHTCPIP.DLL
FileVersion: 10.0.18362.1 (WinBuild.160101.0800)
Description: Winsock2 Helper DLL (TL/IPv4)
Product: Microsoft® Windows® Operating System
Company: Microsoft Corporation
OriginalFileName: wshtcpip.dll
Hashes: SHA1=AC34C11990BA431268F36F6E6F52966241DE660B,MD5=4F44149C861C7CBB6F58EDF285E315A4,SHA256=A4F2A116986094805C270332B852F685E7811259CD2FE38CA009F0548B657B63,IMPHASH=81AF26DA75B32F0CDF22D424213BB9A6
Signed: true
Signature: Microsoft Windows
SignatureStatus: Valid",7,-,{e2c04bb9-08c5-60c4-7a09-000000000300},8960,C:\Windows\System32\PING.EXE,10.0.18362.1 (WinBuild.160101.0800),Winsock2 Helper DLL (TL/IPv4),Microsoft® Windows® Operating System,Microsoft Corporation,wshtcpip.dll,,,,,,,,"SHA1=AC34C11990BA431268F36F6E6F52966241DE660B,MD5=4F44149C861C7CBB6F58EDF285E315A4,SHA256=A4F2A116986094805C270332B852F685E7811259CD2FE38CA009F0548B657B63,IMPHASH=81AF26DA75B32F0CDF22D424213BB9A6",,,,,,,,,,,,,,C:\Windows\System32\WSHTCPIP.DLL,True,Microsoft Windows,Valid,,,,,,,,,,,,,,,,,,,,,,,,,,,,,,,,,,,,,,,,,,,,,,,,,,,,,,,,,,,,,,,,,,,,,,,,,,,,,,,,,0,0,0,0,0,0,2,True
2021-06-12 01:07:17,66,Microsoft-Windows-Sysmon,{5770385f-c22a-43e0-bf4c-06f5698ffbd9},4,0x8000000000000000,Microsoft-Windows-Sysmon/Operational,WORKSTATION5,2021-06-11T09:07:17.904Z,2021-06-11T09:07:17.904Z,7,"Image loaded:
RuleName: -
UtcTime: 2021-06-12 01:07:17.900
ProcessGuid: {e2c04bb9-08c5-60c4-7a09-000000000300}
ProcessId: 8960
Image: C:\Windows\System32\PING.EXE
ImageLoaded: C:\Windows\System32\wship6.dll
FileVersion: 10.0.18362.1 (WinBuild.160101.0800)
Description: Winsock2 Helper DLL (TL/IPv6)
Product: Microsoft® Windows® Operating System
Company: Microsoft Corporation
OriginalFileName: wship6.dll
Hashes: SHA1=AD9AFA80F34E2A2B885DCBBD801101079EC688CB,MD5=CAF5590389B55FEEECA71C40CEABAB07,SHA256=7ED927D22EF10038323CEC61C41760613587FA0250BF3F8D50C6D409BC5839B9,IMPHASH=7950D3E450C85468259854DF6349EEE2
Signed: true
Signature: Microsoft Windows
SignatureStatus: Valid",7,-,{e2c04bb9-08c5-60c4-7a09-000000000300},8960,C:\Windows\System32\PING.EXE,10.0.18362.1 (WinBuild.160101.0800),Winsock2 Helper DLL (TL/IPv6),Microsoft® Windows® Operating System,Microsoft Corporation,wship6.dll,,,,,,,,"SHA1=AD9AFA80F34E2A2B885DCBBD801101079EC688CB,MD5=CAF5590389B55FEEECA71C40CEABAB07,SHA256=7ED927D22EF10038323CEC61C41760613587FA0250BF3F8D50C6D409BC5839B9,IMPHASH=7950D3E450C85468259854DF6349EEE2",,,,,,,,,,,,,,C:\Windows\System32\wship6.dll,True,Microsoft Windows,Valid,,,,,,,,,,,,,,,,,,,,,,,,,,,,,,,,,,,,,,,,,,,,,,,,,,,,,,,,,,,,,,,,,,,,,,,,,,,,,,,,,0,0,0,0,0,0,2,True
2021-06-12 01:07:17,56,Microsoft-Windows-Sysmon,{5770385f-c22a-43e0-bf4c-06f5698ffbd9},4,0x8000000000000000,Microsoft-Windows-Sysmon/Operational,WORKSTATION5,2021-06-11T09:07:17.893Z,2021-06-11T09:07:17.893Z,10,"Process accessed:
RuleName: -
UtcTime: 2021-06-12 01:07:17.884
SourceProcessGUID: {e2c04bb9-d0f0-60c3-0ae0-ec0000000000}
SourceProcessId: 5740
SourceThreadId: 5656
SourceImage: C:\Windows\system32\conhost.exe
TargetProcessGUID: {e2c04bb9-08c5-60c4-7a09-000000000300}
TargetProcessId: 8960
TargetImage: C:\Windows\system32\PING.EXE
GrantedAccess: 0x1FFFFF
CallTrace: C:\Windows\SYSTEM32\ntdll.dll+9d364|C:\Windows\System32\KERNELBASE.dll+305ee|C:\Windows\system32\conhost.exe+1297d|C:\Windows\system32\conhost.exe+12875|C:\Windows\system32\conhost.exe+8ccc|C:\Windows\system32\conhost.exe+f656|C:\Windows\System32\KERNEL32.DLL+17c24|C:\Windows\SYSTEM32\ntdll.dll+6d721",10,-,,0,,,,,,,,,,,,,,,,,,,{e2c04bb9-d0f0-60c3-0ae0-ec0000000000},5740,5656.0,C:\Windows\system32\conhost.exe,{e2c04bb9-08c5-60c4-7a09-000000000300},8960,C:\Windows\system32\PING.EXE,0x1fffff,C:\Windows\SYSTEM32\ntdll.dll+9d364|C:\Windows\System32\KERNELBASE.dll+305ee|C:\Windows\system32\conhost.exe+1297d|C:\Windows\system32\conhost.exe+12875|C:\Windows\system32\conhost.exe+8ccc|C:\Windows\system32\conhost.exe+f656|C:\Windows\System32\KERNEL32.DLL+17c24|C:\Windows\SYSTEM32\ntdll.dll+6d721,,,,,,,,,,,,,,,,,,,,,,,,,,,,,,,,,,,,,,,,,,,,,,,,,,,,,,,,,,,,,,,,,,,,,,,,,,,,,,,,,,,,,0,0,0,0,0,0,3,True
2021-06-12 01:07:17,42,Microsoft-Windows-Sysmon,{5770385f-c22a-43e0-bf4c-06f5698ffbd9},4,0x8000000000000000,Microsoft-Windows-Sysmon/Operational,WORKSTATION5,2021-06-11T09:07:17.680Z,2021-06-11T09:07:17.680Z,7,"Image loaded:
RuleName: -
UtcTime: 2021-06-12 01:07:17.666
ProcessGuid: {e2c04bb9-08c5-60c4-7909-000000000300}
ProcessId: 6472
Image: C:\Users\APT-Simulator\Documents\APTSimulator-master\helpers\7z.exe
ImageLoaded: C:\Windows\System32\imm32.dll
FileVersion: 10.0.18362.387 (WinBuild.160101.0800)
Description: Multi-User Windows IMM32 API Client DLL
Product: Microsoft® Windows® Operating System
Company: Microsoft Corporation
OriginalFileName: imm32
Hashes: SHA1=76BB2AB8D3CB6DB6D23F4771334C9AA9C231B03A,MD5=025CC332EDC4B1A38290F3E36BCEF4FB,SHA256=0FE3C1C575EA1B0257B2EB12527EC35E3004CD88EA5BAEC7095386A9F9EB70AD,IMPHASH=24F54B6761C10BA12481CF6C780605BF
Signed: true
Signature: Microsoft Windows
SignatureStatus: Valid",7,-,{e2c04bb9-08c5-60c4-7909-000000000300},6472,C:\Users\APT-Simulator\Documents\APTSimulator-master\helpers\7z.exe,10.0.18362.387 (WinBuild.160101.0800),Multi-User Windows IMM32 API Client DLL,Microsoft® Windows® Operating System,Microsoft Corporation,imm32,,,,,,,,"SHA1=76BB2AB8D3CB6DB6D23F4771334C9AA9C231B03A,MD5=025CC332EDC4B1A38290F3E36BCEF4FB,SHA256=0FE3C1C575EA1B0257B2EB12527EC35E3004CD88EA5BAEC7095386A9F9EB70AD,IMPHASH=24F54B6761C10BA12481CF6C780605BF",,,,,,,,,,,,,,C:\Windows\System32\imm32.dll,True,Microsoft Windows,Valid,,,,,,,,,,,,,,,,,,,,,,,,,,,,,,,,,,,,,,,,,,,,,,,,,,,,,,,,,,,,,,,,,,,,,,,,,,,,,,,,,0,0,0,0,0,0,3,True
2021-06-12 01:07:17,52,Microsoft-Windows-Sysmon,{5770385f-c22a-43e0-bf4c-06f5698ffbd9},4,0x8000000000000000,Microsoft-Windows-Sysmon/Operational,WORKSTATION5,2021-06-11T09:07:17.891Z,2021-06-11T09:07:17.891Z,7,"Image loaded:
RuleName: -
UtcTime: 2021-06-12 01:07:17.884
ProcessGuid: {e2c04bb9-08c5-60c4-7a09-000000000300}
ProcessId: 8960
Image: C:\Windows\System32\PING.EXE
ImageLoaded: C:\Windows\System32\PING.EXE
FileVersion: 10.0.18362.1 (WinBuild.160101.0800)
Description: TCP/IP Ping Command
Product: Microsoft® Windows® Operating System
Company: Microsoft Corporation
OriginalFileName: ping.exe
Hashes: SHA1=565505D129A019780E351E615A29722AEF479380,MD5=F3F3D2B0196B9A00E91838888E76B5F6,SHA256=E9EF80A7849F1CF02CB5FB8396FF9E270CB9006F30294A52C6490A72B373BE00,IMPHASH=8C3BE1286CDAD6AC1136D0BB6C83FF41
Signed: true
Signature: Microsoft Windows
SignatureStatus: Valid",7,-,{e2c04bb9-08c5-60c4-7a09-000000000300},8960,C:\Windows\System32\PING.EXE,10.0.18362.1 (WinBuild.160101.0800),TCP/IP Ping Command,Microsoft® Windows® Operating System,Microsoft Corporation,ping.exe,,,,,,,,"SHA1=565505D129A019780E351E615A29722AEF479380,MD5=F3F3D2B0196B9A00E91838888E76B5F6,SHA256=E9EF80A7849F1CF02CB5FB8396FF9E270CB9006F30294A52C6490A72B373BE00,IMPHASH=8C3BE1286CDAD6AC1136D0BB6C83FF41",,,,,,,,,,,,,,C:\Windows\System32\PING.EXE,True,Microsoft Windows,Valid,,,,,,,,,,,,,,,,,,,,,,,,,,,,,,,,,,,,,,,,,,,,,,,,,,,,,,,,,,,,,,,,,,,,,,,,,,,,,,,,,0,0,0,0,0,0,3,True
2021-06-12 01:07:17,40,Microsoft-Windows-Sysmon,{5770385f-c22a-43e0-bf4c-06f5698ffbd9},4,0x8000000000000000,Microsoft-Windows-Sysmon/Operational,WORKSTATION5,2021-06-11T09:07:17.677Z,2021-06-11T09:07:17.677Z,7,"Image loaded:
RuleName: -
UtcTime: 2021-06-12 01:07:17.666
ProcessGuid: {e2c04bb9-08c5-60c4-7909-000000000300}
ProcessId: 6472
Image: C:\Users\APT-Simulator\Documents\APTSimulator-master\helpers\7z.exe
ImageLoaded: C:\Windows\System32\msvcrt.dll
FileVersion: 7.0.18362.1 (WinBuild.160101.0800)
Description: Windows NT CRT DLL
Product: Microsoft® Windows® Operating System
Company: Microsoft Corporation
OriginalFileName: msvcrt.dll
Hashes: SHA1=0EA4B3CFB14E49CEC0D42FF0F1FA989E69647A8F,MD5=36354D9B5B0A58A4B9A19103852C00A2,SHA256=E5A863D3F4BFEFED7D73A7B1499F81B7235BC9AE3C108065041BCB8E5446B1BB,IMPHASH=1273683626EBBA703979F188A1E64237
Signed: true
Signature: Microsoft Windows
SignatureStatus: Valid",7,-,{e2c04bb9-08c5-60c4-7909-000000000300},6472,C:\Users\APT-Simulator\Documents\APTSimulator-master\helpers\7z.exe,7.0.18362.1 (WinBuild.160101.0800),Windows NT CRT DLL,Microsoft® Windows® Operating System,Microsoft Corporation,msvcrt.dll,,,,,,,,"SHA1=0EA4B3CFB14E49CEC0D42FF0F1FA989E69647A8F,MD5=36354D9B5B0A58A4B9A19103852C00A2,SHA256=E5A863D3F4BFEFED7D73A7B1499F81B7235BC9AE3C108065041BCB8E5446B1BB,IMPHASH=1273683626EBBA703979F188A1E64237",,,,,,,,,,,,,,C:\Windows\System32\msvcrt.dll,True,Microsoft Windows,Valid,,,,,,,,,,,,,,,,,,,,,,,,,,,,,,,,,,,,,,,,,,,,,,,,,,,,,,,,,,,,,,,,,,,,,,,,,,,,,,,,,0,0,0,0,0,0,3,True
2021-06-12 01:07:17,41,Microsoft-Windows-Sysmon,{5770385f-c22a-43e0-bf4c-06f5698ffbd9},4,0x8000000000000000,Microsoft-Windows-Sysmon/Operational,WORKSTATION5,2021-06-11T09:07:17.677Z,2021-06-11T09:07:17.677Z,7,"Image loaded:
RuleName: -
UtcTime: 2021-06-12 01:07:17.666
ProcessGuid: {e2c04bb9-08c5-60c4-7909-000000000300}
ProcessId: 6472
Image: C:\Users\APT-Simulator\Documents\APTSimulator-master\helpers\7z.exe
ImageLoaded: C:\Windows\System32\sechost.dll
FileVersion: 10.0.18362.1474 (WinBuild.160101.0800)
Description: Host for SCM/SDDL/LSA Lookup APIs
Product: Microsoft® Windows® Operating System
Company: Microsoft Corporation
OriginalFileName: sechost.dll
Hashes: SHA1=9EF4F89E1B8499A251058FA8F6DA30F640D9B249,MD5=F97C22504B6ACA5527DAAD3755BC639E,SHA256=3A2E5DB9DCDB45FF9F731BC1B253862B9DD7710D802D04F12C1AA100C5E5A812,IMPHASH=CE4BD072766253F6A267D0284CA82002
Signed: true
Signature: Microsoft Windows
SignatureStatus: Valid",7,-,{e2c04bb9-08c5-60c4-7909-000000000300},6472,C:\Users\APT-Simulator\Documents\APTSimulator-master\helpers\7z.exe,10.0.18362.1474 (WinBuild.160101.0800),Host for SCM/SDDL/LSA Lookup APIs,Microsoft® Windows® Operating System,Microsoft Corporation,sechost.dll,,,,,,,,"SHA1=9EF4F89E1B8499A251058FA8F6DA30F640D9B249,MD5=F97C22504B6ACA5527DAAD3755BC639E,SHA256=3A2E5DB9DCDB45FF9F731BC1B253862B9DD7710D802D04F12C1AA100C5E5A812,IMPHASH=CE4BD072766253F6A267D0284CA82002",,,,,,,,,,,,,,C:\Windows\System32\sechost.dll,True,Microsoft Windows,Valid,,,,,,,,,,,,,,,,,,,,,,,,,,,,,,,,,,,,,,,,,,,,,,,,,,,,,,,,,,,,,,,,,,,,,,,,,,,,,,,,,0,0,0,0,0,0,3,True
2021-06-12 01:07:17,18,Microsoft-Windows-Sysmon,{5770385f-c22a-43e0-bf4c-06f5698ffbd9},4,0x8000000000000000,Microsoft-Windows-Sysmon/Operational,WORKSTATION5,2021-06-11T09:07:17.661Z,2021-06-11T09:07:17.661Z,5,"Process terminated:
RuleName: -
UtcTime: 2021-06-12 01:07:17.659
ProcessGuid: {e2c04bb9-08c3-60c4-7809-000000000300}
ProcessId: 2164
Image: C:\Windows\System32\PING.EXE",5,-,{e2c04bb9-08c3-60c4-7809-000000000300},2164,C:\Windows\System32\PING.EXE,,,,,,,,,,,,,,,,,,,,,,,,,,,,,,,,,,,,,,,,,,,,,,,,,,,,,,,,,,,,,,,,,,,,,,,,,,,,,,,,,,,,,,,,,,,,,,,,,,,,,,,,,,,,,,,0,0,0,0,0,0,3,True
2021-06-12 01:07:17,19,Microsoft-Windows-Sysmon,{5770385f-c22a-43e0-bf4c-06f5698ffbd9},4,0x8000000000000000,Microsoft-Windows-Sysmon/Operational,WORKSTATION5,2021-06-11T09:07:17.662Z,2021-06-11T09:07:17.662Z,26,"File Delete logged:
RuleName: -
UtcTime: 2021-06-12 01:07:17.659
ProcessGuid: {e2c04bb9-a3ee-60c3-5100-000000000300}
ProcessId: 2288
User: NT AUTHORITY\SYSTEM
Image: C:\Windows\system32\svchost.exe
TargetFilename: C:\Windows\Prefetch\PING.EXE-7E94E73E.pf
Hashes: SHA1=6292D11000AC2585680BBE99A71DCED1EA805E06,MD5=4F23A9EE17A6BC54D6D3EB23D6DFB6D1,SHA256=8FD46507429CE9FD5D7865B23D8849991086BFE6743A57BB71D780FCADD7F848,IMPHASH=00000000000000000000000000000000
IsExecutable: false",26,-,{e2c04bb9-a3ee-60c3-5100-000000000300},2288,C:\Windows\system32\svchost.exe,,,,,,,,NT AUTHORITY\SYSTEM,,,,,"SHA1=6292D11000AC2585680BBE99A71DCED1EA805E06,MD5=4F23A9EE17A6BC54D6D3EB23D6DFB6D1,SHA256=8FD46507429CE9FD5D7865B23D8849991086BFE6743A57BB71D780FCADD7F848,IMPHASH=00000000000000000000000000000000",,,,,,,,,,,,,,,,,,C:\Windows\Prefetch\PING.EXE-7E94E73E.pf,False,,,,,,,,,,,,,,,,,,,,,,,,,,,,,,,,,,,,,,,,,,,,,,,,,,,,,,,,,,,,,,,,,,,,,,,,,,,,,,,0,0,0,0,0,0,4,True
2021-06-12 01:07:17,20,Microsoft-Windows-Sysmon,{5770385f-c22a-43e0-bf4c-06f5698ffbd9},4,0x8000000000000000,Microsoft-Windows-Sysmon/Operational,WORKSTATION5,2021-06-11T09:07:17.663Z,2021-06-11T09:07:17.663Z,11,"File created:
RuleName: -
UtcTime: 2021-06-12 01:07:17.659
ProcessGuid: {e2c04bb9-a3ee-60c3-5100-000000000300}
ProcessId: 2288
Image: C:\Windows\system32\svchost.exe
TargetFilename: C:\Windows\Prefetch\PING.EXE-7E94E73E.pf
CreationUtcTime: 2021-06-11 20:19:10.589",11,-,{e2c04bb9-a3ee-60c3-5100-000000000300},2288,C:\Windows\system32\svchost.exe,,,,,,,,,,,,,,,,,,,,,,,,,,,,,,,C:\Windows\Prefetch\PING.EXE-7E94E73E.pf,,2021-06-11 20:19:10.589,,,,,,,,,,,,,,,,,,,,,,,,,,,,,,,,,,,,,,,,,,,,,,,,,,,,,,,,,,,,,,,,,,,,,,,,,,,,,,0,0,0,0,0,0,3,True
2021-06-12 01:07:17,22,Microsoft-Windows-Sysmon,{5770385f-c22a-43e0-bf4c-06f5698ffbd9},4,0x8000000000000000,Microsoft-Windows-Sysmon/Operational,WORKSTATION5,2021-06-11T09:07:17.668Z,2021-06-11T09:07:17.668Z,10,"Process accessed:
RuleName: -
UtcTime: 2021-06-12 01:07:17.666
SourceProcessGUID: {e2c04bb9-d0f0-60c3-48da-ec0000000000}
SourceProcessId: 5632
SourceThreadId: 5336
SourceImage: C:\Windows\system32\cmd.exe
TargetProcessGUID: {e2c04bb9-08c5-60c4-7909-000000000300}
TargetProcessId: 6472
TargetImage: C:\Users\APT-Simulator\Documents\APTSimulator-master\helpers\7z.exe
GrantedAccess: 0x1FFFFF
CallTrace: C:\Windows\SYSTEM32\ntdll.dll+9e714|C:\Windows\System32\KERNELBASE.dll+59e0a|C:\Windows\System32\KERNELBASE.dll+567a6|C:\Windows\System32\KERNEL32.DLL+1bee3|C:\Windows\system32\cmd.exe+1350b|C:\Windows\system32\cmd.exe+14a07|C:\Windows\system32\cmd.exe+c0d1|C:\Windows\system32\cmd.exe+b5f1|C:\Windows\system32\cmd.exe+c6e4|C:\Windows\system32\cmd.exe+913e|C:\Windows\system32\cmd.exe+93b3|C:\Windows\system32\cmd.exe+92dd|C:\Windows\system32\cmd.exe+bf92|C:\Windows\system32\cmd.exe+b5f1|C:\Windows\system32\cmd.exe+c6e4|C:\Windows\system32\cmd.exe+913e|C:\Windows\system32\cmd.exe+14a70|C:\Windows\system32\cmd.exe+c0d1|C:\Windows\system32\cmd.exe+b5f1|C:\Windows\system32\cmd.exe+1de6b|C:\Windows\system32\cmd.exe+1821d|C:\Windows\System32\KERNEL32.DLL+17c24|C:\Windows\SYSTEM32\ntdll.dll+6d721",10,-,,0,,,,,,,,,,,,,,,,,,,{e2c04bb9-d0f0-60c3-48da-ec0000000000},5632,5336.0,C:\Windows\system32\cmd.exe,{e2c04bb9-08c5-60c4-7909-000000000300},6472,C:\Users\APT-Simulator\Documents\APTSimulator-master\helpers\7z.exe,0x1fffff,C:\Windows\SYSTEM32\ntdll.dll+9e714|C:\Windows\System32\KERNELBASE.dll+59e0a|C:\Windows\System32\KERNELBASE.dll+567a6|C:\Windows\System32\KERNEL32.DLL+1bee3|C:\Windows\system32\cmd.exe+1350b|C:\Windows\system32\cmd.exe+14a07|C:\Windows\system32\cmd.exe+c0d1|C:\Windows\system32\cmd.exe+b5f1|C:\Windows\system32\cmd.exe+c6e4|C:\Windows\system32\cmd.exe+913e|C:\Windows\system32\cmd.exe+93b3|C:\Windows\system32\cmd.exe+92dd|C:\Windows\system32\cmd.exe+bf92|C:\Windows\system32\cmd.exe+b5f1|C:\Windows\system32\cmd.exe+c6e4|C:\Windows\system32\cmd.exe+913e|C:\Windows\system32\cmd.exe+14a70|C:\Windows\system32\cmd.exe+c0d1|C:\Windows\system32\cmd.exe+b5f1|C:\Windows\system32\cmd.exe+1de6b|C:\Windows\system32\cmd.exe+1821d|C:\Windows\System32\KERNEL32.DLL+17c24|C:\Windows\SYSTEM32\ntdll.dll+6d721,,,,,,,,,,,,,,,,,,,,,,,,,,,,,,,,,,,,,,,,,,,,,,,,,,,,,,,,,,,,,,,,,,,,,,,,,,,,,,,,,,,,,0,0,0,0,0,0,4,True
2021-06-12 01:07:17,23,Microsoft-Windows-Sysmon,{5770385f-c22a-43e0-bf4c-06f5698ffbd9},4,0x8000000000000000,Microsoft-Windows-Sysmon/Operational,WORKSTATION5,2021-06-11T09:07:17.668Z,2021-06-11T09:07:17.668Z,10,"Process accessed:
RuleName: -
UtcTime: 2021-06-12 01:07:17.666
SourceProcessGUID: {e2c04bb9-a703-60c3-b501-000000000300}
SourceProcessId: 1876
SourceThreadId: 5780
SourceImage: C:\Windows\system32\csrss.exe
TargetProcessGUID: {e2c04bb9-08c5-60c4-7909-000000000300}
TargetProcessId: 6472
TargetImage: C:\Users\APT-Simulator\Documents\APTSimulator-master\helpers\7z.exe
GrantedAccess: 0x1FFFFF
CallTrace: C:\Windows\SYSTEM32\ntdll.dll+9d364|C:\Windows\system32\basesrv.DLL+2fba|C:\Windows\SYSTEM32\CSRSRV.dll+5af4|C:\Windows\SYSTEM32\ntdll.dll+6d72f",10,-,,0,,,,,,,,,,,,,,,,,,,{e2c04bb9-a703-60c3-b501-000000000300},1876,5780.0,C:\Windows\system32\csrss.exe,{e2c04bb9-08c5-60c4-7909-000000000300},6472,C:\Users\APT-Simulator\Documents\APTSimulator-master\helpers\7z.exe,0x1fffff,C:\Windows\SYSTEM32\ntdll.dll+9d364|C:\Windows\system32\basesrv.DLL+2fba|C:\Windows\SYSTEM32\CSRSRV.dll+5af4|C:\Windows\SYSTEM32\ntdll.dll+6d72f,,,,,,,,,,,,,,,,,,,,,,,,,,,,,,,,,,,,,,,,,,,,,,,,,,,,,,,,,,,,,,,,,,,,,,,,,,,,,,,,,,,,,0,0,0,0,0,0,3,True
2021-06-12 01:07:17,24,Microsoft-Windows-Sysmon,{5770385f-c22a-43e0-bf4c-06f5698ffbd9},4,0x8000000000000000,Microsoft-Windows-Sysmon/Operational,WORKSTATION5,2021-06-11T09:07:17.669Z,2021-06-11T09:07:17.669Z,7,"Image loaded:
RuleName: -
UtcTime: 2021-06-12 01:07:17.666
ProcessGuid: {e2c04bb9-08c5-60c4-7909-000000000300}
ProcessId: 6472
Image: C:\Users\APT-Simulator\Documents\APTSimulator-master\helpers\7z.exe
ImageLoaded: C:\Users\APT-Simulator\Documents\APTSimulator-master\helpers\7z.exe
FileVersion: 16.04
Description: 7-Zip Console
Product: 7-Zip
Company: Igor Pavlov
OriginalFileName: 7z.exe
Hashes: SHA1=A67D3B35743F6CA383673A3848B8C97EC164CC0D,MD5=3E797119E0FD64297CB82794B8D68EDD,SHA256=C7245E21A7553D9E52D434002A401C77A7CA7D0F245F2311B0DDF16F8F946C6F,IMPHASH=06CCDA30750899D24EC1383D46A36E65
Signed: false
Signature: -
SignatureStatus: Unavailable",7,-,{e2c04bb9-08c5-60c4-7909-000000000300},6472,C:\Users\APT-Simulator\Documents\APTSimulator-master\helpers\7z.exe,16.04,7-Zip Console,7-Zip,Igor Pavlov,7z.exe,,,,,,,,"SHA1=A67D3B35743F6CA383673A3848B8C97EC164CC0D,MD5=3E797119E0FD64297CB82794B8D68EDD,SHA256=C7245E21A7553D9E52D434002A401C77A7CA7D0F245F2311B0DDF16F8F946C6F,IMPHASH=06CCDA30750899D24EC1383D46A36E65",,,,,,,,,,,,,,C:\Users\APT-Simulator\Documents\APTSimulator-master\helpers\7z.exe,False,-,Unavailable,,,,,,,,,,,,,,,,,,,,,,,,,,,,,,,,,,,,,,,,,,,,,,,,,,,,,,,,,,,,,,,,,,,,,,,,,,,,,,,,,0,0,0,0,0,0,3,True
2021-06-12 01:07:17,25,Microsoft-Windows-Sysmon,{5770385f-c22a-43e0-bf4c-06f5698ffbd9},4,0x8000000000000000,Microsoft-Windows-Sysmon/Operational,WORKSTATION5,2021-06-11T09:07:17.670Z,2021-06-11T09:07:17.670Z,7,"Image loaded:
RuleName: -
UtcTime: 2021-06-12 01:07:17.666
ProcessGuid: {e2c04bb9-08c5-60c4-7909-000000000300}
ProcessId: 6472
Image: C:\Users\APT-Simulator\Documents\APTSimulator-master\helpers\7z.exe
ImageLoaded: C:\Windows\System32\ntdll.dll
FileVersion: 10.0.18362.1533 (WinBuild.160101.0800)
Description: NT Layer DLL
Product: Microsoft® Windows® Operating System
Company: Microsoft Corporation
OriginalFileName: ntdll.dll
Hashes: SHA1=8D671C93CC5C877983AB6D58A59E3E64891128EB,MD5=B823DFC17253F0DA93DE2DB5FEAD520A,SHA256=B0EA79AEEA90EFAE83E7F5F8812F307D52C4BA3F559E409CB6364E90BC69269D,IMPHASH=00000000000000000000000000000000
Signed: true
Signature: Microsoft Windows
SignatureStatus: Valid",7,-,{e2c04bb9-08c5-60c4-7909-000000000300},6472,C:\Users\APT-Simulator\Documents\APTSimulator-master\helpers\7z.exe,10.0.18362.1533 (WinBuild.160101.0800),NT Layer DLL,Microsoft® Windows® Operating System,Microsoft Corporation,ntdll.dll,,,,,,,,"SHA1=8D671C93CC5C877983AB6D58A59E3E64891128EB,MD5=B823DFC17253F0DA93DE2DB5FEAD520A,SHA256=B0EA79AEEA90EFAE83E7F5F8812F307D52C4BA3F559E409CB6364E90BC69269D,IMPHASH=00000000000000000000000000000000",,,,,,,,,,,,,,C:\Windows\System32\ntdll.dll,True,Microsoft Windows,Valid,,,,,,,,,,,,,,,,,,,,,,,,,,,,,,,,,,,,,,,,,,,,,,,,,,,,,,,,,,,,,,,,,,,,,,,,,,,,,,,,,0,0,0,0,0,0,3,True
2021-06-12 01:07:17,26,Microsoft-Windows-Sysmon,{5770385f-c22a-43e0-bf4c-06f5698ffbd9},4,0x8000000000000000,Microsoft-Windows-Sysmon/Operational,WORKSTATION5,2021-06-11T09:07:17.670Z,2021-06-11T09:07:17.670Z,7,"Image loaded:
RuleName: -
UtcTime: 2021-06-12 01:07:17.666
ProcessGuid: {e2c04bb9-08c5-60c4-7909-000000000300}
ProcessId: 6472
Image: C:\Users\APT-Simulator\Documents\APTSimulator-master\helpers\7z.exe
ImageLoaded: C:\Windows\System32\kernel32.dll
FileVersion: 10.0.18362.1500 (WinBuild.160101.0800)
Description: Windows NT BASE API Client DLL
Product: Microsoft® Windows® Operating System
Company: Microsoft Corporation
OriginalFileName: kernel32
Hashes: SHA1=70D4E25E30AFE0716141B8AC1B757A95740002D2,MD5=B14CD8F455D772BD153AF48ED33FF48E,SHA256=562F1B7198A9EB3920A218D0A020E998CD52FF8A02A34A76564092F86AC70A44,IMPHASH=D3645703895C4EBB8EA5B9B26816A081
Signed: true
Signature: Microsoft Windows
SignatureStatus: Valid",7,-,{e2c04bb9-08c5-60c4-7909-000000000300},6472,C:\Users\APT-Simulator\Documents\APTSimulator-master\helpers\7z.exe,10.0.18362.1500 (WinBuild.160101.0800),Windows NT BASE API Client DLL,Microsoft® Windows® Operating System,Microsoft Corporation,kernel32,,,,,,,,"SHA1=70D4E25E30AFE0716141B8AC1B757A95740002D2,MD5=B14CD8F455D772BD153AF48ED33FF48E,SHA256=562F1B7198A9EB3920A218D0A020E998CD52FF8A02A34A76564092F86AC70A44,IMPHASH=D3645703895C4EBB8EA5B9B26816A081",,,,,,,,,,,,,,C:\Windows\System32\kernel32.dll,True,Microsoft Windows,Valid,,,,,,,,,,,,,,,,,,,,,,,,,,,,,,,,,,,,,,,,,,,,,,,,,,,,,,,,,,,,,,,,,,,,,,,,,,,,,,,,,0,0,0,0,0,0,2,True
2021-06-12 01:07:17,27,Microsoft-Windows-Sysmon,{5770385f-c22a-43e0-bf4c-06f5698ffbd9},4,0x8000000000000000,Microsoft-Windows-Sysmon/Operational,WORKSTATION5,2021-06-11T09:07:17.670Z,2021-06-11T09:07:17.670Z,7,"Image loaded:
RuleName: -
UtcTime: 2021-06-12 01:07:17.666
ProcessGuid: {e2c04bb9-08c5-60c4-7909-000000000300}
ProcessId: 6472
Image: C:\Users\APT-Simulator\Documents\APTSimulator-master\helpers\7z.exe
ImageLoaded: C:\Windows\System32\KernelBase.dll
FileVersion: 10.0.18362.1474 (WinBuild.160101.0800)
Description: Windows NT BASE API Client DLL
Product: Microsoft® Windows® Operating System
Company: Microsoft Corporation
OriginalFileName: Kernelbase.dll
Hashes: SHA1=568E892FA3286C72BC89867B182CE76800018964,MD5=E562EC4C5C939BF4CA506E288A54CC02,SHA256=60827CB832FDC137A3F9146AE666CDE3EA4B2D94CAE289D4A33B6D1D363656D3,IMPHASH=16003AF856720C35351BB8C14AD0B0A8
Signed: true
Signature: Microsoft Windows
SignatureStatus: Valid",7,-,{e2c04bb9-08c5-60c4-7909-000000000300},6472,C:\Users\APT-Simulator\Documents\APTSimulator-master\helpers\7z.exe,10.0.18362.1474 (WinBuild.160101.0800),Windows NT BASE API Client DLL,Microsoft® Windows® Operating System,Microsoft Corporation,Kernelbase.dll,,,,,,,,"SHA1=568E892FA3286C72BC89867B182CE76800018964,MD5=E562EC4C5C939BF4CA506E288A54CC02,SHA256=60827CB832FDC137A3F9146AE666CDE3EA4B2D94CAE289D4A33B6D1D363656D3,IMPHASH=16003AF856720C35351BB8C14AD0B0A8",,,,,,,,,,,,,,C:\Windows\System32\KernelBase.dll,True,Microsoft Windows,Valid,,,,,,,,,,,,,,,,,,,,,,,,,,,,,,,,,,,,,,,,,,,,,,,,,,,,,,,,,,,,,,,,,,,,,,,,,,,,,,,,,0,0,0,0,0,0,2,True
2021-06-12 01:07:17,28,Microsoft-Windows-Sysmon,{5770385f-c22a-43e0-bf4c-06f5698ffbd9},4,0x8000000000000000,Microsoft-Windows-Sysmon/Operational,WORKSTATION5,2021-06-11T09:07:17.671Z,2021-06-11T09:07:17.671Z,10,"Process accessed:
RuleName: -
UtcTime: 2021-06-12 01:07:17.666
SourceProcessGUID: {e2c04bb9-d0f0-60c3-0ae0-ec0000000000}
SourceProcessId: 5740
SourceThreadId: 5656
SourceImage: C:\Windows\system32\conhost.exe
TargetProcessGUID: {e2c04bb9-08c5-60c4-7909-000000000300}
TargetProcessId: 6472
TargetImage: C:\Users\APT-Simulator\Documents\APTSimulator-master\helpers\7z.exe
GrantedAccess: 0x1FFFFF
CallTrace: C:\Windows\SYSTEM32\ntdll.dll+9d364|C:\Windows\System32\KERNELBASE.dll+305ee|C:\Windows\system32\conhost.exe+1297d|C:\Windows\system32\conhost.exe+12875|C:\Windows\system32\conhost.exe+8ccc|C:\Windows\system32\conhost.exe+f656|C:\Windows\System32\KERNEL32.DLL+17c24|C:\Windows\SYSTEM32\ntdll.dll+6d721",10,-,,0,,,,,,,,,,,,,,,,,,,{e2c04bb9-d0f0-60c3-0ae0-ec0000000000},5740,5656.0,C:\Windows\system32\conhost.exe,{e2c04bb9-08c5-60c4-7909-000000000300},6472,C:\Users\APT-Simulator\Documents\APTSimulator-master\helpers\7z.exe,0x1fffff,C:\Windows\SYSTEM32\ntdll.dll+9d364|C:\Windows\System32\KERNELBASE.dll+305ee|C:\Windows\system32\conhost.exe+1297d|C:\Windows\system32\conhost.exe+12875|C:\Windows\system32\conhost.exe+8ccc|C:\Windows\system32\conhost.exe+f656|C:\Windows\System32\KERNEL32.DLL+17c24|C:\Windows\SYSTEM32\ntdll.dll+6d721,,,,,,,,,,,,,,,,,,,,,,,,,,,,,,,,,,,,,,,,,,,,,,,,,,,,,,,,,,,,,,,,,,,,,,,,,,,,,,,,,,,,,0,0,0,0,0,0,2,True
2021-06-12 01:07:17,21,Microsoft-Windows-Sysmon,{5770385f-c22a-43e0-bf4c-06f5698ffbd9},4,0x8000000000000000,Microsoft-Windows-Sysmon/Operational,WORKSTATION5,2021-06-11T09:07:17.668Z,2021-06-11T09:07:17.668Z,1,"Process Create:
RuleName: -
UtcTime: 2021-06-12 01:07:17.666
ProcessGuid: {e2c04bb9-08c5-60c4-8619-400100000000}
ProcessId: 6472
Image: C:\Users\APT-Simulator\Documents\APTSimulator-master\helpers\7z.exe
FileVersion: 16.04
Description: 7-Zip Console
Product: 7-Zip
Company: Igor Pavlov
OriginalFileName: 7z.exe
CommandLine: ""C:\Users\APT-Simulator\Documents\APTSimulator-master\\helpers\7z.exe""  e -paptsimulator ""C:\Users\APT-Simulator\Documents\APTSimulator-master\\enc-toolset.7z"" -aoa -o""C:\TMP"" toolset\CreateNamedPipe.exe 
CurrentDirectory: C:\Users\APT-Simulator\Documents\APTSimulator-master\
User: WORKSTATION5\APT-Simulator
LogonGuid: {e2c04bb9-a708-60c3-fb19-370000000000}
LogonId: 0x3719FB
TerminalSessionId: 2
IntegrityLevel: High
Hashes: SHA1=A67D3B35743F6CA383673A3848B8C97EC164CC0D,MD5=3E797119E0FD64297CB82794B8D68EDD,SHA256=C7245E21A7553D9E52D434002A401C77A7CA7D0F245F2311B0DDF16F8F946C6F,IMPHASH=06CCDA30750899D24EC1383D46A36E65
ParentProcessGuid: {e2c04bb9-d0f0-60c3-48da-ec0000000000}
ParentProcessId: 5632
ParentImage: C:\Windows\System32\cmd.exe
ParentCommandLine: ""C:\Windows\system32\cmd.exe"" ",1,-,{e2c04bb9-08c5-60c4-8619-400100000000},6472,C:\Users\APT-Simulator\Documents\APTSimulator-master\helpers\7z.exe,16.04,7-Zip Console,7-Zip,Igor Pavlov,7z.exe,"""C:\Users\APT-Simulator\Documents\APTSimulator-master\\helpers\7z.exe""  e -paptsimulator ""C:\Users\APT-Simulator\Documents\APTSimulator-master\\enc-toolset.7z"" -aoa -o""C:\TMP"" toolset\CreateNamedPipe.exe ",C:\Users\APT-Simulator\Documents\APTSimulator-master\,WORKSTATION5\APT-Simulator,{e2c04bb9-a708-60c3-fb19-370000000000},0x3719fb,2.0,High,"SHA1=A67D3B35743F6CA383673A3848B8C97EC164CC0D,MD5=3E797119E0FD64297CB82794B8D68EDD,SHA256=C7245E21A7553D9E52D434002A401C77A7CA7D0F245F2311B0DDF16F8F946C6F,IMPHASH=06CCDA30750899D24EC1383D46A36E65",{e2c04bb9-d0f0-60c3-48da-ec0000000000},5632.0,C:\Windows\System32\cmd.exe,"""C:\Windows\system32\cmd.exe"" ",,,,,,,,,,,,,,,,,,,,,,,,,,,,,,,,,,,,,,,,,,,,,,,,,,,,,,,,,,,,,,,,,,,,,,,,,,,,,,,,,,,,,,,,,,,,,,1,0,0,0,0,0,2,True
2021-06-12 01:07:17,30,Microsoft-Windows-Sysmon,{5770385f-c22a-43e0-bf4c-06f5698ffbd9},4,0x8000000000000000,Microsoft-Windows-Sysmon/Operational,WORKSTATION5,2021-06-11T09:07:17.672Z,2021-06-11T09:07:17.672Z,7,"Image loaded:
RuleName: -
UtcTime: 2021-06-12 01:07:17.666
ProcessGuid: {e2c04bb9-08c5-60c4-7909-000000000300}
ProcessId: 6472
Image: C:\Users\APT-Simulator\Documents\APTSimulator-master\helpers\7z.exe
ImageLoaded: C:\Windows\System32\msvcp_win.dll
FileVersion: 10.0.18362.1110 (WinBuild.160101.0800)
Description: Microsoft® C Runtime Library
Product: Microsoft® Windows® Operating System
Company: Microsoft Corporation
OriginalFileName: msvcp_win.dll
Hashes: SHA1=56A126B33C43CE80C5DA3319FA4FBE28F617599C,MD5=94027F5AE9D6FC3B0917C1B5BCD2D88E,SHA256=2FC246F193104FB36285360E9FB14CE10B04EDB50D9D5ECFD9FDA1F010BFCDB9,IMPHASH=7F555C87AEA488E97B6067A0419ED3B4
Signed: true
Signature: Microsoft Windows
SignatureStatus: Valid",7,-,{e2c04bb9-08c5-60c4-7909-000000000300},6472,C:\Users\APT-Simulator\Documents\APTSimulator-master\helpers\7z.exe,10.0.18362.1110 (WinBuild.160101.0800),Microsoft® C Runtime Library,Microsoft® Windows® Operating System,Microsoft Corporation,msvcp_win.dll,,,,,,,,"SHA1=56A126B33C43CE80C5DA3319FA4FBE28F617599C,MD5=94027F5AE9D6FC3B0917C1B5BCD2D88E,SHA256=2FC246F193104FB36285360E9FB14CE10B04EDB50D9D5ECFD9FDA1F010BFCDB9,IMPHASH=7F555C87AEA488E97B6067A0419ED3B4",,,,,,,,,,,,,,C:\Windows\System32\msvcp_win.dll,True,Microsoft Windows,Valid,,,,,,,,,,,,,,,,,,,,,,,,,,,,,,,,,,,,,,,,,,,,,,,,,,,,,,,,,,,,,,,,,,,,,,,,,,,,,,,,,1,0,0,0,0,0,2,True
2021-06-12 01:07:17,29,Microsoft-Windows-Sysmon,{5770385f-c22a-43e0-bf4c-06f5698ffbd9},4,0x8000000000000000,Microsoft-Windows-Sysmon/Operational,WORKSTATION5,2021-06-11T09:07:17.672Z,2021-06-11T09:07:17.672Z,7,"Image loaded:
RuleName: -
UtcTime: 2021-06-12 01:07:17.666
ProcessGuid: {e2c04bb9-08c5-60c4-7909-000000000300}
ProcessId: 6472
Image: C:\Users\APT-Simulator\Documents\APTSimulator-master\helpers\7z.exe
ImageLoaded: C:\Windows\System32\oleaut32.dll
FileVersion: 10.0.18362.1556 (WinBuild.160101.0800)
Description: OLEAUT32.DLL
Product: Microsoft® Windows® Operating System
Company: Microsoft Corporation
OriginalFileName: OLEAUT32.DLL
Hashes: SHA1=E4FACBE20F7674E8FB37E0598395A710F827831D,MD5=7D5D02B24943D270513DA3F0405FA40E,SHA256=62F71A230DBD493B2D2F53BBCC7CDB365C7381FD297FF805F044CF07A29E8FF6,IMPHASH=F010E2DB51A2E86CCF6052A1ACC0854F
Signed: true
Signature: Microsoft Windows
SignatureStatus: Valid",7,-,{e2c04bb9-08c5-60c4-7909-000000000300},6472,C:\Users\APT-Simulator\Documents\APTSimulator-master\helpers\7z.exe,10.0.18362.1556 (WinBuild.160101.0800),OLEAUT32.DLL,Microsoft® Windows® Operating System,Microsoft Corporation,OLEAUT32.DLL,,,,,,,,"SHA1=E4FACBE20F7674E8FB37E0598395A710F827831D,MD5=7D5D02B24943D270513DA3F0405FA40E,SHA256=62F71A230DBD493B2D2F53BBCC7CDB365C7381FD297FF805F044CF07A29E8FF6,IMPHASH=F010E2DB51A2E86CCF6052A1ACC0854F",,,,,,,,,,,,,,C:\Windows\System32\oleaut32.dll,True,Microsoft Windows,Valid,,,,,,,,,,,,,,,,,,,,,,,,,,,,,,,,,,,,,,,,,,,,,,,,,,,,,,,,,,,,,,,,,,,,,,,,,,,,,,,,,1,0,0,0,0,0,2,True
2021-06-12 01:07:17,38,Microsoft-Windows-Sysmon,{5770385f-c22a-43e0-bf4c-06f5698ffbd9},4,0x8000000000000000,Microsoft-Windows-Sysmon/Operational,WORKSTATION5,2021-06-11T09:07:17.676Z,2021-06-11T09:07:17.676Z,7,"Image loaded:
RuleName: -
UtcTime: 2021-06-12 01:07:17.666
ProcessGuid: {e2c04bb9-08c5-60c4-7909-000000000300}
ProcessId: 6472
Image: C:\Users\APT-Simulator\Documents\APTSimulator-master\helpers\7z.exe
ImageLoaded: C:\Windows\System32\gdi32full.dll
FileVersion: 10.0.18362.1500 (WinBuild.160101.0800)
Description: GDI Client DLL
Product: Microsoft® Windows® Operating System
Company: Microsoft Corporation
OriginalFileName: gdi32
Hashes: SHA1=F2957550811293A6220E38B6DB8721797DE2527C,MD5=2BADF91126F086286D24E951C3498252,SHA256=5DFB85B3A7FB88544BF999CBED3810AFE91FDE6A126895104BF05557E3E691C3,IMPHASH=963C6FD8B9BE2772F371FCE054194A55
Signed: true
Signature: Microsoft Windows
SignatureStatus: Valid",7,-,{e2c04bb9-08c5-60c4-7909-000000000300},6472,C:\Users\APT-Simulator\Documents\APTSimulator-master\helpers\7z.exe,10.0.18362.1500 (WinBuild.160101.0800),GDI Client DLL,Microsoft® Windows® Operating System,Microsoft Corporation,gdi32,,,,,,,,"SHA1=F2957550811293A6220E38B6DB8721797DE2527C,MD5=2BADF91126F086286D24E951C3498252,SHA256=5DFB85B3A7FB88544BF999CBED3810AFE91FDE6A126895104BF05557E3E691C3,IMPHASH=963C6FD8B9BE2772F371FCE054194A55",,,,,,,,,,,,,,C:\Windows\System32\gdi32full.dll,True,Microsoft Windows,Valid,,,,,,,,,,,,,,,,,,,,,,,,,,,,,,,,,,,,,,,,,,,,,,,,,,,,,,,,,,,,,,,,,,,,,,,,,,,,,,,,,1,0,0,0,0,0,2,True
2021-06-12 01:07:17,36,Microsoft-Windows-Sysmon,{5770385f-c22a-43e0-bf4c-06f5698ffbd9},4,0x8000000000000000,Microsoft-Windows-Sysmon/Operational,WORKSTATION5,2021-06-11T09:07:17.675Z,2021-06-11T09:07:17.675Z,7,"Image loaded:
RuleName: -
UtcTime: 2021-06-12 01:07:17.666
ProcessGuid: {e2c04bb9-08c5-60c4-7909-000000000300}
ProcessId: 6472
Image: C:\Users\APT-Simulator\Documents\APTSimulator-master\helpers\7z.exe
ImageLoaded: C:\Windows\System32\win32u.dll
FileVersion: 10.0.18362.1556 (WinBuild.160101.0800)
Description: Win32u
Product: Microsoft® Windows® Operating System
Company: Microsoft Corporation
OriginalFileName: Win32u.DLL
Hashes: SHA1=72CA7FE6C4A497CF5F8B3538E0F34D79B52FECE1,MD5=484473F9548840C3380BFB93F1668EDD,SHA256=B8D011D438ADC5C59CA4454076A9A720CE7F0B32BDCB8F1180F0A07879DFB6B3,IMPHASH=00000000000000000000000000000000
Signed: true
Signature: Microsoft Windows
SignatureStatus: Valid",7,-,{e2c04bb9-08c5-60c4-7909-000000000300},6472,C:\Users\APT-Simulator\Documents\APTSimulator-master\helpers\7z.exe,10.0.18362.1556 (WinBuild.160101.0800),Win32u,Microsoft® Windows® Operating System,Microsoft Corporation,Win32u.DLL,,,,,,,,"SHA1=72CA7FE6C4A497CF5F8B3538E0F34D79B52FECE1,MD5=484473F9548840C3380BFB93F1668EDD,SHA256=B8D011D438ADC5C59CA4454076A9A720CE7F0B32BDCB8F1180F0A07879DFB6B3,IMPHASH=00000000000000000000000000000000",,,,,,,,,,,,,,C:\Windows\System32\win32u.dll,True,Microsoft Windows,Valid,,,,,,,,,,,,,,,,,,,,,,,,,,,,,,,,,,,,,,,,,,,,,,,,,,,,,,,,,,,,,,,,,,,,,,,,,,,,,,,,,1,0,0,0,0,0,1,True
2021-06-12 01:07:17,35,Microsoft-Windows-Sysmon,{5770385f-c22a-43e0-bf4c-06f5698ffbd9},4,0x8000000000000000,Microsoft-Windows-Sysmon/Operational,WORKSTATION5,2021-06-11T09:07:17.675Z,2021-06-11T09:07:17.675Z,7,"Image loaded:
RuleName: -
UtcTime: 2021-06-12 01:07:17.666
ProcessGuid: {e2c04bb9-08c5-60c4-7909-000000000300}
ProcessId: 6472
Image: C:\Users\APT-Simulator\Documents\APTSimulator-master\helpers\7z.exe
ImageLoaded: C:\Windows\System32\user32.dll
FileVersion: 10.0.18362.1316 (WinBuild.160101.0800)
Description: Multi-User Windows USER API Client DLL
Product: Microsoft® Windows® Operating System
Company: Microsoft Corporation
OriginalFileName: user32
Hashes: SHA1=63B37173CD76F53B30B5E68EE619E3E936E9A4F6,MD5=1030B585DD1CE136F59238C2019D36C9,SHA256=68C783A106E808BF0B3385BF8A926963EF4FECFE9B7B6E760126DFD20355DAEE,IMPHASH=70F6F0466DB32D0AA9E18434AE996907
Signed: true
Signature: Microsoft Windows
SignatureStatus: Valid",7,-,{e2c04bb9-08c5-60c4-7909-000000000300},6472,C:\Users\APT-Simulator\Documents\APTSimulator-master\helpers\7z.exe,10.0.18362.1316 (WinBuild.160101.0800),Multi-User Windows USER API Client DLL,Microsoft® Windows® Operating System,Microsoft Corporation,user32,,,,,,,,"SHA1=63B37173CD76F53B30B5E68EE619E3E936E9A4F6,MD5=1030B585DD1CE136F59238C2019D36C9,SHA256=68C783A106E808BF0B3385BF8A926963EF4FECFE9B7B6E760126DFD20355DAEE,IMPHASH=70F6F0466DB32D0AA9E18434AE996907",,,,,,,,,,,,,,C:\Windows\System32\user32.dll,True,Microsoft Windows,Valid,,,,,,,,,,,,,,,,,,,,,,,,,,,,,,,,,,,,,,,,,,,,,,,,,,,,,,,,,,,,,,,,,,,,,,,,,,,,,,,,,0,0,0,0,0,0,1,True
2021-06-12 01:07:17,37,Microsoft-Windows-Sysmon,{5770385f-c22a-43e0-bf4c-06f5698ffbd9},4,0x8000000000000000,Microsoft-Windows-Sysmon/Operational,WORKSTATION5,2021-06-11T09:07:17.676Z,2021-06-11T09:07:17.676Z,7,"Image loaded:
RuleName: -
UtcTime: 2021-06-12 01:07:17.666
ProcessGuid: {e2c04bb9-08c5-60c4-7909-000000000300}
ProcessId: 6472
Image: C:\Users\APT-Simulator\Documents\APTSimulator-master\helpers\7z.exe
ImageLoaded: C:\Windows\System32\gdi32.dll
FileVersion: 10.0.18362.1316 (WinBuild.160101.0800)
Description: GDI Client DLL
Product: Microsoft® Windows® Operating System
Company: Microsoft Corporation
OriginalFileName: gdi32
Hashes: SHA1=34F81F3967B7716A8703512B7E7C3410DCDDE5A6,MD5=A4CD88E2697F818F1D8D4D3563394990,SHA256=27F96FA6D7F4C63913513BC5F983F0818BCA5A43E4C0013380F657856A383268,IMPHASH=C5F30E6A06AB646153863B68366FE58A
Signed: true
Signature: Microsoft Windows
SignatureStatus: Valid",7,-,{e2c04bb9-08c5-60c4-7909-000000000300},6472,C:\Users\APT-Simulator\Documents\APTSimulator-master\helpers\7z.exe,10.0.18362.1316 (WinBuild.160101.0800),GDI Client DLL,Microsoft® Windows® Operating System,Microsoft Corporation,gdi32,,,,,,,,"SHA1=34F81F3967B7716A8703512B7E7C3410DCDDE5A6,MD5=A4CD88E2697F818F1D8D4D3563394990,SHA256=27F96FA6D7F4C63913513BC5F983F0818BCA5A43E4C0013380F657856A383268,IMPHASH=C5F30E6A06AB646153863B68366FE58A",,,,,,,,,,,,,,C:\Windows\System32\gdi32.dll,True,Microsoft Windows,Valid,,,,,,,,,,,,,,,,,,,,,,,,,,,,,,,,,,,,,,,,,,,,,,,,,,,,,,,,,,,,,,,,,,,,,,,,,,,,,,,,,0,0,0,0,0,0,1,True
2021-06-12 01:07:17,33,Microsoft-Windows-Sysmon,{5770385f-c22a-43e0-bf4c-06f5698ffbd9},4,0x8000000000000000,Microsoft-Windows-Sysmon/Operational,WORKSTATION5,2021-06-11T09:07:17.674Z,2021-06-11T09:07:17.674Z,7,"Image loaded:
RuleName: -
UtcTime: 2021-06-12 01:07:17.666
ProcessGuid: {e2c04bb9-08c5-60c4-7909-000000000300}
ProcessId: 6472
Image: C:\Users\APT-Simulator\Documents\APTSimulator-master\helpers\7z.exe
ImageLoaded: C:\Windows\System32\rpcrt4.dll
FileVersion: 10.0.18362.1500 (WinBuild.160101.0800)
Description: Remote Procedure Call Runtime
Product: Microsoft® Windows® Operating System
Company: Microsoft Corporation
OriginalFileName: rpcrt4.dll
Hashes: SHA1=6A154351837808744BC8E40F730E9986F3CA9633,MD5=15C59ACA8F5DB60A430F3FABCE8B181C,SHA256=891D6ABD1CDFB5CC0CCD3E208B9A83D1FC7B6EBA84A4160DBC3A53F38C787639,IMPHASH=88E7E7C7FA90052EC162DD37F2B7C7BD
Signed: true
Signature: Microsoft Windows
SignatureStatus: Valid",7,-,{e2c04bb9-08c5-60c4-7909-000000000300},6472,C:\Users\APT-Simulator\Documents\APTSimulator-master\helpers\7z.exe,10.0.18362.1500 (WinBuild.160101.0800),Remote Procedure Call Runtime,Microsoft® Windows® Operating System,Microsoft Corporation,rpcrt4.dll,,,,,,,,"SHA1=6A154351837808744BC8E40F730E9986F3CA9633,MD5=15C59ACA8F5DB60A430F3FABCE8B181C,SHA256=891D6ABD1CDFB5CC0CCD3E208B9A83D1FC7B6EBA84A4160DBC3A53F38C787639,IMPHASH=88E7E7C7FA90052EC162DD37F2B7C7BD",,,,,,,,,,,,,,C:\Windows\System32\rpcrt4.dll,True,Microsoft Windows,Valid,,,,,,,,,,,,,,,,,,,,,,,,,,,,,,,,,,,,,,,,,,,,,,,,,,,,,,,,,,,,,,,,,,,,,,,,,,,,,,,,,0,0,0,0,0,0,1,True
2021-06-12 01:07:17,32,Microsoft-Windows-Sysmon,{5770385f-c22a-43e0-bf4c-06f5698ffbd9},4,0x8000000000000000,Microsoft-Windows-Sysmon/Operational,WORKSTATION5,2021-06-11T09:07:17.673Z,2021-06-11T09:07:17.673Z,7,"Image loaded:
RuleName: -
UtcTime: 2021-06-12 01:07:17.666
ProcessGuid: {e2c04bb9-08c5-60c4-7909-000000000300}
ProcessId: 6472
Image: C:\Users\APT-Simulator\Documents\APTSimulator-master\helpers\7z.exe
ImageLoaded: C:\Windows\System32\combase.dll
FileVersion: 10.0.18362.1500 (WinBuild.160101.0800)
Description: Microsoft COM for Windows
Product: Microsoft® Windows® Operating System
Company: Microsoft Corporation
OriginalFileName: COMBASE.DLL
Hashes: SHA1=EDFDBEF51F7D98203F8A5EDBBFFE8805107923ED,MD5=433110F4286BC2A4886BC9F1296C059C,SHA256=B091FA249211AD2D5BAD64BFA8E424055E8A73A40FBD5B60025B4728DFEA779B,IMPHASH=0663394E7C26DF14173E1B021223CC2E
Signed: true
Signature: Microsoft Windows
SignatureStatus: Valid",7,-,{e2c04bb9-08c5-60c4-7909-000000000300},6472,C:\Users\APT-Simulator\Documents\APTSimulator-master\helpers\7z.exe,10.0.18362.1500 (WinBuild.160101.0800),Microsoft COM for Windows,Microsoft® Windows® Operating System,Microsoft Corporation,COMBASE.DLL,,,,,,,,"SHA1=EDFDBEF51F7D98203F8A5EDBBFFE8805107923ED,MD5=433110F4286BC2A4886BC9F1296C059C,SHA256=B091FA249211AD2D5BAD64BFA8E424055E8A73A40FBD5B60025B4728DFEA779B,IMPHASH=0663394E7C26DF14173E1B021223CC2E",,,,,,,,,,,,,,C:\Windows\System32\combase.dll,True,Microsoft Windows,Valid,,,,,,,,,,,,,,,,,,,,,,,,,,,,,,,,,,,,,,,,,,,,,,,,,,,,,,,,,,,,,,,,,,,,,,,,,,,,,,,,,0,0,0,0,0,0,1,True
2021-06-12 01:07:17,31,Microsoft-Windows-Sysmon,{5770385f-c22a-43e0-bf4c-06f5698ffbd9},4,0x8000000000000000,Microsoft-Windows-Sysmon/Operational,WORKSTATION5,2021-06-11T09:07:17.673Z,2021-06-11T09:07:17.673Z,7,"Image loaded:
RuleName: -
UtcTime: 2021-06-12 01:07:17.666
ProcessGuid: {e2c04bb9-08c5-60c4-7909-000000000300}
ProcessId: 6472
Image: C:\Users\APT-Simulator\Documents\APTSimulator-master\helpers\7z.exe
ImageLoaded: C:\Windows\System32\ucrtbase.dll
FileVersion: 10.0.18362.1110 (WinBuild.160101.0800)
Description: Microsoft® C Runtime Library
Product: Microsoft® Windows® Operating System
Company: Microsoft Corporation
OriginalFileName: ucrtbase.dll
Hashes: SHA1=D10BBE9B65C2C6F8FCA6850D0B79CBC6EF04D691,MD5=126821F73FD9FFCE6E091CF9480E1B60,SHA256=7B28F46F0A09CFD9129109A94B1C16C9C62EEF46C09113C4C585D9BF0E69B2DA,IMPHASH=5AE9A136FAFA10321F3D48251BF4F6A1
Signed: true
Signature: Microsoft Windows
SignatureStatus: Valid",7,-,{e2c04bb9-08c5-60c4-7909-000000000300},6472,C:\Users\APT-Simulator\Documents\APTSimulator-master\helpers\7z.exe,10.0.18362.1110 (WinBuild.160101.0800),Microsoft® C Runtime Library,Microsoft® Windows® Operating System,Microsoft Corporation,ucrtbase.dll,,,,,,,,"SHA1=D10BBE9B65C2C6F8FCA6850D0B79CBC6EF04D691,MD5=126821F73FD9FFCE6E091CF9480E1B60,SHA256=7B28F46F0A09CFD9129109A94B1C16C9C62EEF46C09113C4C585D9BF0E69B2DA,IMPHASH=5AE9A136FAFA10321F3D48251BF4F6A1",,,,,,,,,,,,,,C:\Windows\System32\ucrtbase.dll,True,Microsoft Windows,Valid,,,,,,,,,,,,,,,,,,,,,,,,,,,,,,,,,,,,,,,,,,,,,,,,,,,,,,,,,,,,,,,,,,,,,,,,,,,,,,,,,0,0,0,0,0,0,1,True
