2021-06-12 01:07:23,458,Microsoft-Windows-Sysmon,{5770385f-c22a-43e0-bf4c-06f5698ffbd9},4,0x8000000000000000,Microsoft-Windows-Sysmon/Operational,WORKSTATION5,2021-06-11T09:07:23.357Z,2021-06-11T09:07:23.357Z,7,"Image loaded:
RuleName: -
UtcTime: 2021-06-12 01:07:23.337
ProcessGuid: {e2c04bb9-08cb-60c4-8009-000000000300}
ProcessId: 7024
Image: C:\Windows\System32\conhost.exe
ImageLoaded: C:\Windows\System32\kernel32.dll
FileVersion: 10.0.18362.1500 (WinBuild.160101.0800)
Description: Windows NT BASE API Client DLL
Product: Microsoft® Windows® Operating System
Company: Microsoft Corporation
OriginalFileName: kernel32
Hashes: SHA1=70D4E25E30AFE0716141B8AC1B757A95740002D2,MD5=B14CD8F455D772BD153AF48ED33FF48E,SHA256=562F1B7198A9EB3920A218D0A020E998CD52FF8A02A34A76564092F86AC70A44,IMPHASH=D3645703895C4EBB8EA5B9B26816A081
Signed: true
Signature: Microsoft Windows
SignatureStatus: Valid",7,-,{e2c04bb9-08cb-60c4-8009-000000000300},7024,C:\Windows\System32\conhost.exe,10.0.18362.1500 (WinBuild.160101.0800),Windows NT BASE API Client DLL,Microsoft® Windows® Operating System,Microsoft Corporation,kernel32,,,,,,,,"SHA1=70D4E25E30AFE0716141B8AC1B757A95740002D2,MD5=B14CD8F455D772BD153AF48ED33FF48E,SHA256=562F1B7198A9EB3920A218D0A020E998CD52FF8A02A34A76564092F86AC70A44,IMPHASH=D3645703895C4EBB8EA5B9B26816A081",,,,,,,,,,,,,,C:\Windows\System32\kernel32.dll,True,Microsoft Windows,Valid,,,,,,,,,,,,,,,,,,,,,,,,,,,,,,,,,,,,,,,,,,,,,,,,,,,,,,,,,,,,,,,,,,,,,,,,,,,,,,,,,0,0,0,0,0,0,2,True
2021-06-12 01:07:23,457,Microsoft-Windows-Sysmon,{5770385f-c22a-43e0-bf4c-06f5698ffbd9},4,0x8000000000000000,Microsoft-Windows-Sysmon/Operational,WORKSTATION5,2021-06-11T09:07:23.357Z,2021-06-11T09:07:23.357Z,7,"Image loaded:
RuleName: -
UtcTime: 2021-06-12 01:07:23.337
ProcessGuid: {e2c04bb9-08cb-60c4-8009-000000000300}
ProcessId: 7024
Image: C:\Windows\System32\conhost.exe
ImageLoaded: C:\Windows\System32\ntdll.dll
FileVersion: 10.0.18362.1533 (WinBuild.160101.0800)
Description: NT Layer DLL
Product: Microsoft® Windows® Operating System
Company: Microsoft Corporation
OriginalFileName: ntdll.dll
Hashes: SHA1=8D671C93CC5C877983AB6D58A59E3E64891128EB,MD5=B823DFC17253F0DA93DE2DB5FEAD520A,SHA256=B0EA79AEEA90EFAE83E7F5F8812F307D52C4BA3F559E409CB6364E90BC69269D,IMPHASH=00000000000000000000000000000000
Signed: true
Signature: Microsoft Windows
SignatureStatus: Valid",7,-,{e2c04bb9-08cb-60c4-8009-000000000300},7024,C:\Windows\System32\conhost.exe,10.0.18362.1533 (WinBuild.160101.0800),NT Layer DLL,Microsoft® Windows® Operating System,Microsoft Corporation,ntdll.dll,,,,,,,,"SHA1=8D671C93CC5C877983AB6D58A59E3E64891128EB,MD5=B823DFC17253F0DA93DE2DB5FEAD520A,SHA256=B0EA79AEEA90EFAE83E7F5F8812F307D52C4BA3F559E409CB6364E90BC69269D,IMPHASH=00000000000000000000000000000000",,,,,,,,,,,,,,C:\Windows\System32\ntdll.dll,True,Microsoft Windows,Valid,,,,,,,,,,,,,,,,,,,,,,,,,,,,,,,,,,,,,,,,,,,,,,,,,,,,,,,,,,,,,,,,,,,,,,,,,,,,,,,,,0,0,0,0,0,0,2,True
2021-06-12 01:07:23,456,Microsoft-Windows-Sysmon,{5770385f-c22a-43e0-bf4c-06f5698ffbd9},4,0x8000000000000000,Microsoft-Windows-Sysmon/Operational,WORKSTATION5,2021-06-11T09:07:23.356Z,2021-06-11T09:07:23.356Z,7,"Image loaded:
RuleName: -
UtcTime: 2021-06-12 01:07:23.337
ProcessGuid: {e2c04bb9-08cb-60c4-8009-000000000300}
ProcessId: 7024
Image: C:\Windows\System32\conhost.exe
ImageLoaded: C:\Windows\System32\conhost.exe
FileVersion: 10.0.18362.1533 (WinBuild.160101.0800)
Description: Console Window Host
Product: Microsoft® Windows® Operating System
Company: Microsoft Corporation
OriginalFileName: CONHOST.EXE
Hashes: SHA1=0535FF469675A24B425D9BB58ECC28409ABC27C3,MD5=8793C15FBBEE2F80EC3BC07A6A648D39,SHA256=0B2853C993EEDB2F36D77804516D76C944482944135F89C2BF891CDC8707EC54,IMPHASH=F8DD0EF565DE87D97ABF9C62EA63EC21
Signed: true
Signature: Microsoft Windows
SignatureStatus: Valid",7,-,{e2c04bb9-08cb-60c4-8009-000000000300},7024,C:\Windows\System32\conhost.exe,10.0.18362.1533 (WinBuild.160101.0800),Console Window Host,Microsoft® Windows® Operating System,Microsoft Corporation,CONHOST.EXE,,,,,,,,"SHA1=0535FF469675A24B425D9BB58ECC28409ABC27C3,MD5=8793C15FBBEE2F80EC3BC07A6A648D39,SHA256=0B2853C993EEDB2F36D77804516D76C944482944135F89C2BF891CDC8707EC54,IMPHASH=F8DD0EF565DE87D97ABF9C62EA63EC21",,,,,,,,,,,,,,C:\Windows\System32\conhost.exe,True,Microsoft Windows,Valid,,,,,,,,,,,,,,,,,,,,,,,,,,,,,,,,,,,,,,,,,,,,,,,,,,,,,,,,,,,,,,,,,,,,,,,,,,,,,,,,,0,0,0,0,0,0,2,True
2021-06-12 01:07:23,455,Microsoft-Windows-Sysmon,{5770385f-c22a-43e0-bf4c-06f5698ffbd9},4,0x8000000000000000,Microsoft-Windows-Sysmon/Operational,WORKSTATION5,2021-06-11T09:07:23.348Z,2021-06-11T09:07:23.348Z,1,"Process Create:
RuleName: -
UtcTime: 2021-06-12 01:07:23.346
ProcessGuid: {e2c04bb9-08cb-60c4-8f41-400100000000}
ProcessId: 7024
Image: C:\Windows\System32\conhost.exe
FileVersion: 10.0.18362.1533 (WinBuild.160101.0800)
Description: Console Window Host
Product: Microsoft® Windows® Operating System
Company: Microsoft Corporation
OriginalFileName: CONHOST.EXE
CommandLine: \??\C:\Windows\system32\conhost.exe 0xffffffff -ForceV1
CurrentDirectory: C:\Windows
User: WORKSTATION5\APT-Simulator
LogonGuid: {e2c04bb9-a708-60c3-fb19-370000000000}
LogonId: 0x3719FB
TerminalSessionId: 2
IntegrityLevel: High
Hashes: SHA1=0535FF469675A24B425D9BB58ECC28409ABC27C3,MD5=8793C15FBBEE2F80EC3BC07A6A648D39,SHA256=0B2853C993EEDB2F36D77804516D76C944482944135F89C2BF891CDC8707EC54,IMPHASH=F8DD0EF565DE87D97ABF9C62EA63EC21
ParentProcessGuid: {e2c04bb9-08cb-60c4-eb40-400100000000}
ParentProcessId: 4236
ParentImage: C:\TMP\CreateNamedPipe.exe
ParentCommandLine: ""C:\TMP\CreateNamedPipe.exe""  msagent_fedac123",1,-,{e2c04bb9-08cb-60c4-8f41-400100000000},7024,C:\Windows\System32\conhost.exe,10.0.18362.1533 (WinBuild.160101.0800),Console Window Host,Microsoft® Windows® Operating System,Microsoft Corporation,CONHOST.EXE,\??\C:\Windows\system32\conhost.exe 0xffffffff -ForceV1,C:\Windows,WORKSTATION5\APT-Simulator,{e2c04bb9-a708-60c3-fb19-370000000000},0x3719fb,2.0,High,"SHA1=0535FF469675A24B425D9BB58ECC28409ABC27C3,MD5=8793C15FBBEE2F80EC3BC07A6A648D39,SHA256=0B2853C993EEDB2F36D77804516D76C944482944135F89C2BF891CDC8707EC54,IMPHASH=F8DD0EF565DE87D97ABF9C62EA63EC21",{e2c04bb9-08cb-60c4-eb40-400100000000},4236.0,C:\TMP\CreateNamedPipe.exe,"""C:\TMP\CreateNamedPipe.exe""  msagent_fedac123",,,,,,,,,,,,,,,,,,,,,,,,,,,,,,,,,,,,,,,,,,,,,,,,,,,,,,,,,,,,,,,,,,,,,,,,,,,,,,,,,,,,,,,,,,,,,,1,0,0,0,0,0,1,True
2021-06-12 01:07:23,454,Microsoft-Windows-Sysmon,{5770385f-c22a-43e0-bf4c-06f5698ffbd9},4,0x8000000000000000,Microsoft-Windows-Sysmon/Operational,WORKSTATION5,2021-06-11T09:07:23.347Z,2021-06-11T09:07:23.347Z,13,"Registry value set:
RuleName: -
EventType: SetValue
UtcTime: 2021-06-12 01:07:23.337
ProcessGuid: {e2c04bb9-08cb-60c4-eb40-400100000000}
ProcessId: 4236
Image: C:\TMP\CreateNamedPipe.exe
TargetObject: HKLM\System\CurrentControlSet\Services\bam\State\UserSettings\S-1-5-21-315269454-3320600716-4144796452-500\\Device\HarddiskVolume2\Windows\System32\conhost.exe
Details: Binary Data",13,-,{e2c04bb9-08cb-60c4-eb40-400100000000},4236,C:\TMP\CreateNamedPipe.exe,,,,,,,,,,,,,,,,,,,,,,,,,,,,,,,,,,SetValue,HKLM\System\CurrentControlSet\Services\bam\State\UserSettings\S-1-5-21-315269454-3320600716-4144796452-500\\Device\HarddiskVolume2\Windows\System32\conhost.exe,Binary Data,,,,,,,,,,,,,,,,,,,,,,,,,,,,,,,,,,,,,,,,,,,,,,,,,,,,,,,,,,,,,,,,,,,,,,,,,,,1,0,0,0,1,0,2,True
2021-06-12 01:07:23,453,Microsoft-Windows-Sysmon,{5770385f-c22a-43e0-bf4c-06f5698ffbd9},4,0x8000000000000000,Microsoft-Windows-Sysmon/Operational,WORKSTATION5,2021-06-11T09:07:23.345Z,2021-06-11T09:07:23.345Z,7,"Image loaded:
RuleName: -
UtcTime: 2021-06-12 01:07:23.337
ProcessGuid: {e2c04bb9-08cb-60c4-eb40-400100000000}
ProcessId: 4236
Image: C:\TMP\CreateNamedPipe.exe
ImageLoaded: C:\Windows\System32\KernelBase.dll
FileVersion: 10.0.18362.1474 (WinBuild.160101.0800)
Description: Windows NT BASE API Client DLL
Product: Microsoft® Windows® Operating System
Company: Microsoft Corporation
OriginalFileName: Kernelbase.dll
Hashes: SHA1=568E892FA3286C72BC89867B182CE76800018964,MD5=E562EC4C5C939BF4CA506E288A54CC02,SHA256=60827CB832FDC137A3F9146AE666CDE3EA4B2D94CAE289D4A33B6D1D363656D3,IMPHASH=16003AF856720C35351BB8C14AD0B0A8
Signed: true
Signature: Microsoft Windows
SignatureStatus: Valid",7,-,{e2c04bb9-08cb-60c4-eb40-400100000000},4236,C:\TMP\CreateNamedPipe.exe,10.0.18362.1474 (WinBuild.160101.0800),Windows NT BASE API Client DLL,Microsoft® Windows® Operating System,Microsoft Corporation,Kernelbase.dll,,,,,,,,"SHA1=568E892FA3286C72BC89867B182CE76800018964,MD5=E562EC4C5C939BF4CA506E288A54CC02,SHA256=60827CB832FDC137A3F9146AE666CDE3EA4B2D94CAE289D4A33B6D1D363656D3,IMPHASH=16003AF856720C35351BB8C14AD0B0A8",,,,,,,,,,,,,,C:\Windows\System32\KernelBase.dll,True,Microsoft Windows,Valid,,,,,,,,,,,,,,,,,,,,,,,,,,,,,,,,,,,,,,,,,,,,,,,,,,,,,,,,,,,,,,,,,,,,,,,,,,,,,,,,,1,0,0,0,1,0,2,True
2021-06-12 01:07:23,452,Microsoft-Windows-Sysmon,{5770385f-c22a-43e0-bf4c-06f5698ffbd9},4,0x8000000000000000,Microsoft-Windows-Sysmon/Operational,WORKSTATION5,2021-06-11T09:07:23.345Z,2021-06-11T09:07:23.345Z,7,"Image loaded:
RuleName: -
UtcTime: 2021-06-12 01:07:23.337
ProcessGuid: {e2c04bb9-08cb-60c4-eb40-400100000000}
ProcessId: 4236
Image: C:\TMP\CreateNamedPipe.exe
ImageLoaded: C:\Windows\System32\kernel32.dll
FileVersion: 10.0.18362.1500 (WinBuild.160101.0800)
Description: Windows NT BASE API Client DLL
Product: Microsoft® Windows® Operating System
Company: Microsoft Corporation
OriginalFileName: kernel32
Hashes: SHA1=70D4E25E30AFE0716141B8AC1B757A95740002D2,MD5=B14CD8F455D772BD153AF48ED33FF48E,SHA256=562F1B7198A9EB3920A218D0A020E998CD52FF8A02A34A76564092F86AC70A44,IMPHASH=D3645703895C4EBB8EA5B9B26816A081
Signed: true
Signature: Microsoft Windows
SignatureStatus: Valid",7,-,{e2c04bb9-08cb-60c4-eb40-400100000000},4236,C:\TMP\CreateNamedPipe.exe,10.0.18362.1500 (WinBuild.160101.0800),Windows NT BASE API Client DLL,Microsoft® Windows® Operating System,Microsoft Corporation,kernel32,,,,,,,,"SHA1=70D4E25E30AFE0716141B8AC1B757A95740002D2,MD5=B14CD8F455D772BD153AF48ED33FF48E,SHA256=562F1B7198A9EB3920A218D0A020E998CD52FF8A02A34A76564092F86AC70A44,IMPHASH=D3645703895C4EBB8EA5B9B26816A081",,,,,,,,,,,,,,C:\Windows\System32\kernel32.dll,True,Microsoft Windows,Valid,,,,,,,,,,,,,,,,,,,,,,,,,,,,,,,,,,,,,,,,,,,,,,,,,,,,,,,,,,,,,,,,,,,,,,,,,,,,,,,,,1,0,0,0,1,0,2,True
2021-06-12 01:07:23,451,Microsoft-Windows-Sysmon,{5770385f-c22a-43e0-bf4c-06f5698ffbd9},4,0x8000000000000000,Microsoft-Windows-Sysmon/Operational,WORKSTATION5,2021-06-11T09:07:23.344Z,2021-06-11T09:07:23.344Z,7,"Image loaded:
RuleName: -
UtcTime: 2021-06-12 01:07:23.337
ProcessGuid: {e2c04bb9-08cb-60c4-eb40-400100000000}
ProcessId: 4236
Image: C:\TMP\CreateNamedPipe.exe
ImageLoaded: C:\Windows\System32\ntdll.dll
FileVersion: 10.0.18362.1533 (WinBuild.160101.0800)
Description: NT Layer DLL
Product: Microsoft® Windows® Operating System
Company: Microsoft Corporation
OriginalFileName: ntdll.dll
Hashes: SHA1=8D671C93CC5C877983AB6D58A59E3E64891128EB,MD5=B823DFC17253F0DA93DE2DB5FEAD520A,SHA256=B0EA79AEEA90EFAE83E7F5F8812F307D52C4BA3F559E409CB6364E90BC69269D,IMPHASH=00000000000000000000000000000000
Signed: true
Signature: Microsoft Windows
SignatureStatus: Valid",7,-,{e2c04bb9-08cb-60c4-eb40-400100000000},4236,C:\TMP\CreateNamedPipe.exe,10.0.18362.1533 (WinBuild.160101.0800),NT Layer DLL,Microsoft® Windows® Operating System,Microsoft Corporation,ntdll.dll,,,,,,,,"SHA1=8D671C93CC5C877983AB6D58A59E3E64891128EB,MD5=B823DFC17253F0DA93DE2DB5FEAD520A,SHA256=B0EA79AEEA90EFAE83E7F5F8812F307D52C4BA3F559E409CB6364E90BC69269D,IMPHASH=00000000000000000000000000000000",,,,,,,,,,,,,,C:\Windows\System32\ntdll.dll,True,Microsoft Windows,Valid,,,,,,,,,,,,,,,,,,,,,,,,,,,,,,,,,,,,,,,,,,,,,,,,,,,,,,,,,,,,,,,,,,,,,,,,,,,,,,,,,1,0,0,0,1,0,2,True
2021-06-12 01:07:23,450,Microsoft-Windows-Sysmon,{5770385f-c22a-43e0-bf4c-06f5698ffbd9},4,0x8000000000000000,Microsoft-Windows-Sysmon/Operational,WORKSTATION5,2021-06-11T09:07:23.343Z,2021-06-11T09:07:23.343Z,7,"Image loaded:
RuleName: -
UtcTime: 2021-06-12 01:07:23.337
ProcessGuid: {e2c04bb9-08cb-60c4-eb40-400100000000}
ProcessId: 4236
Image: C:\TMP\CreateNamedPipe.exe
ImageLoaded: C:\TMP\CreateNamedPipe.exe
FileVersion: -
Description: -
Product: -
Company: -
OriginalFileName: -
Hashes: SHA1=571670869CFA7AE69103A2A7EF34BB8F5B607BF6,MD5=64AFCCF614577EA0B706665E6109572D,SHA256=5DDC0ABC2C0DA8195B7832EA1C27E0EBE6F2CC4EB379FEFEEBFBFD93DF12A181,IMPHASH=93A138801D9601E4C36E6274C8B9D111
Signed: false
Signature: -
SignatureStatus: Unavailable",7,-,{e2c04bb9-08cb-60c4-eb40-400100000000},4236,C:\TMP\CreateNamedPipe.exe,-,-,-,-,-,,,,,,,,"SHA1=571670869CFA7AE69103A2A7EF34BB8F5B607BF6,MD5=64AFCCF614577EA0B706665E6109572D,SHA256=5DDC0ABC2C0DA8195B7832EA1C27E0EBE6F2CC4EB379FEFEEBFBFD93DF12A181,IMPHASH=93A138801D9601E4C36E6274C8B9D111",,,,,,,,,,,,,,C:\TMP\CreateNamedPipe.exe,False,-,Unavailable,,,,,,,,,,,,,,,,,,,,,,,,,,,,,,,,,,,,,,,,,,,,,,,,,,,,,,,,,,,,,,,,,,,,,,,,,,,,,,,,,0,0,0,0,1,0,1,True
2021-06-12 01:07:23,449,Microsoft-Windows-Sysmon,{5770385f-c22a-43e0-bf4c-06f5698ffbd9},4,0x8000000000000000,Microsoft-Windows-Sysmon/Operational,WORKSTATION5,2021-06-11T09:07:23.342Z,2021-06-11T09:07:23.342Z,10,"Process accessed:
RuleName: -
UtcTime: 2021-06-12 01:07:23.337
SourceProcessGUID: {e2c04bb9-a703-60c3-b501-000000000300}
SourceProcessId: 1876
SourceThreadId: 4024
SourceImage: C:\Windows\system32\csrss.exe
TargetProcessGUID: {e2c04bb9-08cb-60c4-eb40-400100000000}
TargetProcessId: 4236
TargetImage: C:\TMP\CreateNamedPipe.exe
GrantedAccess: 0x1FFFFF
CallTrace: C:\Windows\SYSTEM32\ntdll.dll+9d364|C:\Windows\system32\basesrv.DLL+2fba|C:\Windows\SYSTEM32\CSRSRV.dll+5af4|C:\Windows\SYSTEM32\ntdll.dll+6d72f",10,-,,0,,,,,,,,,,,,,,,,,,,{e2c04bb9-a703-60c3-b501-000000000300},1876,4024.0,C:\Windows\system32\csrss.exe,{e2c04bb9-08cb-60c4-eb40-400100000000},4236,C:\TMP\CreateNamedPipe.exe,0x1fffff,C:\Windows\SYSTEM32\ntdll.dll+9d364|C:\Windows\system32\basesrv.DLL+2fba|C:\Windows\SYSTEM32\CSRSRV.dll+5af4|C:\Windows\SYSTEM32\ntdll.dll+6d72f,,,,,,,,,,,,,,,,,,,,,,,,,,,,,,,,,,,,,,,,,,,,,,,,,,,,,,,,,,,,,,,,,,,,,,,,,,,,,,,,,,,,,0,0,0,0,0,0,2,True
2021-06-12 01:07:23,448,Microsoft-Windows-Sysmon,{5770385f-c22a-43e0-bf4c-06f5698ffbd9},4,0x8000000000000000,Microsoft-Windows-Sysmon/Operational,WORKSTATION5,2021-06-11T09:07:23.342Z,2021-06-11T09:07:23.342Z,10,"Process accessed:
RuleName: -
UtcTime: 2021-06-12 01:07:23.337
SourceProcessGUID: {e2c04bb9-d0f0-60c3-48da-ec0000000000}
SourceProcessId: 5632
SourceThreadId: 5336
SourceImage: C:\Windows\system32\cmd.exe
TargetProcessGUID: {e2c04bb9-08cb-60c4-eb40-400100000000}
TargetProcessId: 4236
TargetImage: C:\TMP\CreateNamedPipe.exe
GrantedAccess: 0x1FFFFF
CallTrace: C:\Windows\SYSTEM32\ntdll.dll+9e714|C:\Windows\System32\KERNELBASE.dll+59e0a|C:\Windows\System32\KERNELBASE.dll+567a6|C:\Windows\System32\KERNEL32.DLL+1bee3|C:\Windows\system32\cmd.exe+6ebd|C:\Windows\system32\cmd.exe+bf92|C:\Windows\system32\cmd.exe+b5f1|C:\Windows\system32\cmd.exe+c6e4|C:\Windows\system32\cmd.exe+913e|C:\Windows\system32\cmd.exe+93b3|C:\Windows\system32\cmd.exe+92dd|C:\Windows\system32\cmd.exe+bf92|C:\Windows\system32\cmd.exe+b5f1|C:\Windows\system32\cmd.exe+c6e4|C:\Windows\system32\cmd.exe+913e|C:\Windows\system32\cmd.exe+14a70|C:\Windows\system32\cmd.exe+c0d1|C:\Windows\system32\cmd.exe+b5f1|C:\Windows\system32\cmd.exe+1de6b|C:\Windows\system32\cmd.exe+1821d|C:\Windows\System32\KERNEL32.DLL+17c24|C:\Windows\SYSTEM32\ntdll.dll+6d721",10,-,,0,,,,,,,,,,,,,,,,,,,{e2c04bb9-d0f0-60c3-48da-ec0000000000},5632,5336.0,C:\Windows\system32\cmd.exe,{e2c04bb9-08cb-60c4-eb40-400100000000},4236,C:\TMP\CreateNamedPipe.exe,0x1fffff,C:\Windows\SYSTEM32\ntdll.dll+9e714|C:\Windows\System32\KERNELBASE.dll+59e0a|C:\Windows\System32\KERNELBASE.dll+567a6|C:\Windows\System32\KERNEL32.DLL+1bee3|C:\Windows\system32\cmd.exe+6ebd|C:\Windows\system32\cmd.exe+bf92|C:\Windows\system32\cmd.exe+b5f1|C:\Windows\system32\cmd.exe+c6e4|C:\Windows\system32\cmd.exe+913e|C:\Windows\system32\cmd.exe+93b3|C:\Windows\system32\cmd.exe+92dd|C:\Windows\system32\cmd.exe+bf92|C:\Windows\system32\cmd.exe+b5f1|C:\Windows\system32\cmd.exe+c6e4|C:\Windows\system32\cmd.exe+913e|C:\Windows\system32\cmd.exe+14a70|C:\Windows\system32\cmd.exe+c0d1|C:\Windows\system32\cmd.exe+b5f1|C:\Windows\system32\cmd.exe+1de6b|C:\Windows\system32\cmd.exe+1821d|C:\Windows\System32\KERNEL32.DLL+17c24|C:\Windows\SYSTEM32\ntdll.dll+6d721,,,,,,,,,,,,,,,,,,,,,,,,,,,,,,,,,,,,,,,,,,,,,,,,,,,,,,,,,,,,,,,,,,,,,,,,,,,,,,,,,,,,,0,0,0,0,0,0,2,True
2021-06-12 01:07:23,447,Microsoft-Windows-Sysmon,{5770385f-c22a-43e0-bf4c-06f5698ffbd9},4,0x8000000000000000,Microsoft-Windows-Sysmon/Operational,WORKSTATION5,2021-06-11T09:07:23.342Z,2021-06-11T09:07:23.342Z,1,"Process Create:
RuleName: -
UtcTime: 2021-06-12 01:07:23.336
ProcessGuid: {e2c04bb9-08cb-60c4-eb40-400100000000}
ProcessId: 4236
Image: C:\TMP\CreateNamedPipe.exe
FileVersion: -
Description: -
Product: -
Company: -
OriginalFileName: -
CommandLine: ""C:\TMP\CreateNamedPipe.exe""  msagent_fedac123
CurrentDirectory: C:\Users\APT-Simulator\Documents\APTSimulator-master\
User: WORKSTATION5\APT-Simulator
LogonGuid: {e2c04bb9-a708-60c3-fb19-370000000000}
LogonId: 0x3719FB
TerminalSessionId: 2
IntegrityLevel: High
Hashes: SHA1=571670869CFA7AE69103A2A7EF34BB8F5B607BF6,MD5=64AFCCF614577EA0B706665E6109572D,SHA256=5DDC0ABC2C0DA8195B7832EA1C27E0EBE6F2CC4EB379FEFEEBFBFD93DF12A181,IMPHASH=93A138801D9601E4C36E6274C8B9D111
ParentProcessGuid: {e2c04bb9-d0f0-60c3-48da-ec0000000000}
ParentProcessId: 5632
ParentImage: C:\Windows\System32\cmd.exe
ParentCommandLine: ""C:\Windows\system32\cmd.exe"" ",1,-,{e2c04bb9-08cb-60c4-eb40-400100000000},4236,C:\TMP\CreateNamedPipe.exe,-,-,-,-,-,"""C:\TMP\CreateNamedPipe.exe""  msagent_fedac123",C:\Users\APT-Simulator\Documents\APTSimulator-master\,WORKSTATION5\APT-Simulator,{e2c04bb9-a708-60c3-fb19-370000000000},0x3719fb,2.0,High,"SHA1=571670869CFA7AE69103A2A7EF34BB8F5B607BF6,MD5=64AFCCF614577EA0B706665E6109572D,SHA256=5DDC0ABC2C0DA8195B7832EA1C27E0EBE6F2CC4EB379FEFEEBFBFD93DF12A181,IMPHASH=93A138801D9601E4C36E6274C8B9D111",{e2c04bb9-d0f0-60c3-48da-ec0000000000},5632.0,C:\Windows\System32\cmd.exe,"""C:\Windows\system32\cmd.exe"" ",,,,,,,,,,,,,,,,,,,,,,,,,,,,,,,,,,,,,,,,,,,,,,,,,,,,,,,,,,,,,,,,,,,,,,,,,,,,,,,,,,,,,,,,,,,,,,1,0,0,0,0,0,2,True
2021-06-12 01:07:23,446,Microsoft-Windows-Sysmon,{5770385f-c22a-43e0-bf4c-06f5698ffbd9},4,0x8000000000000000,Microsoft-Windows-Sysmon/Operational,WORKSTATION5,2021-06-11T09:07:23.342Z,2021-06-11T09:07:23.342Z,13,"Registry value set:
RuleName: -
EventType: SetValue
UtcTime: 2021-06-12 01:07:23.322
ProcessGuid: {e2c04bb9-d0f0-60c3-48da-ec0000000000}
ProcessId: 5632
Image: C:\Windows\system32\cmd.exe
TargetObject: HKLM\System\CurrentControlSet\Services\bam\State\UserSettings\S-1-5-21-315269454-3320600716-4144796452-500\\Device\HarddiskVolume2\TMP\CreateNamedPipe.exe
Details: Binary Data",13,-,{e2c04bb9-d0f0-60c3-48da-ec0000000000},5632,C:\Windows\system32\cmd.exe,,,,,,,,,,,,,,,,,,,,,,,,,,,,,,,,,,SetValue,HKLM\System\CurrentControlSet\Services\bam\State\UserSettings\S-1-5-21-315269454-3320600716-4144796452-500\\Device\HarddiskVolume2\TMP\CreateNamedPipe.exe,Binary Data,,,,,,,,,,,,,,,,,,,,,,,,,,,,,,,,,,,,,,,,,,,,,,,,,,,,,,,,,,,,,,,,,,,,,,,,,,,1,0,0,0,1,0,3,True
2021-06-12 01:07:23,511,Microsoft-Windows-Sysmon,{5770385f-c22a-43e0-bf4c-06f5698ffbd9},4,0x8000000000000000,Microsoft-Windows-Sysmon/Operational,WORKSTATION5,2021-06-11T09:07:23.389Z,2021-06-11T09:07:23.389Z,7,"Image loaded:
RuleName: -
UtcTime: 2021-06-12 01:07:23.369
ProcessGuid: {e2c04bb9-08cb-60c4-1644-400100000000}
ProcessId: 6568
Image: C:\Windows\System32\timeout.exe
ImageLoaded: C:\Windows\System32\imm32.dll
FileVersion: 10.0.18362.387 (WinBuild.160101.0800)
Description: Multi-User Windows IMM32 API Client DLL
Product: Microsoft® Windows® Operating System
Company: Microsoft Corporation
OriginalFileName: imm32
Hashes: SHA1=76BB2AB8D3CB6DB6D23F4771334C9AA9C231B03A,MD5=025CC332EDC4B1A38290F3E36BCEF4FB,SHA256=0FE3C1C575EA1B0257B2EB12527EC35E3004CD88EA5BAEC7095386A9F9EB70AD,IMPHASH=24F54B6761C10BA12481CF6C780605BF
Signed: true
Signature: Microsoft Windows
SignatureStatus: Valid",7,-,{e2c04bb9-08cb-60c4-1644-400100000000},6568,C:\Windows\System32\timeout.exe,10.0.18362.387 (WinBuild.160101.0800),Multi-User Windows IMM32 API Client DLL,Microsoft® Windows® Operating System,Microsoft Corporation,imm32,,,,,,,,"SHA1=76BB2AB8D3CB6DB6D23F4771334C9AA9C231B03A,MD5=025CC332EDC4B1A38290F3E36BCEF4FB,SHA256=0FE3C1C575EA1B0257B2EB12527EC35E3004CD88EA5BAEC7095386A9F9EB70AD,IMPHASH=24F54B6761C10BA12481CF6C780605BF",,,,,,,,,,,,,,C:\Windows\System32\imm32.dll,True,Microsoft Windows,Valid,,,,,,,,,,,,,,,,,,,,,,,,,,,,,,,,,,,,,,,,,,,,,,,,,,,,,,,,,,,,,,,,,,,,,,,,,,,,,,,,,1,0,0,0,1,0,4,True
2021-06-12 01:07:23,444,Microsoft-Windows-Sysmon,{5770385f-c22a-43e0-bf4c-06f5698ffbd9},4,0x8000000000000000,Microsoft-Windows-Sysmon/Operational,WORKSTATION5,2021-06-11T09:07:23.335Z,2021-06-11T09:07:23.335Z,7,"Image loaded:
RuleName: -
UtcTime: 2021-06-12 01:07:23.291
ProcessGuid: {e2c04bb9-08cb-60c4-7e09-000000000300}
ProcessId: 5924
Image: C:\Windows\System32\taskkill.exe
ImageLoaded: C:\Windows\System32\wbem\wmiutils.dll
FileVersion: 10.0.18362.1411 (WinBuild.160101.0800)
Description: WMI
Product: Microsoft® Windows® Operating System
Company: Microsoft Corporation
OriginalFileName: wmiutils.dll
Hashes: SHA1=C45125AA1D48EE8A3DFBDA74EBEF347FE9BFF995,MD5=C2E0734D16F1D21B0E9D2BECD3BBCA59,SHA256=F70B4442D6333B82B3336B7D0DDD1A46EF19453569514D646E20507DE1A61FB3,IMPHASH=0D31E6D27B954AD879CB4DF742982F1A
Signed: true
Signature: Microsoft Windows
SignatureStatus: Valid",7,-,{e2c04bb9-08cb-60c4-7e09-000000000300},5924,C:\Windows\System32\taskkill.exe,10.0.18362.1411 (WinBuild.160101.0800),WMI,Microsoft® Windows® Operating System,Microsoft Corporation,wmiutils.dll,,,,,,,,"SHA1=C45125AA1D48EE8A3DFBDA74EBEF347FE9BFF995,MD5=C2E0734D16F1D21B0E9D2BECD3BBCA59,SHA256=F70B4442D6333B82B3336B7D0DDD1A46EF19453569514D646E20507DE1A61FB3,IMPHASH=0D31E6D27B954AD879CB4DF742982F1A",,,,,,,,,,,,,,C:\Windows\System32\wbem\wmiutils.dll,True,Microsoft Windows,Valid,,,,,,,,,,,,,,,,,,,,,,,,,,,,,,,,,,,,,,,,,,,,,,,,,,,,,,,,,,,,,,,,,,,,,,,,,,,,,,,,,1,0,0,0,1,0,5,True
2021-06-12 01:07:23,443,Microsoft-Windows-Sysmon,{5770385f-c22a-43e0-bf4c-06f5698ffbd9},4,0x8000000000000000,Microsoft-Windows-Sysmon/Operational,WORKSTATION5,2021-06-11T09:07:23.333Z,2021-06-11T09:07:23.333Z,13,"Registry value set:
RuleName: -
EventType: SetValue
UtcTime: 2021-06-12 01:07:23.322
ProcessGuid: {e2c04bb9-a70e-60c3-0d61-390000000000}
ProcessId: 1320
Image: C:\Windows\Explorer.EXE
TargetObject: HKU\S-1-5-21-315269454-3320600716-4144796452-500\Software\Microsoft\Windows\CurrentVersion\ActivityDataModel\ReaderRevisionInfo\85CDB375-834F-3C5B-E914-6234264DF816
Details: Binary Data",13,-,{e2c04bb9-a70e-60c3-0d61-390000000000},1320,C:\Windows\Explorer.EXE,,,,,,,,,,,,,,,,,,,,,,,,,,,,,,,,,,SetValue,HKU\S-1-5-21-315269454-3320600716-4144796452-500\Software\Microsoft\Windows\CurrentVersion\ActivityDataModel\ReaderRevisionInfo\85CDB375-834F-3C5B-E914-6234264DF816,Binary Data,,,,,,,,,,,,,,,,,,,,,,,,,,,,,,,,,,,,,,,,,,,,,,,,,,,,,,,,,,,,,,,,,,,,,,,,,,,1,0,0,0,1,0,5,True
2021-06-12 01:07:23,465,Microsoft-Windows-Sysmon,{5770385f-c22a-43e0-bf4c-06f5698ffbd9},4,0x8000000000000000,Microsoft-Windows-Sysmon/Operational,WORKSTATION5,2021-06-11T09:07:23.364Z,2021-06-11T09:07:23.364Z,7,"Image loaded:
RuleName: -
UtcTime: 2021-06-12 01:07:23.337
ProcessGuid: {e2c04bb9-08cb-60c4-8009-000000000300}
ProcessId: 7024
Image: C:\Windows\System32\conhost.exe
ImageLoaded: C:\Windows\System32\rpcrt4.dll
FileVersion: 10.0.18362.1500 (WinBuild.160101.0800)
Description: Remote Procedure Call Runtime
Product: Microsoft® Windows® Operating System
Company: Microsoft Corporation
OriginalFileName: rpcrt4.dll
Hashes: SHA1=6A154351837808744BC8E40F730E9986F3CA9633,MD5=15C59ACA8F5DB60A430F3FABCE8B181C,SHA256=891D6ABD1CDFB5CC0CCD3E208B9A83D1FC7B6EBA84A4160DBC3A53F38C787639,IMPHASH=88E7E7C7FA90052EC162DD37F2B7C7BD
Signed: true
Signature: Microsoft Windows
SignatureStatus: Valid",7,-,{e2c04bb9-08cb-60c4-8009-000000000300},7024,C:\Windows\System32\conhost.exe,10.0.18362.1500 (WinBuild.160101.0800),Remote Procedure Call Runtime,Microsoft® Windows® Operating System,Microsoft Corporation,rpcrt4.dll,,,,,,,,"SHA1=6A154351837808744BC8E40F730E9986F3CA9633,MD5=15C59ACA8F5DB60A430F3FABCE8B181C,SHA256=891D6ABD1CDFB5CC0CCD3E208B9A83D1FC7B6EBA84A4160DBC3A53F38C787639,IMPHASH=88E7E7C7FA90052EC162DD37F2B7C7BD",,,,,,,,,,,,,,C:\Windows\System32\rpcrt4.dll,True,Microsoft Windows,Valid,,,,,,,,,,,,,,,,,,,,,,,,,,,,,,,,,,,,,,,,,,,,,,,,,,,,,,,,,,,,,,,,,,,,,,,,,,,,,,,,,0,0,0,0,1,0,5,True
2021-06-12 01:07:23,512,Microsoft-Windows-Sysmon,{5770385f-c22a-43e0-bf4c-06f5698ffbd9},4,0x8000000000000000,Microsoft-Windows-Sysmon/Operational,WORKSTATION5,2021-06-11T09:07:23.390Z,2021-06-11T09:07:23.390Z,7,"Image loaded:
RuleName: -
UtcTime: 2021-06-12 01:07:23.384
ProcessGuid: {e2c04bb9-08cb-60c4-8009-000000000300}
ProcessId: 7024
Image: C:\Windows\System32\conhost.exe
ImageLoaded: C:\Windows\System32\msctf.dll
FileVersion: 10.0.18362.1350 (WinBuild.160101.0800)
Description: MSCTF Server DLL
Product: Microsoft® Windows® Operating System
Company: Microsoft Corporation
OriginalFileName: MSCTF.DLL
Hashes: SHA1=CA97944441D4AB0CEA335E5460CE75CEDB5E2F9D,MD5=346A324DDC99D2C3006162EC00327EFA,SHA256=E9E1E3FA65DBA9AAB58FDBFB7A133ABDCE7859983EA37C846858BCB393A4BFD0,IMPHASH=AFB20639D1E130E9794035B64995B7E0
Signed: true
Signature: Microsoft Windows
SignatureStatus: Valid",7,-,{e2c04bb9-08cb-60c4-8009-000000000300},7024,C:\Windows\System32\conhost.exe,10.0.18362.1350 (WinBuild.160101.0800),MSCTF Server DLL,Microsoft® Windows® Operating System,Microsoft Corporation,MSCTF.DLL,,,,,,,,"SHA1=CA97944441D4AB0CEA335E5460CE75CEDB5E2F9D,MD5=346A324DDC99D2C3006162EC00327EFA,SHA256=E9E1E3FA65DBA9AAB58FDBFB7A133ABDCE7859983EA37C846858BCB393A4BFD0,IMPHASH=AFB20639D1E130E9794035B64995B7E0",,,,,,,,,,,,,,C:\Windows\System32\msctf.dll,True,Microsoft Windows,Valid,,,,,,,,,,,,,,,,,,,,,,,,,,,,,,,,,,,,,,,,,,,,,,,,,,,,,,,,,,,,,,,,,,,,,,,,,,,,,,,,,0,0,0,0,1,0,4,True
2021-06-12 01:07:23,533,Microsoft-Windows-Sysmon,{5770385f-c22a-43e0-bf4c-06f5698ffbd9},4,0x8000000000000000,Microsoft-Windows-Sysmon/Operational,WORKSTATION5,2021-06-11T09:07:23.412Z,2021-06-11T09:07:23.412Z,26,"File Delete logged:
RuleName: -
UtcTime: 2021-06-12 01:07:23.400
ProcessGuid: {e2c04bb9-a3ee-60c3-5100-000000000300}
ProcessId: 2288
User: NT AUTHORITY\SYSTEM
Image: C:\Windows\system32\svchost.exe
TargetFilename: C:\Windows\Prefetch\CREATENAMEDPIPE.EXE-727C57F3.pf
Hashes: SHA1=AD5164DFD50256F413E5FB84A21C870E4B812CA4,MD5=4D68D432AD9F2F91EAB792CCFB13DA01,SHA256=6EBE87AAE8240063356DD935567B6FE9B8E846F689048DCA1D0EEF8EAD968820,IMPHASH=00000000000000000000000000000000
IsExecutable: false",26,-,{e2c04bb9-a3ee-60c3-5100-000000000300},2288,C:\Windows\system32\svchost.exe,,,,,,,,NT AUTHORITY\SYSTEM,,,,,"SHA1=AD5164DFD50256F413E5FB84A21C870E4B812CA4,MD5=4D68D432AD9F2F91EAB792CCFB13DA01,SHA256=6EBE87AAE8240063356DD935567B6FE9B8E846F689048DCA1D0EEF8EAD968820,IMPHASH=00000000000000000000000000000000",,,,,,,,,,,,,,,,,,C:\Windows\Prefetch\CREATENAMEDPIPE.EXE-727C57F3.pf,False,,,,,,,,,,,,,,,,,,,,,,,,,,,,,,,,,,,,,,,,,,,,,,,,,,,,,,,,,,,,,,,,,,,,,,,,,,,,,,,0,0,0,0,1,0,4,True
2021-06-12 01:07:23,514,Microsoft-Windows-Sysmon,{5770385f-c22a-43e0-bf4c-06f5698ffbd9},4,0x8000000000000000,Microsoft-Windows-Sysmon/Operational,WORKSTATION5,2021-06-11T09:07:23.391Z,2021-06-11T09:07:23.391Z,10,"Process accessed:
RuleName: -
UtcTime: 2021-06-12 01:07:23.384
SourceProcessGUID: {e2c04bb9-a70e-60c3-0d61-390000000000}
SourceProcessId: 1320
SourceThreadId: 7300
SourceImage: C:\Windows\Explorer.EXE
TargetProcessGUID: {e2c04bb9-08cb-60c4-8009-000000000300}
TargetProcessId: 7024
TargetImage: C:\Windows\system32\conhost.exe
GrantedAccess: 0x1000
CallTrace: C:\Windows\SYSTEM32\ntdll.dll+9d364|C:\Windows\System32\KERNELBASE.dll+305ee|C:\Windows\SYSTEM32\TWINAPI.dll+2f93|C:\Windows\system32\twinui.pcshell.dll+22320|C:\Windows\system32\twinui.pcshell.dll+21b22|C:\Windows\system32\twinui.dll+5f85b|C:\Windows\system32\twinui.dll+5f36c|C:\Windows\system32\twinui.dll+1ef9a|C:\Windows\system32\twinui.dll+48799|C:\Windows\system32\twinui.dll+488db|C:\Windows\system32\twinui.dll+4885d|C:\Windows\System32\USER32.dll+15c1d|C:\Windows\System32\USER32.dll+15612|C:\Windows\System32\windows.immersiveshell.serviceprovider.dll+4860|C:\Windows\System32\windows.immersiveshell.serviceprovider.dll+4429|C:\Windows\System32\windows.immersiveshell.serviceprovider.dll+40bf|C:\Windows\System32\KERNEL32.DLL+17c24|C:\Windows\SYSTEM32\ntdll.dll+6d721",10,-,,0,,,,,,,,,,,,,,,,,,,{e2c04bb9-a70e-60c3-0d61-390000000000},1320,7300.0,C:\Windows\Explorer.EXE,{e2c04bb9-08cb-60c4-8009-000000000300},7024,C:\Windows\system32\conhost.exe,0x1000,C:\Windows\SYSTEM32\ntdll.dll+9d364|C:\Windows\System32\KERNELBASE.dll+305ee|C:\Windows\SYSTEM32\TWINAPI.dll+2f93|C:\Windows\system32\twinui.pcshell.dll+22320|C:\Windows\system32\twinui.pcshell.dll+21b22|C:\Windows\system32\twinui.dll+5f85b|C:\Windows\system32\twinui.dll+5f36c|C:\Windows\system32\twinui.dll+1ef9a|C:\Windows\system32\twinui.dll+48799|C:\Windows\system32\twinui.dll+488db|C:\Windows\system32\twinui.dll+4885d|C:\Windows\System32\USER32.dll+15c1d|C:\Windows\System32\USER32.dll+15612|C:\Windows\System32\windows.immersiveshell.serviceprovider.dll+4860|C:\Windows\System32\windows.immersiveshell.serviceprovider.dll+4429|C:\Windows\System32\windows.immersiveshell.serviceprovider.dll+40bf|C:\Windows\System32\KERNEL32.DLL+17c24|C:\Windows\SYSTEM32\ntdll.dll+6d721,,,,,,,,,,,,,,,,,,,,,,,,,,,,,,,,,,,,,,,,,,,,,,,,,,,,,,,,,,,,,,,,,,,,,,,,,,,,,,,,,,,,,0,0,0,0,1,0,4,True
2021-06-12 01:07:23,584,Microsoft-Windows-Sysmon,{5770385f-c22a-43e0-bf4c-06f5698ffbd9},4,0x8000000000000000,Microsoft-Windows-Sysmon/Operational,WORKSTATION5,2021-06-11T09:07:23.439Z,2021-06-11T09:07:23.439Z,10,"Process accessed:
RuleName: -
UtcTime: 2021-06-12 01:07:23.431
SourceProcessGUID: {e2c04bb9-a70e-60c3-0d61-390000000000}
SourceProcessId: 1320
SourceThreadId: 4520
SourceImage: C:\Windows\Explorer.EXE
TargetProcessGUID: {e2c04bb9-08cb-60c4-eb40-400100000000}
TargetProcessId: 4236
TargetImage: C:\TMP\CreateNamedPipe.exe
GrantedAccess: 0x1000
CallTrace: C:\Windows\SYSTEM32\ntdll.dll+9d364|C:\Windows\System32\KERNELBASE.dll+305ee|C:\Windows\system32\twinui.dll+3910e|C:\Windows\system32\twinui.dll+39053|C:\Windows\system32\twinui.dll+361ee|C:\Windows\system32\twinui.dll+35a9c|C:\Windows\system32\twinui.dll+364f5|C:\Windows\system32\twinui.dll+313c0|C:\Windows\system32\twinui.dll+305aa|C:\Windows\System32\shcore.dll+1a8c9|C:\Windows\System32\shcore.dll+1a668|C:\Windows\System32\shcore.dll+19681|C:\Windows\System32\KERNEL32.DLL+17c24|C:\Windows\SYSTEM32\ntdll.dll+6d721",10,-,,0,,,,,,,,,,,,,,,,,,,{e2c04bb9-a70e-60c3-0d61-390000000000},1320,4520.0,C:\Windows\Explorer.EXE,{e2c04bb9-08cb-60c4-eb40-400100000000},4236,C:\TMP\CreateNamedPipe.exe,0x1000,C:\Windows\SYSTEM32\ntdll.dll+9d364|C:\Windows\System32\KERNELBASE.dll+305ee|C:\Windows\system32\twinui.dll+3910e|C:\Windows\system32\twinui.dll+39053|C:\Windows\system32\twinui.dll+361ee|C:\Windows\system32\twinui.dll+35a9c|C:\Windows\system32\twinui.dll+364f5|C:\Windows\system32\twinui.dll+313c0|C:\Windows\system32\twinui.dll+305aa|C:\Windows\System32\shcore.dll+1a8c9|C:\Windows\System32\shcore.dll+1a668|C:\Windows\System32\shcore.dll+19681|C:\Windows\System32\KERNEL32.DLL+17c24|C:\Windows\SYSTEM32\ntdll.dll+6d721,,,,,,,,,,,,,,,,,,,,,,,,,,,,,,,,,,,,,,,,,,,,,,,,,,,,,,,,,,,,,,,,,,,,,,,,,,,,,,,,,,,,,0,0,0,0,0,0,3,True
2021-06-12 01:07:23,583,Microsoft-Windows-Sysmon,{5770385f-c22a-43e0-bf4c-06f5698ffbd9},4,0x8000000000000000,Microsoft-Windows-Sysmon/Operational,WORKSTATION5,2021-06-11T09:07:23.439Z,2021-06-11T09:07:23.439Z,10,"Process accessed:
RuleName: -
UtcTime: 2021-06-12 01:07:23.431
SourceProcessGUID: {e2c04bb9-a346-60c3-0f00-000000000300}
SourceProcessId: 876
SourceThreadId: 8492
SourceImage: C:\Windows\system32\svchost.exe
TargetProcessGUID: {e2c04bb9-08cb-60c4-eb40-400100000000}
TargetProcessId: 4236
TargetImage: C:\TMP\CreateNamedPipe.exe
GrantedAccess: 0x1000
CallTrace: C:\Windows\SYSTEM32\ntdll.dll+9d364|C:\Windows\System32\KERNELBASE.dll+305ee|C:\Windows\SYSTEM32\resourcepolicyserver.dll+a77f|C:\Windows\SYSTEM32\resourcepolicyserver.dll+97d6|C:\Windows\SYSTEM32\resourcepolicyserver.dll+4b1d|C:\Windows\System32\RPCRT4.dll+78553|C:\Windows\System32\RPCRT4.dll+d9d6d|C:\Windows\System32\RPCRT4.dll+26a9c|C:\Windows\System32\RPCRT4.dll+598c8|C:\Windows\System32\RPCRT4.dll+48041|C:\Windows\System32\RPCRT4.dll+478fb|C:\Windows\System32\RPCRT4.dll+1cb6f|C:\Windows\System32\RPCRT4.dll+1c01a|C:\Windows\System32\RPCRT4.dll+1b601|C:\Windows\System32\RPCRT4.dll+1b06e|C:\Windows\System32\RPCRT4.dll+18da5|C:\Windows\SYSTEM32\ntdll.dll+333ed|C:\Windows\SYSTEM32\ntdll.dll+34142|C:\Windows\System32\KERNEL32.DLL+17c24|C:\Windows\SYSTEM32\ntdll.dll+6d721",10,-,,0,,,,,,,,,,,,,,,,,,,{e2c04bb9-a346-60c3-0f00-000000000300},876,8492.0,C:\Windows\system32\svchost.exe,{e2c04bb9-08cb-60c4-eb40-400100000000},4236,C:\TMP\CreateNamedPipe.exe,0x1000,C:\Windows\SYSTEM32\ntdll.dll+9d364|C:\Windows\System32\KERNELBASE.dll+305ee|C:\Windows\SYSTEM32\resourcepolicyserver.dll+a77f|C:\Windows\SYSTEM32\resourcepolicyserver.dll+97d6|C:\Windows\SYSTEM32\resourcepolicyserver.dll+4b1d|C:\Windows\System32\RPCRT4.dll+78553|C:\Windows\System32\RPCRT4.dll+d9d6d|C:\Windows\System32\RPCRT4.dll+26a9c|C:\Windows\System32\RPCRT4.dll+598c8|C:\Windows\System32\RPCRT4.dll+48041|C:\Windows\System32\RPCRT4.dll+478fb|C:\Windows\System32\RPCRT4.dll+1cb6f|C:\Windows\System32\RPCRT4.dll+1c01a|C:\Windows\System32\RPCRT4.dll+1b601|C:\Windows\System32\RPCRT4.dll+1b06e|C:\Windows\System32\RPCRT4.dll+18da5|C:\Windows\SYSTEM32\ntdll.dll+333ed|C:\Windows\SYSTEM32\ntdll.dll+34142|C:\Windows\System32\KERNEL32.DLL+17c24|C:\Windows\SYSTEM32\ntdll.dll+6d721,,,,,,,,,,,,,,,,,,,,,,,,,,,,,,,,,,,,,,,,,,,,,,,,,,,,,,,,,,,,,,,,,,,,,,,,,,,,,,,,,,,,,0,0,0,0,0,0,3,True
2021-06-12 01:07:23,582,Microsoft-Windows-Sysmon,{5770385f-c22a-43e0-bf4c-06f5698ffbd9},4,0x8000000000000000,Microsoft-Windows-Sysmon/Operational,WORKSTATION5,2021-06-11T09:07:23.439Z,2021-06-11T09:07:23.439Z,10,"Process accessed:
RuleName: -
UtcTime: 2021-06-12 01:07:23.431
SourceProcessGUID: {e2c04bb9-a346-60c3-0f00-000000000300}
SourceProcessId: 876
SourceThreadId: 8492
SourceImage: C:\Windows\system32\svchost.exe
TargetProcessGUID: {e2c04bb9-08cb-60c4-eb40-400100000000}
TargetProcessId: 4236
TargetImage: C:\TMP\CreateNamedPipe.exe
GrantedAccess: 0x1000
CallTrace: C:\Windows\SYSTEM32\ntdll.dll+9d364|C:\Windows\System32\KERNELBASE.dll+305ee|C:\Windows\SYSTEM32\resourcepolicyserver.dll+5b76|C:\Windows\SYSTEM32\resourcepolicyserver.dll+88a0|C:\Windows\SYSTEM32\resourcepolicyserver.dll+a256|C:\Windows\SYSTEM32\resourcepolicyserver.dll+97c5|C:\Windows\SYSTEM32\resourcepolicyserver.dll+4b1d|C:\Windows\System32\RPCRT4.dll+78553|C:\Windows\System32\RPCRT4.dll+d9d6d|C:\Windows\System32\RPCRT4.dll+26a9c|C:\Windows\System32\RPCRT4.dll+598c8|C:\Windows\System32\RPCRT4.dll+48041|C:\Windows\System32\RPCRT4.dll+478fb|C:\Windows\System32\RPCRT4.dll+1cb6f|C:\Windows\System32\RPCRT4.dll+1c01a|C:\Windows\System32\RPCRT4.dll+1b601|C:\Windows\System32\RPCRT4.dll+1b06e|C:\Windows\System32\RPCRT4.dll+18da5|C:\Windows\SYSTEM32\ntdll.dll+333ed|C:\Windows\SYSTEM32\ntdll.dll+34142|C:\Windows\System32\KERNEL32.DLL+17c24|C:\Windows\SYSTEM32\ntdll.dll+6d721",10,-,,0,,,,,,,,,,,,,,,,,,,{e2c04bb9-a346-60c3-0f00-000000000300},876,8492.0,C:\Windows\system32\svchost.exe,{e2c04bb9-08cb-60c4-eb40-400100000000},4236,C:\TMP\CreateNamedPipe.exe,0x1000,C:\Windows\SYSTEM32\ntdll.dll+9d364|C:\Windows\System32\KERNELBASE.dll+305ee|C:\Windows\SYSTEM32\resourcepolicyserver.dll+5b76|C:\Windows\SYSTEM32\resourcepolicyserver.dll+88a0|C:\Windows\SYSTEM32\resourcepolicyserver.dll+a256|C:\Windows\SYSTEM32\resourcepolicyserver.dll+97c5|C:\Windows\SYSTEM32\resourcepolicyserver.dll+4b1d|C:\Windows\System32\RPCRT4.dll+78553|C:\Windows\System32\RPCRT4.dll+d9d6d|C:\Windows\System32\RPCRT4.dll+26a9c|C:\Windows\System32\RPCRT4.dll+598c8|C:\Windows\System32\RPCRT4.dll+48041|C:\Windows\System32\RPCRT4.dll+478fb|C:\Windows\System32\RPCRT4.dll+1cb6f|C:\Windows\System32\RPCRT4.dll+1c01a|C:\Windows\System32\RPCRT4.dll+1b601|C:\Windows\System32\RPCRT4.dll+1b06e|C:\Windows\System32\RPCRT4.dll+18da5|C:\Windows\SYSTEM32\ntdll.dll+333ed|C:\Windows\SYSTEM32\ntdll.dll+34142|C:\Windows\System32\KERNEL32.DLL+17c24|C:\Windows\SYSTEM32\ntdll.dll+6d721,,,,,,,,,,,,,,,,,,,,,,,,,,,,,,,,,,,,,,,,,,,,,,,,,,,,,,,,,,,,,,,,,,,,,,,,,,,,,,,,,,,,,0,0,0,0,0,0,2,True
2021-06-12 01:07:23,581,Microsoft-Windows-Sysmon,{5770385f-c22a-43e0-bf4c-06f5698ffbd9},4,0x8000000000000000,Microsoft-Windows-Sysmon/Operational,WORKSTATION5,2021-06-11T09:07:23.439Z,2021-06-11T09:07:23.439Z,10,"Process accessed:
RuleName: -
UtcTime: 2021-06-12 01:07:23.431
SourceProcessGUID: {e2c04bb9-a70e-60c3-0d61-390000000000}
SourceProcessId: 1320
SourceThreadId: 4520
SourceImage: C:\Windows\Explorer.EXE
TargetProcessGUID: {e2c04bb9-08cb-60c4-eb40-400100000000}
TargetProcessId: 4236
TargetImage: C:\TMP\CreateNamedPipe.exe
GrantedAccess: 0x1000
CallTrace: C:\Windows\SYSTEM32\ntdll.dll+9d364|C:\Windows\System32\KERNELBASE.dll+305ee|C:\Windows\system32\twinui.dll+35d65|C:\Windows\system32\twinui.dll+35c7d|C:\Windows\system32\twinui.dll+36749|C:\Windows\system32\twinui.dll+3646e|C:\Windows\system32\twinui.dll+313c0|C:\Windows\system32\twinui.dll+305aa|C:\Windows\System32\shcore.dll+1a8c9|C:\Windows\System32\shcore.dll+1a668|C:\Windows\System32\shcore.dll+19681|C:\Windows\System32\KERNEL32.DLL+17c24|C:\Windows\SYSTEM32\ntdll.dll+6d721",10,-,,0,,,,,,,,,,,,,,,,,,,{e2c04bb9-a70e-60c3-0d61-390000000000},1320,4520.0,C:\Windows\Explorer.EXE,{e2c04bb9-08cb-60c4-eb40-400100000000},4236,C:\TMP\CreateNamedPipe.exe,0x1000,C:\Windows\SYSTEM32\ntdll.dll+9d364|C:\Windows\System32\KERNELBASE.dll+305ee|C:\Windows\system32\twinui.dll+35d65|C:\Windows\system32\twinui.dll+35c7d|C:\Windows\system32\twinui.dll+36749|C:\Windows\system32\twinui.dll+3646e|C:\Windows\system32\twinui.dll+313c0|C:\Windows\system32\twinui.dll+305aa|C:\Windows\System32\shcore.dll+1a8c9|C:\Windows\System32\shcore.dll+1a668|C:\Windows\System32\shcore.dll+19681|C:\Windows\System32\KERNEL32.DLL+17c24|C:\Windows\SYSTEM32\ntdll.dll+6d721,,,,,,,,,,,,,,,,,,,,,,,,,,,,,,,,,,,,,,,,,,,,,,,,,,,,,,,,,,,,,,,,,,,,,,,,,,,,,,,,,,,,,0,0,0,0,0,0,1,True
2021-06-12 01:07:23,580,Microsoft-Windows-Sysmon,{5770385f-c22a-43e0-bf4c-06f5698ffbd9},4,0x8000000000000000,Microsoft-Windows-Sysmon/Operational,WORKSTATION5,2021-06-11T09:07:23.439Z,2021-06-11T09:07:23.439Z,10,"Process accessed:
RuleName: -
UtcTime: 2021-06-12 01:07:23.431
SourceProcessGUID: {e2c04bb9-a70e-60c3-0d61-390000000000}
SourceProcessId: 1320
SourceThreadId: 8716
SourceImage: C:\Windows\Explorer.EXE
TargetProcessGUID: {e2c04bb9-08cb-60c4-eb40-400100000000}
TargetProcessId: 4236
TargetImage: C:\TMP\CreateNamedPipe.exe
GrantedAccess: 0x1000
CallTrace: C:\Windows\SYSTEM32\ntdll.dll+9d364|C:\Windows\System32\KERNELBASE.dll+305ee|C:\Windows\System32\NPSMDesktopProvider.dll+1dfba|C:\Windows\System32\NPSMDesktopProvider.dll+13b42|C:\Windows\System32\NPSMDesktopProvider.dll+142bb|C:\Windows\System32\shcore.dll+1a8c9|C:\Windows\System32\shcore.dll+1a668|C:\Windows\System32\shcore.dll+19681|C:\Windows\System32\KERNEL32.DLL+17c24|C:\Windows\SYSTEM32\ntdll.dll+6d721",10,-,,0,,,,,,,,,,,,,,,,,,,{e2c04bb9-a70e-60c3-0d61-390000000000},1320,8716.0,C:\Windows\Explorer.EXE,{e2c04bb9-08cb-60c4-eb40-400100000000},4236,C:\TMP\CreateNamedPipe.exe,0x1000,C:\Windows\SYSTEM32\ntdll.dll+9d364|C:\Windows\System32\KERNELBASE.dll+305ee|C:\Windows\System32\NPSMDesktopProvider.dll+1dfba|C:\Windows\System32\NPSMDesktopProvider.dll+13b42|C:\Windows\System32\NPSMDesktopProvider.dll+142bb|C:\Windows\System32\shcore.dll+1a8c9|C:\Windows\System32\shcore.dll+1a668|C:\Windows\System32\shcore.dll+19681|C:\Windows\System32\KERNEL32.DLL+17c24|C:\Windows\SYSTEM32\ntdll.dll+6d721,,,,,,,,,,,,,,,,,,,,,,,,,,,,,,,,,,,,,,,,,,,,,,,,,,,,,,,,,,,,,,,,,,,,,,,,,,,,,,,,,,,,,0,0,0,0,0,0,1,True
2021-06-12 01:07:23,579,Microsoft-Windows-Sysmon,{5770385f-c22a-43e0-bf4c-06f5698ffbd9},4,0x8000000000000000,Microsoft-Windows-Sysmon/Operational,WORKSTATION5,2021-06-11T09:07:23.439Z,2021-06-11T09:07:23.439Z,10,"Process accessed:
RuleName: -
UtcTime: 2021-06-12 01:07:23.431
SourceProcessGUID: {e2c04bb9-a70e-60c3-0d61-390000000000}
SourceProcessId: 1320
SourceThreadId: 4520
SourceImage: C:\Windows\Explorer.EXE
TargetProcessGUID: {e2c04bb9-08cb-60c4-eb40-400100000000}
TargetProcessId: 4236
TargetImage: C:\TMP\CreateNamedPipe.exe
GrantedAccess: 0x1000
CallTrace: C:\Windows\SYSTEM32\ntdll.dll+9d364|C:\Windows\System32\KERNELBASE.dll+305ee|C:\Windows\system32\twinui.dll+325a2|C:\Windows\system32\twinui.dll+3139d|C:\Windows\system32\twinui.dll+305aa|C:\Windows\System32\shcore.dll+1a8c9|C:\Windows\System32\shcore.dll+1a668|C:\Windows\System32\shcore.dll+19681|C:\Windows\System32\KERNEL32.DLL+17c24|C:\Windows\SYSTEM32\ntdll.dll+6d721",10,-,,0,,,,,,,,,,,,,,,,,,,{e2c04bb9-a70e-60c3-0d61-390000000000},1320,4520.0,C:\Windows\Explorer.EXE,{e2c04bb9-08cb-60c4-eb40-400100000000},4236,C:\TMP\CreateNamedPipe.exe,0x1000,C:\Windows\SYSTEM32\ntdll.dll+9d364|C:\Windows\System32\KERNELBASE.dll+305ee|C:\Windows\system32\twinui.dll+325a2|C:\Windows\system32\twinui.dll+3139d|C:\Windows\system32\twinui.dll+305aa|C:\Windows\System32\shcore.dll+1a8c9|C:\Windows\System32\shcore.dll+1a668|C:\Windows\System32\shcore.dll+19681|C:\Windows\System32\KERNEL32.DLL+17c24|C:\Windows\SYSTEM32\ntdll.dll+6d721,,,,,,,,,,,,,,,,,,,,,,,,,,,,,,,,,,,,,,,,,,,,,,,,,,,,,,,,,,,,,,,,,,,,,,,,,,,,,,,,,,,,,0,0,0,0,0,0,1,True
2021-06-12 01:07:23,577,Microsoft-Windows-Sysmon,{5770385f-c22a-43e0-bf4c-06f5698ffbd9},4,0x8000000000000000,Microsoft-Windows-Sysmon/Operational,WORKSTATION5,2021-06-11T09:07:23.439Z,2021-06-11T09:07:23.439Z,13,"Registry value set:
RuleName: -
EventType: SetValue
UtcTime: 2021-06-12 01:07:23.431
ProcessGuid: {e2c04bb9-a70e-60c3-0d61-390000000000}
ProcessId: 1320
Image: C:\Windows\Explorer.EXE
TargetObject: HKU\S-1-5-21-315269454-3320600716-4144796452-500\Software\Microsoft\Windows\CurrentVersion\Explorer\UserAssist\{CEBFF5CD-ACE2-4F4F-9178-9926F41749EA}\Count\{1NP14R77-02R7-4R5Q-O744-2RO1NR5198O7}\pzq.rkr
Details: Binary Data",13,-,{e2c04bb9-a70e-60c3-0d61-390000000000},1320,C:\Windows\Explorer.EXE,,,,,,,,,,,,,,,,,,,,,,,,,,,,,,,,,,SetValue,HKU\S-1-5-21-315269454-3320600716-4144796452-500\Software\Microsoft\Windows\CurrentVersion\Explorer\UserAssist\{CEBFF5CD-ACE2-4F4F-9178-9926F41749EA}\Count\{1NP14R77-02R7-4R5Q-O744-2RO1NR5198O7}\pzq.rkr,Binary Data,,,,,,,,,,,,,,,,,,,,,,,,,,,,,,,,,,,,,,,,,,,,,,,,,,,,,,,,,,,,,,,,,,,,,,,,,,,0,0,0,0,1,0,2,True
2021-06-12 01:07:23,576,Microsoft-Windows-Sysmon,{5770385f-c22a-43e0-bf4c-06f5698ffbd9},4,0x8000000000000000,Microsoft-Windows-Sysmon/Operational,WORKSTATION5,2021-06-11T09:07:23.439Z,2021-06-11T09:07:23.439Z,10,"Process accessed:
RuleName: -
UtcTime: 2021-06-12 01:07:23.431
SourceProcessGUID: {e2c04bb9-a70e-60c3-0d61-390000000000}
SourceProcessId: 1320
SourceThreadId: 7340
SourceImage: C:\Windows\Explorer.EXE
TargetProcessGUID: {e2c04bb9-08cb-60c4-eb40-400100000000}
TargetProcessId: 4236
TargetImage: C:\TMP\CreateNamedPipe.exe
GrantedAccess: 0x1410
CallTrace: C:\Windows\SYSTEM32\ntdll.dll+9d364|C:\Windows\System32\KERNELBASE.dll+305ee|C:\Windows\System32\appresolver.dll+22138|C:\Windows\System32\appresolver.dll+1f1b6|C:\Windows\System32\appresolver.dll+1ef27|C:\Windows\Explorer.EXE+2b487|C:\Windows\Explorer.EXE+2b384|C:\Windows\Explorer.EXE+70210|C:\Windows\System32\windows.storage.dll+1725a4|C:\Windows\System32\windows.storage.dll+1721e5|C:\Windows\System32\windows.storage.dll+1720c5|C:\Windows\System32\shcore.dll+31d96|C:\Windows\SYSTEM32\ntdll.dll+2f655|C:\Windows\SYSTEM32\ntdll.dll+345b4|C:\Windows\System32\KERNEL32.DLL+17c24|C:\Windows\SYSTEM32\ntdll.dll+6d721",10,-,,0,,,,,,,,,,,,,,,,,,,{e2c04bb9-a70e-60c3-0d61-390000000000},1320,7340.0,C:\Windows\Explorer.EXE,{e2c04bb9-08cb-60c4-eb40-400100000000},4236,C:\TMP\CreateNamedPipe.exe,0x1410,C:\Windows\SYSTEM32\ntdll.dll+9d364|C:\Windows\System32\KERNELBASE.dll+305ee|C:\Windows\System32\appresolver.dll+22138|C:\Windows\System32\appresolver.dll+1f1b6|C:\Windows\System32\appresolver.dll+1ef27|C:\Windows\Explorer.EXE+2b487|C:\Windows\Explorer.EXE+2b384|C:\Windows\Explorer.EXE+70210|C:\Windows\System32\windows.storage.dll+1725a4|C:\Windows\System32\windows.storage.dll+1721e5|C:\Windows\System32\windows.storage.dll+1720c5|C:\Windows\System32\shcore.dll+31d96|C:\Windows\SYSTEM32\ntdll.dll+2f655|C:\Windows\SYSTEM32\ntdll.dll+345b4|C:\Windows\System32\KERNEL32.DLL+17c24|C:\Windows\SYSTEM32\ntdll.dll+6d721,,,,,,,,,,,,,,,,,,,,,,,,,,,,,,,,,,,,,,,,,,,,,,,,,,,,,,,,,,,,,,,,,,,,,,,,,,,,,,,,,,,,,0,0,0,0,1,0,2,True
2021-06-12 01:07:23,575,Microsoft-Windows-Sysmon,{5770385f-c22a-43e0-bf4c-06f5698ffbd9},4,0x8000000000000000,Microsoft-Windows-Sysmon/Operational,WORKSTATION5,2021-06-11T09:07:23.439Z,2021-06-11T09:07:23.439Z,10,"Process accessed:
RuleName: -
UtcTime: 2021-06-12 01:07:23.431
SourceProcessGUID: {e2c04bb9-a70e-60c3-0d61-390000000000}
SourceProcessId: 1320
SourceThreadId: 7340
SourceImage: C:\Windows\Explorer.EXE
TargetProcessGUID: {e2c04bb9-08cb-60c4-eb40-400100000000}
TargetProcessId: 4236
TargetImage: C:\TMP\CreateNamedPipe.exe
GrantedAccess: 0x1000
CallTrace: C:\Windows\SYSTEM32\ntdll.dll+9d364|C:\Windows\System32\KERNELBASE.dll+305ee|C:\Windows\System32\appresolver.dll+1f103|C:\Windows\System32\appresolver.dll+1ef27|C:\Windows\Explorer.EXE+2b487|C:\Windows\Explorer.EXE+2b384|C:\Windows\Explorer.EXE+70210|C:\Windows\System32\windows.storage.dll+1725a4|C:\Windows\System32\windows.storage.dll+1721e5|C:\Windows\System32\windows.storage.dll+1720c5|C:\Windows\System32\shcore.dll+31d96|C:\Windows\SYSTEM32\ntdll.dll+2f655|C:\Windows\SYSTEM32\ntdll.dll+345b4|C:\Windows\System32\KERNEL32.DLL+17c24|C:\Windows\SYSTEM32\ntdll.dll+6d721",10,-,,0,,,,,,,,,,,,,,,,,,,{e2c04bb9-a70e-60c3-0d61-390000000000},1320,7340.0,C:\Windows\Explorer.EXE,{e2c04bb9-08cb-60c4-eb40-400100000000},4236,C:\TMP\CreateNamedPipe.exe,0x1000,C:\Windows\SYSTEM32\ntdll.dll+9d364|C:\Windows\System32\KERNELBASE.dll+305ee|C:\Windows\System32\appresolver.dll+1f103|C:\Windows\System32\appresolver.dll+1ef27|C:\Windows\Explorer.EXE+2b487|C:\Windows\Explorer.EXE+2b384|C:\Windows\Explorer.EXE+70210|C:\Windows\System32\windows.storage.dll+1725a4|C:\Windows\System32\windows.storage.dll+1721e5|C:\Windows\System32\windows.storage.dll+1720c5|C:\Windows\System32\shcore.dll+31d96|C:\Windows\SYSTEM32\ntdll.dll+2f655|C:\Windows\SYSTEM32\ntdll.dll+345b4|C:\Windows\System32\KERNEL32.DLL+17c24|C:\Windows\SYSTEM32\ntdll.dll+6d721,,,,,,,,,,,,,,,,,,,,,,,,,,,,,,,,,,,,,,,,,,,,,,,,,,,,,,,,,,,,,,,,,,,,,,,,,,,,,,,,,,,,,0,0,0,0,1,0,2,True
2021-06-12 01:07:23,585,Microsoft-Windows-Sysmon,{5770385f-c22a-43e0-bf4c-06f5698ffbd9},4,0x8000000000000000,Microsoft-Windows-Sysmon/Operational,WORKSTATION5,2021-06-11T09:07:23.439Z,2021-06-11T09:07:23.439Z,12,"Registry object added or deleted:
RuleName: -
EventType: CreateKey
UtcTime: 2021-06-12 01:07:23.431
ProcessGuid: {e2c04bb9-a31b-60c3-eb03-000000000000}
ProcessId: 4
Image: System
TargetObject: HKLM\System\CurrentControlSet\Services\bam\State\UserSettings\S-1-5-21-315269454-3320600716-4144796452-500",12,-,{e2c04bb9-a31b-60c3-eb03-000000000000},4,System,,,,,,,,,,,,,,,,,,,,,,,,,,,,,,,,,,CreateKey,HKLM\System\CurrentControlSet\Services\bam\State\UserSettings\S-1-5-21-315269454-3320600716-4144796452-500,,,,,,,,,,,,,,,,,,,,,,,,,,,,,,,,,,,,,,,,,,,,,,,,,,,,,,,,,,,,,,,,,,,,,,,,,,,,0,0,0,1,1,0,3,True
