2021-06-12 01:07:23,524,Microsoft-Windows-Sysmon,{5770385f-c22a-43e0-bf4c-06f5698ffbd9},4,0x8000000000000000,Microsoft-Windows-Sysmon/Operational,WORKSTATION5,2021-06-11T09:07:23.404Z,2021-06-11T09:07:23.404Z,10,"Process accessed:
RuleName: -
UtcTime: 2021-06-12 01:07:23.400
SourceProcessGUID: {e2c04bb9-a70c-60c3-6abd-380000000000}
SourceProcessId: 1152
SourceThreadId: 828
SourceImage: C:\Windows\system32\ctfmon.exe
TargetProcessGUID: {e2c04bb9-08cb-60c4-8009-000000000300}
TargetProcessId: 7024
TargetImage: C:\Windows\system32\conhost.exe
GrantedAccess: 0x1000
CallTrace: C:\Windows\SYSTEM32\ntdll.dll+9df34|C:\Windows\System32\MSCTF.dll+9450|C:\Windows\System32\MSCTF.dll+85ec|C:\Windows\System32\MSCTF.dll+827f|C:\Windows\System32\MSCTF.dll+80e2|C:\Windows\System32\KERNEL32.DLL+17c24|C:\Windows\SYSTEM32\ntdll.dll+6d721",10,-,,0,,,,,,,,,,,,,,,,,,,{e2c04bb9-a70c-60c3-6abd-380000000000},1152,828.0,C:\Windows\system32\ctfmon.exe,{e2c04bb9-08cb-60c4-8009-000000000300},7024,C:\Windows\system32\conhost.exe,0x1000,C:\Windows\SYSTEM32\ntdll.dll+9df34|C:\Windows\System32\MSCTF.dll+9450|C:\Windows\System32\MSCTF.dll+85ec|C:\Windows\System32\MSCTF.dll+827f|C:\Windows\System32\MSCTF.dll+80e2|C:\Windows\System32\KERNEL32.DLL+17c24|C:\Windows\SYSTEM32\ntdll.dll+6d721,,,,,,,,,,,,,,,,,,,,,,,,,,,,,,,,,,,,,,,,,,,,,,,,,,,,,,,,,,,,,,,,,,,,,,,,,,,,,,,,,,,,,0,0,0,0,0,0,2,True
2021-06-12 01:07:23,561,Microsoft-Windows-Sysmon,{5770385f-c22a-43e0-bf4c-06f5698ffbd9},4,0x8000000000000000,Microsoft-Windows-Sysmon/Operational,WORKSTATION5,2021-06-11T09:07:23.438Z,2021-06-11T09:07:23.438Z,10,"Process accessed:
RuleName: -
UtcTime: 2021-06-12 01:07:23.415
SourceProcessGUID: {e2c04bb9-a70e-60c3-0d61-390000000000}
SourceProcessId: 1320
SourceThreadId: 7300
SourceImage: C:\Windows\Explorer.EXE
TargetProcessGUID: {e2c04bb9-a909-60c3-c871-6c0000000000}
TargetProcessId: 8912
TargetImage: C:\Windows\System32\WindowsPowerShell\v1.0\powershell.exe
GrantedAccess: 0x2000
CallTrace: C:\Windows\SYSTEM32\ntdll.dll+9d364|C:\Windows\System32\KERNELBASE.dll+305ee|C:\Windows\system32\twinui.dll+2adb9|C:\Windows\system32\twinui.dll+29292|C:\Windows\system32\twinui.dll+5f85b|C:\Windows\system32\twinui.dll+5f36c|C:\Windows\system32\twinui.dll+1ef9a|C:\Windows\system32\twinui.dll+48799|C:\Windows\system32\twinui.dll+488db|C:\Windows\system32\twinui.dll+4885d|C:\Windows\System32\USER32.dll+15c1d|C:\Windows\System32\USER32.dll+15612|C:\Windows\System32\windows.immersiveshell.serviceprovider.dll+4860|C:\Windows\System32\windows.immersiveshell.serviceprovider.dll+4429|C:\Windows\System32\windows.immersiveshell.serviceprovider.dll+40bf|C:\Windows\System32\KERNEL32.DLL+17c24|C:\Windows\SYSTEM32\ntdll.dll+6d721",10,-,,0,,,,,,,,,,,,,,,,,,,{e2c04bb9-a70e-60c3-0d61-390000000000},1320,7300.0,C:\Windows\Explorer.EXE,{e2c04bb9-a909-60c3-c871-6c0000000000},8912,C:\Windows\System32\WindowsPowerShell\v1.0\powershell.exe,0x2000,C:\Windows\SYSTEM32\ntdll.dll+9d364|C:\Windows\System32\KERNELBASE.dll+305ee|C:\Windows\system32\twinui.dll+2adb9|C:\Windows\system32\twinui.dll+29292|C:\Windows\system32\twinui.dll+5f85b|C:\Windows\system32\twinui.dll+5f36c|C:\Windows\system32\twinui.dll+1ef9a|C:\Windows\system32\twinui.dll+48799|C:\Windows\system32\twinui.dll+488db|C:\Windows\system32\twinui.dll+4885d|C:\Windows\System32\USER32.dll+15c1d|C:\Windows\System32\USER32.dll+15612|C:\Windows\System32\windows.immersiveshell.serviceprovider.dll+4860|C:\Windows\System32\windows.immersiveshell.serviceprovider.dll+4429|C:\Windows\System32\windows.immersiveshell.serviceprovider.dll+40bf|C:\Windows\System32\KERNEL32.DLL+17c24|C:\Windows\SYSTEM32\ntdll.dll+6d721,,,,,,,,,,,,,,,,,,,,,,,,,,,,,,,,,,,,,,,,,,,,,,,,,,,,,,,,,,,,,,,,,,,,,,,,,,,,,,,,,,,,,0,0,0,0,0,0,2,True
2021-06-12 01:07:23,537,Microsoft-Windows-Sysmon,{5770385f-c22a-43e0-bf4c-06f5698ffbd9},4,0x8000000000000000,Microsoft-Windows-Sysmon/Operational,WORKSTATION5,2021-06-11T09:07:23.415Z,2021-06-11T09:07:23.415Z,10,"Process accessed:
RuleName: -
UtcTime: 2021-06-12 01:07:23.400
SourceProcessGUID: {e2c04bb9-a70e-60c3-0d61-390000000000}
SourceProcessId: 1320
SourceThreadId: 7300
SourceImage: C:\Windows\Explorer.EXE
TargetProcessGUID: {e2c04bb9-08cb-60c4-eb40-400100000000}
TargetProcessId: 4236
TargetImage: C:\TMP\CreateNamedPipe.exe
GrantedAccess: 0x1000
CallTrace: C:\Windows\SYSTEM32\ntdll.dll+9d364|C:\Windows\System32\KERNELBASE.dll+305ee|C:\Windows\system32\twinui.pcshell.dll+c795|C:\Windows\system32\twinui.pcshell.dll+c03c|C:\Windows\system32\twinui.pcshell.dll+7e9a1|C:\Windows\system32\twinui.pcshell.dll+754e9|C:\Windows\system32\twinui.pcshell.dll+696f2|C:\Windows\system32\twinui.pcshell.dll+57ba2|C:\Windows\system32\twinui.pcshell.dll+2a167|C:\Windows\system32\twinui.pcshell.dll+57ba2|C:\Windows\system32\twinui.pcshell.dll+590be|C:\Windows\system32\twinui.pcshell.dll+7eaa6|C:\Windows\system32\twinui.pcshell.dll+5bc22|C:\Windows\System32\USER32.dll+15c1d|C:\Windows\System32\USER32.dll+15612|C:\Windows\system32\twinui.pcshell.dll+3fd49|C:\Windows\system32\twinui.pcshell.dll+3f6f0|C:\Windows\system32\twinui.pcshell.dll+b759|C:\Windows\system32\twinui.pcshell.dll+2b70a|C:\Windows\system32\twinui.dll+63866|C:\Windows\system32\twinui.dll+635da|C:\Windows\system32\twinui.dll+634d3|C:\Windows\System32\USER32.dll+15c1d|C:\Windows\System32\USER32.dll+157ec",10,-,,0,,,,,,,,,,,,,,,,,,,{e2c04bb9-a70e-60c3-0d61-390000000000},1320,7300.0,C:\Windows\Explorer.EXE,{e2c04bb9-08cb-60c4-eb40-400100000000},4236,C:\TMP\CreateNamedPipe.exe,0x1000,C:\Windows\SYSTEM32\ntdll.dll+9d364|C:\Windows\System32\KERNELBASE.dll+305ee|C:\Windows\system32\twinui.pcshell.dll+c795|C:\Windows\system32\twinui.pcshell.dll+c03c|C:\Windows\system32\twinui.pcshell.dll+7e9a1|C:\Windows\system32\twinui.pcshell.dll+754e9|C:\Windows\system32\twinui.pcshell.dll+696f2|C:\Windows\system32\twinui.pcshell.dll+57ba2|C:\Windows\system32\twinui.pcshell.dll+2a167|C:\Windows\system32\twinui.pcshell.dll+57ba2|C:\Windows\system32\twinui.pcshell.dll+590be|C:\Windows\system32\twinui.pcshell.dll+7eaa6|C:\Windows\system32\twinui.pcshell.dll+5bc22|C:\Windows\System32\USER32.dll+15c1d|C:\Windows\System32\USER32.dll+15612|C:\Windows\system32\twinui.pcshell.dll+3fd49|C:\Windows\system32\twinui.pcshell.dll+3f6f0|C:\Windows\system32\twinui.pcshell.dll+b759|C:\Windows\system32\twinui.pcshell.dll+2b70a|C:\Windows\system32\twinui.dll+63866|C:\Windows\system32\twinui.dll+635da|C:\Windows\system32\twinui.dll+634d3|C:\Windows\System32\USER32.dll+15c1d|C:\Windows\System32\USER32.dll+157ec,,,,,,,,,,,,,,,,,,,,,,,,,,,,,,,,,,,,,,,,,,,,,,,,,,,,,,,,,,,,,,,,,,,,,,,,,,,,,,,,,,,,,0,0,0,0,0,0,1,True
2021-06-12 01:07:23,539,Microsoft-Windows-Sysmon,{5770385f-c22a-43e0-bf4c-06f5698ffbd9},4,0x8000000000000000,Microsoft-Windows-Sysmon/Operational,WORKSTATION5,2021-06-11T09:07:23.415Z,2021-06-11T09:07:23.415Z,13,"Registry value set:
RuleName: -
EventType: SetValue
UtcTime: 2021-06-12 01:07:23.400
ProcessGuid: {e2c04bb9-a70e-60c3-0d61-390000000000}
ProcessId: 1320
Image: C:\Windows\Explorer.EXE
TargetObject: HKU\S-1-5-21-315269454-3320600716-4144796452-500\Software\Microsoft\Windows\CurrentVersion\Explorer\SessionInfo\2\ApplicationViewManagement\W32:00000000000D0506\VirtualDesktop
Details: Binary Data",13,-,{e2c04bb9-a70e-60c3-0d61-390000000000},1320,C:\Windows\Explorer.EXE,,,,,,,,,,,,,,,,,,,,,,,,,,,,,,,,,,SetValue,HKU\S-1-5-21-315269454-3320600716-4144796452-500\Software\Microsoft\Windows\CurrentVersion\Explorer\SessionInfo\2\ApplicationViewManagement\W32:00000000000D0506\VirtualDesktop,Binary Data,,,,,,,,,,,,,,,,,,,,,,,,,,,,,,,,,,,,,,,,,,,,,,,,,,,,,,,,,,,,,,,,,,,,,,,,,,,0,0,0,0,1,0,2,True
2021-06-12 01:07:23,559,Microsoft-Windows-Sysmon,{5770385f-c22a-43e0-bf4c-06f5698ffbd9},4,0x8000000000000000,Microsoft-Windows-Sysmon/Operational,WORKSTATION5,2021-06-11T09:07:23.437Z,2021-06-11T09:07:23.437Z,10,"Process accessed:
RuleName: -
UtcTime: 2021-06-12 01:07:23.415
SourceProcessGUID: {e2c04bb9-a70e-60c3-0d61-390000000000}
SourceProcessId: 1320
SourceThreadId: 7300
SourceImage: C:\Windows\Explorer.EXE
TargetProcessGUID: {e2c04bb9-08cb-60c4-eb40-400100000000}
TargetProcessId: 4236
TargetImage: C:\TMP\CreateNamedPipe.exe
GrantedAccess: 0x2000
CallTrace: C:\Windows\SYSTEM32\ntdll.dll+9d364|C:\Windows\System32\KERNELBASE.dll+305ee|C:\Windows\system32\twinui.dll+2adb9|C:\Windows\system32\twinui.dll+29292|C:\Windows\system32\twinui.dll+5f85b|C:\Windows\system32\twinui.dll+5f36c|C:\Windows\system32\twinui.dll+1ef9a|C:\Windows\system32\twinui.dll+48799|C:\Windows\system32\twinui.dll+488db|C:\Windows\system32\twinui.dll+4885d|C:\Windows\System32\USER32.dll+15c1d|C:\Windows\System32\USER32.dll+15612|C:\Windows\System32\windows.immersiveshell.serviceprovider.dll+4860|C:\Windows\System32\windows.immersiveshell.serviceprovider.dll+4429|C:\Windows\System32\windows.immersiveshell.serviceprovider.dll+40bf|C:\Windows\System32\KERNEL32.DLL+17c24|C:\Windows\SYSTEM32\ntdll.dll+6d721",10,-,,0,,,,,,,,,,,,,,,,,,,{e2c04bb9-a70e-60c3-0d61-390000000000},1320,7300.0,C:\Windows\Explorer.EXE,{e2c04bb9-08cb-60c4-eb40-400100000000},4236,C:\TMP\CreateNamedPipe.exe,0x2000,C:\Windows\SYSTEM32\ntdll.dll+9d364|C:\Windows\System32\KERNELBASE.dll+305ee|C:\Windows\system32\twinui.dll+2adb9|C:\Windows\system32\twinui.dll+29292|C:\Windows\system32\twinui.dll+5f85b|C:\Windows\system32\twinui.dll+5f36c|C:\Windows\system32\twinui.dll+1ef9a|C:\Windows\system32\twinui.dll+48799|C:\Windows\system32\twinui.dll+488db|C:\Windows\system32\twinui.dll+4885d|C:\Windows\System32\USER32.dll+15c1d|C:\Windows\System32\USER32.dll+15612|C:\Windows\System32\windows.immersiveshell.serviceprovider.dll+4860|C:\Windows\System32\windows.immersiveshell.serviceprovider.dll+4429|C:\Windows\System32\windows.immersiveshell.serviceprovider.dll+40bf|C:\Windows\System32\KERNEL32.DLL+17c24|C:\Windows\SYSTEM32\ntdll.dll+6d721,,,,,,,,,,,,,,,,,,,,,,,,,,,,,,,,,,,,,,,,,,,,,,,,,,,,,,,,,,,,,,,,,,,,,,,,,,,,,,,,,,,,,0,0,0,0,1,0,2,True
2021-06-12 01:07:23,558,Microsoft-Windows-Sysmon,{5770385f-c22a-43e0-bf4c-06f5698ffbd9},4,0x8000000000000000,Microsoft-Windows-Sysmon/Operational,WORKSTATION5,2021-06-11T09:07:23.437Z,2021-06-11T09:07:23.437Z,10,"Process accessed:
RuleName: -
UtcTime: 2021-06-12 01:07:23.415
SourceProcessGUID: {e2c04bb9-a70e-60c3-0d61-390000000000}
SourceProcessId: 1320
SourceThreadId: 7300
SourceImage: C:\Windows\Explorer.EXE
TargetProcessGUID: {e2c04bb9-08cb-60c4-eb40-400100000000}
TargetProcessId: 4236
TargetImage: C:\TMP\CreateNamedPipe.exe
GrantedAccess: 0x2000
CallTrace: C:\Windows\SYSTEM32\ntdll.dll+9d364|C:\Windows\System32\KERNELBASE.dll+305ee|C:\Windows\system32\twinui.dll+29083|C:\Windows\system32\twinui.dll+5f85b|C:\Windows\system32\twinui.dll+5f36c|C:\Windows\system32\twinui.dll+1ef9a|C:\Windows\system32\twinui.dll+48799|C:\Windows\system32\twinui.dll+488db|C:\Windows\system32\twinui.dll+4885d|C:\Windows\System32\USER32.dll+15c1d|C:\Windows\System32\USER32.dll+15612|C:\Windows\System32\windows.immersiveshell.serviceprovider.dll+4860|C:\Windows\System32\windows.immersiveshell.serviceprovider.dll+4429|C:\Windows\System32\windows.immersiveshell.serviceprovider.dll+40bf|C:\Windows\System32\KERNEL32.DLL+17c24|C:\Windows\SYSTEM32\ntdll.dll+6d721",10,-,,0,,,,,,,,,,,,,,,,,,,{e2c04bb9-a70e-60c3-0d61-390000000000},1320,7300.0,C:\Windows\Explorer.EXE,{e2c04bb9-08cb-60c4-eb40-400100000000},4236,C:\TMP\CreateNamedPipe.exe,0x2000,C:\Windows\SYSTEM32\ntdll.dll+9d364|C:\Windows\System32\KERNELBASE.dll+305ee|C:\Windows\system32\twinui.dll+29083|C:\Windows\system32\twinui.dll+5f85b|C:\Windows\system32\twinui.dll+5f36c|C:\Windows\system32\twinui.dll+1ef9a|C:\Windows\system32\twinui.dll+48799|C:\Windows\system32\twinui.dll+488db|C:\Windows\system32\twinui.dll+4885d|C:\Windows\System32\USER32.dll+15c1d|C:\Windows\System32\USER32.dll+15612|C:\Windows\System32\windows.immersiveshell.serviceprovider.dll+4860|C:\Windows\System32\windows.immersiveshell.serviceprovider.dll+4429|C:\Windows\System32\windows.immersiveshell.serviceprovider.dll+40bf|C:\Windows\System32\KERNEL32.DLL+17c24|C:\Windows\SYSTEM32\ntdll.dll+6d721,,,,,,,,,,,,,,,,,,,,,,,,,,,,,,,,,,,,,,,,,,,,,,,,,,,,,,,,,,,,,,,,,,,,,,,,,,,,,,,,,,,,,0,0,0,0,1,0,2,True
2021-06-12 01:07:23,557,Microsoft-Windows-Sysmon,{5770385f-c22a-43e0-bf4c-06f5698ffbd9},4,0x8000000000000000,Microsoft-Windows-Sysmon/Operational,WORKSTATION5,2021-06-11T09:07:23.437Z,2021-06-11T09:07:23.437Z,10,"Process accessed:
RuleName: -
UtcTime: 2021-06-12 01:07:23.415
SourceProcessGUID: {e2c04bb9-a70e-60c3-0d61-390000000000}
SourceProcessId: 1320
SourceThreadId: 7300
SourceImage: C:\Windows\Explorer.EXE
TargetProcessGUID: {e2c04bb9-08cb-60c4-eb40-400100000000}
TargetProcessId: 4236
TargetImage: C:\TMP\CreateNamedPipe.exe
GrantedAccess: 0x1000
CallTrace: C:\Windows\SYSTEM32\ntdll.dll+9d364|C:\Windows\System32\KERNELBASE.dll+305ee|C:\Windows\SYSTEM32\TWINAPI.dll+2f93|C:\Windows\system32\twinui.pcshell.dll+22320|C:\Windows\system32\twinui.pcshell.dll+21b22|C:\Windows\system32\twinui.dll+5f85b|C:\Windows\system32\twinui.dll+5f36c|C:\Windows\system32\twinui.dll+1ef9a|C:\Windows\system32\twinui.dll+48799|C:\Windows\system32\twinui.dll+488db|C:\Windows\system32\twinui.dll+4885d|C:\Windows\System32\USER32.dll+15c1d|C:\Windows\System32\USER32.dll+15612|C:\Windows\System32\windows.immersiveshell.serviceprovider.dll+4860|C:\Windows\System32\windows.immersiveshell.serviceprovider.dll+4429|C:\Windows\System32\windows.immersiveshell.serviceprovider.dll+40bf|C:\Windows\System32\KERNEL32.DLL+17c24|C:\Windows\SYSTEM32\ntdll.dll+6d721",10,-,,0,,,,,,,,,,,,,,,,,,,{e2c04bb9-a70e-60c3-0d61-390000000000},1320,7300.0,C:\Windows\Explorer.EXE,{e2c04bb9-08cb-60c4-eb40-400100000000},4236,C:\TMP\CreateNamedPipe.exe,0x1000,C:\Windows\SYSTEM32\ntdll.dll+9d364|C:\Windows\System32\KERNELBASE.dll+305ee|C:\Windows\SYSTEM32\TWINAPI.dll+2f93|C:\Windows\system32\twinui.pcshell.dll+22320|C:\Windows\system32\twinui.pcshell.dll+21b22|C:\Windows\system32\twinui.dll+5f85b|C:\Windows\system32\twinui.dll+5f36c|C:\Windows\system32\twinui.dll+1ef9a|C:\Windows\system32\twinui.dll+48799|C:\Windows\system32\twinui.dll+488db|C:\Windows\system32\twinui.dll+4885d|C:\Windows\System32\USER32.dll+15c1d|C:\Windows\System32\USER32.dll+15612|C:\Windows\System32\windows.immersiveshell.serviceprovider.dll+4860|C:\Windows\System32\windows.immersiveshell.serviceprovider.dll+4429|C:\Windows\System32\windows.immersiveshell.serviceprovider.dll+40bf|C:\Windows\System32\KERNEL32.DLL+17c24|C:\Windows\SYSTEM32\ntdll.dll+6d721,,,,,,,,,,,,,,,,,,,,,,,,,,,,,,,,,,,,,,,,,,,,,,,,,,,,,,,,,,,,,,,,,,,,,,,,,,,,,,,,,,,,,0,0,0,0,1,0,2,True
2021-06-12 01:07:23,556,Microsoft-Windows-Sysmon,{5770385f-c22a-43e0-bf4c-06f5698ffbd9},4,0x8000000000000000,Microsoft-Windows-Sysmon/Operational,WORKSTATION5,2021-06-11T09:07:23.437Z,2021-06-11T09:07:23.437Z,10,"Process accessed:
RuleName: -
UtcTime: 2021-06-12 01:07:23.415
SourceProcessGUID: {e2c04bb9-a70e-60c3-0d61-390000000000}
SourceProcessId: 1320
SourceThreadId: 7300
SourceImage: C:\Windows\Explorer.EXE
TargetProcessGUID: {e2c04bb9-08cb-60c4-eb40-400100000000}
TargetProcessId: 4236
TargetImage: C:\TMP\CreateNamedPipe.exe
GrantedAccess: 0x2000
CallTrace: C:\Windows\SYSTEM32\ntdll.dll+9d364|C:\Windows\System32\KERNELBASE.dll+305ee|C:\Windows\system32\twinui.dll+29083|C:\Windows\system32\twinui.dll+5f85b|C:\Windows\system32\twinui.dll+5f36c|C:\Windows\system32\twinui.dll+1ef9a|C:\Windows\system32\twinui.dll+48799|C:\Windows\system32\twinui.dll+488db|C:\Windows\system32\twinui.dll+4885d|C:\Windows\System32\USER32.dll+15c1d|C:\Windows\System32\USER32.dll+15612|C:\Windows\System32\windows.immersiveshell.serviceprovider.dll+4860|C:\Windows\System32\windows.immersiveshell.serviceprovider.dll+4429|C:\Windows\System32\windows.immersiveshell.serviceprovider.dll+40bf|C:\Windows\System32\KERNEL32.DLL+17c24|C:\Windows\SYSTEM32\ntdll.dll+6d721",10,-,,0,,,,,,,,,,,,,,,,,,,{e2c04bb9-a70e-60c3-0d61-390000000000},1320,7300.0,C:\Windows\Explorer.EXE,{e2c04bb9-08cb-60c4-eb40-400100000000},4236,C:\TMP\CreateNamedPipe.exe,0x2000,C:\Windows\SYSTEM32\ntdll.dll+9d364|C:\Windows\System32\KERNELBASE.dll+305ee|C:\Windows\system32\twinui.dll+29083|C:\Windows\system32\twinui.dll+5f85b|C:\Windows\system32\twinui.dll+5f36c|C:\Windows\system32\twinui.dll+1ef9a|C:\Windows\system32\twinui.dll+48799|C:\Windows\system32\twinui.dll+488db|C:\Windows\system32\twinui.dll+4885d|C:\Windows\System32\USER32.dll+15c1d|C:\Windows\System32\USER32.dll+15612|C:\Windows\System32\windows.immersiveshell.serviceprovider.dll+4860|C:\Windows\System32\windows.immersiveshell.serviceprovider.dll+4429|C:\Windows\System32\windows.immersiveshell.serviceprovider.dll+40bf|C:\Windows\System32\KERNEL32.DLL+17c24|C:\Windows\SYSTEM32\ntdll.dll+6d721,,,,,,,,,,,,,,,,,,,,,,,,,,,,,,,,,,,,,,,,,,,,,,,,,,,,,,,,,,,,,,,,,,,,,,,,,,,,,,,,,,,,,0,0,0,0,1,0,2,True
2021-06-12 01:07:23,555,Microsoft-Windows-Sysmon,{5770385f-c22a-43e0-bf4c-06f5698ffbd9},4,0x8000000000000000,Microsoft-Windows-Sysmon/Operational,WORKSTATION5,2021-06-11T09:07:23.437Z,2021-06-11T09:07:23.437Z,12,"Registry object added or deleted:
RuleName: -
EventType: CreateKey
UtcTime: 2021-06-12 01:07:23.415
ProcessGuid: {e2c04bb9-a70c-60c3-6abd-380000000000}
ProcessId: 1152
Image: C:\Windows\system32\ctfmon.exe
TargetObject: HKU\S-1-5-21-315269454-3320600716-4144796452-500\Software\Microsoft\Input\Settings",12,-,{e2c04bb9-a70c-60c3-6abd-380000000000},1152,C:\Windows\system32\ctfmon.exe,,,,,,,,,,,,,,,,,,,,,,,,,,,,,,,,,,CreateKey,HKU\S-1-5-21-315269454-3320600716-4144796452-500\Software\Microsoft\Input\Settings,,,,,,,,,,,,,,,,,,,,,,,,,,,,,,,,,,,,,,,,,,,,,,,,,,,,,,,,,,,,,,,,,,,,,,,,,,,,0,0,0,1,0,0,2,True
2021-06-12 01:07:23,554,Microsoft-Windows-Sysmon,{5770385f-c22a-43e0-bf4c-06f5698ffbd9},4,0x8000000000000000,Microsoft-Windows-Sysmon/Operational,WORKSTATION5,2021-06-11T09:07:23.437Z,2021-06-11T09:07:23.437Z,10,"Process accessed:
RuleName: -
UtcTime: 2021-06-12 01:07:23.415
SourceProcessGUID: {e2c04bb9-a70e-60c3-0d61-390000000000}
SourceProcessId: 1320
SourceThreadId: 7300
SourceImage: C:\Windows\Explorer.EXE
TargetProcessGUID: {e2c04bb9-08cb-60c4-eb40-400100000000}
TargetProcessId: 4236
TargetImage: C:\TMP\CreateNamedPipe.exe
GrantedAccess: 0x1000
CallTrace: C:\Windows\SYSTEM32\ntdll.dll+9d364|C:\Windows\System32\KERNELBASE.dll+305ee|C:\Windows\SYSTEM32\TWINAPI.dll+2f93|C:\Windows\system32\twinui.pcshell.dll+22320|C:\Windows\system32\twinui.pcshell.dll+21b22|C:\Windows\system32\twinui.dll+5f85b|C:\Windows\system32\twinui.dll+5f36c|C:\Windows\system32\twinui.dll+1ef9a|C:\Windows\system32\twinui.dll+48799|C:\Windows\system32\twinui.dll+488db|C:\Windows\system32\twinui.dll+4885d|C:\Windows\System32\USER32.dll+15c1d|C:\Windows\System32\USER32.dll+15612|C:\Windows\System32\windows.immersiveshell.serviceprovider.dll+4860|C:\Windows\System32\windows.immersiveshell.serviceprovider.dll+4429|C:\Windows\System32\windows.immersiveshell.serviceprovider.dll+40bf|C:\Windows\System32\KERNEL32.DLL+17c24|C:\Windows\SYSTEM32\ntdll.dll+6d721",10,-,,0,,,,,,,,,,,,,,,,,,,{e2c04bb9-a70e-60c3-0d61-390000000000},1320,7300.0,C:\Windows\Explorer.EXE,{e2c04bb9-08cb-60c4-eb40-400100000000},4236,C:\TMP\CreateNamedPipe.exe,0x1000,C:\Windows\SYSTEM32\ntdll.dll+9d364|C:\Windows\System32\KERNELBASE.dll+305ee|C:\Windows\SYSTEM32\TWINAPI.dll+2f93|C:\Windows\system32\twinui.pcshell.dll+22320|C:\Windows\system32\twinui.pcshell.dll+21b22|C:\Windows\system32\twinui.dll+5f85b|C:\Windows\system32\twinui.dll+5f36c|C:\Windows\system32\twinui.dll+1ef9a|C:\Windows\system32\twinui.dll+48799|C:\Windows\system32\twinui.dll+488db|C:\Windows\system32\twinui.dll+4885d|C:\Windows\System32\USER32.dll+15c1d|C:\Windows\System32\USER32.dll+15612|C:\Windows\System32\windows.immersiveshell.serviceprovider.dll+4860|C:\Windows\System32\windows.immersiveshell.serviceprovider.dll+4429|C:\Windows\System32\windows.immersiveshell.serviceprovider.dll+40bf|C:\Windows\System32\KERNEL32.DLL+17c24|C:\Windows\SYSTEM32\ntdll.dll+6d721,,,,,,,,,,,,,,,,,,,,,,,,,,,,,,,,,,,,,,,,,,,,,,,,,,,,,,,,,,,,,,,,,,,,,,,,,,,,,,,,,,,,,0,0,0,1,0,0,2,True
2021-06-12 01:07:23,553,Microsoft-Windows-Sysmon,{5770385f-c22a-43e0-bf4c-06f5698ffbd9},4,0x8000000000000000,Microsoft-Windows-Sysmon/Operational,WORKSTATION5,2021-06-11T09:07:23.437Z,2021-06-11T09:07:23.437Z,10,"Process accessed:
RuleName: -
UtcTime: 2021-06-12 01:07:23.415
SourceProcessGUID: {e2c04bb9-a70e-60c3-0d61-390000000000}
SourceProcessId: 1320
SourceThreadId: 6636
SourceImage: C:\Windows\Explorer.EXE
TargetProcessGUID: {e2c04bb9-08cb-60c4-8009-000000000300}
TargetProcessId: 7024
TargetImage: C:\Windows\system32\conhost.exe
GrantedAccess: 0x1000
CallTrace: C:\Windows\System32\win32u.dll+9384|C:\Windows\Explorer.EXE+c5a2e|C:\Windows\Explorer.EXE+22516|C:\Windows\Explorer.EXE+204af|C:\Windows\Explorer.EXE+2a4c9|C:\Windows\Explorer.EXE+29439|C:\Windows\Explorer.EXE+60098|C:\Windows\System32\USER32.dll+15c1d|C:\Windows\System32\USER32.dll+15612|C:\Windows\Explorer.EXE+5e4b0|C:\Windows\Explorer.EXE+5e32d|C:\Windows\System32\shcore.dll+1d485|C:\Windows\System32\KERNEL32.DLL+17c24|C:\Windows\SYSTEM32\ntdll.dll+6d721",10,-,,0,,,,,,,,,,,,,,,,,,,{e2c04bb9-a70e-60c3-0d61-390000000000},1320,6636.0,C:\Windows\Explorer.EXE,{e2c04bb9-08cb-60c4-8009-000000000300},7024,C:\Windows\system32\conhost.exe,0x1000,C:\Windows\System32\win32u.dll+9384|C:\Windows\Explorer.EXE+c5a2e|C:\Windows\Explorer.EXE+22516|C:\Windows\Explorer.EXE+204af|C:\Windows\Explorer.EXE+2a4c9|C:\Windows\Explorer.EXE+29439|C:\Windows\Explorer.EXE+60098|C:\Windows\System32\USER32.dll+15c1d|C:\Windows\System32\USER32.dll+15612|C:\Windows\Explorer.EXE+5e4b0|C:\Windows\Explorer.EXE+5e32d|C:\Windows\System32\shcore.dll+1d485|C:\Windows\System32\KERNEL32.DLL+17c24|C:\Windows\SYSTEM32\ntdll.dll+6d721,,,,,,,,,,,,,,,,,,,,,,,,,,,,,,,,,,,,,,,,,,,,,,,,,,,,,,,,,,,,,,,,,,,,,,,,,,,,,,,,,,,,,0,0,0,1,0,0,2,True
2021-06-12 01:07:23,552,Microsoft-Windows-Sysmon,{5770385f-c22a-43e0-bf4c-06f5698ffbd9},4,0x8000000000000000,Microsoft-Windows-Sysmon/Operational,WORKSTATION5,2021-06-11T09:07:23.437Z,2021-06-11T09:07:23.437Z,10,"Process accessed:
RuleName: -
UtcTime: 2021-06-12 01:07:23.415
SourceProcessGUID: {e2c04bb9-a70e-60c3-0d61-390000000000}
SourceProcessId: 1320
SourceThreadId: 7300
SourceImage: C:\Windows\Explorer.EXE
TargetProcessGUID: {e2c04bb9-08cb-60c4-eb40-400100000000}
TargetProcessId: 4236
TargetImage: C:\TMP\CreateNamedPipe.exe
GrantedAccess: 0x1000
CallTrace: C:\Windows\SYSTEM32\ntdll.dll+9d364|C:\Windows\System32\KERNELBASE.dll+305ee|C:\Windows\system32\twinui.pcshell.dll+c795|C:\Windows\system32\twinui.pcshell.dll+c03c|C:\Windows\system32\twinui.pcshell.dll+7e9a1|C:\Windows\system32\twinui.pcshell.dll+7ba84|C:\Windows\system32\twinui.pcshell.dll+1d319|C:\Windows\system32\twinui.pcshell.dll+33e1e|C:\Windows\system32\twinui.pcshell.dll+33a30|C:\Windows\system32\twinui.pcshell.dll+7ddac|C:\Windows\system32\twinui.pcshell.dll+b86b|C:\Windows\system32\twinui.pcshell.dll+2b70a|C:\Windows\system32\twinui.dll+63866|C:\Windows\system32\twinui.dll+635da|C:\Windows\system32\twinui.dll+634d3|C:\Windows\System32\USER32.dll+15c1d|C:\Windows\System32\USER32.dll+157ec|C:\Windows\System32\USER32.dll+25ab2|C:\Windows\SYSTEM32\ntdll.dll+a0c14|UNKNOWN(FFFFF8061EC918D5)|UNKNOWN(FFFFD4C836D23794)|UNKNOWN(FFFFD4C836CA0717)|UNKNOWN(FFFFD4C836C9FA2D)|UNKNOWN(FFFFD4C836C9C49A)",10,-,,0,,,,,,,,,,,,,,,,,,,{e2c04bb9-a70e-60c3-0d61-390000000000},1320,7300.0,C:\Windows\Explorer.EXE,{e2c04bb9-08cb-60c4-eb40-400100000000},4236,C:\TMP\CreateNamedPipe.exe,0x1000,C:\Windows\SYSTEM32\ntdll.dll+9d364|C:\Windows\System32\KERNELBASE.dll+305ee|C:\Windows\system32\twinui.pcshell.dll+c795|C:\Windows\system32\twinui.pcshell.dll+c03c|C:\Windows\system32\twinui.pcshell.dll+7e9a1|C:\Windows\system32\twinui.pcshell.dll+7ba84|C:\Windows\system32\twinui.pcshell.dll+1d319|C:\Windows\system32\twinui.pcshell.dll+33e1e|C:\Windows\system32\twinui.pcshell.dll+33a30|C:\Windows\system32\twinui.pcshell.dll+7ddac|C:\Windows\system32\twinui.pcshell.dll+b86b|C:\Windows\system32\twinui.pcshell.dll+2b70a|C:\Windows\system32\twinui.dll+63866|C:\Windows\system32\twinui.dll+635da|C:\Windows\system32\twinui.dll+634d3|C:\Windows\System32\USER32.dll+15c1d|C:\Windows\System32\USER32.dll+157ec|C:\Windows\System32\USER32.dll+25ab2|C:\Windows\SYSTEM32\ntdll.dll+a0c14|UNKNOWN(FFFFF8061EC918D5)|UNKNOWN(FFFFD4C836D23794)|UNKNOWN(FFFFD4C836CA0717)|UNKNOWN(FFFFD4C836C9FA2D)|UNKNOWN(FFFFD4C836C9C49A),,,,,,,,,,,,,,,,,,,,,,,,,,,,,,,,,,,,,,,,,,,,,,,,,,,,,,,,,,,,,,,,,,,,,,,,,,,,,,,,,,,,,0,0,0,1,0,0,2,True
2021-06-12 01:07:23,551,Microsoft-Windows-Sysmon,{5770385f-c22a-43e0-bf4c-06f5698ffbd9},4,0x8000000000000000,Microsoft-Windows-Sysmon/Operational,WORKSTATION5,2021-06-11T09:07:23.437Z,2021-06-11T09:07:23.437Z,10,"Process accessed:
RuleName: -
UtcTime: 2021-06-12 01:07:23.415
SourceProcessGUID: {e2c04bb9-a70e-60c3-0d61-390000000000}
SourceProcessId: 1320
SourceThreadId: 7300
SourceImage: C:\Windows\Explorer.EXE
TargetProcessGUID: {e2c04bb9-08cb-60c4-eb40-400100000000}
TargetProcessId: 4236
TargetImage: C:\TMP\CreateNamedPipe.exe
GrantedAccess: 0x1000
CallTrace: C:\Windows\SYSTEM32\ntdll.dll+9d364|C:\Windows\System32\KERNELBASE.dll+305ee|C:\Windows\system32\twinui.pcshell.dll+c00f|C:\Windows\system32\twinui.pcshell.dll+7e9a1|C:\Windows\system32\twinui.pcshell.dll+7ba84|C:\Windows\system32\twinui.pcshell.dll+1d319|C:\Windows\system32\twinui.pcshell.dll+33e1e|C:\Windows\system32\twinui.pcshell.dll+33a30|C:\Windows\system32\twinui.pcshell.dll+7ddac|C:\Windows\system32\twinui.pcshell.dll+b86b|C:\Windows\system32\twinui.pcshell.dll+2b70a|C:\Windows\system32\twinui.dll+63866|C:\Windows\system32\twinui.dll+635da|C:\Windows\system32\twinui.dll+634d3|C:\Windows\System32\USER32.dll+15c1d|C:\Windows\System32\USER32.dll+157ec|C:\Windows\System32\USER32.dll+25ab2|C:\Windows\SYSTEM32\ntdll.dll+a0c14|UNKNOWN(FFFFF8061EC918D5)|UNKNOWN(FFFFD4C836D23794)|UNKNOWN(FFFFD4C836CA0717)|UNKNOWN(FFFFD4C836C9FA2D)|UNKNOWN(FFFFD4C836C9C49A)|UNKNOWN(FFFFD4C836C9BEA7)",10,-,,0,,,,,,,,,,,,,,,,,,,{e2c04bb9-a70e-60c3-0d61-390000000000},1320,7300.0,C:\Windows\Explorer.EXE,{e2c04bb9-08cb-60c4-eb40-400100000000},4236,C:\TMP\CreateNamedPipe.exe,0x1000,C:\Windows\SYSTEM32\ntdll.dll+9d364|C:\Windows\System32\KERNELBASE.dll+305ee|C:\Windows\system32\twinui.pcshell.dll+c00f|C:\Windows\system32\twinui.pcshell.dll+7e9a1|C:\Windows\system32\twinui.pcshell.dll+7ba84|C:\Windows\system32\twinui.pcshell.dll+1d319|C:\Windows\system32\twinui.pcshell.dll+33e1e|C:\Windows\system32\twinui.pcshell.dll+33a30|C:\Windows\system32\twinui.pcshell.dll+7ddac|C:\Windows\system32\twinui.pcshell.dll+b86b|C:\Windows\system32\twinui.pcshell.dll+2b70a|C:\Windows\system32\twinui.dll+63866|C:\Windows\system32\twinui.dll+635da|C:\Windows\system32\twinui.dll+634d3|C:\Windows\System32\USER32.dll+15c1d|C:\Windows\System32\USER32.dll+157ec|C:\Windows\System32\USER32.dll+25ab2|C:\Windows\SYSTEM32\ntdll.dll+a0c14|UNKNOWN(FFFFF8061EC918D5)|UNKNOWN(FFFFD4C836D23794)|UNKNOWN(FFFFD4C836CA0717)|UNKNOWN(FFFFD4C836C9FA2D)|UNKNOWN(FFFFD4C836C9C49A)|UNKNOWN(FFFFD4C836C9BEA7),,,,,,,,,,,,,,,,,,,,,,,,,,,,,,,,,,,,,,,,,,,,,,,,,,,,,,,,,,,,,,,,,,,,,,,,,,,,,,,,,,,,,0,0,0,1,0,0,2,True
2021-06-12 01:07:23,538,Microsoft-Windows-Sysmon,{5770385f-c22a-43e0-bf4c-06f5698ffbd9},4,0x8000000000000000,Microsoft-Windows-Sysmon/Operational,WORKSTATION5,2021-06-11T09:07:23.415Z,2021-06-11T09:07:23.415Z,12,"Registry object added or deleted:
RuleName: -
EventType: CreateKey
UtcTime: 2021-06-12 01:07:23.400
ProcessGuid: {e2c04bb9-a70e-60c3-0d61-390000000000}
ProcessId: 1320
Image: C:\Windows\Explorer.EXE
TargetObject: HKU\S-1-5-21-315269454-3320600716-4144796452-500\Software\Microsoft\Windows\CurrentVersion\Explorer\SessionInfo\2\ApplicationViewManagement\W32:00000000000D0506",12,-,{e2c04bb9-a70e-60c3-0d61-390000000000},1320,C:\Windows\Explorer.EXE,,,,,,,,,,,,,,,,,,,,,,,,,,,,,,,,,,CreateKey,HKU\S-1-5-21-315269454-3320600716-4144796452-500\Software\Microsoft\Windows\CurrentVersion\Explorer\SessionInfo\2\ApplicationViewManagement\W32:00000000000D0506,,,,,,,,,,,,,,,,,,,,,,,,,,,,,,,,,,,,,,,,,,,,,,,,,,,,,,,,,,,,,,,,,,,,,,,,,,,,0,0,0,1,0,0,2,True
2021-06-12 01:07:23,550,Microsoft-Windows-Sysmon,{5770385f-c22a-43e0-bf4c-06f5698ffbd9},4,0x8000000000000000,Microsoft-Windows-Sysmon/Operational,WORKSTATION5,2021-06-11T09:07:23.437Z,2021-06-11T09:07:23.437Z,10,"Process accessed:
RuleName: -
UtcTime: 2021-06-12 01:07:23.415
SourceProcessGUID: {e2c04bb9-a70e-60c3-0d61-390000000000}
SourceProcessId: 1320
SourceThreadId: 7300
SourceImage: C:\Windows\Explorer.EXE
TargetProcessGUID: {e2c04bb9-08cb-60c4-eb40-400100000000}
TargetProcessId: 4236
TargetImage: C:\TMP\CreateNamedPipe.exe
GrantedAccess: 0x1000
CallTrace: C:\Windows\SYSTEM32\ntdll.dll+9d364|C:\Windows\System32\KERNELBASE.dll+305ee|C:\Windows\system32\twinui.pcshell.dll+c35b|C:\Windows\system32\twinui.pcshell.dll+c290|C:\Windows\system32\twinui.pcshell.dll+be79|C:\Windows\system32\twinui.pcshell.dll+bc02|C:\Windows\system32\twinui.pcshell.dll+b7bd|C:\Windows\system32\twinui.pcshell.dll+2b70a|C:\Windows\system32\twinui.dll+63866|C:\Windows\system32\twinui.dll+635da|C:\Windows\system32\twinui.dll+634d3|C:\Windows\System32\USER32.dll+15c1d|C:\Windows\System32\USER32.dll+157ec|C:\Windows\System32\USER32.dll+25ab2|C:\Windows\SYSTEM32\ntdll.dll+a0c14|UNKNOWN(FFFFF8061EC918D5)|UNKNOWN(FFFFD4C836D23794)|UNKNOWN(FFFFD4C836CA0717)|UNKNOWN(FFFFD4C836C9FA2D)|UNKNOWN(FFFFD4C836C9C49A)|UNKNOWN(FFFFD4C836C9BEA7)|UNKNOWN(FFFFF8061E7D5755)|C:\Windows\System32\win32u.dll+10c4|C:\Windows\System32\USER32.dll+194f2",10,-,,0,,,,,,,,,,,,,,,,,,,{e2c04bb9-a70e-60c3-0d61-390000000000},1320,7300.0,C:\Windows\Explorer.EXE,{e2c04bb9-08cb-60c4-eb40-400100000000},4236,C:\TMP\CreateNamedPipe.exe,0x1000,C:\Windows\SYSTEM32\ntdll.dll+9d364|C:\Windows\System32\KERNELBASE.dll+305ee|C:\Windows\system32\twinui.pcshell.dll+c35b|C:\Windows\system32\twinui.pcshell.dll+c290|C:\Windows\system32\twinui.pcshell.dll+be79|C:\Windows\system32\twinui.pcshell.dll+bc02|C:\Windows\system32\twinui.pcshell.dll+b7bd|C:\Windows\system32\twinui.pcshell.dll+2b70a|C:\Windows\system32\twinui.dll+63866|C:\Windows\system32\twinui.dll+635da|C:\Windows\system32\twinui.dll+634d3|C:\Windows\System32\USER32.dll+15c1d|C:\Windows\System32\USER32.dll+157ec|C:\Windows\System32\USER32.dll+25ab2|C:\Windows\SYSTEM32\ntdll.dll+a0c14|UNKNOWN(FFFFF8061EC918D5)|UNKNOWN(FFFFD4C836D23794)|UNKNOWN(FFFFD4C836CA0717)|UNKNOWN(FFFFD4C836C9FA2D)|UNKNOWN(FFFFD4C836C9C49A)|UNKNOWN(FFFFD4C836C9BEA7)|UNKNOWN(FFFFF8061E7D5755)|C:\Windows\System32\win32u.dll+10c4|C:\Windows\System32\USER32.dll+194f2,,,,,,,,,,,,,,,,,,,,,,,,,,,,,,,,,,,,,,,,,,,,,,,,,,,,,,,,,,,,,,,,,,,,,,,,,,,,,,,,,,,,,0,0,0,1,0,0,2,True
2021-06-12 01:07:23,548,Microsoft-Windows-Sysmon,{5770385f-c22a-43e0-bf4c-06f5698ffbd9},4,0x8000000000000000,Microsoft-Windows-Sysmon/Operational,WORKSTATION5,2021-06-11T09:07:23.437Z,2021-06-11T09:07:23.437Z,10,"Process accessed:
RuleName: -
UtcTime: 2021-06-12 01:07:23.415
SourceProcessGUID: {e2c04bb9-a70e-60c3-0d61-390000000000}
SourceProcessId: 1320
SourceThreadId: 7300
SourceImage: C:\Windows\Explorer.EXE
TargetProcessGUID: {e2c04bb9-08cb-60c4-eb40-400100000000}
TargetProcessId: 4236
TargetImage: C:\TMP\CreateNamedPipe.exe
GrantedAccess: 0x1000
CallTrace: C:\Windows\SYSTEM32\ntdll.dll+9d364|C:\Windows\System32\KERNELBASE.dll+305ee|C:\Windows\system32\twinui.pcshell.dll+c00f|C:\Windows\system32\twinui.pcshell.dll+7e9a1|C:\Windows\system32\twinui.pcshell.dll+bbf4|C:\Windows\system32\twinui.pcshell.dll+b7bd|C:\Windows\system32\twinui.pcshell.dll+2b70a|C:\Windows\system32\twinui.dll+63866|C:\Windows\system32\twinui.dll+635da|C:\Windows\system32\twinui.dll+634d3|C:\Windows\System32\USER32.dll+15c1d|C:\Windows\System32\USER32.dll+157ec|C:\Windows\System32\USER32.dll+25ab2|C:\Windows\SYSTEM32\ntdll.dll+a0c14|UNKNOWN(FFFFF8061EC918D5)|UNKNOWN(FFFFD4C836D23794)|UNKNOWN(FFFFD4C836CA0717)|UNKNOWN(FFFFD4C836C9FA2D)|UNKNOWN(FFFFD4C836C9C49A)|UNKNOWN(FFFFD4C836C9BEA7)|UNKNOWN(FFFFF8061E7D5755)|C:\Windows\System32\win32u.dll+10c4|C:\Windows\System32\USER32.dll+194f2|C:\Windows\System32\USER32.dll+19459",10,-,,0,,,,,,,,,,,,,,,,,,,{e2c04bb9-a70e-60c3-0d61-390000000000},1320,7300.0,C:\Windows\Explorer.EXE,{e2c04bb9-08cb-60c4-eb40-400100000000},4236,C:\TMP\CreateNamedPipe.exe,0x1000,C:\Windows\SYSTEM32\ntdll.dll+9d364|C:\Windows\System32\KERNELBASE.dll+305ee|C:\Windows\system32\twinui.pcshell.dll+c00f|C:\Windows\system32\twinui.pcshell.dll+7e9a1|C:\Windows\system32\twinui.pcshell.dll+bbf4|C:\Windows\system32\twinui.pcshell.dll+b7bd|C:\Windows\system32\twinui.pcshell.dll+2b70a|C:\Windows\system32\twinui.dll+63866|C:\Windows\system32\twinui.dll+635da|C:\Windows\system32\twinui.dll+634d3|C:\Windows\System32\USER32.dll+15c1d|C:\Windows\System32\USER32.dll+157ec|C:\Windows\System32\USER32.dll+25ab2|C:\Windows\SYSTEM32\ntdll.dll+a0c14|UNKNOWN(FFFFF8061EC918D5)|UNKNOWN(FFFFD4C836D23794)|UNKNOWN(FFFFD4C836CA0717)|UNKNOWN(FFFFD4C836C9FA2D)|UNKNOWN(FFFFD4C836C9C49A)|UNKNOWN(FFFFD4C836C9BEA7)|UNKNOWN(FFFFF8061E7D5755)|C:\Windows\System32\win32u.dll+10c4|C:\Windows\System32\USER32.dll+194f2|C:\Windows\System32\USER32.dll+19459,,,,,,,,,,,,,,,,,,,,,,,,,,,,,,,,,,,,,,,,,,,,,,,,,,,,,,,,,,,,,,,,,,,,,,,,,,,,,,,,,,,,,0,0,0,1,0,0,2,True
2021-06-12 01:07:23,547,Microsoft-Windows-Sysmon,{5770385f-c22a-43e0-bf4c-06f5698ffbd9},4,0x8000000000000000,Microsoft-Windows-Sysmon/Operational,WORKSTATION5,2021-06-11T09:07:23.415Z,2021-06-11T09:07:23.415Z,10,"Process accessed:
RuleName: -
UtcTime: 2021-06-12 01:07:23.400
SourceProcessGUID: {e2c04bb9-a70e-60c3-0d61-390000000000}
SourceProcessId: 1320
SourceThreadId: 7300
SourceImage: C:\Windows\Explorer.EXE
TargetProcessGUID: {e2c04bb9-08cb-60c4-eb40-400100000000}
TargetProcessId: 4236
TargetImage: C:\TMP\CreateNamedPipe.exe
GrantedAccess: 0x1410
CallTrace: C:\Windows\SYSTEM32\ntdll.dll+9d364|C:\Windows\System32\KERNELBASE.dll+305ee|C:\Windows\System32\appresolver.dll+22138|C:\Windows\System32\appresolver.dll+1f1b6|C:\Windows\system32\twinui.pcshell.dll+424930|C:\Windows\system32\twinui.pcshell.dll+a550a|C:\Windows\system32\twinui.pcshell.dll+a5089|C:\Windows\system32\twinui.pcshell.dll+6a3e7|C:\Windows\system32\twinui.pcshell.dll+57ba2|C:\Windows\system32\twinui.pcshell.dll+590be|C:\Windows\system32\twinui.pcshell.dll+7eaa6|C:\Windows\system32\twinui.pcshell.dll+5bc22|C:\Windows\System32\USER32.dll+15c1d|C:\Windows\System32\USER32.dll+15612|C:\Windows\system32\twinui.pcshell.dll+3fd49|C:\Windows\system32\twinui.pcshell.dll+3f6f0|C:\Windows\system32\twinui.pcshell.dll+b759|C:\Windows\system32\twinui.pcshell.dll+2b70a|C:\Windows\system32\twinui.dll+63866|C:\Windows\system32\twinui.dll+635da|C:\Windows\system32\twinui.dll+634d3|C:\Windows\System32\USER32.dll+15c1d|C:\Windows\System32\USER32.dll+157ec|C:\Windows\System32\USER32.dll+25ab2",10,-,,0,,,,,,,,,,,,,,,,,,,{e2c04bb9-a70e-60c3-0d61-390000000000},1320,7300.0,C:\Windows\Explorer.EXE,{e2c04bb9-08cb-60c4-eb40-400100000000},4236,C:\TMP\CreateNamedPipe.exe,0x1410,C:\Windows\SYSTEM32\ntdll.dll+9d364|C:\Windows\System32\KERNELBASE.dll+305ee|C:\Windows\System32\appresolver.dll+22138|C:\Windows\System32\appresolver.dll+1f1b6|C:\Windows\system32\twinui.pcshell.dll+424930|C:\Windows\system32\twinui.pcshell.dll+a550a|C:\Windows\system32\twinui.pcshell.dll+a5089|C:\Windows\system32\twinui.pcshell.dll+6a3e7|C:\Windows\system32\twinui.pcshell.dll+57ba2|C:\Windows\system32\twinui.pcshell.dll+590be|C:\Windows\system32\twinui.pcshell.dll+7eaa6|C:\Windows\system32\twinui.pcshell.dll+5bc22|C:\Windows\System32\USER32.dll+15c1d|C:\Windows\System32\USER32.dll+15612|C:\Windows\system32\twinui.pcshell.dll+3fd49|C:\Windows\system32\twinui.pcshell.dll+3f6f0|C:\Windows\system32\twinui.pcshell.dll+b759|C:\Windows\system32\twinui.pcshell.dll+2b70a|C:\Windows\system32\twinui.dll+63866|C:\Windows\system32\twinui.dll+635da|C:\Windows\system32\twinui.dll+634d3|C:\Windows\System32\USER32.dll+15c1d|C:\Windows\System32\USER32.dll+157ec|C:\Windows\System32\USER32.dll+25ab2,,,,,,,,,,,,,,,,,,,,,,,,,,,,,,,,,,,,,,,,,,,,,,,,,,,,,,,,,,,,,,,,,,,,,,,,,,,,,,,,,,,,,0,0,0,1,0,0,2,True
2021-06-12 01:07:23,546,Microsoft-Windows-Sysmon,{5770385f-c22a-43e0-bf4c-06f5698ffbd9},4,0x8000000000000000,Microsoft-Windows-Sysmon/Operational,WORKSTATION5,2021-06-11T09:07:23.415Z,2021-06-11T09:07:23.415Z,10,"Process accessed:
RuleName: -
UtcTime: 2021-06-12 01:07:23.400
SourceProcessGUID: {e2c04bb9-a70e-60c3-0d61-390000000000}
SourceProcessId: 1320
SourceThreadId: 7300
SourceImage: C:\Windows\Explorer.EXE
TargetProcessGUID: {e2c04bb9-08cb-60c4-eb40-400100000000}
TargetProcessId: 4236
TargetImage: C:\TMP\CreateNamedPipe.exe
GrantedAccess: 0x1000
CallTrace: C:\Windows\SYSTEM32\ntdll.dll+9d364|C:\Windows\System32\KERNELBASE.dll+305ee|C:\Windows\System32\appresolver.dll+1f103|C:\Windows\system32\twinui.pcshell.dll+424930|C:\Windows\system32\twinui.pcshell.dll+a550a|C:\Windows\system32\twinui.pcshell.dll+a5089|C:\Windows\system32\twinui.pcshell.dll+6a3e7|C:\Windows\system32\twinui.pcshell.dll+57ba2|C:\Windows\system32\twinui.pcshell.dll+590be|C:\Windows\system32\twinui.pcshell.dll+7eaa6|C:\Windows\system32\twinui.pcshell.dll+5bc22|C:\Windows\System32\USER32.dll+15c1d|C:\Windows\System32\USER32.dll+15612|C:\Windows\system32\twinui.pcshell.dll+3fd49|C:\Windows\system32\twinui.pcshell.dll+3f6f0|C:\Windows\system32\twinui.pcshell.dll+b759|C:\Windows\system32\twinui.pcshell.dll+2b70a|C:\Windows\system32\twinui.dll+63866|C:\Windows\system32\twinui.dll+635da|C:\Windows\system32\twinui.dll+634d3|C:\Windows\System32\USER32.dll+15c1d|C:\Windows\System32\USER32.dll+157ec|C:\Windows\System32\USER32.dll+25ab2|C:\Windows\SYSTEM32\ntdll.dll+a0c14",10,-,,0,,,,,,,,,,,,,,,,,,,{e2c04bb9-a70e-60c3-0d61-390000000000},1320,7300.0,C:\Windows\Explorer.EXE,{e2c04bb9-08cb-60c4-eb40-400100000000},4236,C:\TMP\CreateNamedPipe.exe,0x1000,C:\Windows\SYSTEM32\ntdll.dll+9d364|C:\Windows\System32\KERNELBASE.dll+305ee|C:\Windows\System32\appresolver.dll+1f103|C:\Windows\system32\twinui.pcshell.dll+424930|C:\Windows\system32\twinui.pcshell.dll+a550a|C:\Windows\system32\twinui.pcshell.dll+a5089|C:\Windows\system32\twinui.pcshell.dll+6a3e7|C:\Windows\system32\twinui.pcshell.dll+57ba2|C:\Windows\system32\twinui.pcshell.dll+590be|C:\Windows\system32\twinui.pcshell.dll+7eaa6|C:\Windows\system32\twinui.pcshell.dll+5bc22|C:\Windows\System32\USER32.dll+15c1d|C:\Windows\System32\USER32.dll+15612|C:\Windows\system32\twinui.pcshell.dll+3fd49|C:\Windows\system32\twinui.pcshell.dll+3f6f0|C:\Windows\system32\twinui.pcshell.dll+b759|C:\Windows\system32\twinui.pcshell.dll+2b70a|C:\Windows\system32\twinui.dll+63866|C:\Windows\system32\twinui.dll+635da|C:\Windows\system32\twinui.dll+634d3|C:\Windows\System32\USER32.dll+15c1d|C:\Windows\System32\USER32.dll+157ec|C:\Windows\System32\USER32.dll+25ab2|C:\Windows\SYSTEM32\ntdll.dll+a0c14,,,,,,,,,,,,,,,,,,,,,,,,,,,,,,,,,,,,,,,,,,,,,,,,,,,,,,,,,,,,,,,,,,,,,,,,,,,,,,,,,,,,,0,0,0,1,0,0,2,True
2021-06-12 01:07:23,545,Microsoft-Windows-Sysmon,{5770385f-c22a-43e0-bf4c-06f5698ffbd9},4,0x8000000000000000,Microsoft-Windows-Sysmon/Operational,WORKSTATION5,2021-06-11T09:07:23.415Z,2021-06-11T09:07:23.415Z,10,"Process accessed:
RuleName: -
UtcTime: 2021-06-12 01:07:23.400
SourceProcessGUID: {e2c04bb9-a70e-60c3-0d61-390000000000}
SourceProcessId: 1320
SourceThreadId: 7300
SourceImage: C:\Windows\Explorer.EXE
TargetProcessGUID: {e2c04bb9-08cb-60c4-eb40-400100000000}
TargetProcessId: 4236
TargetImage: C:\TMP\CreateNamedPipe.exe
GrantedAccess: 0x1000
CallTrace: C:\Windows\SYSTEM32\ntdll.dll+9d364|C:\Windows\System32\KERNELBASE.dll+305ee|C:\Windows\System32\appresolver.dll+22415|C:\Windows\System32\appresolver.dll+1f03c|C:\Windows\system32\twinui.pcshell.dll+424930|C:\Windows\system32\twinui.pcshell.dll+a550a|C:\Windows\system32\twinui.pcshell.dll+a5089|C:\Windows\system32\twinui.pcshell.dll+6a3e7|C:\Windows\system32\twinui.pcshell.dll+57ba2|C:\Windows\system32\twinui.pcshell.dll+590be|C:\Windows\system32\twinui.pcshell.dll+7eaa6|C:\Windows\system32\twinui.pcshell.dll+5bc22|C:\Windows\System32\USER32.dll+15c1d|C:\Windows\System32\USER32.dll+15612|C:\Windows\system32\twinui.pcshell.dll+3fd49|C:\Windows\system32\twinui.pcshell.dll+3f6f0|C:\Windows\system32\twinui.pcshell.dll+b759|C:\Windows\system32\twinui.pcshell.dll+2b70a|C:\Windows\system32\twinui.dll+63866|C:\Windows\system32\twinui.dll+635da|C:\Windows\system32\twinui.dll+634d3|C:\Windows\System32\USER32.dll+15c1d|C:\Windows\System32\USER32.dll+157ec|C:\Windows\System32\USER32.dll+25ab2",10,-,,0,,,,,,,,,,,,,,,,,,,{e2c04bb9-a70e-60c3-0d61-390000000000},1320,7300.0,C:\Windows\Explorer.EXE,{e2c04bb9-08cb-60c4-eb40-400100000000},4236,C:\TMP\CreateNamedPipe.exe,0x1000,C:\Windows\SYSTEM32\ntdll.dll+9d364|C:\Windows\System32\KERNELBASE.dll+305ee|C:\Windows\System32\appresolver.dll+22415|C:\Windows\System32\appresolver.dll+1f03c|C:\Windows\system32\twinui.pcshell.dll+424930|C:\Windows\system32\twinui.pcshell.dll+a550a|C:\Windows\system32\twinui.pcshell.dll+a5089|C:\Windows\system32\twinui.pcshell.dll+6a3e7|C:\Windows\system32\twinui.pcshell.dll+57ba2|C:\Windows\system32\twinui.pcshell.dll+590be|C:\Windows\system32\twinui.pcshell.dll+7eaa6|C:\Windows\system32\twinui.pcshell.dll+5bc22|C:\Windows\System32\USER32.dll+15c1d|C:\Windows\System32\USER32.dll+15612|C:\Windows\system32\twinui.pcshell.dll+3fd49|C:\Windows\system32\twinui.pcshell.dll+3f6f0|C:\Windows\system32\twinui.pcshell.dll+b759|C:\Windows\system32\twinui.pcshell.dll+2b70a|C:\Windows\system32\twinui.dll+63866|C:\Windows\system32\twinui.dll+635da|C:\Windows\system32\twinui.dll+634d3|C:\Windows\System32\USER32.dll+15c1d|C:\Windows\System32\USER32.dll+157ec|C:\Windows\System32\USER32.dll+25ab2,,,,,,,,,,,,,,,,,,,,,,,,,,,,,,,,,,,,,,,,,,,,,,,,,,,,,,,,,,,,,,,,,,,,,,,,,,,,,,,,,,,,,0,0,0,0,0,0,1,True
2021-06-12 01:07:23,544,Microsoft-Windows-Sysmon,{5770385f-c22a-43e0-bf4c-06f5698ffbd9},4,0x8000000000000000,Microsoft-Windows-Sysmon/Operational,WORKSTATION5,2021-06-11T09:07:23.415Z,2021-06-11T09:07:23.415Z,10,"Process accessed:
RuleName: -
UtcTime: 2021-06-12 01:07:23.400
SourceProcessGUID: {e2c04bb9-a70e-60c3-0d61-390000000000}
SourceProcessId: 1320
SourceThreadId: 7300
SourceImage: C:\Windows\Explorer.EXE
TargetProcessGUID: {e2c04bb9-08cb-60c4-eb40-400100000000}
TargetProcessId: 4236
TargetImage: C:\TMP\CreateNamedPipe.exe
GrantedAccess: 0x1000
CallTrace: C:\Windows\SYSTEM32\ntdll.dll+9d364|C:\Windows\System32\KERNELBASE.dll+305ee|C:\Windows\system32\twinui.pcshell.dll+a54e7|C:\Windows\system32\twinui.pcshell.dll+a5089|C:\Windows\system32\twinui.pcshell.dll+6a3e7|C:\Windows\system32\twinui.pcshell.dll+57ba2|C:\Windows\system32\twinui.pcshell.dll+590be|C:\Windows\system32\twinui.pcshell.dll+7eaa6|C:\Windows\system32\twinui.pcshell.dll+5bc22|C:\Windows\System32\USER32.dll+15c1d|C:\Windows\System32\USER32.dll+15612|C:\Windows\system32\twinui.pcshell.dll+3fd49|C:\Windows\system32\twinui.pcshell.dll+3f6f0|C:\Windows\system32\twinui.pcshell.dll+b759|C:\Windows\system32\twinui.pcshell.dll+2b70a|C:\Windows\system32\twinui.dll+63866|C:\Windows\system32\twinui.dll+635da|C:\Windows\system32\twinui.dll+634d3|C:\Windows\System32\USER32.dll+15c1d|C:\Windows\System32\USER32.dll+157ec|C:\Windows\System32\USER32.dll+25ab2|C:\Windows\SYSTEM32\ntdll.dll+a0c14|UNKNOWN(FFFFF8061EC918D5)|UNKNOWN(FFFFD4C836D23794)",10,-,,0,,,,,,,,,,,,,,,,,,,{e2c04bb9-a70e-60c3-0d61-390000000000},1320,7300.0,C:\Windows\Explorer.EXE,{e2c04bb9-08cb-60c4-eb40-400100000000},4236,C:\TMP\CreateNamedPipe.exe,0x1000,C:\Windows\SYSTEM32\ntdll.dll+9d364|C:\Windows\System32\KERNELBASE.dll+305ee|C:\Windows\system32\twinui.pcshell.dll+a54e7|C:\Windows\system32\twinui.pcshell.dll+a5089|C:\Windows\system32\twinui.pcshell.dll+6a3e7|C:\Windows\system32\twinui.pcshell.dll+57ba2|C:\Windows\system32\twinui.pcshell.dll+590be|C:\Windows\system32\twinui.pcshell.dll+7eaa6|C:\Windows\system32\twinui.pcshell.dll+5bc22|C:\Windows\System32\USER32.dll+15c1d|C:\Windows\System32\USER32.dll+15612|C:\Windows\system32\twinui.pcshell.dll+3fd49|C:\Windows\system32\twinui.pcshell.dll+3f6f0|C:\Windows\system32\twinui.pcshell.dll+b759|C:\Windows\system32\twinui.pcshell.dll+2b70a|C:\Windows\system32\twinui.dll+63866|C:\Windows\system32\twinui.dll+635da|C:\Windows\system32\twinui.dll+634d3|C:\Windows\System32\USER32.dll+15c1d|C:\Windows\System32\USER32.dll+157ec|C:\Windows\System32\USER32.dll+25ab2|C:\Windows\SYSTEM32\ntdll.dll+a0c14|UNKNOWN(FFFFF8061EC918D5)|UNKNOWN(FFFFD4C836D23794),,,,,,,,,,,,,,,,,,,,,,,,,,,,,,,,,,,,,,,,,,,,,,,,,,,,,,,,,,,,,,,,,,,,,,,,,,,,,,,,,,,,,0,0,0,0,0,0,1,True
2021-06-12 01:07:23,543,Microsoft-Windows-Sysmon,{5770385f-c22a-43e0-bf4c-06f5698ffbd9},4,0x8000000000000000,Microsoft-Windows-Sysmon/Operational,WORKSTATION5,2021-06-11T09:07:23.415Z,2021-06-11T09:07:23.415Z,10,"Process accessed:
RuleName: -
UtcTime: 2021-06-12 01:07:23.400
SourceProcessGUID: {e2c04bb9-a70e-60c3-0d61-390000000000}
SourceProcessId: 1320
SourceThreadId: 7300
SourceImage: C:\Windows\Explorer.EXE
TargetProcessGUID: {e2c04bb9-08cb-60c4-eb40-400100000000}
TargetProcessId: 4236
TargetImage: C:\TMP\CreateNamedPipe.exe
GrantedAccess: 0x1000
CallTrace: C:\Windows\SYSTEM32\ntdll.dll+9d364|C:\Windows\System32\KERNELBASE.dll+305ee|C:\Windows\system32\twinui.pcshell.dll+c795|C:\Windows\system32\twinui.pcshell.dll+c03c|C:\Windows\system32\twinui.pcshell.dll+7e9a1|C:\Windows\system32\twinui.pcshell.dll+a54b8|C:\Windows\system32\twinui.pcshell.dll+a5089|C:\Windows\system32\twinui.pcshell.dll+6a3e7|C:\Windows\system32\twinui.pcshell.dll+57ba2|C:\Windows\system32\twinui.pcshell.dll+590be|C:\Windows\system32\twinui.pcshell.dll+7eaa6|C:\Windows\system32\twinui.pcshell.dll+5bc22|C:\Windows\System32\USER32.dll+15c1d|C:\Windows\System32\USER32.dll+15612|C:\Windows\system32\twinui.pcshell.dll+3fd49|C:\Windows\system32\twinui.pcshell.dll+3f6f0|C:\Windows\system32\twinui.pcshell.dll+b759|C:\Windows\system32\twinui.pcshell.dll+2b70a|C:\Windows\system32\twinui.dll+63866|C:\Windows\system32\twinui.dll+635da|C:\Windows\system32\twinui.dll+634d3|C:\Windows\System32\USER32.dll+15c1d|C:\Windows\System32\USER32.dll+157ec|C:\Windows\System32\USER32.dll+25ab2",10,-,,0,,,,,,,,,,,,,,,,,,,{e2c04bb9-a70e-60c3-0d61-390000000000},1320,7300.0,C:\Windows\Explorer.EXE,{e2c04bb9-08cb-60c4-eb40-400100000000},4236,C:\TMP\CreateNamedPipe.exe,0x1000,C:\Windows\SYSTEM32\ntdll.dll+9d364|C:\Windows\System32\KERNELBASE.dll+305ee|C:\Windows\system32\twinui.pcshell.dll+c795|C:\Windows\system32\twinui.pcshell.dll+c03c|C:\Windows\system32\twinui.pcshell.dll+7e9a1|C:\Windows\system32\twinui.pcshell.dll+a54b8|C:\Windows\system32\twinui.pcshell.dll+a5089|C:\Windows\system32\twinui.pcshell.dll+6a3e7|C:\Windows\system32\twinui.pcshell.dll+57ba2|C:\Windows\system32\twinui.pcshell.dll+590be|C:\Windows\system32\twinui.pcshell.dll+7eaa6|C:\Windows\system32\twinui.pcshell.dll+5bc22|C:\Windows\System32\USER32.dll+15c1d|C:\Windows\System32\USER32.dll+15612|C:\Windows\system32\twinui.pcshell.dll+3fd49|C:\Windows\system32\twinui.pcshell.dll+3f6f0|C:\Windows\system32\twinui.pcshell.dll+b759|C:\Windows\system32\twinui.pcshell.dll+2b70a|C:\Windows\system32\twinui.dll+63866|C:\Windows\system32\twinui.dll+635da|C:\Windows\system32\twinui.dll+634d3|C:\Windows\System32\USER32.dll+15c1d|C:\Windows\System32\USER32.dll+157ec|C:\Windows\System32\USER32.dll+25ab2,,,,,,,,,,,,,,,,,,,,,,,,,,,,,,,,,,,,,,,,,,,,,,,,,,,,,,,,,,,,,,,,,,,,,,,,,,,,,,,,,,,,,0,0,0,0,0,0,1,True
