2021-06-12 01:07:19,160,Microsoft-Windows-Sysmon,{5770385f-c22a-43e0-bf4c-06f5698ffbd9},4,0x8000000000000000,Microsoft-Windows-Sysmon/Operational,WORKSTATION5,2021-06-11T09:07:19.037Z,2021-06-11T09:07:19.037Z,10,"Process accessed:
RuleName: -
UtcTime: 2021-06-12 01:07:19.025
SourceProcessGUID: {e2c04bb9-a70e-60c3-0d61-390000000000}
SourceProcessId: 1320
SourceThreadId: 7300
SourceImage: C:\Windows\Explorer.EXE
TargetProcessGUID: {e2c04bb9-08c6-60c4-681f-400100000000}
TargetProcessId: 4748
TargetImage: C:\TMP\CreateNamedPipe.exe
GrantedAccess: 0x1000
CallTrace: C:\Windows\SYSTEM32\ntdll.dll+9d364|C:\Windows\System32\KERNELBASE.dll+305ee|C:\Windows\system32\twinui.pcshell.dll+c795|C:\Windows\system32\twinui.pcshell.dll+c03c|C:\Windows\system32\twinui.pcshell.dll+7e9a1|C:\Windows\system32\twinui.pcshell.dll+7ba84|C:\Windows\system32\twinui.pcshell.dll+171c3|C:\Windows\system32\twinui.pcshell.dll+57ba2|C:\Windows\system32\twinui.pcshell.dll+590be|C:\Windows\system32\twinui.pcshell.dll+7eaa6|C:\Windows\system32\twinui.pcshell.dll+5bc22|C:\Windows\System32\USER32.dll+15c1d|C:\Windows\System32\USER32.dll+15612|C:\Windows\system32\twinui.pcshell.dll+3fd49|C:\Windows\system32\twinui.pcshell.dll+3f6f0|C:\Windows\system32\twinui.pcshell.dll+b759|C:\Windows\system32\twinui.pcshell.dll+2b70a|C:\Windows\system32\twinui.dll+63866|C:\Windows\system32\twinui.dll+635da|C:\Windows\system32\twinui.dll+634d3|C:\Windows\System32\USER32.dll+15c1d|C:\Windows\System32\USER32.dll+157ec|C:\Windows\System32\USER32.dll+25ab2|C:\Windows\SYSTEM32\ntdll.dll+a0c14",10,-,,0,,,,,,,,,,,,,,,,,,,{e2c04bb9-a70e-60c3-0d61-390000000000},1320,7300.0,C:\Windows\Explorer.EXE,{e2c04bb9-08c6-60c4-681f-400100000000},4748,C:\TMP\CreateNamedPipe.exe,0x1000,C:\Windows\SYSTEM32\ntdll.dll+9d364|C:\Windows\System32\KERNELBASE.dll+305ee|C:\Windows\system32\twinui.pcshell.dll+c795|C:\Windows\system32\twinui.pcshell.dll+c03c|C:\Windows\system32\twinui.pcshell.dll+7e9a1|C:\Windows\system32\twinui.pcshell.dll+7ba84|C:\Windows\system32\twinui.pcshell.dll+171c3|C:\Windows\system32\twinui.pcshell.dll+57ba2|C:\Windows\system32\twinui.pcshell.dll+590be|C:\Windows\system32\twinui.pcshell.dll+7eaa6|C:\Windows\system32\twinui.pcshell.dll+5bc22|C:\Windows\System32\USER32.dll+15c1d|C:\Windows\System32\USER32.dll+15612|C:\Windows\system32\twinui.pcshell.dll+3fd49|C:\Windows\system32\twinui.pcshell.dll+3f6f0|C:\Windows\system32\twinui.pcshell.dll+b759|C:\Windows\system32\twinui.pcshell.dll+2b70a|C:\Windows\system32\twinui.dll+63866|C:\Windows\system32\twinui.dll+635da|C:\Windows\system32\twinui.dll+634d3|C:\Windows\System32\USER32.dll+15c1d|C:\Windows\System32\USER32.dll+157ec|C:\Windows\System32\USER32.dll+25ab2|C:\Windows\SYSTEM32\ntdll.dll+a0c14,,,,,,,,,,,,,,,,,,,,,,,,,,,,,,,,,,,,,,,,,,,,,,,,,,,,,,,,,,,,,,,,,,,,,,,,,,,,,,,,,,,,,0,0,0,0,0,0,2,True
2021-06-12 01:07:19,159,Microsoft-Windows-Sysmon,{5770385f-c22a-43e0-bf4c-06f5698ffbd9},4,0x8000000000000000,Microsoft-Windows-Sysmon/Operational,WORKSTATION5,2021-06-11T09:07:19.037Z,2021-06-11T09:07:19.037Z,10,"Process accessed:
RuleName: -
UtcTime: 2021-06-12 01:07:19.025
SourceProcessGUID: {e2c04bb9-a70e-60c3-0d61-390000000000}
SourceProcessId: 1320
SourceThreadId: 7300
SourceImage: C:\Windows\Explorer.EXE
TargetProcessGUID: {e2c04bb9-08c6-60c4-681f-400100000000}
TargetProcessId: 4748
TargetImage: C:\TMP\CreateNamedPipe.exe
GrantedAccess: 0x1000
CallTrace: C:\Windows\SYSTEM32\ntdll.dll+9d364|C:\Windows\System32\KERNELBASE.dll+305ee|C:\Windows\system32\twinui.pcshell.dll+c00f|C:\Windows\system32\twinui.pcshell.dll+7e9a1|C:\Windows\system32\twinui.pcshell.dll+7ba84|C:\Windows\system32\twinui.pcshell.dll+171c3|C:\Windows\system32\twinui.pcshell.dll+57ba2|C:\Windows\system32\twinui.pcshell.dll+590be|C:\Windows\system32\twinui.pcshell.dll+7eaa6|C:\Windows\system32\twinui.pcshell.dll+5bc22|C:\Windows\System32\USER32.dll+15c1d|C:\Windows\System32\USER32.dll+15612|C:\Windows\system32\twinui.pcshell.dll+3fd49|C:\Windows\system32\twinui.pcshell.dll+3f6f0|C:\Windows\system32\twinui.pcshell.dll+b759|C:\Windows\system32\twinui.pcshell.dll+2b70a|C:\Windows\system32\twinui.dll+63866|C:\Windows\system32\twinui.dll+635da|C:\Windows\system32\twinui.dll+634d3|C:\Windows\System32\USER32.dll+15c1d|C:\Windows\System32\USER32.dll+157ec|C:\Windows\System32\USER32.dll+25ab2|C:\Windows\SYSTEM32\ntdll.dll+a0c14|UNKNOWN(FFFFF8061EC918D5)",10,-,,0,,,,,,,,,,,,,,,,,,,{e2c04bb9-a70e-60c3-0d61-390000000000},1320,7300.0,C:\Windows\Explorer.EXE,{e2c04bb9-08c6-60c4-681f-400100000000},4748,C:\TMP\CreateNamedPipe.exe,0x1000,C:\Windows\SYSTEM32\ntdll.dll+9d364|C:\Windows\System32\KERNELBASE.dll+305ee|C:\Windows\system32\twinui.pcshell.dll+c00f|C:\Windows\system32\twinui.pcshell.dll+7e9a1|C:\Windows\system32\twinui.pcshell.dll+7ba84|C:\Windows\system32\twinui.pcshell.dll+171c3|C:\Windows\system32\twinui.pcshell.dll+57ba2|C:\Windows\system32\twinui.pcshell.dll+590be|C:\Windows\system32\twinui.pcshell.dll+7eaa6|C:\Windows\system32\twinui.pcshell.dll+5bc22|C:\Windows\System32\USER32.dll+15c1d|C:\Windows\System32\USER32.dll+15612|C:\Windows\system32\twinui.pcshell.dll+3fd49|C:\Windows\system32\twinui.pcshell.dll+3f6f0|C:\Windows\system32\twinui.pcshell.dll+b759|C:\Windows\system32\twinui.pcshell.dll+2b70a|C:\Windows\system32\twinui.dll+63866|C:\Windows\system32\twinui.dll+635da|C:\Windows\system32\twinui.dll+634d3|C:\Windows\System32\USER32.dll+15c1d|C:\Windows\System32\USER32.dll+157ec|C:\Windows\System32\USER32.dll+25ab2|C:\Windows\SYSTEM32\ntdll.dll+a0c14|UNKNOWN(FFFFF8061EC918D5),,,,,,,,,,,,,,,,,,,,,,,,,,,,,,,,,,,,,,,,,,,,,,,,,,,,,,,,,,,,,,,,,,,,,,,,,,,,,,,,,,,,,0,0,0,0,0,0,2,True
2021-06-12 01:07:19,158,Microsoft-Windows-Sysmon,{5770385f-c22a-43e0-bf4c-06f5698ffbd9},4,0x8000000000000000,Microsoft-Windows-Sysmon/Operational,WORKSTATION5,2021-06-11T09:07:19.037Z,2021-06-11T09:07:19.037Z,13,"Registry value set:
RuleName: -
EventType: SetValue
UtcTime: 2021-06-12 01:07:19.025
ProcessGuid: {e2c04bb9-a70e-60c3-0d61-390000000000}
ProcessId: 1320
Image: C:\Windows\Explorer.EXE
TargetObject: HKU\S-1-5-21-315269454-3320600716-4144796452-500\Software\Microsoft\Windows\CurrentVersion\Explorer\SessionInfo\2\ApplicationViewManagement\W32:00000000000C0506\VirtualDesktop
Details: Binary Data",13,-,{e2c04bb9-a70e-60c3-0d61-390000000000},1320,C:\Windows\Explorer.EXE,,,,,,,,,,,,,,,,,,,,,,,,,,,,,,,,,,SetValue,HKU\S-1-5-21-315269454-3320600716-4144796452-500\Software\Microsoft\Windows\CurrentVersion\Explorer\SessionInfo\2\ApplicationViewManagement\W32:00000000000C0506\VirtualDesktop,Binary Data,,,,,,,,,,,,,,,,,,,,,,,,,,,,,,,,,,,,,,,,,,,,,,,,,,,,,,,,,,,,,,,,,,,,,,,,,,,0,0,0,0,1,0,2,True
2021-06-12 01:07:19,157,Microsoft-Windows-Sysmon,{5770385f-c22a-43e0-bf4c-06f5698ffbd9},4,0x8000000000000000,Microsoft-Windows-Sysmon/Operational,WORKSTATION5,2021-06-11T09:07:19.037Z,2021-06-11T09:07:19.037Z,12,"Registry object added or deleted:
RuleName: -
EventType: CreateKey
UtcTime: 2021-06-12 01:07:19.025
ProcessGuid: {e2c04bb9-a70e-60c3-0d61-390000000000}
ProcessId: 1320
Image: C:\Windows\Explorer.EXE
TargetObject: HKU\S-1-5-21-315269454-3320600716-4144796452-500\Software\Microsoft\Windows\CurrentVersion\Explorer\SessionInfo\2\ApplicationViewManagement\W32:00000000000C0506",12,-,{e2c04bb9-a70e-60c3-0d61-390000000000},1320,C:\Windows\Explorer.EXE,,,,,,,,,,,,,,,,,,,,,,,,,,,,,,,,,,CreateKey,HKU\S-1-5-21-315269454-3320600716-4144796452-500\Software\Microsoft\Windows\CurrentVersion\Explorer\SessionInfo\2\ApplicationViewManagement\W32:00000000000C0506,,,,,,,,,,,,,,,,,,,,,,,,,,,,,,,,,,,,,,,,,,,,,,,,,,,,,,,,,,,,,,,,,,,,,,,,,,,,0,0,0,1,1,0,2,True
2021-06-12 01:07:19,156,Microsoft-Windows-Sysmon,{5770385f-c22a-43e0-bf4c-06f5698ffbd9},4,0x8000000000000000,Microsoft-Windows-Sysmon/Operational,WORKSTATION5,2021-06-11T09:07:19.037Z,2021-06-11T09:07:19.037Z,10,"Process accessed:
RuleName: -
UtcTime: 2021-06-12 01:07:19.025
SourceProcessGUID: {e2c04bb9-a70e-60c3-0d61-390000000000}
SourceProcessId: 1320
SourceThreadId: 7300
SourceImage: C:\Windows\Explorer.EXE
TargetProcessGUID: {e2c04bb9-08c6-60c4-681f-400100000000}
TargetProcessId: 4748
TargetImage: C:\TMP\CreateNamedPipe.exe
GrantedAccess: 0x1000
CallTrace: C:\Windows\SYSTEM32\ntdll.dll+9d364|C:\Windows\System32\KERNELBASE.dll+305ee|C:\Windows\system32\twinui.pcshell.dll+c795|C:\Windows\system32\twinui.pcshell.dll+c03c|C:\Windows\system32\twinui.pcshell.dll+7e9a1|C:\Windows\system32\twinui.pcshell.dll+754e9|C:\Windows\system32\twinui.pcshell.dll+696f2|C:\Windows\system32\twinui.pcshell.dll+57ba2|C:\Windows\system32\twinui.pcshell.dll+2a167|C:\Windows\system32\twinui.pcshell.dll+57ba2|C:\Windows\system32\twinui.pcshell.dll+590be|C:\Windows\system32\twinui.pcshell.dll+7eaa6|C:\Windows\system32\twinui.pcshell.dll+5bc22|C:\Windows\System32\USER32.dll+15c1d|C:\Windows\System32\USER32.dll+15612|C:\Windows\system32\twinui.pcshell.dll+3fd49|C:\Windows\system32\twinui.pcshell.dll+3f6f0|C:\Windows\system32\twinui.pcshell.dll+b759|C:\Windows\system32\twinui.pcshell.dll+2b70a|C:\Windows\system32\twinui.dll+63866|C:\Windows\system32\twinui.dll+635da|C:\Windows\system32\twinui.dll+634d3|C:\Windows\System32\USER32.dll+15c1d|C:\Windows\System32\USER32.dll+157ec",10,-,,0,,,,,,,,,,,,,,,,,,,{e2c04bb9-a70e-60c3-0d61-390000000000},1320,7300.0,C:\Windows\Explorer.EXE,{e2c04bb9-08c6-60c4-681f-400100000000},4748,C:\TMP\CreateNamedPipe.exe,0x1000,C:\Windows\SYSTEM32\ntdll.dll+9d364|C:\Windows\System32\KERNELBASE.dll+305ee|C:\Windows\system32\twinui.pcshell.dll+c795|C:\Windows\system32\twinui.pcshell.dll+c03c|C:\Windows\system32\twinui.pcshell.dll+7e9a1|C:\Windows\system32\twinui.pcshell.dll+754e9|C:\Windows\system32\twinui.pcshell.dll+696f2|C:\Windows\system32\twinui.pcshell.dll+57ba2|C:\Windows\system32\twinui.pcshell.dll+2a167|C:\Windows\system32\twinui.pcshell.dll+57ba2|C:\Windows\system32\twinui.pcshell.dll+590be|C:\Windows\system32\twinui.pcshell.dll+7eaa6|C:\Windows\system32\twinui.pcshell.dll+5bc22|C:\Windows\System32\USER32.dll+15c1d|C:\Windows\System32\USER32.dll+15612|C:\Windows\system32\twinui.pcshell.dll+3fd49|C:\Windows\system32\twinui.pcshell.dll+3f6f0|C:\Windows\system32\twinui.pcshell.dll+b759|C:\Windows\system32\twinui.pcshell.dll+2b70a|C:\Windows\system32\twinui.dll+63866|C:\Windows\system32\twinui.dll+635da|C:\Windows\system32\twinui.dll+634d3|C:\Windows\System32\USER32.dll+15c1d|C:\Windows\System32\USER32.dll+157ec,,,,,,,,,,,,,,,,,,,,,,,,,,,,,,,,,,,,,,,,,,,,,,,,,,,,,,,,,,,,,,,,,,,,,,,,,,,,,,,,,,,,,0,0,0,1,1,0,2,True
2021-06-12 01:07:19,155,Microsoft-Windows-Sysmon,{5770385f-c22a-43e0-bf4c-06f5698ffbd9},4,0x8000000000000000,Microsoft-Windows-Sysmon/Operational,WORKSTATION5,2021-06-11T09:07:19.037Z,2021-06-11T09:07:19.037Z,10,"Process accessed:
RuleName: -
UtcTime: 2021-06-12 01:07:19.025
SourceProcessGUID: {e2c04bb9-a70e-60c3-0d61-390000000000}
SourceProcessId: 1320
SourceThreadId: 7300
SourceImage: C:\Windows\Explorer.EXE
TargetProcessGUID: {e2c04bb9-08c6-60c4-681f-400100000000}
TargetProcessId: 4748
TargetImage: C:\TMP\CreateNamedPipe.exe
GrantedAccess: 0x1000
CallTrace: C:\Windows\SYSTEM32\ntdll.dll+9d364|C:\Windows\System32\KERNELBASE.dll+305ee|C:\Windows\system32\twinui.pcshell.dll+c00f|C:\Windows\system32\twinui.pcshell.dll+7e9a1|C:\Windows\system32\twinui.pcshell.dll+754e9|C:\Windows\system32\twinui.pcshell.dll+696f2|C:\Windows\system32\twinui.pcshell.dll+57ba2|C:\Windows\system32\twinui.pcshell.dll+2a167|C:\Windows\system32\twinui.pcshell.dll+57ba2|C:\Windows\system32\twinui.pcshell.dll+590be|C:\Windows\system32\twinui.pcshell.dll+7eaa6|C:\Windows\system32\twinui.pcshell.dll+5bc22|C:\Windows\System32\USER32.dll+15c1d|C:\Windows\System32\USER32.dll+15612|C:\Windows\system32\twinui.pcshell.dll+3fd49|C:\Windows\system32\twinui.pcshell.dll+3f6f0|C:\Windows\system32\twinui.pcshell.dll+b759|C:\Windows\system32\twinui.pcshell.dll+2b70a|C:\Windows\system32\twinui.dll+63866|C:\Windows\system32\twinui.dll+635da|C:\Windows\system32\twinui.dll+634d3|C:\Windows\System32\USER32.dll+15c1d|C:\Windows\System32\USER32.dll+157ec|C:\Windows\System32\USER32.dll+25ab2",10,-,,0,,,,,,,,,,,,,,,,,,,{e2c04bb9-a70e-60c3-0d61-390000000000},1320,7300.0,C:\Windows\Explorer.EXE,{e2c04bb9-08c6-60c4-681f-400100000000},4748,C:\TMP\CreateNamedPipe.exe,0x1000,C:\Windows\SYSTEM32\ntdll.dll+9d364|C:\Windows\System32\KERNELBASE.dll+305ee|C:\Windows\system32\twinui.pcshell.dll+c00f|C:\Windows\system32\twinui.pcshell.dll+7e9a1|C:\Windows\system32\twinui.pcshell.dll+754e9|C:\Windows\system32\twinui.pcshell.dll+696f2|C:\Windows\system32\twinui.pcshell.dll+57ba2|C:\Windows\system32\twinui.pcshell.dll+2a167|C:\Windows\system32\twinui.pcshell.dll+57ba2|C:\Windows\system32\twinui.pcshell.dll+590be|C:\Windows\system32\twinui.pcshell.dll+7eaa6|C:\Windows\system32\twinui.pcshell.dll+5bc22|C:\Windows\System32\USER32.dll+15c1d|C:\Windows\System32\USER32.dll+15612|C:\Windows\system32\twinui.pcshell.dll+3fd49|C:\Windows\system32\twinui.pcshell.dll+3f6f0|C:\Windows\system32\twinui.pcshell.dll+b759|C:\Windows\system32\twinui.pcshell.dll+2b70a|C:\Windows\system32\twinui.dll+63866|C:\Windows\system32\twinui.dll+635da|C:\Windows\system32\twinui.dll+634d3|C:\Windows\System32\USER32.dll+15c1d|C:\Windows\System32\USER32.dll+157ec|C:\Windows\System32\USER32.dll+25ab2,,,,,,,,,,,,,,,,,,,,,,,,,,,,,,,,,,,,,,,,,,,,,,,,,,,,,,,,,,,,,,,,,,,,,,,,,,,,,,,,,,,,,0,0,0,1,1,0,2,True
2021-06-12 01:07:19,162,Microsoft-Windows-Sysmon,{5770385f-c22a-43e0-bf4c-06f5698ffbd9},4,0x8000000000000000,Microsoft-Windows-Sysmon/Operational,WORKSTATION5,2021-06-11T09:07:19.037Z,2021-06-11T09:07:19.037Z,10,"Process accessed:
RuleName: -
UtcTime: 2021-06-12 01:07:19.025
SourceProcessGUID: {e2c04bb9-a70e-60c3-0d61-390000000000}
SourceProcessId: 1320
SourceThreadId: 7300
SourceImage: C:\Windows\Explorer.EXE
TargetProcessGUID: {e2c04bb9-08c6-60c4-681f-400100000000}
TargetProcessId: 4748
TargetImage: C:\TMP\CreateNamedPipe.exe
GrantedAccess: 0x1000
CallTrace: C:\Windows\SYSTEM32\ntdll.dll+9d364|C:\Windows\System32\KERNELBASE.dll+305ee|C:\Windows\system32\twinui.pcshell.dll+c795|C:\Windows\system32\twinui.pcshell.dll+c03c|C:\Windows\system32\twinui.pcshell.dll+7e9a1|C:\Windows\system32\twinui.pcshell.dll+a54b8|C:\Windows\system32\twinui.pcshell.dll+a5089|C:\Windows\system32\twinui.pcshell.dll+6a3e7|C:\Windows\system32\twinui.pcshell.dll+57ba2|C:\Windows\system32\twinui.pcshell.dll+590be|C:\Windows\system32\twinui.pcshell.dll+7eaa6|C:\Windows\system32\twinui.pcshell.dll+5bc22|C:\Windows\System32\USER32.dll+15c1d|C:\Windows\System32\USER32.dll+15612|C:\Windows\system32\twinui.pcshell.dll+3fd49|C:\Windows\system32\twinui.pcshell.dll+3f6f0|C:\Windows\system32\twinui.pcshell.dll+b759|C:\Windows\system32\twinui.pcshell.dll+2b70a|C:\Windows\system32\twinui.dll+63866|C:\Windows\system32\twinui.dll+635da|C:\Windows\system32\twinui.dll+634d3|C:\Windows\System32\USER32.dll+15c1d|C:\Windows\System32\USER32.dll+157ec|C:\Windows\System32\USER32.dll+25ab2",10,-,,0,,,,,,,,,,,,,,,,,,,{e2c04bb9-a70e-60c3-0d61-390000000000},1320,7300.0,C:\Windows\Explorer.EXE,{e2c04bb9-08c6-60c4-681f-400100000000},4748,C:\TMP\CreateNamedPipe.exe,0x1000,C:\Windows\SYSTEM32\ntdll.dll+9d364|C:\Windows\System32\KERNELBASE.dll+305ee|C:\Windows\system32\twinui.pcshell.dll+c795|C:\Windows\system32\twinui.pcshell.dll+c03c|C:\Windows\system32\twinui.pcshell.dll+7e9a1|C:\Windows\system32\twinui.pcshell.dll+a54b8|C:\Windows\system32\twinui.pcshell.dll+a5089|C:\Windows\system32\twinui.pcshell.dll+6a3e7|C:\Windows\system32\twinui.pcshell.dll+57ba2|C:\Windows\system32\twinui.pcshell.dll+590be|C:\Windows\system32\twinui.pcshell.dll+7eaa6|C:\Windows\system32\twinui.pcshell.dll+5bc22|C:\Windows\System32\USER32.dll+15c1d|C:\Windows\System32\USER32.dll+15612|C:\Windows\system32\twinui.pcshell.dll+3fd49|C:\Windows\system32\twinui.pcshell.dll+3f6f0|C:\Windows\system32\twinui.pcshell.dll+b759|C:\Windows\system32\twinui.pcshell.dll+2b70a|C:\Windows\system32\twinui.dll+63866|C:\Windows\system32\twinui.dll+635da|C:\Windows\system32\twinui.dll+634d3|C:\Windows\System32\USER32.dll+15c1d|C:\Windows\System32\USER32.dll+157ec|C:\Windows\System32\USER32.dll+25ab2,,,,,,,,,,,,,,,,,,,,,,,,,,,,,,,,,,,,,,,,,,,,,,,,,,,,,,,,,,,,,,,,,,,,,,,,,,,,,,,,,,,,,0,0,0,1,1,0,2,True
2021-06-12 01:07:19,154,Microsoft-Windows-Sysmon,{5770385f-c22a-43e0-bf4c-06f5698ffbd9},4,0x8000000000000000,Microsoft-Windows-Sysmon/Operational,WORKSTATION5,2021-06-11T09:07:19.037Z,2021-06-11T09:07:19.037Z,10,"Process accessed:
RuleName: -
UtcTime: 2021-06-12 01:07:19.025
SourceProcessGUID: {e2c04bb9-a346-60c3-0f00-000000000300}
SourceProcessId: 876
SourceThreadId: 8492
SourceImage: C:\Windows\system32\svchost.exe
TargetProcessGUID: {e2c04bb9-08c6-60c4-7d09-000000000300}
TargetProcessId: 6388
TargetImage: C:\Windows\system32\conhost.exe
GrantedAccess: 0x2000
CallTrace: C:\Windows\SYSTEM32\ntdll.dll+9d364|C:\Windows\SYSTEM32\psmserviceexthost.dll+31160|C:\Windows\SYSTEM32\psmserviceexthost.dll+30e5f|C:\Windows\SYSTEM32\ntdll.dll+6ba5|C:\Windows\SYSTEM32\ntdll.dll+67f1|C:\Windows\SYSTEM32\ntdll.dll+6650|C:\Windows\SYSTEM32\ntdll.dll+3052c|C:\Windows\SYSTEM32\ntdll.dll+34142|C:\Windows\System32\KERNEL32.DLL+17c24|C:\Windows\SYSTEM32\ntdll.dll+6d721",10,-,,0,,,,,,,,,,,,,,,,,,,{e2c04bb9-a346-60c3-0f00-000000000300},876,8492.0,C:\Windows\system32\svchost.exe,{e2c04bb9-08c6-60c4-7d09-000000000300},6388,C:\Windows\system32\conhost.exe,0x2000,C:\Windows\SYSTEM32\ntdll.dll+9d364|C:\Windows\SYSTEM32\psmserviceexthost.dll+31160|C:\Windows\SYSTEM32\psmserviceexthost.dll+30e5f|C:\Windows\SYSTEM32\ntdll.dll+6ba5|C:\Windows\SYSTEM32\ntdll.dll+67f1|C:\Windows\SYSTEM32\ntdll.dll+6650|C:\Windows\SYSTEM32\ntdll.dll+3052c|C:\Windows\SYSTEM32\ntdll.dll+34142|C:\Windows\System32\KERNEL32.DLL+17c24|C:\Windows\SYSTEM32\ntdll.dll+6d721,,,,,,,,,,,,,,,,,,,,,,,,,,,,,,,,,,,,,,,,,,,,,,,,,,,,,,,,,,,,,,,,,,,,,,,,,,,,,,,,,,,,,0,0,0,1,0,0,2,True
2021-06-12 01:07:19,151,Microsoft-Windows-Sysmon,{5770385f-c22a-43e0-bf4c-06f5698ffbd9},4,0x8000000000000000,Microsoft-Windows-Sysmon/Operational,WORKSTATION5,2021-06-11T09:07:19.033Z,2021-06-11T09:07:19.033Z,7,"Image loaded:
RuleName: -
UtcTime: 2021-06-12 01:07:19.025
ProcessGuid: {e2c04bb9-08c6-60c4-7d09-000000000300}
ProcessId: 6388
Image: C:\Windows\System32\conhost.exe
ImageLoaded: C:\Windows\System32\iertutil.dll
FileVersion: 11.00.18362.1533 (WinBuild.160101.0800)
Description: Run time utility for Internet Explorer
Product: Internet Explorer
Company: Microsoft Corporation
OriginalFileName: IeRtUtil.dll
Hashes: SHA1=25E6BADE0F4256973D2CC55D81F644F92CEC5782,MD5=E01A63508D4FBA3398C2E095BE1159D3,SHA256=EFC3D0B514F85A8F2F89A5D52D9788444C7CC66F5D67880D70A368DABC300F65,IMPHASH=8A91E12AED8A0B282C3E51CA39DEC3F4
Signed: true
Signature: Microsoft Windows
SignatureStatus: Valid",7,-,{e2c04bb9-08c6-60c4-7d09-000000000300},6388,C:\Windows\System32\conhost.exe,11.00.18362.1533 (WinBuild.160101.0800),Run time utility for Internet Explorer,Internet Explorer,Microsoft Corporation,IeRtUtil.dll,,,,,,,,"SHA1=25E6BADE0F4256973D2CC55D81F644F92CEC5782,MD5=E01A63508D4FBA3398C2E095BE1159D3,SHA256=EFC3D0B514F85A8F2F89A5D52D9788444C7CC66F5D67880D70A368DABC300F65,IMPHASH=8A91E12AED8A0B282C3E51CA39DEC3F4",,,,,,,,,,,,,,C:\Windows\System32\iertutil.dll,True,Microsoft Windows,Valid,,,,,,,,,,,,,,,,,,,,,,,,,,,,,,,,,,,,,,,,,,,,,,,,,,,,,,,,,,,,,,,,,,,,,,,,,,,,,,,,,0,0,0,0,0,0,2,True
2021-06-12 01:07:19,150,Microsoft-Windows-Sysmon,{5770385f-c22a-43e0-bf4c-06f5698ffbd9},4,0x8000000000000000,Microsoft-Windows-Sysmon/Operational,WORKSTATION5,2021-06-11T09:07:19.033Z,2021-06-11T09:07:19.033Z,7,"Image loaded:
RuleName: -
UtcTime: 2021-06-12 01:07:19.025
ProcessGuid: {e2c04bb9-08c6-60c4-7d09-000000000300}
ProcessId: 6388
Image: C:\Windows\System32\conhost.exe
ImageLoaded: C:\Windows\System32\WinTypes.dll
FileVersion: 10.0.18362.1500 (WinBuild.160101.0800)
Description: Windows Base Types DLL
Product: Microsoft® Windows® Operating System
Company: Microsoft Corporation
OriginalFileName: WinTypes.dll
Hashes: SHA1=AC0D336EE704D994BB93A7E254F2D4AAAC104EF1,MD5=A49F7D3A4DD1A8F1A211B6C93EFA7942,SHA256=9AAD9F59E23DFE1A621195F9B70C15EE9C67B15FB2ACEA8DA09F057CF18AA359,IMPHASH=554A9752315AC45D1DA4038F3CB03786
Signed: true
Signature: Microsoft Windows
SignatureStatus: Valid",7,-,{e2c04bb9-08c6-60c4-7d09-000000000300},6388,C:\Windows\System32\conhost.exe,10.0.18362.1500 (WinBuild.160101.0800),Windows Base Types DLL,Microsoft® Windows® Operating System,Microsoft Corporation,WinTypes.dll,,,,,,,,"SHA1=AC0D336EE704D994BB93A7E254F2D4AAAC104EF1,MD5=A49F7D3A4DD1A8F1A211B6C93EFA7942,SHA256=9AAD9F59E23DFE1A621195F9B70C15EE9C67B15FB2ACEA8DA09F057CF18AA359,IMPHASH=554A9752315AC45D1DA4038F3CB03786",,,,,,,,,,,,,,C:\Windows\System32\WinTypes.dll,True,Microsoft Windows,Valid,,,,,,,,,,,,,,,,,,,,,,,,,,,,,,,,,,,,,,,,,,,,,,,,,,,,,,,,,,,,,,,,,,,,,,,,,,,,,,,,,0,0,0,0,0,0,2,True
2021-06-12 01:07:19,149,Microsoft-Windows-Sysmon,{5770385f-c22a-43e0-bf4c-06f5698ffbd9},4,0x8000000000000000,Microsoft-Windows-Sysmon/Operational,WORKSTATION5,2021-06-11T09:07:19.031Z,2021-06-11T09:07:19.031Z,7,"Image loaded:
RuleName: -
UtcTime: 2021-06-12 01:07:19.025
ProcessGuid: {e2c04bb9-08c6-60c4-7d09-000000000300}
ProcessId: 6388
Image: C:\Windows\System32\conhost.exe
ImageLoaded: C:\Windows\System32\WinTypes.dll
FileVersion: 10.0.18362.1500 (WinBuild.160101.0800)
Description: Windows Base Types DLL
Product: Microsoft® Windows® Operating System
Company: Microsoft Corporation
OriginalFileName: WinTypes.dll
Hashes: SHA1=AC0D336EE704D994BB93A7E254F2D4AAAC104EF1,MD5=A49F7D3A4DD1A8F1A211B6C93EFA7942,SHA256=9AAD9F59E23DFE1A621195F9B70C15EE9C67B15FB2ACEA8DA09F057CF18AA359,IMPHASH=554A9752315AC45D1DA4038F3CB03786
Signed: true
Signature: Microsoft Windows
SignatureStatus: Valid",7,-,{e2c04bb9-08c6-60c4-7d09-000000000300},6388,C:\Windows\System32\conhost.exe,10.0.18362.1500 (WinBuild.160101.0800),Windows Base Types DLL,Microsoft® Windows® Operating System,Microsoft Corporation,WinTypes.dll,,,,,,,,"SHA1=AC0D336EE704D994BB93A7E254F2D4AAAC104EF1,MD5=A49F7D3A4DD1A8F1A211B6C93EFA7942,SHA256=9AAD9F59E23DFE1A621195F9B70C15EE9C67B15FB2ACEA8DA09F057CF18AA359,IMPHASH=554A9752315AC45D1DA4038F3CB03786",,,,,,,,,,,,,,C:\Windows\System32\WinTypes.dll,True,Microsoft Windows,Valid,,,,,,,,,,,,,,,,,,,,,,,,,,,,,,,,,,,,,,,,,,,,,,,,,,,,,,,,,,,,,,,,,,,,,,,,,,,,,,,,,0,0,0,0,0,0,2,True
2021-06-12 01:07:19,148,Microsoft-Windows-Sysmon,{5770385f-c22a-43e0-bf4c-06f5698ffbd9},4,0x8000000000000000,Microsoft-Windows-Sysmon/Operational,WORKSTATION5,2021-06-11T09:07:19.031Z,2021-06-11T09:07:19.031Z,7,"Image loaded:
RuleName: -
UtcTime: 2021-06-12 01:07:19.009
ProcessGuid: {e2c04bb9-08c6-60c4-7d09-000000000300}
ProcessId: 6388
Image: C:\Windows\System32\conhost.exe
ImageLoaded: C:\Windows\System32\ntmarta.dll
FileVersion: 10.0.18362.1 (WinBuild.160101.0800)
Description: Windows NT MARTA provider
Product: Microsoft® Windows® Operating System
Company: Microsoft Corporation
OriginalFileName: ntmarta.dll
Hashes: SHA1=5C986A06C21B5CDCFD799E3B5CA475CE2AFF6058,MD5=435009D1DDC0365BFA34B8C8D3F85286,SHA256=2F94628F056FE65EA81351E134E59ECE813FEC5E8400C12D6DFA49DEFD126D01,IMPHASH=B0E49176FB29AC2D0ABB840B4C490D21
Signed: true
Signature: Microsoft Windows
SignatureStatus: Valid",7,-,{e2c04bb9-08c6-60c4-7d09-000000000300},6388,C:\Windows\System32\conhost.exe,10.0.18362.1 (WinBuild.160101.0800),Windows NT MARTA provider,Microsoft® Windows® Operating System,Microsoft Corporation,ntmarta.dll,,,,,,,,"SHA1=5C986A06C21B5CDCFD799E3B5CA475CE2AFF6058,MD5=435009D1DDC0365BFA34B8C8D3F85286,SHA256=2F94628F056FE65EA81351E134E59ECE813FEC5E8400C12D6DFA49DEFD126D01,IMPHASH=B0E49176FB29AC2D0ABB840B4C490D21",,,,,,,,,,,,,,C:\Windows\System32\ntmarta.dll,True,Microsoft Windows,Valid,,,,,,,,,,,,,,,,,,,,,,,,,,,,,,,,,,,,,,,,,,,,,,,,,,,,,,,,,,,,,,,,,,,,,,,,,,,,,,,,,0,0,0,0,0,0,2,True
2021-06-12 01:07:19,147,Microsoft-Windows-Sysmon,{5770385f-c22a-43e0-bf4c-06f5698ffbd9},4,0x8000000000000000,Microsoft-Windows-Sysmon/Operational,WORKSTATION5,2021-06-11T09:07:19.030Z,2021-06-11T09:07:19.030Z,7,"Image loaded:
RuleName: -
UtcTime: 2021-06-12 01:07:19.009
ProcessGuid: {e2c04bb9-08c6-60c4-7d09-000000000300}
ProcessId: 6388
Image: C:\Windows\System32\conhost.exe
ImageLoaded: C:\Windows\System32\CoreMessaging.dll
FileVersion: 10.0.18362.1316
Description: Microsoft CoreMessaging Dll
Product: Microsoft® Windows® Operating System
Company: Microsoft Corporation
OriginalFileName: CoreMessaging.dll
Hashes: SHA1=1C35C455307E9B0A1A1EBCEA14253292C02501BC,MD5=E6FCAA3DA185B15BF347A40EA9902950,SHA256=3C52C953508136EAA9DD6B4EC75A6060DDEB872DC4AAAF4A88695BB380BFC6BF,IMPHASH=159F4C943EAB23286854F27C6AA82CE1
Signed: true
Signature: Microsoft Windows
SignatureStatus: Valid",7,-,{e2c04bb9-08c6-60c4-7d09-000000000300},6388,C:\Windows\System32\conhost.exe,10.0.18362.1316,Microsoft CoreMessaging Dll,Microsoft® Windows® Operating System,Microsoft Corporation,CoreMessaging.dll,,,,,,,,"SHA1=1C35C455307E9B0A1A1EBCEA14253292C02501BC,MD5=E6FCAA3DA185B15BF347A40EA9902950,SHA256=3C52C953508136EAA9DD6B4EC75A6060DDEB872DC4AAAF4A88695BB380BFC6BF,IMPHASH=159F4C943EAB23286854F27C6AA82CE1",,,,,,,,,,,,,,C:\Windows\System32\CoreMessaging.dll,True,Microsoft Windows,Valid,,,,,,,,,,,,,,,,,,,,,,,,,,,,,,,,,,,,,,,,,,,,,,,,,,,,,,,,,,,,,,,,,,,,,,,,,,,,,,,,,0,0,0,0,0,0,1,True
2021-06-12 01:07:19,146,Microsoft-Windows-Sysmon,{5770385f-c22a-43e0-bf4c-06f5698ffbd9},4,0x8000000000000000,Microsoft-Windows-Sysmon/Operational,WORKSTATION5,2021-06-11T09:07:19.029Z,2021-06-11T09:07:19.029Z,7,"Image loaded:
RuleName: -
UtcTime: 2021-06-12 01:07:19.009
ProcessGuid: {e2c04bb9-08c6-60c4-7d09-000000000300}
ProcessId: 6388
Image: C:\Windows\System32\conhost.exe
ImageLoaded: C:\Windows\System32\CoreUIComponents.dll
FileVersion: 10.0.18362.1110
Description: Microsoft Core UI Components Dll
Product: Microsoft® Windows® Operating System
Company: Microsoft Corporation
OriginalFileName: CoreUIComponents.dll
Hashes: SHA1=921B1B35216BEE3C8DF5E9DE34E24E6CD11404B4,MD5=FD400D045B3B444EA63B43B57AED1BCA,SHA256=9050083E4A3586E497A6511E00721142D6729350E89D9E132085FA60CC82E58B,IMPHASH=D5A340DE6D3229461CCE23B7EDD45B8A
Signed: true
Signature: Microsoft Windows
SignatureStatus: Valid",7,-,{e2c04bb9-08c6-60c4-7d09-000000000300},6388,C:\Windows\System32\conhost.exe,10.0.18362.1110,Microsoft Core UI Components Dll,Microsoft® Windows® Operating System,Microsoft Corporation,CoreUIComponents.dll,,,,,,,,"SHA1=921B1B35216BEE3C8DF5E9DE34E24E6CD11404B4,MD5=FD400D045B3B444EA63B43B57AED1BCA,SHA256=9050083E4A3586E497A6511E00721142D6729350E89D9E132085FA60CC82E58B,IMPHASH=D5A340DE6D3229461CCE23B7EDD45B8A",,,,,,,,,,,,,,C:\Windows\System32\CoreUIComponents.dll,True,Microsoft Windows,Valid,,,,,,,,,,,,,,,,,,,,,,,,,,,,,,,,,,,,,,,,,,,,,,,,,,,,,,,,,,,,,,,,,,,,,,,,,,,,,,,,,0,0,0,0,0,0,1,True
2021-06-12 01:07:19,184,Microsoft-Windows-Sysmon,{5770385f-c22a-43e0-bf4c-06f5698ffbd9},4,0x8000000000000000,Microsoft-Windows-Sysmon/Operational,WORKSTATION5,2021-06-11T09:07:19.061Z,2021-06-11T09:07:19.061Z,10,"Process accessed:
RuleName: -
UtcTime: 2021-06-12 01:07:19.040
SourceProcessGUID: {e2c04bb9-a70e-60c3-0d61-390000000000}
SourceProcessId: 1320
SourceThreadId: 7300
SourceImage: C:\Windows\Explorer.EXE
TargetProcessGUID: {e2c04bb9-08c6-60c4-681f-400100000000}
TargetProcessId: 4748
TargetImage: C:\TMP\CreateNamedPipe.exe
GrantedAccess: 0x1000
CallTrace: C:\Windows\SYSTEM32\ntdll.dll+9d364|C:\Windows\System32\KERNELBASE.dll+305ee|C:\Windows\system32\twinui.pcshell.dll+c00f|C:\Windows\system32\twinui.pcshell.dll+7e9a1|C:\Windows\system32\twinui.pcshell.dll+7ba84|C:\Windows\system32\twinui.pcshell.dll+171c3|C:\Windows\system32\twinui.pcshell.dll+57ba2|C:\Windows\system32\twinui.pcshell.dll+590be|C:\Windows\system32\twinui.pcshell.dll+7eaa6|C:\Windows\system32\twinui.pcshell.dll+5bc22|C:\Windows\System32\USER32.dll+15c1d|C:\Windows\System32\USER32.dll+15612|C:\Windows\System32\windows.immersiveshell.serviceprovider.dll+4860|C:\Windows\System32\windows.immersiveshell.serviceprovider.dll+4429|C:\Windows\System32\windows.immersiveshell.serviceprovider.dll+40bf|C:\Windows\System32\KERNEL32.DLL+17c24|C:\Windows\SYSTEM32\ntdll.dll+6d721",10,-,,0,,,,,,,,,,,,,,,,,,,{e2c04bb9-a70e-60c3-0d61-390000000000},1320,7300.0,C:\Windows\Explorer.EXE,{e2c04bb9-08c6-60c4-681f-400100000000},4748,C:\TMP\CreateNamedPipe.exe,0x1000,C:\Windows\SYSTEM32\ntdll.dll+9d364|C:\Windows\System32\KERNELBASE.dll+305ee|C:\Windows\system32\twinui.pcshell.dll+c00f|C:\Windows\system32\twinui.pcshell.dll+7e9a1|C:\Windows\system32\twinui.pcshell.dll+7ba84|C:\Windows\system32\twinui.pcshell.dll+171c3|C:\Windows\system32\twinui.pcshell.dll+57ba2|C:\Windows\system32\twinui.pcshell.dll+590be|C:\Windows\system32\twinui.pcshell.dll+7eaa6|C:\Windows\system32\twinui.pcshell.dll+5bc22|C:\Windows\System32\USER32.dll+15c1d|C:\Windows\System32\USER32.dll+15612|C:\Windows\System32\windows.immersiveshell.serviceprovider.dll+4860|C:\Windows\System32\windows.immersiveshell.serviceprovider.dll+4429|C:\Windows\System32\windows.immersiveshell.serviceprovider.dll+40bf|C:\Windows\System32\KERNEL32.DLL+17c24|C:\Windows\SYSTEM32\ntdll.dll+6d721,,,,,,,,,,,,,,,,,,,,,,,,,,,,,,,,,,,,,,,,,,,,,,,,,,,,,,,,,,,,,,,,,,,,,,,,,,,,,,,,,,,,,0,0,0,0,0,0,2,True
2021-06-12 01:07:19,152,Microsoft-Windows-Sysmon,{5770385f-c22a-43e0-bf4c-06f5698ffbd9},4,0x8000000000000000,Microsoft-Windows-Sysmon/Operational,WORKSTATION5,2021-06-11T09:07:19.033Z,2021-06-11T09:07:19.033Z,10,"Process accessed:
RuleName: -
UtcTime: 2021-06-12 01:07:19.025
SourceProcessGUID: {e2c04bb9-a70e-60c3-0d61-390000000000}
SourceProcessId: 1320
SourceThreadId: 7300
SourceImage: C:\Windows\Explorer.EXE
TargetProcessGUID: {e2c04bb9-08c6-60c4-7d09-000000000300}
TargetProcessId: 6388
TargetImage: C:\Windows\system32\conhost.exe
GrantedAccess: 0x1000
CallTrace: C:\Windows\SYSTEM32\ntdll.dll+9d364|C:\Windows\System32\KERNELBASE.dll+305ee|C:\Windows\SYSTEM32\TWINAPI.dll+2f93|C:\Windows\system32\twinui.pcshell.dll+22320|C:\Windows\system32\twinui.pcshell.dll+21b22|C:\Windows\system32\twinui.dll+5f85b|C:\Windows\system32\twinui.dll+5f36c|C:\Windows\system32\twinui.dll+1ef9a|C:\Windows\system32\twinui.dll+48799|C:\Windows\system32\twinui.dll+488db|C:\Windows\system32\twinui.dll+4885d|C:\Windows\System32\USER32.dll+15c1d|C:\Windows\System32\USER32.dll+15612|C:\Windows\System32\windows.immersiveshell.serviceprovider.dll+4860|C:\Windows\System32\windows.immersiveshell.serviceprovider.dll+4429|C:\Windows\System32\windows.immersiveshell.serviceprovider.dll+40bf|C:\Windows\System32\KERNEL32.DLL+17c24|C:\Windows\SYSTEM32\ntdll.dll+6d721",10,-,,0,,,,,,,,,,,,,,,,,,,{e2c04bb9-a70e-60c3-0d61-390000000000},1320,7300.0,C:\Windows\Explorer.EXE,{e2c04bb9-08c6-60c4-7d09-000000000300},6388,C:\Windows\system32\conhost.exe,0x1000,C:\Windows\SYSTEM32\ntdll.dll+9d364|C:\Windows\System32\KERNELBASE.dll+305ee|C:\Windows\SYSTEM32\TWINAPI.dll+2f93|C:\Windows\system32\twinui.pcshell.dll+22320|C:\Windows\system32\twinui.pcshell.dll+21b22|C:\Windows\system32\twinui.dll+5f85b|C:\Windows\system32\twinui.dll+5f36c|C:\Windows\system32\twinui.dll+1ef9a|C:\Windows\system32\twinui.dll+48799|C:\Windows\system32\twinui.dll+488db|C:\Windows\system32\twinui.dll+4885d|C:\Windows\System32\USER32.dll+15c1d|C:\Windows\System32\USER32.dll+15612|C:\Windows\System32\windows.immersiveshell.serviceprovider.dll+4860|C:\Windows\System32\windows.immersiveshell.serviceprovider.dll+4429|C:\Windows\System32\windows.immersiveshell.serviceprovider.dll+40bf|C:\Windows\System32\KERNEL32.DLL+17c24|C:\Windows\SYSTEM32\ntdll.dll+6d721,,,,,,,,,,,,,,,,,,,,,,,,,,,,,,,,,,,,,,,,,,,,,,,,,,,,,,,,,,,,,,,,,,,,,,,,,,,,,,,,,,,,,0,0,0,0,0,0,2,True
2021-06-12 01:07:19,163,Microsoft-Windows-Sysmon,{5770385f-c22a-43e0-bf4c-06f5698ffbd9},4,0x8000000000000000,Microsoft-Windows-Sysmon/Operational,WORKSTATION5,2021-06-11T09:07:19.037Z,2021-06-11T09:07:19.037Z,10,"Process accessed:
RuleName: -
UtcTime: 2021-06-12 01:07:19.025
SourceProcessGUID: {e2c04bb9-a70e-60c3-0d61-390000000000}
SourceProcessId: 1320
SourceThreadId: 7300
SourceImage: C:\Windows\Explorer.EXE
TargetProcessGUID: {e2c04bb9-08c6-60c4-681f-400100000000}
TargetProcessId: 4748
TargetImage: C:\TMP\CreateNamedPipe.exe
GrantedAccess: 0x1000
CallTrace: C:\Windows\SYSTEM32\ntdll.dll+9d364|C:\Windows\System32\KERNELBASE.dll+305ee|C:\Windows\system32\twinui.pcshell.dll+a54e7|C:\Windows\system32\twinui.pcshell.dll+a5089|C:\Windows\system32\twinui.pcshell.dll+6a3e7|C:\Windows\system32\twinui.pcshell.dll+57ba2|C:\Windows\system32\twinui.pcshell.dll+590be|C:\Windows\system32\twinui.pcshell.dll+7eaa6|C:\Windows\system32\twinui.pcshell.dll+5bc22|C:\Windows\System32\USER32.dll+15c1d|C:\Windows\System32\USER32.dll+15612|C:\Windows\system32\twinui.pcshell.dll+3fd49|C:\Windows\system32\twinui.pcshell.dll+3f6f0|C:\Windows\system32\twinui.pcshell.dll+b759|C:\Windows\system32\twinui.pcshell.dll+2b70a|C:\Windows\system32\twinui.dll+63866|C:\Windows\system32\twinui.dll+635da|C:\Windows\system32\twinui.dll+634d3|C:\Windows\System32\USER32.dll+15c1d|C:\Windows\System32\USER32.dll+157ec|C:\Windows\System32\USER32.dll+25ab2|C:\Windows\SYSTEM32\ntdll.dll+a0c14|UNKNOWN(FFFFF8061EC918D5)|UNKNOWN(FFFFD4C836D23794)",10,-,,0,,,,,,,,,,,,,,,,,,,{e2c04bb9-a70e-60c3-0d61-390000000000},1320,7300.0,C:\Windows\Explorer.EXE,{e2c04bb9-08c6-60c4-681f-400100000000},4748,C:\TMP\CreateNamedPipe.exe,0x1000,C:\Windows\SYSTEM32\ntdll.dll+9d364|C:\Windows\System32\KERNELBASE.dll+305ee|C:\Windows\system32\twinui.pcshell.dll+a54e7|C:\Windows\system32\twinui.pcshell.dll+a5089|C:\Windows\system32\twinui.pcshell.dll+6a3e7|C:\Windows\system32\twinui.pcshell.dll+57ba2|C:\Windows\system32\twinui.pcshell.dll+590be|C:\Windows\system32\twinui.pcshell.dll+7eaa6|C:\Windows\system32\twinui.pcshell.dll+5bc22|C:\Windows\System32\USER32.dll+15c1d|C:\Windows\System32\USER32.dll+15612|C:\Windows\system32\twinui.pcshell.dll+3fd49|C:\Windows\system32\twinui.pcshell.dll+3f6f0|C:\Windows\system32\twinui.pcshell.dll+b759|C:\Windows\system32\twinui.pcshell.dll+2b70a|C:\Windows\system32\twinui.dll+63866|C:\Windows\system32\twinui.dll+635da|C:\Windows\system32\twinui.dll+634d3|C:\Windows\System32\USER32.dll+15c1d|C:\Windows\System32\USER32.dll+157ec|C:\Windows\System32\USER32.dll+25ab2|C:\Windows\SYSTEM32\ntdll.dll+a0c14|UNKNOWN(FFFFF8061EC918D5)|UNKNOWN(FFFFD4C836D23794),,,,,,,,,,,,,,,,,,,,,,,,,,,,,,,,,,,,,,,,,,,,,,,,,,,,,,,,,,,,,,,,,,,,,,,,,,,,,,,,,,,,,0,0,0,0,0,0,2,True
2021-06-12 01:07:19,153,Microsoft-Windows-Sysmon,{5770385f-c22a-43e0-bf4c-06f5698ffbd9},4,0x8000000000000000,Microsoft-Windows-Sysmon/Operational,WORKSTATION5,2021-06-11T09:07:19.033Z,2021-06-11T09:07:19.033Z,7,"Image loaded:
RuleName: -
UtcTime: 2021-06-12 01:07:19.025
ProcessGuid: {e2c04bb9-08c6-60c4-7d09-000000000300}
ProcessId: 6388
Image: C:\Windows\System32\conhost.exe
ImageLoaded: C:\Windows\System32\clbcatq.dll
FileVersion: 2001.12.10941.16384 (WinBuild.160101.0800)
Description: COM+ Configuration Catalog
Product: Microsoft® Windows® Operating System
Company: Microsoft Corporation
OriginalFileName: CLBCATQ.DLL
Hashes: SHA1=7DE7C7E87CFA639E8C4DF269E38FB69A391D6790,MD5=4B179D7C6AA9424831847BA6BACDB260,SHA256=F0541B07D7B00C8D09BC72DF7E2D974F83482E42CD88B4E8260B832B7A71682E,IMPHASH=70F94828FF194145825265FE7BA88C95
Signed: true
Signature: Microsoft Windows
SignatureStatus: Valid",7,-,{e2c04bb9-08c6-60c4-7d09-000000000300},6388,C:\Windows\System32\conhost.exe,2001.12.10941.16384 (WinBuild.160101.0800),COM+ Configuration Catalog,Microsoft® Windows® Operating System,Microsoft Corporation,CLBCATQ.DLL,,,,,,,,"SHA1=7DE7C7E87CFA639E8C4DF269E38FB69A391D6790,MD5=4B179D7C6AA9424831847BA6BACDB260,SHA256=F0541B07D7B00C8D09BC72DF7E2D974F83482E42CD88B4E8260B832B7A71682E,IMPHASH=70F94828FF194145825265FE7BA88C95",,,,,,,,,,,,,,C:\Windows\System32\clbcatq.dll,True,Microsoft Windows,Valid,,,,,,,,,,,,,,,,,,,,,,,,,,,,,,,,,,,,,,,,,,,,,,,,,,,,,,,,,,,,,,,,,,,,,,,,,,,,,,,,,0,0,0,0,0,0,2,True
2021-06-12 01:07:19,165,Microsoft-Windows-Sysmon,{5770385f-c22a-43e0-bf4c-06f5698ffbd9},4,0x8000000000000000,Microsoft-Windows-Sysmon/Operational,WORKSTATION5,2021-06-11T09:07:19.060Z,2021-06-11T09:07:19.060Z,10,"Process accessed:
RuleName: -
UtcTime: 2021-06-12 01:07:19.025
SourceProcessGUID: {e2c04bb9-a70e-60c3-0d61-390000000000}
SourceProcessId: 1320
SourceThreadId: 7300
SourceImage: C:\Windows\Explorer.EXE
TargetProcessGUID: {e2c04bb9-08c6-60c4-681f-400100000000}
TargetProcessId: 4748
TargetImage: C:\TMP\CreateNamedPipe.exe
GrantedAccess: 0x1000
CallTrace: C:\Windows\SYSTEM32\ntdll.dll+9d364|C:\Windows\System32\KERNELBASE.dll+305ee|C:\Windows\System32\appresolver.dll+1f103|C:\Windows\system32\twinui.pcshell.dll+424930|C:\Windows\system32\twinui.pcshell.dll+a550a|C:\Windows\system32\twinui.pcshell.dll+a5089|C:\Windows\system32\twinui.pcshell.dll+6a3e7|C:\Windows\system32\twinui.pcshell.dll+57ba2|C:\Windows\system32\twinui.pcshell.dll+590be|C:\Windows\system32\twinui.pcshell.dll+7eaa6|C:\Windows\system32\twinui.pcshell.dll+5bc22|C:\Windows\System32\USER32.dll+15c1d|C:\Windows\System32\USER32.dll+15612|C:\Windows\system32\twinui.pcshell.dll+3fd49|C:\Windows\system32\twinui.pcshell.dll+3f6f0|C:\Windows\system32\twinui.pcshell.dll+b759|C:\Windows\system32\twinui.pcshell.dll+2b70a|C:\Windows\system32\twinui.dll+63866|C:\Windows\system32\twinui.dll+635da|C:\Windows\system32\twinui.dll+634d3|C:\Windows\System32\USER32.dll+15c1d|C:\Windows\System32\USER32.dll+157ec|C:\Windows\System32\USER32.dll+25ab2|C:\Windows\SYSTEM32\ntdll.dll+a0c14",10,-,,0,,,,,,,,,,,,,,,,,,,{e2c04bb9-a70e-60c3-0d61-390000000000},1320,7300.0,C:\Windows\Explorer.EXE,{e2c04bb9-08c6-60c4-681f-400100000000},4748,C:\TMP\CreateNamedPipe.exe,0x1000,C:\Windows\SYSTEM32\ntdll.dll+9d364|C:\Windows\System32\KERNELBASE.dll+305ee|C:\Windows\System32\appresolver.dll+1f103|C:\Windows\system32\twinui.pcshell.dll+424930|C:\Windows\system32\twinui.pcshell.dll+a550a|C:\Windows\system32\twinui.pcshell.dll+a5089|C:\Windows\system32\twinui.pcshell.dll+6a3e7|C:\Windows\system32\twinui.pcshell.dll+57ba2|C:\Windows\system32\twinui.pcshell.dll+590be|C:\Windows\system32\twinui.pcshell.dll+7eaa6|C:\Windows\system32\twinui.pcshell.dll+5bc22|C:\Windows\System32\USER32.dll+15c1d|C:\Windows\System32\USER32.dll+15612|C:\Windows\system32\twinui.pcshell.dll+3fd49|C:\Windows\system32\twinui.pcshell.dll+3f6f0|C:\Windows\system32\twinui.pcshell.dll+b759|C:\Windows\system32\twinui.pcshell.dll+2b70a|C:\Windows\system32\twinui.dll+63866|C:\Windows\system32\twinui.dll+635da|C:\Windows\system32\twinui.dll+634d3|C:\Windows\System32\USER32.dll+15c1d|C:\Windows\System32\USER32.dll+157ec|C:\Windows\System32\USER32.dll+25ab2|C:\Windows\SYSTEM32\ntdll.dll+a0c14,,,,,,,,,,,,,,,,,,,,,,,,,,,,,,,,,,,,,,,,,,,,,,,,,,,,,,,,,,,,,,,,,,,,,,,,,,,,,,,,,,,,,0,0,0,0,0,0,2,True
2021-06-12 01:07:19,180,Microsoft-Windows-Sysmon,{5770385f-c22a-43e0-bf4c-06f5698ffbd9},4,0x8000000000000000,Microsoft-Windows-Sysmon/Operational,WORKSTATION5,2021-06-11T09:07:19.061Z,2021-06-11T09:07:19.061Z,10,"Process accessed:
RuleName: -
UtcTime: 2021-06-12 01:07:19.040
SourceProcessGUID: {e2c04bb9-a70e-60c3-0d61-390000000000}
SourceProcessId: 1320
SourceThreadId: 7300
SourceImage: C:\Windows\Explorer.EXE
TargetProcessGUID: {e2c04bb9-08c6-60c4-681f-400100000000}
TargetProcessId: 4748
TargetImage: C:\TMP\CreateNamedPipe.exe
GrantedAccess: 0x2000
CallTrace: C:\Windows\SYSTEM32\ntdll.dll+9d364|C:\Windows\System32\KERNELBASE.dll+305ee|C:\Windows\system32\twinui.dll+29083|C:\Windows\system32\twinui.dll+5f85b|C:\Windows\system32\twinui.dll+5f36c|C:\Windows\system32\twinui.dll+1ef9a|C:\Windows\system32\twinui.dll+48799|C:\Windows\system32\twinui.dll+488db|C:\Windows\system32\twinui.dll+4885d|C:\Windows\System32\USER32.dll+15c1d|C:\Windows\System32\USER32.dll+15612|C:\Windows\System32\windows.immersiveshell.serviceprovider.dll+4860|C:\Windows\System32\windows.immersiveshell.serviceprovider.dll+4429|C:\Windows\System32\windows.immersiveshell.serviceprovider.dll+40bf|C:\Windows\System32\KERNEL32.DLL+17c24|C:\Windows\SYSTEM32\ntdll.dll+6d721",10,-,,0,,,,,,,,,,,,,,,,,,,{e2c04bb9-a70e-60c3-0d61-390000000000},1320,7300.0,C:\Windows\Explorer.EXE,{e2c04bb9-08c6-60c4-681f-400100000000},4748,C:\TMP\CreateNamedPipe.exe,0x2000,C:\Windows\SYSTEM32\ntdll.dll+9d364|C:\Windows\System32\KERNELBASE.dll+305ee|C:\Windows\system32\twinui.dll+29083|C:\Windows\system32\twinui.dll+5f85b|C:\Windows\system32\twinui.dll+5f36c|C:\Windows\system32\twinui.dll+1ef9a|C:\Windows\system32\twinui.dll+48799|C:\Windows\system32\twinui.dll+488db|C:\Windows\system32\twinui.dll+4885d|C:\Windows\System32\USER32.dll+15c1d|C:\Windows\System32\USER32.dll+15612|C:\Windows\System32\windows.immersiveshell.serviceprovider.dll+4860|C:\Windows\System32\windows.immersiveshell.serviceprovider.dll+4429|C:\Windows\System32\windows.immersiveshell.serviceprovider.dll+40bf|C:\Windows\System32\KERNEL32.DLL+17c24|C:\Windows\SYSTEM32\ntdll.dll+6d721,,,,,,,,,,,,,,,,,,,,,,,,,,,,,,,,,,,,,,,,,,,,,,,,,,,,,,,,,,,,,,,,,,,,,,,,,,,,,,,,,,,,,0,0,0,0,0,0,2,True
2021-06-12 01:07:19,179,Microsoft-Windows-Sysmon,{5770385f-c22a-43e0-bf4c-06f5698ffbd9},4,0x8000000000000000,Microsoft-Windows-Sysmon/Operational,WORKSTATION5,2021-06-11T09:07:19.061Z,2021-06-11T09:07:19.061Z,10,"Process accessed:
RuleName: -
UtcTime: 2021-06-12 01:07:19.040
SourceProcessGUID: {e2c04bb9-a70e-60c3-0d61-390000000000}
SourceProcessId: 1320
SourceThreadId: 7300
SourceImage: C:\Windows\Explorer.EXE
TargetProcessGUID: {e2c04bb9-08c6-60c4-681f-400100000000}
TargetProcessId: 4748
TargetImage: C:\TMP\CreateNamedPipe.exe
GrantedAccess: 0x1000
CallTrace: C:\Windows\SYSTEM32\ntdll.dll+9d364|C:\Windows\System32\KERNELBASE.dll+305ee|C:\Windows\SYSTEM32\TWINAPI.dll+2f93|C:\Windows\system32\twinui.pcshell.dll+22320|C:\Windows\system32\twinui.pcshell.dll+21b22|C:\Windows\system32\twinui.dll+5f85b|C:\Windows\system32\twinui.dll+5f36c|C:\Windows\system32\twinui.dll+1ef9a|C:\Windows\system32\twinui.dll+48799|C:\Windows\system32\twinui.dll+488db|C:\Windows\system32\twinui.dll+4885d|C:\Windows\System32\USER32.dll+15c1d|C:\Windows\System32\USER32.dll+15612|C:\Windows\System32\windows.immersiveshell.serviceprovider.dll+4860|C:\Windows\System32\windows.immersiveshell.serviceprovider.dll+4429|C:\Windows\System32\windows.immersiveshell.serviceprovider.dll+40bf|C:\Windows\System32\KERNEL32.DLL+17c24|C:\Windows\SYSTEM32\ntdll.dll+6d721",10,-,,0,,,,,,,,,,,,,,,,,,,{e2c04bb9-a70e-60c3-0d61-390000000000},1320,7300.0,C:\Windows\Explorer.EXE,{e2c04bb9-08c6-60c4-681f-400100000000},4748,C:\TMP\CreateNamedPipe.exe,0x1000,C:\Windows\SYSTEM32\ntdll.dll+9d364|C:\Windows\System32\KERNELBASE.dll+305ee|C:\Windows\SYSTEM32\TWINAPI.dll+2f93|C:\Windows\system32\twinui.pcshell.dll+22320|C:\Windows\system32\twinui.pcshell.dll+21b22|C:\Windows\system32\twinui.dll+5f85b|C:\Windows\system32\twinui.dll+5f36c|C:\Windows\system32\twinui.dll+1ef9a|C:\Windows\system32\twinui.dll+48799|C:\Windows\system32\twinui.dll+488db|C:\Windows\system32\twinui.dll+4885d|C:\Windows\System32\USER32.dll+15c1d|C:\Windows\System32\USER32.dll+15612|C:\Windows\System32\windows.immersiveshell.serviceprovider.dll+4860|C:\Windows\System32\windows.immersiveshell.serviceprovider.dll+4429|C:\Windows\System32\windows.immersiveshell.serviceprovider.dll+40bf|C:\Windows\System32\KERNEL32.DLL+17c24|C:\Windows\SYSTEM32\ntdll.dll+6d721,,,,,,,,,,,,,,,,,,,,,,,,,,,,,,,,,,,,,,,,,,,,,,,,,,,,,,,,,,,,,,,,,,,,,,,,,,,,,,,,,,,,,0,0,0,0,0,0,2,True
2021-06-12 01:07:19,178,Microsoft-Windows-Sysmon,{5770385f-c22a-43e0-bf4c-06f5698ffbd9},4,0x8000000000000000,Microsoft-Windows-Sysmon/Operational,WORKSTATION5,2021-06-11T09:07:19.061Z,2021-06-11T09:07:19.061Z,10,"Process accessed:
RuleName: -
UtcTime: 2021-06-12 01:07:19.040
SourceProcessGUID: {e2c04bb9-a70e-60c3-0d61-390000000000}
SourceProcessId: 1320
SourceThreadId: 7300
SourceImage: C:\Windows\Explorer.EXE
TargetProcessGUID: {e2c04bb9-08c6-60c4-681f-400100000000}
TargetProcessId: 4748
TargetImage: C:\TMP\CreateNamedPipe.exe
GrantedAccess: 0x2000
CallTrace: C:\Windows\SYSTEM32\ntdll.dll+9d364|C:\Windows\System32\KERNELBASE.dll+305ee|C:\Windows\system32\twinui.dll+29083|C:\Windows\system32\twinui.dll+5f85b|C:\Windows\system32\twinui.dll+5f36c|C:\Windows\system32\twinui.dll+1ef9a|C:\Windows\system32\twinui.dll+48799|C:\Windows\system32\twinui.dll+488db|C:\Windows\system32\twinui.dll+4885d|C:\Windows\System32\USER32.dll+15c1d|C:\Windows\System32\USER32.dll+15612|C:\Windows\System32\windows.immersiveshell.serviceprovider.dll+4860|C:\Windows\System32\windows.immersiveshell.serviceprovider.dll+4429|C:\Windows\System32\windows.immersiveshell.serviceprovider.dll+40bf|C:\Windows\System32\KERNEL32.DLL+17c24|C:\Windows\SYSTEM32\ntdll.dll+6d721",10,-,,0,,,,,,,,,,,,,,,,,,,{e2c04bb9-a70e-60c3-0d61-390000000000},1320,7300.0,C:\Windows\Explorer.EXE,{e2c04bb9-08c6-60c4-681f-400100000000},4748,C:\TMP\CreateNamedPipe.exe,0x2000,C:\Windows\SYSTEM32\ntdll.dll+9d364|C:\Windows\System32\KERNELBASE.dll+305ee|C:\Windows\system32\twinui.dll+29083|C:\Windows\system32\twinui.dll+5f85b|C:\Windows\system32\twinui.dll+5f36c|C:\Windows\system32\twinui.dll+1ef9a|C:\Windows\system32\twinui.dll+48799|C:\Windows\system32\twinui.dll+488db|C:\Windows\system32\twinui.dll+4885d|C:\Windows\System32\USER32.dll+15c1d|C:\Windows\System32\USER32.dll+15612|C:\Windows\System32\windows.immersiveshell.serviceprovider.dll+4860|C:\Windows\System32\windows.immersiveshell.serviceprovider.dll+4429|C:\Windows\System32\windows.immersiveshell.serviceprovider.dll+40bf|C:\Windows\System32\KERNEL32.DLL+17c24|C:\Windows\SYSTEM32\ntdll.dll+6d721,,,,,,,,,,,,,,,,,,,,,,,,,,,,,,,,,,,,,,,,,,,,,,,,,,,,,,,,,,,,,,,,,,,,,,,,,,,,,,,,,,,,,0,0,0,0,0,0,2,True
2021-06-12 01:07:19,177,Microsoft-Windows-Sysmon,{5770385f-c22a-43e0-bf4c-06f5698ffbd9},4,0x8000000000000000,Microsoft-Windows-Sysmon/Operational,WORKSTATION5,2021-06-11T09:07:19.061Z,2021-06-11T09:07:19.061Z,10,"Process accessed:
RuleName: -
UtcTime: 2021-06-12 01:07:19.040
SourceProcessGUID: {e2c04bb9-a70e-60c3-0d61-390000000000}
SourceProcessId: 1320
SourceThreadId: 7300
SourceImage: C:\Windows\Explorer.EXE
TargetProcessGUID: {e2c04bb9-08c6-60c4-681f-400100000000}
TargetProcessId: 4748
TargetImage: C:\TMP\CreateNamedPipe.exe
GrantedAccess: 0x1000
CallTrace: C:\Windows\SYSTEM32\ntdll.dll+9d364|C:\Windows\System32\KERNELBASE.dll+305ee|C:\Windows\SYSTEM32\TWINAPI.dll+2f93|C:\Windows\system32\twinui.pcshell.dll+22320|C:\Windows\system32\twinui.pcshell.dll+21b22|C:\Windows\system32\twinui.dll+5f85b|C:\Windows\system32\twinui.dll+5f36c|C:\Windows\system32\twinui.dll+1ef9a|C:\Windows\system32\twinui.dll+48799|C:\Windows\system32\twinui.dll+488db|C:\Windows\system32\twinui.dll+4885d|C:\Windows\System32\USER32.dll+15c1d|C:\Windows\System32\USER32.dll+15612|C:\Windows\System32\windows.immersiveshell.serviceprovider.dll+4860|C:\Windows\System32\windows.immersiveshell.serviceprovider.dll+4429|C:\Windows\System32\windows.immersiveshell.serviceprovider.dll+40bf|C:\Windows\System32\KERNEL32.DLL+17c24|C:\Windows\SYSTEM32\ntdll.dll+6d721",10,-,,0,,,,,,,,,,,,,,,,,,,{e2c04bb9-a70e-60c3-0d61-390000000000},1320,7300.0,C:\Windows\Explorer.EXE,{e2c04bb9-08c6-60c4-681f-400100000000},4748,C:\TMP\CreateNamedPipe.exe,0x1000,C:\Windows\SYSTEM32\ntdll.dll+9d364|C:\Windows\System32\KERNELBASE.dll+305ee|C:\Windows\SYSTEM32\TWINAPI.dll+2f93|C:\Windows\system32\twinui.pcshell.dll+22320|C:\Windows\system32\twinui.pcshell.dll+21b22|C:\Windows\system32\twinui.dll+5f85b|C:\Windows\system32\twinui.dll+5f36c|C:\Windows\system32\twinui.dll+1ef9a|C:\Windows\system32\twinui.dll+48799|C:\Windows\system32\twinui.dll+488db|C:\Windows\system32\twinui.dll+4885d|C:\Windows\System32\USER32.dll+15c1d|C:\Windows\System32\USER32.dll+15612|C:\Windows\System32\windows.immersiveshell.serviceprovider.dll+4860|C:\Windows\System32\windows.immersiveshell.serviceprovider.dll+4429|C:\Windows\System32\windows.immersiveshell.serviceprovider.dll+40bf|C:\Windows\System32\KERNEL32.DLL+17c24|C:\Windows\SYSTEM32\ntdll.dll+6d721,,,,,,,,,,,,,,,,,,,,,,,,,,,,,,,,,,,,,,,,,,,,,,,,,,,,,,,,,,,,,,,,,,,,,,,,,,,,,,,,,,,,,0,0,0,0,0,0,1,True
2021-06-12 01:07:19,176,Microsoft-Windows-Sysmon,{5770385f-c22a-43e0-bf4c-06f5698ffbd9},4,0x8000000000000000,Microsoft-Windows-Sysmon/Operational,WORKSTATION5,2021-06-11T09:07:19.061Z,2021-06-11T09:07:19.061Z,10,"Process accessed:
RuleName: -
UtcTime: 2021-06-12 01:07:19.040
SourceProcessGUID: {e2c04bb9-a70e-60c3-0d61-390000000000}
SourceProcessId: 1320
SourceThreadId: 6636
SourceImage: C:\Windows\Explorer.EXE
TargetProcessGUID: {e2c04bb9-08c6-60c4-7d09-000000000300}
TargetProcessId: 6388
TargetImage: C:\Windows\system32\conhost.exe
GrantedAccess: 0x1000
CallTrace: C:\Windows\System32\win32u.dll+9384|C:\Windows\Explorer.EXE+c5a2e|C:\Windows\Explorer.EXE+22516|C:\Windows\Explorer.EXE+204af|C:\Windows\Explorer.EXE+2a4c9|C:\Windows\Explorer.EXE+29439|C:\Windows\Explorer.EXE+60098|C:\Windows\System32\USER32.dll+15c1d|C:\Windows\System32\USER32.dll+15612|C:\Windows\Explorer.EXE+5e4b0|C:\Windows\Explorer.EXE+5e32d|C:\Windows\System32\shcore.dll+1d485|C:\Windows\System32\KERNEL32.DLL+17c24|C:\Windows\SYSTEM32\ntdll.dll+6d721",10,-,,0,,,,,,,,,,,,,,,,,,,{e2c04bb9-a70e-60c3-0d61-390000000000},1320,6636.0,C:\Windows\Explorer.EXE,{e2c04bb9-08c6-60c4-7d09-000000000300},6388,C:\Windows\system32\conhost.exe,0x1000,C:\Windows\System32\win32u.dll+9384|C:\Windows\Explorer.EXE+c5a2e|C:\Windows\Explorer.EXE+22516|C:\Windows\Explorer.EXE+204af|C:\Windows\Explorer.EXE+2a4c9|C:\Windows\Explorer.EXE+29439|C:\Windows\Explorer.EXE+60098|C:\Windows\System32\USER32.dll+15c1d|C:\Windows\System32\USER32.dll+15612|C:\Windows\Explorer.EXE+5e4b0|C:\Windows\Explorer.EXE+5e32d|C:\Windows\System32\shcore.dll+1d485|C:\Windows\System32\KERNEL32.DLL+17c24|C:\Windows\SYSTEM32\ntdll.dll+6d721,,,,,,,,,,,,,,,,,,,,,,,,,,,,,,,,,,,,,,,,,,,,,,,,,,,,,,,,,,,,,,,,,,,,,,,,,,,,,,,,,,,,,0,0,0,0,0,0,1,True
