2021-06-12 01:07:23,542,Microsoft-Windows-Sysmon,{5770385f-c22a-43e0-bf4c-06f5698ffbd9},4,0x8000000000000000,Microsoft-Windows-Sysmon/Operational,WORKSTATION5,2021-06-11T09:07:23.415Z,2021-06-11T09:07:23.415Z,10,"Process accessed:
RuleName: -
UtcTime: 2021-06-12 01:07:23.400
SourceProcessGUID: {e2c04bb9-a70e-60c3-0d61-390000000000}
SourceProcessId: 1320
SourceThreadId: 7300
SourceImage: C:\Windows\Explorer.EXE
TargetProcessGUID: {e2c04bb9-08cb-60c4-eb40-400100000000}
TargetProcessId: 4236
TargetImage: C:\TMP\CreateNamedPipe.exe
GrantedAccess: 0x1000
CallTrace: C:\Windows\SYSTEM32\ntdll.dll+9d364|C:\Windows\System32\KERNELBASE.dll+305ee|C:\Windows\system32\twinui.pcshell.dll+c00f|C:\Windows\system32\twinui.pcshell.dll+7e9a1|C:\Windows\system32\twinui.pcshell.dll+a54b8|C:\Windows\system32\twinui.pcshell.dll+a5089|C:\Windows\system32\twinui.pcshell.dll+6a3e7|C:\Windows\system32\twinui.pcshell.dll+57ba2|C:\Windows\system32\twinui.pcshell.dll+590be|C:\Windows\system32\twinui.pcshell.dll+7eaa6|C:\Windows\system32\twinui.pcshell.dll+5bc22|C:\Windows\System32\USER32.dll+15c1d|C:\Windows\System32\USER32.dll+15612|C:\Windows\system32\twinui.pcshell.dll+3fd49|C:\Windows\system32\twinui.pcshell.dll+3f6f0|C:\Windows\system32\twinui.pcshell.dll+b759|C:\Windows\system32\twinui.pcshell.dll+2b70a|C:\Windows\system32\twinui.dll+63866|C:\Windows\system32\twinui.dll+635da|C:\Windows\system32\twinui.dll+634d3|C:\Windows\System32\USER32.dll+15c1d|C:\Windows\System32\USER32.dll+157ec|C:\Windows\System32\USER32.dll+25ab2|C:\Windows\SYSTEM32\ntdll.dll+a0c14",10,-,,0,,,,,,,,,,,,,,,,,,,{e2c04bb9-a70e-60c3-0d61-390000000000},1320,7300.0,C:\Windows\Explorer.EXE,{e2c04bb9-08cb-60c4-eb40-400100000000},4236,C:\TMP\CreateNamedPipe.exe,0x1000,C:\Windows\SYSTEM32\ntdll.dll+9d364|C:\Windows\System32\KERNELBASE.dll+305ee|C:\Windows\system32\twinui.pcshell.dll+c00f|C:\Windows\system32\twinui.pcshell.dll+7e9a1|C:\Windows\system32\twinui.pcshell.dll+a54b8|C:\Windows\system32\twinui.pcshell.dll+a5089|C:\Windows\system32\twinui.pcshell.dll+6a3e7|C:\Windows\system32\twinui.pcshell.dll+57ba2|C:\Windows\system32\twinui.pcshell.dll+590be|C:\Windows\system32\twinui.pcshell.dll+7eaa6|C:\Windows\system32\twinui.pcshell.dll+5bc22|C:\Windows\System32\USER32.dll+15c1d|C:\Windows\System32\USER32.dll+15612|C:\Windows\system32\twinui.pcshell.dll+3fd49|C:\Windows\system32\twinui.pcshell.dll+3f6f0|C:\Windows\system32\twinui.pcshell.dll+b759|C:\Windows\system32\twinui.pcshell.dll+2b70a|C:\Windows\system32\twinui.dll+63866|C:\Windows\system32\twinui.dll+635da|C:\Windows\system32\twinui.dll+634d3|C:\Windows\System32\USER32.dll+15c1d|C:\Windows\System32\USER32.dll+157ec|C:\Windows\System32\USER32.dll+25ab2|C:\Windows\SYSTEM32\ntdll.dll+a0c14,,,,,,,,,,,,,,,,,,,,,,,,,,,,,,,,,,,,,,,,,,,,,,,,,,,,,,,,,,,,,,,,,,,,,,,,,,,,,,,,,,,,,0,0,0,0,0,0,1,True
2021-06-12 01:07:23,541,Microsoft-Windows-Sysmon,{5770385f-c22a-43e0-bf4c-06f5698ffbd9},4,0x8000000000000000,Microsoft-Windows-Sysmon/Operational,WORKSTATION5,2021-06-11T09:07:23.415Z,2021-06-11T09:07:23.415Z,10,"Process accessed:
RuleName: -
UtcTime: 2021-06-12 01:07:23.400
SourceProcessGUID: {e2c04bb9-a70e-60c3-0d61-390000000000}
SourceProcessId: 1320
SourceThreadId: 7300
SourceImage: C:\Windows\Explorer.EXE
TargetProcessGUID: {e2c04bb9-08cb-60c4-eb40-400100000000}
TargetProcessId: 4236
TargetImage: C:\TMP\CreateNamedPipe.exe
GrantedAccess: 0x1000
CallTrace: C:\Windows\SYSTEM32\ntdll.dll+9d364|C:\Windows\System32\KERNELBASE.dll+305ee|C:\Windows\system32\twinui.pcshell.dll+c795|C:\Windows\system32\twinui.pcshell.dll+c03c|C:\Windows\system32\twinui.pcshell.dll+7e9a1|C:\Windows\system32\twinui.pcshell.dll+7ba84|C:\Windows\system32\twinui.pcshell.dll+171c3|C:\Windows\system32\twinui.pcshell.dll+57ba2|C:\Windows\system32\twinui.pcshell.dll+590be|C:\Windows\system32\twinui.pcshell.dll+7eaa6|C:\Windows\system32\twinui.pcshell.dll+5bc22|C:\Windows\System32\USER32.dll+15c1d|C:\Windows\System32\USER32.dll+15612|C:\Windows\system32\twinui.pcshell.dll+3fd49|C:\Windows\system32\twinui.pcshell.dll+3f6f0|C:\Windows\system32\twinui.pcshell.dll+b759|C:\Windows\system32\twinui.pcshell.dll+2b70a|C:\Windows\system32\twinui.dll+63866|C:\Windows\system32\twinui.dll+635da|C:\Windows\system32\twinui.dll+634d3|C:\Windows\System32\USER32.dll+15c1d|C:\Windows\System32\USER32.dll+157ec|C:\Windows\System32\USER32.dll+25ab2|C:\Windows\SYSTEM32\ntdll.dll+a0c14",10,-,,0,,,,,,,,,,,,,,,,,,,{e2c04bb9-a70e-60c3-0d61-390000000000},1320,7300.0,C:\Windows\Explorer.EXE,{e2c04bb9-08cb-60c4-eb40-400100000000},4236,C:\TMP\CreateNamedPipe.exe,0x1000,C:\Windows\SYSTEM32\ntdll.dll+9d364|C:\Windows\System32\KERNELBASE.dll+305ee|C:\Windows\system32\twinui.pcshell.dll+c795|C:\Windows\system32\twinui.pcshell.dll+c03c|C:\Windows\system32\twinui.pcshell.dll+7e9a1|C:\Windows\system32\twinui.pcshell.dll+7ba84|C:\Windows\system32\twinui.pcshell.dll+171c3|C:\Windows\system32\twinui.pcshell.dll+57ba2|C:\Windows\system32\twinui.pcshell.dll+590be|C:\Windows\system32\twinui.pcshell.dll+7eaa6|C:\Windows\system32\twinui.pcshell.dll+5bc22|C:\Windows\System32\USER32.dll+15c1d|C:\Windows\System32\USER32.dll+15612|C:\Windows\system32\twinui.pcshell.dll+3fd49|C:\Windows\system32\twinui.pcshell.dll+3f6f0|C:\Windows\system32\twinui.pcshell.dll+b759|C:\Windows\system32\twinui.pcshell.dll+2b70a|C:\Windows\system32\twinui.dll+63866|C:\Windows\system32\twinui.dll+635da|C:\Windows\system32\twinui.dll+634d3|C:\Windows\System32\USER32.dll+15c1d|C:\Windows\System32\USER32.dll+157ec|C:\Windows\System32\USER32.dll+25ab2|C:\Windows\SYSTEM32\ntdll.dll+a0c14,,,,,,,,,,,,,,,,,,,,,,,,,,,,,,,,,,,,,,,,,,,,,,,,,,,,,,,,,,,,,,,,,,,,,,,,,,,,,,,,,,,,,0,0,0,0,0,0,1,True
2021-06-12 01:07:23,540,Microsoft-Windows-Sysmon,{5770385f-c22a-43e0-bf4c-06f5698ffbd9},4,0x8000000000000000,Microsoft-Windows-Sysmon/Operational,WORKSTATION5,2021-06-11T09:07:23.415Z,2021-06-11T09:07:23.415Z,10,"Process accessed:
RuleName: -
UtcTime: 2021-06-12 01:07:23.400
SourceProcessGUID: {e2c04bb9-a70e-60c3-0d61-390000000000}
SourceProcessId: 1320
SourceThreadId: 7300
SourceImage: C:\Windows\Explorer.EXE
TargetProcessGUID: {e2c04bb9-08cb-60c4-eb40-400100000000}
TargetProcessId: 4236
TargetImage: C:\TMP\CreateNamedPipe.exe
GrantedAccess: 0x1000
CallTrace: C:\Windows\SYSTEM32\ntdll.dll+9d364|C:\Windows\System32\KERNELBASE.dll+305ee|C:\Windows\system32\twinui.pcshell.dll+c00f|C:\Windows\system32\twinui.pcshell.dll+7e9a1|C:\Windows\system32\twinui.pcshell.dll+7ba84|C:\Windows\system32\twinui.pcshell.dll+171c3|C:\Windows\system32\twinui.pcshell.dll+57ba2|C:\Windows\system32\twinui.pcshell.dll+590be|C:\Windows\system32\twinui.pcshell.dll+7eaa6|C:\Windows\system32\twinui.pcshell.dll+5bc22|C:\Windows\System32\USER32.dll+15c1d|C:\Windows\System32\USER32.dll+15612|C:\Windows\system32\twinui.pcshell.dll+3fd49|C:\Windows\system32\twinui.pcshell.dll+3f6f0|C:\Windows\system32\twinui.pcshell.dll+b759|C:\Windows\system32\twinui.pcshell.dll+2b70a|C:\Windows\system32\twinui.dll+63866|C:\Windows\system32\twinui.dll+635da|C:\Windows\system32\twinui.dll+634d3|C:\Windows\System32\USER32.dll+15c1d|C:\Windows\System32\USER32.dll+157ec|C:\Windows\System32\USER32.dll+25ab2|C:\Windows\SYSTEM32\ntdll.dll+a0c14|UNKNOWN(FFFFF8061EC918D5)",10,-,,0,,,,,,,,,,,,,,,,,,,{e2c04bb9-a70e-60c3-0d61-390000000000},1320,7300.0,C:\Windows\Explorer.EXE,{e2c04bb9-08cb-60c4-eb40-400100000000},4236,C:\TMP\CreateNamedPipe.exe,0x1000,C:\Windows\SYSTEM32\ntdll.dll+9d364|C:\Windows\System32\KERNELBASE.dll+305ee|C:\Windows\system32\twinui.pcshell.dll+c00f|C:\Windows\system32\twinui.pcshell.dll+7e9a1|C:\Windows\system32\twinui.pcshell.dll+7ba84|C:\Windows\system32\twinui.pcshell.dll+171c3|C:\Windows\system32\twinui.pcshell.dll+57ba2|C:\Windows\system32\twinui.pcshell.dll+590be|C:\Windows\system32\twinui.pcshell.dll+7eaa6|C:\Windows\system32\twinui.pcshell.dll+5bc22|C:\Windows\System32\USER32.dll+15c1d|C:\Windows\System32\USER32.dll+15612|C:\Windows\system32\twinui.pcshell.dll+3fd49|C:\Windows\system32\twinui.pcshell.dll+3f6f0|C:\Windows\system32\twinui.pcshell.dll+b759|C:\Windows\system32\twinui.pcshell.dll+2b70a|C:\Windows\system32\twinui.dll+63866|C:\Windows\system32\twinui.dll+635da|C:\Windows\system32\twinui.dll+634d3|C:\Windows\System32\USER32.dll+15c1d|C:\Windows\System32\USER32.dll+157ec|C:\Windows\System32\USER32.dll+25ab2|C:\Windows\SYSTEM32\ntdll.dll+a0c14|UNKNOWN(FFFFF8061EC918D5),,,,,,,,,,,,,,,,,,,,,,,,,,,,,,,,,,,,,,,,,,,,,,,,,,,,,,,,,,,,,,,,,,,,,,,,,,,,,,,,,,,,,0,0,0,0,0,0,1,True
2021-06-12 01:07:23,549,Microsoft-Windows-Sysmon,{5770385f-c22a-43e0-bf4c-06f5698ffbd9},4,0x8000000000000000,Microsoft-Windows-Sysmon/Operational,WORKSTATION5,2021-06-11T09:07:23.437Z,2021-06-11T09:07:23.437Z,10,"Process accessed:
RuleName: -
UtcTime: 2021-06-12 01:07:23.415
SourceProcessGUID: {e2c04bb9-a70e-60c3-0d61-390000000000}
SourceProcessId: 1320
SourceThreadId: 7300
SourceImage: C:\Windows\Explorer.EXE
TargetProcessGUID: {e2c04bb9-08cb-60c4-eb40-400100000000}
TargetProcessId: 4236
TargetImage: C:\TMP\CreateNamedPipe.exe
GrantedAccess: 0x1000
CallTrace: C:\Windows\SYSTEM32\ntdll.dll+9d364|C:\Windows\System32\KERNELBASE.dll+305ee|C:\Windows\system32\twinui.pcshell.dll+c795|C:\Windows\system32\twinui.pcshell.dll+c03c|C:\Windows\system32\twinui.pcshell.dll+7e9a1|C:\Windows\system32\twinui.pcshell.dll+bbf4|C:\Windows\system32\twinui.pcshell.dll+b7bd|C:\Windows\system32\twinui.pcshell.dll+2b70a|C:\Windows\system32\twinui.dll+63866|C:\Windows\system32\twinui.dll+635da|C:\Windows\system32\twinui.dll+634d3|C:\Windows\System32\USER32.dll+15c1d|C:\Windows\System32\USER32.dll+157ec|C:\Windows\System32\USER32.dll+25ab2|C:\Windows\SYSTEM32\ntdll.dll+a0c14|UNKNOWN(FFFFF8061EC918D5)|UNKNOWN(FFFFD4C836D23794)|UNKNOWN(FFFFD4C836CA0717)|UNKNOWN(FFFFD4C836C9FA2D)|UNKNOWN(FFFFD4C836C9C49A)|UNKNOWN(FFFFD4C836C9BEA7)|UNKNOWN(FFFFF8061E7D5755)|C:\Windows\System32\win32u.dll+10c4|C:\Windows\System32\USER32.dll+194f2",10,-,,0,,,,,,,,,,,,,,,,,,,{e2c04bb9-a70e-60c3-0d61-390000000000},1320,7300.0,C:\Windows\Explorer.EXE,{e2c04bb9-08cb-60c4-eb40-400100000000},4236,C:\TMP\CreateNamedPipe.exe,0x1000,C:\Windows\SYSTEM32\ntdll.dll+9d364|C:\Windows\System32\KERNELBASE.dll+305ee|C:\Windows\system32\twinui.pcshell.dll+c795|C:\Windows\system32\twinui.pcshell.dll+c03c|C:\Windows\system32\twinui.pcshell.dll+7e9a1|C:\Windows\system32\twinui.pcshell.dll+bbf4|C:\Windows\system32\twinui.pcshell.dll+b7bd|C:\Windows\system32\twinui.pcshell.dll+2b70a|C:\Windows\system32\twinui.dll+63866|C:\Windows\system32\twinui.dll+635da|C:\Windows\system32\twinui.dll+634d3|C:\Windows\System32\USER32.dll+15c1d|C:\Windows\System32\USER32.dll+157ec|C:\Windows\System32\USER32.dll+25ab2|C:\Windows\SYSTEM32\ntdll.dll+a0c14|UNKNOWN(FFFFF8061EC918D5)|UNKNOWN(FFFFD4C836D23794)|UNKNOWN(FFFFD4C836CA0717)|UNKNOWN(FFFFD4C836C9FA2D)|UNKNOWN(FFFFD4C836C9C49A)|UNKNOWN(FFFFD4C836C9BEA7)|UNKNOWN(FFFFF8061E7D5755)|C:\Windows\System32\win32u.dll+10c4|C:\Windows\System32\USER32.dll+194f2,,,,,,,,,,,,,,,,,,,,,,,,,,,,,,,,,,,,,,,,,,,,,,,,,,,,,,,,,,,,,,,,,,,,,,,,,,,,,,,,,,,,,0,0,0,0,0,0,1,True
2021-06-12 01:07:23,417,Microsoft-Windows-Sysmon,{5770385f-c22a-43e0-bf4c-06f5698ffbd9},4,0x8000000000000000,Microsoft-Windows-Sysmon/Operational,WORKSTATION5,2021-06-11T09:07:23.300Z,2021-06-11T09:07:23.300Z,10,"Process accessed:
RuleName: -
UtcTime: 2021-06-12 01:07:23.291
SourceProcessGUID: {e2c04bb9-a3f6-60c3-8600-000000000300}
SourceProcessId: 4752
SourceThreadId: 6660
SourceImage: C:\Windows\system32\wbem\wmiprvse.exe
TargetProcessGUID: {e2c04bb9-08c6-60c4-681f-400100000000}
TargetProcessId: 4748
TargetImage: C:\TMP\CreateNamedPipe.exe
GrantedAccess: 0x1410
CallTrace: C:\Windows\SYSTEM32\ntdll.dll+9d364|C:\Windows\System32\KERNELBASE.dll+305ee|C:\Windows\system32\wbem\cimwin32.dll+f46e|C:\Windows\system32\wbem\cimwin32.dll+faf5|C:\Windows\SYSTEM32\framedynos.dll+5722|C:\Windows\SYSTEM32\framedynos.dll+6ead|C:\Windows\system32\wbem\wmiprvse.exe+8ad1|C:\Windows\system32\wbem\wmiprvse.exe+8753|C:\Windows\System32\RPCRT4.dll+78553|C:\Windows\System32\RPCRT4.dll+12779|C:\Windows\System32\combase.dll+a8c82|C:\Windows\System32\RPCRT4.dll+5f1db|C:\Windows\System32\combase.dll+2b363|C:\Windows\System32\combase.dll+2b153|C:\Windows\System32\combase.dll+ab606|C:\Windows\System32\combase.dll+2f1aa|C:\Windows\System32\combase.dll+a772d|C:\Windows\System32\combase.dll+423fc|C:\Windows\System32\combase.dll+42e10|C:\Windows\System32\combase.dll+44448|C:\Windows\System32\RPCRT4.dll+598c8|C:\Windows\System32\RPCRT4.dll+48041|C:\Windows\System32\RPCRT4.dll+47b90|C:\Windows\System32\RPCRT4.dll+1c9bf",10,-,,0,,,,,,,,,,,,,,,,,,,{e2c04bb9-a3f6-60c3-8600-000000000300},4752,6660.0,C:\Windows\system32\wbem\wmiprvse.exe,{e2c04bb9-08c6-60c4-681f-400100000000},4748,C:\TMP\CreateNamedPipe.exe,0x1410,C:\Windows\SYSTEM32\ntdll.dll+9d364|C:\Windows\System32\KERNELBASE.dll+305ee|C:\Windows\system32\wbem\cimwin32.dll+f46e|C:\Windows\system32\wbem\cimwin32.dll+faf5|C:\Windows\SYSTEM32\framedynos.dll+5722|C:\Windows\SYSTEM32\framedynos.dll+6ead|C:\Windows\system32\wbem\wmiprvse.exe+8ad1|C:\Windows\system32\wbem\wmiprvse.exe+8753|C:\Windows\System32\RPCRT4.dll+78553|C:\Windows\System32\RPCRT4.dll+12779|C:\Windows\System32\combase.dll+a8c82|C:\Windows\System32\RPCRT4.dll+5f1db|C:\Windows\System32\combase.dll+2b363|C:\Windows\System32\combase.dll+2b153|C:\Windows\System32\combase.dll+ab606|C:\Windows\System32\combase.dll+2f1aa|C:\Windows\System32\combase.dll+a772d|C:\Windows\System32\combase.dll+423fc|C:\Windows\System32\combase.dll+42e10|C:\Windows\System32\combase.dll+44448|C:\Windows\System32\RPCRT4.dll+598c8|C:\Windows\System32\RPCRT4.dll+48041|C:\Windows\System32\RPCRT4.dll+47b90|C:\Windows\System32\RPCRT4.dll+1c9bf,,,,,,,,,,,,,,,,,,,,,,,,,,,,,,,,,,,,,,,,,,,,,,,,,,,,,,,,,,,,,,,,,,,,,,,,,,,,,,,,,,,,,0,0,0,0,0,0,1,True
2021-06-12 01:07:23,578,Microsoft-Windows-Sysmon,{5770385f-c22a-43e0-bf4c-06f5698ffbd9},4,0x8000000000000000,Microsoft-Windows-Sysmon/Operational,WORKSTATION5,2021-06-11T09:07:23.439Z,2021-06-11T09:07:23.439Z,13,"Registry value set:
RuleName: -
EventType: SetValue
UtcTime: 2021-06-12 01:07:23.431
ProcessGuid: {e2c04bb9-a70e-60c3-0d61-390000000000}
ProcessId: 1320
Image: C:\Windows\Explorer.EXE
TargetObject: HKU\S-1-5-21-315269454-3320600716-4144796452-500\Software\Microsoft\Windows\CurrentVersion\Explorer\UserAssist\{CEBFF5CD-ACE2-4F4F-9178-9926F41749EA}\Count\HRZR_PGYFRFFVBA
Details: Binary Data",13,-,{e2c04bb9-a70e-60c3-0d61-390000000000},1320,C:\Windows\Explorer.EXE,,,,,,,,,,,,,,,,,,,,,,,,,,,,,,,,,,SetValue,HKU\S-1-5-21-315269454-3320600716-4144796452-500\Software\Microsoft\Windows\CurrentVersion\Explorer\UserAssist\{CEBFF5CD-ACE2-4F4F-9178-9926F41749EA}\Count\HRZR_PGYFRFFVBA,Binary Data,,,,,,,,,,,,,,,,,,,,,,,,,,,,,,,,,,,,,,,,,,,,,,,,,,,,,,,,,,,,,,,,,,,,,,,,,,,0,0,0,0,1,0,2,True
2021-06-12 01:07:23,415,Microsoft-Windows-Sysmon,{5770385f-c22a-43e0-bf4c-06f5698ffbd9},4,0x8000000000000000,Microsoft-Windows-Sysmon/Operational,WORKSTATION5,2021-06-11T09:07:23.299Z,2021-06-11T09:07:23.299Z,10,"Process accessed:
RuleName: -
UtcTime: 2021-06-12 01:07:23.291
SourceProcessGUID: {e2c04bb9-a3f6-60c3-8600-000000000300}
SourceProcessId: 4752
SourceThreadId: 6660
SourceImage: C:\Windows\system32\wbem\wmiprvse.exe
TargetProcessGUID: {e2c04bb9-f8af-60c3-8c08-000000000300}
TargetProcessId: 1256
TargetImage: C:\Windows\system32\conhost.exe
GrantedAccess: 0x1410
CallTrace: C:\Windows\SYSTEM32\ntdll.dll+9d364|C:\Windows\System32\KERNELBASE.dll+305ee|C:\Windows\system32\wbem\cimwin32.dll+f46e|C:\Windows\system32\wbem\cimwin32.dll+faf5|C:\Windows\SYSTEM32\framedynos.dll+5722|C:\Windows\SYSTEM32\framedynos.dll+6ead|C:\Windows\system32\wbem\wmiprvse.exe+8ad1|C:\Windows\system32\wbem\wmiprvse.exe+8753|C:\Windows\System32\RPCRT4.dll+78553|C:\Windows\System32\RPCRT4.dll+12779|C:\Windows\System32\combase.dll+a8c82|C:\Windows\System32\RPCRT4.dll+5f1db|C:\Windows\System32\combase.dll+2b363|C:\Windows\System32\combase.dll+2b153|C:\Windows\System32\combase.dll+ab606|C:\Windows\System32\combase.dll+2f1aa|C:\Windows\System32\combase.dll+a772d|C:\Windows\System32\combase.dll+423fc|C:\Windows\System32\combase.dll+42e10|C:\Windows\System32\combase.dll+44448|C:\Windows\System32\RPCRT4.dll+598c8|C:\Windows\System32\RPCRT4.dll+48041|C:\Windows\System32\RPCRT4.dll+47b90|C:\Windows\System32\RPCRT4.dll+1c9bf",10,-,,0,,,,,,,,,,,,,,,,,,,{e2c04bb9-a3f6-60c3-8600-000000000300},4752,6660.0,C:\Windows\system32\wbem\wmiprvse.exe,{e2c04bb9-f8af-60c3-8c08-000000000300},1256,C:\Windows\system32\conhost.exe,0x1410,C:\Windows\SYSTEM32\ntdll.dll+9d364|C:\Windows\System32\KERNELBASE.dll+305ee|C:\Windows\system32\wbem\cimwin32.dll+f46e|C:\Windows\system32\wbem\cimwin32.dll+faf5|C:\Windows\SYSTEM32\framedynos.dll+5722|C:\Windows\SYSTEM32\framedynos.dll+6ead|C:\Windows\system32\wbem\wmiprvse.exe+8ad1|C:\Windows\system32\wbem\wmiprvse.exe+8753|C:\Windows\System32\RPCRT4.dll+78553|C:\Windows\System32\RPCRT4.dll+12779|C:\Windows\System32\combase.dll+a8c82|C:\Windows\System32\RPCRT4.dll+5f1db|C:\Windows\System32\combase.dll+2b363|C:\Windows\System32\combase.dll+2b153|C:\Windows\System32\combase.dll+ab606|C:\Windows\System32\combase.dll+2f1aa|C:\Windows\System32\combase.dll+a772d|C:\Windows\System32\combase.dll+423fc|C:\Windows\System32\combase.dll+42e10|C:\Windows\System32\combase.dll+44448|C:\Windows\System32\RPCRT4.dll+598c8|C:\Windows\System32\RPCRT4.dll+48041|C:\Windows\System32\RPCRT4.dll+47b90|C:\Windows\System32\RPCRT4.dll+1c9bf,,,,,,,,,,,,,,,,,,,,,,,,,,,,,,,,,,,,,,,,,,,,,,,,,,,,,,,,,,,,,,,,,,,,,,,,,,,,,,,,,,,,,0,0,0,0,1,0,2,True
2021-06-12 01:07:23,294,Microsoft-Windows-Sysmon,{5770385f-c22a-43e0-bf4c-06f5698ffbd9},4,0x8000000000000000,Microsoft-Windows-Sysmon/Operational,WORKSTATION5,2021-06-11T09:07:23.263Z,2021-06-11T09:07:23.263Z,7,"Image loaded:
RuleName: -
UtcTime: 2021-06-12 01:07:23.259
ProcessGuid: {e2c04bb9-a3f6-60c3-8600-000000000300}
ProcessId: 4752
Image: C:\Windows\System32\wbem\WmiPrvSE.exe
ImageLoaded: C:\Windows\System32\wldp.dll
FileVersion: 10.0.18362.1237 (WinBuild.160101.0800)
Description: Windows Lockdown Policy
Product: Microsoft® Windows® Operating System
Company: Microsoft Corporation
OriginalFileName: wldp.dll
Hashes: SHA1=D431C7F50B473E4F5FF03D989107A3E949B29DCF,MD5=7C7A762524A1EF5FDFB855458B70DEC4,SHA256=19400738D1C06F4273B5978EA1491B8ADD0AAF34165A4A57E7F0F6E2108F49A9,IMPHASH=01760276901738B62677084C5F63841F
Signed: true
Signature: Microsoft Windows
SignatureStatus: Valid",7,-,{e2c04bb9-a3f6-60c3-8600-000000000300},4752,C:\Windows\System32\wbem\WmiPrvSE.exe,10.0.18362.1237 (WinBuild.160101.0800),Windows Lockdown Policy,Microsoft® Windows® Operating System,Microsoft Corporation,wldp.dll,,,,,,,,"SHA1=D431C7F50B473E4F5FF03D989107A3E949B29DCF,MD5=7C7A762524A1EF5FDFB855458B70DEC4,SHA256=19400738D1C06F4273B5978EA1491B8ADD0AAF34165A4A57E7F0F6E2108F49A9,IMPHASH=01760276901738B62677084C5F63841F",,,,,,,,,,,,,,C:\Windows\System32\wldp.dll,True,Microsoft Windows,Valid,,,,,,,,,,,,,,,,,,,,,,,,,,,,,,,,,,,,,,,,,,,,,,,,,,,,,,,,,,,,,,,,,,,,,,,,,,,,,,,,,0,0,0,0,1,0,3,True
2021-06-12 01:07:23,293,Microsoft-Windows-Sysmon,{5770385f-c22a-43e0-bf4c-06f5698ffbd9},4,0x8000000000000000,Microsoft-Windows-Sysmon/Operational,WORKSTATION5,2021-06-11T09:07:23.253Z,2021-06-11T09:07:23.253Z,7,"Image loaded:
RuleName: -
UtcTime: 2021-06-12 01:07:23.244
ProcessGuid: {e2c04bb9-a3f6-60c3-8600-000000000300}
ProcessId: 4752
Image: C:\Windows\System32\wbem\WmiPrvSE.exe
ImageLoaded: C:\Windows\System32\framedynos.dll
FileVersion: 10.0.18362.1411 (WinBuild.160101.0800)
Description: WMI SDK Provider Framework
Product: Microsoft® Windows® Operating System
Company: Microsoft Corporation
OriginalFileName: framedyn.dll
Hashes: SHA1=55CBACECAF54B06529AA4579276F682F920CE9BC,MD5=F334713C3227815E9A44C0793EAD4B51,SHA256=9A7796F14B1B4C32C474A07521935236E80CA1DCDF1DD9D956B0FF8DDD5F4E23,IMPHASH=274F30CAD78C3E1964E56D5A8FDDFF88
Signed: true
Signature: Microsoft Windows
SignatureStatus: Valid",7,-,{e2c04bb9-a3f6-60c3-8600-000000000300},4752,C:\Windows\System32\wbem\WmiPrvSE.exe,10.0.18362.1411 (WinBuild.160101.0800),WMI SDK Provider Framework,Microsoft® Windows® Operating System,Microsoft Corporation,framedyn.dll,,,,,,,,"SHA1=55CBACECAF54B06529AA4579276F682F920CE9BC,MD5=F334713C3227815E9A44C0793EAD4B51,SHA256=9A7796F14B1B4C32C474A07521935236E80CA1DCDF1DD9D956B0FF8DDD5F4E23,IMPHASH=274F30CAD78C3E1964E56D5A8FDDFF88",,,,,,,,,,,,,,C:\Windows\System32\framedynos.dll,True,Microsoft Windows,Valid,,,,,,,,,,,,,,,,,,,,,,,,,,,,,,,,,,,,,,,,,,,,,,,,,,,,,,,,,,,,,,,,,,,,,,,,,,,,,,,,,0,0,0,0,1,0,3,True
2021-06-12 01:07:23,292,Microsoft-Windows-Sysmon,{5770385f-c22a-43e0-bf4c-06f5698ffbd9},4,0x8000000000000000,Microsoft-Windows-Sysmon/Operational,WORKSTATION5,2021-06-11T09:07:23.252Z,2021-06-11T09:07:23.252Z,7,"Image loaded:
RuleName: -
UtcTime: 2021-06-12 01:07:23.244
ProcessGuid: {e2c04bb9-a3f6-60c3-8600-000000000300}
ProcessId: 4752
Image: C:\Windows\System32\wbem\WmiPrvSE.exe
ImageLoaded: C:\Windows\System32\wbem\cimwin32.dll
FileVersion: 10.0.18362.1411 (WinBuild.160101.0800)
Description: WMI Win32 Provider
Product: Microsoft® Windows® Operating System
Company: Microsoft Corporation
OriginalFileName: cimwin32.dll
Hashes: SHA1=30F72A6B04BFA66F5A7A6AD49076A1FBBED29545,MD5=140E55D6F01F0F85802DD686744BC2C4,SHA256=29ED45F7C051A59FD995C95AE381BBCD6123C5C9061AEBEAD5C3B818471C243D,IMPHASH=314F6461E4EB984038B3907CE2D0AB5C
Signed: true
Signature: Microsoft Windows
SignatureStatus: Valid",7,-,{e2c04bb9-a3f6-60c3-8600-000000000300},4752,C:\Windows\System32\wbem\WmiPrvSE.exe,10.0.18362.1411 (WinBuild.160101.0800),WMI Win32 Provider,Microsoft® Windows® Operating System,Microsoft Corporation,cimwin32.dll,,,,,,,,"SHA1=30F72A6B04BFA66F5A7A6AD49076A1FBBED29545,MD5=140E55D6F01F0F85802DD686744BC2C4,SHA256=29ED45F7C051A59FD995C95AE381BBCD6123C5C9061AEBEAD5C3B818471C243D,IMPHASH=314F6461E4EB984038B3907CE2D0AB5C",,,,,,,,,,,,,,C:\Windows\System32\wbem\cimwin32.dll,True,Microsoft Windows,Valid,,,,,,,,,,,,,,,,,,,,,,,,,,,,,,,,,,,,,,,,,,,,,,,,,,,,,,,,,,,,,,,,,,,,,,,,,,,,,,,,,0,0,0,0,1,0,3,True
2021-06-12 01:07:23,291,Microsoft-Windows-Sysmon,{5770385f-c22a-43e0-bf4c-06f5698ffbd9},4,0x8000000000000000,Microsoft-Windows-Sysmon/Operational,WORKSTATION5,2021-06-11T09:07:23.246Z,2021-06-11T09:07:23.246Z,10,"Process accessed:
RuleName: -
UtcTime: 2021-06-12 01:07:23.244
SourceProcessGUID: {e2c04bb9-a347-60c3-1300-000000000300}
SourceProcessId: 64
SourceThreadId: 7116
SourceImage: C:\Windows\system32\svchost.exe
TargetProcessGUID: {e2c04bb9-a342-60c3-0d00-000000000300}
TargetProcessId: 752
TargetImage: C:\Windows\system32\lsass.exe
GrantedAccess: 0x1000
CallTrace: C:\Windows\SYSTEM32\ntdll.dll+9d364|C:\Windows\System32\KERNELBASE.dll+6af05|c:\windows\system32\lsm.dll+10dda|c:\windows\system32\lsm.dll+100bd|C:\Windows\System32\RPCRT4.dll+78553|C:\Windows\System32\RPCRT4.dll+d9d6d|C:\Windows\System32\RPCRT4.dll+26a9c|C:\Windows\System32\RPCRT4.dll+598c8|C:\Windows\System32\RPCRT4.dll+48041|C:\Windows\System32\RPCRT4.dll+478fb|C:\Windows\System32\RPCRT4.dll+1cb6f|C:\Windows\System32\RPCRT4.dll+1c01a|C:\Windows\System32\RPCRT4.dll+1b601|C:\Windows\System32\RPCRT4.dll+1b06e|C:\Windows\System32\RPCRT4.dll+18da5|C:\Windows\SYSTEM32\ntdll.dll+333ed|C:\Windows\SYSTEM32\ntdll.dll+34142|C:\Windows\System32\KERNEL32.DLL+17c24|C:\Windows\SYSTEM32\ntdll.dll+6d721",10,-,,0,,,,,,,,,,,,,,,,,,,{e2c04bb9-a347-60c3-1300-000000000300},64,7116.0,C:\Windows\system32\svchost.exe,{e2c04bb9-a342-60c3-0d00-000000000300},752,C:\Windows\system32\lsass.exe,0x1000,C:\Windows\SYSTEM32\ntdll.dll+9d364|C:\Windows\System32\KERNELBASE.dll+6af05|c:\windows\system32\lsm.dll+10dda|c:\windows\system32\lsm.dll+100bd|C:\Windows\System32\RPCRT4.dll+78553|C:\Windows\System32\RPCRT4.dll+d9d6d|C:\Windows\System32\RPCRT4.dll+26a9c|C:\Windows\System32\RPCRT4.dll+598c8|C:\Windows\System32\RPCRT4.dll+48041|C:\Windows\System32\RPCRT4.dll+478fb|C:\Windows\System32\RPCRT4.dll+1cb6f|C:\Windows\System32\RPCRT4.dll+1c01a|C:\Windows\System32\RPCRT4.dll+1b601|C:\Windows\System32\RPCRT4.dll+1b06e|C:\Windows\System32\RPCRT4.dll+18da5|C:\Windows\SYSTEM32\ntdll.dll+333ed|C:\Windows\SYSTEM32\ntdll.dll+34142|C:\Windows\System32\KERNEL32.DLL+17c24|C:\Windows\SYSTEM32\ntdll.dll+6d721,,,,,,,,,,,,,,,,,,,,,,,,,,,,,,,,,,,,,,,,,,,,,,,,,,,,,,,,,,,,,,,,,,,,,,,,,,,,,,,,,,,,,0,0,0,0,0,0,2,True
2021-06-12 01:07:23,290,Microsoft-Windows-Sysmon,{5770385f-c22a-43e0-bf4c-06f5698ffbd9},4,0x8000000000000000,Microsoft-Windows-Sysmon/Operational,WORKSTATION5,2021-06-11T09:07:23.246Z,2021-06-11T09:07:23.246Z,10,"Process accessed:
RuleName: -
UtcTime: 2021-06-12 01:07:23.244
SourceProcessGUID: {e2c04bb9-a347-60c3-1300-000000000300}
SourceProcessId: 64
SourceThreadId: 7116
SourceImage: C:\Windows\system32\svchost.exe
TargetProcessGUID: {e2c04bb9-a342-60c3-0d00-000000000300}
TargetProcessId: 752
TargetImage: C:\Windows\system32\lsass.exe
GrantedAccess: 0x1000
CallTrace: C:\Windows\SYSTEM32\ntdll.dll+9d364|C:\Windows\System32\KERNELBASE.dll+6af05|c:\windows\system32\lsm.dll+ffc7|C:\Windows\System32\RPCRT4.dll+78553|C:\Windows\System32\RPCRT4.dll+d9d6d|C:\Windows\System32\RPCRT4.dll+26a9c|C:\Windows\System32\RPCRT4.dll+598c8|C:\Windows\System32\RPCRT4.dll+48041|C:\Windows\System32\RPCRT4.dll+478fb|C:\Windows\System32\RPCRT4.dll+1cb6f|C:\Windows\System32\RPCRT4.dll+1c01a|C:\Windows\System32\RPCRT4.dll+1b601|C:\Windows\System32\RPCRT4.dll+1b06e|C:\Windows\System32\RPCRT4.dll+18da5|C:\Windows\SYSTEM32\ntdll.dll+333ed|C:\Windows\SYSTEM32\ntdll.dll+34142|C:\Windows\System32\KERNEL32.DLL+17c24|C:\Windows\SYSTEM32\ntdll.dll+6d721",10,-,,0,,,,,,,,,,,,,,,,,,,{e2c04bb9-a347-60c3-1300-000000000300},64,7116.0,C:\Windows\system32\svchost.exe,{e2c04bb9-a342-60c3-0d00-000000000300},752,C:\Windows\system32\lsass.exe,0x1000,C:\Windows\SYSTEM32\ntdll.dll+9d364|C:\Windows\System32\KERNELBASE.dll+6af05|c:\windows\system32\lsm.dll+ffc7|C:\Windows\System32\RPCRT4.dll+78553|C:\Windows\System32\RPCRT4.dll+d9d6d|C:\Windows\System32\RPCRT4.dll+26a9c|C:\Windows\System32\RPCRT4.dll+598c8|C:\Windows\System32\RPCRT4.dll+48041|C:\Windows\System32\RPCRT4.dll+478fb|C:\Windows\System32\RPCRT4.dll+1cb6f|C:\Windows\System32\RPCRT4.dll+1c01a|C:\Windows\System32\RPCRT4.dll+1b601|C:\Windows\System32\RPCRT4.dll+1b06e|C:\Windows\System32\RPCRT4.dll+18da5|C:\Windows\SYSTEM32\ntdll.dll+333ed|C:\Windows\SYSTEM32\ntdll.dll+34142|C:\Windows\System32\KERNEL32.DLL+17c24|C:\Windows\SYSTEM32\ntdll.dll+6d721,,,,,,,,,,,,,,,,,,,,,,,,,,,,,,,,,,,,,,,,,,,,,,,,,,,,,,,,,,,,,,,,,,,,,,,,,,,,,,,,,,,,,0,0,0,0,0,0,2,True
2021-06-12 01:07:23,289,Microsoft-Windows-Sysmon,{5770385f-c22a-43e0-bf4c-06f5698ffbd9},4,0x8000000000000000,Microsoft-Windows-Sysmon/Operational,WORKSTATION5,2021-06-11T09:07:23.245Z,2021-06-11T09:07:23.245Z,10,"Process accessed:
RuleName: MsMpEng
UtcTime: 2021-06-12 01:07:23.228
SourceProcessGUID: {e2c04bb9-a342-60c3-0d00-000000000300}
SourceProcessId: 752
SourceThreadId: 7744
SourceImage: C:\Windows\system32\lsass.exe
TargetProcessGUID: {e2c04bb9-a3ef-60c3-5f00-000000000300}
TargetProcessId: 2960
TargetImage: C:\Windows\system32\svchost.exe
GrantedAccess: 0x1000
CallTrace: C:\Windows\SYSTEM32\ntdll.dll+9d364|C:\Windows\system32\lsasrv.dll+29db0|C:\Windows\system32\lsasrv.dll+1493b|C:\Windows\SYSTEM32\SspiSrv.dll+177c|C:\Windows\System32\RPCRT4.dll+78553|C:\Windows\System32\RPCRT4.dll+d9d6d|C:\Windows\System32\RPCRT4.dll+26a9c|C:\Windows\System32\RPCRT4.dll+598c8|C:\Windows\System32\RPCRT4.dll+48041|C:\Windows\System32\RPCRT4.dll+478fb|C:\Windows\System32\RPCRT4.dll+1cb6f|C:\Windows\System32\RPCRT4.dll+1c01a|C:\Windows\System32\RPCRT4.dll+1b601|C:\Windows\System32\RPCRT4.dll+1b06e|C:\Windows\System32\RPCRT4.dll+18da5|C:\Windows\SYSTEM32\ntdll.dll+333ed|C:\Windows\SYSTEM32\ntdll.dll+34142|C:\Windows\System32\KERNEL32.DLL+17c24|C:\Windows\SYSTEM32\ntdll.dll+6d721",10,MsMpEng,,0,,,,,,,,,,,,,,,,,,,{e2c04bb9-a342-60c3-0d00-000000000300},752,7744.0,C:\Windows\system32\lsass.exe,{e2c04bb9-a3ef-60c3-5f00-000000000300},2960,C:\Windows\system32\svchost.exe,0x1000,C:\Windows\SYSTEM32\ntdll.dll+9d364|C:\Windows\system32\lsasrv.dll+29db0|C:\Windows\system32\lsasrv.dll+1493b|C:\Windows\SYSTEM32\SspiSrv.dll+177c|C:\Windows\System32\RPCRT4.dll+78553|C:\Windows\System32\RPCRT4.dll+d9d6d|C:\Windows\System32\RPCRT4.dll+26a9c|C:\Windows\System32\RPCRT4.dll+598c8|C:\Windows\System32\RPCRT4.dll+48041|C:\Windows\System32\RPCRT4.dll+478fb|C:\Windows\System32\RPCRT4.dll+1cb6f|C:\Windows\System32\RPCRT4.dll+1c01a|C:\Windows\System32\RPCRT4.dll+1b601|C:\Windows\System32\RPCRT4.dll+1b06e|C:\Windows\System32\RPCRT4.dll+18da5|C:\Windows\SYSTEM32\ntdll.dll+333ed|C:\Windows\SYSTEM32\ntdll.dll+34142|C:\Windows\System32\KERNEL32.DLL+17c24|C:\Windows\SYSTEM32\ntdll.dll+6d721,,,,,,,,,,,,,,,,,,,,,,,,,,,,,,,,,,,,,,,,,,,,,,,,,,,,,,,,,,,,,,,,,,,,,,,,,,,,,,,,,,,,,0,0,0,0,0,0,2,True
2021-06-12 01:07:23,288,Microsoft-Windows-Sysmon,{5770385f-c22a-43e0-bf4c-06f5698ffbd9},4,0x8000000000000000,Microsoft-Windows-Sysmon/Operational,WORKSTATION5,2021-06-11T09:07:23.244Z,2021-06-11T09:07:23.244Z,12,"Registry object added or deleted:
RuleName: -
EventType: CreateKey
UtcTime: 2021-06-12 01:07:23.228
ProcessGuid: {e2c04bb9-a3ef-60c3-5f00-000000000300}
ProcessId: 2960
Image: C:\Windows\system32\svchost.exe
TargetObject: HKCR",12,-,{e2c04bb9-a3ef-60c3-5f00-000000000300},2960,C:\Windows\system32\svchost.exe,,,,,,,,,,,,,,,,,,,,,,,,,,,,,,,,,,CreateKey,HKCR,,,,,,,,,,,,,,,,,,,,,,,,,,,,,,,,,,,,,,,,,,,,,,,,,,,,,,,,,,,,,,,,,,,,,,,,,,,,0,0,0,1,0,0,3,True
2021-06-12 01:07:23,287,Microsoft-Windows-Sysmon,{5770385f-c22a-43e0-bf4c-06f5698ffbd9},4,0x8000000000000000,Microsoft-Windows-Sysmon/Operational,WORKSTATION5,2021-06-11T09:07:23.244Z,2021-06-11T09:07:23.244Z,12,"Registry object added or deleted:
RuleName: -
EventType: CreateKey
UtcTime: 2021-06-12 01:07:23.228
ProcessGuid: {e2c04bb9-a3ef-60c3-5f00-000000000300}
ProcessId: 2960
Image: C:\Windows\system32\svchost.exe
TargetObject: HKCR",12,-,{e2c04bb9-a3ef-60c3-5f00-000000000300},2960,C:\Windows\system32\svchost.exe,,,,,,,,,,,,,,,,,,,,,,,,,,,,,,,,,,CreateKey,HKCR,,,,,,,,,,,,,,,,,,,,,,,,,,,,,,,,,,,,,,,,,,,,,,,,,,,,,,,,,,,,,,,,,,,,,,,,,,,,0,0,0,1,0,0,2,True
2021-06-12 01:07:23,286,Microsoft-Windows-Sysmon,{5770385f-c22a-43e0-bf4c-06f5698ffbd9},4,0x8000000000000000,Microsoft-Windows-Sysmon/Operational,WORKSTATION5,2021-06-11T09:07:23.244Z,2021-06-11T09:07:23.244Z,12,"Registry object added or deleted:
RuleName: -
EventType: CreateKey
UtcTime: 2021-06-12 01:07:23.228
ProcessGuid: {e2c04bb9-a3ef-60c3-5f00-000000000300}
ProcessId: 2960
Image: C:\Windows\system32\svchost.exe
TargetObject: HKCR",12,-,{e2c04bb9-a3ef-60c3-5f00-000000000300},2960,C:\Windows\system32\svchost.exe,,,,,,,,,,,,,,,,,,,,,,,,,,,,,,,,,,CreateKey,HKCR,,,,,,,,,,,,,,,,,,,,,,,,,,,,,,,,,,,,,,,,,,,,,,,,,,,,,,,,,,,,,,,,,,,,,,,,,,,,0,0,0,1,0,0,2,True
2021-06-12 01:07:23,295,Microsoft-Windows-Sysmon,{5770385f-c22a-43e0-bf4c-06f5698ffbd9},4,0x8000000000000000,Microsoft-Windows-Sysmon/Operational,WORKSTATION5,2021-06-11T09:07:23.263Z,2021-06-11T09:07:23.263Z,7,"Image loaded:
RuleName: -
UtcTime: 2021-06-12 01:07:23.259
ProcessGuid: {e2c04bb9-a3f6-60c3-8600-000000000300}
ProcessId: 4752
Image: C:\Windows\System32\wbem\WmiPrvSE.exe
ImageLoaded: C:\Windows\System32\wintrust.dll
FileVersion: 10.0.18362.1377 (WinBuild.160101.0800)
Description: Microsoft Trust Verification APIs
Product: Microsoft® Windows® Operating System
Company: Microsoft Corporation
OriginalFileName: WINTRUST.DLL
Hashes: SHA1=31629B37FE0429DE1BE72E399C3F931FC0709E91,MD5=C5A9D7160C386005F51DBFBC6F2421CB,SHA256=3EA15F43547DE470203E19C51A112A9EC54467073BE52F4A14222609F09B1363,IMPHASH=E57A72C1C30E2E99A58FD1D7A27738D7
Signed: true
Signature: Microsoft Windows
SignatureStatus: Valid",7,-,{e2c04bb9-a3f6-60c3-8600-000000000300},4752,C:\Windows\System32\wbem\WmiPrvSE.exe,10.0.18362.1377 (WinBuild.160101.0800),Microsoft Trust Verification APIs,Microsoft® Windows® Operating System,Microsoft Corporation,WINTRUST.DLL,,,,,,,,"SHA1=31629B37FE0429DE1BE72E399C3F931FC0709E91,MD5=C5A9D7160C386005F51DBFBC6F2421CB,SHA256=3EA15F43547DE470203E19C51A112A9EC54467073BE52F4A14222609F09B1363,IMPHASH=E57A72C1C30E2E99A58FD1D7A27738D7",,,,,,,,,,,,,,C:\Windows\System32\wintrust.dll,True,Microsoft Windows,Valid,,,,,,,,,,,,,,,,,,,,,,,,,,,,,,,,,,,,,,,,,,,,,,,,,,,,,,,,,,,,,,,,,,,,,,,,,,,,,,,,,0,0,0,1,0,0,3,True
2021-06-12 01:07:23,285,Microsoft-Windows-Sysmon,{5770385f-c22a-43e0-bf4c-06f5698ffbd9},4,0x8000000000000000,Microsoft-Windows-Sysmon/Operational,WORKSTATION5,2021-06-11T09:07:23.244Z,2021-06-11T09:07:23.244Z,12,"Registry object added or deleted:
RuleName: -
EventType: CreateKey
UtcTime: 2021-06-12 01:07:23.228
ProcessGuid: {e2c04bb9-a3ef-60c3-5f00-000000000300}
ProcessId: 2960
Image: C:\Windows\system32\svchost.exe
TargetObject: HKCR",12,-,{e2c04bb9-a3ef-60c3-5f00-000000000300},2960,C:\Windows\system32\svchost.exe,,,,,,,,,,,,,,,,,,,,,,,,,,,,,,,,,,CreateKey,HKCR,,,,,,,,,,,,,,,,,,,,,,,,,,,,,,,,,,,,,,,,,,,,,,,,,,,,,,,,,,,,,,,,,,,,,,,,,,,,0,0,0,1,0,0,2,True
2021-06-12 01:07:23,283,Microsoft-Windows-Sysmon,{5770385f-c22a-43e0-bf4c-06f5698ffbd9},4,0x8000000000000000,Microsoft-Windows-Sysmon/Operational,WORKSTATION5,2021-06-11T09:07:23.240Z,2021-06-11T09:07:23.240Z,12,"Registry object added or deleted:
RuleName: -
EventType: CreateKey
UtcTime: 2021-06-12 01:07:23.228
ProcessGuid: {e2c04bb9-a3ef-60c3-5f00-000000000300}
ProcessId: 2960
Image: C:\Windows\system32\svchost.exe
TargetObject: HKCR",12,-,{e2c04bb9-a3ef-60c3-5f00-000000000300},2960,C:\Windows\system32\svchost.exe,,,,,,,,,,,,,,,,,,,,,,,,,,,,,,,,,,CreateKey,HKCR,,,,,,,,,,,,,,,,,,,,,,,,,,,,,,,,,,,,,,,,,,,,,,,,,,,,,,,,,,,,,,,,,,,,,,,,,,,,0,0,0,1,0,0,2,True
2021-06-12 01:07:23,282,Microsoft-Windows-Sysmon,{5770385f-c22a-43e0-bf4c-06f5698ffbd9},4,0x8000000000000000,Microsoft-Windows-Sysmon/Operational,WORKSTATION5,2021-06-11T09:07:23.240Z,2021-06-11T09:07:23.240Z,12,"Registry object added or deleted:
RuleName: -
EventType: CreateKey
UtcTime: 2021-06-12 01:07:23.228
ProcessGuid: {e2c04bb9-a3ef-60c3-5f00-000000000300}
ProcessId: 2960
Image: C:\Windows\system32\svchost.exe
TargetObject: HKCR",12,-,{e2c04bb9-a3ef-60c3-5f00-000000000300},2960,C:\Windows\system32\svchost.exe,,,,,,,,,,,,,,,,,,,,,,,,,,,,,,,,,,CreateKey,HKCR,,,,,,,,,,,,,,,,,,,,,,,,,,,,,,,,,,,,,,,,,,,,,,,,,,,,,,,,,,,,,,,,,,,,,,,,,,,,0,0,0,1,0,0,2,True
2021-06-12 01:07:23,281,Microsoft-Windows-Sysmon,{5770385f-c22a-43e0-bf4c-06f5698ffbd9},4,0x8000000000000000,Microsoft-Windows-Sysmon/Operational,WORKSTATION5,2021-06-11T09:07:23.240Z,2021-06-11T09:07:23.240Z,12,"Registry object added or deleted:
RuleName: -
EventType: CreateKey
UtcTime: 2021-06-12 01:07:23.228
ProcessGuid: {e2c04bb9-a3ef-60c3-5f00-000000000300}
ProcessId: 2960
Image: C:\Windows\system32\svchost.exe
TargetObject: HKCR",12,-,{e2c04bb9-a3ef-60c3-5f00-000000000300},2960,C:\Windows\system32\svchost.exe,,,,,,,,,,,,,,,,,,,,,,,,,,,,,,,,,,CreateKey,HKCR,,,,,,,,,,,,,,,,,,,,,,,,,,,,,,,,,,,,,,,,,,,,,,,,,,,,,,,,,,,,,,,,,,,,,,,,,,,,0,0,0,1,0,0,2,True
2021-06-12 01:07:23,280,Microsoft-Windows-Sysmon,{5770385f-c22a-43e0-bf4c-06f5698ffbd9},4,0x8000000000000000,Microsoft-Windows-Sysmon/Operational,WORKSTATION5,2021-06-11T09:07:23.239Z,2021-06-11T09:07:23.239Z,12,"Registry object added or deleted:
RuleName: -
EventType: CreateKey
UtcTime: 2021-06-12 01:07:23.228
ProcessGuid: {e2c04bb9-a3ef-60c3-5f00-000000000300}
ProcessId: 2960
Image: C:\Windows\system32\svchost.exe
TargetObject: HKCR",12,-,{e2c04bb9-a3ef-60c3-5f00-000000000300},2960,C:\Windows\system32\svchost.exe,,,,,,,,,,,,,,,,,,,,,,,,,,,,,,,,,,CreateKey,HKCR,,,,,,,,,,,,,,,,,,,,,,,,,,,,,,,,,,,,,,,,,,,,,,,,,,,,,,,,,,,,,,,,,,,,,,,,,,,,0,0,0,1,0,0,1,True
2021-06-12 01:07:23,279,Microsoft-Windows-Sysmon,{5770385f-c22a-43e0-bf4c-06f5698ffbd9},4,0x8000000000000000,Microsoft-Windows-Sysmon/Operational,WORKSTATION5,2021-06-11T09:07:23.239Z,2021-06-11T09:07:23.239Z,12,"Registry object added or deleted:
RuleName: -
EventType: CreateKey
UtcTime: 2021-06-12 01:07:23.228
ProcessGuid: {e2c04bb9-a3ef-60c3-5f00-000000000300}
ProcessId: 2960
Image: C:\Windows\system32\svchost.exe
TargetObject: HKCR",12,-,{e2c04bb9-a3ef-60c3-5f00-000000000300},2960,C:\Windows\system32\svchost.exe,,,,,,,,,,,,,,,,,,,,,,,,,,,,,,,,,,CreateKey,HKCR,,,,,,,,,,,,,,,,,,,,,,,,,,,,,,,,,,,,,,,,,,,,,,,,,,,,,,,,,,,,,,,,,,,,,,,,,,,,0,0,0,1,0,0,1,True
2021-06-12 01:07:23,278,Microsoft-Windows-Sysmon,{5770385f-c22a-43e0-bf4c-06f5698ffbd9},4,0x8000000000000000,Microsoft-Windows-Sysmon/Operational,WORKSTATION5,2021-06-11T09:07:23.236Z,2021-06-11T09:07:23.236Z,7,"Image loaded:
RuleName: -
UtcTime: 2021-06-12 01:07:23.228
ProcessGuid: {e2c04bb9-08cb-60c4-7e09-000000000300}
ProcessId: 5924
Image: C:\Windows\System32\taskkill.exe
ImageLoaded: C:\Windows\System32\ole32.dll
FileVersion: 10.0.18362.1316 (WinBuild.160101.0800)
Description: Microsoft OLE for Windows
Product: Microsoft® Windows® Operating System
Company: Microsoft Corporation
OriginalFileName: OLE32.DLL
Hashes: SHA1=EF7022BDFCDA2D2AF9D1D44EC5E5C99863DFDDE1,MD5=D01F57B9362D39B7888B0343751214EF,SHA256=83D03F7762ECE16F07950BF4E2E2F072AC47D43F065CEA194AE83ED35529FE76,IMPHASH=C908A257ACFAF3BDE15426EE5244D1EB
Signed: true
Signature: Microsoft Windows
SignatureStatus: Valid",7,-,{e2c04bb9-08cb-60c4-7e09-000000000300},5924,C:\Windows\System32\taskkill.exe,10.0.18362.1316 (WinBuild.160101.0800),Microsoft OLE for Windows,Microsoft® Windows® Operating System,Microsoft Corporation,OLE32.DLL,,,,,,,,"SHA1=EF7022BDFCDA2D2AF9D1D44EC5E5C99863DFDDE1,MD5=D01F57B9362D39B7888B0343751214EF,SHA256=83D03F7762ECE16F07950BF4E2E2F072AC47D43F065CEA194AE83ED35529FE76,IMPHASH=C908A257ACFAF3BDE15426EE5244D1EB",,,,,,,,,,,,,,C:\Windows\System32\ole32.dll,True,Microsoft Windows,Valid,,,,,,,,,,,,,,,,,,,,,,,,,,,,,,,,,,,,,,,,,,,,,,,,,,,,,,,,,,,,,,,,,,,,,,,,,,,,,,,,,0,0,0,1,0,0,2,True
2021-06-12 01:07:23,277,Microsoft-Windows-Sysmon,{5770385f-c22a-43e0-bf4c-06f5698ffbd9},4,0x8000000000000000,Microsoft-Windows-Sysmon/Operational,WORKSTATION5,2021-06-11T09:07:23.235Z,2021-06-11T09:07:23.235Z,7,"Image loaded:
RuleName: -
UtcTime: 2021-06-12 01:07:23.228
ProcessGuid: {e2c04bb9-08cb-60c4-7e09-000000000300}
ProcessId: 5924
Image: C:\Windows\System32\taskkill.exe
ImageLoaded: C:\ProgramData\Microsoft\Windows Defender\Platform\4.18.2105.4-0\MpOAV.dll
FileVersion: 4.18.2105.4 (WinBuild.160101.0800)
Description: IOfficeAntiVirus Module
Product: Microsoft® Windows® Operating System
Company: Microsoft Corporation
OriginalFileName: MpOAV.dll
Hashes: SHA1=AEE532BD93C8FBCE4CF0368E35136CEC2C7DADE9,MD5=A028AB223EDD58A413B7E2008C152298,SHA256=94C91772847611F26AF1814D2BDF3322129C9BB6D430077FF7C8982528A49585,IMPHASH=5E99D9338A66701E0FB8F1477DDE6EA9
Signed: true
Signature: Microsoft Windows
SignatureStatus: Valid",7,-,{e2c04bb9-08cb-60c4-7e09-000000000300},5924,C:\Windows\System32\taskkill.exe,4.18.2105.4 (WinBuild.160101.0800),IOfficeAntiVirus Module,Microsoft® Windows® Operating System,Microsoft Corporation,MpOAV.dll,,,,,,,,"SHA1=AEE532BD93C8FBCE4CF0368E35136CEC2C7DADE9,MD5=A028AB223EDD58A413B7E2008C152298,SHA256=94C91772847611F26AF1814D2BDF3322129C9BB6D430077FF7C8982528A49585,IMPHASH=5E99D9338A66701E0FB8F1477DDE6EA9",,,,,,,,,,,,,,C:\ProgramData\Microsoft\Windows Defender\Platform\4.18.2105.4-0\MpOAV.dll,True,Microsoft Windows,Valid,,,,,,,,,,,,,,,,,,,,,,,,,,,,,,,,,,,,,,,,,,,,,,,,,,,,,,,,,,,,,,,,,,,,,,,,,,,,,,,,,0,0,0,1,0,0,2,True
2021-06-12 01:07:23,276,Microsoft-Windows-Sysmon,{5770385f-c22a-43e0-bf4c-06f5698ffbd9},4,0x8000000000000000,Microsoft-Windows-Sysmon/Operational,WORKSTATION5,2021-06-11T09:07:23.233Z,2021-06-11T09:07:23.233Z,7,"Image loaded:
RuleName: -
UtcTime: 2021-06-12 01:07:23.228
ProcessGuid: {e2c04bb9-08cb-60c4-7e09-000000000300}
ProcessId: 5924
Image: C:\Windows\System32\taskkill.exe
ImageLoaded: C:\Windows\System32\profapi.dll
FileVersion: 10.0.18362.1411 (WinBuild.160101.0800)
Description: User Profile Basic API
Product: Microsoft® Windows® Operating System
Company: Microsoft Corporation
OriginalFileName: PROFAPI.DLL
Hashes: SHA1=B8F5271B749C06BBA4E6E01E547E9ABD453F3B03,MD5=8DE050366D7071EEE1210B1717584B48,SHA256=D6AF57BF729E9CB0450B5B9E862C112835A5017E963C01AD4998C340BD8B5F65,IMPHASH=061E14983AD61EA4800E1C1C74BA94AA
Signed: true
Signature: Microsoft Windows
SignatureStatus: Valid",7,-,{e2c04bb9-08cb-60c4-7e09-000000000300},5924,C:\Windows\System32\taskkill.exe,10.0.18362.1411 (WinBuild.160101.0800),User Profile Basic API,Microsoft® Windows® Operating System,Microsoft Corporation,PROFAPI.DLL,,,,,,,,"SHA1=B8F5271B749C06BBA4E6E01E547E9ABD453F3B03,MD5=8DE050366D7071EEE1210B1717584B48,SHA256=D6AF57BF729E9CB0450B5B9E862C112835A5017E963C01AD4998C340BD8B5F65,IMPHASH=061E14983AD61EA4800E1C1C74BA94AA",,,,,,,,,,,,,,C:\Windows\System32\profapi.dll,True,Microsoft Windows,Valid,,,,,,,,,,,,,,,,,,,,,,,,,,,,,,,,,,,,,,,,,,,,,,,,,,,,,,,,,,,,,,,,,,,,,,,,,,,,,,,,,0,0,0,1,0,0,2,True
2021-06-12 01:07:23,275,Microsoft-Windows-Sysmon,{5770385f-c22a-43e0-bf4c-06f5698ffbd9},4,0x8000000000000000,Microsoft-Windows-Sysmon/Operational,WORKSTATION5,2021-06-11T09:07:23.233Z,2021-06-11T09:07:23.233Z,7,"Image loaded:
RuleName: -
UtcTime: 2021-06-12 01:07:23.228
ProcessGuid: {e2c04bb9-08cb-60c4-7e09-000000000300}
ProcessId: 5924
Image: C:\Windows\System32\taskkill.exe
ImageLoaded: C:\Windows\System32\userenv.dll
FileVersion: 10.0.18362.1139 (WinBuild.160101.0800)
Description: Userenv
Product: Microsoft® Windows® Operating System
Company: Microsoft Corporation
OriginalFileName: userenv.dll
Hashes: SHA1=6767284D50E4B23357C234D4CCF9FD05D821CD78,MD5=6DC9184E8E2827C756E74F7C685FFAD3,SHA256=8F0FB258D463DB0B1CEC91797816E427A125EE8EE46F9CF845678BEDB776D9AE,IMPHASH=B27EC605C3878D5AFB745034F25A7E03
Signed: true
Signature: Microsoft Windows
SignatureStatus: Valid",7,-,{e2c04bb9-08cb-60c4-7e09-000000000300},5924,C:\Windows\System32\taskkill.exe,10.0.18362.1139 (WinBuild.160101.0800),Userenv,Microsoft® Windows® Operating System,Microsoft Corporation,userenv.dll,,,,,,,,"SHA1=6767284D50E4B23357C234D4CCF9FD05D821CD78,MD5=6DC9184E8E2827C756E74F7C685FFAD3,SHA256=8F0FB258D463DB0B1CEC91797816E427A125EE8EE46F9CF845678BEDB776D9AE,IMPHASH=B27EC605C3878D5AFB745034F25A7E03",,,,,,,,,,,,,,C:\Windows\System32\userenv.dll,True,Microsoft Windows,Valid,,,,,,,,,,,,,,,,,,,,,,,,,,,,,,,,,,,,,,,,,,,,,,,,,,,,,,,,,,,,,,,,,,,,,,,,,,,,,,,,,0,0,0,1,0,0,2,True
2021-06-12 01:07:23,284,Microsoft-Windows-Sysmon,{5770385f-c22a-43e0-bf4c-06f5698ffbd9},4,0x8000000000000000,Microsoft-Windows-Sysmon/Operational,WORKSTATION5,2021-06-11T09:07:23.244Z,2021-06-11T09:07:23.244Z,12,"Registry object added or deleted:
RuleName: -
EventType: CreateKey
UtcTime: 2021-06-12 01:07:23.228
ProcessGuid: {e2c04bb9-a3ef-60c3-5f00-000000000300}
ProcessId: 2960
Image: C:\Windows\system32\svchost.exe
TargetObject: HKCR",12,-,{e2c04bb9-a3ef-60c3-5f00-000000000300},2960,C:\Windows\system32\svchost.exe,,,,,,,,,,,,,,,,,,,,,,,,,,,,,,,,,,CreateKey,HKCR,,,,,,,,,,,,,,,,,,,,,,,,,,,,,,,,,,,,,,,,,,,,,,,,,,,,,,,,,,,,,,,,,,,,,,,,,,,,0,0,0,1,0,0,2,True
2021-06-12 01:07:23,274,Microsoft-Windows-Sysmon,{5770385f-c22a-43e0-bf4c-06f5698ffbd9},4,0x8000000000000000,Microsoft-Windows-Sysmon/Operational,WORKSTATION5,2021-06-11T09:07:23.232Z,2021-06-11T09:07:23.232Z,7,"Image loaded:
RuleName: -
UtcTime: 2021-06-12 01:07:23.228
ProcessGuid: {e2c04bb9-08cb-60c4-7e09-000000000300}
ProcessId: 5924
Image: C:\Windows\System32\taskkill.exe
ImageLoaded: C:\Windows\System32\cryptsp.dll
FileVersion: 10.0.18362.1 (WinBuild.160101.0800)
Description: Cryptographic Service Provider API
Product: Microsoft® Windows® Operating System
Company: Microsoft Corporation
OriginalFileName: cryptsp.dll
Hashes: SHA1=90F229FB5DB52DF3604195B10C48E946684929ED,MD5=ACE18C6797090A1AA259BB8713917F98,SHA256=F5E118F67745792909973717FAE1F9FE68B2619332A4451AD04E0C9072B8D605,IMPHASH=A9B9D04D0B53DC48ABB37BE77AD01B55
Signed: true
Signature: Microsoft Windows
SignatureStatus: Valid",7,-,{e2c04bb9-08cb-60c4-7e09-000000000300},5924,C:\Windows\System32\taskkill.exe,10.0.18362.1 (WinBuild.160101.0800),Cryptographic Service Provider API,Microsoft® Windows® Operating System,Microsoft Corporation,cryptsp.dll,,,,,,,,"SHA1=90F229FB5DB52DF3604195B10C48E946684929ED,MD5=ACE18C6797090A1AA259BB8713917F98,SHA256=F5E118F67745792909973717FAE1F9FE68B2619332A4451AD04E0C9072B8D605,IMPHASH=A9B9D04D0B53DC48ABB37BE77AD01B55",,,,,,,,,,,,,,C:\Windows\System32\cryptsp.dll,True,Microsoft Windows,Valid,,,,,,,,,,,,,,,,,,,,,,,,,,,,,,,,,,,,,,,,,,,,,,,,,,,,,,,,,,,,,,,,,,,,,,,,,,,,,,,,,0,0,0,1,0,0,2,True
2021-06-12 01:07:23,296,Microsoft-Windows-Sysmon,{5770385f-c22a-43e0-bf4c-06f5698ffbd9},4,0x8000000000000000,Microsoft-Windows-Sysmon/Operational,WORKSTATION5,2021-06-11T09:07:23.265Z,2021-06-11T09:07:23.265Z,7,"Image loaded:
RuleName: -
UtcTime: 2021-06-12 01:07:23.259
ProcessGuid: {e2c04bb9-a3f6-60c3-8600-000000000300}
ProcessId: 4752
Image: C:\Windows\System32\wbem\WmiPrvSE.exe
ImageLoaded: C:\Windows\System32\wldp.dll
FileVersion: 10.0.18362.1237 (WinBuild.160101.0800)
Description: Windows Lockdown Policy
Product: Microsoft® Windows® Operating System
Company: Microsoft Corporation
OriginalFileName: wldp.dll
Hashes: SHA1=D431C7F50B473E4F5FF03D989107A3E949B29DCF,MD5=7C7A762524A1EF5FDFB855458B70DEC4,SHA256=19400738D1C06F4273B5978EA1491B8ADD0AAF34165A4A57E7F0F6E2108F49A9,IMPHASH=01760276901738B62677084C5F63841F
Signed: true
Signature: Microsoft Windows
SignatureStatus: Valid",7,-,{e2c04bb9-a3f6-60c3-8600-000000000300},4752,C:\Windows\System32\wbem\WmiPrvSE.exe,10.0.18362.1237 (WinBuild.160101.0800),Windows Lockdown Policy,Microsoft® Windows® Operating System,Microsoft Corporation,wldp.dll,,,,,,,,"SHA1=D431C7F50B473E4F5FF03D989107A3E949B29DCF,MD5=7C7A762524A1EF5FDFB855458B70DEC4,SHA256=19400738D1C06F4273B5978EA1491B8ADD0AAF34165A4A57E7F0F6E2108F49A9,IMPHASH=01760276901738B62677084C5F63841F",,,,,,,,,,,,,,C:\Windows\System32\wldp.dll,True,Microsoft Windows,Valid,,,,,,,,,,,,,,,,,,,,,,,,,,,,,,,,,,,,,,,,,,,,,,,,,,,,,,,,,,,,,,,,,,,,,,,,,,,,,,,,,0,0,0,1,0,0,3,True
2021-06-12 01:07:23,298,Microsoft-Windows-Sysmon,{5770385f-c22a-43e0-bf4c-06f5698ffbd9},4,0x8000000000000000,Microsoft-Windows-Sysmon/Operational,WORKSTATION5,2021-06-11T09:07:23.265Z,2021-06-11T09:07:23.265Z,9,"RawAccessRead detected:
RuleName: -
UtcTime: 2021-06-12 01:07:23.259
ProcessGuid: {e2c04bb9-a3f6-60c3-8600-000000000300}
ProcessId: 4752
Image: C:\Windows\System32\wbem\WmiPrvSE.exe
Device: \Device\HarddiskVolume2",9,-,{e2c04bb9-a3f6-60c3-8600-000000000300},4752,C:\Windows\System32\wbem\WmiPrvSE.exe,,,,,,,,,,,,,,,,,,,,,,,,,,,,,,,,,,,,,,\Device\HarddiskVolume2,,,,,,,,,,,,,,,,,,,,,,,,,,,,,,,,,,,,,,,,,,,,,,,,,,,,,,,,,,,,,,,,,,,,,,,,,0,0,0,1,0,0,3,True
2021-06-12 01:07:23,318,Microsoft-Windows-Sysmon,{5770385f-c22a-43e0-bf4c-06f5698ffbd9},4,0x8000000000000000,Microsoft-Windows-Sysmon/Operational,WORKSTATION5,2021-06-11T09:07:23.271Z,2021-06-11T09:07:23.271Z,10,"Process accessed:
RuleName: MsMpEng
UtcTime: 2021-06-12 01:07:23.259
SourceProcessGUID: {e2c04bb9-a3f6-60c3-8600-000000000300}
SourceProcessId: 4752
SourceThreadId: 6660
SourceImage: C:\Windows\system32\wbem\wmiprvse.exe
TargetProcessGUID: {e2c04bb9-417d-60c3-3f00-000000000300}
TargetProcessId: 1900
TargetImage: C:\Windows\system32\svchost.exe
GrantedAccess: 0x1410
CallTrace: C:\Windows\SYSTEM32\ntdll.dll+9d364|C:\Windows\System32\KERNELBASE.dll+305ee|C:\Windows\system32\wbem\cimwin32.dll+f46e|C:\Windows\system32\wbem\cimwin32.dll+faf5|C:\Windows\SYSTEM32\framedynos.dll+5722|C:\Windows\SYSTEM32\framedynos.dll+6ead|C:\Windows\system32\wbem\wmiprvse.exe+8ad1|C:\Windows\system32\wbem\wmiprvse.exe+8753|C:\Windows\System32\RPCRT4.dll+78553|C:\Windows\System32\RPCRT4.dll+12779|C:\Windows\System32\combase.dll+a8c82|C:\Windows\System32\RPCRT4.dll+5f1db|C:\Windows\System32\combase.dll+2b363|C:\Windows\System32\combase.dll+2b153|C:\Windows\System32\combase.dll+ab606|C:\Windows\System32\combase.dll+2f1aa|C:\Windows\System32\combase.dll+a772d|C:\Windows\System32\combase.dll+423fc|C:\Windows\System32\combase.dll+42e10|C:\Windows\System32\combase.dll+44448|C:\Windows\System32\RPCRT4.dll+598c8|C:\Windows\System32\RPCRT4.dll+48041|C:\Windows\System32\RPCRT4.dll+47b90|C:\Windows\System32\RPCRT4.dll+1c9bf",10,MsMpEng,,0,,,,,,,,,,,,,,,,,,,{e2c04bb9-a3f6-60c3-8600-000000000300},4752,6660.0,C:\Windows\system32\wbem\wmiprvse.exe,{e2c04bb9-417d-60c3-3f00-000000000300},1900,C:\Windows\system32\svchost.exe,0x1410,C:\Windows\SYSTEM32\ntdll.dll+9d364|C:\Windows\System32\KERNELBASE.dll+305ee|C:\Windows\system32\wbem\cimwin32.dll+f46e|C:\Windows\system32\wbem\cimwin32.dll+faf5|C:\Windows\SYSTEM32\framedynos.dll+5722|C:\Windows\SYSTEM32\framedynos.dll+6ead|C:\Windows\system32\wbem\wmiprvse.exe+8ad1|C:\Windows\system32\wbem\wmiprvse.exe+8753|C:\Windows\System32\RPCRT4.dll+78553|C:\Windows\System32\RPCRT4.dll+12779|C:\Windows\System32\combase.dll+a8c82|C:\Windows\System32\RPCRT4.dll+5f1db|C:\Windows\System32\combase.dll+2b363|C:\Windows\System32\combase.dll+2b153|C:\Windows\System32\combase.dll+ab606|C:\Windows\System32\combase.dll+2f1aa|C:\Windows\System32\combase.dll+a772d|C:\Windows\System32\combase.dll+423fc|C:\Windows\System32\combase.dll+42e10|C:\Windows\System32\combase.dll+44448|C:\Windows\System32\RPCRT4.dll+598c8|C:\Windows\System32\RPCRT4.dll+48041|C:\Windows\System32\RPCRT4.dll+47b90|C:\Windows\System32\RPCRT4.dll+1c9bf,,,,,,,,,,,,,,,,,,,,,,,,,,,,,,,,,,,,,,,,,,,,,,,,,,,,,,,,,,,,,,,,,,,,,,,,,,,,,,,,,,,,,0,0,0,1,0,0,4,True
