2021-06-12 01:07:33,1211,Microsoft-Windows-Sysmon,{5770385f-c22a-43e0-bf4c-06f5698ffbd9},4,0x8000000000000000,Microsoft-Windows-Sysmon/Operational,WORKSTATION5,2021-06-11T09:07:33.271Z,2021-06-11T09:07:33.271Z,7,"Image loaded:
RuleName: -
UtcTime: 2021-06-12 01:07:33.259
ProcessGuid: {e2c04bb9-08d5-60c4-8909-000000000300}
ProcessId: 8232
Image: C:\Windows\System32\conhost.exe
ImageLoaded: C:\Windows\System32\gdi32.dll
FileVersion: 10.0.18362.1316 (WinBuild.160101.0800)
Description: GDI Client DLL
Product: Microsoft® Windows® Operating System
Company: Microsoft Corporation
OriginalFileName: gdi32
Hashes: SHA1=34F81F3967B7716A8703512B7E7C3410DCDDE5A6,MD5=A4CD88E2697F818F1D8D4D3563394990,SHA256=27F96FA6D7F4C63913513BC5F983F0818BCA5A43E4C0013380F657856A383268,IMPHASH=C5F30E6A06AB646153863B68366FE58A
Signed: true
Signature: Microsoft Windows
SignatureStatus: Valid",7,-,{e2c04bb9-08d5-60c4-8909-000000000300},8232,C:\Windows\System32\conhost.exe,10.0.18362.1316 (WinBuild.160101.0800),GDI Client DLL,Microsoft® Windows® Operating System,Microsoft Corporation,gdi32,,,,,,,,"SHA1=34F81F3967B7716A8703512B7E7C3410DCDDE5A6,MD5=A4CD88E2697F818F1D8D4D3563394990,SHA256=27F96FA6D7F4C63913513BC5F983F0818BCA5A43E4C0013380F657856A383268,IMPHASH=C5F30E6A06AB646153863B68366FE58A",,,,,,,,,,,,,,C:\Windows\System32\gdi32.dll,True,Microsoft Windows,Valid,,,,,,,,,,,,,,,,,,,,,,,,,,,,,,,,,,,,,,,,,,,,,,,,,,,,,,,,,,,,,,,,,,,,,,,,,,,,,,,,,0,0,0,0,0,0,2,True
2021-06-12 01:07:33,1221,Microsoft-Windows-Sysmon,{5770385f-c22a-43e0-bf4c-06f5698ffbd9},4,0x8000000000000000,Microsoft-Windows-Sysmon/Operational,WORKSTATION5,2021-06-11T09:07:33.275Z,2021-06-11T09:07:33.275Z,7,"Image loaded:
RuleName: -
UtcTime: 2021-06-12 01:07:33.259
ProcessGuid: {e2c04bb9-08d5-60c4-8909-000000000300}
ProcessId: 8232
Image: C:\Windows\System32\conhost.exe
ImageLoaded: C:\Windows\System32\cfgmgr32.dll
FileVersion: 10.0.18362.387 (WinBuild.160101.0800)
Description: Configuration Manager DLL
Product: Microsoft® Windows® Operating System
Company: Microsoft Corporation
OriginalFileName: CFGMGR32.DLL
Hashes: SHA1=FA3A718BEED81C7084675E250ADC305677A6B5E4,MD5=3A99A40872AF3B87406CC57DBDF53748,SHA256=96A1DB38C74A81FBA4C4AB29020551364FD1ADA3B6FED789D193C787E757979D,IMPHASH=4B4464C7677B6F07342800F4CF0BA273
Signed: true
Signature: Microsoft Windows
SignatureStatus: Valid",7,-,{e2c04bb9-08d5-60c4-8909-000000000300},8232,C:\Windows\System32\conhost.exe,10.0.18362.387 (WinBuild.160101.0800),Configuration Manager DLL,Microsoft® Windows® Operating System,Microsoft Corporation,CFGMGR32.DLL,,,,,,,,"SHA1=FA3A718BEED81C7084675E250ADC305677A6B5E4,MD5=3A99A40872AF3B87406CC57DBDF53748,SHA256=96A1DB38C74A81FBA4C4AB29020551364FD1ADA3B6FED789D193C787E757979D,IMPHASH=4B4464C7677B6F07342800F4CF0BA273",,,,,,,,,,,,,,C:\Windows\System32\cfgmgr32.dll,True,Microsoft Windows,Valid,,,,,,,,,,,,,,,,,,,,,,,,,,,,,,,,,,,,,,,,,,,,,,,,,,,,,,,,,,,,,,,,,,,,,,,,,,,,,,,,,0,0,0,0,0,0,2,True
2021-06-12 01:07:33,1226,Microsoft-Windows-Sysmon,{5770385f-c22a-43e0-bf4c-06f5698ffbd9},4,0x8000000000000000,Microsoft-Windows-Sysmon/Operational,WORKSTATION5,2021-06-11T09:07:33.277Z,2021-06-11T09:07:33.277Z,7,"Image loaded:
RuleName: -
UtcTime: 2021-06-12 01:07:33.275
ProcessGuid: {e2c04bb9-08d5-60c4-8809-000000000300}
ProcessId: 7764
Image: C:\Windows\System32\timeout.exe
ImageLoaded: C:\Windows\System32\imm32.dll
FileVersion: 10.0.18362.387 (WinBuild.160101.0800)
Description: Multi-User Windows IMM32 API Client DLL
Product: Microsoft® Windows® Operating System
Company: Microsoft Corporation
OriginalFileName: imm32
Hashes: SHA1=76BB2AB8D3CB6DB6D23F4771334C9AA9C231B03A,MD5=025CC332EDC4B1A38290F3E36BCEF4FB,SHA256=0FE3C1C575EA1B0257B2EB12527EC35E3004CD88EA5BAEC7095386A9F9EB70AD,IMPHASH=24F54B6761C10BA12481CF6C780605BF
Signed: true
Signature: Microsoft Windows
SignatureStatus: Valid",7,-,{e2c04bb9-08d5-60c4-8809-000000000300},7764,C:\Windows\System32\timeout.exe,10.0.18362.387 (WinBuild.160101.0800),Multi-User Windows IMM32 API Client DLL,Microsoft® Windows® Operating System,Microsoft Corporation,imm32,,,,,,,,"SHA1=76BB2AB8D3CB6DB6D23F4771334C9AA9C231B03A,MD5=025CC332EDC4B1A38290F3E36BCEF4FB,SHA256=0FE3C1C575EA1B0257B2EB12527EC35E3004CD88EA5BAEC7095386A9F9EB70AD,IMPHASH=24F54B6761C10BA12481CF6C780605BF",,,,,,,,,,,,,,C:\Windows\System32\imm32.dll,True,Microsoft Windows,Valid,,,,,,,,,,,,,,,,,,,,,,,,,,,,,,,,,,,,,,,,,,,,,,,,,,,,,,,,,,,,,,,,,,,,,,,,,,,,,,,,,0,0,0,0,0,0,2,True
2021-06-12 01:07:33,1223,Microsoft-Windows-Sysmon,{5770385f-c22a-43e0-bf4c-06f5698ffbd9},4,0x8000000000000000,Microsoft-Windows-Sysmon/Operational,WORKSTATION5,2021-06-11T09:07:33.276Z,2021-06-11T09:07:33.276Z,7,"Image loaded:
RuleName: -
UtcTime: 2021-06-12 01:07:33.275
ProcessGuid: {e2c04bb9-08d5-60c4-8909-000000000300}
ProcessId: 8232
Image: C:\Windows\System32\conhost.exe
ImageLoaded: C:\Windows\System32\profapi.dll
FileVersion: 10.0.18362.1411 (WinBuild.160101.0800)
Description: User Profile Basic API
Product: Microsoft® Windows® Operating System
Company: Microsoft Corporation
OriginalFileName: PROFAPI.DLL
Hashes: SHA1=B8F5271B749C06BBA4E6E01E547E9ABD453F3B03,MD5=8DE050366D7071EEE1210B1717584B48,SHA256=D6AF57BF729E9CB0450B5B9E862C112835A5017E963C01AD4998C340BD8B5F65,IMPHASH=061E14983AD61EA4800E1C1C74BA94AA
Signed: true
Signature: Microsoft Windows
SignatureStatus: Valid",7,-,{e2c04bb9-08d5-60c4-8909-000000000300},8232,C:\Windows\System32\conhost.exe,10.0.18362.1411 (WinBuild.160101.0800),User Profile Basic API,Microsoft® Windows® Operating System,Microsoft Corporation,PROFAPI.DLL,,,,,,,,"SHA1=B8F5271B749C06BBA4E6E01E547E9ABD453F3B03,MD5=8DE050366D7071EEE1210B1717584B48,SHA256=D6AF57BF729E9CB0450B5B9E862C112835A5017E963C01AD4998C340BD8B5F65,IMPHASH=061E14983AD61EA4800E1C1C74BA94AA",,,,,,,,,,,,,,C:\Windows\System32\profapi.dll,True,Microsoft Windows,Valid,,,,,,,,,,,,,,,,,,,,,,,,,,,,,,,,,,,,,,,,,,,,,,,,,,,,,,,,,,,,,,,,,,,,,,,,,,,,,,,,,0,0,0,0,0,0,2,True
2021-06-12 01:07:33,1240,Microsoft-Windows-Sysmon,{5770385f-c22a-43e0-bf4c-06f5698ffbd9},4,0x8000000000000000,Microsoft-Windows-Sysmon/Operational,WORKSTATION5,2021-06-11T09:07:33.300Z,2021-06-11T09:07:33.300Z,10,"Process accessed:
RuleName: -
UtcTime: 2021-06-12 01:07:33.290
SourceProcessGUID: {e2c04bb9-a70e-60c3-0d61-390000000000}
SourceProcessId: 1320
SourceThreadId: 7300
SourceImage: C:\Windows\Explorer.EXE
TargetProcessGUID: {e2c04bb9-08d5-60c4-8909-000000000300}
TargetProcessId: 8232
TargetImage: C:\Windows\system32\conhost.exe
GrantedAccess: 0x1000
CallTrace: C:\Windows\SYSTEM32\ntdll.dll+9d364|C:\Windows\System32\KERNELBASE.dll+305ee|C:\Windows\SYSTEM32\TWINAPI.dll+2f93|C:\Windows\system32\twinui.pcshell.dll+22320|C:\Windows\system32\twinui.pcshell.dll+21b22|C:\Windows\system32\twinui.dll+5f85b|C:\Windows\system32\twinui.dll+5f36c|C:\Windows\system32\twinui.dll+1ef9a|C:\Windows\system32\twinui.dll+48799|C:\Windows\system32\twinui.dll+488db|C:\Windows\system32\twinui.dll+4885d|C:\Windows\System32\USER32.dll+15c1d|C:\Windows\System32\USER32.dll+15612|C:\Windows\System32\windows.immersiveshell.serviceprovider.dll+4860|C:\Windows\System32\windows.immersiveshell.serviceprovider.dll+4429|C:\Windows\System32\windows.immersiveshell.serviceprovider.dll+40bf|C:\Windows\System32\KERNEL32.DLL+17c24|C:\Windows\SYSTEM32\ntdll.dll+6d721",10,-,,0,,,,,,,,,,,,,,,,,,,{e2c04bb9-a70e-60c3-0d61-390000000000},1320,7300.0,C:\Windows\Explorer.EXE,{e2c04bb9-08d5-60c4-8909-000000000300},8232,C:\Windows\system32\conhost.exe,0x1000,C:\Windows\SYSTEM32\ntdll.dll+9d364|C:\Windows\System32\KERNELBASE.dll+305ee|C:\Windows\SYSTEM32\TWINAPI.dll+2f93|C:\Windows\system32\twinui.pcshell.dll+22320|C:\Windows\system32\twinui.pcshell.dll+21b22|C:\Windows\system32\twinui.dll+5f85b|C:\Windows\system32\twinui.dll+5f36c|C:\Windows\system32\twinui.dll+1ef9a|C:\Windows\system32\twinui.dll+48799|C:\Windows\system32\twinui.dll+488db|C:\Windows\system32\twinui.dll+4885d|C:\Windows\System32\USER32.dll+15c1d|C:\Windows\System32\USER32.dll+15612|C:\Windows\System32\windows.immersiveshell.serviceprovider.dll+4860|C:\Windows\System32\windows.immersiveshell.serviceprovider.dll+4429|C:\Windows\System32\windows.immersiveshell.serviceprovider.dll+40bf|C:\Windows\System32\KERNEL32.DLL+17c24|C:\Windows\SYSTEM32\ntdll.dll+6d721,,,,,,,,,,,,,,,,,,,,,,,,,,,,,,,,,,,,,,,,,,,,,,,,,,,,,,,,,,,,,,,,,,,,,,,,,,,,,,,,,,,,,0,0,0,0,0,0,3,True
2021-06-12 01:07:33,1239,Microsoft-Windows-Sysmon,{5770385f-c22a-43e0-bf4c-06f5698ffbd9},4,0x8000000000000000,Microsoft-Windows-Sysmon/Operational,WORKSTATION5,2021-06-11T09:07:33.296Z,2021-06-11T09:07:33.296Z,10,"Process accessed:
RuleName: -
UtcTime: 2021-06-12 01:07:33.290
SourceProcessGUID: {e2c04bb9-a70e-60c3-0d61-390000000000}
SourceProcessId: 1320
SourceThreadId: 7300
SourceImage: C:\Windows\Explorer.EXE
TargetProcessGUID: {e2c04bb9-08d5-60c4-8909-000000000300}
TargetProcessId: 8232
TargetImage: C:\Windows\system32\conhost.exe
GrantedAccess: 0x1000
CallTrace: C:\Windows\SYSTEM32\ntdll.dll+9d364|C:\Windows\System32\KERNELBASE.dll+305ee|C:\Windows\SYSTEM32\TWINAPI.dll+2f93|C:\Windows\system32\twinui.pcshell.dll+22320|C:\Windows\system32\twinui.pcshell.dll+21b22|C:\Windows\system32\twinui.dll+5f85b|C:\Windows\system32\twinui.dll+5f36c|C:\Windows\system32\twinui.dll+1ef9a|C:\Windows\system32\twinui.dll+48799|C:\Windows\system32\twinui.dll+488db|C:\Windows\system32\twinui.dll+4885d|C:\Windows\System32\USER32.dll+15c1d|C:\Windows\System32\USER32.dll+15612|C:\Windows\System32\windows.immersiveshell.serviceprovider.dll+4860|C:\Windows\System32\windows.immersiveshell.serviceprovider.dll+4429|C:\Windows\System32\windows.immersiveshell.serviceprovider.dll+40bf|C:\Windows\System32\KERNEL32.DLL+17c24|C:\Windows\SYSTEM32\ntdll.dll+6d721",10,-,,0,,,,,,,,,,,,,,,,,,,{e2c04bb9-a70e-60c3-0d61-390000000000},1320,7300.0,C:\Windows\Explorer.EXE,{e2c04bb9-08d5-60c4-8909-000000000300},8232,C:\Windows\system32\conhost.exe,0x1000,C:\Windows\SYSTEM32\ntdll.dll+9d364|C:\Windows\System32\KERNELBASE.dll+305ee|C:\Windows\SYSTEM32\TWINAPI.dll+2f93|C:\Windows\system32\twinui.pcshell.dll+22320|C:\Windows\system32\twinui.pcshell.dll+21b22|C:\Windows\system32\twinui.dll+5f85b|C:\Windows\system32\twinui.dll+5f36c|C:\Windows\system32\twinui.dll+1ef9a|C:\Windows\system32\twinui.dll+48799|C:\Windows\system32\twinui.dll+488db|C:\Windows\system32\twinui.dll+4885d|C:\Windows\System32\USER32.dll+15c1d|C:\Windows\System32\USER32.dll+15612|C:\Windows\System32\windows.immersiveshell.serviceprovider.dll+4860|C:\Windows\System32\windows.immersiveshell.serviceprovider.dll+4429|C:\Windows\System32\windows.immersiveshell.serviceprovider.dll+40bf|C:\Windows\System32\KERNEL32.DLL+17c24|C:\Windows\SYSTEM32\ntdll.dll+6d721,,,,,,,,,,,,,,,,,,,,,,,,,,,,,,,,,,,,,,,,,,,,,,,,,,,,,,,,,,,,,,,,,,,,,,,,,,,,,,,,,,,,,0,0,0,0,0,0,3,True
2021-06-12 01:07:33,1238,Microsoft-Windows-Sysmon,{5770385f-c22a-43e0-bf4c-06f5698ffbd9},4,0x8000000000000000,Microsoft-Windows-Sysmon/Operational,WORKSTATION5,2021-06-11T09:07:33.296Z,2021-06-11T09:07:33.296Z,10,"Process accessed:
RuleName: -
UtcTime: 2021-06-12 01:07:33.290
SourceProcessGUID: {e2c04bb9-a70e-60c3-0d61-390000000000}
SourceProcessId: 1320
SourceThreadId: 7300
SourceImage: C:\Windows\Explorer.EXE
TargetProcessGUID: {e2c04bb9-08d5-60c4-8909-000000000300}
TargetProcessId: 8232
TargetImage: C:\Windows\system32\conhost.exe
GrantedAccess: 0x1000
CallTrace: C:\Windows\SYSTEM32\ntdll.dll+9d364|C:\Windows\System32\KERNELBASE.dll+305ee|C:\Windows\SYSTEM32\TWINAPI.dll+2f93|C:\Windows\system32\twinui.pcshell.dll+22320|C:\Windows\system32\twinui.pcshell.dll+21b22|C:\Windows\system32\twinui.dll+5f85b|C:\Windows\system32\twinui.dll+5f36c|C:\Windows\system32\twinui.dll+1ef9a|C:\Windows\system32\twinui.dll+48799|C:\Windows\system32\twinui.dll+488db|C:\Windows\system32\twinui.dll+4885d|C:\Windows\System32\USER32.dll+15c1d|C:\Windows\System32\USER32.dll+15612|C:\Windows\System32\windows.immersiveshell.serviceprovider.dll+4860|C:\Windows\System32\windows.immersiveshell.serviceprovider.dll+4429|C:\Windows\System32\windows.immersiveshell.serviceprovider.dll+40bf|C:\Windows\System32\KERNEL32.DLL+17c24|C:\Windows\SYSTEM32\ntdll.dll+6d721",10,-,,0,,,,,,,,,,,,,,,,,,,{e2c04bb9-a70e-60c3-0d61-390000000000},1320,7300.0,C:\Windows\Explorer.EXE,{e2c04bb9-08d5-60c4-8909-000000000300},8232,C:\Windows\system32\conhost.exe,0x1000,C:\Windows\SYSTEM32\ntdll.dll+9d364|C:\Windows\System32\KERNELBASE.dll+305ee|C:\Windows\SYSTEM32\TWINAPI.dll+2f93|C:\Windows\system32\twinui.pcshell.dll+22320|C:\Windows\system32\twinui.pcshell.dll+21b22|C:\Windows\system32\twinui.dll+5f85b|C:\Windows\system32\twinui.dll+5f36c|C:\Windows\system32\twinui.dll+1ef9a|C:\Windows\system32\twinui.dll+48799|C:\Windows\system32\twinui.dll+488db|C:\Windows\system32\twinui.dll+4885d|C:\Windows\System32\USER32.dll+15c1d|C:\Windows\System32\USER32.dll+15612|C:\Windows\System32\windows.immersiveshell.serviceprovider.dll+4860|C:\Windows\System32\windows.immersiveshell.serviceprovider.dll+4429|C:\Windows\System32\windows.immersiveshell.serviceprovider.dll+40bf|C:\Windows\System32\KERNEL32.DLL+17c24|C:\Windows\SYSTEM32\ntdll.dll+6d721,,,,,,,,,,,,,,,,,,,,,,,,,,,,,,,,,,,,,,,,,,,,,,,,,,,,,,,,,,,,,,,,,,,,,,,,,,,,,,,,,,,,,0,0,0,0,0,0,3,True
2021-06-12 01:07:33,1237,Microsoft-Windows-Sysmon,{5770385f-c22a-43e0-bf4c-06f5698ffbd9},4,0x8000000000000000,Microsoft-Windows-Sysmon/Operational,WORKSTATION5,2021-06-11T09:07:33.295Z,2021-06-11T09:07:33.295Z,7,"Image loaded:
RuleName: -
UtcTime: 2021-06-12 01:07:33.290
ProcessGuid: {e2c04bb9-08d5-60c4-8909-000000000300}
ProcessId: 8232
Image: C:\Windows\System32\conhost.exe
ImageLoaded: C:\Windows\System32\oleaut32.dll
FileVersion: 10.0.18362.1556 (WinBuild.160101.0800)
Description: OLEAUT32.DLL
Product: Microsoft® Windows® Operating System
Company: Microsoft Corporation
OriginalFileName: OLEAUT32.DLL
Hashes: SHA1=E4FACBE20F7674E8FB37E0598395A710F827831D,MD5=7D5D02B24943D270513DA3F0405FA40E,SHA256=62F71A230DBD493B2D2F53BBCC7CDB365C7381FD297FF805F044CF07A29E8FF6,IMPHASH=F010E2DB51A2E86CCF6052A1ACC0854F
Signed: true
Signature: Microsoft Windows
SignatureStatus: Valid",7,-,{e2c04bb9-08d5-60c4-8909-000000000300},8232,C:\Windows\System32\conhost.exe,10.0.18362.1556 (WinBuild.160101.0800),OLEAUT32.DLL,Microsoft® Windows® Operating System,Microsoft Corporation,OLEAUT32.DLL,,,,,,,,"SHA1=E4FACBE20F7674E8FB37E0598395A710F827831D,MD5=7D5D02B24943D270513DA3F0405FA40E,SHA256=62F71A230DBD493B2D2F53BBCC7CDB365C7381FD297FF805F044CF07A29E8FF6,IMPHASH=F010E2DB51A2E86CCF6052A1ACC0854F",,,,,,,,,,,,,,C:\Windows\System32\oleaut32.dll,True,Microsoft Windows,Valid,,,,,,,,,,,,,,,,,,,,,,,,,,,,,,,,,,,,,,,,,,,,,,,,,,,,,,,,,,,,,,,,,,,,,,,,,,,,,,,,,0,0,0,0,0,0,2,True
2021-06-12 01:07:33,1236,Microsoft-Windows-Sysmon,{5770385f-c22a-43e0-bf4c-06f5698ffbd9},4,0x8000000000000000,Microsoft-Windows-Sysmon/Operational,WORKSTATION5,2021-06-11T09:07:33.294Z,2021-06-11T09:07:33.294Z,7,"Image loaded:
RuleName: -
UtcTime: 2021-06-12 01:07:33.290
ProcessGuid: {e2c04bb9-08d5-60c4-8909-000000000300}
ProcessId: 8232
Image: C:\Windows\System32\conhost.exe
ImageLoaded: C:\Windows\System32\msctf.dll
FileVersion: 10.0.18362.1350 (WinBuild.160101.0800)
Description: MSCTF Server DLL
Product: Microsoft® Windows® Operating System
Company: Microsoft Corporation
OriginalFileName: MSCTF.DLL
Hashes: SHA1=CA97944441D4AB0CEA335E5460CE75CEDB5E2F9D,MD5=346A324DDC99D2C3006162EC00327EFA,SHA256=E9E1E3FA65DBA9AAB58FDBFB7A133ABDCE7859983EA37C846858BCB393A4BFD0,IMPHASH=AFB20639D1E130E9794035B64995B7E0
Signed: true
Signature: Microsoft Windows
SignatureStatus: Valid",7,-,{e2c04bb9-08d5-60c4-8909-000000000300},8232,C:\Windows\System32\conhost.exe,10.0.18362.1350 (WinBuild.160101.0800),MSCTF Server DLL,Microsoft® Windows® Operating System,Microsoft Corporation,MSCTF.DLL,,,,,,,,"SHA1=CA97944441D4AB0CEA335E5460CE75CEDB5E2F9D,MD5=346A324DDC99D2C3006162EC00327EFA,SHA256=E9E1E3FA65DBA9AAB58FDBFB7A133ABDCE7859983EA37C846858BCB393A4BFD0,IMPHASH=AFB20639D1E130E9794035B64995B7E0",,,,,,,,,,,,,,C:\Windows\System32\msctf.dll,True,Microsoft Windows,Valid,,,,,,,,,,,,,,,,,,,,,,,,,,,,,,,,,,,,,,,,,,,,,,,,,,,,,,,,,,,,,,,,,,,,,,,,,,,,,,,,,0,0,0,0,0,0,2,True
2021-06-12 01:07:33,1235,Microsoft-Windows-Sysmon,{5770385f-c22a-43e0-bf4c-06f5698ffbd9},4,0x8000000000000000,Microsoft-Windows-Sysmon/Operational,WORKSTATION5,2021-06-11T09:07:33.292Z,2021-06-11T09:07:33.292Z,13,"Registry value set:
RuleName: -
EventType: SetValue
UtcTime: 2021-06-12 01:07:33.290
ProcessGuid: {e2c04bb9-a70e-60c3-0d61-390000000000}
ProcessId: 1320
Image: C:\Windows\Explorer.EXE
TargetObject: HKU\S-1-5-21-315269454-3320600716-4144796452-500\Software\Microsoft\Windows\CurrentVersion\Explorer\SessionInfo\2\ApplicationViewManagement\W32:00000000000E0506\VirtualDesktop
Details: Binary Data",13,-,{e2c04bb9-a70e-60c3-0d61-390000000000},1320,C:\Windows\Explorer.EXE,,,,,,,,,,,,,,,,,,,,,,,,,,,,,,,,,,SetValue,HKU\S-1-5-21-315269454-3320600716-4144796452-500\Software\Microsoft\Windows\CurrentVersion\Explorer\SessionInfo\2\ApplicationViewManagement\W32:00000000000E0506\VirtualDesktop,Binary Data,,,,,,,,,,,,,,,,,,,,,,,,,,,,,,,,,,,,,,,,,,,,,,,,,,,,,,,,,,,,,,,,,,,,,,,,,,,0,0,0,0,1,0,3,True
2021-06-12 01:07:33,1234,Microsoft-Windows-Sysmon,{5770385f-c22a-43e0-bf4c-06f5698ffbd9},4,0x8000000000000000,Microsoft-Windows-Sysmon/Operational,WORKSTATION5,2021-06-11T09:07:33.292Z,2021-06-11T09:07:33.292Z,12,"Registry object added or deleted:
RuleName: -
EventType: CreateKey
UtcTime: 2021-06-12 01:07:33.290
ProcessGuid: {e2c04bb9-a70e-60c3-0d61-390000000000}
ProcessId: 1320
Image: C:\Windows\Explorer.EXE
TargetObject: HKU\S-1-5-21-315269454-3320600716-4144796452-500\Software\Microsoft\Windows\CurrentVersion\Explorer\SessionInfo\2\ApplicationViewManagement\W32:00000000000E0506",12,-,{e2c04bb9-a70e-60c3-0d61-390000000000},1320,C:\Windows\Explorer.EXE,,,,,,,,,,,,,,,,,,,,,,,,,,,,,,,,,,CreateKey,HKU\S-1-5-21-315269454-3320600716-4144796452-500\Software\Microsoft\Windows\CurrentVersion\Explorer\SessionInfo\2\ApplicationViewManagement\W32:00000000000E0506,,,,,,,,,,,,,,,,,,,,,,,,,,,,,,,,,,,,,,,,,,,,,,,,,,,,,,,,,,,,,,,,,,,,,,,,,,,,0,0,0,1,1,0,3,True
2021-06-12 01:07:33,1233,Microsoft-Windows-Sysmon,{5770385f-c22a-43e0-bf4c-06f5698ffbd9},4,0x8000000000000000,Microsoft-Windows-Sysmon/Operational,WORKSTATION5,2021-06-11T09:07:33.284Z,2021-06-11T09:07:33.284Z,10,"Process accessed:
RuleName: -
UtcTime: 2021-06-12 01:07:33.275
SourceProcessGUID: {e2c04bb9-a3ee-60c3-5200-000000000300}
SourceProcessId: 2312
SourceThreadId: 3676
SourceImage: C:\Windows\System32\svchost.exe
TargetProcessGUID: {e2c04bb9-08d5-60c4-8909-000000000300}
TargetProcessId: 8232
TargetImage: C:\Windows\system32\conhost.exe
GrantedAccess: 0x1400
CallTrace: C:\Windows\SYSTEM32\ntdll.dll+9d364|c:\windows\system32\themeservice.dll+1d60|c:\windows\system32\themeservice.dll+1595|c:\windows\system32\themeservice.dll+1461|c:\windows\system32\themeservice.dll+1886|C:\Windows\SYSTEM32\ntdll.dll+2f655|C:\Windows\SYSTEM32\ntdll.dll+345b4|C:\Windows\System32\KERNEL32.DLL+17c24|C:\Windows\SYSTEM32\ntdll.dll+6d721",10,-,,0,,,,,,,,,,,,,,,,,,,{e2c04bb9-a3ee-60c3-5200-000000000300},2312,3676.0,C:\Windows\System32\svchost.exe,{e2c04bb9-08d5-60c4-8909-000000000300},8232,C:\Windows\system32\conhost.exe,0x1400,C:\Windows\SYSTEM32\ntdll.dll+9d364|c:\windows\system32\themeservice.dll+1d60|c:\windows\system32\themeservice.dll+1595|c:\windows\system32\themeservice.dll+1461|c:\windows\system32\themeservice.dll+1886|C:\Windows\SYSTEM32\ntdll.dll+2f655|C:\Windows\SYSTEM32\ntdll.dll+345b4|C:\Windows\System32\KERNEL32.DLL+17c24|C:\Windows\SYSTEM32\ntdll.dll+6d721,,,,,,,,,,,,,,,,,,,,,,,,,,,,,,,,,,,,,,,,,,,,,,,,,,,,,,,,,,,,,,,,,,,,,,,,,,,,,,,,,,,,,0,0,0,1,1,0,3,True
2021-06-12 01:07:33,1232,Microsoft-Windows-Sysmon,{5770385f-c22a-43e0-bf4c-06f5698ffbd9},4,0x8000000000000000,Microsoft-Windows-Sysmon/Operational,WORKSTATION5,2021-06-11T09:07:33.283Z,2021-06-11T09:07:33.283Z,10,"Process accessed:
RuleName: -
UtcTime: 2021-06-12 01:07:33.275
SourceProcessGUID: {e2c04bb9-a3ee-60c3-5200-000000000300}
SourceProcessId: 2312
SourceThreadId: 2396
SourceImage: C:\Windows\System32\svchost.exe
TargetProcessGUID: {e2c04bb9-08d5-60c4-8909-000000000300}
TargetProcessId: 8232
TargetImage: C:\Windows\system32\conhost.exe
GrantedAccess: 0x1478
CallTrace: C:\Windows\SYSTEM32\ntdll.dll+9d364|c:\windows\system32\themeservice.dll+1a9a|c:\windows\system32\themeservice.dll+1736|c:\windows\system32\themeservice.dll+6026|c:\windows\system32\themeservice.dll+ad9a|c:\windows\system32\themeservice.dll+9dcf|C:\Windows\System32\svchost.exe+314c|C:\Windows\System32\sechost.dll+2de2|C:\Windows\System32\KERNEL32.DLL+17c24|C:\Windows\SYSTEM32\ntdll.dll+6d721",10,-,,0,,,,,,,,,,,,,,,,,,,{e2c04bb9-a3ee-60c3-5200-000000000300},2312,2396.0,C:\Windows\System32\svchost.exe,{e2c04bb9-08d5-60c4-8909-000000000300},8232,C:\Windows\system32\conhost.exe,0x1478,C:\Windows\SYSTEM32\ntdll.dll+9d364|c:\windows\system32\themeservice.dll+1a9a|c:\windows\system32\themeservice.dll+1736|c:\windows\system32\themeservice.dll+6026|c:\windows\system32\themeservice.dll+ad9a|c:\windows\system32\themeservice.dll+9dcf|C:\Windows\System32\svchost.exe+314c|C:\Windows\System32\sechost.dll+2de2|C:\Windows\System32\KERNEL32.DLL+17c24|C:\Windows\SYSTEM32\ntdll.dll+6d721,,,,,,,,,,,,,,,,,,,,,,,,,,,,,,,,,,,,,,,,,,,,,,,,,,,,,,,,,,,,,,,,,,,,,,,,,,,,,,,,,,,,,0,0,0,1,1,0,3,True
2021-06-12 01:07:33,1231,Microsoft-Windows-Sysmon,{5770385f-c22a-43e0-bf4c-06f5698ffbd9},4,0x8000000000000000,Microsoft-Windows-Sysmon/Operational,WORKSTATION5,2021-06-11T09:07:33.281Z,2021-06-11T09:07:33.281Z,7,"Image loaded:
RuleName: -
UtcTime: 2021-06-12 01:07:33.275
ProcessGuid: {e2c04bb9-08d5-60c4-8909-000000000300}
ProcessId: 8232
Image: C:\Windows\System32\conhost.exe
ImageLoaded: C:\Windows\System32\uxtheme.dll
FileVersion: 10.0.18362.1316 (WinBuild.160101.0800)
Description: Microsoft UxTheme Library
Product: Microsoft® Windows® Operating System
Company: Microsoft Corporation
OriginalFileName: UxTheme.dll
Hashes: SHA1=419424D247449FB8F2E504279EA793AC6DA4F80F,MD5=FD3829CD9D5AE4C987D99106A980A7A0,SHA256=EB66402E06FDCD7DF48943DDF276ED01516222B0B1293EF007D898163C87B9AD,IMPHASH=64BAD10B75B987F62BF08E1852DE4022
Signed: true
Signature: Microsoft Windows
SignatureStatus: Valid",7,-,{e2c04bb9-08d5-60c4-8909-000000000300},8232,C:\Windows\System32\conhost.exe,10.0.18362.1316 (WinBuild.160101.0800),Microsoft UxTheme Library,Microsoft® Windows® Operating System,Microsoft Corporation,UxTheme.dll,,,,,,,,"SHA1=419424D247449FB8F2E504279EA793AC6DA4F80F,MD5=FD3829CD9D5AE4C987D99106A980A7A0,SHA256=EB66402E06FDCD7DF48943DDF276ED01516222B0B1293EF007D898163C87B9AD,IMPHASH=64BAD10B75B987F62BF08E1852DE4022",,,,,,,,,,,,,,C:\Windows\System32\uxtheme.dll,True,Microsoft Windows,Valid,,,,,,,,,,,,,,,,,,,,,,,,,,,,,,,,,,,,,,,,,,,,,,,,,,,,,,,,,,,,,,,,,,,,,,,,,,,,,,,,,0,0,0,1,1,0,3,True
2021-06-12 01:07:33,1230,Microsoft-Windows-Sysmon,{5770385f-c22a-43e0-bf4c-06f5698ffbd9},4,0x8000000000000000,Microsoft-Windows-Sysmon/Operational,WORKSTATION5,2021-06-11T09:07:33.280Z,2021-06-11T09:07:33.280Z,7,"Image loaded:
RuleName: -
UtcTime: 2021-06-12 01:07:33.275
ProcessGuid: {e2c04bb9-08d5-60c4-8909-000000000300}
ProcessId: 8232
Image: C:\Windows\System32\conhost.exe
ImageLoaded: C:\Windows\System32\cryptsp.dll
FileVersion: 10.0.18362.1 (WinBuild.160101.0800)
Description: Cryptographic Service Provider API
Product: Microsoft® Windows® Operating System
Company: Microsoft Corporation
OriginalFileName: cryptsp.dll
Hashes: SHA1=90F229FB5DB52DF3604195B10C48E946684929ED,MD5=ACE18C6797090A1AA259BB8713917F98,SHA256=F5E118F67745792909973717FAE1F9FE68B2619332A4451AD04E0C9072B8D605,IMPHASH=A9B9D04D0B53DC48ABB37BE77AD01B55
Signed: true
Signature: Microsoft Windows
SignatureStatus: Valid",7,-,{e2c04bb9-08d5-60c4-8909-000000000300},8232,C:\Windows\System32\conhost.exe,10.0.18362.1 (WinBuild.160101.0800),Cryptographic Service Provider API,Microsoft® Windows® Operating System,Microsoft Corporation,cryptsp.dll,,,,,,,,"SHA1=90F229FB5DB52DF3604195B10C48E946684929ED,MD5=ACE18C6797090A1AA259BB8713917F98,SHA256=F5E118F67745792909973717FAE1F9FE68B2619332A4451AD04E0C9072B8D605,IMPHASH=A9B9D04D0B53DC48ABB37BE77AD01B55",,,,,,,,,,,,,,C:\Windows\System32\cryptsp.dll,True,Microsoft Windows,Valid,,,,,,,,,,,,,,,,,,,,,,,,,,,,,,,,,,,,,,,,,,,,,,,,,,,,,,,,,,,,,,,,,,,,,,,,,,,,,,,,,0,0,0,1,0,0,3,True
2021-06-12 01:07:33,1229,Microsoft-Windows-Sysmon,{5770385f-c22a-43e0-bf4c-06f5698ffbd9},4,0x8000000000000000,Microsoft-Windows-Sysmon/Operational,WORKSTATION5,2021-06-11T09:07:33.280Z,2021-06-11T09:07:33.280Z,7,"Image loaded:
RuleName: -
UtcTime: 2021-06-12 01:07:33.275
ProcessGuid: {e2c04bb9-08d5-60c4-8909-000000000300}
ProcessId: 8232
Image: C:\Windows\System32\conhost.exe
ImageLoaded: C:\Windows\System32\kernel.appcore.dll
FileVersion: 10.0.18362.1171 (WinBuild.160101.0800)
Description: AppModel API Host
Product: Microsoft® Windows® Operating System
Company: Microsoft Corporation
OriginalFileName: kernel.appcore.dll
Hashes: SHA1=C1E0E25EF55C0F5BE9645224CB9DAD10AA2F05E3,MD5=3A7BEA62F96DF24AFD2226F5F723BF41,SHA256=89C7230E99A8D1F78C91649828500414344FF0162BD4636B376004C445610F85,IMPHASH=639D16ACD736EAE912B88E985A0A7A0F
Signed: true
Signature: Microsoft Windows
SignatureStatus: Valid",7,-,{e2c04bb9-08d5-60c4-8909-000000000300},8232,C:\Windows\System32\conhost.exe,10.0.18362.1171 (WinBuild.160101.0800),AppModel API Host,Microsoft® Windows® Operating System,Microsoft Corporation,kernel.appcore.dll,,,,,,,,"SHA1=C1E0E25EF55C0F5BE9645224CB9DAD10AA2F05E3,MD5=3A7BEA62F96DF24AFD2226F5F723BF41,SHA256=89C7230E99A8D1F78C91649828500414344FF0162BD4636B376004C445610F85,IMPHASH=639D16ACD736EAE912B88E985A0A7A0F",,,,,,,,,,,,,,C:\Windows\System32\kernel.appcore.dll,True,Microsoft Windows,Valid,,,,,,,,,,,,,,,,,,,,,,,,,,,,,,,,,,,,,,,,,,,,,,,,,,,,,,,,,,,,,,,,,,,,,,,,,,,,,,,,,0,0,0,0,0,0,2,True
2021-06-12 01:07:33,1228,Microsoft-Windows-Sysmon,{5770385f-c22a-43e0-bf4c-06f5698ffbd9},4,0x8000000000000000,Microsoft-Windows-Sysmon/Operational,WORKSTATION5,2021-06-11T09:07:33.279Z,2021-06-11T09:07:33.279Z,7,"Image loaded:
RuleName: -
UtcTime: 2021-06-12 01:07:33.275
ProcessGuid: {e2c04bb9-08d5-60c4-8909-000000000300}
ProcessId: 8232
Image: C:\Windows\System32\conhost.exe
ImageLoaded: C:\Windows\System32\shlwapi.dll
FileVersion: 10.0.18362.1316 (WinBuild.160101.0800)
Description: Shell Light-weight Utility Library
Product: Microsoft® Windows® Operating System
Company: Microsoft Corporation
OriginalFileName: SHLWAPI.DLL
Hashes: SHA1=65C23F4CB9860EEBA253353C6738B45D52CE19F6,MD5=7CADEDFCEABF9D8B4B932FAB9364BA40,SHA256=CE3C1AB6E980D750C70ED7EB533BA9E1BF194033797ACC507F5B766FEEEC1FCB,IMPHASH=6659A49ABF33952444C5A7FA22FD9032
Signed: true
Signature: Microsoft Windows
SignatureStatus: Valid",7,-,{e2c04bb9-08d5-60c4-8909-000000000300},8232,C:\Windows\System32\conhost.exe,10.0.18362.1316 (WinBuild.160101.0800),Shell Light-weight Utility Library,Microsoft® Windows® Operating System,Microsoft Corporation,SHLWAPI.DLL,,,,,,,,"SHA1=65C23F4CB9860EEBA253353C6738B45D52CE19F6,MD5=7CADEDFCEABF9D8B4B932FAB9364BA40,SHA256=CE3C1AB6E980D750C70ED7EB533BA9E1BF194033797ACC507F5B766FEEEC1FCB,IMPHASH=6659A49ABF33952444C5A7FA22FD9032",,,,,,,,,,,,,,C:\Windows\System32\shlwapi.dll,True,Microsoft Windows,Valid,,,,,,,,,,,,,,,,,,,,,,,,,,,,,,,,,,,,,,,,,,,,,,,,,,,,,,,,,,,,,,,,,,,,,,,,,,,,,,,,,0,0,0,0,0,0,2,True
2021-06-12 01:07:33,1227,Microsoft-Windows-Sysmon,{5770385f-c22a-43e0-bf4c-06f5698ffbd9},4,0x8000000000000000,Microsoft-Windows-Sysmon/Operational,WORKSTATION5,2021-06-11T09:07:33.278Z,2021-06-11T09:07:33.278Z,7,"Image loaded:
RuleName: -
UtcTime: 2021-06-12 01:07:33.275
ProcessGuid: {e2c04bb9-08d5-60c4-8909-000000000300}
ProcessId: 8232
Image: C:\Windows\System32\conhost.exe
ImageLoaded: C:\Windows\System32\umpdc.dll
FileVersion: -
Description: -
Product: -
Company: -
OriginalFileName: -
Hashes: SHA1=6ABB78FB1614C12E3E9FFF3DE98B0E13E79201D9,MD5=B9A75ED4500DD953DF172FE6F63578E8,SHA256=709B99BA1DFEF6D9B2483F37D242B12F29B1E1ADE13E338B4D7041C55B55204B,IMPHASH=5A0FF5293A05BFEBAE6F2C9C302FC5E7
Signed: true
Signature: Microsoft Windows
SignatureStatus: Valid",7,-,{e2c04bb9-08d5-60c4-8909-000000000300},8232,C:\Windows\System32\conhost.exe,-,-,-,-,-,,,,,,,,"SHA1=6ABB78FB1614C12E3E9FFF3DE98B0E13E79201D9,MD5=B9A75ED4500DD953DF172FE6F63578E8,SHA256=709B99BA1DFEF6D9B2483F37D242B12F29B1E1ADE13E338B4D7041C55B55204B,IMPHASH=5A0FF5293A05BFEBAE6F2C9C302FC5E7",,,,,,,,,,,,,,C:\Windows\System32\umpdc.dll,True,Microsoft Windows,Valid,,,,,,,,,,,,,,,,,,,,,,,,,,,,,,,,,,,,,,,,,,,,,,,,,,,,,,,,,,,,,,,,,,,,,,,,,,,,,,,,,0,0,0,0,0,0,1,True
2021-06-12 01:07:33,1202,Microsoft-Windows-Sysmon,{5770385f-c22a-43e0-bf4c-06f5698ffbd9},4,0x8000000000000000,Microsoft-Windows-Sysmon/Operational,WORKSTATION5,2021-06-11T09:07:33.267Z,2021-06-11T09:07:33.267Z,10,"Process accessed:
RuleName: -
UtcTime: 2021-06-12 01:07:33.259
SourceProcessGUID: {e2c04bb9-08d5-60c4-8909-000000000300}
SourceProcessId: 8232
SourceThreadId: 9024
SourceImage: C:\Windows\system32\conhost.exe
TargetProcessGUID: {e2c04bb9-08d5-60c4-8709-000000000300}
TargetProcessId: 512
TargetImage: C:\TMP\CreateNamedPipe.exe
GrantedAccess: 0x1FFFFF
CallTrace: C:\Windows\SYSTEM32\ntdll.dll+9d364|C:\Windows\System32\KERNELBASE.dll+305ee|C:\Windows\system32\conhost.exe+1297d|C:\Windows\system32\conhost.exe+12875|C:\Windows\system32\conhost.exe+8ccc|C:\Windows\system32\conhost.exe+f656|C:\Windows\System32\KERNEL32.DLL+17c24|C:\Windows\SYSTEM32\ntdll.dll+6d721",10,-,,0,,,,,,,,,,,,,,,,,,,{e2c04bb9-08d5-60c4-8909-000000000300},8232,9024.0,C:\Windows\system32\conhost.exe,{e2c04bb9-08d5-60c4-8709-000000000300},512,C:\TMP\CreateNamedPipe.exe,0x1fffff,C:\Windows\SYSTEM32\ntdll.dll+9d364|C:\Windows\System32\KERNELBASE.dll+305ee|C:\Windows\system32\conhost.exe+1297d|C:\Windows\system32\conhost.exe+12875|C:\Windows\system32\conhost.exe+8ccc|C:\Windows\system32\conhost.exe+f656|C:\Windows\System32\KERNEL32.DLL+17c24|C:\Windows\SYSTEM32\ntdll.dll+6d721,,,,,,,,,,,,,,,,,,,,,,,,,,,,,,,,,,,,,,,,,,,,,,,,,,,,,,,,,,,,,,,,,,,,,,,,,,,,,,,,,,,,,0,0,0,0,0,0,2,True
2021-06-12 01:07:33,1225,Microsoft-Windows-Sysmon,{5770385f-c22a-43e0-bf4c-06f5698ffbd9},4,0x8000000000000000,Microsoft-Windows-Sysmon/Operational,WORKSTATION5,2021-06-11T09:07:33.277Z,2021-06-11T09:07:33.277Z,7,"Image loaded:
RuleName: -
UtcTime: 2021-06-12 01:07:33.275
ProcessGuid: {e2c04bb9-08d5-60c4-8909-000000000300}
ProcessId: 8232
Image: C:\Windows\System32\conhost.exe
ImageLoaded: C:\Windows\System32\powrprof.dll
FileVersion: 10.0.18362.1 (WinBuild.160101.0800)
Description: Power Profile Helper DLL
Product: Microsoft® Windows® Operating System
Company: Microsoft Corporation
OriginalFileName: POWRPROF.DLL
Hashes: SHA1=30D5ADBC0664977C27B65622F514632581C9AF45,MD5=07B027B1E0B775FAE815E487F28137B9,SHA256=21358CE9A416C7F6DB063095102E91F014BDB85B08A4E783E17234792C9B483A,IMPHASH=817FF4748665EB442F0081A91349F764
Signed: true
Signature: Microsoft Windows
SignatureStatus: Valid",7,-,{e2c04bb9-08d5-60c4-8909-000000000300},8232,C:\Windows\System32\conhost.exe,10.0.18362.1 (WinBuild.160101.0800),Power Profile Helper DLL,Microsoft® Windows® Operating System,Microsoft Corporation,POWRPROF.DLL,,,,,,,,"SHA1=30D5ADBC0664977C27B65622F514632581C9AF45,MD5=07B027B1E0B775FAE815E487F28137B9,SHA256=21358CE9A416C7F6DB063095102E91F014BDB85B08A4E783E17234792C9B483A,IMPHASH=817FF4748665EB442F0081A91349F764",,,,,,,,,,,,,,C:\Windows\System32\powrprof.dll,True,Microsoft Windows,Valid,,,,,,,,,,,,,,,,,,,,,,,,,,,,,,,,,,,,,,,,,,,,,,,,,,,,,,,,,,,,,,,,,,,,,,,,,,,,,,,,,0,0,0,0,0,0,2,True
2021-06-12 01:07:33,1224,Microsoft-Windows-Sysmon,{5770385f-c22a-43e0-bf4c-06f5698ffbd9},4,0x8000000000000000,Microsoft-Windows-Sysmon/Operational,WORKSTATION5,2021-06-11T09:07:33.276Z,2021-06-11T09:07:33.276Z,7,"Image loaded:
RuleName: -
UtcTime: 2021-06-12 01:07:33.275
ProcessGuid: {e2c04bb9-08d5-60c4-8809-000000000300}
ProcessId: 7764
Image: C:\Windows\System32\timeout.exe
ImageLoaded: C:\Windows\System32\version.dll
FileVersion: 10.0.18362.1 (WinBuild.160101.0800)
Description: Version Checking and File Installation Libraries
Product: Microsoft® Windows® Operating System
Company: Microsoft Corporation
OriginalFileName: VERSION.DLL
Hashes: SHA1=119724CC09BB52731D86A6B9F94003ED88E0E3FE,MD5=2C7C14627CFF3384C52E61D4DBD0ECC3,SHA256=41B4D85D84A86E41B948694B9B5F398A0D79F47629D6D969EB5B461D4F5D0347,IMPHASH=34340C2C4E9AA6EF6AD12BB695FC695B
Signed: true
Signature: Microsoft Windows
SignatureStatus: Valid",7,-,{e2c04bb9-08d5-60c4-8809-000000000300},7764,C:\Windows\System32\timeout.exe,10.0.18362.1 (WinBuild.160101.0800),Version Checking and File Installation Libraries,Microsoft® Windows® Operating System,Microsoft Corporation,VERSION.DLL,,,,,,,,"SHA1=119724CC09BB52731D86A6B9F94003ED88E0E3FE,MD5=2C7C14627CFF3384C52E61D4DBD0ECC3,SHA256=41B4D85D84A86E41B948694B9B5F398A0D79F47629D6D969EB5B461D4F5D0347,IMPHASH=34340C2C4E9AA6EF6AD12BB695FC695B",,,,,,,,,,,,,,C:\Windows\System32\version.dll,True,Microsoft Windows,Valid,,,,,,,,,,,,,,,,,,,,,,,,,,,,,,,,,,,,,,,,,,,,,,,,,,,,,,,,,,,,,,,,,,,,,,,,,,,,,,,,,0,0,0,0,0,0,3,True
2021-06-12 01:07:33,1222,Microsoft-Windows-Sysmon,{5770385f-c22a-43e0-bf4c-06f5698ffbd9},4,0x8000000000000000,Microsoft-Windows-Sysmon/Operational,WORKSTATION5,2021-06-11T09:07:33.276Z,2021-06-11T09:07:33.276Z,7,"Image loaded:
RuleName: -
UtcTime: 2021-06-12 01:07:33.275
ProcessGuid: {e2c04bb9-08d5-60c4-8909-000000000300}
ProcessId: 8232
Image: C:\Windows\System32\conhost.exe
ImageLoaded: C:\Windows\System32\windows.storage.dll
FileVersion: 10.0.18362.1533 (WinBuild.160101.0800)
Description: Microsoft WinRT Storage API
Product: Microsoft® Windows® Operating System
Company: Microsoft Corporation
OriginalFileName: Windows.Storage.dll
Hashes: SHA1=FAAADCF5AD1B1C9E324B8B175171C8A5A621A143,MD5=184AB67302566C249F389F6EFCB592CD,SHA256=34F95ABE3DE2A9BB70B506C03A7372E9454A9F7BBD71D881BF21119A067D6D4C,IMPHASH=4B8D6525CD698EACF6DDA38DCA56F0C5
Signed: true
Signature: Microsoft Windows
SignatureStatus: Valid",7,-,{e2c04bb9-08d5-60c4-8909-000000000300},8232,C:\Windows\System32\conhost.exe,10.0.18362.1533 (WinBuild.160101.0800),Microsoft WinRT Storage API,Microsoft® Windows® Operating System,Microsoft Corporation,Windows.Storage.dll,,,,,,,,"SHA1=FAAADCF5AD1B1C9E324B8B175171C8A5A621A143,MD5=184AB67302566C249F389F6EFCB592CD,SHA256=34F95ABE3DE2A9BB70B506C03A7372E9454A9F7BBD71D881BF21119A067D6D4C,IMPHASH=4B8D6525CD698EACF6DDA38DCA56F0C5",,,,,,,,,,,,,,C:\Windows\System32\windows.storage.dll,True,Microsoft Windows,Valid,,,,,,,,,,,,,,,,,,,,,,,,,,,,,,,,,,,,,,,,,,,,,,,,,,,,,,,,,,,,,,,,,,,,,,,,,,,,,,,,,0,0,0,0,0,0,3,True
2021-06-12 01:07:33,1201,Microsoft-Windows-Sysmon,{5770385f-c22a-43e0-bf4c-06f5698ffbd9},4,0x8000000000000000,Microsoft-Windows-Sysmon/Operational,WORKSTATION5,2021-06-11T09:07:33.267Z,2021-06-11T09:07:33.267Z,10,"Process accessed:
RuleName: -
UtcTime: 2021-06-12 01:07:33.259
SourceProcessGUID: {e2c04bb9-d0f0-60c3-0ae0-ec0000000000}
SourceProcessId: 5740
SourceThreadId: 5656
SourceImage: C:\Windows\system32\conhost.exe
TargetProcessGUID: {e2c04bb9-08d5-60c4-8809-000000000300}
TargetProcessId: 7764
TargetImage: C:\Windows\system32\timeout.exe
GrantedAccess: 0x1FFFFF
CallTrace: C:\Windows\SYSTEM32\ntdll.dll+9d364|C:\Windows\System32\KERNELBASE.dll+305ee|C:\Windows\system32\conhost.exe+1297d|C:\Windows\system32\conhost.exe+12875|C:\Windows\system32\conhost.exe+8ccc|C:\Windows\system32\conhost.exe+f656|C:\Windows\System32\KERNEL32.DLL+17c24|C:\Windows\SYSTEM32\ntdll.dll+6d721",10,-,,0,,,,,,,,,,,,,,,,,,,{e2c04bb9-d0f0-60c3-0ae0-ec0000000000},5740,5656.0,C:\Windows\system32\conhost.exe,{e2c04bb9-08d5-60c4-8809-000000000300},7764,C:\Windows\system32\timeout.exe,0x1fffff,C:\Windows\SYSTEM32\ntdll.dll+9d364|C:\Windows\System32\KERNELBASE.dll+305ee|C:\Windows\system32\conhost.exe+1297d|C:\Windows\system32\conhost.exe+12875|C:\Windows\system32\conhost.exe+8ccc|C:\Windows\system32\conhost.exe+f656|C:\Windows\System32\KERNEL32.DLL+17c24|C:\Windows\SYSTEM32\ntdll.dll+6d721,,,,,,,,,,,,,,,,,,,,,,,,,,,,,,,,,,,,,,,,,,,,,,,,,,,,,,,,,,,,,,,,,,,,,,,,,,,,,,,,,,,,,0,0,0,0,0,0,3,True
2021-06-12 01:07:33,1196,Microsoft-Windows-Sysmon,{5770385f-c22a-43e0-bf4c-06f5698ffbd9},4,0x8000000000000000,Microsoft-Windows-Sysmon/Operational,WORKSTATION5,2021-06-11T09:07:33.259Z,2021-06-11T09:07:33.259Z,7,"Image loaded:
RuleName: -
UtcTime: 2021-06-12 01:07:33.244
ProcessGuid: {e2c04bb9-08d5-60c4-8909-000000000300}
ProcessId: 8232
Image: C:\Windows\System32\conhost.exe
ImageLoaded: C:\Windows\System32\combase.dll
FileVersion: 10.0.18362.1500 (WinBuild.160101.0800)
Description: Microsoft COM for Windows
Product: Microsoft® Windows® Operating System
Company: Microsoft Corporation
OriginalFileName: COMBASE.DLL
Hashes: SHA1=EDFDBEF51F7D98203F8A5EDBBFFE8805107923ED,MD5=433110F4286BC2A4886BC9F1296C059C,SHA256=B091FA249211AD2D5BAD64BFA8E424055E8A73A40FBD5B60025B4728DFEA779B,IMPHASH=0663394E7C26DF14173E1B021223CC2E
Signed: true
Signature: Microsoft Windows
SignatureStatus: Valid",7,-,{e2c04bb9-08d5-60c4-8909-000000000300},8232,C:\Windows\System32\conhost.exe,10.0.18362.1500 (WinBuild.160101.0800),Microsoft COM for Windows,Microsoft® Windows® Operating System,Microsoft Corporation,COMBASE.DLL,,,,,,,,"SHA1=EDFDBEF51F7D98203F8A5EDBBFFE8805107923ED,MD5=433110F4286BC2A4886BC9F1296C059C,SHA256=B091FA249211AD2D5BAD64BFA8E424055E8A73A40FBD5B60025B4728DFEA779B,IMPHASH=0663394E7C26DF14173E1B021223CC2E",,,,,,,,,,,,,,C:\Windows\System32\combase.dll,True,Microsoft Windows,Valid,,,,,,,,,,,,,,,,,,,,,,,,,,,,,,,,,,,,,,,,,,,,,,,,,,,,,,,,,,,,,,,,,,,,,,,,,,,,,,,,,0,0,0,0,0,0,3,True
2021-06-12 01:07:33,1199,Microsoft-Windows-Sysmon,{5770385f-c22a-43e0-bf4c-06f5698ffbd9},4,0x8000000000000000,Microsoft-Windows-Sysmon/Operational,WORKSTATION5,2021-06-11T09:07:33.261Z,2021-06-11T09:07:33.261Z,7,"Image loaded:
RuleName: -
UtcTime: 2021-06-12 01:07:33.244
ProcessGuid: {e2c04bb9-08d5-60c4-8909-000000000300}
ProcessId: 8232
Image: C:\Windows\System32\conhost.exe
ImageLoaded: C:\Windows\System32\advapi32.dll
FileVersion: 10.0.18362.752 (WinBuild.160101.0800)
Description: Advanced Windows 32 Base API
Product: Microsoft® Windows® Operating System
Company: Microsoft Corporation
OriginalFileName: advapi32.dll
Hashes: SHA1=35C61DDE6F8F4ED05F9C4837E2B91C886CA79F82,MD5=EA4F6E7961B4A402F6F5EC33C655260A,SHA256=5E2D103E7E1FD7CA0492E541F082D274EF6259AF2158A3562986C796C5C869DD,IMPHASH=8EEA175C33205685FB8A14876D7564DB
Signed: true
Signature: Microsoft Windows
SignatureStatus: Valid",7,-,{e2c04bb9-08d5-60c4-8909-000000000300},8232,C:\Windows\System32\conhost.exe,10.0.18362.752 (WinBuild.160101.0800),Advanced Windows 32 Base API,Microsoft® Windows® Operating System,Microsoft Corporation,advapi32.dll,,,,,,,,"SHA1=35C61DDE6F8F4ED05F9C4837E2B91C886CA79F82,MD5=EA4F6E7961B4A402F6F5EC33C655260A,SHA256=5E2D103E7E1FD7CA0492E541F082D274EF6259AF2158A3562986C796C5C869DD,IMPHASH=8EEA175C33205685FB8A14876D7564DB",,,,,,,,,,,,,,C:\Windows\System32\advapi32.dll,True,Microsoft Windows,Valid,,,,,,,,,,,,,,,,,,,,,,,,,,,,,,,,,,,,,,,,,,,,,,,,,,,,,,,,,,,,,,,,,,,,,,,,,,,,,,,,,0,0,0,0,0,0,3,True
2021-06-12 01:07:33,1176,Microsoft-Windows-Sysmon,{5770385f-c22a-43e0-bf4c-06f5698ffbd9},4,0x8000000000000000,Microsoft-Windows-Sysmon/Operational,WORKSTATION5,2021-06-11T09:07:33.249Z,2021-06-11T09:07:33.249Z,1,"Process Create:
RuleName: -
UtcTime: 2021-06-12 01:07:33.248
ProcessGuid: {e2c04bb9-08d5-60c4-f17e-400100000000}
ProcessId: 7764
Image: C:\Windows\System32\timeout.exe
FileVersion: 10.0.18362.1 (WinBuild.160101.0800)
Description: timeout - pauses command processing
Product: Microsoft® Windows® Operating System
Company: Microsoft Corporation
OriginalFileName: timeout.exe
CommandLine: timeout  /t 5
CurrentDirectory: C:\Users\APT-Simulator\Documents\APTSimulator-master\
User: WORKSTATION5\APT-Simulator
LogonGuid: {e2c04bb9-a708-60c3-fb19-370000000000}
LogonId: 0x3719FB
TerminalSessionId: 2
IntegrityLevel: High
Hashes: SHA1=E2B2F5F95D5698EE1D67879BCDD71CC010607675,MD5=5045D3CA32F5E3582DA2D5EB84E56E2C,SHA256=EE3FB5E7FB6E9E8BA3039FF134BFACB760A2B238A87D67E8C3AA68D38A30A46F,IMPHASH=0C91A5CE0FB26F4C5CE39E340F43873B
ParentProcessGuid: {e2c04bb9-d0f0-60c3-48da-ec0000000000}
ParentProcessId: 5632
ParentImage: C:\Windows\System32\cmd.exe
ParentCommandLine: ""C:\Windows\system32\cmd.exe"" ",1,-,{e2c04bb9-08d5-60c4-f17e-400100000000},7764,C:\Windows\System32\timeout.exe,10.0.18362.1 (WinBuild.160101.0800),timeout - pauses command processing,Microsoft® Windows® Operating System,Microsoft Corporation,timeout.exe,timeout  /t 5,C:\Users\APT-Simulator\Documents\APTSimulator-master\,WORKSTATION5\APT-Simulator,{e2c04bb9-a708-60c3-fb19-370000000000},0x3719fb,2.0,High,"SHA1=E2B2F5F95D5698EE1D67879BCDD71CC010607675,MD5=5045D3CA32F5E3582DA2D5EB84E56E2C,SHA256=EE3FB5E7FB6E9E8BA3039FF134BFACB760A2B238A87D67E8C3AA68D38A30A46F,IMPHASH=0C91A5CE0FB26F4C5CE39E340F43873B",{e2c04bb9-d0f0-60c3-48da-ec0000000000},5632.0,C:\Windows\System32\cmd.exe,"""C:\Windows\system32\cmd.exe"" ",,,,,,,,,,,,,,,,,,,,,,,,,,,,,,,,,,,,,,,,,,,,,,,,,,,,,,,,,,,,,,,,,,,,,,,,,,,,,,,,,,,,,,,,,,,,,,1,0,0,0,0,0,3,True
2021-06-12 01:07:33,1175,Microsoft-Windows-Sysmon,{5770385f-c22a-43e0-bf4c-06f5698ffbd9},4,0x8000000000000000,Microsoft-Windows-Sysmon/Operational,WORKSTATION5,2021-06-11T09:07:33.248Z,2021-06-11T09:07:33.248Z,7,"Image loaded:
RuleName: -
UtcTime: 2021-06-12 01:07:33.244
ProcessGuid: {e2c04bb9-08d5-60c4-8709-000000000300}
ProcessId: 512
Image: C:\TMP\CreateNamedPipe.exe
ImageLoaded: C:\Windows\System32\ntdll.dll
FileVersion: 10.0.18362.1533 (WinBuild.160101.0800)
Description: NT Layer DLL
Product: Microsoft® Windows® Operating System
Company: Microsoft Corporation
OriginalFileName: ntdll.dll
Hashes: SHA1=8D671C93CC5C877983AB6D58A59E3E64891128EB,MD5=B823DFC17253F0DA93DE2DB5FEAD520A,SHA256=B0EA79AEEA90EFAE83E7F5F8812F307D52C4BA3F559E409CB6364E90BC69269D,IMPHASH=00000000000000000000000000000000
Signed: true
Signature: Microsoft Windows
SignatureStatus: Valid",7,-,{e2c04bb9-08d5-60c4-8709-000000000300},512,C:\TMP\CreateNamedPipe.exe,10.0.18362.1533 (WinBuild.160101.0800),NT Layer DLL,Microsoft® Windows® Operating System,Microsoft Corporation,ntdll.dll,,,,,,,,"SHA1=8D671C93CC5C877983AB6D58A59E3E64891128EB,MD5=B823DFC17253F0DA93DE2DB5FEAD520A,SHA256=B0EA79AEEA90EFAE83E7F5F8812F307D52C4BA3F559E409CB6364E90BC69269D,IMPHASH=00000000000000000000000000000000",,,,,,,,,,,,,,C:\Windows\System32\ntdll.dll,True,Microsoft Windows,Valid,,,,,,,,,,,,,,,,,,,,,,,,,,,,,,,,,,,,,,,,,,,,,,,,,,,,,,,,,,,,,,,,,,,,,,,,,,,,,,,,,1,0,0,0,0,0,4,True
2021-06-12 01:07:33,1174,Microsoft-Windows-Sysmon,{5770385f-c22a-43e0-bf4c-06f5698ffbd9},4,0x8000000000000000,Microsoft-Windows-Sysmon/Operational,WORKSTATION5,2021-06-11T09:07:33.247Z,2021-06-11T09:07:33.247Z,7,"Image loaded:
RuleName: -
UtcTime: 2021-06-12 01:07:33.244
ProcessGuid: {e2c04bb9-08d5-60c4-8709-000000000300}
ProcessId: 512
Image: C:\TMP\CreateNamedPipe.exe
ImageLoaded: C:\TMP\CreateNamedPipe.exe
FileVersion: -
Description: -
Product: -
Company: -
OriginalFileName: -
Hashes: SHA1=571670869CFA7AE69103A2A7EF34BB8F5B607BF6,MD5=64AFCCF614577EA0B706665E6109572D,SHA256=5DDC0ABC2C0DA8195B7832EA1C27E0EBE6F2CC4EB379FEFEEBFBFD93DF12A181,IMPHASH=93A138801D9601E4C36E6274C8B9D111
Signed: false
Signature: -
SignatureStatus: Unavailable",7,-,{e2c04bb9-08d5-60c4-8709-000000000300},512,C:\TMP\CreateNamedPipe.exe,-,-,-,-,-,,,,,,,,"SHA1=571670869CFA7AE69103A2A7EF34BB8F5B607BF6,MD5=64AFCCF614577EA0B706665E6109572D,SHA256=5DDC0ABC2C0DA8195B7832EA1C27E0EBE6F2CC4EB379FEFEEBFBFD93DF12A181,IMPHASH=93A138801D9601E4C36E6274C8B9D111",,,,,,,,,,,,,,C:\TMP\CreateNamedPipe.exe,False,-,Unavailable,,,,,,,,,,,,,,,,,,,,,,,,,,,,,,,,,,,,,,,,,,,,,,,,,,,,,,,,,,,,,,,,,,,,,,,,,,,,,,,,,1,0,0,0,0,0,3,True
2021-06-12 01:07:33,1173,Microsoft-Windows-Sysmon,{5770385f-c22a-43e0-bf4c-06f5698ffbd9},4,0x8000000000000000,Microsoft-Windows-Sysmon/Operational,WORKSTATION5,2021-06-11T09:07:33.246Z,2021-06-11T09:07:33.246Z,10,"Process accessed:
RuleName: -
UtcTime: 2021-06-12 01:07:33.244
SourceProcessGUID: {e2c04bb9-a703-60c3-b501-000000000300}
SourceProcessId: 1876
SourceThreadId: 2236
SourceImage: C:\Windows\system32\csrss.exe
TargetProcessGUID: {e2c04bb9-08d5-60c4-8709-000000000300}
TargetProcessId: 512
TargetImage: C:\TMP\CreateNamedPipe.exe
GrantedAccess: 0x1FFFFF
CallTrace: C:\Windows\SYSTEM32\ntdll.dll+9d364|C:\Windows\system32\basesrv.DLL+2fba|C:\Windows\SYSTEM32\CSRSRV.dll+5af4|C:\Windows\SYSTEM32\ntdll.dll+6d72f",10,-,,0,,,,,,,,,,,,,,,,,,,{e2c04bb9-a703-60c3-b501-000000000300},1876,2236.0,C:\Windows\system32\csrss.exe,{e2c04bb9-08d5-60c4-8709-000000000300},512,C:\TMP\CreateNamedPipe.exe,0x1fffff,C:\Windows\SYSTEM32\ntdll.dll+9d364|C:\Windows\system32\basesrv.DLL+2fba|C:\Windows\SYSTEM32\CSRSRV.dll+5af4|C:\Windows\SYSTEM32\ntdll.dll+6d72f,,,,,,,,,,,,,,,,,,,,,,,,,,,,,,,,,,,,,,,,,,,,,,,,,,,,,,,,,,,,,,,,,,,,,,,,,,,,,,,,,,,,,1,0,0,0,0,0,4,True
2021-06-12 01:07:33,1172,Microsoft-Windows-Sysmon,{5770385f-c22a-43e0-bf4c-06f5698ffbd9},4,0x8000000000000000,Microsoft-Windows-Sysmon/Operational,WORKSTATION5,2021-06-11T09:07:33.246Z,2021-06-11T09:07:33.246Z,10,"Process accessed:
RuleName: -
UtcTime: 2021-06-12 01:07:33.244
SourceProcessGUID: {e2c04bb9-d0f0-60c3-48da-ec0000000000}
SourceProcessId: 5632
SourceThreadId: 5336
SourceImage: C:\Windows\system32\cmd.exe
TargetProcessGUID: {e2c04bb9-08d5-60c4-8709-000000000300}
TargetProcessId: 512
TargetImage: C:\TMP\CreateNamedPipe.exe
GrantedAccess: 0x1FFFFF
CallTrace: C:\Windows\SYSTEM32\ntdll.dll+9e714|C:\Windows\System32\KERNELBASE.dll+59e0a|C:\Windows\System32\KERNELBASE.dll+567a6|C:\Windows\System32\KERNEL32.DLL+1bee3|C:\Windows\system32\cmd.exe+6ebd|C:\Windows\system32\cmd.exe+bf92|C:\Windows\system32\cmd.exe+b5f1|C:\Windows\system32\cmd.exe+c6e4|C:\Windows\system32\cmd.exe+913e|C:\Windows\system32\cmd.exe+93b3|C:\Windows\system32\cmd.exe+92dd|C:\Windows\system32\cmd.exe+bf92|C:\Windows\system32\cmd.exe+b5f1|C:\Windows\system32\cmd.exe+c6e4|C:\Windows\system32\cmd.exe+913e|C:\Windows\system32\cmd.exe+14a70|C:\Windows\system32\cmd.exe+c0d1|C:\Windows\system32\cmd.exe+b5f1|C:\Windows\system32\cmd.exe+1de6b|C:\Windows\system32\cmd.exe+1821d|C:\Windows\System32\KERNEL32.DLL+17c24|C:\Windows\SYSTEM32\ntdll.dll+6d721",10,-,,0,,,,,,,,,,,,,,,,,,,{e2c04bb9-d0f0-60c3-48da-ec0000000000},5632,5336.0,C:\Windows\system32\cmd.exe,{e2c04bb9-08d5-60c4-8709-000000000300},512,C:\TMP\CreateNamedPipe.exe,0x1fffff,C:\Windows\SYSTEM32\ntdll.dll+9e714|C:\Windows\System32\KERNELBASE.dll+59e0a|C:\Windows\System32\KERNELBASE.dll+567a6|C:\Windows\System32\KERNEL32.DLL+1bee3|C:\Windows\system32\cmd.exe+6ebd|C:\Windows\system32\cmd.exe+bf92|C:\Windows\system32\cmd.exe+b5f1|C:\Windows\system32\cmd.exe+c6e4|C:\Windows\system32\cmd.exe+913e|C:\Windows\system32\cmd.exe+93b3|C:\Windows\system32\cmd.exe+92dd|C:\Windows\system32\cmd.exe+bf92|C:\Windows\system32\cmd.exe+b5f1|C:\Windows\system32\cmd.exe+c6e4|C:\Windows\system32\cmd.exe+913e|C:\Windows\system32\cmd.exe+14a70|C:\Windows\system32\cmd.exe+c0d1|C:\Windows\system32\cmd.exe+b5f1|C:\Windows\system32\cmd.exe+1de6b|C:\Windows\system32\cmd.exe+1821d|C:\Windows\System32\KERNEL32.DLL+17c24|C:\Windows\SYSTEM32\ntdll.dll+6d721,,,,,,,,,,,,,,,,,,,,,,,,,,,,,,,,,,,,,,,,,,,,,,,,,,,,,,,,,,,,,,,,,,,,,,,,,,,,,,,,,,,,,1,0,0,0,0,0,3,True
2021-06-12 01:07:33,1171,Microsoft-Windows-Sysmon,{5770385f-c22a-43e0-bf4c-06f5698ffbd9},4,0x8000000000000000,Microsoft-Windows-Sysmon/Operational,WORKSTATION5,2021-06-11T09:07:33.245Z,2021-06-11T09:07:33.245Z,1,"Process Create:
RuleName: -
UtcTime: 2021-06-12 01:07:33.244
ProcessGuid: {e2c04bb9-08d5-60c4-6c7e-400100000000}
ProcessId: 512
Image: C:\TMP\CreateNamedPipe.exe
FileVersion: -
Description: -
Product: -
Company: -
OriginalFileName: -
CommandLine: ""C:\TMP\CreateNamedPipe.exe""  postex_ssh_fedac123
CurrentDirectory: C:\Users\APT-Simulator\Documents\APTSimulator-master\
User: WORKSTATION5\APT-Simulator
LogonGuid: {e2c04bb9-a708-60c3-fb19-370000000000}
LogonId: 0x3719FB
TerminalSessionId: 2
IntegrityLevel: High
Hashes: SHA1=571670869CFA7AE69103A2A7EF34BB8F5B607BF6,MD5=64AFCCF614577EA0B706665E6109572D,SHA256=5DDC0ABC2C0DA8195B7832EA1C27E0EBE6F2CC4EB379FEFEEBFBFD93DF12A181,IMPHASH=93A138801D9601E4C36E6274C8B9D111
ParentProcessGuid: {e2c04bb9-d0f0-60c3-48da-ec0000000000}
ParentProcessId: 5632
ParentImage: C:\Windows\System32\cmd.exe
ParentCommandLine: ""C:\Windows\system32\cmd.exe"" ",1,-,{e2c04bb9-08d5-60c4-6c7e-400100000000},512,C:\TMP\CreateNamedPipe.exe,-,-,-,-,-,"""C:\TMP\CreateNamedPipe.exe""  postex_ssh_fedac123",C:\Users\APT-Simulator\Documents\APTSimulator-master\,WORKSTATION5\APT-Simulator,{e2c04bb9-a708-60c3-fb19-370000000000},0x3719fb,2.0,High,"SHA1=571670869CFA7AE69103A2A7EF34BB8F5B607BF6,MD5=64AFCCF614577EA0B706665E6109572D,SHA256=5DDC0ABC2C0DA8195B7832EA1C27E0EBE6F2CC4EB379FEFEEBFBFD93DF12A181,IMPHASH=93A138801D9601E4C36E6274C8B9D111",{e2c04bb9-d0f0-60c3-48da-ec0000000000},5632.0,C:\Windows\System32\cmd.exe,"""C:\Windows\system32\cmd.exe"" ",,,,,,,,,,,,,,,,,,,,,,,,,,,,,,,,,,,,,,,,,,,,,,,,,,,,,,,,,,,,,,,,,,,,,,,,,,,,,,,,,,,,,,,,,,,,,,1,0,0,0,0,0,2,True
