2021-06-12 01:07:24,608,Microsoft-Windows-Sysmon,{5770385f-c22a-43e0-bf4c-06f5698ffbd9},4,0x8000000000000000,Microsoft-Windows-Sysmon/Operational,WORKSTATION5,2021-06-11T09:07:24.042Z,2021-06-11T09:07:24.042Z,10,"Process accessed:
RuleName: -
UtcTime: 2021-06-12 01:07:24.041
SourceProcessGUID: {e2c04bb9-a70e-60c3-0d61-390000000000}
SourceProcessId: 1320
SourceThreadId: 1568
SourceImage: C:\Windows\Explorer.EXE
TargetProcessGUID: {e2c04bb9-08cb-60c4-eb40-400100000000}
TargetProcessId: 4236
TargetImage: C:\TMP\CreateNamedPipe.exe
GrantedAccess: 0x2000
CallTrace: C:\Windows\SYSTEM32\ntdll.dll+9d364|C:\Windows\System32\KERNELBASE.dll+305ee|C:\Windows\system32\twinui.dll+2adb9|C:\Windows\SYSTEM32\ntdll.dll+30729|C:\Windows\SYSTEM32\ntdll.dll+345b4|C:\Windows\System32\KERNEL32.DLL+17c24|C:\Windows\SYSTEM32\ntdll.dll+6d721",10,-,,0,,,,,,,,,,,,,,,,,,,{e2c04bb9-a70e-60c3-0d61-390000000000},1320,1568.0,C:\Windows\Explorer.EXE,{e2c04bb9-08cb-60c4-eb40-400100000000},4236,C:\TMP\CreateNamedPipe.exe,0x2000,C:\Windows\SYSTEM32\ntdll.dll+9d364|C:\Windows\System32\KERNELBASE.dll+305ee|C:\Windows\system32\twinui.dll+2adb9|C:\Windows\SYSTEM32\ntdll.dll+30729|C:\Windows\SYSTEM32\ntdll.dll+345b4|C:\Windows\System32\KERNEL32.DLL+17c24|C:\Windows\SYSTEM32\ntdll.dll+6d721,,,,,,,,,,,,,,,,,,,,,,,,,,,,,,,,,,,,,,,,,,,,,,,,,,,,,,,,,,,,,,,,,,,,,,,,,,,,,,,,,,,,,0,0,0,0,0,0,1,True
2021-06-12 01:07:25,611,Microsoft-Windows-Sysmon,{5770385f-c22a-43e0-bf4c-06f5698ffbd9},4,0x8000000000000000,Microsoft-Windows-Sysmon/Operational,WORKSTATION5,2021-06-11T09:07:25.051Z,2021-06-11T09:07:25.051Z,26,"File Delete logged:
RuleName: -
UtcTime: 2021-06-12 01:07:25.046
ProcessGuid: {e2c04bb9-a569-60c3-7701-000000000300}
ProcessId: 1168
User: NT AUTHORITY\SYSTEM
Image: C:\Packages\Plugins\Microsoft.EnterpriseCloud.Monitoring.MicrosoftMonitoringAgent\1.0.18053.0\MMAExtensionHeartbeatService.exe
TargetFilename: C:\Packages\Plugins\Microsoft.EnterpriseCloud.Monitoring.MicrosoftMonitoringAgent\1.0.18053.0\Status\HeartBeat.Json
Hashes: SHA1=1376DE3128E22BD6F3AB3ED8E844B102CE2DD3A4,MD5=8488753F7A234D004F4E010B2819E16A,SHA256=B0E770C21B3863F9725623C86FCD8B282EFED76A2836308C74233670445B1FD1,IMPHASH=00000000000000000000000000000000
IsExecutable: false",26,-,{e2c04bb9-a569-60c3-7701-000000000300},1168,C:\Packages\Plugins\Microsoft.EnterpriseCloud.Monitoring.MicrosoftMonitoringAgent\1.0.18053.0\MMAExtensionHeartbeatService.exe,,,,,,,,NT AUTHORITY\SYSTEM,,,,,"SHA1=1376DE3128E22BD6F3AB3ED8E844B102CE2DD3A4,MD5=8488753F7A234D004F4E010B2819E16A,SHA256=B0E770C21B3863F9725623C86FCD8B282EFED76A2836308C74233670445B1FD1,IMPHASH=00000000000000000000000000000000",,,,,,,,,,,,,,,,,,C:\Packages\Plugins\Microsoft.EnterpriseCloud.Monitoring.MicrosoftMonitoringAgent\1.0.18053.0\Status\HeartBeat.Json,False,,,,,,,,,,,,,,,,,,,,,,,,,,,,,,,,,,,,,,,,,,,,,,,,,,,,,,,,,,,,,,,,,,,,,,,,,,,,,,,0,0,0,0,0,0,2,True
2021-06-12 01:07:26,612,Microsoft-Windows-Sysmon,{5770385f-c22a-43e0-bf4c-06f5698ffbd9},4,0x8000000000000000,Microsoft-Windows-Sysmon/Operational,WORKSTATION5,2021-06-11T09:07:26.198Z,2021-06-11T09:07:26.198Z,10,"Process accessed:
RuleName: MsMpEng
UtcTime: 2021-06-12 01:07:26.197
SourceProcessGUID: {e2c04bb9-a346-60c3-0f00-000000000300}
SourceProcessId: 876
SourceThreadId: 8492
SourceImage: C:\Windows\system32\svchost.exe
TargetProcessGUID: {e2c04bb9-a525-60c3-5601-000000000300}
TargetProcessId: 4092
TargetImage: C:\Windows\System32\svchost.exe
GrantedAccess: 0x1000
CallTrace: C:\Windows\SYSTEM32\ntdll.dll+9d364|C:\Windows\SYSTEM32\psmserviceexthost.dll+22343|C:\Windows\SYSTEM32\psmserviceexthost.dll+1a202|C:\Windows\SYSTEM32\psmserviceexthost.dll+19ecb|C:\Windows\SYSTEM32\psmserviceexthost.dll+193a8|C:\Windows\SYSTEM32\ntdll.dll+3081d|C:\Windows\SYSTEM32\ntdll.dll+345b4|C:\Windows\System32\KERNEL32.DLL+17c24|C:\Windows\SYSTEM32\ntdll.dll+6d721",10,MsMpEng,,0,,,,,,,,,,,,,,,,,,,{e2c04bb9-a346-60c3-0f00-000000000300},876,8492.0,C:\Windows\system32\svchost.exe,{e2c04bb9-a525-60c3-5601-000000000300},4092,C:\Windows\System32\svchost.exe,0x1000,C:\Windows\SYSTEM32\ntdll.dll+9d364|C:\Windows\SYSTEM32\psmserviceexthost.dll+22343|C:\Windows\SYSTEM32\psmserviceexthost.dll+1a202|C:\Windows\SYSTEM32\psmserviceexthost.dll+19ecb|C:\Windows\SYSTEM32\psmserviceexthost.dll+193a8|C:\Windows\SYSTEM32\ntdll.dll+3081d|C:\Windows\SYSTEM32\ntdll.dll+345b4|C:\Windows\System32\KERNEL32.DLL+17c24|C:\Windows\SYSTEM32\ntdll.dll+6d721,,,,,,,,,,,,,,,,,,,,,,,,,,,,,,,,,,,,,,,,,,,,,,,,,,,,,,,,,,,,,,,,,,,,,,,,,,,,,,,,,,,,,0,0,0,0,0,0,2,True
2021-06-12 01:07:26,613,Microsoft-Windows-Sysmon,{5770385f-c22a-43e0-bf4c-06f5698ffbd9},4,0x8000000000000000,Microsoft-Windows-Sysmon/Operational,WORKSTATION5,2021-06-11T09:07:26.199Z,2021-06-11T09:07:26.199Z,7,"Image loaded:
RuleName: -
UtcTime: 2021-06-12 01:07:26.197
ProcessGuid: {e2c04bb9-a525-60c3-5601-000000000300}
ProcessId: 4092
Image: C:\Windows\System32\svchost.exe
ImageLoaded: C:\Windows\System32\wmidcom.dll
FileVersion: 10.0.18362.1 (WinBuild.160101.0800)
Description: WMI
Product: Microsoft® Windows® Operating System
Company: Microsoft Corporation
OriginalFileName: wmidcom.dll
Hashes: SHA1=EF9126B99BBB6D1C091C7E80BC2A15A1613B9125,MD5=14F7AAF6C00ED8A5DE8169A1A73CC147,SHA256=79AE4970DB82AF8826EDC9825404DBEDDA869EC81C7ED80411D22D65DBA8C956,IMPHASH=6A579181F1E0255D1C6593463B926F27
Signed: true
Signature: Microsoft Windows
SignatureStatus: Valid",7,-,{e2c04bb9-a525-60c3-5601-000000000300},4092,C:\Windows\System32\svchost.exe,10.0.18362.1 (WinBuild.160101.0800),WMI,Microsoft® Windows® Operating System,Microsoft Corporation,wmidcom.dll,,,,,,,,"SHA1=EF9126B99BBB6D1C091C7E80BC2A15A1613B9125,MD5=14F7AAF6C00ED8A5DE8169A1A73CC147,SHA256=79AE4970DB82AF8826EDC9825404DBEDDA869EC81C7ED80411D22D65DBA8C956,IMPHASH=6A579181F1E0255D1C6593463B926F27",,,,,,,,,,,,,,C:\Windows\System32\wmidcom.dll,True,Microsoft Windows,Valid,,,,,,,,,,,,,,,,,,,,,,,,,,,,,,,,,,,,,,,,,,,,,,,,,,,,,,,,,,,,,,,,,,,,,,,,,,,,,,,,,0,0,0,0,0,0,3,True
2021-06-12 01:07:26,614,Microsoft-Windows-Sysmon,{5770385f-c22a-43e0-bf4c-06f5698ffbd9},4,0x8000000000000000,Microsoft-Windows-Sysmon/Operational,WORKSTATION5,2021-06-11T09:07:26.199Z,2021-06-11T09:07:26.199Z,10,"Process accessed:
RuleName: MsMpEng
UtcTime: 2021-06-12 01:07:26.197
SourceProcessGUID: {e2c04bb9-a346-60c3-0f00-000000000300}
SourceProcessId: 876
SourceThreadId: 8492
SourceImage: C:\Windows\system32\svchost.exe
TargetProcessGUID: {e2c04bb9-a525-60c3-5601-000000000300}
TargetProcessId: 4092
TargetImage: C:\Windows\System32\svchost.exe
GrantedAccess: 0x1000
CallTrace: C:\Windows\SYSTEM32\ntdll.dll+9d364|C:\Windows\SYSTEM32\psmserviceexthost.dll+22343|C:\Windows\SYSTEM32\psmserviceexthost.dll+1a202|C:\Windows\SYSTEM32\psmserviceexthost.dll+19ecb|C:\Windows\SYSTEM32\psmserviceexthost.dll+193a8|C:\Windows\SYSTEM32\ntdll.dll+3081d|C:\Windows\SYSTEM32\ntdll.dll+345b4|C:\Windows\System32\KERNEL32.DLL+17c24|C:\Windows\SYSTEM32\ntdll.dll+6d721",10,MsMpEng,,0,,,,,,,,,,,,,,,,,,,{e2c04bb9-a346-60c3-0f00-000000000300},876,8492.0,C:\Windows\system32\svchost.exe,{e2c04bb9-a525-60c3-5601-000000000300},4092,C:\Windows\System32\svchost.exe,0x1000,C:\Windows\SYSTEM32\ntdll.dll+9d364|C:\Windows\SYSTEM32\psmserviceexthost.dll+22343|C:\Windows\SYSTEM32\psmserviceexthost.dll+1a202|C:\Windows\SYSTEM32\psmserviceexthost.dll+19ecb|C:\Windows\SYSTEM32\psmserviceexthost.dll+193a8|C:\Windows\SYSTEM32\ntdll.dll+3081d|C:\Windows\SYSTEM32\ntdll.dll+345b4|C:\Windows\System32\KERNEL32.DLL+17c24|C:\Windows\SYSTEM32\ntdll.dll+6d721,,,,,,,,,,,,,,,,,,,,,,,,,,,,,,,,,,,,,,,,,,,,,,,,,,,,,,,,,,,,,,,,,,,,,,,,,,,,,,,,,,,,,0,0,0,0,0,0,3,True
2021-06-12 01:07:26,615,Microsoft-Windows-Sysmon,{5770385f-c22a-43e0-bf4c-06f5698ffbd9},4,0x8000000000000000,Microsoft-Windows-Sysmon/Operational,WORKSTATION5,2021-06-11T09:07:26.199Z,2021-06-11T09:07:26.199Z,7,"Image loaded:
RuleName: -
UtcTime: 2021-06-12 01:07:26.197
ProcessGuid: {e2c04bb9-a525-60c3-5601-000000000300}
ProcessId: 4092
Image: C:\Windows\System32\svchost.exe
ImageLoaded: C:\Windows\System32\dpapi.dll
FileVersion: 10.0.18362.1 (WinBuild.160101.0800)
Description: Data Protection API
Product: Microsoft® Windows® Operating System
Company: Microsoft Corporation
OriginalFileName: dpapi.dll
Hashes: SHA1=410A571F24B88B60F8FD0832D96C4C5744E8F45F,MD5=105772C052983D98D630C09C9029D558,SHA256=319D73EBEB20113E7B0A988CE10E7C3E1EA0885B30045821223D8B7739D4CDA5,IMPHASH=C591E3A4DDFE145A26EEC16DB70623B7
Signed: true
Signature: Microsoft Windows
SignatureStatus: Valid",7,-,{e2c04bb9-a525-60c3-5601-000000000300},4092,C:\Windows\System32\svchost.exe,10.0.18362.1 (WinBuild.160101.0800),Data Protection API,Microsoft® Windows® Operating System,Microsoft Corporation,dpapi.dll,,,,,,,,"SHA1=410A571F24B88B60F8FD0832D96C4C5744E8F45F,MD5=105772C052983D98D630C09C9029D558,SHA256=319D73EBEB20113E7B0A988CE10E7C3E1EA0885B30045821223D8B7739D4CDA5,IMPHASH=C591E3A4DDFE145A26EEC16DB70623B7",,,,,,,,,,,,,,C:\Windows\System32\dpapi.dll,True,Microsoft Windows,Valid,,,,,,,,,,,,,,,,,,,,,,,,,,,,,,,,,,,,,,,,,,,,,,,,,,,,,,,,,,,,,,,,,,,,,,,,,,,,,,,,,0,0,0,0,0,0,3,True
2021-06-12 01:07:26,616,Microsoft-Windows-Sysmon,{5770385f-c22a-43e0-bf4c-06f5698ffbd9},4,0x8000000000000000,Microsoft-Windows-Sysmon/Operational,WORKSTATION5,2021-06-11T09:07:26.432Z,2021-06-11T09:07:26.432Z,13,"Registry value set:
RuleName: -
EventType: SetValue
UtcTime: 2021-06-12 01:07:26.431
ProcessGuid: {e2c04bb9-a70e-60c3-0d61-390000000000}
ProcessId: 1320
Image: C:\Windows\Explorer.EXE
TargetObject: HKU\S-1-5-21-315269454-3320600716-4144796452-500\Software\Microsoft\Windows\CurrentVersion\Explorer\UserAssist\{CEBFF5CD-ACE2-4F4F-9178-9926F41749EA}\Count\P:\GZC\PerngrAnzrqCvcr.rkr
Details: Binary Data",13,-,{e2c04bb9-a70e-60c3-0d61-390000000000},1320,C:\Windows\Explorer.EXE,,,,,,,,,,,,,,,,,,,,,,,,,,,,,,,,,,SetValue,HKU\S-1-5-21-315269454-3320600716-4144796452-500\Software\Microsoft\Windows\CurrentVersion\Explorer\UserAssist\{CEBFF5CD-ACE2-4F4F-9178-9926F41749EA}\Count\P:\GZC\PerngrAnzrqCvcr.rkr,Binary Data,,,,,,,,,,,,,,,,,,,,,,,,,,,,,,,,,,,,,,,,,,,,,,,,,,,,,,,,,,,,,,,,,,,,,,,,,,,0,0,0,0,1,0,3,True
2021-06-12 01:07:26,617,Microsoft-Windows-Sysmon,{5770385f-c22a-43e0-bf4c-06f5698ffbd9},4,0x8000000000000000,Microsoft-Windows-Sysmon/Operational,WORKSTATION5,2021-06-11T09:07:26.432Z,2021-06-11T09:07:26.432Z,13,"Registry value set:
RuleName: -
EventType: SetValue
UtcTime: 2021-06-12 01:07:26.431
ProcessGuid: {e2c04bb9-a70e-60c3-0d61-390000000000}
ProcessId: 1320
Image: C:\Windows\Explorer.EXE
TargetObject: HKU\S-1-5-21-315269454-3320600716-4144796452-500\Software\Microsoft\Windows\CurrentVersion\Explorer\UserAssist\{CEBFF5CD-ACE2-4F4F-9178-9926F41749EA}\Count\HRZR_PGYFRFFVBA
Details: Binary Data",13,-,{e2c04bb9-a70e-60c3-0d61-390000000000},1320,C:\Windows\Explorer.EXE,,,,,,,,,,,,,,,,,,,,,,,,,,,,,,,,,,SetValue,HKU\S-1-5-21-315269454-3320600716-4144796452-500\Software\Microsoft\Windows\CurrentVersion\Explorer\UserAssist\{CEBFF5CD-ACE2-4F4F-9178-9926F41749EA}\Count\HRZR_PGYFRFFVBA,Binary Data,,,,,,,,,,,,,,,,,,,,,,,,,,,,,,,,,,,,,,,,,,,,,,,,,,,,,,,,,,,,,,,,,,,,,,,,,,,0,0,0,0,1,0,3,True
2021-06-12 01:07:27,635,Microsoft-Windows-Sysmon,{5770385f-c22a-43e0-bf4c-06f5698ffbd9},4,0x8000000000000000,Microsoft-Windows-Sysmon/Operational,WORKSTATION5,2021-06-11T09:07:27.382Z,2021-06-11T09:07:27.382Z,13,"Registry value set:
RuleName: -
EventType: SetValue
UtcTime: 2021-06-12 01:07:27.369
ProcessGuid: {e2c04bb9-a70e-60c3-0d61-390000000000}
ProcessId: 1320
Image: C:\Windows\Explorer.EXE
TargetObject: HKU\S-1-5-21-315269454-3320600716-4144796452-500\Software\Microsoft\Windows\CurrentVersion\ActivityDataModel\ReaderRevisionInfo\85CDB375-834F-3C5B-E914-6234264DF816
Details: Binary Data",13,-,{e2c04bb9-a70e-60c3-0d61-390000000000},1320,C:\Windows\Explorer.EXE,,,,,,,,,,,,,,,,,,,,,,,,,,,,,,,,,,SetValue,HKU\S-1-5-21-315269454-3320600716-4144796452-500\Software\Microsoft\Windows\CurrentVersion\ActivityDataModel\ReaderRevisionInfo\85CDB375-834F-3C5B-E914-6234264DF816,Binary Data,,,,,,,,,,,,,,,,,,,,,,,,,,,,,,,,,,,,,,,,,,,,,,,,,,,,,,,,,,,,,,,,,,,,,,,,,,,0,0,0,0,1,0,3,True
2021-06-12 01:07:27,634,Microsoft-Windows-Sysmon,{5770385f-c22a-43e0-bf4c-06f5698ffbd9},4,0x8000000000000000,Microsoft-Windows-Sysmon/Operational,WORKSTATION5,2021-06-11T09:07:27.380Z,2021-06-11T09:07:27.380Z,13,"Registry value set:
RuleName: -
EventType: SetValue
UtcTime: 2021-06-12 01:07:27.369
ProcessGuid: {e2c04bb9-a70e-60c3-0d61-390000000000}
ProcessId: 1320
Image: C:\Windows\Explorer.EXE
TargetObject: HKU\S-1-5-21-315269454-3320600716-4144796452-500\Software\Microsoft\Windows\CurrentVersion\ActivityDataModel\ReaderRevisionInfo\85CDB375-834F-3C5B-E914-6234264DF816
Details: Binary Data",13,-,{e2c04bb9-a70e-60c3-0d61-390000000000},1320,C:\Windows\Explorer.EXE,,,,,,,,,,,,,,,,,,,,,,,,,,,,,,,,,,SetValue,HKU\S-1-5-21-315269454-3320600716-4144796452-500\Software\Microsoft\Windows\CurrentVersion\ActivityDataModel\ReaderRevisionInfo\85CDB375-834F-3C5B-E914-6234264DF816,Binary Data,,,,,,,,,,,,,,,,,,,,,,,,,,,,,,,,,,,,,,,,,,,,,,,,,,,,,,,,,,,,,,,,,,,,,,,,,,,0,0,0,0,1,0,2,True
2021-06-12 01:07:27,633,Microsoft-Windows-Sysmon,{5770385f-c22a-43e0-bf4c-06f5698ffbd9},4,0x8000000000000000,Microsoft-Windows-Sysmon/Operational,WORKSTATION5,2021-06-11T09:07:27.379Z,2021-06-11T09:07:27.379Z,10,"Process accessed:
RuleName: -
UtcTime: 2021-06-12 01:07:27.369
SourceProcessGUID: {e2c04bb9-a70e-60c3-0d61-390000000000}
SourceProcessId: 1320
SourceThreadId: 7888
SourceImage: C:\Windows\Explorer.EXE
TargetProcessGUID: {e2c04bb9-a909-60c3-c871-6c0000000000}
TargetProcessId: 8912
TargetImage: C:\Windows\System32\WindowsPowerShell\v1.0\powershell.exe
GrantedAccess: 0x1000
CallTrace: C:\Windows\SYSTEM32\ntdll.dll+9d364|C:\Windows\System32\KERNELBASE.dll+305ee|C:\Windows\System32\TaskFlowDataEngine.dll+ce360|C:\Windows\System32\TaskFlowDataEngine.dll+97afb|C:\Windows\System32\TaskFlowDataEngine.dll+9717f|C:\Windows\System32\TaskFlowDataEngine.dll+96c79|C:\Windows\System32\TaskFlowDataEngine.dll+966a5|C:\Windows\System32\TaskFlowDataEngine.dll+94505|C:\Windows\System32\TaskFlowDataEngine.dll+92ed8|C:\Windows\System32\TaskFlowDataEngine.dll+9d7c1|C:\Windows\System32\shcore.dll+1a8c9|C:\Windows\System32\shcore.dll+1a668|C:\Windows\System32\shcore.dll+19681|C:\Windows\System32\KERNEL32.DLL+17c24|C:\Windows\SYSTEM32\ntdll.dll+6d721",10,-,,0,,,,,,,,,,,,,,,,,,,{e2c04bb9-a70e-60c3-0d61-390000000000},1320,7888.0,C:\Windows\Explorer.EXE,{e2c04bb9-a909-60c3-c871-6c0000000000},8912,C:\Windows\System32\WindowsPowerShell\v1.0\powershell.exe,0x1000,C:\Windows\SYSTEM32\ntdll.dll+9d364|C:\Windows\System32\KERNELBASE.dll+305ee|C:\Windows\System32\TaskFlowDataEngine.dll+ce360|C:\Windows\System32\TaskFlowDataEngine.dll+97afb|C:\Windows\System32\TaskFlowDataEngine.dll+9717f|C:\Windows\System32\TaskFlowDataEngine.dll+96c79|C:\Windows\System32\TaskFlowDataEngine.dll+966a5|C:\Windows\System32\TaskFlowDataEngine.dll+94505|C:\Windows\System32\TaskFlowDataEngine.dll+92ed8|C:\Windows\System32\TaskFlowDataEngine.dll+9d7c1|C:\Windows\System32\shcore.dll+1a8c9|C:\Windows\System32\shcore.dll+1a668|C:\Windows\System32\shcore.dll+19681|C:\Windows\System32\KERNEL32.DLL+17c24|C:\Windows\SYSTEM32\ntdll.dll+6d721,,,,,,,,,,,,,,,,,,,,,,,,,,,,,,,,,,,,,,,,,,,,,,,,,,,,,,,,,,,,,,,,,,,,,,,,,,,,,,,,,,,,,0,0,0,0,1,0,2,True
2021-06-12 01:07:27,631,Microsoft-Windows-Sysmon,{5770385f-c22a-43e0-bf4c-06f5698ffbd9},4,0x8000000000000000,Microsoft-Windows-Sysmon/Operational,WORKSTATION5,2021-06-11T09:07:27.375Z,2021-06-11T09:07:27.375Z,13,"Registry value set:
RuleName: -
EventType: SetValue
UtcTime: 2021-06-12 01:07:27.369
ProcessGuid: {e2c04bb9-a70e-60c3-0d61-390000000000}
ProcessId: 1320
Image: C:\Windows\Explorer.EXE
TargetObject: HKU\S-1-5-21-315269454-3320600716-4144796452-500\Software\Microsoft\Windows\CurrentVersion\Explorer\UserAssist\{CEBFF5CD-ACE2-4F4F-9178-9926F41749EA}\Count\P:\GZC\PerngrAnzrqCvcr.rkr
Details: Binary Data",13,-,{e2c04bb9-a70e-60c3-0d61-390000000000},1320,C:\Windows\Explorer.EXE,,,,,,,,,,,,,,,,,,,,,,,,,,,,,,,,,,SetValue,HKU\S-1-5-21-315269454-3320600716-4144796452-500\Software\Microsoft\Windows\CurrentVersion\Explorer\UserAssist\{CEBFF5CD-ACE2-4F4F-9178-9926F41749EA}\Count\P:\GZC\PerngrAnzrqCvcr.rkr,Binary Data,,,,,,,,,,,,,,,,,,,,,,,,,,,,,,,,,,,,,,,,,,,,,,,,,,,,,,,,,,,,,,,,,,,,,,,,,,,0,0,0,0,1,0,2,True
2021-06-12 01:07:27,630,Microsoft-Windows-Sysmon,{5770385f-c22a-43e0-bf4c-06f5698ffbd9},4,0x8000000000000000,Microsoft-Windows-Sysmon/Operational,WORKSTATION5,2021-06-11T09:07:27.375Z,2021-06-11T09:07:27.375Z,10,"Process accessed:
RuleName: -
UtcTime: 2021-06-12 01:07:27.369
SourceProcessGUID: {e2c04bb9-a70e-60c3-0d61-390000000000}
SourceProcessId: 1320
SourceThreadId: 4088
SourceImage: C:\Windows\Explorer.EXE
TargetProcessGUID: {e2c04bb9-a909-60c3-c871-6c0000000000}
TargetProcessId: 8912
TargetImage: C:\Windows\System32\WindowsPowerShell\v1.0\powershell.exe
GrantedAccess: 0x1000
CallTrace: C:\Windows\SYSTEM32\ntdll.dll+9d364|C:\Windows\System32\KERNELBASE.dll+305ee|C:\Windows\System32\NPSMDesktopProvider.dll+1dfba|C:\Windows\System32\NPSMDesktopProvider.dll+13b42|C:\Windows\System32\NPSMDesktopProvider.dll+142bb|C:\Windows\System32\shcore.dll+1a8c9|C:\Windows\System32\shcore.dll+1a668|C:\Windows\System32\shcore.dll+19553|C:\Windows\SYSTEM32\ntdll.dll+32e93|C:\Windows\SYSTEM32\ntdll.dll+345b4|C:\Windows\System32\KERNEL32.DLL+17c24|C:\Windows\SYSTEM32\ntdll.dll+6d721",10,-,,0,,,,,,,,,,,,,,,,,,,{e2c04bb9-a70e-60c3-0d61-390000000000},1320,4088.0,C:\Windows\Explorer.EXE,{e2c04bb9-a909-60c3-c871-6c0000000000},8912,C:\Windows\System32\WindowsPowerShell\v1.0\powershell.exe,0x1000,C:\Windows\SYSTEM32\ntdll.dll+9d364|C:\Windows\System32\KERNELBASE.dll+305ee|C:\Windows\System32\NPSMDesktopProvider.dll+1dfba|C:\Windows\System32\NPSMDesktopProvider.dll+13b42|C:\Windows\System32\NPSMDesktopProvider.dll+142bb|C:\Windows\System32\shcore.dll+1a8c9|C:\Windows\System32\shcore.dll+1a668|C:\Windows\System32\shcore.dll+19553|C:\Windows\SYSTEM32\ntdll.dll+32e93|C:\Windows\SYSTEM32\ntdll.dll+345b4|C:\Windows\System32\KERNEL32.DLL+17c24|C:\Windows\SYSTEM32\ntdll.dll+6d721,,,,,,,,,,,,,,,,,,,,,,,,,,,,,,,,,,,,,,,,,,,,,,,,,,,,,,,,,,,,,,,,,,,,,,,,,,,,,,,,,,,,,0,0,0,0,1,0,2,True
2021-06-12 01:07:27,629,Microsoft-Windows-Sysmon,{5770385f-c22a-43e0-bf4c-06f5698ffbd9},4,0x8000000000000000,Microsoft-Windows-Sysmon/Operational,WORKSTATION5,2021-06-11T09:07:27.375Z,2021-06-11T09:07:27.375Z,10,"Process accessed:
RuleName: -
UtcTime: 2021-06-12 01:07:27.369
SourceProcessGUID: {e2c04bb9-a70e-60c3-0d61-390000000000}
SourceProcessId: 1320
SourceThreadId: 7340
SourceImage: C:\Windows\Explorer.EXE
TargetProcessGUID: {e2c04bb9-a909-60c3-c871-6c0000000000}
TargetProcessId: 8912
TargetImage: C:\Windows\System32\WindowsPowerShell\v1.0\powershell.exe
GrantedAccess: 0x1400
CallTrace: C:\Windows\SYSTEM32\ntdll.dll+9d364|C:\Windows\System32\KERNELBASE.dll+305ee|C:\Windows\System32\appresolver.dll+1c746|C:\Windows\System32\appresolver.dll+225d3|C:\Windows\System32\appresolver.dll+1f03c|C:\Windows\System32\appresolver.dll+1ef27|C:\Windows\Explorer.EXE+2b487|C:\Windows\Explorer.EXE+2b384|C:\Windows\Explorer.EXE+70210|C:\Windows\System32\windows.storage.dll+1725a4|C:\Windows\System32\windows.storage.dll+1721e5|C:\Windows\System32\windows.storage.dll+1720c5|C:\Windows\System32\shcore.dll+31d96|C:\Windows\SYSTEM32\ntdll.dll+2f655|C:\Windows\SYSTEM32\ntdll.dll+345b4|C:\Windows\System32\KERNEL32.DLL+17c24|C:\Windows\SYSTEM32\ntdll.dll+6d721",10,-,,0,,,,,,,,,,,,,,,,,,,{e2c04bb9-a70e-60c3-0d61-390000000000},1320,7340.0,C:\Windows\Explorer.EXE,{e2c04bb9-a909-60c3-c871-6c0000000000},8912,C:\Windows\System32\WindowsPowerShell\v1.0\powershell.exe,0x1400,C:\Windows\SYSTEM32\ntdll.dll+9d364|C:\Windows\System32\KERNELBASE.dll+305ee|C:\Windows\System32\appresolver.dll+1c746|C:\Windows\System32\appresolver.dll+225d3|C:\Windows\System32\appresolver.dll+1f03c|C:\Windows\System32\appresolver.dll+1ef27|C:\Windows\Explorer.EXE+2b487|C:\Windows\Explorer.EXE+2b384|C:\Windows\Explorer.EXE+70210|C:\Windows\System32\windows.storage.dll+1725a4|C:\Windows\System32\windows.storage.dll+1721e5|C:\Windows\System32\windows.storage.dll+1720c5|C:\Windows\System32\shcore.dll+31d96|C:\Windows\SYSTEM32\ntdll.dll+2f655|C:\Windows\SYSTEM32\ntdll.dll+345b4|C:\Windows\System32\KERNEL32.DLL+17c24|C:\Windows\SYSTEM32\ntdll.dll+6d721,,,,,,,,,,,,,,,,,,,,,,,,,,,,,,,,,,,,,,,,,,,,,,,,,,,,,,,,,,,,,,,,,,,,,,,,,,,,,,,,,,,,,0,0,0,0,1,0,2,True
2021-06-12 01:07:27,628,Microsoft-Windows-Sysmon,{5770385f-c22a-43e0-bf4c-06f5698ffbd9},4,0x8000000000000000,Microsoft-Windows-Sysmon/Operational,WORKSTATION5,2021-06-11T09:07:27.375Z,2021-06-11T09:07:27.375Z,10,"Process accessed:
RuleName: -
UtcTime: 2021-06-12 01:07:27.369
SourceProcessGUID: {e2c04bb9-a70e-60c3-0d61-390000000000}
SourceProcessId: 1320
SourceThreadId: 7340
SourceImage: C:\Windows\Explorer.EXE
TargetProcessGUID: {e2c04bb9-a909-60c3-c871-6c0000000000}
TargetProcessId: 8912
TargetImage: C:\Windows\System32\WindowsPowerShell\v1.0\powershell.exe
GrantedAccess: 0x1000
CallTrace: C:\Windows\SYSTEM32\ntdll.dll+9d364|C:\Windows\System32\KERNELBASE.dll+305ee|C:\Windows\System32\appresolver.dll+22415|C:\Windows\System32\appresolver.dll+1f03c|C:\Windows\System32\appresolver.dll+1ef27|C:\Windows\Explorer.EXE+2b487|C:\Windows\Explorer.EXE+2b384|C:\Windows\Explorer.EXE+70210|C:\Windows\System32\windows.storage.dll+1725a4|C:\Windows\System32\windows.storage.dll+1721e5|C:\Windows\System32\windows.storage.dll+1720c5|C:\Windows\System32\shcore.dll+31d96|C:\Windows\SYSTEM32\ntdll.dll+2f655|C:\Windows\SYSTEM32\ntdll.dll+345b4|C:\Windows\System32\KERNEL32.DLL+17c24|C:\Windows\SYSTEM32\ntdll.dll+6d721",10,-,,0,,,,,,,,,,,,,,,,,,,{e2c04bb9-a70e-60c3-0d61-390000000000},1320,7340.0,C:\Windows\Explorer.EXE,{e2c04bb9-a909-60c3-c871-6c0000000000},8912,C:\Windows\System32\WindowsPowerShell\v1.0\powershell.exe,0x1000,C:\Windows\SYSTEM32\ntdll.dll+9d364|C:\Windows\System32\KERNELBASE.dll+305ee|C:\Windows\System32\appresolver.dll+22415|C:\Windows\System32\appresolver.dll+1f03c|C:\Windows\System32\appresolver.dll+1ef27|C:\Windows\Explorer.EXE+2b487|C:\Windows\Explorer.EXE+2b384|C:\Windows\Explorer.EXE+70210|C:\Windows\System32\windows.storage.dll+1725a4|C:\Windows\System32\windows.storage.dll+1721e5|C:\Windows\System32\windows.storage.dll+1720c5|C:\Windows\System32\shcore.dll+31d96|C:\Windows\SYSTEM32\ntdll.dll+2f655|C:\Windows\SYSTEM32\ntdll.dll+345b4|C:\Windows\System32\KERNEL32.DLL+17c24|C:\Windows\SYSTEM32\ntdll.dll+6d721,,,,,,,,,,,,,,,,,,,,,,,,,,,,,,,,,,,,,,,,,,,,,,,,,,,,,,,,,,,,,,,,,,,,,,,,,,,,,,,,,,,,,0,0,0,0,1,0,2,True
2021-06-12 01:07:27,627,Microsoft-Windows-Sysmon,{5770385f-c22a-43e0-bf4c-06f5698ffbd9},4,0x8000000000000000,Microsoft-Windows-Sysmon/Operational,WORKSTATION5,2021-06-11T09:07:27.375Z,2021-06-11T09:07:27.375Z,10,"Process accessed:
RuleName: -
UtcTime: 2021-06-12 01:07:27.369
SourceProcessGUID: {e2c04bb9-a70e-60c3-0d61-390000000000}
SourceProcessId: 1320
SourceThreadId: 7544
SourceImage: C:\Windows\Explorer.EXE
TargetProcessGUID: {e2c04bb9-a90a-60c3-7d02-000000000300}
TargetProcessId: 8752
TargetImage: C:\Windows\system32\conhost.exe
GrantedAccess: 0x1410
CallTrace: C:\Windows\SYSTEM32\ntdll.dll+9d364|C:\Windows\System32\KERNELBASE.dll+305ee|C:\Windows\System32\appresolver.dll+22138|C:\Windows\System32\appresolver.dll+1f1b6|C:\Windows\system32\twinui.pcshell.dll+1f404|C:\Windows\system32\twinui.pcshell.dll+11b6bc|C:\Windows\System32\KERNEL32.DLL+17c24|C:\Windows\SYSTEM32\ntdll.dll+6d721",10,-,,0,,,,,,,,,,,,,,,,,,,{e2c04bb9-a70e-60c3-0d61-390000000000},1320,7544.0,C:\Windows\Explorer.EXE,{e2c04bb9-a90a-60c3-7d02-000000000300},8752,C:\Windows\system32\conhost.exe,0x1410,C:\Windows\SYSTEM32\ntdll.dll+9d364|C:\Windows\System32\KERNELBASE.dll+305ee|C:\Windows\System32\appresolver.dll+22138|C:\Windows\System32\appresolver.dll+1f1b6|C:\Windows\system32\twinui.pcshell.dll+1f404|C:\Windows\system32\twinui.pcshell.dll+11b6bc|C:\Windows\System32\KERNEL32.DLL+17c24|C:\Windows\SYSTEM32\ntdll.dll+6d721,,,,,,,,,,,,,,,,,,,,,,,,,,,,,,,,,,,,,,,,,,,,,,,,,,,,,,,,,,,,,,,,,,,,,,,,,,,,,,,,,,,,,0,0,0,0,1,0,2,True
2021-06-12 01:07:27,632,Microsoft-Windows-Sysmon,{5770385f-c22a-43e0-bf4c-06f5698ffbd9},4,0x8000000000000000,Microsoft-Windows-Sysmon/Operational,WORKSTATION5,2021-06-11T09:07:27.375Z,2021-06-11T09:07:27.375Z,13,"Registry value set:
RuleName: -
EventType: SetValue
UtcTime: 2021-06-12 01:07:27.369
ProcessGuid: {e2c04bb9-a70e-60c3-0d61-390000000000}
ProcessId: 1320
Image: C:\Windows\Explorer.EXE
TargetObject: HKU\S-1-5-21-315269454-3320600716-4144796452-500\Software\Microsoft\Windows\CurrentVersion\Explorer\UserAssist\{CEBFF5CD-ACE2-4F4F-9178-9926F41749EA}\Count\HRZR_PGYFRFFVBA
Details: Binary Data",13,-,{e2c04bb9-a70e-60c3-0d61-390000000000},1320,C:\Windows\Explorer.EXE,,,,,,,,,,,,,,,,,,,,,,,,,,,,,,,,,,SetValue,HKU\S-1-5-21-315269454-3320600716-4144796452-500\Software\Microsoft\Windows\CurrentVersion\Explorer\UserAssist\{CEBFF5CD-ACE2-4F4F-9178-9926F41749EA}\Count\HRZR_PGYFRFFVBA,Binary Data,,,,,,,,,,,,,,,,,,,,,,,,,,,,,,,,,,,,,,,,,,,,,,,,,,,,,,,,,,,,,,,,,,,,,,,,,,,0,0,0,0,1,0,2,True
2021-06-12 01:07:27,625,Microsoft-Windows-Sysmon,{5770385f-c22a-43e0-bf4c-06f5698ffbd9},4,0x8000000000000000,Microsoft-Windows-Sysmon/Operational,WORKSTATION5,2021-06-11T09:07:27.375Z,2021-06-11T09:07:27.375Z,10,"Process accessed:
RuleName: -
UtcTime: 2021-06-12 01:07:27.369
SourceProcessGUID: {e2c04bb9-a70e-60c3-0d61-390000000000}
SourceProcessId: 1320
SourceThreadId: 7544
SourceImage: C:\Windows\Explorer.EXE
TargetProcessGUID: {e2c04bb9-a90a-60c3-7d02-000000000300}
TargetProcessId: 8752
TargetImage: C:\Windows\system32\conhost.exe
GrantedAccess: 0x1000
CallTrace: C:\Windows\SYSTEM32\ntdll.dll+9d364|C:\Windows\System32\KERNELBASE.dll+305ee|C:\Windows\System32\appresolver.dll+22415|C:\Windows\System32\appresolver.dll+1f03c|C:\Windows\system32\twinui.pcshell.dll+1f404|C:\Windows\system32\twinui.pcshell.dll+11b6bc|C:\Windows\System32\KERNEL32.DLL+17c24|C:\Windows\SYSTEM32\ntdll.dll+6d721",10,-,,0,,,,,,,,,,,,,,,,,,,{e2c04bb9-a70e-60c3-0d61-390000000000},1320,7544.0,C:\Windows\Explorer.EXE,{e2c04bb9-a90a-60c3-7d02-000000000300},8752,C:\Windows\system32\conhost.exe,0x1000,C:\Windows\SYSTEM32\ntdll.dll+9d364|C:\Windows\System32\KERNELBASE.dll+305ee|C:\Windows\System32\appresolver.dll+22415|C:\Windows\System32\appresolver.dll+1f03c|C:\Windows\system32\twinui.pcshell.dll+1f404|C:\Windows\system32\twinui.pcshell.dll+11b6bc|C:\Windows\System32\KERNEL32.DLL+17c24|C:\Windows\SYSTEM32\ntdll.dll+6d721,,,,,,,,,,,,,,,,,,,,,,,,,,,,,,,,,,,,,,,,,,,,,,,,,,,,,,,,,,,,,,,,,,,,,,,,,,,,,,,,,,,,,0,0,0,0,1,0,2,True
2021-06-12 01:07:27,626,Microsoft-Windows-Sysmon,{5770385f-c22a-43e0-bf4c-06f5698ffbd9},4,0x8000000000000000,Microsoft-Windows-Sysmon/Operational,WORKSTATION5,2021-06-11T09:07:27.375Z,2021-06-11T09:07:27.375Z,10,"Process accessed:
RuleName: -
UtcTime: 2021-06-12 01:07:27.369
SourceProcessGUID: {e2c04bb9-a70e-60c3-0d61-390000000000}
SourceProcessId: 1320
SourceThreadId: 7544
SourceImage: C:\Windows\Explorer.EXE
TargetProcessGUID: {e2c04bb9-a90a-60c3-7d02-000000000300}
TargetProcessId: 8752
TargetImage: C:\Windows\system32\conhost.exe
GrantedAccess: 0x1000
CallTrace: C:\Windows\SYSTEM32\ntdll.dll+9d364|C:\Windows\System32\KERNELBASE.dll+305ee|C:\Windows\System32\appresolver.dll+1f103|C:\Windows\system32\twinui.pcshell.dll+1f404|C:\Windows\system32\twinui.pcshell.dll+11b6bc|C:\Windows\System32\KERNEL32.DLL+17c24|C:\Windows\SYSTEM32\ntdll.dll+6d721",10,-,,0,,,,,,,,,,,,,,,,,,,{e2c04bb9-a70e-60c3-0d61-390000000000},1320,7544.0,C:\Windows\Explorer.EXE,{e2c04bb9-a90a-60c3-7d02-000000000300},8752,C:\Windows\system32\conhost.exe,0x1000,C:\Windows\SYSTEM32\ntdll.dll+9d364|C:\Windows\System32\KERNELBASE.dll+305ee|C:\Windows\System32\appresolver.dll+1f103|C:\Windows\system32\twinui.pcshell.dll+1f404|C:\Windows\system32\twinui.pcshell.dll+11b6bc|C:\Windows\System32\KERNEL32.DLL+17c24|C:\Windows\SYSTEM32\ntdll.dll+6d721,,,,,,,,,,,,,,,,,,,,,,,,,,,,,,,,,,,,,,,,,,,,,,,,,,,,,,,,,,,,,,,,,,,,,,,,,,,,,,,,,,,,,0,0,0,0,1,0,2,True
2021-06-12 01:07:27,619,Microsoft-Windows-Sysmon,{5770385f-c22a-43e0-bf4c-06f5698ffbd9},4,0x8000000000000000,Microsoft-Windows-Sysmon/Operational,WORKSTATION5,2021-06-11T09:07:27.374Z,2021-06-11T09:07:27.374Z,10,"Process accessed:
RuleName: -
UtcTime: 2021-06-12 01:07:27.353
SourceProcessGUID: {e2c04bb9-a70e-60c3-0d61-390000000000}
SourceProcessId: 1320
SourceThreadId: 7300
SourceImage: C:\Windows\Explorer.EXE
TargetProcessGUID: {e2c04bb9-a909-60c3-c871-6c0000000000}
TargetProcessId: 8912
TargetImage: C:\Windows\System32\WindowsPowerShell\v1.0\powershell.exe
GrantedAccess: 0x2000
CallTrace: C:\Windows\SYSTEM32\ntdll.dll+9d364|C:\Windows\System32\KERNELBASE.dll+305ee|C:\Windows\system32\twinui.dll+29083|C:\Windows\system32\twinui.dll+5f85b|C:\Windows\system32\twinui.dll+5f36c|C:\Windows\system32\twinui.dll+1ef9a|C:\Windows\system32\twinui.dll+48799|C:\Windows\system32\twinui.dll+488db|C:\Windows\system32\twinui.dll+4885d|C:\Windows\System32\USER32.dll+15c1d|C:\Windows\System32\USER32.dll+15612|C:\Windows\System32\windows.immersiveshell.serviceprovider.dll+4860|C:\Windows\System32\windows.immersiveshell.serviceprovider.dll+4429|C:\Windows\System32\windows.immersiveshell.serviceprovider.dll+40bf|C:\Windows\System32\KERNEL32.DLL+17c24|C:\Windows\SYSTEM32\ntdll.dll+6d721",10,-,,0,,,,,,,,,,,,,,,,,,,{e2c04bb9-a70e-60c3-0d61-390000000000},1320,7300.0,C:\Windows\Explorer.EXE,{e2c04bb9-a909-60c3-c871-6c0000000000},8912,C:\Windows\System32\WindowsPowerShell\v1.0\powershell.exe,0x2000,C:\Windows\SYSTEM32\ntdll.dll+9d364|C:\Windows\System32\KERNELBASE.dll+305ee|C:\Windows\system32\twinui.dll+29083|C:\Windows\system32\twinui.dll+5f85b|C:\Windows\system32\twinui.dll+5f36c|C:\Windows\system32\twinui.dll+1ef9a|C:\Windows\system32\twinui.dll+48799|C:\Windows\system32\twinui.dll+488db|C:\Windows\system32\twinui.dll+4885d|C:\Windows\System32\USER32.dll+15c1d|C:\Windows\System32\USER32.dll+15612|C:\Windows\System32\windows.immersiveshell.serviceprovider.dll+4860|C:\Windows\System32\windows.immersiveshell.serviceprovider.dll+4429|C:\Windows\System32\windows.immersiveshell.serviceprovider.dll+40bf|C:\Windows\System32\KERNEL32.DLL+17c24|C:\Windows\SYSTEM32\ntdll.dll+6d721,,,,,,,,,,,,,,,,,,,,,,,,,,,,,,,,,,,,,,,,,,,,,,,,,,,,,,,,,,,,,,,,,,,,,,,,,,,,,,,,,,,,,0,0,0,0,1,0,2,True
2021-06-12 01:07:27,620,Microsoft-Windows-Sysmon,{5770385f-c22a-43e0-bf4c-06f5698ffbd9},4,0x8000000000000000,Microsoft-Windows-Sysmon/Operational,WORKSTATION5,2021-06-11T09:07:27.375Z,2021-06-11T09:07:27.375Z,10,"Process accessed:
RuleName: -
UtcTime: 2021-06-12 01:07:27.369
SourceProcessGUID: {e2c04bb9-a70e-60c3-0d61-390000000000}
SourceProcessId: 1320
SourceThreadId: 7300
SourceImage: C:\Windows\Explorer.EXE
TargetProcessGUID: {e2c04bb9-a909-60c3-c871-6c0000000000}
TargetProcessId: 8912
TargetImage: C:\Windows\System32\WindowsPowerShell\v1.0\powershell.exe
GrantedAccess: 0x2000
CallTrace: C:\Windows\SYSTEM32\ntdll.dll+9d364|C:\Windows\System32\KERNELBASE.dll+305ee|C:\Windows\system32\twinui.dll+2adb9|C:\Windows\system32\twinui.dll+29292|C:\Windows\system32\twinui.dll+5f85b|C:\Windows\system32\twinui.dll+5f36c|C:\Windows\system32\twinui.dll+1ef9a|C:\Windows\system32\twinui.dll+48799|C:\Windows\system32\twinui.dll+488db|C:\Windows\system32\twinui.dll+4885d|C:\Windows\System32\USER32.dll+15c1d|C:\Windows\System32\USER32.dll+15612|C:\Windows\System32\windows.immersiveshell.serviceprovider.dll+4860|C:\Windows\System32\windows.immersiveshell.serviceprovider.dll+4429|C:\Windows\System32\windows.immersiveshell.serviceprovider.dll+40bf|C:\Windows\System32\KERNEL32.DLL+17c24|C:\Windows\SYSTEM32\ntdll.dll+6d721",10,-,,0,,,,,,,,,,,,,,,,,,,{e2c04bb9-a70e-60c3-0d61-390000000000},1320,7300.0,C:\Windows\Explorer.EXE,{e2c04bb9-a909-60c3-c871-6c0000000000},8912,C:\Windows\System32\WindowsPowerShell\v1.0\powershell.exe,0x2000,C:\Windows\SYSTEM32\ntdll.dll+9d364|C:\Windows\System32\KERNELBASE.dll+305ee|C:\Windows\system32\twinui.dll+2adb9|C:\Windows\system32\twinui.dll+29292|C:\Windows\system32\twinui.dll+5f85b|C:\Windows\system32\twinui.dll+5f36c|C:\Windows\system32\twinui.dll+1ef9a|C:\Windows\system32\twinui.dll+48799|C:\Windows\system32\twinui.dll+488db|C:\Windows\system32\twinui.dll+4885d|C:\Windows\System32\USER32.dll+15c1d|C:\Windows\System32\USER32.dll+15612|C:\Windows\System32\windows.immersiveshell.serviceprovider.dll+4860|C:\Windows\System32\windows.immersiveshell.serviceprovider.dll+4429|C:\Windows\System32\windows.immersiveshell.serviceprovider.dll+40bf|C:\Windows\System32\KERNEL32.DLL+17c24|C:\Windows\SYSTEM32\ntdll.dll+6d721,,,,,,,,,,,,,,,,,,,,,,,,,,,,,,,,,,,,,,,,,,,,,,,,,,,,,,,,,,,,,,,,,,,,,,,,,,,,,,,,,,,,,0,0,0,0,1,0,2,True
2021-06-12 01:07:27,618,Microsoft-Windows-Sysmon,{5770385f-c22a-43e0-bf4c-06f5698ffbd9},4,0x8000000000000000,Microsoft-Windows-Sysmon/Operational,WORKSTATION5,2021-06-11T09:07:27.374Z,2021-06-11T09:07:27.374Z,10,"Process accessed:
RuleName: -
UtcTime: 2021-06-12 01:07:27.353
SourceProcessGUID: {e2c04bb9-a70e-60c3-0d61-390000000000}
SourceProcessId: 1320
SourceThreadId: 7300
SourceImage: C:\Windows\Explorer.EXE
TargetProcessGUID: {e2c04bb9-a909-60c3-c871-6c0000000000}
TargetProcessId: 8912
TargetImage: C:\Windows\System32\WindowsPowerShell\v1.0\powershell.exe
GrantedAccess: 0x1000
CallTrace: C:\Windows\SYSTEM32\ntdll.dll+9d364|C:\Windows\System32\KERNELBASE.dll+305ee|C:\Windows\SYSTEM32\TWINAPI.dll+2f93|C:\Windows\system32\twinui.pcshell.dll+22320|C:\Windows\system32\twinui.pcshell.dll+21b22|C:\Windows\system32\twinui.dll+5f85b|C:\Windows\system32\twinui.dll+5f36c|C:\Windows\system32\twinui.dll+1ef9a|C:\Windows\system32\twinui.dll+48799|C:\Windows\system32\twinui.dll+488db|C:\Windows\system32\twinui.dll+4885d|C:\Windows\System32\USER32.dll+15c1d|C:\Windows\System32\USER32.dll+15612|C:\Windows\System32\windows.immersiveshell.serviceprovider.dll+4860|C:\Windows\System32\windows.immersiveshell.serviceprovider.dll+4429|C:\Windows\System32\windows.immersiveshell.serviceprovider.dll+40bf|C:\Windows\System32\KERNEL32.DLL+17c24|C:\Windows\SYSTEM32\ntdll.dll+6d721",10,-,,0,,,,,,,,,,,,,,,,,,,{e2c04bb9-a70e-60c3-0d61-390000000000},1320,7300.0,C:\Windows\Explorer.EXE,{e2c04bb9-a909-60c3-c871-6c0000000000},8912,C:\Windows\System32\WindowsPowerShell\v1.0\powershell.exe,0x1000,C:\Windows\SYSTEM32\ntdll.dll+9d364|C:\Windows\System32\KERNELBASE.dll+305ee|C:\Windows\SYSTEM32\TWINAPI.dll+2f93|C:\Windows\system32\twinui.pcshell.dll+22320|C:\Windows\system32\twinui.pcshell.dll+21b22|C:\Windows\system32\twinui.dll+5f85b|C:\Windows\system32\twinui.dll+5f36c|C:\Windows\system32\twinui.dll+1ef9a|C:\Windows\system32\twinui.dll+48799|C:\Windows\system32\twinui.dll+488db|C:\Windows\system32\twinui.dll+4885d|C:\Windows\System32\USER32.dll+15c1d|C:\Windows\System32\USER32.dll+15612|C:\Windows\System32\windows.immersiveshell.serviceprovider.dll+4860|C:\Windows\System32\windows.immersiveshell.serviceprovider.dll+4429|C:\Windows\System32\windows.immersiveshell.serviceprovider.dll+40bf|C:\Windows\System32\KERNEL32.DLL+17c24|C:\Windows\SYSTEM32\ntdll.dll+6d721,,,,,,,,,,,,,,,,,,,,,,,,,,,,,,,,,,,,,,,,,,,,,,,,,,,,,,,,,,,,,,,,,,,,,,,,,,,,,,,,,,,,,0,0,0,0,0,0,1,True
2021-06-12 01:07:27,622,Microsoft-Windows-Sysmon,{5770385f-c22a-43e0-bf4c-06f5698ffbd9},4,0x8000000000000000,Microsoft-Windows-Sysmon/Operational,WORKSTATION5,2021-06-11T09:07:27.375Z,2021-06-11T09:07:27.375Z,10,"Process accessed:
RuleName: -
UtcTime: 2021-06-12 01:07:27.369
SourceProcessGUID: {e2c04bb9-a70e-60c3-0d61-390000000000}
SourceProcessId: 1320
SourceThreadId: 7300
SourceImage: C:\Windows\Explorer.EXE
TargetProcessGUID: {e2c04bb9-d0f0-60c3-48da-ec0000000000}
TargetProcessId: 5632
TargetImage: C:\Windows\system32\cmd.exe
GrantedAccess: 0x2000
CallTrace: C:\Windows\SYSTEM32\ntdll.dll+9d364|C:\Windows\System32\KERNELBASE.dll+305ee|C:\Windows\system32\twinui.dll+2adb9|C:\Windows\system32\twinui.dll+29292|C:\Windows\system32\twinui.dll+5f85b|C:\Windows\system32\twinui.dll+5f36c|C:\Windows\system32\twinui.dll+1ef9a|C:\Windows\system32\twinui.dll+48799|C:\Windows\system32\twinui.dll+488db|C:\Windows\system32\twinui.dll+4885d|C:\Windows\System32\USER32.dll+15c1d|C:\Windows\System32\USER32.dll+15612|C:\Windows\System32\windows.immersiveshell.serviceprovider.dll+4860|C:\Windows\System32\windows.immersiveshell.serviceprovider.dll+4429|C:\Windows\System32\windows.immersiveshell.serviceprovider.dll+40bf|C:\Windows\System32\KERNEL32.DLL+17c24|C:\Windows\SYSTEM32\ntdll.dll+6d721",10,-,,0,,,,,,,,,,,,,,,,,,,{e2c04bb9-a70e-60c3-0d61-390000000000},1320,7300.0,C:\Windows\Explorer.EXE,{e2c04bb9-d0f0-60c3-48da-ec0000000000},5632,C:\Windows\system32\cmd.exe,0x2000,C:\Windows\SYSTEM32\ntdll.dll+9d364|C:\Windows\System32\KERNELBASE.dll+305ee|C:\Windows\system32\twinui.dll+2adb9|C:\Windows\system32\twinui.dll+29292|C:\Windows\system32\twinui.dll+5f85b|C:\Windows\system32\twinui.dll+5f36c|C:\Windows\system32\twinui.dll+1ef9a|C:\Windows\system32\twinui.dll+48799|C:\Windows\system32\twinui.dll+488db|C:\Windows\system32\twinui.dll+4885d|C:\Windows\System32\USER32.dll+15c1d|C:\Windows\System32\USER32.dll+15612|C:\Windows\System32\windows.immersiveshell.serviceprovider.dll+4860|C:\Windows\System32\windows.immersiveshell.serviceprovider.dll+4429|C:\Windows\System32\windows.immersiveshell.serviceprovider.dll+40bf|C:\Windows\System32\KERNEL32.DLL+17c24|C:\Windows\SYSTEM32\ntdll.dll+6d721,,,,,,,,,,,,,,,,,,,,,,,,,,,,,,,,,,,,,,,,,,,,,,,,,,,,,,,,,,,,,,,,,,,,,,,,,,,,,,,,,,,,,0,0,0,0,0,0,1,True
2021-06-12 01:07:27,623,Microsoft-Windows-Sysmon,{5770385f-c22a-43e0-bf4c-06f5698ffbd9},4,0x8000000000000000,Microsoft-Windows-Sysmon/Operational,WORKSTATION5,2021-06-11T09:07:27.375Z,2021-06-11T09:07:27.375Z,10,"Process accessed:
RuleName: -
UtcTime: 2021-06-12 01:07:27.369
SourceProcessGUID: {e2c04bb9-a346-60c3-0f00-000000000300}
SourceProcessId: 876
SourceThreadId: 8492
SourceImage: C:\Windows\system32\svchost.exe
TargetProcessGUID: {e2c04bb9-a90a-60c3-7d02-000000000300}
TargetProcessId: 8752
TargetImage: C:\Windows\system32\conhost.exe
GrantedAccess: 0x2000
CallTrace: C:\Windows\SYSTEM32\ntdll.dll+9d364|C:\Windows\SYSTEM32\psmserviceexthost.dll+31160|C:\Windows\SYSTEM32\psmserviceexthost.dll+30e5f|C:\Windows\SYSTEM32\ntdll.dll+6ba5|C:\Windows\SYSTEM32\ntdll.dll+67f1|C:\Windows\SYSTEM32\ntdll.dll+6650|C:\Windows\SYSTEM32\ntdll.dll+3052c|C:\Windows\SYSTEM32\ntdll.dll+34142|C:\Windows\System32\KERNEL32.DLL+17c24|C:\Windows\SYSTEM32\ntdll.dll+6d721",10,-,,0,,,,,,,,,,,,,,,,,,,{e2c04bb9-a346-60c3-0f00-000000000300},876,8492.0,C:\Windows\system32\svchost.exe,{e2c04bb9-a90a-60c3-7d02-000000000300},8752,C:\Windows\system32\conhost.exe,0x2000,C:\Windows\SYSTEM32\ntdll.dll+9d364|C:\Windows\SYSTEM32\psmserviceexthost.dll+31160|C:\Windows\SYSTEM32\psmserviceexthost.dll+30e5f|C:\Windows\SYSTEM32\ntdll.dll+6ba5|C:\Windows\SYSTEM32\ntdll.dll+67f1|C:\Windows\SYSTEM32\ntdll.dll+6650|C:\Windows\SYSTEM32\ntdll.dll+3052c|C:\Windows\SYSTEM32\ntdll.dll+34142|C:\Windows\System32\KERNEL32.DLL+17c24|C:\Windows\SYSTEM32\ntdll.dll+6d721,,,,,,,,,,,,,,,,,,,,,,,,,,,,,,,,,,,,,,,,,,,,,,,,,,,,,,,,,,,,,,,,,,,,,,,,,,,,,,,,,,,,,0,0,0,0,0,0,1,True
2021-06-12 01:07:27,624,Microsoft-Windows-Sysmon,{5770385f-c22a-43e0-bf4c-06f5698ffbd9},4,0x8000000000000000,Microsoft-Windows-Sysmon/Operational,WORKSTATION5,2021-06-11T09:07:27.375Z,2021-06-11T09:07:27.375Z,10,"Process accessed:
RuleName: -
UtcTime: 2021-06-12 01:07:27.369
SourceProcessGUID: {e2c04bb9-a70e-60c3-0d61-390000000000}
SourceProcessId: 1320
SourceThreadId: 7544
SourceImage: C:\Windows\Explorer.EXE
TargetProcessGUID: {e2c04bb9-a90a-60c3-7d02-000000000300}
TargetProcessId: 8752
TargetImage: C:\Windows\system32\conhost.exe
GrantedAccess: 0x1410
CallTrace: C:\Windows\SYSTEM32\ntdll.dll+9d364|C:\Windows\System32\KERNELBASE.dll+305ee|C:\Windows\system32\twinui.pcshell.dll+1f1d7|C:\Windows\system32\twinui.pcshell.dll+11b6bc|C:\Windows\System32\KERNEL32.DLL+17c24|C:\Windows\SYSTEM32\ntdll.dll+6d721",10,-,,0,,,,,,,,,,,,,,,,,,,{e2c04bb9-a70e-60c3-0d61-390000000000},1320,7544.0,C:\Windows\Explorer.EXE,{e2c04bb9-a90a-60c3-7d02-000000000300},8752,C:\Windows\system32\conhost.exe,0x1410,C:\Windows\SYSTEM32\ntdll.dll+9d364|C:\Windows\System32\KERNELBASE.dll+305ee|C:\Windows\system32\twinui.pcshell.dll+1f1d7|C:\Windows\system32\twinui.pcshell.dll+11b6bc|C:\Windows\System32\KERNEL32.DLL+17c24|C:\Windows\SYSTEM32\ntdll.dll+6d721,,,,,,,,,,,,,,,,,,,,,,,,,,,,,,,,,,,,,,,,,,,,,,,,,,,,,,,,,,,,,,,,,,,,,,,,,,,,,,,,,,,,,0,0,0,0,0,0,1,True
2021-06-12 01:07:27,621,Microsoft-Windows-Sysmon,{5770385f-c22a-43e0-bf4c-06f5698ffbd9},4,0x8000000000000000,Microsoft-Windows-Sysmon/Operational,WORKSTATION5,2021-06-11T09:07:27.375Z,2021-06-11T09:07:27.375Z,10,"Process accessed:
RuleName: -
UtcTime: 2021-06-12 01:07:27.369
SourceProcessGUID: {e2c04bb9-a70e-60c3-0d61-390000000000}
SourceProcessId: 1320
SourceThreadId: 7300
SourceImage: C:\Windows\Explorer.EXE
TargetProcessGUID: {e2c04bb9-08cb-60c4-eb40-400100000000}
TargetProcessId: 4236
TargetImage: C:\TMP\CreateNamedPipe.exe
GrantedAccess: 0x2000
CallTrace: C:\Windows\SYSTEM32\ntdll.dll+9d364|C:\Windows\System32\KERNELBASE.dll+305ee|C:\Windows\system32\twinui.dll+2adb9|C:\Windows\system32\twinui.dll+29292|C:\Windows\system32\twinui.dll+5f85b|C:\Windows\system32\twinui.dll+5f36c|C:\Windows\system32\twinui.dll+1ef9a|C:\Windows\system32\twinui.dll+48799|C:\Windows\system32\twinui.dll+488db|C:\Windows\system32\twinui.dll+4885d|C:\Windows\System32\USER32.dll+15c1d|C:\Windows\System32\USER32.dll+15612|C:\Windows\System32\windows.immersiveshell.serviceprovider.dll+4860|C:\Windows\System32\windows.immersiveshell.serviceprovider.dll+4429|C:\Windows\System32\windows.immersiveshell.serviceprovider.dll+40bf|C:\Windows\System32\KERNEL32.DLL+17c24|C:\Windows\SYSTEM32\ntdll.dll+6d721",10,-,,0,,,,,,,,,,,,,,,,,,,{e2c04bb9-a70e-60c3-0d61-390000000000},1320,7300.0,C:\Windows\Explorer.EXE,{e2c04bb9-08cb-60c4-eb40-400100000000},4236,C:\TMP\CreateNamedPipe.exe,0x2000,C:\Windows\SYSTEM32\ntdll.dll+9d364|C:\Windows\System32\KERNELBASE.dll+305ee|C:\Windows\system32\twinui.dll+2adb9|C:\Windows\system32\twinui.dll+29292|C:\Windows\system32\twinui.dll+5f85b|C:\Windows\system32\twinui.dll+5f36c|C:\Windows\system32\twinui.dll+1ef9a|C:\Windows\system32\twinui.dll+48799|C:\Windows\system32\twinui.dll+488db|C:\Windows\system32\twinui.dll+4885d|C:\Windows\System32\USER32.dll+15c1d|C:\Windows\System32\USER32.dll+15612|C:\Windows\System32\windows.immersiveshell.serviceprovider.dll+4860|C:\Windows\System32\windows.immersiveshell.serviceprovider.dll+4429|C:\Windows\System32\windows.immersiveshell.serviceprovider.dll+40bf|C:\Windows\System32\KERNEL32.DLL+17c24|C:\Windows\SYSTEM32\ntdll.dll+6d721,,,,,,,,,,,,,,,,,,,,,,,,,,,,,,,,,,,,,,,,,,,,,,,,,,,,,,,,,,,,,,,,,,,,,,,,,,,,,,,,,,,,,0,0,0,0,0,0,1,True
2021-06-12 01:07:28,862,Microsoft-Windows-Sysmon,{5770385f-c22a-43e0-bf4c-06f5698ffbd9},4,0x8000000000000000,Microsoft-Windows-Sysmon/Operational,WORKSTATION5,2021-06-11T09:07:28.257Z,2021-06-11T09:07:28.257Z,7,"Image loaded:
RuleName: -
UtcTime: 2021-06-12 01:07:28.244
ProcessGuid: {e2c04bb9-08d0-60c4-8509-000000000300}
ProcessId: 1588
Image: C:\Windows\System32\conhost.exe
ImageLoaded: C:\Windows\System32\user32.dll
FileVersion: 10.0.18362.1316 (WinBuild.160101.0800)
Description: Multi-User Windows USER API Client DLL
Product: Microsoft® Windows® Operating System
Company: Microsoft Corporation
OriginalFileName: user32
Hashes: SHA1=63B37173CD76F53B30B5E68EE619E3E936E9A4F6,MD5=1030B585DD1CE136F59238C2019D36C9,SHA256=68C783A106E808BF0B3385BF8A926963EF4FECFE9B7B6E760126DFD20355DAEE,IMPHASH=70F6F0466DB32D0AA9E18434AE996907
Signed: true
Signature: Microsoft Windows
SignatureStatus: Valid",7,-,{e2c04bb9-08d0-60c4-8509-000000000300},1588,C:\Windows\System32\conhost.exe,10.0.18362.1316 (WinBuild.160101.0800),Multi-User Windows USER API Client DLL,Microsoft® Windows® Operating System,Microsoft Corporation,user32,,,,,,,,"SHA1=63B37173CD76F53B30B5E68EE619E3E936E9A4F6,MD5=1030B585DD1CE136F59238C2019D36C9,SHA256=68C783A106E808BF0B3385BF8A926963EF4FECFE9B7B6E760126DFD20355DAEE,IMPHASH=70F6F0466DB32D0AA9E18434AE996907",,,,,,,,,,,,,,C:\Windows\System32\user32.dll,True,Microsoft Windows,Valid,,,,,,,,,,,,,,,,,,,,,,,,,,,,,,,,,,,,,,,,,,,,,,,,,,,,,,,,,,,,,,,,,,,,,,,,,,,,,,,,,0,0,0,0,0,0,2,True
2021-06-12 01:07:28,856,Microsoft-Windows-Sysmon,{5770385f-c22a-43e0-bf4c-06f5698ffbd9},4,0x8000000000000000,Microsoft-Windows-Sysmon/Operational,WORKSTATION5,2021-06-11T09:07:28.255Z,2021-06-11T09:07:28.255Z,7,"Image loaded:
RuleName: -
UtcTime: 2021-06-12 01:07:28.244
ProcessGuid: {e2c04bb9-08d0-60c4-8409-000000000300}
ProcessId: 1928
Image: C:\Windows\System32\timeout.exe
ImageLoaded: C:\Windows\System32\shlwapi.dll
FileVersion: 10.0.18362.1316 (WinBuild.160101.0800)
Description: Shell Light-weight Utility Library
Product: Microsoft® Windows® Operating System
Company: Microsoft Corporation
OriginalFileName: SHLWAPI.DLL
Hashes: SHA1=65C23F4CB9860EEBA253353C6738B45D52CE19F6,MD5=7CADEDFCEABF9D8B4B932FAB9364BA40,SHA256=CE3C1AB6E980D750C70ED7EB533BA9E1BF194033797ACC507F5B766FEEEC1FCB,IMPHASH=6659A49ABF33952444C5A7FA22FD9032
Signed: true
Signature: Microsoft Windows
SignatureStatus: Valid",7,-,{e2c04bb9-08d0-60c4-8409-000000000300},1928,C:\Windows\System32\timeout.exe,10.0.18362.1316 (WinBuild.160101.0800),Shell Light-weight Utility Library,Microsoft® Windows® Operating System,Microsoft Corporation,SHLWAPI.DLL,,,,,,,,"SHA1=65C23F4CB9860EEBA253353C6738B45D52CE19F6,MD5=7CADEDFCEABF9D8B4B932FAB9364BA40,SHA256=CE3C1AB6E980D750C70ED7EB533BA9E1BF194033797ACC507F5B766FEEEC1FCB,IMPHASH=6659A49ABF33952444C5A7FA22FD9032",,,,,,,,,,,,,,C:\Windows\System32\shlwapi.dll,True,Microsoft Windows,Valid,,,,,,,,,,,,,,,,,,,,,,,,,,,,,,,,,,,,,,,,,,,,,,,,,,,,,,,,,,,,,,,,,,,,,,,,,,,,,,,,,0,0,0,0,0,0,3,True
2021-06-12 01:07:28,861,Microsoft-Windows-Sysmon,{5770385f-c22a-43e0-bf4c-06f5698ffbd9},4,0x8000000000000000,Microsoft-Windows-Sysmon/Operational,WORKSTATION5,2021-06-11T09:07:28.257Z,2021-06-11T09:07:28.257Z,7,"Image loaded:
RuleName: -
UtcTime: 2021-06-12 01:07:28.244
ProcessGuid: {e2c04bb9-08d0-60c4-8409-000000000300}
ProcessId: 1928
Image: C:\Windows\System32\timeout.exe
ImageLoaded: C:\Windows\System32\version.dll
FileVersion: 10.0.18362.1 (WinBuild.160101.0800)
Description: Version Checking and File Installation Libraries
Product: Microsoft® Windows® Operating System
Company: Microsoft Corporation
OriginalFileName: VERSION.DLL
Hashes: SHA1=119724CC09BB52731D86A6B9F94003ED88E0E3FE,MD5=2C7C14627CFF3384C52E61D4DBD0ECC3,SHA256=41B4D85D84A86E41B948694B9B5F398A0D79F47629D6D969EB5B461D4F5D0347,IMPHASH=34340C2C4E9AA6EF6AD12BB695FC695B
Signed: true
Signature: Microsoft Windows
SignatureStatus: Valid",7,-,{e2c04bb9-08d0-60c4-8409-000000000300},1928,C:\Windows\System32\timeout.exe,10.0.18362.1 (WinBuild.160101.0800),Version Checking and File Installation Libraries,Microsoft® Windows® Operating System,Microsoft Corporation,VERSION.DLL,,,,,,,,"SHA1=119724CC09BB52731D86A6B9F94003ED88E0E3FE,MD5=2C7C14627CFF3384C52E61D4DBD0ECC3,SHA256=41B4D85D84A86E41B948694B9B5F398A0D79F47629D6D969EB5B461D4F5D0347,IMPHASH=34340C2C4E9AA6EF6AD12BB695FC695B",,,,,,,,,,,,,,C:\Windows\System32\version.dll,True,Microsoft Windows,Valid,,,,,,,,,,,,,,,,,,,,,,,,,,,,,,,,,,,,,,,,,,,,,,,,,,,,,,,,,,,,,,,,,,,,,,,,,,,,,,,,,0,0,0,0,0,0,3,True
2021-06-12 01:07:28,860,Microsoft-Windows-Sysmon,{5770385f-c22a-43e0-bf4c-06f5698ffbd9},4,0x8000000000000000,Microsoft-Windows-Sysmon/Operational,WORKSTATION5,2021-06-11T09:07:28.256Z,2021-06-11T09:07:28.256Z,10,"Process accessed:
RuleName: -
UtcTime: 2021-06-12 01:07:28.244
SourceProcessGUID: {e2c04bb9-08d0-60c4-8509-000000000300}
SourceProcessId: 1588
SourceThreadId: 5564
SourceImage: C:\Windows\system32\conhost.exe
TargetProcessGUID: {e2c04bb9-08d0-60c4-8309-000000000300}
TargetProcessId: 7444
TargetImage: C:\TMP\CreateNamedPipe.exe
GrantedAccess: 0x1FFFFF
CallTrace: C:\Windows\SYSTEM32\ntdll.dll+9d364|C:\Windows\System32\KERNELBASE.dll+305ee|C:\Windows\system32\conhost.exe+1297d|C:\Windows\system32\conhost.exe+12875|C:\Windows\system32\conhost.exe+8ccc|C:\Windows\system32\conhost.exe+f656|C:\Windows\System32\KERNEL32.DLL+17c24|C:\Windows\SYSTEM32\ntdll.dll+6d721",10,-,,0,,,,,,,,,,,,,,,,,,,{e2c04bb9-08d0-60c4-8509-000000000300},1588,5564.0,C:\Windows\system32\conhost.exe,{e2c04bb9-08d0-60c4-8309-000000000300},7444,C:\TMP\CreateNamedPipe.exe,0x1fffff,C:\Windows\SYSTEM32\ntdll.dll+9d364|C:\Windows\System32\KERNELBASE.dll+305ee|C:\Windows\system32\conhost.exe+1297d|C:\Windows\system32\conhost.exe+12875|C:\Windows\system32\conhost.exe+8ccc|C:\Windows\system32\conhost.exe+f656|C:\Windows\System32\KERNEL32.DLL+17c24|C:\Windows\SYSTEM32\ntdll.dll+6d721,,,,,,,,,,,,,,,,,,,,,,,,,,,,,,,,,,,,,,,,,,,,,,,,,,,,,,,,,,,,,,,,,,,,,,,,,,,,,,,,,,,,,0,0,0,0,0,0,3,True
