2021-06-12 01:07:28,920,Microsoft-Windows-Sysmon,{5770385f-c22a-43e0-bf4c-06f5698ffbd9},4,0x8000000000000000,Microsoft-Windows-Sysmon/Operational,WORKSTATION5,2021-06-11T09:07:28.329Z,2021-06-11T09:07:28.329Z,10,"Process accessed:
RuleName: -
UtcTime: 2021-06-12 01:07:28.290
SourceProcessGUID: {e2c04bb9-a70e-60c3-0d61-390000000000}
SourceProcessId: 1320
SourceThreadId: 7300
SourceImage: C:\Windows\Explorer.EXE
TargetProcessGUID: {e2c04bb9-08d0-60c4-8309-000000000300}
TargetProcessId: 7444
TargetImage: C:\TMP\CreateNamedPipe.exe
GrantedAccess: 0x1000
CallTrace: C:\Windows\SYSTEM32\ntdll.dll+9d364|C:\Windows\System32\KERNELBASE.dll+305ee|C:\Windows\system32\twinui.pcshell.dll+c35b|C:\Windows\system32\twinui.pcshell.dll+c290|C:\Windows\system32\twinui.pcshell.dll+be79|C:\Windows\system32\twinui.pcshell.dll+bc02|C:\Windows\system32\twinui.pcshell.dll+b7bd|C:\Windows\system32\twinui.pcshell.dll+2b70a|C:\Windows\system32\twinui.dll+63866|C:\Windows\system32\twinui.dll+635da|C:\Windows\system32\twinui.dll+634d3|C:\Windows\System32\USER32.dll+15c1d|C:\Windows\System32\USER32.dll+157ec|C:\Windows\System32\USER32.dll+25ab2|C:\Windows\SYSTEM32\ntdll.dll+a0c14|UNKNOWN(FFFFF8061EC918D5)|UNKNOWN(FFFFD4C836D23794)|UNKNOWN(FFFFD4C836CA0717)|UNKNOWN(FFFFD4C836C9FA2D)|UNKNOWN(FFFFD4C836C9C49A)|UNKNOWN(FFFFD4C836C9BEA7)|UNKNOWN(FFFFF8061E7D5755)|C:\Windows\System32\win32u.dll+10c4|C:\Windows\System32\USER32.dll+194f2",10,-,,0,,,,,,,,,,,,,,,,,,,{e2c04bb9-a70e-60c3-0d61-390000000000},1320,7300.0,C:\Windows\Explorer.EXE,{e2c04bb9-08d0-60c4-8309-000000000300},7444,C:\TMP\CreateNamedPipe.exe,0x1000,C:\Windows\SYSTEM32\ntdll.dll+9d364|C:\Windows\System32\KERNELBASE.dll+305ee|C:\Windows\system32\twinui.pcshell.dll+c35b|C:\Windows\system32\twinui.pcshell.dll+c290|C:\Windows\system32\twinui.pcshell.dll+be79|C:\Windows\system32\twinui.pcshell.dll+bc02|C:\Windows\system32\twinui.pcshell.dll+b7bd|C:\Windows\system32\twinui.pcshell.dll+2b70a|C:\Windows\system32\twinui.dll+63866|C:\Windows\system32\twinui.dll+635da|C:\Windows\system32\twinui.dll+634d3|C:\Windows\System32\USER32.dll+15c1d|C:\Windows\System32\USER32.dll+157ec|C:\Windows\System32\USER32.dll+25ab2|C:\Windows\SYSTEM32\ntdll.dll+a0c14|UNKNOWN(FFFFF8061EC918D5)|UNKNOWN(FFFFD4C836D23794)|UNKNOWN(FFFFD4C836CA0717)|UNKNOWN(FFFFD4C836C9FA2D)|UNKNOWN(FFFFD4C836C9C49A)|UNKNOWN(FFFFD4C836C9BEA7)|UNKNOWN(FFFFF8061E7D5755)|C:\Windows\System32\win32u.dll+10c4|C:\Windows\System32\USER32.dll+194f2,,,,,,,,,,,,,,,,,,,,,,,,,,,,,,,,,,,,,,,,,,,,,,,,,,,,,,,,,,,,,,,,,,,,,,,,,,,,,,,,,,,,,0,0,0,0,0,0,1,True
2021-06-12 01:07:28,919,Microsoft-Windows-Sysmon,{5770385f-c22a-43e0-bf4c-06f5698ffbd9},4,0x8000000000000000,Microsoft-Windows-Sysmon/Operational,WORKSTATION5,2021-06-11T09:07:28.329Z,2021-06-11T09:07:28.329Z,10,"Process accessed:
RuleName: -
UtcTime: 2021-06-12 01:07:28.290
SourceProcessGUID: {e2c04bb9-a70e-60c3-0d61-390000000000}
SourceProcessId: 1320
SourceThreadId: 5620
SourceImage: C:\Windows\Explorer.EXE
TargetProcessGUID: {e2c04bb9-08d0-60c4-8309-000000000300}
TargetProcessId: 7444
TargetImage: C:\TMP\CreateNamedPipe.exe
GrantedAccess: 0x1000
CallTrace: C:\Windows\SYSTEM32\ntdll.dll+9d364|C:\Windows\System32\KERNELBASE.dll+305ee|C:\Windows\SYSTEM32\twinapi.appcore.dll+2bc3b|C:\Windows\SYSTEM32\twinapi.appcore.dll+33b31|C:\Windows\SYSTEM32\twinapi.appcore.dll+2683f|C:\Windows\System32\TaskFlowDataEngine.dll+98a43|C:\Windows\System32\TaskFlowDataEngine.dll+979ca|C:\Windows\System32\TaskFlowDataEngine.dll+9780b|C:\Windows\System32\TaskFlowDataEngine.dll+945b6|C:\Windows\System32\TaskFlowDataEngine.dll+92ed8|C:\Windows\System32\TaskFlowDataEngine.dll+9d7c1|C:\Windows\System32\shcore.dll+1a8c9|C:\Windows\System32\shcore.dll+1a668|C:\Windows\System32\shcore.dll+19681|C:\Windows\System32\KERNEL32.DLL+17c24|C:\Windows\SYSTEM32\ntdll.dll+6d721",10,-,,0,,,,,,,,,,,,,,,,,,,{e2c04bb9-a70e-60c3-0d61-390000000000},1320,5620.0,C:\Windows\Explorer.EXE,{e2c04bb9-08d0-60c4-8309-000000000300},7444,C:\TMP\CreateNamedPipe.exe,0x1000,C:\Windows\SYSTEM32\ntdll.dll+9d364|C:\Windows\System32\KERNELBASE.dll+305ee|C:\Windows\SYSTEM32\twinapi.appcore.dll+2bc3b|C:\Windows\SYSTEM32\twinapi.appcore.dll+33b31|C:\Windows\SYSTEM32\twinapi.appcore.dll+2683f|C:\Windows\System32\TaskFlowDataEngine.dll+98a43|C:\Windows\System32\TaskFlowDataEngine.dll+979ca|C:\Windows\System32\TaskFlowDataEngine.dll+9780b|C:\Windows\System32\TaskFlowDataEngine.dll+945b6|C:\Windows\System32\TaskFlowDataEngine.dll+92ed8|C:\Windows\System32\TaskFlowDataEngine.dll+9d7c1|C:\Windows\System32\shcore.dll+1a8c9|C:\Windows\System32\shcore.dll+1a668|C:\Windows\System32\shcore.dll+19681|C:\Windows\System32\KERNEL32.DLL+17c24|C:\Windows\SYSTEM32\ntdll.dll+6d721,,,,,,,,,,,,,,,,,,,,,,,,,,,,,,,,,,,,,,,,,,,,,,,,,,,,,,,,,,,,,,,,,,,,,,,,,,,,,,,,,,,,,0,0,0,0,0,0,1,True
2021-06-12 01:07:28,918,Microsoft-Windows-Sysmon,{5770385f-c22a-43e0-bf4c-06f5698ffbd9},4,0x8000000000000000,Microsoft-Windows-Sysmon/Operational,WORKSTATION5,2021-06-11T09:07:28.329Z,2021-06-11T09:07:28.329Z,10,"Process accessed:
RuleName: -
UtcTime: 2021-06-12 01:07:28.290
SourceProcessGUID: {e2c04bb9-a70e-60c3-0d61-390000000000}
SourceProcessId: 1320
SourceThreadId: 7300
SourceImage: C:\Windows\Explorer.EXE
TargetProcessGUID: {e2c04bb9-08d0-60c4-8309-000000000300}
TargetProcessId: 7444
TargetImage: C:\TMP\CreateNamedPipe.exe
GrantedAccess: 0x1000
CallTrace: C:\Windows\SYSTEM32\ntdll.dll+9d364|C:\Windows\System32\KERNELBASE.dll+305ee|C:\Windows\system32\twinui.pcshell.dll+c795|C:\Windows\system32\twinui.pcshell.dll+c03c|C:\Windows\system32\twinui.pcshell.dll+7e9a1|C:\Windows\system32\twinui.pcshell.dll+bbf4|C:\Windows\system32\twinui.pcshell.dll+b7bd|C:\Windows\system32\twinui.pcshell.dll+2b70a|C:\Windows\system32\twinui.dll+63866|C:\Windows\system32\twinui.dll+635da|C:\Windows\system32\twinui.dll+634d3|C:\Windows\System32\USER32.dll+15c1d|C:\Windows\System32\USER32.dll+157ec|C:\Windows\System32\USER32.dll+25ab2|C:\Windows\SYSTEM32\ntdll.dll+a0c14|UNKNOWN(FFFFF8061EC918D5)|UNKNOWN(FFFFD4C836D23794)|UNKNOWN(FFFFD4C836CA0717)|UNKNOWN(FFFFD4C836C9FA2D)|UNKNOWN(FFFFD4C836C9C49A)|UNKNOWN(FFFFD4C836C9BEA7)|UNKNOWN(FFFFF8061E7D5755)|C:\Windows\System32\win32u.dll+10c4|C:\Windows\System32\USER32.dll+194f2",10,-,,0,,,,,,,,,,,,,,,,,,,{e2c04bb9-a70e-60c3-0d61-390000000000},1320,7300.0,C:\Windows\Explorer.EXE,{e2c04bb9-08d0-60c4-8309-000000000300},7444,C:\TMP\CreateNamedPipe.exe,0x1000,C:\Windows\SYSTEM32\ntdll.dll+9d364|C:\Windows\System32\KERNELBASE.dll+305ee|C:\Windows\system32\twinui.pcshell.dll+c795|C:\Windows\system32\twinui.pcshell.dll+c03c|C:\Windows\system32\twinui.pcshell.dll+7e9a1|C:\Windows\system32\twinui.pcshell.dll+bbf4|C:\Windows\system32\twinui.pcshell.dll+b7bd|C:\Windows\system32\twinui.pcshell.dll+2b70a|C:\Windows\system32\twinui.dll+63866|C:\Windows\system32\twinui.dll+635da|C:\Windows\system32\twinui.dll+634d3|C:\Windows\System32\USER32.dll+15c1d|C:\Windows\System32\USER32.dll+157ec|C:\Windows\System32\USER32.dll+25ab2|C:\Windows\SYSTEM32\ntdll.dll+a0c14|UNKNOWN(FFFFF8061EC918D5)|UNKNOWN(FFFFD4C836D23794)|UNKNOWN(FFFFD4C836CA0717)|UNKNOWN(FFFFD4C836C9FA2D)|UNKNOWN(FFFFD4C836C9C49A)|UNKNOWN(FFFFD4C836C9BEA7)|UNKNOWN(FFFFF8061E7D5755)|C:\Windows\System32\win32u.dll+10c4|C:\Windows\System32\USER32.dll+194f2,,,,,,,,,,,,,,,,,,,,,,,,,,,,,,,,,,,,,,,,,,,,,,,,,,,,,,,,,,,,,,,,,,,,,,,,,,,,,,,,,,,,,0,0,0,0,0,0,1,True
2021-06-12 01:07:28,917,Microsoft-Windows-Sysmon,{5770385f-c22a-43e0-bf4c-06f5698ffbd9},4,0x8000000000000000,Microsoft-Windows-Sysmon/Operational,WORKSTATION5,2021-06-11T09:07:28.329Z,2021-06-11T09:07:28.329Z,10,"Process accessed:
RuleName: -
UtcTime: 2021-06-12 01:07:28.290
SourceProcessGUID: {e2c04bb9-a70e-60c3-0d61-390000000000}
SourceProcessId: 1320
SourceThreadId: 5620
SourceImage: C:\Windows\Explorer.EXE
TargetProcessGUID: {e2c04bb9-08d0-60c4-8309-000000000300}
TargetProcessId: 7444
TargetImage: C:\TMP\CreateNamedPipe.exe
GrantedAccess: 0x1000
CallTrace: C:\Windows\SYSTEM32\ntdll.dll+9d364|C:\Windows\System32\KERNELBASE.dll+305ee|C:\Windows\System32\TaskFlowDataEngine.dll+ce360|C:\Windows\System32\TaskFlowDataEngine.dll+97afb|C:\Windows\System32\TaskFlowDataEngine.dll+97796|C:\Windows\System32\TaskFlowDataEngine.dll+945b6|C:\Windows\System32\TaskFlowDataEngine.dll+92ed8|C:\Windows\System32\TaskFlowDataEngine.dll+9d7c1|C:\Windows\System32\shcore.dll+1a8c9|C:\Windows\System32\shcore.dll+1a668|C:\Windows\System32\shcore.dll+19681|C:\Windows\System32\KERNEL32.DLL+17c24|C:\Windows\SYSTEM32\ntdll.dll+6d721",10,-,,0,,,,,,,,,,,,,,,,,,,{e2c04bb9-a70e-60c3-0d61-390000000000},1320,5620.0,C:\Windows\Explorer.EXE,{e2c04bb9-08d0-60c4-8309-000000000300},7444,C:\TMP\CreateNamedPipe.exe,0x1000,C:\Windows\SYSTEM32\ntdll.dll+9d364|C:\Windows\System32\KERNELBASE.dll+305ee|C:\Windows\System32\TaskFlowDataEngine.dll+ce360|C:\Windows\System32\TaskFlowDataEngine.dll+97afb|C:\Windows\System32\TaskFlowDataEngine.dll+97796|C:\Windows\System32\TaskFlowDataEngine.dll+945b6|C:\Windows\System32\TaskFlowDataEngine.dll+92ed8|C:\Windows\System32\TaskFlowDataEngine.dll+9d7c1|C:\Windows\System32\shcore.dll+1a8c9|C:\Windows\System32\shcore.dll+1a668|C:\Windows\System32\shcore.dll+19681|C:\Windows\System32\KERNEL32.DLL+17c24|C:\Windows\SYSTEM32\ntdll.dll+6d721,,,,,,,,,,,,,,,,,,,,,,,,,,,,,,,,,,,,,,,,,,,,,,,,,,,,,,,,,,,,,,,,,,,,,,,,,,,,,,,,,,,,,0,0,0,0,0,0,1,True
2021-06-12 01:07:28,916,Microsoft-Windows-Sysmon,{5770385f-c22a-43e0-bf4c-06f5698ffbd9},4,0x8000000000000000,Microsoft-Windows-Sysmon/Operational,WORKSTATION5,2021-06-11T09:07:28.329Z,2021-06-11T09:07:28.329Z,10,"Process accessed:
RuleName: -
UtcTime: 2021-06-12 01:07:28.290
SourceProcessGUID: {e2c04bb9-a70e-60c3-0d61-390000000000}
SourceProcessId: 1320
SourceThreadId: 7300
SourceImage: C:\Windows\Explorer.EXE
TargetProcessGUID: {e2c04bb9-08d0-60c4-8309-000000000300}
TargetProcessId: 7444
TargetImage: C:\TMP\CreateNamedPipe.exe
GrantedAccess: 0x1000
CallTrace: C:\Windows\SYSTEM32\ntdll.dll+9d364|C:\Windows\System32\KERNELBASE.dll+305ee|C:\Windows\system32\twinui.pcshell.dll+c00f|C:\Windows\system32\twinui.pcshell.dll+7e9a1|C:\Windows\system32\twinui.pcshell.dll+bbf4|C:\Windows\system32\twinui.pcshell.dll+b7bd|C:\Windows\system32\twinui.pcshell.dll+2b70a|C:\Windows\system32\twinui.dll+63866|C:\Windows\system32\twinui.dll+635da|C:\Windows\system32\twinui.dll+634d3|C:\Windows\System32\USER32.dll+15c1d|C:\Windows\System32\USER32.dll+157ec|C:\Windows\System32\USER32.dll+25ab2|C:\Windows\SYSTEM32\ntdll.dll+a0c14|UNKNOWN(FFFFF8061EC918D5)|UNKNOWN(FFFFD4C836D23794)|UNKNOWN(FFFFD4C836CA0717)|UNKNOWN(FFFFD4C836C9FA2D)|UNKNOWN(FFFFD4C836C9C49A)|UNKNOWN(FFFFD4C836C9BEA7)|UNKNOWN(FFFFF8061E7D5755)|C:\Windows\System32\win32u.dll+10c4|C:\Windows\System32\USER32.dll+194f2|C:\Windows\System32\USER32.dll+19459",10,-,,0,,,,,,,,,,,,,,,,,,,{e2c04bb9-a70e-60c3-0d61-390000000000},1320,7300.0,C:\Windows\Explorer.EXE,{e2c04bb9-08d0-60c4-8309-000000000300},7444,C:\TMP\CreateNamedPipe.exe,0x1000,C:\Windows\SYSTEM32\ntdll.dll+9d364|C:\Windows\System32\KERNELBASE.dll+305ee|C:\Windows\system32\twinui.pcshell.dll+c00f|C:\Windows\system32\twinui.pcshell.dll+7e9a1|C:\Windows\system32\twinui.pcshell.dll+bbf4|C:\Windows\system32\twinui.pcshell.dll+b7bd|C:\Windows\system32\twinui.pcshell.dll+2b70a|C:\Windows\system32\twinui.dll+63866|C:\Windows\system32\twinui.dll+635da|C:\Windows\system32\twinui.dll+634d3|C:\Windows\System32\USER32.dll+15c1d|C:\Windows\System32\USER32.dll+157ec|C:\Windows\System32\USER32.dll+25ab2|C:\Windows\SYSTEM32\ntdll.dll+a0c14|UNKNOWN(FFFFF8061EC918D5)|UNKNOWN(FFFFD4C836D23794)|UNKNOWN(FFFFD4C836CA0717)|UNKNOWN(FFFFD4C836C9FA2D)|UNKNOWN(FFFFD4C836C9C49A)|UNKNOWN(FFFFD4C836C9BEA7)|UNKNOWN(FFFFF8061E7D5755)|C:\Windows\System32\win32u.dll+10c4|C:\Windows\System32\USER32.dll+194f2|C:\Windows\System32\USER32.dll+19459,,,,,,,,,,,,,,,,,,,,,,,,,,,,,,,,,,,,,,,,,,,,,,,,,,,,,,,,,,,,,,,,,,,,,,,,,,,,,,,,,,,,,0,0,0,0,0,0,1,True
2021-06-12 01:07:28,915,Microsoft-Windows-Sysmon,{5770385f-c22a-43e0-bf4c-06f5698ffbd9},4,0x8000000000000000,Microsoft-Windows-Sysmon/Operational,WORKSTATION5,2021-06-11T09:07:28.329Z,2021-06-11T09:07:28.329Z,10,"Process accessed:
RuleName: -
UtcTime: 2021-06-12 01:07:28.290
SourceProcessGUID: {e2c04bb9-a70e-60c3-0d61-390000000000}
SourceProcessId: 1320
SourceThreadId: 7300
SourceImage: C:\Windows\Explorer.EXE
TargetProcessGUID: {e2c04bb9-08d0-60c4-8309-000000000300}
TargetProcessId: 7444
TargetImage: C:\TMP\CreateNamedPipe.exe
GrantedAccess: 0x1410
CallTrace: C:\Windows\SYSTEM32\ntdll.dll+9d364|C:\Windows\System32\KERNELBASE.dll+305ee|C:\Windows\System32\appresolver.dll+22138|C:\Windows\System32\appresolver.dll+1f1b6|C:\Windows\system32\twinui.pcshell.dll+424930|C:\Windows\system32\twinui.pcshell.dll+a550a|C:\Windows\system32\twinui.pcshell.dll+a5089|C:\Windows\system32\twinui.pcshell.dll+6a3e7|C:\Windows\system32\twinui.pcshell.dll+57ba2|C:\Windows\system32\twinui.pcshell.dll+590be|C:\Windows\system32\twinui.pcshell.dll+7eaa6|C:\Windows\system32\twinui.pcshell.dll+5bc22|C:\Windows\System32\USER32.dll+15c1d|C:\Windows\System32\USER32.dll+15612|C:\Windows\system32\twinui.pcshell.dll+3fd49|C:\Windows\system32\twinui.pcshell.dll+3f6f0|C:\Windows\system32\twinui.pcshell.dll+b759|C:\Windows\system32\twinui.pcshell.dll+2b70a|C:\Windows\system32\twinui.dll+63866|C:\Windows\system32\twinui.dll+635da|C:\Windows\system32\twinui.dll+634d3|C:\Windows\System32\USER32.dll+15c1d|C:\Windows\System32\USER32.dll+157ec|C:\Windows\System32\USER32.dll+25ab2",10,-,,0,,,,,,,,,,,,,,,,,,,{e2c04bb9-a70e-60c3-0d61-390000000000},1320,7300.0,C:\Windows\Explorer.EXE,{e2c04bb9-08d0-60c4-8309-000000000300},7444,C:\TMP\CreateNamedPipe.exe,0x1410,C:\Windows\SYSTEM32\ntdll.dll+9d364|C:\Windows\System32\KERNELBASE.dll+305ee|C:\Windows\System32\appresolver.dll+22138|C:\Windows\System32\appresolver.dll+1f1b6|C:\Windows\system32\twinui.pcshell.dll+424930|C:\Windows\system32\twinui.pcshell.dll+a550a|C:\Windows\system32\twinui.pcshell.dll+a5089|C:\Windows\system32\twinui.pcshell.dll+6a3e7|C:\Windows\system32\twinui.pcshell.dll+57ba2|C:\Windows\system32\twinui.pcshell.dll+590be|C:\Windows\system32\twinui.pcshell.dll+7eaa6|C:\Windows\system32\twinui.pcshell.dll+5bc22|C:\Windows\System32\USER32.dll+15c1d|C:\Windows\System32\USER32.dll+15612|C:\Windows\system32\twinui.pcshell.dll+3fd49|C:\Windows\system32\twinui.pcshell.dll+3f6f0|C:\Windows\system32\twinui.pcshell.dll+b759|C:\Windows\system32\twinui.pcshell.dll+2b70a|C:\Windows\system32\twinui.dll+63866|C:\Windows\system32\twinui.dll+635da|C:\Windows\system32\twinui.dll+634d3|C:\Windows\System32\USER32.dll+15c1d|C:\Windows\System32\USER32.dll+157ec|C:\Windows\System32\USER32.dll+25ab2,,,,,,,,,,,,,,,,,,,,,,,,,,,,,,,,,,,,,,,,,,,,,,,,,,,,,,,,,,,,,,,,,,,,,,,,,,,,,,,,,,,,,0,0,0,0,0,0,1,True
2021-06-12 01:07:28,914,Microsoft-Windows-Sysmon,{5770385f-c22a-43e0-bf4c-06f5698ffbd9},4,0x8000000000000000,Microsoft-Windows-Sysmon/Operational,WORKSTATION5,2021-06-11T09:07:28.329Z,2021-06-11T09:07:28.329Z,10,"Process accessed:
RuleName: -
UtcTime: 2021-06-12 01:07:28.290
SourceProcessGUID: {e2c04bb9-a70e-60c3-0d61-390000000000}
SourceProcessId: 1320
SourceThreadId: 7300
SourceImage: C:\Windows\Explorer.EXE
TargetProcessGUID: {e2c04bb9-08d0-60c4-8309-000000000300}
TargetProcessId: 7444
TargetImage: C:\TMP\CreateNamedPipe.exe
GrantedAccess: 0x1000
CallTrace: C:\Windows\SYSTEM32\ntdll.dll+9d364|C:\Windows\System32\KERNELBASE.dll+305ee|C:\Windows\System32\appresolver.dll+1f103|C:\Windows\system32\twinui.pcshell.dll+424930|C:\Windows\system32\twinui.pcshell.dll+a550a|C:\Windows\system32\twinui.pcshell.dll+a5089|C:\Windows\system32\twinui.pcshell.dll+6a3e7|C:\Windows\system32\twinui.pcshell.dll+57ba2|C:\Windows\system32\twinui.pcshell.dll+590be|C:\Windows\system32\twinui.pcshell.dll+7eaa6|C:\Windows\system32\twinui.pcshell.dll+5bc22|C:\Windows\System32\USER32.dll+15c1d|C:\Windows\System32\USER32.dll+15612|C:\Windows\system32\twinui.pcshell.dll+3fd49|C:\Windows\system32\twinui.pcshell.dll+3f6f0|C:\Windows\system32\twinui.pcshell.dll+b759|C:\Windows\system32\twinui.pcshell.dll+2b70a|C:\Windows\system32\twinui.dll+63866|C:\Windows\system32\twinui.dll+635da|C:\Windows\system32\twinui.dll+634d3|C:\Windows\System32\USER32.dll+15c1d|C:\Windows\System32\USER32.dll+157ec|C:\Windows\System32\USER32.dll+25ab2|C:\Windows\SYSTEM32\ntdll.dll+a0c14",10,-,,0,,,,,,,,,,,,,,,,,,,{e2c04bb9-a70e-60c3-0d61-390000000000},1320,7300.0,C:\Windows\Explorer.EXE,{e2c04bb9-08d0-60c4-8309-000000000300},7444,C:\TMP\CreateNamedPipe.exe,0x1000,C:\Windows\SYSTEM32\ntdll.dll+9d364|C:\Windows\System32\KERNELBASE.dll+305ee|C:\Windows\System32\appresolver.dll+1f103|C:\Windows\system32\twinui.pcshell.dll+424930|C:\Windows\system32\twinui.pcshell.dll+a550a|C:\Windows\system32\twinui.pcshell.dll+a5089|C:\Windows\system32\twinui.pcshell.dll+6a3e7|C:\Windows\system32\twinui.pcshell.dll+57ba2|C:\Windows\system32\twinui.pcshell.dll+590be|C:\Windows\system32\twinui.pcshell.dll+7eaa6|C:\Windows\system32\twinui.pcshell.dll+5bc22|C:\Windows\System32\USER32.dll+15c1d|C:\Windows\System32\USER32.dll+15612|C:\Windows\system32\twinui.pcshell.dll+3fd49|C:\Windows\system32\twinui.pcshell.dll+3f6f0|C:\Windows\system32\twinui.pcshell.dll+b759|C:\Windows\system32\twinui.pcshell.dll+2b70a|C:\Windows\system32\twinui.dll+63866|C:\Windows\system32\twinui.dll+635da|C:\Windows\system32\twinui.dll+634d3|C:\Windows\System32\USER32.dll+15c1d|C:\Windows\System32\USER32.dll+157ec|C:\Windows\System32\USER32.dll+25ab2|C:\Windows\SYSTEM32\ntdll.dll+a0c14,,,,,,,,,,,,,,,,,,,,,,,,,,,,,,,,,,,,,,,,,,,,,,,,,,,,,,,,,,,,,,,,,,,,,,,,,,,,,,,,,,,,,0,0,0,0,0,0,1,True
2021-06-12 01:07:28,913,Microsoft-Windows-Sysmon,{5770385f-c22a-43e0-bf4c-06f5698ffbd9},4,0x8000000000000000,Microsoft-Windows-Sysmon/Operational,WORKSTATION5,2021-06-11T09:07:28.329Z,2021-06-11T09:07:28.329Z,10,"Process accessed:
RuleName: -
UtcTime: 2021-06-12 01:07:28.290
SourceProcessGUID: {e2c04bb9-a70e-60c3-0d61-390000000000}
SourceProcessId: 1320
SourceThreadId: 7300
SourceImage: C:\Windows\Explorer.EXE
TargetProcessGUID: {e2c04bb9-08d0-60c4-8309-000000000300}
TargetProcessId: 7444
TargetImage: C:\TMP\CreateNamedPipe.exe
GrantedAccess: 0x1000
CallTrace: C:\Windows\SYSTEM32\ntdll.dll+9d364|C:\Windows\System32\KERNELBASE.dll+305ee|C:\Windows\System32\appresolver.dll+22415|C:\Windows\System32\appresolver.dll+1f03c|C:\Windows\system32\twinui.pcshell.dll+424930|C:\Windows\system32\twinui.pcshell.dll+a550a|C:\Windows\system32\twinui.pcshell.dll+a5089|C:\Windows\system32\twinui.pcshell.dll+6a3e7|C:\Windows\system32\twinui.pcshell.dll+57ba2|C:\Windows\system32\twinui.pcshell.dll+590be|C:\Windows\system32\twinui.pcshell.dll+7eaa6|C:\Windows\system32\twinui.pcshell.dll+5bc22|C:\Windows\System32\USER32.dll+15c1d|C:\Windows\System32\USER32.dll+15612|C:\Windows\system32\twinui.pcshell.dll+3fd49|C:\Windows\system32\twinui.pcshell.dll+3f6f0|C:\Windows\system32\twinui.pcshell.dll+b759|C:\Windows\system32\twinui.pcshell.dll+2b70a|C:\Windows\system32\twinui.dll+63866|C:\Windows\system32\twinui.dll+635da|C:\Windows\system32\twinui.dll+634d3|C:\Windows\System32\USER32.dll+15c1d|C:\Windows\System32\USER32.dll+157ec|C:\Windows\System32\USER32.dll+25ab2",10,-,,0,,,,,,,,,,,,,,,,,,,{e2c04bb9-a70e-60c3-0d61-390000000000},1320,7300.0,C:\Windows\Explorer.EXE,{e2c04bb9-08d0-60c4-8309-000000000300},7444,C:\TMP\CreateNamedPipe.exe,0x1000,C:\Windows\SYSTEM32\ntdll.dll+9d364|C:\Windows\System32\KERNELBASE.dll+305ee|C:\Windows\System32\appresolver.dll+22415|C:\Windows\System32\appresolver.dll+1f03c|C:\Windows\system32\twinui.pcshell.dll+424930|C:\Windows\system32\twinui.pcshell.dll+a550a|C:\Windows\system32\twinui.pcshell.dll+a5089|C:\Windows\system32\twinui.pcshell.dll+6a3e7|C:\Windows\system32\twinui.pcshell.dll+57ba2|C:\Windows\system32\twinui.pcshell.dll+590be|C:\Windows\system32\twinui.pcshell.dll+7eaa6|C:\Windows\system32\twinui.pcshell.dll+5bc22|C:\Windows\System32\USER32.dll+15c1d|C:\Windows\System32\USER32.dll+15612|C:\Windows\system32\twinui.pcshell.dll+3fd49|C:\Windows\system32\twinui.pcshell.dll+3f6f0|C:\Windows\system32\twinui.pcshell.dll+b759|C:\Windows\system32\twinui.pcshell.dll+2b70a|C:\Windows\system32\twinui.dll+63866|C:\Windows\system32\twinui.dll+635da|C:\Windows\system32\twinui.dll+634d3|C:\Windows\System32\USER32.dll+15c1d|C:\Windows\System32\USER32.dll+157ec|C:\Windows\System32\USER32.dll+25ab2,,,,,,,,,,,,,,,,,,,,,,,,,,,,,,,,,,,,,,,,,,,,,,,,,,,,,,,,,,,,,,,,,,,,,,,,,,,,,,,,,,,,,0,0,0,0,0,0,1,True
2021-06-12 01:07:28,912,Microsoft-Windows-Sysmon,{5770385f-c22a-43e0-bf4c-06f5698ffbd9},4,0x8000000000000000,Microsoft-Windows-Sysmon/Operational,WORKSTATION5,2021-06-11T09:07:28.329Z,2021-06-11T09:07:28.329Z,10,"Process accessed:
RuleName: -
UtcTime: 2021-06-12 01:07:28.290
SourceProcessGUID: {e2c04bb9-a70e-60c3-0d61-390000000000}
SourceProcessId: 1320
SourceThreadId: 7300
SourceImage: C:\Windows\Explorer.EXE
TargetProcessGUID: {e2c04bb9-08d0-60c4-8309-000000000300}
TargetProcessId: 7444
TargetImage: C:\TMP\CreateNamedPipe.exe
GrantedAccess: 0x1000
CallTrace: C:\Windows\SYSTEM32\ntdll.dll+9d364|C:\Windows\System32\KERNELBASE.dll+305ee|C:\Windows\system32\twinui.pcshell.dll+a54e7|C:\Windows\system32\twinui.pcshell.dll+a5089|C:\Windows\system32\twinui.pcshell.dll+6a3e7|C:\Windows\system32\twinui.pcshell.dll+57ba2|C:\Windows\system32\twinui.pcshell.dll+590be|C:\Windows\system32\twinui.pcshell.dll+7eaa6|C:\Windows\system32\twinui.pcshell.dll+5bc22|C:\Windows\System32\USER32.dll+15c1d|C:\Windows\System32\USER32.dll+15612|C:\Windows\system32\twinui.pcshell.dll+3fd49|C:\Windows\system32\twinui.pcshell.dll+3f6f0|C:\Windows\system32\twinui.pcshell.dll+b759|C:\Windows\system32\twinui.pcshell.dll+2b70a|C:\Windows\system32\twinui.dll+63866|C:\Windows\system32\twinui.dll+635da|C:\Windows\system32\twinui.dll+634d3|C:\Windows\System32\USER32.dll+15c1d|C:\Windows\System32\USER32.dll+157ec|C:\Windows\System32\USER32.dll+25ab2|C:\Windows\SYSTEM32\ntdll.dll+a0c14|UNKNOWN(FFFFF8061EC918D5)|UNKNOWN(FFFFD4C836D23794)",10,-,,0,,,,,,,,,,,,,,,,,,,{e2c04bb9-a70e-60c3-0d61-390000000000},1320,7300.0,C:\Windows\Explorer.EXE,{e2c04bb9-08d0-60c4-8309-000000000300},7444,C:\TMP\CreateNamedPipe.exe,0x1000,C:\Windows\SYSTEM32\ntdll.dll+9d364|C:\Windows\System32\KERNELBASE.dll+305ee|C:\Windows\system32\twinui.pcshell.dll+a54e7|C:\Windows\system32\twinui.pcshell.dll+a5089|C:\Windows\system32\twinui.pcshell.dll+6a3e7|C:\Windows\system32\twinui.pcshell.dll+57ba2|C:\Windows\system32\twinui.pcshell.dll+590be|C:\Windows\system32\twinui.pcshell.dll+7eaa6|C:\Windows\system32\twinui.pcshell.dll+5bc22|C:\Windows\System32\USER32.dll+15c1d|C:\Windows\System32\USER32.dll+15612|C:\Windows\system32\twinui.pcshell.dll+3fd49|C:\Windows\system32\twinui.pcshell.dll+3f6f0|C:\Windows\system32\twinui.pcshell.dll+b759|C:\Windows\system32\twinui.pcshell.dll+2b70a|C:\Windows\system32\twinui.dll+63866|C:\Windows\system32\twinui.dll+635da|C:\Windows\system32\twinui.dll+634d3|C:\Windows\System32\USER32.dll+15c1d|C:\Windows\System32\USER32.dll+157ec|C:\Windows\System32\USER32.dll+25ab2|C:\Windows\SYSTEM32\ntdll.dll+a0c14|UNKNOWN(FFFFF8061EC918D5)|UNKNOWN(FFFFD4C836D23794),,,,,,,,,,,,,,,,,,,,,,,,,,,,,,,,,,,,,,,,,,,,,,,,,,,,,,,,,,,,,,,,,,,,,,,,,,,,,,,,,,,,,0,0,0,0,0,0,1,True
2021-06-12 01:07:28,911,Microsoft-Windows-Sysmon,{5770385f-c22a-43e0-bf4c-06f5698ffbd9},4,0x8000000000000000,Microsoft-Windows-Sysmon/Operational,WORKSTATION5,2021-06-11T09:07:28.329Z,2021-06-11T09:07:28.329Z,10,"Process accessed:
RuleName: -
UtcTime: 2021-06-12 01:07:28.290
SourceProcessGUID: {e2c04bb9-a70e-60c3-0d61-390000000000}
SourceProcessId: 1320
SourceThreadId: 7300
SourceImage: C:\Windows\Explorer.EXE
TargetProcessGUID: {e2c04bb9-08d0-60c4-8309-000000000300}
TargetProcessId: 7444
TargetImage: C:\TMP\CreateNamedPipe.exe
GrantedAccess: 0x1000
CallTrace: C:\Windows\SYSTEM32\ntdll.dll+9d364|C:\Windows\System32\KERNELBASE.dll+305ee|C:\Windows\system32\twinui.pcshell.dll+c795|C:\Windows\system32\twinui.pcshell.dll+c03c|C:\Windows\system32\twinui.pcshell.dll+7e9a1|C:\Windows\system32\twinui.pcshell.dll+a54b8|C:\Windows\system32\twinui.pcshell.dll+a5089|C:\Windows\system32\twinui.pcshell.dll+6a3e7|C:\Windows\system32\twinui.pcshell.dll+57ba2|C:\Windows\system32\twinui.pcshell.dll+590be|C:\Windows\system32\twinui.pcshell.dll+7eaa6|C:\Windows\system32\twinui.pcshell.dll+5bc22|C:\Windows\System32\USER32.dll+15c1d|C:\Windows\System32\USER32.dll+15612|C:\Windows\system32\twinui.pcshell.dll+3fd49|C:\Windows\system32\twinui.pcshell.dll+3f6f0|C:\Windows\system32\twinui.pcshell.dll+b759|C:\Windows\system32\twinui.pcshell.dll+2b70a|C:\Windows\system32\twinui.dll+63866|C:\Windows\system32\twinui.dll+635da|C:\Windows\system32\twinui.dll+634d3|C:\Windows\System32\USER32.dll+15c1d|C:\Windows\System32\USER32.dll+157ec|C:\Windows\System32\USER32.dll+25ab2",10,-,,0,,,,,,,,,,,,,,,,,,,{e2c04bb9-a70e-60c3-0d61-390000000000},1320,7300.0,C:\Windows\Explorer.EXE,{e2c04bb9-08d0-60c4-8309-000000000300},7444,C:\TMP\CreateNamedPipe.exe,0x1000,C:\Windows\SYSTEM32\ntdll.dll+9d364|C:\Windows\System32\KERNELBASE.dll+305ee|C:\Windows\system32\twinui.pcshell.dll+c795|C:\Windows\system32\twinui.pcshell.dll+c03c|C:\Windows\system32\twinui.pcshell.dll+7e9a1|C:\Windows\system32\twinui.pcshell.dll+a54b8|C:\Windows\system32\twinui.pcshell.dll+a5089|C:\Windows\system32\twinui.pcshell.dll+6a3e7|C:\Windows\system32\twinui.pcshell.dll+57ba2|C:\Windows\system32\twinui.pcshell.dll+590be|C:\Windows\system32\twinui.pcshell.dll+7eaa6|C:\Windows\system32\twinui.pcshell.dll+5bc22|C:\Windows\System32\USER32.dll+15c1d|C:\Windows\System32\USER32.dll+15612|C:\Windows\system32\twinui.pcshell.dll+3fd49|C:\Windows\system32\twinui.pcshell.dll+3f6f0|C:\Windows\system32\twinui.pcshell.dll+b759|C:\Windows\system32\twinui.pcshell.dll+2b70a|C:\Windows\system32\twinui.dll+63866|C:\Windows\system32\twinui.dll+635da|C:\Windows\system32\twinui.dll+634d3|C:\Windows\System32\USER32.dll+15c1d|C:\Windows\System32\USER32.dll+157ec|C:\Windows\System32\USER32.dll+25ab2,,,,,,,,,,,,,,,,,,,,,,,,,,,,,,,,,,,,,,,,,,,,,,,,,,,,,,,,,,,,,,,,,,,,,,,,,,,,,,,,,,,,,0,0,0,0,0,0,1,True
2021-06-12 01:07:28,910,Microsoft-Windows-Sysmon,{5770385f-c22a-43e0-bf4c-06f5698ffbd9},4,0x8000000000000000,Microsoft-Windows-Sysmon/Operational,WORKSTATION5,2021-06-11T09:07:28.329Z,2021-06-11T09:07:28.329Z,10,"Process accessed:
RuleName: -
UtcTime: 2021-06-12 01:07:28.290
SourceProcessGUID: {e2c04bb9-a70e-60c3-0d61-390000000000}
SourceProcessId: 1320
SourceThreadId: 7300
SourceImage: C:\Windows\Explorer.EXE
TargetProcessGUID: {e2c04bb9-08d0-60c4-8309-000000000300}
TargetProcessId: 7444
TargetImage: C:\TMP\CreateNamedPipe.exe
GrantedAccess: 0x1000
CallTrace: C:\Windows\SYSTEM32\ntdll.dll+9d364|C:\Windows\System32\KERNELBASE.dll+305ee|C:\Windows\system32\twinui.pcshell.dll+c00f|C:\Windows\system32\twinui.pcshell.dll+7e9a1|C:\Windows\system32\twinui.pcshell.dll+a54b8|C:\Windows\system32\twinui.pcshell.dll+a5089|C:\Windows\system32\twinui.pcshell.dll+6a3e7|C:\Windows\system32\twinui.pcshell.dll+57ba2|C:\Windows\system32\twinui.pcshell.dll+590be|C:\Windows\system32\twinui.pcshell.dll+7eaa6|C:\Windows\system32\twinui.pcshell.dll+5bc22|C:\Windows\System32\USER32.dll+15c1d|C:\Windows\System32\USER32.dll+15612|C:\Windows\system32\twinui.pcshell.dll+3fd49|C:\Windows\system32\twinui.pcshell.dll+3f6f0|C:\Windows\system32\twinui.pcshell.dll+b759|C:\Windows\system32\twinui.pcshell.dll+2b70a|C:\Windows\system32\twinui.dll+63866|C:\Windows\system32\twinui.dll+635da|C:\Windows\system32\twinui.dll+634d3|C:\Windows\System32\USER32.dll+15c1d|C:\Windows\System32\USER32.dll+157ec|C:\Windows\System32\USER32.dll+25ab2|C:\Windows\SYSTEM32\ntdll.dll+a0c14",10,-,,0,,,,,,,,,,,,,,,,,,,{e2c04bb9-a70e-60c3-0d61-390000000000},1320,7300.0,C:\Windows\Explorer.EXE,{e2c04bb9-08d0-60c4-8309-000000000300},7444,C:\TMP\CreateNamedPipe.exe,0x1000,C:\Windows\SYSTEM32\ntdll.dll+9d364|C:\Windows\System32\KERNELBASE.dll+305ee|C:\Windows\system32\twinui.pcshell.dll+c00f|C:\Windows\system32\twinui.pcshell.dll+7e9a1|C:\Windows\system32\twinui.pcshell.dll+a54b8|C:\Windows\system32\twinui.pcshell.dll+a5089|C:\Windows\system32\twinui.pcshell.dll+6a3e7|C:\Windows\system32\twinui.pcshell.dll+57ba2|C:\Windows\system32\twinui.pcshell.dll+590be|C:\Windows\system32\twinui.pcshell.dll+7eaa6|C:\Windows\system32\twinui.pcshell.dll+5bc22|C:\Windows\System32\USER32.dll+15c1d|C:\Windows\System32\USER32.dll+15612|C:\Windows\system32\twinui.pcshell.dll+3fd49|C:\Windows\system32\twinui.pcshell.dll+3f6f0|C:\Windows\system32\twinui.pcshell.dll+b759|C:\Windows\system32\twinui.pcshell.dll+2b70a|C:\Windows\system32\twinui.dll+63866|C:\Windows\system32\twinui.dll+635da|C:\Windows\system32\twinui.dll+634d3|C:\Windows\System32\USER32.dll+15c1d|C:\Windows\System32\USER32.dll+157ec|C:\Windows\System32\USER32.dll+25ab2|C:\Windows\SYSTEM32\ntdll.dll+a0c14,,,,,,,,,,,,,,,,,,,,,,,,,,,,,,,,,,,,,,,,,,,,,,,,,,,,,,,,,,,,,,,,,,,,,,,,,,,,,,,,,,,,,0,0,0,0,0,0,1,True
2021-06-12 01:07:28,909,Microsoft-Windows-Sysmon,{5770385f-c22a-43e0-bf4c-06f5698ffbd9},4,0x8000000000000000,Microsoft-Windows-Sysmon/Operational,WORKSTATION5,2021-06-11T09:07:28.329Z,2021-06-11T09:07:28.329Z,10,"Process accessed:
RuleName: -
UtcTime: 2021-06-12 01:07:28.290
SourceProcessGUID: {e2c04bb9-a70e-60c3-0d61-390000000000}
SourceProcessId: 1320
SourceThreadId: 7300
SourceImage: C:\Windows\Explorer.EXE
TargetProcessGUID: {e2c04bb9-08d0-60c4-8309-000000000300}
TargetProcessId: 7444
TargetImage: C:\TMP\CreateNamedPipe.exe
GrantedAccess: 0x1000
CallTrace: C:\Windows\SYSTEM32\ntdll.dll+9d364|C:\Windows\System32\KERNELBASE.dll+305ee|C:\Windows\system32\twinui.pcshell.dll+c795|C:\Windows\system32\twinui.pcshell.dll+c03c|C:\Windows\system32\twinui.pcshell.dll+7e9a1|C:\Windows\system32\twinui.pcshell.dll+7ba84|C:\Windows\system32\twinui.pcshell.dll+171c3|C:\Windows\system32\twinui.pcshell.dll+57ba2|C:\Windows\system32\twinui.pcshell.dll+590be|C:\Windows\system32\twinui.pcshell.dll+7eaa6|C:\Windows\system32\twinui.pcshell.dll+5bc22|C:\Windows\System32\USER32.dll+15c1d|C:\Windows\System32\USER32.dll+15612|C:\Windows\system32\twinui.pcshell.dll+3fd49|C:\Windows\system32\twinui.pcshell.dll+3f6f0|C:\Windows\system32\twinui.pcshell.dll+b759|C:\Windows\system32\twinui.pcshell.dll+2b70a|C:\Windows\system32\twinui.dll+63866|C:\Windows\system32\twinui.dll+635da|C:\Windows\system32\twinui.dll+634d3|C:\Windows\System32\USER32.dll+15c1d|C:\Windows\System32\USER32.dll+157ec|C:\Windows\System32\USER32.dll+25ab2|C:\Windows\SYSTEM32\ntdll.dll+a0c14",10,-,,0,,,,,,,,,,,,,,,,,,,{e2c04bb9-a70e-60c3-0d61-390000000000},1320,7300.0,C:\Windows\Explorer.EXE,{e2c04bb9-08d0-60c4-8309-000000000300},7444,C:\TMP\CreateNamedPipe.exe,0x1000,C:\Windows\SYSTEM32\ntdll.dll+9d364|C:\Windows\System32\KERNELBASE.dll+305ee|C:\Windows\system32\twinui.pcshell.dll+c795|C:\Windows\system32\twinui.pcshell.dll+c03c|C:\Windows\system32\twinui.pcshell.dll+7e9a1|C:\Windows\system32\twinui.pcshell.dll+7ba84|C:\Windows\system32\twinui.pcshell.dll+171c3|C:\Windows\system32\twinui.pcshell.dll+57ba2|C:\Windows\system32\twinui.pcshell.dll+590be|C:\Windows\system32\twinui.pcshell.dll+7eaa6|C:\Windows\system32\twinui.pcshell.dll+5bc22|C:\Windows\System32\USER32.dll+15c1d|C:\Windows\System32\USER32.dll+15612|C:\Windows\system32\twinui.pcshell.dll+3fd49|C:\Windows\system32\twinui.pcshell.dll+3f6f0|C:\Windows\system32\twinui.pcshell.dll+b759|C:\Windows\system32\twinui.pcshell.dll+2b70a|C:\Windows\system32\twinui.dll+63866|C:\Windows\system32\twinui.dll+635da|C:\Windows\system32\twinui.dll+634d3|C:\Windows\System32\USER32.dll+15c1d|C:\Windows\System32\USER32.dll+157ec|C:\Windows\System32\USER32.dll+25ab2|C:\Windows\SYSTEM32\ntdll.dll+a0c14,,,,,,,,,,,,,,,,,,,,,,,,,,,,,,,,,,,,,,,,,,,,,,,,,,,,,,,,,,,,,,,,,,,,,,,,,,,,,,,,,,,,,0,0,0,0,0,0,1,True
2021-06-12 01:07:28,907,Microsoft-Windows-Sysmon,{5770385f-c22a-43e0-bf4c-06f5698ffbd9},4,0x8000000000000000,Microsoft-Windows-Sysmon/Operational,WORKSTATION5,2021-06-11T09:07:28.329Z,2021-06-11T09:07:28.329Z,13,"Registry value set:
RuleName: -
EventType: SetValue
UtcTime: 2021-06-12 01:07:28.290
ProcessGuid: {e2c04bb9-a70e-60c3-0d61-390000000000}
ProcessId: 1320
Image: C:\Windows\Explorer.EXE
TargetObject: HKU\S-1-5-21-315269454-3320600716-4144796452-500\Software\Microsoft\Windows\CurrentVersion\Explorer\SessionInfo\2\ApplicationViewManagement\W32:00000000000E0506\VirtualDesktop
Details: Binary Data",13,-,{e2c04bb9-a70e-60c3-0d61-390000000000},1320,C:\Windows\Explorer.EXE,,,,,,,,,,,,,,,,,,,,,,,,,,,,,,,,,,SetValue,HKU\S-1-5-21-315269454-3320600716-4144796452-500\Software\Microsoft\Windows\CurrentVersion\Explorer\SessionInfo\2\ApplicationViewManagement\W32:00000000000E0506\VirtualDesktop,Binary Data,,,,,,,,,,,,,,,,,,,,,,,,,,,,,,,,,,,,,,,,,,,,,,,,,,,,,,,,,,,,,,,,,,,,,,,,,,,0,0,0,0,1,0,2,True
2021-06-12 01:07:28,803,Microsoft-Windows-Sysmon,{5770385f-c22a-43e0-bf4c-06f5698ffbd9},4,0x8000000000000000,Microsoft-Windows-Sysmon/Operational,WORKSTATION5,2021-06-11T09:07:28.214Z,2021-06-11T09:07:28.214Z,10,"Process accessed:
RuleName: -
UtcTime: 2021-06-12 01:07:28.213
SourceProcessGUID: {e2c04bb9-a3f6-60c3-8600-000000000300}
SourceProcessId: 4752
SourceThreadId: 6660
SourceImage: C:\Windows\system32\wbem\wmiprvse.exe
TargetProcessGUID: {e2c04bb9-0759-60c4-362b-3b0100000000}
TargetProcessId: 8992
TargetImage: C:\Windows\system32\wbem\wmiprvse.exe
GrantedAccess: 0x1410
CallTrace: C:\Windows\SYSTEM32\ntdll.dll+9d364|C:\Windows\System32\KERNELBASE.dll+305ee|C:\Windows\system32\wbem\cimwin32.dll+f46e|C:\Windows\system32\wbem\cimwin32.dll+faf5|C:\Windows\SYSTEM32\framedynos.dll+5722|C:\Windows\SYSTEM32\framedynos.dll+6ead|C:\Windows\system32\wbem\wmiprvse.exe+8ad1|C:\Windows\system32\wbem\wmiprvse.exe+8753|C:\Windows\System32\RPCRT4.dll+78553|C:\Windows\System32\RPCRT4.dll+12779|C:\Windows\System32\combase.dll+a8c82|C:\Windows\System32\RPCRT4.dll+5f1db|C:\Windows\System32\combase.dll+2b363|C:\Windows\System32\combase.dll+2b153|C:\Windows\System32\combase.dll+ab606|C:\Windows\System32\combase.dll+2f1aa|C:\Windows\System32\combase.dll+a772d|C:\Windows\System32\combase.dll+423fc|C:\Windows\System32\combase.dll+42e10|C:\Windows\System32\combase.dll+44448|C:\Windows\System32\RPCRT4.dll+598c8|C:\Windows\System32\RPCRT4.dll+48041|C:\Windows\System32\RPCRT4.dll+47b90|C:\Windows\System32\RPCRT4.dll+1c9bf",10,-,,0,,,,,,,,,,,,,,,,,,,{e2c04bb9-a3f6-60c3-8600-000000000300},4752,6660.0,C:\Windows\system32\wbem\wmiprvse.exe,{e2c04bb9-0759-60c4-362b-3b0100000000},8992,C:\Windows\system32\wbem\wmiprvse.exe,0x1410,C:\Windows\SYSTEM32\ntdll.dll+9d364|C:\Windows\System32\KERNELBASE.dll+305ee|C:\Windows\system32\wbem\cimwin32.dll+f46e|C:\Windows\system32\wbem\cimwin32.dll+faf5|C:\Windows\SYSTEM32\framedynos.dll+5722|C:\Windows\SYSTEM32\framedynos.dll+6ead|C:\Windows\system32\wbem\wmiprvse.exe+8ad1|C:\Windows\system32\wbem\wmiprvse.exe+8753|C:\Windows\System32\RPCRT4.dll+78553|C:\Windows\System32\RPCRT4.dll+12779|C:\Windows\System32\combase.dll+a8c82|C:\Windows\System32\RPCRT4.dll+5f1db|C:\Windows\System32\combase.dll+2b363|C:\Windows\System32\combase.dll+2b153|C:\Windows\System32\combase.dll+ab606|C:\Windows\System32\combase.dll+2f1aa|C:\Windows\System32\combase.dll+a772d|C:\Windows\System32\combase.dll+423fc|C:\Windows\System32\combase.dll+42e10|C:\Windows\System32\combase.dll+44448|C:\Windows\System32\RPCRT4.dll+598c8|C:\Windows\System32\RPCRT4.dll+48041|C:\Windows\System32\RPCRT4.dll+47b90|C:\Windows\System32\RPCRT4.dll+1c9bf,,,,,,,,,,,,,,,,,,,,,,,,,,,,,,,,,,,,,,,,,,,,,,,,,,,,,,,,,,,,,,,,,,,,,,,,,,,,,,,,,,,,,0,0,0,0,1,0,2,True
2021-06-12 01:07:28,787,Microsoft-Windows-Sysmon,{5770385f-c22a-43e0-bf4c-06f5698ffbd9},4,0x8000000000000000,Microsoft-Windows-Sysmon/Operational,WORKSTATION5,2021-06-11T09:07:28.208Z,2021-06-11T09:07:28.208Z,10,"Process accessed:
RuleName: -
UtcTime: 2021-06-12 01:07:28.197
SourceProcessGUID: {e2c04bb9-a3f6-60c3-8600-000000000300}
SourceProcessId: 4752
SourceThreadId: 6660
SourceImage: C:\Windows\system32\wbem\wmiprvse.exe
TargetProcessGUID: {e2c04bb9-a909-60c3-c871-6c0000000000}
TargetProcessId: 8912
TargetImage: C:\Windows\System32\WindowsPowerShell\v1.0\powershell.exe
GrantedAccess: 0x1410
CallTrace: C:\Windows\SYSTEM32\ntdll.dll+9d364|C:\Windows\System32\KERNELBASE.dll+305ee|C:\Windows\system32\wbem\cimwin32.dll+f46e|C:\Windows\system32\wbem\cimwin32.dll+faf5|C:\Windows\SYSTEM32\framedynos.dll+5722|C:\Windows\SYSTEM32\framedynos.dll+6ead|C:\Windows\system32\wbem\wmiprvse.exe+8ad1|C:\Windows\system32\wbem\wmiprvse.exe+8753|C:\Windows\System32\RPCRT4.dll+78553|C:\Windows\System32\RPCRT4.dll+12779|C:\Windows\System32\combase.dll+a8c82|C:\Windows\System32\RPCRT4.dll+5f1db|C:\Windows\System32\combase.dll+2b363|C:\Windows\System32\combase.dll+2b153|C:\Windows\System32\combase.dll+ab606|C:\Windows\System32\combase.dll+2f1aa|C:\Windows\System32\combase.dll+a772d|C:\Windows\System32\combase.dll+423fc|C:\Windows\System32\combase.dll+42e10|C:\Windows\System32\combase.dll+44448|C:\Windows\System32\RPCRT4.dll+598c8|C:\Windows\System32\RPCRT4.dll+48041|C:\Windows\System32\RPCRT4.dll+47b90|C:\Windows\System32\RPCRT4.dll+1c9bf",10,-,,0,,,,,,,,,,,,,,,,,,,{e2c04bb9-a3f6-60c3-8600-000000000300},4752,6660.0,C:\Windows\system32\wbem\wmiprvse.exe,{e2c04bb9-a909-60c3-c871-6c0000000000},8912,C:\Windows\System32\WindowsPowerShell\v1.0\powershell.exe,0x1410,C:\Windows\SYSTEM32\ntdll.dll+9d364|C:\Windows\System32\KERNELBASE.dll+305ee|C:\Windows\system32\wbem\cimwin32.dll+f46e|C:\Windows\system32\wbem\cimwin32.dll+faf5|C:\Windows\SYSTEM32\framedynos.dll+5722|C:\Windows\SYSTEM32\framedynos.dll+6ead|C:\Windows\system32\wbem\wmiprvse.exe+8ad1|C:\Windows\system32\wbem\wmiprvse.exe+8753|C:\Windows\System32\RPCRT4.dll+78553|C:\Windows\System32\RPCRT4.dll+12779|C:\Windows\System32\combase.dll+a8c82|C:\Windows\System32\RPCRT4.dll+5f1db|C:\Windows\System32\combase.dll+2b363|C:\Windows\System32\combase.dll+2b153|C:\Windows\System32\combase.dll+ab606|C:\Windows\System32\combase.dll+2f1aa|C:\Windows\System32\combase.dll+a772d|C:\Windows\System32\combase.dll+423fc|C:\Windows\System32\combase.dll+42e10|C:\Windows\System32\combase.dll+44448|C:\Windows\System32\RPCRT4.dll+598c8|C:\Windows\System32\RPCRT4.dll+48041|C:\Windows\System32\RPCRT4.dll+47b90|C:\Windows\System32\RPCRT4.dll+1c9bf,,,,,,,,,,,,,,,,,,,,,,,,,,,,,,,,,,,,,,,,,,,,,,,,,,,,,,,,,,,,,,,,,,,,,,,,,,,,,,,,,,,,,0,0,0,0,1,0,2,True
2021-06-12 01:07:28,801,Microsoft-Windows-Sysmon,{5770385f-c22a-43e0-bf4c-06f5698ffbd9},4,0x8000000000000000,Microsoft-Windows-Sysmon/Operational,WORKSTATION5,2021-06-11T09:07:28.213Z,2021-06-11T09:07:28.213Z,10,"Process accessed:
RuleName: MsMpEng
UtcTime: 2021-06-12 01:07:28.213
SourceProcessGUID: {e2c04bb9-a3f6-60c3-8600-000000000300}
SourceProcessId: 4752
SourceThreadId: 6660
SourceImage: C:\Windows\system32\wbem\wmiprvse.exe
TargetProcessGUID: {e2c04bb9-d645-60c3-d905-000000000300}
TargetProcessId: 6936
TargetImage: C:\Windows\system32\svchost.exe
GrantedAccess: 0x1410
CallTrace: C:\Windows\SYSTEM32\ntdll.dll+9d364|C:\Windows\System32\KERNELBASE.dll+305ee|C:\Windows\system32\wbem\cimwin32.dll+f46e|C:\Windows\system32\wbem\cimwin32.dll+faf5|C:\Windows\SYSTEM32\framedynos.dll+5722|C:\Windows\SYSTEM32\framedynos.dll+6ead|C:\Windows\system32\wbem\wmiprvse.exe+8ad1|C:\Windows\system32\wbem\wmiprvse.exe+8753|C:\Windows\System32\RPCRT4.dll+78553|C:\Windows\System32\RPCRT4.dll+12779|C:\Windows\System32\combase.dll+a8c82|C:\Windows\System32\RPCRT4.dll+5f1db|C:\Windows\System32\combase.dll+2b363|C:\Windows\System32\combase.dll+2b153|C:\Windows\System32\combase.dll+ab606|C:\Windows\System32\combase.dll+2f1aa|C:\Windows\System32\combase.dll+a772d|C:\Windows\System32\combase.dll+423fc|C:\Windows\System32\combase.dll+42e10|C:\Windows\System32\combase.dll+44448|C:\Windows\System32\RPCRT4.dll+598c8|C:\Windows\System32\RPCRT4.dll+48041|C:\Windows\System32\RPCRT4.dll+47b90|C:\Windows\System32\RPCRT4.dll+1c9bf",10,MsMpEng,,0,,,,,,,,,,,,,,,,,,,{e2c04bb9-a3f6-60c3-8600-000000000300},4752,6660.0,C:\Windows\system32\wbem\wmiprvse.exe,{e2c04bb9-d645-60c3-d905-000000000300},6936,C:\Windows\system32\svchost.exe,0x1410,C:\Windows\SYSTEM32\ntdll.dll+9d364|C:\Windows\System32\KERNELBASE.dll+305ee|C:\Windows\system32\wbem\cimwin32.dll+f46e|C:\Windows\system32\wbem\cimwin32.dll+faf5|C:\Windows\SYSTEM32\framedynos.dll+5722|C:\Windows\SYSTEM32\framedynos.dll+6ead|C:\Windows\system32\wbem\wmiprvse.exe+8ad1|C:\Windows\system32\wbem\wmiprvse.exe+8753|C:\Windows\System32\RPCRT4.dll+78553|C:\Windows\System32\RPCRT4.dll+12779|C:\Windows\System32\combase.dll+a8c82|C:\Windows\System32\RPCRT4.dll+5f1db|C:\Windows\System32\combase.dll+2b363|C:\Windows\System32\combase.dll+2b153|C:\Windows\System32\combase.dll+ab606|C:\Windows\System32\combase.dll+2f1aa|C:\Windows\System32\combase.dll+a772d|C:\Windows\System32\combase.dll+423fc|C:\Windows\System32\combase.dll+42e10|C:\Windows\System32\combase.dll+44448|C:\Windows\System32\RPCRT4.dll+598c8|C:\Windows\System32\RPCRT4.dll+48041|C:\Windows\System32\RPCRT4.dll+47b90|C:\Windows\System32\RPCRT4.dll+1c9bf,,,,,,,,,,,,,,,,,,,,,,,,,,,,,,,,,,,,,,,,,,,,,,,,,,,,,,,,,,,,,,,,,,,,,,,,,,,,,,,,,,,,,0,0,0,0,1,0,2,True
2021-06-12 01:07:28,693,Microsoft-Windows-Sysmon,{5770385f-c22a-43e0-bf4c-06f5698ffbd9},4,0x8000000000000000,Microsoft-Windows-Sysmon/Operational,WORKSTATION5,2021-06-11T09:07:28.185Z,2021-06-11T09:07:28.185Z,10,"Process accessed:
RuleName: MsMpEng
UtcTime: 2021-06-12 01:07:28.181
SourceProcessGUID: {e2c04bb9-a3f6-60c3-8600-000000000300}
SourceProcessId: 4752
SourceThreadId: 6660
SourceImage: C:\Windows\system32\wbem\wmiprvse.exe
TargetProcessGUID: {e2c04bb9-a347-60c3-1300-000000000300}
TargetProcessId: 64
TargetImage: C:\Windows\system32\svchost.exe
GrantedAccess: 0x1410
CallTrace: C:\Windows\SYSTEM32\ntdll.dll+9d364|C:\Windows\System32\KERNELBASE.dll+305ee|C:\Windows\system32\wbem\cimwin32.dll+f46e|C:\Windows\system32\wbem\cimwin32.dll+faf5|C:\Windows\SYSTEM32\framedynos.dll+5722|C:\Windows\SYSTEM32\framedynos.dll+6ead|C:\Windows\system32\wbem\wmiprvse.exe+8ad1|C:\Windows\system32\wbem\wmiprvse.exe+8753|C:\Windows\System32\RPCRT4.dll+78553|C:\Windows\System32\RPCRT4.dll+12779|C:\Windows\System32\combase.dll+a8c82|C:\Windows\System32\RPCRT4.dll+5f1db|C:\Windows\System32\combase.dll+2b363|C:\Windows\System32\combase.dll+2b153|C:\Windows\System32\combase.dll+ab606|C:\Windows\System32\combase.dll+2f1aa|C:\Windows\System32\combase.dll+a772d|C:\Windows\System32\combase.dll+423fc|C:\Windows\System32\combase.dll+42e10|C:\Windows\System32\combase.dll+44448|C:\Windows\System32\RPCRT4.dll+598c8|C:\Windows\System32\RPCRT4.dll+48041|C:\Windows\System32\RPCRT4.dll+47b90|C:\Windows\System32\RPCRT4.dll+1c9bf",10,MsMpEng,,0,,,,,,,,,,,,,,,,,,,{e2c04bb9-a3f6-60c3-8600-000000000300},4752,6660.0,C:\Windows\system32\wbem\wmiprvse.exe,{e2c04bb9-a347-60c3-1300-000000000300},64,C:\Windows\system32\svchost.exe,0x1410,C:\Windows\SYSTEM32\ntdll.dll+9d364|C:\Windows\System32\KERNELBASE.dll+305ee|C:\Windows\system32\wbem\cimwin32.dll+f46e|C:\Windows\system32\wbem\cimwin32.dll+faf5|C:\Windows\SYSTEM32\framedynos.dll+5722|C:\Windows\SYSTEM32\framedynos.dll+6ead|C:\Windows\system32\wbem\wmiprvse.exe+8ad1|C:\Windows\system32\wbem\wmiprvse.exe+8753|C:\Windows\System32\RPCRT4.dll+78553|C:\Windows\System32\RPCRT4.dll+12779|C:\Windows\System32\combase.dll+a8c82|C:\Windows\System32\RPCRT4.dll+5f1db|C:\Windows\System32\combase.dll+2b363|C:\Windows\System32\combase.dll+2b153|C:\Windows\System32\combase.dll+ab606|C:\Windows\System32\combase.dll+2f1aa|C:\Windows\System32\combase.dll+a772d|C:\Windows\System32\combase.dll+423fc|C:\Windows\System32\combase.dll+42e10|C:\Windows\System32\combase.dll+44448|C:\Windows\System32\RPCRT4.dll+598c8|C:\Windows\System32\RPCRT4.dll+48041|C:\Windows\System32\RPCRT4.dll+47b90|C:\Windows\System32\RPCRT4.dll+1c9bf,,,,,,,,,,,,,,,,,,,,,,,,,,,,,,,,,,,,,,,,,,,,,,,,,,,,,,,,,,,,,,,,,,,,,,,,,,,,,,,,,,,,,0,0,0,0,1,0,2,True
2021-06-12 01:07:28,692,Microsoft-Windows-Sysmon,{5770385f-c22a-43e0-bf4c-06f5698ffbd9},4,0x8000000000000000,Microsoft-Windows-Sysmon/Operational,WORKSTATION5,2021-06-11T09:07:28.185Z,2021-06-11T09:07:28.185Z,10,"Process accessed:
RuleName: MsMpEng
UtcTime: 2021-06-12 01:07:28.181
SourceProcessGUID: {e2c04bb9-a3f6-60c3-8600-000000000300}
SourceProcessId: 4752
SourceThreadId: 6660
SourceImage: C:\Windows\system32\wbem\wmiprvse.exe
TargetProcessGUID: {e2c04bb9-a347-60c3-1200-000000000300}
TargetProcessId: 984
TargetImage: C:\Windows\system32\svchost.exe
GrantedAccess: 0x1410
CallTrace: C:\Windows\SYSTEM32\ntdll.dll+9d364|C:\Windows\System32\KERNELBASE.dll+305ee|C:\Windows\system32\wbem\cimwin32.dll+f46e|C:\Windows\system32\wbem\cimwin32.dll+faf5|C:\Windows\SYSTEM32\framedynos.dll+5722|C:\Windows\SYSTEM32\framedynos.dll+6ead|C:\Windows\system32\wbem\wmiprvse.exe+8ad1|C:\Windows\system32\wbem\wmiprvse.exe+8753|C:\Windows\System32\RPCRT4.dll+78553|C:\Windows\System32\RPCRT4.dll+12779|C:\Windows\System32\combase.dll+a8c82|C:\Windows\System32\RPCRT4.dll+5f1db|C:\Windows\System32\combase.dll+2b363|C:\Windows\System32\combase.dll+2b153|C:\Windows\System32\combase.dll+ab606|C:\Windows\System32\combase.dll+2f1aa|C:\Windows\System32\combase.dll+a772d|C:\Windows\System32\combase.dll+423fc|C:\Windows\System32\combase.dll+42e10|C:\Windows\System32\combase.dll+44448|C:\Windows\System32\RPCRT4.dll+598c8|C:\Windows\System32\RPCRT4.dll+48041|C:\Windows\System32\RPCRT4.dll+47b90|C:\Windows\System32\RPCRT4.dll+1c9bf",10,MsMpEng,,0,,,,,,,,,,,,,,,,,,,{e2c04bb9-a3f6-60c3-8600-000000000300},4752,6660.0,C:\Windows\system32\wbem\wmiprvse.exe,{e2c04bb9-a347-60c3-1200-000000000300},984,C:\Windows\system32\svchost.exe,0x1410,C:\Windows\SYSTEM32\ntdll.dll+9d364|C:\Windows\System32\KERNELBASE.dll+305ee|C:\Windows\system32\wbem\cimwin32.dll+f46e|C:\Windows\system32\wbem\cimwin32.dll+faf5|C:\Windows\SYSTEM32\framedynos.dll+5722|C:\Windows\SYSTEM32\framedynos.dll+6ead|C:\Windows\system32\wbem\wmiprvse.exe+8ad1|C:\Windows\system32\wbem\wmiprvse.exe+8753|C:\Windows\System32\RPCRT4.dll+78553|C:\Windows\System32\RPCRT4.dll+12779|C:\Windows\System32\combase.dll+a8c82|C:\Windows\System32\RPCRT4.dll+5f1db|C:\Windows\System32\combase.dll+2b363|C:\Windows\System32\combase.dll+2b153|C:\Windows\System32\combase.dll+ab606|C:\Windows\System32\combase.dll+2f1aa|C:\Windows\System32\combase.dll+a772d|C:\Windows\System32\combase.dll+423fc|C:\Windows\System32\combase.dll+42e10|C:\Windows\System32\combase.dll+44448|C:\Windows\System32\RPCRT4.dll+598c8|C:\Windows\System32\RPCRT4.dll+48041|C:\Windows\System32\RPCRT4.dll+47b90|C:\Windows\System32\RPCRT4.dll+1c9bf,,,,,,,,,,,,,,,,,,,,,,,,,,,,,,,,,,,,,,,,,,,,,,,,,,,,,,,,,,,,,,,,,,,,,,,,,,,,,,,,,,,,,0,0,0,0,0,0,1,True
2021-06-12 01:07:28,691,Microsoft-Windows-Sysmon,{5770385f-c22a-43e0-bf4c-06f5698ffbd9},4,0x8000000000000000,Microsoft-Windows-Sysmon/Operational,WORKSTATION5,2021-06-11T09:07:28.185Z,2021-06-11T09:07:28.185Z,10,"Process accessed:
RuleName: -
UtcTime: 2021-06-12 01:07:28.181
SourceProcessGUID: {e2c04bb9-a3f6-60c3-8600-000000000300}
SourceProcessId: 4752
SourceThreadId: 6660
SourceImage: C:\Windows\system32\wbem\wmiprvse.exe
TargetProcessGUID: {e2c04bb9-a346-60c3-1100-000000000300}
TargetProcessId: 904
TargetImage: C:\Windows\system32\fontdrvhost.exe
GrantedAccess: 0x1410
CallTrace: C:\Windows\SYSTEM32\ntdll.dll+9d364|C:\Windows\System32\KERNELBASE.dll+305ee|C:\Windows\system32\wbem\cimwin32.dll+f46e|C:\Windows\system32\wbem\cimwin32.dll+faf5|C:\Windows\SYSTEM32\framedynos.dll+5722|C:\Windows\SYSTEM32\framedynos.dll+6ead|C:\Windows\system32\wbem\wmiprvse.exe+8ad1|C:\Windows\system32\wbem\wmiprvse.exe+8753|C:\Windows\System32\RPCRT4.dll+78553|C:\Windows\System32\RPCRT4.dll+12779|C:\Windows\System32\combase.dll+a8c82|C:\Windows\System32\RPCRT4.dll+5f1db|C:\Windows\System32\combase.dll+2b363|C:\Windows\System32\combase.dll+2b153|C:\Windows\System32\combase.dll+ab606|C:\Windows\System32\combase.dll+2f1aa|C:\Windows\System32\combase.dll+a772d|C:\Windows\System32\combase.dll+423fc|C:\Windows\System32\combase.dll+42e10|C:\Windows\System32\combase.dll+44448|C:\Windows\System32\RPCRT4.dll+598c8|C:\Windows\System32\RPCRT4.dll+48041|C:\Windows\System32\RPCRT4.dll+47b90|C:\Windows\System32\RPCRT4.dll+1c9bf",10,-,,0,,,,,,,,,,,,,,,,,,,{e2c04bb9-a3f6-60c3-8600-000000000300},4752,6660.0,C:\Windows\system32\wbem\wmiprvse.exe,{e2c04bb9-a346-60c3-1100-000000000300},904,C:\Windows\system32\fontdrvhost.exe,0x1410,C:\Windows\SYSTEM32\ntdll.dll+9d364|C:\Windows\System32\KERNELBASE.dll+305ee|C:\Windows\system32\wbem\cimwin32.dll+f46e|C:\Windows\system32\wbem\cimwin32.dll+faf5|C:\Windows\SYSTEM32\framedynos.dll+5722|C:\Windows\SYSTEM32\framedynos.dll+6ead|C:\Windows\system32\wbem\wmiprvse.exe+8ad1|C:\Windows\system32\wbem\wmiprvse.exe+8753|C:\Windows\System32\RPCRT4.dll+78553|C:\Windows\System32\RPCRT4.dll+12779|C:\Windows\System32\combase.dll+a8c82|C:\Windows\System32\RPCRT4.dll+5f1db|C:\Windows\System32\combase.dll+2b363|C:\Windows\System32\combase.dll+2b153|C:\Windows\System32\combase.dll+ab606|C:\Windows\System32\combase.dll+2f1aa|C:\Windows\System32\combase.dll+a772d|C:\Windows\System32\combase.dll+423fc|C:\Windows\System32\combase.dll+42e10|C:\Windows\System32\combase.dll+44448|C:\Windows\System32\RPCRT4.dll+598c8|C:\Windows\System32\RPCRT4.dll+48041|C:\Windows\System32\RPCRT4.dll+47b90|C:\Windows\System32\RPCRT4.dll+1c9bf,,,,,,,,,,,,,,,,,,,,,,,,,,,,,,,,,,,,,,,,,,,,,,,,,,,,,,,,,,,,,,,,,,,,,,,,,,,,,,,,,,,,,0,0,0,0,0,0,1,True
