2021-06-12 01:07:33,1170,Microsoft-Windows-Sysmon,{5770385f-c22a-43e0-bf4c-06f5698ffbd9},4,0x8000000000000000,Microsoft-Windows-Sysmon/Operational,WORKSTATION5,2021-06-11T09:07:33.244Z,2021-06-11T09:07:33.244Z,13,"Registry value set:
RuleName: -
EventType: SetValue
UtcTime: 2021-06-12 01:07:33.244
ProcessGuid: {e2c04bb9-d0f0-60c3-48da-ec0000000000}
ProcessId: 5632
Image: C:\Windows\system32\cmd.exe
TargetObject: HKLM\System\CurrentControlSet\Services\bam\State\UserSettings\S-1-5-21-315269454-3320600716-4144796452-500\\Device\HarddiskVolume2\TMP\CreateNamedPipe.exe
Details: Binary Data",13,-,{e2c04bb9-d0f0-60c3-48da-ec0000000000},5632,C:\Windows\system32\cmd.exe,,,,,,,,,,,,,,,,,,,,,,,,,,,,,,,,,,SetValue,HKLM\System\CurrentControlSet\Services\bam\State\UserSettings\S-1-5-21-315269454-3320600716-4144796452-500\\Device\HarddiskVolume2\TMP\CreateNamedPipe.exe,Binary Data,,,,,,,,,,,,,,,,,,,,,,,,,,,,,,,,,,,,,,,,,,,,,,,,,,,,,,,,,,,,,,,,,,,,,,,,,,,1,0,0,0,1,0,3,True
2021-06-12 01:07:33,1169,Microsoft-Windows-Sysmon,{5770385f-c22a-43e0-bf4c-06f5698ffbd9},4,0x8000000000000000,Microsoft-Windows-Sysmon/Operational,WORKSTATION5,2021-06-11T09:07:33.239Z,2021-06-11T09:07:33.239Z,5,"Process terminated:
RuleName: -
UtcTime: 2021-06-12 01:07:33.228
ProcessGuid: {e2c04bb9-08d5-60c4-8609-000000000300}
ProcessId: 4432
Image: C:\Windows\System32\taskkill.exe",5,-,{e2c04bb9-08d5-60c4-8609-000000000300},4432,C:\Windows\System32\taskkill.exe,,,,,,,,,,,,,,,,,,,,,,,,,,,,,,,,,,,,,,,,,,,,,,,,,,,,,,,,,,,,,,,,,,,,,,,,,,,,,,,,,,,,,,,,,,,,,,,,,,,,,,,,,,,,,,,1,0,0,0,1,0,4,True
2021-06-12 01:07:33,1177,Microsoft-Windows-Sysmon,{5770385f-c22a-43e0-bf4c-06f5698ffbd9},4,0x8000000000000000,Microsoft-Windows-Sysmon/Operational,WORKSTATION5,2021-06-11T09:07:33.250Z,2021-06-11T09:07:33.250Z,10,"Process accessed:
RuleName: -
UtcTime: 2021-06-12 01:07:33.244
SourceProcessGUID: {e2c04bb9-d0f0-60c3-48da-ec0000000000}
SourceProcessId: 5632
SourceThreadId: 5336
SourceImage: C:\Windows\system32\cmd.exe
TargetProcessGUID: {e2c04bb9-08d5-60c4-8809-000000000300}
TargetProcessId: 7764
TargetImage: C:\Windows\system32\timeout.exe
GrantedAccess: 0x1FFFFF
CallTrace: C:\Windows\SYSTEM32\ntdll.dll+9e714|C:\Windows\System32\KERNELBASE.dll+59e0a|C:\Windows\System32\KERNELBASE.dll+567a6|C:\Windows\System32\KERNEL32.DLL+1bee3|C:\Windows\system32\cmd.exe+1350b|C:\Windows\system32\cmd.exe+14a07|C:\Windows\system32\cmd.exe+c0d1|C:\Windows\system32\cmd.exe+b5f1|C:\Windows\system32\cmd.exe+c6e4|C:\Windows\system32\cmd.exe+913e|C:\Windows\system32\cmd.exe+93b3|C:\Windows\system32\cmd.exe+92dd|C:\Windows\system32\cmd.exe+bf92|C:\Windows\system32\cmd.exe+b5f1|C:\Windows\system32\cmd.exe+c6e4|C:\Windows\system32\cmd.exe+913e|C:\Windows\system32\cmd.exe+14a70|C:\Windows\system32\cmd.exe+c0d1|C:\Windows\system32\cmd.exe+b5f1|C:\Windows\system32\cmd.exe+1de6b|C:\Windows\system32\cmd.exe+1821d|C:\Windows\System32\KERNEL32.DLL+17c24|C:\Windows\SYSTEM32\ntdll.dll+6d721",10,-,,0,,,,,,,,,,,,,,,,,,,{e2c04bb9-d0f0-60c3-48da-ec0000000000},5632,5336.0,C:\Windows\system32\cmd.exe,{e2c04bb9-08d5-60c4-8809-000000000300},7764,C:\Windows\system32\timeout.exe,0x1fffff,C:\Windows\SYSTEM32\ntdll.dll+9e714|C:\Windows\System32\KERNELBASE.dll+59e0a|C:\Windows\System32\KERNELBASE.dll+567a6|C:\Windows\System32\KERNEL32.DLL+1bee3|C:\Windows\system32\cmd.exe+1350b|C:\Windows\system32\cmd.exe+14a07|C:\Windows\system32\cmd.exe+c0d1|C:\Windows\system32\cmd.exe+b5f1|C:\Windows\system32\cmd.exe+c6e4|C:\Windows\system32\cmd.exe+913e|C:\Windows\system32\cmd.exe+93b3|C:\Windows\system32\cmd.exe+92dd|C:\Windows\system32\cmd.exe+bf92|C:\Windows\system32\cmd.exe+b5f1|C:\Windows\system32\cmd.exe+c6e4|C:\Windows\system32\cmd.exe+913e|C:\Windows\system32\cmd.exe+14a70|C:\Windows\system32\cmd.exe+c0d1|C:\Windows\system32\cmd.exe+b5f1|C:\Windows\system32\cmd.exe+1de6b|C:\Windows\system32\cmd.exe+1821d|C:\Windows\System32\KERNEL32.DLL+17c24|C:\Windows\SYSTEM32\ntdll.dll+6d721,,,,,,,,,,,,,,,,,,,,,,,,,,,,,,,,,,,,,,,,,,,,,,,,,,,,,,,,,,,,,,,,,,,,,,,,,,,,,,,,,,,,,1,0,0,0,1,0,4,True
2021-06-12 01:07:33,1168,Microsoft-Windows-Sysmon,{5770385f-c22a-43e0-bf4c-06f5698ffbd9},4,0x8000000000000000,Microsoft-Windows-Sysmon/Operational,WORKSTATION5,2021-06-11T09:07:33.239Z,2021-06-11T09:07:33.239Z,12,"Registry object added or deleted:
RuleName: -
EventType: CreateKey
UtcTime: 2021-06-12 01:07:33.228
ProcessGuid: {e2c04bb9-a70c-60c3-6abd-380000000000}
ProcessId: 1152
Image: C:\Windows\system32\ctfmon.exe
TargetObject: HKU\S-1-5-21-315269454-3320600716-4144796452-500\Software\Microsoft\Input\Settings",12,-,{e2c04bb9-a70c-60c3-6abd-380000000000},1152,C:\Windows\system32\ctfmon.exe,,,,,,,,,,,,,,,,,,,,,,,,,,,,,,,,,,CreateKey,HKU\S-1-5-21-315269454-3320600716-4144796452-500\Software\Microsoft\Input\Settings,,,,,,,,,,,,,,,,,,,,,,,,,,,,,,,,,,,,,,,,,,,,,,,,,,,,,,,,,,,,,,,,,,,,,,,,,,,,1,0,0,1,1,0,5,True
2021-06-12 01:07:33,1166,Microsoft-Windows-Sysmon,{5770385f-c22a-43e0-bf4c-06f5698ffbd9},4,0x8000000000000000,Microsoft-Windows-Sysmon/Operational,WORKSTATION5,2021-06-11T09:07:33.238Z,2021-06-11T09:07:33.238Z,5,"Process terminated:
RuleName: -
UtcTime: 2021-06-12 01:07:33.228
ProcessGuid: {e2c04bb9-08d0-60c4-8509-000000000300}
ProcessId: 1588
Image: C:\Windows\System32\conhost.exe",5,-,{e2c04bb9-08d0-60c4-8509-000000000300},1588,C:\Windows\System32\conhost.exe,,,,,,,,,,,,,,,,,,,,,,,,,,,,,,,,,,,,,,,,,,,,,,,,,,,,,,,,,,,,,,,,,,,,,,,,,,,,,,,,,,,,,,,,,,,,,,,,,,,,,,,,,,,,,,,0,0,0,1,1,0,5,True
2021-06-12 01:07:33,1165,Microsoft-Windows-Sysmon,{5770385f-c22a-43e0-bf4c-06f5698ffbd9},4,0x8000000000000000,Microsoft-Windows-Sysmon/Operational,WORKSTATION5,2021-06-11T09:07:33.235Z,2021-06-11T09:07:33.235Z,12,"Registry object added or deleted:
RuleName: -
EventType: DeleteKey
UtcTime: 2021-06-12 01:07:33.228
ProcessGuid: {e2c04bb9-a70e-60c3-0d61-390000000000}
ProcessId: 1320
Image: C:\Windows\Explorer.EXE
TargetObject: HKU\S-1-5-21-315269454-3320600716-4144796452-500\Software\Microsoft\Windows\CurrentVersion\Explorer\SessionInfo\2\ApplicationViewManagement\W32:00000000000E0506",12,-,{e2c04bb9-a70e-60c3-0d61-390000000000},1320,C:\Windows\Explorer.EXE,,,,,,,,,,,,,,,,,,,,,,,,,,,,,,,,,,DeleteKey,HKU\S-1-5-21-315269454-3320600716-4144796452-500\Software\Microsoft\Windows\CurrentVersion\Explorer\SessionInfo\2\ApplicationViewManagement\W32:00000000000E0506,,,,,,,,,,,,,,,,,,,,,,,,,,,,,,,,,,,,,,,,,,,,,,,,,,,,,,,,,,,,,,,,,,,,,,,,,,,,0,0,0,1,0,0,5,True
2021-06-12 01:07:33,1164,Microsoft-Windows-Sysmon,{5770385f-c22a-43e0-bf4c-06f5698ffbd9},4,0x8000000000000000,Microsoft-Windows-Sysmon/Operational,WORKSTATION5,2021-06-11T09:07:33.232Z,2021-06-11T09:07:33.232Z,13,"Registry value set:
RuleName: -
EventType: SetValue
UtcTime: 2021-06-12 01:07:33.228
ProcessGuid: {e2c04bb9-08d0-60c4-8309-000000000300}
ProcessId: 7444
Image: C:\TMP\CreateNamedPipe.exe
TargetObject: HKLM\System\CurrentControlSet\Services\bam\State\UserSettings\S-1-5-21-315269454-3320600716-4144796452-500\\Device\HarddiskVolume2\TMP\CreateNamedPipe.exe
Details: Binary Data",13,-,{e2c04bb9-08d0-60c4-8309-000000000300},7444,C:\TMP\CreateNamedPipe.exe,,,,,,,,,,,,,,,,,,,,,,,,,,,,,,,,,,SetValue,HKLM\System\CurrentControlSet\Services\bam\State\UserSettings\S-1-5-21-315269454-3320600716-4144796452-500\\Device\HarddiskVolume2\TMP\CreateNamedPipe.exe,Binary Data,,,,,,,,,,,,,,,,,,,,,,,,,,,,,,,,,,,,,,,,,,,,,,,,,,,,,,,,,,,,,,,,,,,,,,,,,,,0,0,0,1,1,0,5,True
2021-06-12 01:07:33,1163,Microsoft-Windows-Sysmon,{5770385f-c22a-43e0-bf4c-06f5698ffbd9},4,0x8000000000000000,Microsoft-Windows-Sysmon/Operational,WORKSTATION5,2021-06-11T09:07:33.232Z,2021-06-11T09:07:33.232Z,5,"Process terminated:
RuleName: -
UtcTime: 2021-06-12 01:07:33.228
ProcessGuid: {e2c04bb9-08d0-60c4-8309-000000000300}
ProcessId: 7444
Image: C:\TMP\CreateNamedPipe.exe",5,-,{e2c04bb9-08d0-60c4-8309-000000000300},7444,C:\TMP\CreateNamedPipe.exe,,,,,,,,,,,,,,,,,,,,,,,,,,,,,,,,,,,,,,,,,,,,,,,,,,,,,,,,,,,,,,,,,,,,,,,,,,,,,,,,,,,,,,,,,,,,,,,,,,,,,,,,,,,,,,,0,0,0,1,1,0,4,True
2021-06-12 01:07:33,1162,Microsoft-Windows-Sysmon,{5770385f-c22a-43e0-bf4c-06f5698ffbd9},4,0x8000000000000000,Microsoft-Windows-Sysmon/Operational,WORKSTATION5,2021-06-11T09:07:33.231Z,2021-06-11T09:07:33.231Z,10,"Process accessed:
RuleName: -
UtcTime: 2021-06-12 01:07:33.228
SourceProcessGUID: {e2c04bb9-08d5-60c4-8609-000000000300}
SourceProcessId: 4432
SourceThreadId: 4696
SourceImage: C:\Windows\system32\taskkill.exe
TargetProcessGUID: {e2c04bb9-08d0-60c4-8309-000000000300}
TargetProcessId: 7444
TargetImage: C:\TMP\CreateNamedPipe.exe
GrantedAccess: 0x1401
CallTrace: C:\Windows\SYSTEM32\ntdll.dll+9d364|C:\Windows\System32\KERNELBASE.dll+305ee|C:\Windows\system32\taskkill.exe+3a8b|C:\Windows\system32\taskkill.exe+37fb|C:\Windows\system32\taskkill.exe+2f87|C:\Windows\system32\taskkill.exe+1242|C:\Windows\system32\taskkill.exe+f80d|C:\Windows\System32\KERNEL32.DLL+17c24|C:\Windows\SYSTEM32\ntdll.dll+6d721",10,-,,0,,,,,,,,,,,,,,,,,,,{e2c04bb9-08d5-60c4-8609-000000000300},4432,4696.0,C:\Windows\system32\taskkill.exe,{e2c04bb9-08d0-60c4-8309-000000000300},7444,C:\TMP\CreateNamedPipe.exe,0x1401,C:\Windows\SYSTEM32\ntdll.dll+9d364|C:\Windows\System32\KERNELBASE.dll+305ee|C:\Windows\system32\taskkill.exe+3a8b|C:\Windows\system32\taskkill.exe+37fb|C:\Windows\system32\taskkill.exe+2f87|C:\Windows\system32\taskkill.exe+1242|C:\Windows\system32\taskkill.exe+f80d|C:\Windows\System32\KERNEL32.DLL+17c24|C:\Windows\SYSTEM32\ntdll.dll+6d721,,,,,,,,,,,,,,,,,,,,,,,,,,,,,,,,,,,,,,,,,,,,,,,,,,,,,,,,,,,,,,,,,,,,,,,,,,,,,,,,,,,,,0,0,0,1,1,0,4,True
2021-06-12 01:07:33,1161,Microsoft-Windows-Sysmon,{5770385f-c22a-43e0-bf4c-06f5698ffbd9},4,0x8000000000000000,Microsoft-Windows-Sysmon/Operational,WORKSTATION5,2021-06-11T09:07:33.231Z,2021-06-11T09:07:33.231Z,7,"Image loaded:
RuleName: -
UtcTime: 2021-06-12 01:07:33.228
ProcessGuid: {e2c04bb9-08d5-60c4-8609-000000000300}
ProcessId: 4432
Image: C:\Windows\System32\taskkill.exe
ImageLoaded: C:\Windows\System32\wbem\wmiutils.dll
FileVersion: 10.0.18362.1411 (WinBuild.160101.0800)
Description: WMI
Product: Microsoft® Windows® Operating System
Company: Microsoft Corporation
OriginalFileName: wmiutils.dll
Hashes: SHA1=C45125AA1D48EE8A3DFBDA74EBEF347FE9BFF995,MD5=C2E0734D16F1D21B0E9D2BECD3BBCA59,SHA256=F70B4442D6333B82B3336B7D0DDD1A46EF19453569514D646E20507DE1A61FB3,IMPHASH=0D31E6D27B954AD879CB4DF742982F1A
Signed: true
Signature: Microsoft Windows
SignatureStatus: Valid",7,-,{e2c04bb9-08d5-60c4-8609-000000000300},4432,C:\Windows\System32\taskkill.exe,10.0.18362.1411 (WinBuild.160101.0800),WMI,Microsoft® Windows® Operating System,Microsoft Corporation,wmiutils.dll,,,,,,,,"SHA1=C45125AA1D48EE8A3DFBDA74EBEF347FE9BFF995,MD5=C2E0734D16F1D21B0E9D2BECD3BBCA59,SHA256=F70B4442D6333B82B3336B7D0DDD1A46EF19453569514D646E20507DE1A61FB3,IMPHASH=0D31E6D27B954AD879CB4DF742982F1A",,,,,,,,,,,,,,C:\Windows\System32\wbem\wmiutils.dll,True,Microsoft Windows,Valid,,,,,,,,,,,,,,,,,,,,,,,,,,,,,,,,,,,,,,,,,,,,,,,,,,,,,,,,,,,,,,,,,,,,,,,,,,,,,,,,,0,0,0,1,1,0,4,True
2021-06-12 01:07:33,1160,Microsoft-Windows-Sysmon,{5770385f-c22a-43e0-bf4c-06f5698ffbd9},4,0x8000000000000000,Microsoft-Windows-Sysmon/Operational,WORKSTATION5,2021-06-11T09:07:33.229Z,2021-06-11T09:07:33.229Z,10,"Process accessed:
RuleName: -
UtcTime: 2021-06-12 01:07:33.228
SourceProcessGUID: {e2c04bb9-a70e-60c3-0d61-390000000000}
SourceProcessId: 1320
SourceThreadId: 1568
SourceImage: C:\Windows\Explorer.EXE
TargetProcessGUID: {e2c04bb9-d0f0-60c3-48da-ec0000000000}
TargetProcessId: 5632
TargetImage: C:\Windows\system32\cmd.exe
GrantedAccess: 0x2000
CallTrace: C:\Windows\SYSTEM32\ntdll.dll+9d364|C:\Windows\System32\KERNELBASE.dll+305ee|C:\Windows\system32\twinui.dll+2adb9|C:\Windows\SYSTEM32\ntdll.dll+30729|C:\Windows\SYSTEM32\ntdll.dll+345b4|C:\Windows\System32\KERNEL32.DLL+17c24|C:\Windows\SYSTEM32\ntdll.dll+6d721",10,-,,0,,,,,,,,,,,,,,,,,,,{e2c04bb9-a70e-60c3-0d61-390000000000},1320,1568.0,C:\Windows\Explorer.EXE,{e2c04bb9-d0f0-60c3-48da-ec0000000000},5632,C:\Windows\system32\cmd.exe,0x2000,C:\Windows\SYSTEM32\ntdll.dll+9d364|C:\Windows\System32\KERNELBASE.dll+305ee|C:\Windows\system32\twinui.dll+2adb9|C:\Windows\SYSTEM32\ntdll.dll+30729|C:\Windows\SYSTEM32\ntdll.dll+345b4|C:\Windows\System32\KERNEL32.DLL+17c24|C:\Windows\SYSTEM32\ntdll.dll+6d721,,,,,,,,,,,,,,,,,,,,,,,,,,,,,,,,,,,,,,,,,,,,,,,,,,,,,,,,,,,,,,,,,,,,,,,,,,,,,,,,,,,,,0,0,0,0,1,0,3,True
2021-06-12 01:07:33,1159,Microsoft-Windows-Sysmon,{5770385f-c22a-43e0-bf4c-06f5698ffbd9},4,0x8000000000000000,Microsoft-Windows-Sysmon/Operational,WORKSTATION5,2021-06-11T09:07:33.229Z,2021-06-11T09:07:33.229Z,10,"Process accessed:
RuleName: -
UtcTime: 2021-06-12 01:07:33.228
SourceProcessGUID: {e2c04bb9-a70e-60c3-0d61-390000000000}
SourceProcessId: 1320
SourceThreadId: 1568
SourceImage: C:\Windows\Explorer.EXE
TargetProcessGUID: {e2c04bb9-08d0-60c4-8309-000000000300}
TargetProcessId: 7444
TargetImage: C:\TMP\CreateNamedPipe.exe
GrantedAccess: 0x2000
CallTrace: C:\Windows\SYSTEM32\ntdll.dll+9d364|C:\Windows\System32\KERNELBASE.dll+305ee|C:\Windows\system32\twinui.dll+2adb9|C:\Windows\SYSTEM32\ntdll.dll+30729|C:\Windows\SYSTEM32\ntdll.dll+345b4|C:\Windows\System32\KERNEL32.DLL+17c24|C:\Windows\SYSTEM32\ntdll.dll+6d721",10,-,,0,,,,,,,,,,,,,,,,,,,{e2c04bb9-a70e-60c3-0d61-390000000000},1320,1568.0,C:\Windows\Explorer.EXE,{e2c04bb9-08d0-60c4-8309-000000000300},7444,C:\TMP\CreateNamedPipe.exe,0x2000,C:\Windows\SYSTEM32\ntdll.dll+9d364|C:\Windows\System32\KERNELBASE.dll+305ee|C:\Windows\system32\twinui.dll+2adb9|C:\Windows\SYSTEM32\ntdll.dll+30729|C:\Windows\SYSTEM32\ntdll.dll+345b4|C:\Windows\System32\KERNEL32.DLL+17c24|C:\Windows\SYSTEM32\ntdll.dll+6d721,,,,,,,,,,,,,,,,,,,,,,,,,,,,,,,,,,,,,,,,,,,,,,,,,,,,,,,,,,,,,,,,,,,,,,,,,,,,,,,,,,,,,0,0,0,0,0,0,3,True
2021-06-12 01:07:33,1167,Microsoft-Windows-Sysmon,{5770385f-c22a-43e0-bf4c-06f5698ffbd9},4,0x8000000000000000,Microsoft-Windows-Sysmon/Operational,WORKSTATION5,2021-06-11T09:07:33.238Z,2021-06-11T09:07:33.238Z,13,"Registry value set:
RuleName: -
EventType: SetValue
UtcTime: 2021-06-12 01:07:33.228
ProcessGuid: {e2c04bb9-08d0-60c4-8509-000000000300}
ProcessId: 1588
Image: C:\Windows\system32\conhost.exe
TargetObject: HKLM\System\CurrentControlSet\Services\bam\State\UserSettings\S-1-5-21-315269454-3320600716-4144796452-500\\Device\HarddiskVolume2\Windows\System32\conhost.exe
Details: Binary Data",13,-,{e2c04bb9-08d0-60c4-8509-000000000300},1588,C:\Windows\system32\conhost.exe,,,,,,,,,,,,,,,,,,,,,,,,,,,,,,,,,,SetValue,HKLM\System\CurrentControlSet\Services\bam\State\UserSettings\S-1-5-21-315269454-3320600716-4144796452-500\\Device\HarddiskVolume2\Windows\System32\conhost.exe,Binary Data,,,,,,,,,,,,,,,,,,,,,,,,,,,,,,,,,,,,,,,,,,,,,,,,,,,,,,,,,,,,,,,,,,,,,,,,,,,0,0,0,0,1,0,3,True
2021-06-12 01:07:33,1200,Microsoft-Windows-Sysmon,{5770385f-c22a-43e0-bf4c-06f5698ffbd9},4,0x8000000000000000,Microsoft-Windows-Sysmon/Operational,WORKSTATION5,2021-06-11T09:07:33.262Z,2021-06-11T09:07:33.262Z,7,"Image loaded:
RuleName: -
UtcTime: 2021-06-12 01:07:33.244
ProcessGuid: {e2c04bb9-08d5-60c4-8909-000000000300}
ProcessId: 8232
Image: C:\Windows\System32\conhost.exe
ImageLoaded: C:\Windows\System32\sechost.dll
FileVersion: 10.0.18362.1474 (WinBuild.160101.0800)
Description: Host for SCM/SDDL/LSA Lookup APIs
Product: Microsoft® Windows® Operating System
Company: Microsoft Corporation
OriginalFileName: sechost.dll
Hashes: SHA1=9EF4F89E1B8499A251058FA8F6DA30F640D9B249,MD5=F97C22504B6ACA5527DAAD3755BC639E,SHA256=3A2E5DB9DCDB45FF9F731BC1B253862B9DD7710D802D04F12C1AA100C5E5A812,IMPHASH=CE4BD072766253F6A267D0284CA82002
Signed: true
Signature: Microsoft Windows
SignatureStatus: Valid",7,-,{e2c04bb9-08d5-60c4-8909-000000000300},8232,C:\Windows\System32\conhost.exe,10.0.18362.1474 (WinBuild.160101.0800),Host for SCM/SDDL/LSA Lookup APIs,Microsoft® Windows® Operating System,Microsoft Corporation,sechost.dll,,,,,,,,"SHA1=9EF4F89E1B8499A251058FA8F6DA30F640D9B249,MD5=F97C22504B6ACA5527DAAD3755BC639E,SHA256=3A2E5DB9DCDB45FF9F731BC1B253862B9DD7710D802D04F12C1AA100C5E5A812,IMPHASH=CE4BD072766253F6A267D0284CA82002",,,,,,,,,,,,,,C:\Windows\System32\sechost.dll,True,Microsoft Windows,Valid,,,,,,,,,,,,,,,,,,,,,,,,,,,,,,,,,,,,,,,,,,,,,,,,,,,,,,,,,,,,,,,,,,,,,,,,,,,,,,,,,0,0,0,0,1,0,4,True
2021-06-12 01:07:33,1178,Microsoft-Windows-Sysmon,{5770385f-c22a-43e0-bf4c-06f5698ffbd9},4,0x8000000000000000,Microsoft-Windows-Sysmon/Operational,WORKSTATION5,2021-06-11T09:07:33.250Z,2021-06-11T09:07:33.250Z,10,"Process accessed:
RuleName: -
UtcTime: 2021-06-12 01:07:33.244
SourceProcessGUID: {e2c04bb9-a703-60c3-b501-000000000300}
SourceProcessId: 1876
SourceThreadId: 5780
SourceImage: C:\Windows\system32\csrss.exe
TargetProcessGUID: {e2c04bb9-08d5-60c4-8809-000000000300}
TargetProcessId: 7764
TargetImage: C:\Windows\system32\timeout.exe
GrantedAccess: 0x1FFFFF
CallTrace: C:\Windows\SYSTEM32\ntdll.dll+9d364|C:\Windows\system32\basesrv.DLL+2fba|C:\Windows\SYSTEM32\CSRSRV.dll+5af4|C:\Windows\SYSTEM32\ntdll.dll+6d72f",10,-,,0,,,,,,,,,,,,,,,,,,,{e2c04bb9-a703-60c3-b501-000000000300},1876,5780.0,C:\Windows\system32\csrss.exe,{e2c04bb9-08d5-60c4-8809-000000000300},7764,C:\Windows\system32\timeout.exe,0x1fffff,C:\Windows\SYSTEM32\ntdll.dll+9d364|C:\Windows\system32\basesrv.DLL+2fba|C:\Windows\SYSTEM32\CSRSRV.dll+5af4|C:\Windows\SYSTEM32\ntdll.dll+6d72f,,,,,,,,,,,,,,,,,,,,,,,,,,,,,,,,,,,,,,,,,,,,,,,,,,,,,,,,,,,,,,,,,,,,,,,,,,,,,,,,,,,,,0,0,0,0,1,0,3,True
2021-06-12 01:07:33,1180,Microsoft-Windows-Sysmon,{5770385f-c22a-43e0-bf4c-06f5698ffbd9},4,0x8000000000000000,Microsoft-Windows-Sysmon/Operational,WORKSTATION5,2021-06-11T09:07:33.252Z,2021-06-11T09:07:33.252Z,7,"Image loaded:
RuleName: -
UtcTime: 2021-06-12 01:07:33.244
ProcessGuid: {e2c04bb9-08d5-60c4-8709-000000000300}
ProcessId: 512
Image: C:\TMP\CreateNamedPipe.exe
ImageLoaded: C:\Windows\System32\KernelBase.dll
FileVersion: 10.0.18362.1474 (WinBuild.160101.0800)
Description: Windows NT BASE API Client DLL
Product: Microsoft® Windows® Operating System
Company: Microsoft Corporation
OriginalFileName: Kernelbase.dll
Hashes: SHA1=568E892FA3286C72BC89867B182CE76800018964,MD5=E562EC4C5C939BF4CA506E288A54CC02,SHA256=60827CB832FDC137A3F9146AE666CDE3EA4B2D94CAE289D4A33B6D1D363656D3,IMPHASH=16003AF856720C35351BB8C14AD0B0A8
Signed: true
Signature: Microsoft Windows
SignatureStatus: Valid",7,-,{e2c04bb9-08d5-60c4-8709-000000000300},512,C:\TMP\CreateNamedPipe.exe,10.0.18362.1474 (WinBuild.160101.0800),Windows NT BASE API Client DLL,Microsoft® Windows® Operating System,Microsoft Corporation,Kernelbase.dll,,,,,,,,"SHA1=568E892FA3286C72BC89867B182CE76800018964,MD5=E562EC4C5C939BF4CA506E288A54CC02,SHA256=60827CB832FDC137A3F9146AE666CDE3EA4B2D94CAE289D4A33B6D1D363656D3,IMPHASH=16003AF856720C35351BB8C14AD0B0A8",,,,,,,,,,,,,,C:\Windows\System32\KernelBase.dll,True,Microsoft Windows,Valid,,,,,,,,,,,,,,,,,,,,,,,,,,,,,,,,,,,,,,,,,,,,,,,,,,,,,,,,,,,,,,,,,,,,,,,,,,,,,,,,,0,0,0,0,1,0,4,True
2021-06-12 01:07:33,1198,Microsoft-Windows-Sysmon,{5770385f-c22a-43e0-bf4c-06f5698ffbd9},4,0x8000000000000000,Microsoft-Windows-Sysmon/Operational,WORKSTATION5,2021-06-11T09:07:33.261Z,2021-06-11T09:07:33.261Z,7,"Image loaded:
RuleName: -
UtcTime: 2021-06-12 01:07:33.244
ProcessGuid: {e2c04bb9-08d5-60c4-8909-000000000300}
ProcessId: 8232
Image: C:\Windows\System32\conhost.exe
ImageLoaded: C:\Windows\System32\bcryptprimitives.dll
FileVersion: 10.0.18362.1237 (WinBuild.160101.0800)
Description: Windows Cryptographic Primitives Library
Product: Microsoft® Windows® Operating System
Company: Microsoft Corporation
OriginalFileName: bcryptprimitives.dll
Hashes: SHA1=9EF590B826FD65FD7F6B348604E29873AFE24353,MD5=CFA9891644C90A7739814212C28E9071,SHA256=9DADBB2C0AE4D8DBC3E855F35DF29FA40C0FEC8ABE3B15DAD2F789671A44792C,IMPHASH=496E42068C9391511CF6EE7C54F73A9B
Signed: true
Signature: Microsoft Windows
SignatureStatus: Valid",7,-,{e2c04bb9-08d5-60c4-8909-000000000300},8232,C:\Windows\System32\conhost.exe,10.0.18362.1237 (WinBuild.160101.0800),Windows Cryptographic Primitives Library,Microsoft® Windows® Operating System,Microsoft Corporation,bcryptprimitives.dll,,,,,,,,"SHA1=9EF590B826FD65FD7F6B348604E29873AFE24353,MD5=CFA9891644C90A7739814212C28E9071,SHA256=9DADBB2C0AE4D8DBC3E855F35DF29FA40C0FEC8ABE3B15DAD2F789671A44792C,IMPHASH=496E42068C9391511CF6EE7C54F73A9B",,,,,,,,,,,,,,C:\Windows\System32\bcryptprimitives.dll,True,Microsoft Windows,Valid,,,,,,,,,,,,,,,,,,,,,,,,,,,,,,,,,,,,,,,,,,,,,,,,,,,,,,,,,,,,,,,,,,,,,,,,,,,,,,,,,0,0,0,0,1,0,4,True
2021-06-12 01:07:33,1197,Microsoft-Windows-Sysmon,{5770385f-c22a-43e0-bf4c-06f5698ffbd9},4,0x8000000000000000,Microsoft-Windows-Sysmon/Operational,WORKSTATION5,2021-06-11T09:07:33.260Z,2021-06-11T09:07:33.260Z,7,"Image loaded:
RuleName: -
UtcTime: 2021-06-12 01:07:33.244
ProcessGuid: {e2c04bb9-08d5-60c4-8809-000000000300}
ProcessId: 7764
Image: C:\Windows\System32\timeout.exe
ImageLoaded: C:\Windows\System32\KernelBase.dll
FileVersion: 10.0.18362.1474 (WinBuild.160101.0800)
Description: Windows NT BASE API Client DLL
Product: Microsoft® Windows® Operating System
Company: Microsoft Corporation
OriginalFileName: Kernelbase.dll
Hashes: SHA1=568E892FA3286C72BC89867B182CE76800018964,MD5=E562EC4C5C939BF4CA506E288A54CC02,SHA256=60827CB832FDC137A3F9146AE666CDE3EA4B2D94CAE289D4A33B6D1D363656D3,IMPHASH=16003AF856720C35351BB8C14AD0B0A8
Signed: true
Signature: Microsoft Windows
SignatureStatus: Valid",7,-,{e2c04bb9-08d5-60c4-8809-000000000300},7764,C:\Windows\System32\timeout.exe,10.0.18362.1474 (WinBuild.160101.0800),Windows NT BASE API Client DLL,Microsoft® Windows® Operating System,Microsoft Corporation,Kernelbase.dll,,,,,,,,"SHA1=568E892FA3286C72BC89867B182CE76800018964,MD5=E562EC4C5C939BF4CA506E288A54CC02,SHA256=60827CB832FDC137A3F9146AE666CDE3EA4B2D94CAE289D4A33B6D1D363656D3,IMPHASH=16003AF856720C35351BB8C14AD0B0A8",,,,,,,,,,,,,,C:\Windows\System32\KernelBase.dll,True,Microsoft Windows,Valid,,,,,,,,,,,,,,,,,,,,,,,,,,,,,,,,,,,,,,,,,,,,,,,,,,,,,,,,,,,,,,,,,,,,,,,,,,,,,,,,,0,0,0,0,0,0,4,True
2021-06-12 01:07:33,1241,Microsoft-Windows-Sysmon,{5770385f-c22a-43e0-bf4c-06f5698ffbd9},4,0x8000000000000000,Microsoft-Windows-Sysmon/Operational,WORKSTATION5,2021-06-11T09:07:33.309Z,2021-06-11T09:07:33.309Z,7,"Image loaded:
RuleName: -
UtcTime: 2021-06-12 01:07:33.290
ProcessGuid: {e2c04bb9-08d5-60c4-8909-000000000300}
ProcessId: 8232
Image: C:\Windows\System32\conhost.exe
ImageLoaded: C:\Windows\WinSxS\amd64_microsoft.windows.common-controls_6595b64144ccf1df_6.0.18362.1556_none_9e7e372fe45e41d5\comctl32.dll
FileVersion: 6.10 (WinBuild.160101.0800)
Description: User Experience Controls Library
Product: Microsoft® Windows® Operating System
Company: Microsoft Corporation
OriginalFileName: comctl32.DLL
Hashes: SHA1=377E65E02A3AC65B2232257575F644CF2416BC11,MD5=A0D77879809E20327E5CC5834A5E50D9,SHA256=8567A545459B8930E791BDE7A595D05EC7CAFF047C71A8A181FCDE70E6A4C3E5,IMPHASH=C0671771A067C287DB4783914ABFEAD2
Signed: true
Signature: Microsoft Windows
SignatureStatus: Valid",7,-,{e2c04bb9-08d5-60c4-8909-000000000300},8232,C:\Windows\System32\conhost.exe,6.10 (WinBuild.160101.0800),User Experience Controls Library,Microsoft® Windows® Operating System,Microsoft Corporation,comctl32.DLL,,,,,,,,"SHA1=377E65E02A3AC65B2232257575F644CF2416BC11,MD5=A0D77879809E20327E5CC5834A5E50D9,SHA256=8567A545459B8930E791BDE7A595D05EC7CAFF047C71A8A181FCDE70E6A4C3E5,IMPHASH=C0671771A067C287DB4783914ABFEAD2",,,,,,,,,,,,,,C:\Windows\WinSxS\amd64_microsoft.windows.common-controls_6595b64144ccf1df_6.0.18362.1556_none_9e7e372fe45e41d5\comctl32.dll,True,Microsoft Windows,Valid,,,,,,,,,,,,,,,,,,,,,,,,,,,,,,,,,,,,,,,,,,,,,,,,,,,,,,,,,,,,,,,,,,,,,,,,,,,,,,,,,0,0,0,0,0,0,4,True
2021-06-12 01:07:33,1195,Microsoft-Windows-Sysmon,{5770385f-c22a-43e0-bf4c-06f5698ffbd9},4,0x8000000000000000,Microsoft-Windows-Sysmon/Operational,WORKSTATION5,2021-06-11T09:07:33.259Z,2021-06-11T09:07:33.259Z,7,"Image loaded:
RuleName: -
UtcTime: 2021-06-12 01:07:33.244
ProcessGuid: {e2c04bb9-08d5-60c4-8909-000000000300}
ProcessId: 8232
Image: C:\Windows\System32\conhost.exe
ImageLoaded: C:\Windows\System32\rpcrt4.dll
FileVersion: 10.0.18362.1500 (WinBuild.160101.0800)
Description: Remote Procedure Call Runtime
Product: Microsoft® Windows® Operating System
Company: Microsoft Corporation
OriginalFileName: rpcrt4.dll
Hashes: SHA1=6A154351837808744BC8E40F730E9986F3CA9633,MD5=15C59ACA8F5DB60A430F3FABCE8B181C,SHA256=891D6ABD1CDFB5CC0CCD3E208B9A83D1FC7B6EBA84A4160DBC3A53F38C787639,IMPHASH=88E7E7C7FA90052EC162DD37F2B7C7BD
Signed: true
Signature: Microsoft Windows
SignatureStatus: Valid",7,-,{e2c04bb9-08d5-60c4-8909-000000000300},8232,C:\Windows\System32\conhost.exe,10.0.18362.1500 (WinBuild.160101.0800),Remote Procedure Call Runtime,Microsoft® Windows® Operating System,Microsoft Corporation,rpcrt4.dll,,,,,,,,"SHA1=6A154351837808744BC8E40F730E9986F3CA9633,MD5=15C59ACA8F5DB60A430F3FABCE8B181C,SHA256=891D6ABD1CDFB5CC0CCD3E208B9A83D1FC7B6EBA84A4160DBC3A53F38C787639,IMPHASH=88E7E7C7FA90052EC162DD37F2B7C7BD",,,,,,,,,,,,,,C:\Windows\System32\rpcrt4.dll,True,Microsoft Windows,Valid,,,,,,,,,,,,,,,,,,,,,,,,,,,,,,,,,,,,,,,,,,,,,,,,,,,,,,,,,,,,,,,,,,,,,,,,,,,,,,,,,0,0,0,0,0,0,3,True
2021-06-12 01:07:33,1194,Microsoft-Windows-Sysmon,{5770385f-c22a-43e0-bf4c-06f5698ffbd9},4,0x8000000000000000,Microsoft-Windows-Sysmon/Operational,WORKSTATION5,2021-06-11T09:07:33.258Z,2021-06-11T09:07:33.258Z,7,"Image loaded:
RuleName: -
UtcTime: 2021-06-12 01:07:33.244
ProcessGuid: {e2c04bb9-08d5-60c4-8909-000000000300}
ProcessId: 8232
Image: C:\Windows\System32\conhost.exe
ImageLoaded: C:\Windows\System32\msvcrt.dll
FileVersion: 7.0.18362.1 (WinBuild.160101.0800)
Description: Windows NT CRT DLL
Product: Microsoft® Windows® Operating System
Company: Microsoft Corporation
OriginalFileName: msvcrt.dll
Hashes: SHA1=0EA4B3CFB14E49CEC0D42FF0F1FA989E69647A8F,MD5=36354D9B5B0A58A4B9A19103852C00A2,SHA256=E5A863D3F4BFEFED7D73A7B1499F81B7235BC9AE3C108065041BCB8E5446B1BB,IMPHASH=1273683626EBBA703979F188A1E64237
Signed: true
Signature: Microsoft Windows
SignatureStatus: Valid",7,-,{e2c04bb9-08d5-60c4-8909-000000000300},8232,C:\Windows\System32\conhost.exe,7.0.18362.1 (WinBuild.160101.0800),Windows NT CRT DLL,Microsoft® Windows® Operating System,Microsoft Corporation,msvcrt.dll,,,,,,,,"SHA1=0EA4B3CFB14E49CEC0D42FF0F1FA989E69647A8F,MD5=36354D9B5B0A58A4B9A19103852C00A2,SHA256=E5A863D3F4BFEFED7D73A7B1499F81B7235BC9AE3C108065041BCB8E5446B1BB,IMPHASH=1273683626EBBA703979F188A1E64237",,,,,,,,,,,,,,C:\Windows\System32\msvcrt.dll,True,Microsoft Windows,Valid,,,,,,,,,,,,,,,,,,,,,,,,,,,,,,,,,,,,,,,,,,,,,,,,,,,,,,,,,,,,,,,,,,,,,,,,,,,,,,,,,0,0,0,0,0,0,2,True
2021-06-12 01:07:33,1193,Microsoft-Windows-Sysmon,{5770385f-c22a-43e0-bf4c-06f5698ffbd9},4,0x8000000000000000,Microsoft-Windows-Sysmon/Operational,WORKSTATION5,2021-06-11T09:07:33.258Z,2021-06-11T09:07:33.258Z,7,"Image loaded:
RuleName: -
UtcTime: 2021-06-12 01:07:33.244
ProcessGuid: {e2c04bb9-08d5-60c4-8909-000000000300}
ProcessId: 8232
Image: C:\Windows\System32\conhost.exe
ImageLoaded: C:\Windows\System32\SHCore.dll
FileVersion: 10.0.18362.1533 (WinBuild.160101.0800)
Description: SHCORE
Product: Microsoft® Windows® Operating System
Company: Microsoft Corporation
OriginalFileName: SHCORE.dll
Hashes: SHA1=968EB034605BB23F7D13A2F994109B208E3AE036,MD5=21C3029ED4FC09BB667AEDC879D4565C,SHA256=0B6EB7B45AA892B154F8C7EEE6D0FCAD08DE3235F3057150955C419F06FEC8F8,IMPHASH=0E48D88DA5B1AEFE29036ECDE5B34E8D
Signed: true
Signature: Microsoft Windows
SignatureStatus: Valid",7,-,{e2c04bb9-08d5-60c4-8909-000000000300},8232,C:\Windows\System32\conhost.exe,10.0.18362.1533 (WinBuild.160101.0800),SHCORE,Microsoft® Windows® Operating System,Microsoft Corporation,SHCORE.dll,,,,,,,,"SHA1=968EB034605BB23F7D13A2F994109B208E3AE036,MD5=21C3029ED4FC09BB667AEDC879D4565C,SHA256=0B6EB7B45AA892B154F8C7EEE6D0FCAD08DE3235F3057150955C419F06FEC8F8,IMPHASH=0E48D88DA5B1AEFE29036ECDE5B34E8D",,,,,,,,,,,,,,C:\Windows\System32\SHCore.dll,True,Microsoft Windows,Valid,,,,,,,,,,,,,,,,,,,,,,,,,,,,,,,,,,,,,,,,,,,,,,,,,,,,,,,,,,,,,,,,,,,,,,,,,,,,,,,,,0,0,0,0,0,0,2,True
2021-06-12 01:07:33,1192,Microsoft-Windows-Sysmon,{5770385f-c22a-43e0-bf4c-06f5698ffbd9},4,0x8000000000000000,Microsoft-Windows-Sysmon/Operational,WORKSTATION5,2021-06-11T09:07:33.257Z,2021-06-11T09:07:33.257Z,7,"Image loaded:
RuleName: -
UtcTime: 2021-06-12 01:07:33.244
ProcessGuid: {e2c04bb9-08d5-60c4-8909-000000000300}
ProcessId: 8232
Image: C:\Windows\System32\conhost.exe
ImageLoaded: C:\Windows\System32\ucrtbase.dll
FileVersion: 10.0.18362.1110 (WinBuild.160101.0800)
Description: Microsoft® C Runtime Library
Product: Microsoft® Windows® Operating System
Company: Microsoft Corporation
OriginalFileName: ucrtbase.dll
Hashes: SHA1=D10BBE9B65C2C6F8FCA6850D0B79CBC6EF04D691,MD5=126821F73FD9FFCE6E091CF9480E1B60,SHA256=7B28F46F0A09CFD9129109A94B1C16C9C62EEF46C09113C4C585D9BF0E69B2DA,IMPHASH=5AE9A136FAFA10321F3D48251BF4F6A1
Signed: true
Signature: Microsoft Windows
SignatureStatus: Valid",7,-,{e2c04bb9-08d5-60c4-8909-000000000300},8232,C:\Windows\System32\conhost.exe,10.0.18362.1110 (WinBuild.160101.0800),Microsoft® C Runtime Library,Microsoft® Windows® Operating System,Microsoft Corporation,ucrtbase.dll,,,,,,,,"SHA1=D10BBE9B65C2C6F8FCA6850D0B79CBC6EF04D691,MD5=126821F73FD9FFCE6E091CF9480E1B60,SHA256=7B28F46F0A09CFD9129109A94B1C16C9C62EEF46C09113C4C585D9BF0E69B2DA,IMPHASH=5AE9A136FAFA10321F3D48251BF4F6A1",,,,,,,,,,,,,,C:\Windows\System32\ucrtbase.dll,True,Microsoft Windows,Valid,,,,,,,,,,,,,,,,,,,,,,,,,,,,,,,,,,,,,,,,,,,,,,,,,,,,,,,,,,,,,,,,,,,,,,,,,,,,,,,,,0,0,0,0,0,0,1,True
2021-06-12 01:07:33,1191,Microsoft-Windows-Sysmon,{5770385f-c22a-43e0-bf4c-06f5698ffbd9},4,0x8000000000000000,Microsoft-Windows-Sysmon/Operational,WORKSTATION5,2021-06-11T09:07:33.257Z,2021-06-11T09:07:33.257Z,7,"Image loaded:
RuleName: -
UtcTime: 2021-06-12 01:07:33.244
ProcessGuid: {e2c04bb9-08d5-60c4-8909-000000000300}
ProcessId: 8232
Image: C:\Windows\System32\conhost.exe
ImageLoaded: C:\Windows\System32\msvcp_win.dll
FileVersion: 10.0.18362.1110 (WinBuild.160101.0800)
Description: Microsoft® C Runtime Library
Product: Microsoft® Windows® Operating System
Company: Microsoft Corporation
OriginalFileName: msvcp_win.dll
Hashes: SHA1=56A126B33C43CE80C5DA3319FA4FBE28F617599C,MD5=94027F5AE9D6FC3B0917C1B5BCD2D88E,SHA256=2FC246F193104FB36285360E9FB14CE10B04EDB50D9D5ECFD9FDA1F010BFCDB9,IMPHASH=7F555C87AEA488E97B6067A0419ED3B4
Signed: true
Signature: Microsoft Windows
SignatureStatus: Valid",7,-,{e2c04bb9-08d5-60c4-8909-000000000300},8232,C:\Windows\System32\conhost.exe,10.0.18362.1110 (WinBuild.160101.0800),Microsoft® C Runtime Library,Microsoft® Windows® Operating System,Microsoft Corporation,msvcp_win.dll,,,,,,,,"SHA1=56A126B33C43CE80C5DA3319FA4FBE28F617599C,MD5=94027F5AE9D6FC3B0917C1B5BCD2D88E,SHA256=2FC246F193104FB36285360E9FB14CE10B04EDB50D9D5ECFD9FDA1F010BFCDB9,IMPHASH=7F555C87AEA488E97B6067A0419ED3B4",,,,,,,,,,,,,,C:\Windows\System32\msvcp_win.dll,True,Microsoft Windows,Valid,,,,,,,,,,,,,,,,,,,,,,,,,,,,,,,,,,,,,,,,,,,,,,,,,,,,,,,,,,,,,,,,,,,,,,,,,,,,,,,,,0,0,0,0,0,0,1,True
2021-06-12 01:07:33,1179,Microsoft-Windows-Sysmon,{5770385f-c22a-43e0-bf4c-06f5698ffbd9},4,0x8000000000000000,Microsoft-Windows-Sysmon/Operational,WORKSTATION5,2021-06-11T09:07:33.250Z,2021-06-11T09:07:33.250Z,7,"Image loaded:
RuleName: -
UtcTime: 2021-06-12 01:07:33.244
ProcessGuid: {e2c04bb9-08d5-60c4-8709-000000000300}
ProcessId: 512
Image: C:\TMP\CreateNamedPipe.exe
ImageLoaded: C:\Windows\System32\kernel32.dll
FileVersion: 10.0.18362.1500 (WinBuild.160101.0800)
Description: Windows NT BASE API Client DLL
Product: Microsoft® Windows® Operating System
Company: Microsoft Corporation
OriginalFileName: kernel32
Hashes: SHA1=70D4E25E30AFE0716141B8AC1B757A95740002D2,MD5=B14CD8F455D772BD153AF48ED33FF48E,SHA256=562F1B7198A9EB3920A218D0A020E998CD52FF8A02A34A76564092F86AC70A44,IMPHASH=D3645703895C4EBB8EA5B9B26816A081
Signed: true
Signature: Microsoft Windows
SignatureStatus: Valid",7,-,{e2c04bb9-08d5-60c4-8709-000000000300},512,C:\TMP\CreateNamedPipe.exe,10.0.18362.1500 (WinBuild.160101.0800),Windows NT BASE API Client DLL,Microsoft® Windows® Operating System,Microsoft Corporation,kernel32,,,,,,,,"SHA1=70D4E25E30AFE0716141B8AC1B757A95740002D2,MD5=B14CD8F455D772BD153AF48ED33FF48E,SHA256=562F1B7198A9EB3920A218D0A020E998CD52FF8A02A34A76564092F86AC70A44,IMPHASH=D3645703895C4EBB8EA5B9B26816A081",,,,,,,,,,,,,,C:\Windows\System32\kernel32.dll,True,Microsoft Windows,Valid,,,,,,,,,,,,,,,,,,,,,,,,,,,,,,,,,,,,,,,,,,,,,,,,,,,,,,,,,,,,,,,,,,,,,,,,,,,,,,,,,0,0,0,0,0,0,2,True
2021-06-12 01:07:33,1190,Microsoft-Windows-Sysmon,{5770385f-c22a-43e0-bf4c-06f5698ffbd9},4,0x8000000000000000,Microsoft-Windows-Sysmon/Operational,WORKSTATION5,2021-06-11T09:07:33.256Z,2021-06-11T09:07:33.256Z,10,"Process accessed:
RuleName: -
UtcTime: 2021-06-12 01:07:33.244
SourceProcessGUID: {e2c04bb9-a703-60c3-b501-000000000300}
SourceProcessId: 1876
SourceThreadId: 2236
SourceImage: C:\Windows\system32\csrss.exe
TargetProcessGUID: {e2c04bb9-08d5-60c4-8909-000000000300}
TargetProcessId: 8232
TargetImage: C:\Windows\system32\conhost.exe
GrantedAccess: 0x1FFFFF
CallTrace: C:\Windows\SYSTEM32\ntdll.dll+9df34|C:\Windows\SYSTEM32\CSRSRV.dll+1430|C:\Windows\SYSTEM32\CSRSRV.dll+5fd9|C:\Windows\SYSTEM32\ntdll.dll+6d72f",10,-,,0,,,,,,,,,,,,,,,,,,,{e2c04bb9-a703-60c3-b501-000000000300},1876,2236.0,C:\Windows\system32\csrss.exe,{e2c04bb9-08d5-60c4-8909-000000000300},8232,C:\Windows\system32\conhost.exe,0x1fffff,C:\Windows\SYSTEM32\ntdll.dll+9df34|C:\Windows\SYSTEM32\CSRSRV.dll+1430|C:\Windows\SYSTEM32\CSRSRV.dll+5fd9|C:\Windows\SYSTEM32\ntdll.dll+6d72f,,,,,,,,,,,,,,,,,,,,,,,,,,,,,,,,,,,,,,,,,,,,,,,,,,,,,,,,,,,,,,,,,,,,,,,,,,,,,,,,,,,,,0,0,0,0,0,0,3,True
2021-06-12 01:07:33,1188,Microsoft-Windows-Sysmon,{5770385f-c22a-43e0-bf4c-06f5698ffbd9},4,0x8000000000000000,Microsoft-Windows-Sysmon/Operational,WORKSTATION5,2021-06-11T09:07:33.256Z,2021-06-11T09:07:33.256Z,7,"Image loaded:
RuleName: -
UtcTime: 2021-06-12 01:07:33.244
ProcessGuid: {e2c04bb9-08d5-60c4-8909-000000000300}
ProcessId: 8232
Image: C:\Windows\System32\conhost.exe
ImageLoaded: C:\Windows\System32\kernel32.dll
FileVersion: 10.0.18362.1500 (WinBuild.160101.0800)
Description: Windows NT BASE API Client DLL
Product: Microsoft® Windows® Operating System
Company: Microsoft Corporation
OriginalFileName: kernel32
Hashes: SHA1=70D4E25E30AFE0716141B8AC1B757A95740002D2,MD5=B14CD8F455D772BD153AF48ED33FF48E,SHA256=562F1B7198A9EB3920A218D0A020E998CD52FF8A02A34A76564092F86AC70A44,IMPHASH=D3645703895C4EBB8EA5B9B26816A081
Signed: true
Signature: Microsoft Windows
SignatureStatus: Valid",7,-,{e2c04bb9-08d5-60c4-8909-000000000300},8232,C:\Windows\System32\conhost.exe,10.0.18362.1500 (WinBuild.160101.0800),Windows NT BASE API Client DLL,Microsoft® Windows® Operating System,Microsoft Corporation,kernel32,,,,,,,,"SHA1=70D4E25E30AFE0716141B8AC1B757A95740002D2,MD5=B14CD8F455D772BD153AF48ED33FF48E,SHA256=562F1B7198A9EB3920A218D0A020E998CD52FF8A02A34A76564092F86AC70A44,IMPHASH=D3645703895C4EBB8EA5B9B26816A081",,,,,,,,,,,,,,C:\Windows\System32\kernel32.dll,True,Microsoft Windows,Valid,,,,,,,,,,,,,,,,,,,,,,,,,,,,,,,,,,,,,,,,,,,,,,,,,,,,,,,,,,,,,,,,,,,,,,,,,,,,,,,,,0,0,0,0,0,0,3,True
2021-06-12 01:07:33,1187,Microsoft-Windows-Sysmon,{5770385f-c22a-43e0-bf4c-06f5698ffbd9},4,0x8000000000000000,Microsoft-Windows-Sysmon/Operational,WORKSTATION5,2021-06-11T09:07:33.255Z,2021-06-11T09:07:33.255Z,7,"Image loaded:
RuleName: -
UtcTime: 2021-06-12 01:07:33.244
ProcessGuid: {e2c04bb9-08d5-60c4-8909-000000000300}
ProcessId: 8232
Image: C:\Windows\System32\conhost.exe
ImageLoaded: C:\Windows\System32\ntdll.dll
FileVersion: 10.0.18362.1533 (WinBuild.160101.0800)
Description: NT Layer DLL
Product: Microsoft® Windows® Operating System
Company: Microsoft Corporation
OriginalFileName: ntdll.dll
Hashes: SHA1=8D671C93CC5C877983AB6D58A59E3E64891128EB,MD5=B823DFC17253F0DA93DE2DB5FEAD520A,SHA256=B0EA79AEEA90EFAE83E7F5F8812F307D52C4BA3F559E409CB6364E90BC69269D,IMPHASH=00000000000000000000000000000000
Signed: true
Signature: Microsoft Windows
SignatureStatus: Valid",7,-,{e2c04bb9-08d5-60c4-8909-000000000300},8232,C:\Windows\System32\conhost.exe,10.0.18362.1533 (WinBuild.160101.0800),NT Layer DLL,Microsoft® Windows® Operating System,Microsoft Corporation,ntdll.dll,,,,,,,,"SHA1=8D671C93CC5C877983AB6D58A59E3E64891128EB,MD5=B823DFC17253F0DA93DE2DB5FEAD520A,SHA256=B0EA79AEEA90EFAE83E7F5F8812F307D52C4BA3F559E409CB6364E90BC69269D,IMPHASH=00000000000000000000000000000000",,,,,,,,,,,,,,C:\Windows\System32\ntdll.dll,True,Microsoft Windows,Valid,,,,,,,,,,,,,,,,,,,,,,,,,,,,,,,,,,,,,,,,,,,,,,,,,,,,,,,,,,,,,,,,,,,,,,,,,,,,,,,,,0,0,0,0,0,0,3,True
2021-06-12 01:07:33,1186,Microsoft-Windows-Sysmon,{5770385f-c22a-43e0-bf4c-06f5698ffbd9},4,0x8000000000000000,Microsoft-Windows-Sysmon/Operational,WORKSTATION5,2021-06-11T09:07:33.255Z,2021-06-11T09:07:33.255Z,7,"Image loaded:
RuleName: -
UtcTime: 2021-06-12 01:07:33.244
ProcessGuid: {e2c04bb9-08d5-60c4-8909-000000000300}
ProcessId: 8232
Image: C:\Windows\System32\conhost.exe
ImageLoaded: C:\Windows\System32\conhost.exe
FileVersion: 10.0.18362.1533 (WinBuild.160101.0800)
Description: Console Window Host
Product: Microsoft® Windows® Operating System
Company: Microsoft Corporation
OriginalFileName: CONHOST.EXE
Hashes: SHA1=0535FF469675A24B425D9BB58ECC28409ABC27C3,MD5=8793C15FBBEE2F80EC3BC07A6A648D39,SHA256=0B2853C993EEDB2F36D77804516D76C944482944135F89C2BF891CDC8707EC54,IMPHASH=F8DD0EF565DE87D97ABF9C62EA63EC21
Signed: true
Signature: Microsoft Windows
SignatureStatus: Valid",7,-,{e2c04bb9-08d5-60c4-8909-000000000300},8232,C:\Windows\System32\conhost.exe,10.0.18362.1533 (WinBuild.160101.0800),Console Window Host,Microsoft® Windows® Operating System,Microsoft Corporation,CONHOST.EXE,,,,,,,,"SHA1=0535FF469675A24B425D9BB58ECC28409ABC27C3,MD5=8793C15FBBEE2F80EC3BC07A6A648D39,SHA256=0B2853C993EEDB2F36D77804516D76C944482944135F89C2BF891CDC8707EC54,IMPHASH=F8DD0EF565DE87D97ABF9C62EA63EC21",,,,,,,,,,,,,,C:\Windows\System32\conhost.exe,True,Microsoft Windows,Valid,,,,,,,,,,,,,,,,,,,,,,,,,,,,,,,,,,,,,,,,,,,,,,,,,,,,,,,,,,,,,,,,,,,,,,,,,,,,,,,,,0,0,0,0,0,0,3,True
2021-06-12 01:07:33,1185,Microsoft-Windows-Sysmon,{5770385f-c22a-43e0-bf4c-06f5698ffbd9},4,0x8000000000000000,Microsoft-Windows-Sysmon/Operational,WORKSTATION5,2021-06-11T09:07:33.254Z,2021-06-11T09:07:33.254Z,7,"Image loaded:
RuleName: -
UtcTime: 2021-06-12 01:07:33.244
ProcessGuid: {e2c04bb9-08d5-60c4-8809-000000000300}
ProcessId: 7764
Image: C:\Windows\System32\timeout.exe
ImageLoaded: C:\Windows\System32\kernel32.dll
FileVersion: 10.0.18362.1500 (WinBuild.160101.0800)
Description: Windows NT BASE API Client DLL
Product: Microsoft® Windows® Operating System
Company: Microsoft Corporation
OriginalFileName: kernel32
Hashes: SHA1=70D4E25E30AFE0716141B8AC1B757A95740002D2,MD5=B14CD8F455D772BD153AF48ED33FF48E,SHA256=562F1B7198A9EB3920A218D0A020E998CD52FF8A02A34A76564092F86AC70A44,IMPHASH=D3645703895C4EBB8EA5B9B26816A081
Signed: true
Signature: Microsoft Windows
SignatureStatus: Valid",7,-,{e2c04bb9-08d5-60c4-8809-000000000300},7764,C:\Windows\System32\timeout.exe,10.0.18362.1500 (WinBuild.160101.0800),Windows NT BASE API Client DLL,Microsoft® Windows® Operating System,Microsoft Corporation,kernel32,,,,,,,,"SHA1=70D4E25E30AFE0716141B8AC1B757A95740002D2,MD5=B14CD8F455D772BD153AF48ED33FF48E,SHA256=562F1B7198A9EB3920A218D0A020E998CD52FF8A02A34A76564092F86AC70A44,IMPHASH=D3645703895C4EBB8EA5B9B26816A081",,,,,,,,,,,,,,C:\Windows\System32\kernel32.dll,True,Microsoft Windows,Valid,,,,,,,,,,,,,,,,,,,,,,,,,,,,,,,,,,,,,,,,,,,,,,,,,,,,,,,,,,,,,,,,,,,,,,,,,,,,,,,,,0,0,0,0,0,0,3,True
2021-06-12 01:07:33,1184,Microsoft-Windows-Sysmon,{5770385f-c22a-43e0-bf4c-06f5698ffbd9},4,0x8000000000000000,Microsoft-Windows-Sysmon/Operational,WORKSTATION5,2021-06-11T09:07:33.254Z,2021-06-11T09:07:33.254Z,1,"Process Create:
RuleName: -
UtcTime: 2021-06-12 01:07:33.251
ProcessGuid: {e2c04bb9-08d5-60c4-907f-400100000000}
ProcessId: 8232
Image: C:\Windows\System32\conhost.exe
FileVersion: 10.0.18362.1533 (WinBuild.160101.0800)
Description: Console Window Host
Product: Microsoft® Windows® Operating System
Company: Microsoft Corporation
OriginalFileName: CONHOST.EXE
CommandLine: \??\C:\Windows\system32\conhost.exe 0xffffffff -ForceV1
CurrentDirectory: C:\Windows
User: WORKSTATION5\APT-Simulator
LogonGuid: {e2c04bb9-a708-60c3-fb19-370000000000}
LogonId: 0x3719FB
TerminalSessionId: 2
IntegrityLevel: High
Hashes: SHA1=0535FF469675A24B425D9BB58ECC28409ABC27C3,MD5=8793C15FBBEE2F80EC3BC07A6A648D39,SHA256=0B2853C993EEDB2F36D77804516D76C944482944135F89C2BF891CDC8707EC54,IMPHASH=F8DD0EF565DE87D97ABF9C62EA63EC21
ParentProcessGuid: {e2c04bb9-08d5-60c4-8709-000000000300}
ParentProcessId: 512
ParentImage: C:\TMP\CreateNamedPipe.exe
ParentCommandLine: ""C:\TMP\CreateNamedPipe.exe""  postex_ssh_fedac123",1,-,{e2c04bb9-08d5-60c4-907f-400100000000},8232,C:\Windows\System32\conhost.exe,10.0.18362.1533 (WinBuild.160101.0800),Console Window Host,Microsoft® Windows® Operating System,Microsoft Corporation,CONHOST.EXE,\??\C:\Windows\system32\conhost.exe 0xffffffff -ForceV1,C:\Windows,WORKSTATION5\APT-Simulator,{e2c04bb9-a708-60c3-fb19-370000000000},0x3719fb,2.0,High,"SHA1=0535FF469675A24B425D9BB58ECC28409ABC27C3,MD5=8793C15FBBEE2F80EC3BC07A6A648D39,SHA256=0B2853C993EEDB2F36D77804516D76C944482944135F89C2BF891CDC8707EC54,IMPHASH=F8DD0EF565DE87D97ABF9C62EA63EC21",{e2c04bb9-08d5-60c4-8709-000000000300},512.0,C:\TMP\CreateNamedPipe.exe,"""C:\TMP\CreateNamedPipe.exe""  postex_ssh_fedac123",,,,,,,,,,,,,,,,,,,,,,,,,,,,,,,,,,,,,,,,,,,,,,,,,,,,,,,,,,,,,,,,,,,,,,,,,,,,,,,,,,,,,,,,,,,,,,1,0,0,0,0,0,2,True
2021-06-12 01:07:33,1183,Microsoft-Windows-Sysmon,{5770385f-c22a-43e0-bf4c-06f5698ffbd9},4,0x8000000000000000,Microsoft-Windows-Sysmon/Operational,WORKSTATION5,2021-06-11T09:07:33.253Z,2021-06-11T09:07:33.253Z,13,"Registry value set:
RuleName: -
EventType: SetValue
UtcTime: 2021-06-12 01:07:33.244
ProcessGuid: {e2c04bb9-08d5-60c4-8709-000000000300}
ProcessId: 512
Image: C:\TMP\CreateNamedPipe.exe
TargetObject: HKLM\System\CurrentControlSet\Services\bam\State\UserSettings\S-1-5-21-315269454-3320600716-4144796452-500\\Device\HarddiskVolume2\Windows\System32\conhost.exe
Details: Binary Data",13,-,{e2c04bb9-08d5-60c4-8709-000000000300},512,C:\TMP\CreateNamedPipe.exe,,,,,,,,,,,,,,,,,,,,,,,,,,,,,,,,,,SetValue,HKLM\System\CurrentControlSet\Services\bam\State\UserSettings\S-1-5-21-315269454-3320600716-4144796452-500\\Device\HarddiskVolume2\Windows\System32\conhost.exe,Binary Data,,,,,,,,,,,,,,,,,,,,,,,,,,,,,,,,,,,,,,,,,,,,,,,,,,,,,,,,,,,,,,,,,,,,,,,,,,,1,0,0,0,1,0,3,True
2021-06-12 01:07:33,1182,Microsoft-Windows-Sysmon,{5770385f-c22a-43e0-bf4c-06f5698ffbd9},4,0x8000000000000000,Microsoft-Windows-Sysmon/Operational,WORKSTATION5,2021-06-11T09:07:33.253Z,2021-06-11T09:07:33.253Z,7,"Image loaded:
RuleName: -
UtcTime: 2021-06-12 01:07:33.244
ProcessGuid: {e2c04bb9-08d5-60c4-8809-000000000300}
ProcessId: 7764
Image: C:\Windows\System32\timeout.exe
ImageLoaded: C:\Windows\System32\ntdll.dll
FileVersion: 10.0.18362.1533 (WinBuild.160101.0800)
Description: NT Layer DLL
Product: Microsoft® Windows® Operating System
Company: Microsoft Corporation
OriginalFileName: ntdll.dll
Hashes: SHA1=8D671C93CC5C877983AB6D58A59E3E64891128EB,MD5=B823DFC17253F0DA93DE2DB5FEAD520A,SHA256=B0EA79AEEA90EFAE83E7F5F8812F307D52C4BA3F559E409CB6364E90BC69269D,IMPHASH=00000000000000000000000000000000
Signed: true
Signature: Microsoft Windows
SignatureStatus: Valid",7,-,{e2c04bb9-08d5-60c4-8809-000000000300},7764,C:\Windows\System32\timeout.exe,10.0.18362.1533 (WinBuild.160101.0800),NT Layer DLL,Microsoft® Windows® Operating System,Microsoft Corporation,ntdll.dll,,,,,,,,"SHA1=8D671C93CC5C877983AB6D58A59E3E64891128EB,MD5=B823DFC17253F0DA93DE2DB5FEAD520A,SHA256=B0EA79AEEA90EFAE83E7F5F8812F307D52C4BA3F559E409CB6364E90BC69269D,IMPHASH=00000000000000000000000000000000",,,,,,,,,,,,,,C:\Windows\System32\ntdll.dll,True,Microsoft Windows,Valid,,,,,,,,,,,,,,,,,,,,,,,,,,,,,,,,,,,,,,,,,,,,,,,,,,,,,,,,,,,,,,,,,,,,,,,,,,,,,,,,,1,0,0,0,1,0,3,True
2021-06-12 01:07:33,1181,Microsoft-Windows-Sysmon,{5770385f-c22a-43e0-bf4c-06f5698ffbd9},4,0x8000000000000000,Microsoft-Windows-Sysmon/Operational,WORKSTATION5,2021-06-11T09:07:33.252Z,2021-06-11T09:07:33.252Z,7,"Image loaded:
RuleName: -
UtcTime: 2021-06-12 01:07:33.244
ProcessGuid: {e2c04bb9-08d5-60c4-8809-000000000300}
ProcessId: 7764
Image: C:\Windows\System32\timeout.exe
ImageLoaded: C:\Windows\System32\timeout.exe
FileVersion: 10.0.18362.1 (WinBuild.160101.0800)
Description: timeout - pauses command processing
Product: Microsoft® Windows® Operating System
Company: Microsoft Corporation
OriginalFileName: timeout.exe
Hashes: SHA1=E2B2F5F95D5698EE1D67879BCDD71CC010607675,MD5=5045D3CA32F5E3582DA2D5EB84E56E2C,SHA256=EE3FB5E7FB6E9E8BA3039FF134BFACB760A2B238A87D67E8C3AA68D38A30A46F,IMPHASH=0C91A5CE0FB26F4C5CE39E340F43873B
Signed: true
Signature: Microsoft Windows
SignatureStatus: Valid",7,-,{e2c04bb9-08d5-60c4-8809-000000000300},7764,C:\Windows\System32\timeout.exe,10.0.18362.1 (WinBuild.160101.0800),timeout - pauses command processing,Microsoft® Windows® Operating System,Microsoft Corporation,timeout.exe,,,,,,,,"SHA1=E2B2F5F95D5698EE1D67879BCDD71CC010607675,MD5=5045D3CA32F5E3582DA2D5EB84E56E2C,SHA256=EE3FB5E7FB6E9E8BA3039FF134BFACB760A2B238A87D67E8C3AA68D38A30A46F,IMPHASH=0C91A5CE0FB26F4C5CE39E340F43873B",,,,,,,,,,,,,,C:\Windows\System32\timeout.exe,True,Microsoft Windows,Valid,,,,,,,,,,,,,,,,,,,,,,,,,,,,,,,,,,,,,,,,,,,,,,,,,,,,,,,,,,,,,,,,,,,,,,,,,,,,,,,,,1,0,0,0,1,0,3,True
2021-06-12 01:07:33,1189,Microsoft-Windows-Sysmon,{5770385f-c22a-43e0-bf4c-06f5698ffbd9},4,0x8000000000000000,Microsoft-Windows-Sysmon/Operational,WORKSTATION5,2021-06-11T09:07:33.256Z,2021-06-11T09:07:33.256Z,7,"Image loaded:
RuleName: -
UtcTime: 2021-06-12 01:07:33.244
ProcessGuid: {e2c04bb9-08d5-60c4-8909-000000000300}
ProcessId: 8232
Image: C:\Windows\System32\conhost.exe
ImageLoaded: C:\Windows\System32\KernelBase.dll
FileVersion: 10.0.18362.1474 (WinBuild.160101.0800)
Description: Windows NT BASE API Client DLL
Product: Microsoft® Windows® Operating System
Company: Microsoft Corporation
OriginalFileName: Kernelbase.dll
Hashes: SHA1=568E892FA3286C72BC89867B182CE76800018964,MD5=E562EC4C5C939BF4CA506E288A54CC02,SHA256=60827CB832FDC137A3F9146AE666CDE3EA4B2D94CAE289D4A33B6D1D363656D3,IMPHASH=16003AF856720C35351BB8C14AD0B0A8
Signed: true
Signature: Microsoft Windows
SignatureStatus: Valid",7,-,{e2c04bb9-08d5-60c4-8909-000000000300},8232,C:\Windows\System32\conhost.exe,10.0.18362.1474 (WinBuild.160101.0800),Windows NT BASE API Client DLL,Microsoft® Windows® Operating System,Microsoft Corporation,Kernelbase.dll,,,,,,,,"SHA1=568E892FA3286C72BC89867B182CE76800018964,MD5=E562EC4C5C939BF4CA506E288A54CC02,SHA256=60827CB832FDC137A3F9146AE666CDE3EA4B2D94CAE289D4A33B6D1D363656D3,IMPHASH=16003AF856720C35351BB8C14AD0B0A8",,,,,,,,,,,,,,C:\Windows\System32\KernelBase.dll,True,Microsoft Windows,Valid,,,,,,,,,,,,,,,,,,,,,,,,,,,,,,,,,,,,,,,,,,,,,,,,,,,,,,,,,,,,,,,,,,,,,,,,,,,,,,,,,1,0,0,0,1,0,3,True
2021-06-12 01:07:33,1242,Microsoft-Windows-Sysmon,{5770385f-c22a-43e0-bf4c-06f5698ffbd9},4,0x8000000000000000,Microsoft-Windows-Sysmon/Operational,WORKSTATION5,2021-06-11T09:07:33.309Z,2021-06-11T09:07:33.309Z,7,"Image loaded:
RuleName: -
UtcTime: 2021-06-12 01:07:33.290
ProcessGuid: {e2c04bb9-08d5-60c4-8909-000000000300}
ProcessId: 8232
Image: C:\Windows\System32\conhost.exe
ImageLoaded: C:\Windows\System32\dwmapi.dll
FileVersion: 10.0.18362.1316 (WinBuild.160101.0800)
Description: Microsoft Desktop Window Manager API
Product: Microsoft® Windows® Operating System
Company: Microsoft Corporation
OriginalFileName: dwmapi.dll
Hashes: SHA1=929EA5DEEDEEF05836D6212128219E34C4B7B349,MD5=026D4443C9799CC9C2A9D9B67836AF53,SHA256=86E1E9614F9B470D70A0366A837FA76CD930B81BBFFB24BB338BDC85F3269CB2,IMPHASH=49F72522BEF9259B786A65BB1E8609C5
Signed: true
Signature: Microsoft Windows
SignatureStatus: Valid",7,-,{e2c04bb9-08d5-60c4-8909-000000000300},8232,C:\Windows\System32\conhost.exe,10.0.18362.1316 (WinBuild.160101.0800),Microsoft Desktop Window Manager API,Microsoft® Windows® Operating System,Microsoft Corporation,dwmapi.dll,,,,,,,,"SHA1=929EA5DEEDEEF05836D6212128219E34C4B7B349,MD5=026D4443C9799CC9C2A9D9B67836AF53,SHA256=86E1E9614F9B470D70A0366A837FA76CD930B81BBFFB24BB338BDC85F3269CB2,IMPHASH=49F72522BEF9259B786A65BB1E8609C5",,,,,,,,,,,,,,C:\Windows\System32\dwmapi.dll,True,Microsoft Windows,Valid,,,,,,,,,,,,,,,,,,,,,,,,,,,,,,,,,,,,,,,,,,,,,,,,,,,,,,,,,,,,,,,,,,,,,,,,,,,,,,,,,0,0,0,0,1,0,3,True
