2021-06-12 01:07:19,188,Microsoft-Windows-Sysmon,{5770385f-c22a-43e0-bf4c-06f5698ffbd9},4,0x8000000000000000,Microsoft-Windows-Sysmon/Operational,WORKSTATION5,2021-06-11T09:07:19.070Z,2021-06-11T09:07:19.070Z,10,"Process accessed:
RuleName: -
UtcTime: 2021-06-12 01:07:19.056
SourceProcessGUID: {e2c04bb9-a70e-60c3-0d61-390000000000}
SourceProcessId: 1320
SourceThreadId: 1736
SourceImage: C:\Windows\Explorer.EXE
TargetProcessGUID: {e2c04bb9-08c6-60c4-681f-400100000000}
TargetProcessId: 4748
TargetImage: C:\TMP\CreateNamedPipe.exe
GrantedAccess: 0x1000
CallTrace: C:\Windows\SYSTEM32\ntdll.dll+9d364|C:\Windows\System32\KERNELBASE.dll+305ee|C:\Windows\System32\appresolver.dll+22415|C:\Windows\System32\appresolver.dll+1f03c|C:\Windows\System32\appresolver.dll+1ef27|C:\Windows\Explorer.EXE+4602c|C:\Windows\Explorer.EXE+45e5b|C:\Windows\Explorer.EXE+45d79|C:\Windows\Explorer.EXE+70210|C:\Windows\System32\windows.storage.dll+1725a4|C:\Windows\System32\windows.storage.dll+1721e5|C:\Windows\System32\windows.storage.dll+1720c5|C:\Windows\System32\shcore.dll+31d96|C:\Windows\SYSTEM32\ntdll.dll+2f655|C:\Windows\SYSTEM32\ntdll.dll+345b4|C:\Windows\System32\KERNEL32.DLL+17c24|C:\Windows\SYSTEM32\ntdll.dll+6d721",10,-,,0,,,,,,,,,,,,,,,,,,,{e2c04bb9-a70e-60c3-0d61-390000000000},1320,1736.0,C:\Windows\Explorer.EXE,{e2c04bb9-08c6-60c4-681f-400100000000},4748,C:\TMP\CreateNamedPipe.exe,0x1000,C:\Windows\SYSTEM32\ntdll.dll+9d364|C:\Windows\System32\KERNELBASE.dll+305ee|C:\Windows\System32\appresolver.dll+22415|C:\Windows\System32\appresolver.dll+1f03c|C:\Windows\System32\appresolver.dll+1ef27|C:\Windows\Explorer.EXE+4602c|C:\Windows\Explorer.EXE+45e5b|C:\Windows\Explorer.EXE+45d79|C:\Windows\Explorer.EXE+70210|C:\Windows\System32\windows.storage.dll+1725a4|C:\Windows\System32\windows.storage.dll+1721e5|C:\Windows\System32\windows.storage.dll+1720c5|C:\Windows\System32\shcore.dll+31d96|C:\Windows\SYSTEM32\ntdll.dll+2f655|C:\Windows\SYSTEM32\ntdll.dll+345b4|C:\Windows\System32\KERNEL32.DLL+17c24|C:\Windows\SYSTEM32\ntdll.dll+6d721,,,,,,,,,,,,,,,,,,,,,,,,,,,,,,,,,,,,,,,,,,,,,,,,,,,,,,,,,,,,,,,,,,,,,,,,,,,,,,,,,,,,,0,0,0,0,0,0,1,True
2021-06-12 01:07:19,203,Microsoft-Windows-Sysmon,{5770385f-c22a-43e0-bf4c-06f5698ffbd9},4,0x8000000000000000,Microsoft-Windows-Sysmon/Operational,WORKSTATION5,2021-06-11T09:07:19.071Z,2021-06-11T09:07:19.071Z,10,"Process accessed:
RuleName: -
UtcTime: 2021-06-12 01:07:19.056
SourceProcessGUID: {e2c04bb9-a70e-60c3-0d61-390000000000}
SourceProcessId: 1320
SourceThreadId: 8724
SourceImage: C:\Windows\Explorer.EXE
TargetProcessGUID: {e2c04bb9-08c6-60c4-681f-400100000000}
TargetProcessId: 4748
TargetImage: C:\TMP\CreateNamedPipe.exe
GrantedAccess: 0x1000
CallTrace: C:\Windows\SYSTEM32\ntdll.dll+9d364|C:\Windows\System32\KERNELBASE.dll+305ee|C:\Windows\System32\NPSMDesktopProvider.dll+1dfba|C:\Windows\System32\NPSMDesktopProvider.dll+13b42|C:\Windows\System32\NPSMDesktopProvider.dll+142bb|C:\Windows\System32\shcore.dll+1a8c9|C:\Windows\System32\shcore.dll+1a668|C:\Windows\System32\shcore.dll+19681|C:\Windows\System32\KERNEL32.DLL+17c24|C:\Windows\SYSTEM32\ntdll.dll+6d721",10,-,,0,,,,,,,,,,,,,,,,,,,{e2c04bb9-a70e-60c3-0d61-390000000000},1320,8724.0,C:\Windows\Explorer.EXE,{e2c04bb9-08c6-60c4-681f-400100000000},4748,C:\TMP\CreateNamedPipe.exe,0x1000,C:\Windows\SYSTEM32\ntdll.dll+9d364|C:\Windows\System32\KERNELBASE.dll+305ee|C:\Windows\System32\NPSMDesktopProvider.dll+1dfba|C:\Windows\System32\NPSMDesktopProvider.dll+13b42|C:\Windows\System32\NPSMDesktopProvider.dll+142bb|C:\Windows\System32\shcore.dll+1a8c9|C:\Windows\System32\shcore.dll+1a668|C:\Windows\System32\shcore.dll+19681|C:\Windows\System32\KERNEL32.DLL+17c24|C:\Windows\SYSTEM32\ntdll.dll+6d721,,,,,,,,,,,,,,,,,,,,,,,,,,,,,,,,,,,,,,,,,,,,,,,,,,,,,,,,,,,,,,,,,,,,,,,,,,,,,,,,,,,,,0,0,0,0,0,0,1,True
2021-06-12 01:07:19,187,Microsoft-Windows-Sysmon,{5770385f-c22a-43e0-bf4c-06f5698ffbd9},4,0x8000000000000000,Microsoft-Windows-Sysmon/Operational,WORKSTATION5,2021-06-11T09:07:19.070Z,2021-06-11T09:07:19.070Z,10,"Process accessed:
RuleName: -
UtcTime: 2021-06-12 01:07:19.056
SourceProcessGUID: {e2c04bb9-a70e-60c3-0d61-390000000000}
SourceProcessId: 1320
SourceThreadId: 1736
SourceImage: C:\Windows\Explorer.EXE
TargetProcessGUID: {e2c04bb9-08c6-60c4-681f-400100000000}
TargetProcessId: 4748
TargetImage: C:\TMP\CreateNamedPipe.exe
GrantedAccess: 0x1000
CallTrace: C:\Windows\SYSTEM32\ntdll.dll+9d364|C:\Windows\System32\KERNELBASE.dll+305ee|C:\Windows\Explorer.EXE+45f79|C:\Windows\Explorer.EXE+45e5b|C:\Windows\Explorer.EXE+45d79|C:\Windows\Explorer.EXE+70210|C:\Windows\System32\windows.storage.dll+1725a4|C:\Windows\System32\windows.storage.dll+1721e5|C:\Windows\System32\windows.storage.dll+1720c5|C:\Windows\System32\shcore.dll+31d96|C:\Windows\SYSTEM32\ntdll.dll+2f655|C:\Windows\SYSTEM32\ntdll.dll+345b4|C:\Windows\System32\KERNEL32.DLL+17c24|C:\Windows\SYSTEM32\ntdll.dll+6d721",10,-,,0,,,,,,,,,,,,,,,,,,,{e2c04bb9-a70e-60c3-0d61-390000000000},1320,1736.0,C:\Windows\Explorer.EXE,{e2c04bb9-08c6-60c4-681f-400100000000},4748,C:\TMP\CreateNamedPipe.exe,0x1000,C:\Windows\SYSTEM32\ntdll.dll+9d364|C:\Windows\System32\KERNELBASE.dll+305ee|C:\Windows\Explorer.EXE+45f79|C:\Windows\Explorer.EXE+45e5b|C:\Windows\Explorer.EXE+45d79|C:\Windows\Explorer.EXE+70210|C:\Windows\System32\windows.storage.dll+1725a4|C:\Windows\System32\windows.storage.dll+1721e5|C:\Windows\System32\windows.storage.dll+1720c5|C:\Windows\System32\shcore.dll+31d96|C:\Windows\SYSTEM32\ntdll.dll+2f655|C:\Windows\SYSTEM32\ntdll.dll+345b4|C:\Windows\System32\KERNEL32.DLL+17c24|C:\Windows\SYSTEM32\ntdll.dll+6d721,,,,,,,,,,,,,,,,,,,,,,,,,,,,,,,,,,,,,,,,,,,,,,,,,,,,,,,,,,,,,,,,,,,,,,,,,,,,,,,,,,,,,0,0,0,0,0,0,1,True
2021-06-12 01:07:19,195,Microsoft-Windows-Sysmon,{5770385f-c22a-43e0-bf4c-06f5698ffbd9},4,0x8000000000000000,Microsoft-Windows-Sysmon/Operational,WORKSTATION5,2021-06-11T09:07:19.071Z,2021-06-11T09:07:19.071Z,12,"Registry object added or deleted:
RuleName: -
EventType: CreateKey
UtcTime: 2021-06-12 01:07:19.056
ProcessGuid: {e2c04bb9-a31b-60c3-eb03-000000000000}
ProcessId: 4
Image: System
TargetObject: HKLM\System\CurrentControlSet\Services\bam\State\UserSettings\S-1-5-21-315269454-3320600716-4144796452-500",12,-,{e2c04bb9-a31b-60c3-eb03-000000000000},4,System,,,,,,,,,,,,,,,,,,,,,,,,,,,,,,,,,,CreateKey,HKLM\System\CurrentControlSet\Services\bam\State\UserSettings\S-1-5-21-315269454-3320600716-4144796452-500,,,,,,,,,,,,,,,,,,,,,,,,,,,,,,,,,,,,,,,,,,,,,,,,,,,,,,,,,,,,,,,,,,,,,,,,,,,,0,0,0,1,0,0,2,True
2021-06-12 01:07:19,204,Microsoft-Windows-Sysmon,{5770385f-c22a-43e0-bf4c-06f5698ffbd9},4,0x8000000000000000,Microsoft-Windows-Sysmon/Operational,WORKSTATION5,2021-06-11T09:07:19.071Z,2021-06-11T09:07:19.071Z,10,"Process accessed:
RuleName: -
UtcTime: 2021-06-12 01:07:19.056
SourceProcessGUID: {e2c04bb9-a346-60c3-0f00-000000000300}
SourceProcessId: 876
SourceThreadId: 7828
SourceImage: C:\Windows\system32\svchost.exe
TargetProcessGUID: {e2c04bb9-08c6-60c4-681f-400100000000}
TargetProcessId: 4748
TargetImage: C:\TMP\CreateNamedPipe.exe
GrantedAccess: 0x1000
CallTrace: C:\Windows\SYSTEM32\ntdll.dll+9d364|C:\Windows\System32\KERNELBASE.dll+305ee|C:\Windows\SYSTEM32\resourcepolicyserver.dll+5b76|C:\Windows\SYSTEM32\resourcepolicyserver.dll+88a0|C:\Windows\SYSTEM32\resourcepolicyserver.dll+a256|C:\Windows\SYSTEM32\resourcepolicyserver.dll+97c5|C:\Windows\SYSTEM32\resourcepolicyserver.dll+4b1d|C:\Windows\System32\RPCRT4.dll+78553|C:\Windows\System32\RPCRT4.dll+d9d6d|C:\Windows\System32\RPCRT4.dll+26a9c|C:\Windows\System32\RPCRT4.dll+598c8|C:\Windows\System32\RPCRT4.dll+48041|C:\Windows\System32\RPCRT4.dll+478fb|C:\Windows\System32\RPCRT4.dll+1cb6f|C:\Windows\System32\RPCRT4.dll+1c01a|C:\Windows\System32\RPCRT4.dll+1b601|C:\Windows\System32\RPCRT4.dll+1b06e|C:\Windows\System32\RPCRT4.dll+18da5|C:\Windows\SYSTEM32\ntdll.dll+333ed|C:\Windows\SYSTEM32\ntdll.dll+34142|C:\Windows\System32\KERNEL32.DLL+17c24|C:\Windows\SYSTEM32\ntdll.dll+6d721",10,-,,0,,,,,,,,,,,,,,,,,,,{e2c04bb9-a346-60c3-0f00-000000000300},876,7828.0,C:\Windows\system32\svchost.exe,{e2c04bb9-08c6-60c4-681f-400100000000},4748,C:\TMP\CreateNamedPipe.exe,0x1000,C:\Windows\SYSTEM32\ntdll.dll+9d364|C:\Windows\System32\KERNELBASE.dll+305ee|C:\Windows\SYSTEM32\resourcepolicyserver.dll+5b76|C:\Windows\SYSTEM32\resourcepolicyserver.dll+88a0|C:\Windows\SYSTEM32\resourcepolicyserver.dll+a256|C:\Windows\SYSTEM32\resourcepolicyserver.dll+97c5|C:\Windows\SYSTEM32\resourcepolicyserver.dll+4b1d|C:\Windows\System32\RPCRT4.dll+78553|C:\Windows\System32\RPCRT4.dll+d9d6d|C:\Windows\System32\RPCRT4.dll+26a9c|C:\Windows\System32\RPCRT4.dll+598c8|C:\Windows\System32\RPCRT4.dll+48041|C:\Windows\System32\RPCRT4.dll+478fb|C:\Windows\System32\RPCRT4.dll+1cb6f|C:\Windows\System32\RPCRT4.dll+1c01a|C:\Windows\System32\RPCRT4.dll+1b601|C:\Windows\System32\RPCRT4.dll+1b06e|C:\Windows\System32\RPCRT4.dll+18da5|C:\Windows\SYSTEM32\ntdll.dll+333ed|C:\Windows\SYSTEM32\ntdll.dll+34142|C:\Windows\System32\KERNEL32.DLL+17c24|C:\Windows\SYSTEM32\ntdll.dll+6d721,,,,,,,,,,,,,,,,,,,,,,,,,,,,,,,,,,,,,,,,,,,,,,,,,,,,,,,,,,,,,,,,,,,,,,,,,,,,,,,,,,,,,0,0,0,1,0,0,2,True
2021-06-12 01:07:19,214,Microsoft-Windows-Sysmon,{5770385f-c22a-43e0-bf4c-06f5698ffbd9},4,0x8000000000000000,Microsoft-Windows-Sysmon/Operational,WORKSTATION5,2021-06-11T09:07:19.086Z,2021-06-11T09:07:19.086Z,7,"Image loaded:
RuleName: -
UtcTime: 2021-06-12 01:07:19.072
ProcessGuid: {e2c04bb9-08c6-60c4-681f-400100000000}
ProcessId: 4748
Image: C:\TMP\CreateNamedPipe.exe
ImageLoaded: C:\Windows\System32\winmmbase.dll
FileVersion: 10.0.18362.1 (WinBuild.160101.0800)
Description: Base Multimedia Extension API DLL
Product: Microsoft® Windows® Operating System
Company: Microsoft Corporation
OriginalFileName: WINMMbase.DLL
Hashes: SHA1=81690A25EE76DEFF1E56232F489087B9BD7679C6,MD5=E6450257BA3DF5161684E4C73EBB8F92,SHA256=948F13FE144CD80F93565DED2AC2E96D000869BB2761538996D28942495CB1D7,IMPHASH=573B9CF443320F1F8CA53DB3905ECF4C
Signed: true
Signature: Microsoft Windows
SignatureStatus: Valid",7,-,{e2c04bb9-08c6-60c4-681f-400100000000},4748,C:\TMP\CreateNamedPipe.exe,10.0.18362.1 (WinBuild.160101.0800),Base Multimedia Extension API DLL,Microsoft® Windows® Operating System,Microsoft Corporation,WINMMbase.DLL,,,,,,,,"SHA1=81690A25EE76DEFF1E56232F489087B9BD7679C6,MD5=E6450257BA3DF5161684E4C73EBB8F92,SHA256=948F13FE144CD80F93565DED2AC2E96D000869BB2761538996D28942495CB1D7,IMPHASH=573B9CF443320F1F8CA53DB3905ECF4C",,,,,,,,,,,,,,C:\Windows\System32\winmmbase.dll,True,Microsoft Windows,Valid,,,,,,,,,,,,,,,,,,,,,,,,,,,,,,,,,,,,,,,,,,,,,,,,,,,,,,,,,,,,,,,,,,,,,,,,,,,,,,,,,0,0,0,1,0,0,3,True
2021-06-12 01:07:19,206,Microsoft-Windows-Sysmon,{5770385f-c22a-43e0-bf4c-06f5698ffbd9},4,0x8000000000000000,Microsoft-Windows-Sysmon/Operational,WORKSTATION5,2021-06-11T09:07:19.071Z,2021-06-11T09:07:19.071Z,10,"Process accessed:
RuleName: -
UtcTime: 2021-06-12 01:07:19.056
SourceProcessGUID: {e2c04bb9-a70e-60c3-0d61-390000000000}
SourceProcessId: 1320
SourceThreadId: 5612
SourceImage: C:\Windows\Explorer.EXE
TargetProcessGUID: {e2c04bb9-08c6-60c4-681f-400100000000}
TargetProcessId: 4748
TargetImage: C:\TMP\CreateNamedPipe.exe
GrantedAccess: 0x1000
CallTrace: C:\Windows\SYSTEM32\ntdll.dll+9d364|C:\Windows\System32\KERNELBASE.dll+305ee|C:\Windows\system32\twinui.dll+3910e|C:\Windows\system32\twinui.dll+39053|C:\Windows\system32\twinui.dll+361ee|C:\Windows\system32\twinui.dll+35a9c|C:\Windows\system32\twinui.dll+364f5|C:\Windows\system32\twinui.dll+313c0|C:\Windows\system32\twinui.dll+305aa|C:\Windows\System32\shcore.dll+1a8c9|C:\Windows\System32\shcore.dll+1a668|C:\Windows\System32\shcore.dll+19681|C:\Windows\System32\KERNEL32.DLL+17c24|C:\Windows\SYSTEM32\ntdll.dll+6d721",10,-,,0,,,,,,,,,,,,,,,,,,,{e2c04bb9-a70e-60c3-0d61-390000000000},1320,5612.0,C:\Windows\Explorer.EXE,{e2c04bb9-08c6-60c4-681f-400100000000},4748,C:\TMP\CreateNamedPipe.exe,0x1000,C:\Windows\SYSTEM32\ntdll.dll+9d364|C:\Windows\System32\KERNELBASE.dll+305ee|C:\Windows\system32\twinui.dll+3910e|C:\Windows\system32\twinui.dll+39053|C:\Windows\system32\twinui.dll+361ee|C:\Windows\system32\twinui.dll+35a9c|C:\Windows\system32\twinui.dll+364f5|C:\Windows\system32\twinui.dll+313c0|C:\Windows\system32\twinui.dll+305aa|C:\Windows\System32\shcore.dll+1a8c9|C:\Windows\System32\shcore.dll+1a668|C:\Windows\System32\shcore.dll+19681|C:\Windows\System32\KERNEL32.DLL+17c24|C:\Windows\SYSTEM32\ntdll.dll+6d721,,,,,,,,,,,,,,,,,,,,,,,,,,,,,,,,,,,,,,,,,,,,,,,,,,,,,,,,,,,,,,,,,,,,,,,,,,,,,,,,,,,,,0,0,0,1,0,0,3,True
2021-06-12 01:07:19,186,Microsoft-Windows-Sysmon,{5770385f-c22a-43e0-bf4c-06f5698ffbd9},4,0x8000000000000000,Microsoft-Windows-Sysmon/Operational,WORKSTATION5,2021-06-11T09:07:19.061Z,2021-06-11T09:07:19.061Z,10,"Process accessed:
RuleName: -
UtcTime: 2021-06-12 01:07:19.040
SourceProcessGUID: {e2c04bb9-a70e-60c3-0d61-390000000000}
SourceProcessId: 1320
SourceThreadId: 7300
SourceImage: C:\Windows\Explorer.EXE
TargetProcessGUID: {e2c04bb9-08c6-60c4-681f-400100000000}
TargetProcessId: 4748
TargetImage: C:\TMP\CreateNamedPipe.exe
GrantedAccess: 0x1000
CallTrace: C:\Windows\SYSTEM32\ntdll.dll+9d364|C:\Windows\System32\KERNELBASE.dll+305ee|C:\Windows\SYSTEM32\TWINAPI.dll+2f93|C:\Windows\system32\twinui.pcshell.dll+22320|C:\Windows\system32\twinui.pcshell.dll+21b22|C:\Windows\system32\twinui.pcshell.dll+85954|C:\Windows\system32\twinui.pcshell.dll+24fe6|C:\Windows\system32\twinui.pcshell.dll+2207e|C:\Windows\system32\twinui.dll+5f85b|C:\Windows\system32\twinui.dll+5f36c|C:\Windows\system32\twinui.dll+1ef9a|C:\Windows\system32\twinui.dll+48799|C:\Windows\system32\twinui.dll+488db|C:\Windows\system32\twinui.dll+4885d|C:\Windows\System32\USER32.dll+15c1d|C:\Windows\System32\USER32.dll+15612|C:\Windows\System32\windows.immersiveshell.serviceprovider.dll+4860|C:\Windows\System32\windows.immersiveshell.serviceprovider.dll+4429|C:\Windows\System32\windows.immersiveshell.serviceprovider.dll+40bf|C:\Windows\System32\KERNEL32.DLL+17c24|C:\Windows\SYSTEM32\ntdll.dll+6d721",10,-,,0,,,,,,,,,,,,,,,,,,,{e2c04bb9-a70e-60c3-0d61-390000000000},1320,7300.0,C:\Windows\Explorer.EXE,{e2c04bb9-08c6-60c4-681f-400100000000},4748,C:\TMP\CreateNamedPipe.exe,0x1000,C:\Windows\SYSTEM32\ntdll.dll+9d364|C:\Windows\System32\KERNELBASE.dll+305ee|C:\Windows\SYSTEM32\TWINAPI.dll+2f93|C:\Windows\system32\twinui.pcshell.dll+22320|C:\Windows\system32\twinui.pcshell.dll+21b22|C:\Windows\system32\twinui.pcshell.dll+85954|C:\Windows\system32\twinui.pcshell.dll+24fe6|C:\Windows\system32\twinui.pcshell.dll+2207e|C:\Windows\system32\twinui.dll+5f85b|C:\Windows\system32\twinui.dll+5f36c|C:\Windows\system32\twinui.dll+1ef9a|C:\Windows\system32\twinui.dll+48799|C:\Windows\system32\twinui.dll+488db|C:\Windows\system32\twinui.dll+4885d|C:\Windows\System32\USER32.dll+15c1d|C:\Windows\System32\USER32.dll+15612|C:\Windows\System32\windows.immersiveshell.serviceprovider.dll+4860|C:\Windows\System32\windows.immersiveshell.serviceprovider.dll+4429|C:\Windows\System32\windows.immersiveshell.serviceprovider.dll+40bf|C:\Windows\System32\KERNEL32.DLL+17c24|C:\Windows\SYSTEM32\ntdll.dll+6d721,,,,,,,,,,,,,,,,,,,,,,,,,,,,,,,,,,,,,,,,,,,,,,,,,,,,,,,,,,,,,,,,,,,,,,,,,,,,,,,,,,,,,0,0,0,1,0,0,3,True
2021-06-12 01:07:19,223,Microsoft-Windows-Sysmon,{5770385f-c22a-43e0-bf4c-06f5698ffbd9},4,0x8000000000000000,Microsoft-Windows-Sysmon/Operational,WORKSTATION5,2021-06-11T09:07:19.095Z,2021-06-11T09:07:19.095Z,17,"Pipe Created:
RuleName: -
EventType: CreatePipe
UtcTime: 2021-06-12 01:07:19.094
ProcessGuid: {e2c04bb9-08c6-60c4-681f-400100000000}
ProcessId: 4748
PipeName: \MSSE-1337-server
Image: C:\TMP\CreateNamedPipe.exe",17,-,{e2c04bb9-08c6-60c4-681f-400100000000},4748,C:\TMP\CreateNamedPipe.exe,,,,,,,,,,,,,,,,,,,,,,,,,,,,,,,,,,CreatePipe,,,\MSSE-1337-server,,,,,,,,,,,,,,,,,,,,,,,,,,,,,,,,,,,,,,,,,,,,,,,,,,,,,,,,,,,,,,,,,,,,,,,,,,0,0,0,0,0,0,2,True
2021-06-12 01:07:19,222,Microsoft-Windows-Sysmon,{5770385f-c22a-43e0-bf4c-06f5698ffbd9},4,0x8000000000000000,Microsoft-Windows-Sysmon/Operational,WORKSTATION5,2021-06-11T09:07:19.092Z,2021-06-11T09:07:19.092Z,13,"Registry value set:
RuleName: -
EventType: SetValue
UtcTime: 2021-06-12 01:07:19.088
ProcessGuid: {e2c04bb9-a70e-60c3-0d61-390000000000}
ProcessId: 1320
Image: C:\Windows\Explorer.EXE
TargetObject: HKU\S-1-5-21-315269454-3320600716-4144796452-500\Software\Microsoft\Windows\CurrentVersion\ActivityDataModel\ReaderRevisionInfo\85CDB375-834F-3C5B-E914-6234264DF816
Details: Binary Data",13,-,{e2c04bb9-a70e-60c3-0d61-390000000000},1320,C:\Windows\Explorer.EXE,,,,,,,,,,,,,,,,,,,,,,,,,,,,,,,,,,SetValue,HKU\S-1-5-21-315269454-3320600716-4144796452-500\Software\Microsoft\Windows\CurrentVersion\ActivityDataModel\ReaderRevisionInfo\85CDB375-834F-3C5B-E914-6234264DF816,Binary Data,,,,,,,,,,,,,,,,,,,,,,,,,,,,,,,,,,,,,,,,,,,,,,,,,,,,,,,,,,,,,,,,,,,,,,,,,,,0,0,0,0,1,0,3,True
2021-06-12 01:07:19,221,Microsoft-Windows-Sysmon,{5770385f-c22a-43e0-bf4c-06f5698ffbd9},4,0x8000000000000000,Microsoft-Windows-Sysmon/Operational,WORKSTATION5,2021-06-11T09:07:19.087Z,2021-06-11T09:07:19.087Z,13,"Registry value set:
RuleName: -
EventType: SetValue
UtcTime: 2021-06-12 01:07:19.085
ProcessGuid: {e2c04bb9-a70e-60c3-0d61-390000000000}
ProcessId: 1320
Image: C:\Windows\Explorer.EXE
TargetObject: HKU\S-1-5-21-315269454-3320600716-4144796452-500\Software\Microsoft\Windows\CurrentVersion\ActivityDataModel\ReaderRevisionInfo\85CDB375-834F-3C5B-E914-6234264DF816
Details: Binary Data",13,-,{e2c04bb9-a70e-60c3-0d61-390000000000},1320,C:\Windows\Explorer.EXE,,,,,,,,,,,,,,,,,,,,,,,,,,,,,,,,,,SetValue,HKU\S-1-5-21-315269454-3320600716-4144796452-500\Software\Microsoft\Windows\CurrentVersion\ActivityDataModel\ReaderRevisionInfo\85CDB375-834F-3C5B-E914-6234264DF816,Binary Data,,,,,,,,,,,,,,,,,,,,,,,,,,,,,,,,,,,,,,,,,,,,,,,,,,,,,,,,,,,,,,,,,,,,,,,,,,,0,0,0,0,1,0,3,True
2021-06-12 01:07:19,220,Microsoft-Windows-Sysmon,{5770385f-c22a-43e0-bf4c-06f5698ffbd9},4,0x8000000000000000,Microsoft-Windows-Sysmon/Operational,WORKSTATION5,2021-06-11T09:07:19.087Z,2021-06-11T09:07:19.087Z,7,"Image loaded:
RuleName: -
UtcTime: 2021-06-12 01:07:19.084
ProcessGuid: {e2c04bb9-08c6-60c4-681f-400100000000}
ProcessId: 4748
Image: C:\TMP\CreateNamedPipe.exe
ImageLoaded: C:\Windows\System32\umpdc.dll
FileVersion: -
Description: -
Product: -
Company: -
OriginalFileName: -
Hashes: SHA1=6ABB78FB1614C12E3E9FFF3DE98B0E13E79201D9,MD5=B9A75ED4500DD953DF172FE6F63578E8,SHA256=709B99BA1DFEF6D9B2483F37D242B12F29B1E1ADE13E338B4D7041C55B55204B,IMPHASH=5A0FF5293A05BFEBAE6F2C9C302FC5E7
Signed: true
Signature: Microsoft Windows
SignatureStatus: Valid",7,-,{e2c04bb9-08c6-60c4-681f-400100000000},4748,C:\TMP\CreateNamedPipe.exe,-,-,-,-,-,,,,,,,,"SHA1=6ABB78FB1614C12E3E9FFF3DE98B0E13E79201D9,MD5=B9A75ED4500DD953DF172FE6F63578E8,SHA256=709B99BA1DFEF6D9B2483F37D242B12F29B1E1ADE13E338B4D7041C55B55204B,IMPHASH=5A0FF5293A05BFEBAE6F2C9C302FC5E7",,,,,,,,,,,,,,C:\Windows\System32\umpdc.dll,True,Microsoft Windows,Valid,,,,,,,,,,,,,,,,,,,,,,,,,,,,,,,,,,,,,,,,,,,,,,,,,,,,,,,,,,,,,,,,,,,,,,,,,,,,,,,,,0,0,0,0,1,0,3,True
2021-06-12 01:07:19,219,Microsoft-Windows-Sysmon,{5770385f-c22a-43e0-bf4c-06f5698ffbd9},4,0x8000000000000000,Microsoft-Windows-Sysmon/Operational,WORKSTATION5,2021-06-11T09:07:19.087Z,2021-06-11T09:07:19.087Z,7,"Image loaded:
RuleName: -
UtcTime: 2021-06-12 01:07:19.084
ProcessGuid: {e2c04bb9-08c6-60c4-681f-400100000000}
ProcessId: 4748
Image: C:\TMP\CreateNamedPipe.exe
ImageLoaded: C:\Windows\System32\powrprof.dll
FileVersion: 10.0.18362.1 (WinBuild.160101.0800)
Description: Power Profile Helper DLL
Product: Microsoft® Windows® Operating System
Company: Microsoft Corporation
OriginalFileName: POWRPROF.DLL
Hashes: SHA1=30D5ADBC0664977C27B65622F514632581C9AF45,MD5=07B027B1E0B775FAE815E487F28137B9,SHA256=21358CE9A416C7F6DB063095102E91F014BDB85B08A4E783E17234792C9B483A,IMPHASH=817FF4748665EB442F0081A91349F764
Signed: true
Signature: Microsoft Windows
SignatureStatus: Valid",7,-,{e2c04bb9-08c6-60c4-681f-400100000000},4748,C:\TMP\CreateNamedPipe.exe,10.0.18362.1 (WinBuild.160101.0800),Power Profile Helper DLL,Microsoft® Windows® Operating System,Microsoft Corporation,POWRPROF.DLL,,,,,,,,"SHA1=30D5ADBC0664977C27B65622F514632581C9AF45,MD5=07B027B1E0B775FAE815E487F28137B9,SHA256=21358CE9A416C7F6DB063095102E91F014BDB85B08A4E783E17234792C9B483A,IMPHASH=817FF4748665EB442F0081A91349F764",,,,,,,,,,,,,,C:\Windows\System32\powrprof.dll,True,Microsoft Windows,Valid,,,,,,,,,,,,,,,,,,,,,,,,,,,,,,,,,,,,,,,,,,,,,,,,,,,,,,,,,,,,,,,,,,,,,,,,,,,,,,,,,0,0,0,0,1,0,2,True
2021-06-12 01:07:19,218,Microsoft-Windows-Sysmon,{5770385f-c22a-43e0-bf4c-06f5698ffbd9},4,0x8000000000000000,Microsoft-Windows-Sysmon/Operational,WORKSTATION5,2021-06-11T09:07:19.087Z,2021-06-11T09:07:19.087Z,10,"Process accessed:
RuleName: -
UtcTime: 2021-06-12 01:07:19.072
SourceProcessGUID: {e2c04bb9-a70e-60c3-0d61-390000000000}
SourceProcessId: 1320
SourceThreadId: 8716
SourceImage: C:\Windows\Explorer.EXE
TargetProcessGUID: {e2c04bb9-08c6-60c4-681f-400100000000}
TargetProcessId: 4748
TargetImage: C:\TMP\CreateNamedPipe.exe
GrantedAccess: 0x1000
CallTrace: C:\Windows\SYSTEM32\ntdll.dll+9d364|C:\Windows\System32\KERNELBASE.dll+305ee|C:\Windows\System32\TaskFlowDataEngine.dll+ce360|C:\Windows\System32\TaskFlowDataEngine.dll+97afb|C:\Windows\System32\TaskFlowDataEngine.dll+9717f|C:\Windows\System32\TaskFlowDataEngine.dll+96c79|C:\Windows\System32\TaskFlowDataEngine.dll+966a5|C:\Windows\System32\TaskFlowDataEngine.dll+94505|C:\Windows\System32\TaskFlowDataEngine.dll+92ed8|C:\Windows\System32\TaskFlowDataEngine.dll+9d7c1|C:\Windows\System32\shcore.dll+1a8c9|C:\Windows\System32\shcore.dll+1a668|C:\Windows\System32\shcore.dll+19681|C:\Windows\System32\KERNEL32.DLL+17c24|C:\Windows\SYSTEM32\ntdll.dll+6d721",10,-,,0,,,,,,,,,,,,,,,,,,,{e2c04bb9-a70e-60c3-0d61-390000000000},1320,8716.0,C:\Windows\Explorer.EXE,{e2c04bb9-08c6-60c4-681f-400100000000},4748,C:\TMP\CreateNamedPipe.exe,0x1000,C:\Windows\SYSTEM32\ntdll.dll+9d364|C:\Windows\System32\KERNELBASE.dll+305ee|C:\Windows\System32\TaskFlowDataEngine.dll+ce360|C:\Windows\System32\TaskFlowDataEngine.dll+97afb|C:\Windows\System32\TaskFlowDataEngine.dll+9717f|C:\Windows\System32\TaskFlowDataEngine.dll+96c79|C:\Windows\System32\TaskFlowDataEngine.dll+966a5|C:\Windows\System32\TaskFlowDataEngine.dll+94505|C:\Windows\System32\TaskFlowDataEngine.dll+92ed8|C:\Windows\System32\TaskFlowDataEngine.dll+9d7c1|C:\Windows\System32\shcore.dll+1a8c9|C:\Windows\System32\shcore.dll+1a668|C:\Windows\System32\shcore.dll+19681|C:\Windows\System32\KERNEL32.DLL+17c24|C:\Windows\SYSTEM32\ntdll.dll+6d721,,,,,,,,,,,,,,,,,,,,,,,,,,,,,,,,,,,,,,,,,,,,,,,,,,,,,,,,,,,,,,,,,,,,,,,,,,,,,,,,,,,,,0,0,0,0,1,0,3,True
2021-06-12 01:07:19,205,Microsoft-Windows-Sysmon,{5770385f-c22a-43e0-bf4c-06f5698ffbd9},4,0x8000000000000000,Microsoft-Windows-Sysmon/Operational,WORKSTATION5,2021-06-11T09:07:19.071Z,2021-06-11T09:07:19.071Z,10,"Process accessed:
RuleName: -
UtcTime: 2021-06-12 01:07:19.056
SourceProcessGUID: {e2c04bb9-a346-60c3-0f00-000000000300}
SourceProcessId: 876
SourceThreadId: 7828
SourceImage: C:\Windows\system32\svchost.exe
TargetProcessGUID: {e2c04bb9-08c6-60c4-681f-400100000000}
TargetProcessId: 4748
TargetImage: C:\TMP\CreateNamedPipe.exe
GrantedAccess: 0x1000
CallTrace: C:\Windows\SYSTEM32\ntdll.dll+9d364|C:\Windows\System32\KERNELBASE.dll+305ee|C:\Windows\SYSTEM32\resourcepolicyserver.dll+a77f|C:\Windows\SYSTEM32\resourcepolicyserver.dll+97d6|C:\Windows\SYSTEM32\resourcepolicyserver.dll+4b1d|C:\Windows\System32\RPCRT4.dll+78553|C:\Windows\System32\RPCRT4.dll+d9d6d|C:\Windows\System32\RPCRT4.dll+26a9c|C:\Windows\System32\RPCRT4.dll+598c8|C:\Windows\System32\RPCRT4.dll+48041|C:\Windows\System32\RPCRT4.dll+478fb|C:\Windows\System32\RPCRT4.dll+1cb6f|C:\Windows\System32\RPCRT4.dll+1c01a|C:\Windows\System32\RPCRT4.dll+1b601|C:\Windows\System32\RPCRT4.dll+1b06e|C:\Windows\System32\RPCRT4.dll+18da5|C:\Windows\SYSTEM32\ntdll.dll+333ed|C:\Windows\SYSTEM32\ntdll.dll+34142|C:\Windows\System32\KERNEL32.DLL+17c24|C:\Windows\SYSTEM32\ntdll.dll+6d721",10,-,,0,,,,,,,,,,,,,,,,,,,{e2c04bb9-a346-60c3-0f00-000000000300},876,7828.0,C:\Windows\system32\svchost.exe,{e2c04bb9-08c6-60c4-681f-400100000000},4748,C:\TMP\CreateNamedPipe.exe,0x1000,C:\Windows\SYSTEM32\ntdll.dll+9d364|C:\Windows\System32\KERNELBASE.dll+305ee|C:\Windows\SYSTEM32\resourcepolicyserver.dll+a77f|C:\Windows\SYSTEM32\resourcepolicyserver.dll+97d6|C:\Windows\SYSTEM32\resourcepolicyserver.dll+4b1d|C:\Windows\System32\RPCRT4.dll+78553|C:\Windows\System32\RPCRT4.dll+d9d6d|C:\Windows\System32\RPCRT4.dll+26a9c|C:\Windows\System32\RPCRT4.dll+598c8|C:\Windows\System32\RPCRT4.dll+48041|C:\Windows\System32\RPCRT4.dll+478fb|C:\Windows\System32\RPCRT4.dll+1cb6f|C:\Windows\System32\RPCRT4.dll+1c01a|C:\Windows\System32\RPCRT4.dll+1b601|C:\Windows\System32\RPCRT4.dll+1b06e|C:\Windows\System32\RPCRT4.dll+18da5|C:\Windows\SYSTEM32\ntdll.dll+333ed|C:\Windows\SYSTEM32\ntdll.dll+34142|C:\Windows\System32\KERNEL32.DLL+17c24|C:\Windows\SYSTEM32\ntdll.dll+6d721,,,,,,,,,,,,,,,,,,,,,,,,,,,,,,,,,,,,,,,,,,,,,,,,,,,,,,,,,,,,,,,,,,,,,,,,,,,,,,,,,,,,,0,0,0,0,1,0,3,True
2021-06-12 01:07:19,217,Microsoft-Windows-Sysmon,{5770385f-c22a-43e0-bf4c-06f5698ffbd9},4,0x8000000000000000,Microsoft-Windows-Sysmon/Operational,WORKSTATION5,2021-06-11T09:07:19.087Z,2021-06-11T09:07:19.087Z,7,"Image loaded:
RuleName: -
UtcTime: 2021-06-12 01:07:19.072
ProcessGuid: {e2c04bb9-08c6-60c4-681f-400100000000}
ProcessId: 4748
Image: C:\TMP\CreateNamedPipe.exe
ImageLoaded: C:\Windows\System32\ws2_32.dll
FileVersion: 10.0.18362.387 (WinBuild.160101.0800)
Description: Windows Socket 2.0 32-Bit DLL
Product: Microsoft® Windows® Operating System
Company: Microsoft Corporation
OriginalFileName: ws2_32.dll
Hashes: SHA1=0E931ED820C96CCAD23D4AFCB0ACD97C99155D11,MD5=C0F8DA7568D2F1534E0ABB0E69DC3280,SHA256=E419A4BBDF1D5E0601E90BAFC1558DBD7414CD44E098B581C1915EF2C6E38D0B,IMPHASH=70D7A835AF4CA9F98A94AAF1B60BF88F
Signed: true
Signature: Microsoft Windows
SignatureStatus: Valid",7,-,{e2c04bb9-08c6-60c4-681f-400100000000},4748,C:\TMP\CreateNamedPipe.exe,10.0.18362.387 (WinBuild.160101.0800),Windows Socket 2.0 32-Bit DLL,Microsoft® Windows® Operating System,Microsoft Corporation,ws2_32.dll,,,,,,,,"SHA1=0E931ED820C96CCAD23D4AFCB0ACD97C99155D11,MD5=C0F8DA7568D2F1534E0ABB0E69DC3280,SHA256=E419A4BBDF1D5E0601E90BAFC1558DBD7414CD44E098B581C1915EF2C6E38D0B,IMPHASH=70D7A835AF4CA9F98A94AAF1B60BF88F",,,,,,,,,,,,,,C:\Windows\System32\ws2_32.dll,True,Microsoft Windows,Valid,,,,,,,,,,,,,,,,,,,,,,,,,,,,,,,,,,,,,,,,,,,,,,,,,,,,,,,,,,,,,,,,,,,,,,,,,,,,,,,,,0,0,0,0,0,0,2,True
2021-06-12 01:07:19,215,Microsoft-Windows-Sysmon,{5770385f-c22a-43e0-bf4c-06f5698ffbd9},4,0x8000000000000000,Microsoft-Windows-Sysmon/Operational,WORKSTATION5,2021-06-11T09:07:19.086Z,2021-06-11T09:07:19.086Z,7,"Image loaded:
RuleName: -
UtcTime: 2021-06-12 01:07:19.072
ProcessGuid: {e2c04bb9-08c6-60c4-681f-400100000000}
ProcessId: 4748
Image: C:\TMP\CreateNamedPipe.exe
ImageLoaded: C:\Windows\System32\cfgmgr32.dll
FileVersion: 10.0.18362.387 (WinBuild.160101.0800)
Description: Configuration Manager DLL
Product: Microsoft® Windows® Operating System
Company: Microsoft Corporation
OriginalFileName: CFGMGR32.DLL
Hashes: SHA1=FA3A718BEED81C7084675E250ADC305677A6B5E4,MD5=3A99A40872AF3B87406CC57DBDF53748,SHA256=96A1DB38C74A81FBA4C4AB29020551364FD1ADA3B6FED789D193C787E757979D,IMPHASH=4B4464C7677B6F07342800F4CF0BA273
Signed: true
Signature: Microsoft Windows
SignatureStatus: Valid",7,-,{e2c04bb9-08c6-60c4-681f-400100000000},4748,C:\TMP\CreateNamedPipe.exe,10.0.18362.387 (WinBuild.160101.0800),Configuration Manager DLL,Microsoft® Windows® Operating System,Microsoft Corporation,CFGMGR32.DLL,,,,,,,,"SHA1=FA3A718BEED81C7084675E250ADC305677A6B5E4,MD5=3A99A40872AF3B87406CC57DBDF53748,SHA256=96A1DB38C74A81FBA4C4AB29020551364FD1ADA3B6FED789D193C787E757979D,IMPHASH=4B4464C7677B6F07342800F4CF0BA273",,,,,,,,,,,,,,C:\Windows\System32\cfgmgr32.dll,True,Microsoft Windows,Valid,,,,,,,,,,,,,,,,,,,,,,,,,,,,,,,,,,,,,,,,,,,,,,,,,,,,,,,,,,,,,,,,,,,,,,,,,,,,,,,,,0,0,0,0,0,0,2,True
2021-06-12 01:07:19,213,Microsoft-Windows-Sysmon,{5770385f-c22a-43e0-bf4c-06f5698ffbd9},4,0x8000000000000000,Microsoft-Windows-Sysmon/Operational,WORKSTATION5,2021-06-11T09:07:19.077Z,2021-06-11T09:07:19.077Z,7,"Image loaded:
RuleName: -
UtcTime: 2021-06-12 01:07:19.072
ProcessGuid: {e2c04bb9-08c6-60c4-681f-400100000000}
ProcessId: 4748
Image: C:\TMP\CreateNamedPipe.exe
ImageLoaded: C:\Windows\System32\winmm.dll
FileVersion: 10.0.18362.1 (WinBuild.160101.0800)
Description: MCI API DLL
Product: Microsoft® Windows® Operating System
Company: Microsoft Corporation
OriginalFileName: WINMM.DLL
Hashes: SHA1=67E25361DCE72026B1472607EC389040DBAF5E94,MD5=965EB822D0EF8FDA78CCB1F41DEF093D,SHA256=AD43D686930EAE0F57A55EE75D10BD1882747089A291371FFE1E131EB5F76938,IMPHASH=6D0CF242319887A443589CFA0A273333
Signed: true
Signature: Microsoft Windows
SignatureStatus: Valid",7,-,{e2c04bb9-08c6-60c4-681f-400100000000},4748,C:\TMP\CreateNamedPipe.exe,10.0.18362.1 (WinBuild.160101.0800),MCI API DLL,Microsoft® Windows® Operating System,Microsoft Corporation,WINMM.DLL,,,,,,,,"SHA1=67E25361DCE72026B1472607EC389040DBAF5E94,MD5=965EB822D0EF8FDA78CCB1F41DEF093D,SHA256=AD43D686930EAE0F57A55EE75D10BD1882747089A291371FFE1E131EB5F76938,IMPHASH=6D0CF242319887A443589CFA0A273333",,,,,,,,,,,,,,C:\Windows\System32\winmm.dll,True,Microsoft Windows,Valid,,,,,,,,,,,,,,,,,,,,,,,,,,,,,,,,,,,,,,,,,,,,,,,,,,,,,,,,,,,,,,,,,,,,,,,,,,,,,,,,,0,0,0,0,0,0,2,True
2021-06-12 01:07:19,212,Microsoft-Windows-Sysmon,{5770385f-c22a-43e0-bf4c-06f5698ffbd9},4,0x8000000000000000,Microsoft-Windows-Sysmon/Operational,WORKSTATION5,2021-06-11T09:07:19.076Z,2021-06-11T09:07:19.076Z,7,"Image loaded:
RuleName: -
UtcTime: 2021-06-12 01:07:19.072
ProcessGuid: {e2c04bb9-08c6-60c4-681f-400100000000}
ProcessId: 4748
Image: C:\TMP\CreateNamedPipe.exe
ImageLoaded: C:\Windows\System32\bcryptprimitives.dll
FileVersion: 10.0.18362.1237 (WinBuild.160101.0800)
Description: Windows Cryptographic Primitives Library
Product: Microsoft® Windows® Operating System
Company: Microsoft Corporation
OriginalFileName: bcryptprimitives.dll
Hashes: SHA1=9EF590B826FD65FD7F6B348604E29873AFE24353,MD5=CFA9891644C90A7739814212C28E9071,SHA256=9DADBB2C0AE4D8DBC3E855F35DF29FA40C0FEC8ABE3B15DAD2F789671A44792C,IMPHASH=496E42068C9391511CF6EE7C54F73A9B
Signed: true
Signature: Microsoft Windows
SignatureStatus: Valid",7,-,{e2c04bb9-08c6-60c4-681f-400100000000},4748,C:\TMP\CreateNamedPipe.exe,10.0.18362.1237 (WinBuild.160101.0800),Windows Cryptographic Primitives Library,Microsoft® Windows® Operating System,Microsoft Corporation,bcryptprimitives.dll,,,,,,,,"SHA1=9EF590B826FD65FD7F6B348604E29873AFE24353,MD5=CFA9891644C90A7739814212C28E9071,SHA256=9DADBB2C0AE4D8DBC3E855F35DF29FA40C0FEC8ABE3B15DAD2F789671A44792C,IMPHASH=496E42068C9391511CF6EE7C54F73A9B",,,,,,,,,,,,,,C:\Windows\System32\bcryptprimitives.dll,True,Microsoft Windows,Valid,,,,,,,,,,,,,,,,,,,,,,,,,,,,,,,,,,,,,,,,,,,,,,,,,,,,,,,,,,,,,,,,,,,,,,,,,,,,,,,,,0,0,0,0,0,0,2,True
2021-06-12 01:07:19,211,Microsoft-Windows-Sysmon,{5770385f-c22a-43e0-bf4c-06f5698ffbd9},4,0x8000000000000000,Microsoft-Windows-Sysmon/Operational,WORKSTATION5,2021-06-11T09:07:19.076Z,2021-06-11T09:07:19.076Z,7,"Image loaded:
RuleName: -
UtcTime: 2021-06-12 01:07:19.072
ProcessGuid: {e2c04bb9-08c6-60c4-681f-400100000000}
ProcessId: 4748
Image: C:\TMP\CreateNamedPipe.exe
ImageLoaded: C:\Windows\System32\cryptbase.dll
FileVersion: 10.0.18362.1 (WinBuild.160101.0800)
Description: Base cryptographic API DLL
Product: Microsoft® Windows® Operating System
Company: Microsoft Corporation
OriginalFileName: cryptbase.dll
Hashes: SHA1=B6093663113CF33A76156CB3F6D4322514F00E4B,MD5=26887DE7D7D1928F52A452E3A63E55E8,SHA256=EA86D9754164CA2C01B4A7F81188B2490CEE1F350E177861A4702C92DFD6D066,IMPHASH=3F27E242D68FC14338677A25FAE441F7
Signed: true
Signature: Microsoft Windows
SignatureStatus: Valid",7,-,{e2c04bb9-08c6-60c4-681f-400100000000},4748,C:\TMP\CreateNamedPipe.exe,10.0.18362.1 (WinBuild.160101.0800),Base cryptographic API DLL,Microsoft® Windows® Operating System,Microsoft Corporation,cryptbase.dll,,,,,,,,"SHA1=B6093663113CF33A76156CB3F6D4322514F00E4B,MD5=26887DE7D7D1928F52A452E3A63E55E8,SHA256=EA86D9754164CA2C01B4A7F81188B2490CEE1F350E177861A4702C92DFD6D066,IMPHASH=3F27E242D68FC14338677A25FAE441F7",,,,,,,,,,,,,,C:\Windows\System32\cryptbase.dll,True,Microsoft Windows,Valid,,,,,,,,,,,,,,,,,,,,,,,,,,,,,,,,,,,,,,,,,,,,,,,,,,,,,,,,,,,,,,,,,,,,,,,,,,,,,,,,,0,0,0,0,0,0,1,True
2021-06-12 01:07:19,210,Microsoft-Windows-Sysmon,{5770385f-c22a-43e0-bf4c-06f5698ffbd9},4,0x8000000000000000,Microsoft-Windows-Sysmon/Operational,WORKSTATION5,2021-06-11T09:07:19.074Z,2021-06-11T09:07:19.074Z,7,"Image loaded:
RuleName: -
UtcTime: 2021-06-12 01:07:19.072
ProcessGuid: {e2c04bb9-08c6-60c4-681f-400100000000}
ProcessId: 4748
Image: C:\TMP\CreateNamedPipe.exe
ImageLoaded: C:\Windows\System32\rpcrt4.dll
FileVersion: 10.0.18362.1500 (WinBuild.160101.0800)
Description: Remote Procedure Call Runtime
Product: Microsoft® Windows® Operating System
Company: Microsoft Corporation
OriginalFileName: rpcrt4.dll
Hashes: SHA1=6A154351837808744BC8E40F730E9986F3CA9633,MD5=15C59ACA8F5DB60A430F3FABCE8B181C,SHA256=891D6ABD1CDFB5CC0CCD3E208B9A83D1FC7B6EBA84A4160DBC3A53F38C787639,IMPHASH=88E7E7C7FA90052EC162DD37F2B7C7BD
Signed: true
Signature: Microsoft Windows
SignatureStatus: Valid",7,-,{e2c04bb9-08c6-60c4-681f-400100000000},4748,C:\TMP\CreateNamedPipe.exe,10.0.18362.1500 (WinBuild.160101.0800),Remote Procedure Call Runtime,Microsoft® Windows® Operating System,Microsoft Corporation,rpcrt4.dll,,,,,,,,"SHA1=6A154351837808744BC8E40F730E9986F3CA9633,MD5=15C59ACA8F5DB60A430F3FABCE8B181C,SHA256=891D6ABD1CDFB5CC0CCD3E208B9A83D1FC7B6EBA84A4160DBC3A53F38C787639,IMPHASH=88E7E7C7FA90052EC162DD37F2B7C7BD",,,,,,,,,,,,,,C:\Windows\System32\rpcrt4.dll,True,Microsoft Windows,Valid,,,,,,,,,,,,,,,,,,,,,,,,,,,,,,,,,,,,,,,,,,,,,,,,,,,,,,,,,,,,,,,,,,,,,,,,,,,,,,,,,0,0,0,0,0,0,1,True
2021-06-12 01:07:19,209,Microsoft-Windows-Sysmon,{5770385f-c22a-43e0-bf4c-06f5698ffbd9},4,0x8000000000000000,Microsoft-Windows-Sysmon/Operational,WORKSTATION5,2021-06-11T09:07:19.074Z,2021-06-11T09:07:19.074Z,7,"Image loaded:
RuleName: -
UtcTime: 2021-06-12 01:07:19.072
ProcessGuid: {e2c04bb9-08c6-60c4-681f-400100000000}
ProcessId: 4748
Image: C:\TMP\CreateNamedPipe.exe
ImageLoaded: C:\Windows\System32\sechost.dll
FileVersion: 10.0.18362.1474 (WinBuild.160101.0800)
Description: Host for SCM/SDDL/LSA Lookup APIs
Product: Microsoft® Windows® Operating System
Company: Microsoft Corporation
OriginalFileName: sechost.dll
Hashes: SHA1=9EF4F89E1B8499A251058FA8F6DA30F640D9B249,MD5=F97C22504B6ACA5527DAAD3755BC639E,SHA256=3A2E5DB9DCDB45FF9F731BC1B253862B9DD7710D802D04F12C1AA100C5E5A812,IMPHASH=CE4BD072766253F6A267D0284CA82002
Signed: true
Signature: Microsoft Windows
SignatureStatus: Valid",7,-,{e2c04bb9-08c6-60c4-681f-400100000000},4748,C:\TMP\CreateNamedPipe.exe,10.0.18362.1474 (WinBuild.160101.0800),Host for SCM/SDDL/LSA Lookup APIs,Microsoft® Windows® Operating System,Microsoft Corporation,sechost.dll,,,,,,,,"SHA1=9EF4F89E1B8499A251058FA8F6DA30F640D9B249,MD5=F97C22504B6ACA5527DAAD3755BC639E,SHA256=3A2E5DB9DCDB45FF9F731BC1B253862B9DD7710D802D04F12C1AA100C5E5A812,IMPHASH=CE4BD072766253F6A267D0284CA82002",,,,,,,,,,,,,,C:\Windows\System32\sechost.dll,True,Microsoft Windows,Valid,,,,,,,,,,,,,,,,,,,,,,,,,,,,,,,,,,,,,,,,,,,,,,,,,,,,,,,,,,,,,,,,,,,,,,,,,,,,,,,,,0,0,0,0,0,0,1,True
2021-06-12 01:07:19,207,Microsoft-Windows-Sysmon,{5770385f-c22a-43e0-bf4c-06f5698ffbd9},4,0x8000000000000000,Microsoft-Windows-Sysmon/Operational,WORKSTATION5,2021-06-11T09:07:19.074Z,2021-06-11T09:07:19.074Z,7,"Image loaded:
RuleName: -
UtcTime: 2021-06-12 01:07:19.056
ProcessGuid: {e2c04bb9-08c6-60c4-681f-400100000000}
ProcessId: 4748
Image: C:\TMP\CreateNamedPipe.exe
ImageLoaded: C:\Windows\System32\advapi32.dll
FileVersion: 10.0.18362.752 (WinBuild.160101.0800)
Description: Advanced Windows 32 Base API
Product: Microsoft® Windows® Operating System
Company: Microsoft Corporation
OriginalFileName: advapi32.dll
Hashes: SHA1=35C61DDE6F8F4ED05F9C4837E2B91C886CA79F82,MD5=EA4F6E7961B4A402F6F5EC33C655260A,SHA256=5E2D103E7E1FD7CA0492E541F082D274EF6259AF2158A3562986C796C5C869DD,IMPHASH=8EEA175C33205685FB8A14876D7564DB
Signed: true
Signature: Microsoft Windows
SignatureStatus: Valid",7,-,{e2c04bb9-08c6-60c4-681f-400100000000},4748,C:\TMP\CreateNamedPipe.exe,10.0.18362.752 (WinBuild.160101.0800),Advanced Windows 32 Base API,Microsoft® Windows® Operating System,Microsoft Corporation,advapi32.dll,,,,,,,,"SHA1=35C61DDE6F8F4ED05F9C4837E2B91C886CA79F82,MD5=EA4F6E7961B4A402F6F5EC33C655260A,SHA256=5E2D103E7E1FD7CA0492E541F082D274EF6259AF2158A3562986C796C5C869DD,IMPHASH=8EEA175C33205685FB8A14876D7564DB",,,,,,,,,,,,,,C:\Windows\System32\advapi32.dll,True,Microsoft Windows,Valid,,,,,,,,,,,,,,,,,,,,,,,,,,,,,,,,,,,,,,,,,,,,,,,,,,,,,,,,,,,,,,,,,,,,,,,,,,,,,,,,,0,0,0,0,0,0,1,True
2021-06-12 01:07:19,216,Microsoft-Windows-Sysmon,{5770385f-c22a-43e0-bf4c-06f5698ffbd9},4,0x8000000000000000,Microsoft-Windows-Sysmon/Operational,WORKSTATION5,2021-06-11T09:07:19.086Z,2021-06-11T09:07:19.086Z,7,"Image loaded:
RuleName: -
UtcTime: 2021-06-12 01:07:19.072
ProcessGuid: {e2c04bb9-08c6-60c4-681f-400100000000}
ProcessId: 4748
Image: C:\TMP\CreateNamedPipe.exe
ImageLoaded: C:\Windows\System32\ucrtbase.dll
FileVersion: 10.0.18362.1110 (WinBuild.160101.0800)
Description: Microsoft® C Runtime Library
Product: Microsoft® Windows® Operating System
Company: Microsoft Corporation
OriginalFileName: ucrtbase.dll
Hashes: SHA1=D10BBE9B65C2C6F8FCA6850D0B79CBC6EF04D691,MD5=126821F73FD9FFCE6E091CF9480E1B60,SHA256=7B28F46F0A09CFD9129109A94B1C16C9C62EEF46C09113C4C585D9BF0E69B2DA,IMPHASH=5AE9A136FAFA10321F3D48251BF4F6A1
Signed: true
Signature: Microsoft Windows
SignatureStatus: Valid",7,-,{e2c04bb9-08c6-60c4-681f-400100000000},4748,C:\TMP\CreateNamedPipe.exe,10.0.18362.1110 (WinBuild.160101.0800),Microsoft® C Runtime Library,Microsoft® Windows® Operating System,Microsoft Corporation,ucrtbase.dll,,,,,,,,"SHA1=D10BBE9B65C2C6F8FCA6850D0B79CBC6EF04D691,MD5=126821F73FD9FFCE6E091CF9480E1B60,SHA256=7B28F46F0A09CFD9129109A94B1C16C9C62EEF46C09113C4C585D9BF0E69B2DA,IMPHASH=5AE9A136FAFA10321F3D48251BF4F6A1",,,,,,,,,,,,,,C:\Windows\System32\ucrtbase.dll,True,Microsoft Windows,Valid,,,,,,,,,,,,,,,,,,,,,,,,,,,,,,,,,,,,,,,,,,,,,,,,,,,,,,,,,,,,,,,,,,,,,,,,,,,,,,,,,0,0,0,0,0,0,1,True
2021-06-12 01:07:19,185,Microsoft-Windows-Sysmon,{5770385f-c22a-43e0-bf4c-06f5698ffbd9},4,0x8000000000000000,Microsoft-Windows-Sysmon/Operational,WORKSTATION5,2021-06-11T09:07:19.061Z,2021-06-11T09:07:19.061Z,10,"Process accessed:
RuleName: -
UtcTime: 2021-06-12 01:07:19.040
SourceProcessGUID: {e2c04bb9-a70e-60c3-0d61-390000000000}
SourceProcessId: 1320
SourceThreadId: 7300
SourceImage: C:\Windows\Explorer.EXE
TargetProcessGUID: {e2c04bb9-08c6-60c4-681f-400100000000}
TargetProcessId: 4748
TargetImage: C:\TMP\CreateNamedPipe.exe
GrantedAccess: 0x1000
CallTrace: C:\Windows\SYSTEM32\ntdll.dll+9d364|C:\Windows\System32\KERNELBASE.dll+305ee|C:\Windows\system32\twinui.pcshell.dll+c795|C:\Windows\system32\twinui.pcshell.dll+c03c|C:\Windows\system32\twinui.pcshell.dll+7e9a1|C:\Windows\system32\twinui.pcshell.dll+7ba84|C:\Windows\system32\twinui.pcshell.dll+171c3|C:\Windows\system32\twinui.pcshell.dll+57ba2|C:\Windows\system32\twinui.pcshell.dll+590be|C:\Windows\system32\twinui.pcshell.dll+7eaa6|C:\Windows\system32\twinui.pcshell.dll+5bc22|C:\Windows\System32\USER32.dll+15c1d|C:\Windows\System32\USER32.dll+15612|C:\Windows\System32\windows.immersiveshell.serviceprovider.dll+4860|C:\Windows\System32\windows.immersiveshell.serviceprovider.dll+4429|C:\Windows\System32\windows.immersiveshell.serviceprovider.dll+40bf|C:\Windows\System32\KERNEL32.DLL+17c24|C:\Windows\SYSTEM32\ntdll.dll+6d721",10,-,,0,,,,,,,,,,,,,,,,,,,{e2c04bb9-a70e-60c3-0d61-390000000000},1320,7300.0,C:\Windows\Explorer.EXE,{e2c04bb9-08c6-60c4-681f-400100000000},4748,C:\TMP\CreateNamedPipe.exe,0x1000,C:\Windows\SYSTEM32\ntdll.dll+9d364|C:\Windows\System32\KERNELBASE.dll+305ee|C:\Windows\system32\twinui.pcshell.dll+c795|C:\Windows\system32\twinui.pcshell.dll+c03c|C:\Windows\system32\twinui.pcshell.dll+7e9a1|C:\Windows\system32\twinui.pcshell.dll+7ba84|C:\Windows\system32\twinui.pcshell.dll+171c3|C:\Windows\system32\twinui.pcshell.dll+57ba2|C:\Windows\system32\twinui.pcshell.dll+590be|C:\Windows\system32\twinui.pcshell.dll+7eaa6|C:\Windows\system32\twinui.pcshell.dll+5bc22|C:\Windows\System32\USER32.dll+15c1d|C:\Windows\System32\USER32.dll+15612|C:\Windows\System32\windows.immersiveshell.serviceprovider.dll+4860|C:\Windows\System32\windows.immersiveshell.serviceprovider.dll+4429|C:\Windows\System32\windows.immersiveshell.serviceprovider.dll+40bf|C:\Windows\System32\KERNEL32.DLL+17c24|C:\Windows\SYSTEM32\ntdll.dll+6d721,,,,,,,,,,,,,,,,,,,,,,,,,,,,,,,,,,,,,,,,,,,,,,,,,,,,,,,,,,,,,,,,,,,,,,,,,,,,,,,,,,,,,0,0,0,0,0,0,2,True
2021-06-12 01:07:19,208,Microsoft-Windows-Sysmon,{5770385f-c22a-43e0-bf4c-06f5698ffbd9},4,0x8000000000000000,Microsoft-Windows-Sysmon/Operational,WORKSTATION5,2021-06-11T09:07:19.074Z,2021-06-11T09:07:19.074Z,7,"Image loaded:
RuleName: -
UtcTime: 2021-06-12 01:07:19.072
ProcessGuid: {e2c04bb9-08c6-60c4-681f-400100000000}
ProcessId: 4748
Image: C:\TMP\CreateNamedPipe.exe
ImageLoaded: C:\Windows\System32\msvcrt.dll
FileVersion: 7.0.18362.1 (WinBuild.160101.0800)
Description: Windows NT CRT DLL
Product: Microsoft® Windows® Operating System
Company: Microsoft Corporation
OriginalFileName: msvcrt.dll
Hashes: SHA1=0EA4B3CFB14E49CEC0D42FF0F1FA989E69647A8F,MD5=36354D9B5B0A58A4B9A19103852C00A2,SHA256=E5A863D3F4BFEFED7D73A7B1499F81B7235BC9AE3C108065041BCB8E5446B1BB,IMPHASH=1273683626EBBA703979F188A1E64237
Signed: true
Signature: Microsoft Windows
SignatureStatus: Valid",7,-,{e2c04bb9-08c6-60c4-681f-400100000000},4748,C:\TMP\CreateNamedPipe.exe,7.0.18362.1 (WinBuild.160101.0800),Windows NT CRT DLL,Microsoft® Windows® Operating System,Microsoft Corporation,msvcrt.dll,,,,,,,,"SHA1=0EA4B3CFB14E49CEC0D42FF0F1FA989E69647A8F,MD5=36354D9B5B0A58A4B9A19103852C00A2,SHA256=E5A863D3F4BFEFED7D73A7B1499F81B7235BC9AE3C108065041BCB8E5446B1BB,IMPHASH=1273683626EBBA703979F188A1E64237",,,,,,,,,,,,,,C:\Windows\System32\msvcrt.dll,True,Microsoft Windows,Valid,,,,,,,,,,,,,,,,,,,,,,,,,,,,,,,,,,,,,,,,,,,,,,,,,,,,,,,,,,,,,,,,,,,,,,,,,,,,,,,,,0,0,0,0,0,0,2,True
2021-06-12 01:07:19,183,Microsoft-Windows-Sysmon,{5770385f-c22a-43e0-bf4c-06f5698ffbd9},4,0x8000000000000000,Microsoft-Windows-Sysmon/Operational,WORKSTATION5,2021-06-11T09:07:19.061Z,2021-06-11T09:07:19.061Z,10,"Process accessed:
RuleName: -
UtcTime: 2021-06-12 01:07:19.040
SourceProcessGUID: {e2c04bb9-a70e-60c3-0d61-390000000000}
SourceProcessId: 1320
SourceThreadId: 7300
SourceImage: C:\Windows\Explorer.EXE
TargetProcessGUID: {e2c04bb9-a909-60c3-c871-6c0000000000}
TargetProcessId: 8912
TargetImage: C:\Windows\System32\WindowsPowerShell\v1.0\powershell.exe
GrantedAccess: 0x2000
CallTrace: C:\Windows\SYSTEM32\ntdll.dll+9d364|C:\Windows\System32\KERNELBASE.dll+305ee|C:\Windows\system32\twinui.dll+2adb9|C:\Windows\system32\twinui.dll+29292|C:\Windows\system32\twinui.dll+5f85b|C:\Windows\system32\twinui.dll+5f36c|C:\Windows\system32\twinui.dll+1ef9a|C:\Windows\system32\twinui.dll+48799|C:\Windows\system32\twinui.dll+488db|C:\Windows\system32\twinui.dll+4885d|C:\Windows\System32\USER32.dll+15c1d|C:\Windows\System32\USER32.dll+15612|C:\Windows\System32\windows.immersiveshell.serviceprovider.dll+4860|C:\Windows\System32\windows.immersiveshell.serviceprovider.dll+4429|C:\Windows\System32\windows.immersiveshell.serviceprovider.dll+40bf|C:\Windows\System32\KERNEL32.DLL+17c24|C:\Windows\SYSTEM32\ntdll.dll+6d721",10,-,,0,,,,,,,,,,,,,,,,,,,{e2c04bb9-a70e-60c3-0d61-390000000000},1320,7300.0,C:\Windows\Explorer.EXE,{e2c04bb9-a909-60c3-c871-6c0000000000},8912,C:\Windows\System32\WindowsPowerShell\v1.0\powershell.exe,0x2000,C:\Windows\SYSTEM32\ntdll.dll+9d364|C:\Windows\System32\KERNELBASE.dll+305ee|C:\Windows\system32\twinui.dll+2adb9|C:\Windows\system32\twinui.dll+29292|C:\Windows\system32\twinui.dll+5f85b|C:\Windows\system32\twinui.dll+5f36c|C:\Windows\system32\twinui.dll+1ef9a|C:\Windows\system32\twinui.dll+48799|C:\Windows\system32\twinui.dll+488db|C:\Windows\system32\twinui.dll+4885d|C:\Windows\System32\USER32.dll+15c1d|C:\Windows\System32\USER32.dll+15612|C:\Windows\System32\windows.immersiveshell.serviceprovider.dll+4860|C:\Windows\System32\windows.immersiveshell.serviceprovider.dll+4429|C:\Windows\System32\windows.immersiveshell.serviceprovider.dll+40bf|C:\Windows\System32\KERNEL32.DLL+17c24|C:\Windows\SYSTEM32\ntdll.dll+6d721,,,,,,,,,,,,,,,,,,,,,,,,,,,,,,,,,,,,,,,,,,,,,,,,,,,,,,,,,,,,,,,,,,,,,,,,,,,,,,,,,,,,,0,0,0,0,0,0,2,True
2021-06-12 01:07:19,161,Microsoft-Windows-Sysmon,{5770385f-c22a-43e0-bf4c-06f5698ffbd9},4,0x8000000000000000,Microsoft-Windows-Sysmon/Operational,WORKSTATION5,2021-06-11T09:07:19.037Z,2021-06-11T09:07:19.037Z,10,"Process accessed:
RuleName: -
UtcTime: 2021-06-12 01:07:19.025
SourceProcessGUID: {e2c04bb9-a70e-60c3-0d61-390000000000}
SourceProcessId: 1320
SourceThreadId: 7300
SourceImage: C:\Windows\Explorer.EXE
TargetProcessGUID: {e2c04bb9-08c6-60c4-681f-400100000000}
TargetProcessId: 4748
TargetImage: C:\TMP\CreateNamedPipe.exe
GrantedAccess: 0x1000
CallTrace: C:\Windows\SYSTEM32\ntdll.dll+9d364|C:\Windows\System32\KERNELBASE.dll+305ee|C:\Windows\system32\twinui.pcshell.dll+c00f|C:\Windows\system32\twinui.pcshell.dll+7e9a1|C:\Windows\system32\twinui.pcshell.dll+a54b8|C:\Windows\system32\twinui.pcshell.dll+a5089|C:\Windows\system32\twinui.pcshell.dll+6a3e7|C:\Windows\system32\twinui.pcshell.dll+57ba2|C:\Windows\system32\twinui.pcshell.dll+590be|C:\Windows\system32\twinui.pcshell.dll+7eaa6|C:\Windows\system32\twinui.pcshell.dll+5bc22|C:\Windows\System32\USER32.dll+15c1d|C:\Windows\System32\USER32.dll+15612|C:\Windows\system32\twinui.pcshell.dll+3fd49|C:\Windows\system32\twinui.pcshell.dll+3f6f0|C:\Windows\system32\twinui.pcshell.dll+b759|C:\Windows\system32\twinui.pcshell.dll+2b70a|C:\Windows\system32\twinui.dll+63866|C:\Windows\system32\twinui.dll+635da|C:\Windows\system32\twinui.dll+634d3|C:\Windows\System32\USER32.dll+15c1d|C:\Windows\System32\USER32.dll+157ec|C:\Windows\System32\USER32.dll+25ab2|C:\Windows\SYSTEM32\ntdll.dll+a0c14",10,-,,0,,,,,,,,,,,,,,,,,,,{e2c04bb9-a70e-60c3-0d61-390000000000},1320,7300.0,C:\Windows\Explorer.EXE,{e2c04bb9-08c6-60c4-681f-400100000000},4748,C:\TMP\CreateNamedPipe.exe,0x1000,C:\Windows\SYSTEM32\ntdll.dll+9d364|C:\Windows\System32\KERNELBASE.dll+305ee|C:\Windows\system32\twinui.pcshell.dll+c00f|C:\Windows\system32\twinui.pcshell.dll+7e9a1|C:\Windows\system32\twinui.pcshell.dll+a54b8|C:\Windows\system32\twinui.pcshell.dll+a5089|C:\Windows\system32\twinui.pcshell.dll+6a3e7|C:\Windows\system32\twinui.pcshell.dll+57ba2|C:\Windows\system32\twinui.pcshell.dll+590be|C:\Windows\system32\twinui.pcshell.dll+7eaa6|C:\Windows\system32\twinui.pcshell.dll+5bc22|C:\Windows\System32\USER32.dll+15c1d|C:\Windows\System32\USER32.dll+15612|C:\Windows\system32\twinui.pcshell.dll+3fd49|C:\Windows\system32\twinui.pcshell.dll+3f6f0|C:\Windows\system32\twinui.pcshell.dll+b759|C:\Windows\system32\twinui.pcshell.dll+2b70a|C:\Windows\system32\twinui.dll+63866|C:\Windows\system32\twinui.dll+635da|C:\Windows\system32\twinui.dll+634d3|C:\Windows\System32\USER32.dll+15c1d|C:\Windows\System32\USER32.dll+157ec|C:\Windows\System32\USER32.dll+25ab2|C:\Windows\SYSTEM32\ntdll.dll+a0c14,,,,,,,,,,,,,,,,,,,,,,,,,,,,,,,,,,,,,,,,,,,,,,,,,,,,,,,,,,,,,,,,,,,,,,,,,,,,,,,,,,,,,0,0,0,0,0,0,2,True
