UtcTime,Unnamed: 0,SourceName,ProviderGuid,Level,Keywords,Channel,Hostname,TimeCreated,@timestamp,EventID,Message,Task,RuleName,ProcessGuid,ProcessId,Image,FileVersion,Description,Product,Company,OriginalFileName,CommandLine,CurrentDirectory,User,LogonGuid,LogonId,TerminalSessionId,IntegrityLevel,Hashes,ParentProcessGuid,ParentProcessId,ParentImage,ParentCommandLine,SourceProcessGUID,SourceProcessId,SourceThreadId,SourceImage,TargetProcessGUID,TargetProcessId,TargetImage,GrantedAccess,CallTrace,ImageLoaded,Signed,Signature,SignatureStatus,TargetFilename,IsExecutable,CreationUtcTime,EventType,TargetObject,Details,PipeName,Device,Protocol,Initiated,SourceIsIpv6,SourceIp,SourceHostname,SourcePort,SourcePortName,DestinationIsIpv6,DestinationIp,DestinationHostname,DestinationPort,DestinationPortName,ProcessID,Application,Direction,SourceAddress,DestAddress,DestPort,FilterRTID,LayerName,LayerRTID,RemoteUserID,RemoteMachineID,SubjectUserSid,SubjectUserName,SubjectDomainName,SubjectLogonId,Status,ProcessName,NewProcessId,NewProcessName,TokenElevationType,TargetUserSid,TargetUserName,TargetDomainName,TargetLogonId,ParentProcessName,MandatoryLabel,SourceHandleId,TargetHandleId,ObjectServer,HandleId,ObjectType,ObjectName,TransactionId,AccessList,AccessReason,AccessMask,PrivilegeList,RestrictedSidCount,ResourceAttributes,EnabledPrivilegeList,DisabledPrivilegeList,OldSd,NewSd,IpAddress,IpPort,ShareName,ShareLocalPath,RelativeTargetName,ServiceName,ServiceFileName,ServiceType,ServiceStartType,ServiceAccount,ClientProcessStartKey,ClientProcessId,ImagePath,StartType,AccountName,param1,param2,EventID_1,EventID_2,EventID_3,EventID_12,EventID_13,EventID_14,num_unique_IDs,is_attack
2021-06-12 01:07:15,0,Microsoft-Windows-Sysmon,{5770385f-c22a-43e0-bf4c-06f5698ffbd9},4,0x8000000000000000,Microsoft-Windows-Sysmon/Operational,WORKSTATION5,2021-06-11T09:07:15.635Z,2021-06-11T09:07:15.635Z,1,"Process Create:
RuleName: -
UtcTime: 2021-06-12 01:07:15.633
ProcessGuid: {e2c04bb9-08c3-60c4-1c17-400100000000}
ProcessId: 2164
Image: C:\Windows\System32\PING.EXE
FileVersion: 10.0.18362.1 (WinBuild.160101.0800)
Description: TCP/IP Ping Command
Product: Microsoft® Windows® Operating System
Company: Microsoft Corporation
OriginalFileName: ping.exe
CommandLine: ping  -n 3 127.0.0.1 
CurrentDirectory: C:\Users\APT-Simulator\Documents\APTSimulator-master\
User: WORKSTATION5\APT-Simulator
LogonGuid: {e2c04bb9-a708-60c3-fb19-370000000000}
LogonId: 0x3719FB
TerminalSessionId: 2
IntegrityLevel: High
Hashes: SHA1=565505D129A019780E351E615A29722AEF479380,MD5=F3F3D2B0196B9A00E91838888E76B5F6,SHA256=E9EF80A7849F1CF02CB5FB8396FF9E270CB9006F30294A52C6490A72B373BE00,IMPHASH=8C3BE1286CDAD6AC1136D0BB6C83FF41
ParentProcessGuid: {e2c04bb9-d0f0-60c3-48da-ec0000000000}
ParentProcessId: 5632
ParentImage: C:\Windows\System32\cmd.exe
ParentCommandLine: ""C:\Windows\system32\cmd.exe"" ",1,-,{e2c04bb9-08c3-60c4-1c17-400100000000},2164,C:\Windows\System32\PING.EXE,10.0.18362.1 (WinBuild.160101.0800),TCP/IP Ping Command,Microsoft® Windows® Operating System,Microsoft Corporation,ping.exe,ping  -n 3 127.0.0.1 ,C:\Users\APT-Simulator\Documents\APTSimulator-master\,WORKSTATION5\APT-Simulator,{e2c04bb9-a708-60c3-fb19-370000000000},0x3719fb,2.0,High,"SHA1=565505D129A019780E351E615A29722AEF479380,MD5=F3F3D2B0196B9A00E91838888E76B5F6,SHA256=E9EF80A7849F1CF02CB5FB8396FF9E270CB9006F30294A52C6490A72B373BE00,IMPHASH=8C3BE1286CDAD6AC1136D0BB6C83FF41",{e2c04bb9-d0f0-60c3-48da-ec0000000000},5632.0,C:\Windows\System32\cmd.exe,"""C:\Windows\system32\cmd.exe"" ",,,,,,,,,,,,,,,,,,,,,,,,,,,,,,,,,,,,,,,,,,,,,,,,,,,,,,,,,,,,,,,,,,,,,,,,,,,,,,,,,,,,,,,,,,,,,,0,0,0,0,0,0,1,True
2021-06-12 01:07:15,17,Microsoft-Windows-Sysmon,{5770385f-c22a-43e0-bf4c-06f5698ffbd9},4,0x8000000000000000,Microsoft-Windows-Sysmon/Operational,WORKSTATION5,2021-06-11T09:07:15.647Z,2021-06-11T09:07:15.647Z,7,"Image loaded:
RuleName: -
UtcTime: 2021-06-12 01:07:15.634
ProcessGuid: {e2c04bb9-08c3-60c4-7809-000000000300}
ProcessId: 2164
Image: C:\Windows\System32\PING.EXE
ImageLoaded: C:\Windows\System32\wship6.dll
FileVersion: 10.0.18362.1 (WinBuild.160101.0800)
Description: Winsock2 Helper DLL (TL/IPv6)
Product: Microsoft® Windows® Operating System
Company: Microsoft Corporation
OriginalFileName: wship6.dll
Hashes: SHA1=AD9AFA80F34E2A2B885DCBBD801101079EC688CB,MD5=CAF5590389B55FEEECA71C40CEABAB07,SHA256=7ED927D22EF10038323CEC61C41760613587FA0250BF3F8D50C6D409BC5839B9,IMPHASH=7950D3E450C85468259854DF6349EEE2
Signed: true
Signature: Microsoft Windows
SignatureStatus: Valid",7,-,{e2c04bb9-08c3-60c4-7809-000000000300},2164,C:\Windows\System32\PING.EXE,10.0.18362.1 (WinBuild.160101.0800),Winsock2 Helper DLL (TL/IPv6),Microsoft® Windows® Operating System,Microsoft Corporation,wship6.dll,,,,,,,,"SHA1=AD9AFA80F34E2A2B885DCBBD801101079EC688CB,MD5=CAF5590389B55FEEECA71C40CEABAB07,SHA256=7ED927D22EF10038323CEC61C41760613587FA0250BF3F8D50C6D409BC5839B9,IMPHASH=7950D3E450C85468259854DF6349EEE2",,,,,,,,,,,,,,C:\Windows\System32\wship6.dll,True,Microsoft Windows,Valid,,,,,,,,,,,,,,,,,,,,,,,,,,,,,,,,,,,,,,,,,,,,,,,,,,,,,,,,,,,,,,,,,,,,,,,,,,,,,,,,,0,0,0,0,0,0,1,True
2021-06-12 01:07:15,16,Microsoft-Windows-Sysmon,{5770385f-c22a-43e0-bf4c-06f5698ffbd9},4,0x8000000000000000,Microsoft-Windows-Sysmon/Operational,WORKSTATION5,2021-06-11T09:07:15.647Z,2021-06-11T09:07:15.647Z,7,"Image loaded:
RuleName: -
UtcTime: 2021-06-12 01:07:15.634
ProcessGuid: {e2c04bb9-08c3-60c4-7809-000000000300}
ProcessId: 2164
Image: C:\Windows\System32\PING.EXE
ImageLoaded: C:\Windows\System32\WSHTCPIP.DLL
FileVersion: 10.0.18362.1 (WinBuild.160101.0800)
Description: Winsock2 Helper DLL (TL/IPv4)
Product: Microsoft® Windows® Operating System
Company: Microsoft Corporation
OriginalFileName: wshtcpip.dll
Hashes: SHA1=AC34C11990BA431268F36F6E6F52966241DE660B,MD5=4F44149C861C7CBB6F58EDF285E315A4,SHA256=A4F2A116986094805C270332B852F685E7811259CD2FE38CA009F0548B657B63,IMPHASH=81AF26DA75B32F0CDF22D424213BB9A6
Signed: true
Signature: Microsoft Windows
SignatureStatus: Valid",7,-,{e2c04bb9-08c3-60c4-7809-000000000300},2164,C:\Windows\System32\PING.EXE,10.0.18362.1 (WinBuild.160101.0800),Winsock2 Helper DLL (TL/IPv4),Microsoft® Windows® Operating System,Microsoft Corporation,wshtcpip.dll,,,,,,,,"SHA1=AC34C11990BA431268F36F6E6F52966241DE660B,MD5=4F44149C861C7CBB6F58EDF285E315A4,SHA256=A4F2A116986094805C270332B852F685E7811259CD2FE38CA009F0548B657B63,IMPHASH=81AF26DA75B32F0CDF22D424213BB9A6",,,,,,,,,,,,,,C:\Windows\System32\WSHTCPIP.DLL,True,Microsoft Windows,Valid,,,,,,,,,,,,,,,,,,,,,,,,,,,,,,,,,,,,,,,,,,,,,,,,,,,,,,,,,,,,,,,,,,,,,,,,,,,,,,,,,0,0,0,0,0,0,1,True
2021-06-12 01:07:15,15,Microsoft-Windows-Sysmon,{5770385f-c22a-43e0-bf4c-06f5698ffbd9},4,0x8000000000000000,Microsoft-Windows-Sysmon/Operational,WORKSTATION5,2021-06-11T09:07:15.646Z,2021-06-11T09:07:15.646Z,7,"Image loaded:
RuleName: -
UtcTime: 2021-06-12 01:07:15.634
ProcessGuid: {e2c04bb9-08c3-60c4-7809-000000000300}
ProcessId: 2164
Image: C:\Windows\System32\PING.EXE
ImageLoaded: C:\Windows\System32\wshqos.dll
FileVersion: 10.0.18362.1 (WinBuild.160101.0800)
Description: QoS Winsock2 Helper DLL
Product: Microsoft® Windows® Operating System
Company: Microsoft Corporation
OriginalFileName: wshqos.dll
Hashes: SHA1=2DC6D2E2127BB088D2AFF9A0CA80E694BBB469F0,MD5=43B1FFA120D776818900D4A0B5796CE8,SHA256=71D8558B1295C8EC089124A4D6F979728412699C5D9A65E7AC7E32CC090E321D,IMPHASH=6DF15A7E1FF1E236A8E6D3596422FF5E
Signed: true
Signature: Microsoft Windows
SignatureStatus: Valid",7,-,{e2c04bb9-08c3-60c4-7809-000000000300},2164,C:\Windows\System32\PING.EXE,10.0.18362.1 (WinBuild.160101.0800),QoS Winsock2 Helper DLL,Microsoft® Windows® Operating System,Microsoft Corporation,wshqos.dll,,,,,,,,"SHA1=2DC6D2E2127BB088D2AFF9A0CA80E694BBB469F0,MD5=43B1FFA120D776818900D4A0B5796CE8,SHA256=71D8558B1295C8EC089124A4D6F979728412699C5D9A65E7AC7E32CC090E321D,IMPHASH=6DF15A7E1FF1E236A8E6D3596422FF5E",,,,,,,,,,,,,,C:\Windows\System32\wshqos.dll,True,Microsoft Windows,Valid,,,,,,,,,,,,,,,,,,,,,,,,,,,,,,,,,,,,,,,,,,,,,,,,,,,,,,,,,,,,,,,,,,,,,,,,,,,,,,,,,0,0,0,0,0,0,1,True
2021-06-12 01:07:15,13,Microsoft-Windows-Sysmon,{5770385f-c22a-43e0-bf4c-06f5698ffbd9},4,0x8000000000000000,Microsoft-Windows-Sysmon/Operational,WORKSTATION5,2021-06-11T09:07:15.643Z,2021-06-11T09:07:15.643Z,7,"Image loaded:
RuleName: -
UtcTime: 2021-06-12 01:07:15.634
ProcessGuid: {e2c04bb9-08c3-60c4-7809-000000000300}
ProcessId: 2164
Image: C:\Windows\System32\PING.EXE
ImageLoaded: C:\Windows\System32\nsi.dll
FileVersion: 10.0.18362.1171 (WinBuild.160101.0800)
Description: NSI User-mode interface DLL
Product: Microsoft® Windows® Operating System
Company: Microsoft Corporation
OriginalFileName: nsi.dll
Hashes: SHA1=6142069DA145BA30308585C889617548EB0AC04C,MD5=18F6E659E5603EA57E9D587D5FCD7738,SHA256=67BCCBA0642A60FF0F2D55088FE4DEAAE0AAEE86B96E62484C1F991014262A69,IMPHASH=DEFB8C5BB37FCD63DC790B55724FDE42
Signed: true
Signature: Microsoft Windows
SignatureStatus: Valid",7,-,{e2c04bb9-08c3-60c4-7809-000000000300},2164,C:\Windows\System32\PING.EXE,10.0.18362.1171 (WinBuild.160101.0800),NSI User-mode interface DLL,Microsoft® Windows® Operating System,Microsoft Corporation,nsi.dll,,,,,,,,"SHA1=6142069DA145BA30308585C889617548EB0AC04C,MD5=18F6E659E5603EA57E9D587D5FCD7738,SHA256=67BCCBA0642A60FF0F2D55088FE4DEAAE0AAEE86B96E62484C1F991014262A69,IMPHASH=DEFB8C5BB37FCD63DC790B55724FDE42",,,,,,,,,,,,,,C:\Windows\System32\nsi.dll,True,Microsoft Windows,Valid,,,,,,,,,,,,,,,,,,,,,,,,,,,,,,,,,,,,,,,,,,,,,,,,,,,,,,,,,,,,,,,,,,,,,,,,,,,,,,,,,1,0,0,0,0,0,1,True
2021-06-12 01:07:15,12,Microsoft-Windows-Sysmon,{5770385f-c22a-43e0-bf4c-06f5698ffbd9},4,0x8000000000000000,Microsoft-Windows-Sysmon/Operational,WORKSTATION5,2021-06-11T09:07:15.643Z,2021-06-11T09:07:15.643Z,7,"Image loaded:
RuleName: -
UtcTime: 2021-06-12 01:07:15.634
ProcessGuid: {e2c04bb9-08c3-60c4-7809-000000000300}
ProcessId: 2164
Image: C:\Windows\System32\PING.EXE
ImageLoaded: C:\Windows\System32\winnsi.dll
FileVersion: 10.0.18362.449 (WinBuild.160101.0800)
Description: Network Store Information RPC interface
Product: Microsoft® Windows® Operating System
Company: Microsoft Corporation
OriginalFileName: winnsi.dll
Hashes: SHA1=1AB85DA55EB2EDA35E6DEBB2D3FBEA21DD2ADA7E,MD5=E85DECB45E7F108270DE6AA993DD5800,SHA256=900FEBC57C68ECB20B1E7B34757B95ACF8CE6541D1DC8D8E2910AE15C52D5581,IMPHASH=AD7C692FA9FCC8C643FD494188DECA65
Signed: true
Signature: Microsoft Windows
SignatureStatus: Valid",7,-,{e2c04bb9-08c3-60c4-7809-000000000300},2164,C:\Windows\System32\PING.EXE,10.0.18362.449 (WinBuild.160101.0800),Network Store Information RPC interface,Microsoft® Windows® Operating System,Microsoft Corporation,winnsi.dll,,,,,,,,"SHA1=1AB85DA55EB2EDA35E6DEBB2D3FBEA21DD2ADA7E,MD5=E85DECB45E7F108270DE6AA993DD5800,SHA256=900FEBC57C68ECB20B1E7B34757B95ACF8CE6541D1DC8D8E2910AE15C52D5581,IMPHASH=AD7C692FA9FCC8C643FD494188DECA65",,,,,,,,,,,,,,C:\Windows\System32\winnsi.dll,True,Microsoft Windows,Valid,,,,,,,,,,,,,,,,,,,,,,,,,,,,,,,,,,,,,,,,,,,,,,,,,,,,,,,,,,,,,,,,,,,,,,,,,,,,,,,,,0,0,0,0,0,0,1,True
2021-06-12 01:07:15,11,Microsoft-Windows-Sysmon,{5770385f-c22a-43e0-bf4c-06f5698ffbd9},4,0x8000000000000000,Microsoft-Windows-Sysmon/Operational,WORKSTATION5,2021-06-11T09:07:15.640Z,2021-06-11T09:07:15.640Z,7,"Image loaded:
RuleName: -
UtcTime: 2021-06-12 01:07:15.634
ProcessGuid: {e2c04bb9-08c3-60c4-7809-000000000300}
ProcessId: 2164
Image: C:\Windows\System32\PING.EXE
ImageLoaded: C:\Windows\System32\IPHLPAPI.DLL
FileVersion: 10.0.18362.1 (WinBuild.160101.0800)
Description: IP Helper API
Product: Microsoft® Windows® Operating System
Company: Microsoft Corporation
OriginalFileName: iphlpapi.dll
Hashes: SHA1=9414EC114C3389E0A7BC2FD986E00946E1A2A299,MD5=3929147A2A34B0902152C7D0F241B02A,SHA256=AD1C5309AA873F6A284EABE382812868E20C3D3D64197F3E6EF9D015EA060CAA,IMPHASH=6EC28633CC4ECB9F457795DD7E00B34B
Signed: true
Signature: Microsoft Windows
SignatureStatus: Valid",7,-,{e2c04bb9-08c3-60c4-7809-000000000300},2164,C:\Windows\System32\PING.EXE,10.0.18362.1 (WinBuild.160101.0800),IP Helper API,Microsoft® Windows® Operating System,Microsoft Corporation,iphlpapi.dll,,,,,,,,"SHA1=9414EC114C3389E0A7BC2FD986E00946E1A2A299,MD5=3929147A2A34B0902152C7D0F241B02A,SHA256=AD1C5309AA873F6A284EABE382812868E20C3D3D64197F3E6EF9D015EA060CAA,IMPHASH=6EC28633CC4ECB9F457795DD7E00B34B",,,,,,,,,,,,,,C:\Windows\System32\IPHLPAPI.DLL,True,Microsoft Windows,Valid,,,,,,,,,,,,,,,,,,,,,,,,,,,,,,,,,,,,,,,,,,,,,,,,,,,,,,,,,,,,,,,,,,,,,,,,,,,,,,,,,0,0,0,0,0,0,1,True
2021-06-12 01:07:15,10,Microsoft-Windows-Sysmon,{5770385f-c22a-43e0-bf4c-06f5698ffbd9},4,0x8000000000000000,Microsoft-Windows-Sysmon/Operational,WORKSTATION5,2021-06-11T09:07:15.640Z,2021-06-11T09:07:15.640Z,7,"Image loaded:
RuleName: -
UtcTime: 2021-06-12 01:07:15.634
ProcessGuid: {e2c04bb9-08c3-60c4-7809-000000000300}
ProcessId: 2164
Image: C:\Windows\System32\PING.EXE
ImageLoaded: C:\Windows\System32\rpcrt4.dll
FileVersion: 10.0.18362.1500 (WinBuild.160101.0800)
Description: Remote Procedure Call Runtime
Product: Microsoft® Windows® Operating System
Company: Microsoft Corporation
OriginalFileName: rpcrt4.dll
Hashes: SHA1=6A154351837808744BC8E40F730E9986F3CA9633,MD5=15C59ACA8F5DB60A430F3FABCE8B181C,SHA256=891D6ABD1CDFB5CC0CCD3E208B9A83D1FC7B6EBA84A4160DBC3A53F38C787639,IMPHASH=88E7E7C7FA90052EC162DD37F2B7C7BD
Signed: true
Signature: Microsoft Windows
SignatureStatus: Valid",7,-,{e2c04bb9-08c3-60c4-7809-000000000300},2164,C:\Windows\System32\PING.EXE,10.0.18362.1500 (WinBuild.160101.0800),Remote Procedure Call Runtime,Microsoft® Windows® Operating System,Microsoft Corporation,rpcrt4.dll,,,,,,,,"SHA1=6A154351837808744BC8E40F730E9986F3CA9633,MD5=15C59ACA8F5DB60A430F3FABCE8B181C,SHA256=891D6ABD1CDFB5CC0CCD3E208B9A83D1FC7B6EBA84A4160DBC3A53F38C787639,IMPHASH=88E7E7C7FA90052EC162DD37F2B7C7BD",,,,,,,,,,,,,,C:\Windows\System32\rpcrt4.dll,True,Microsoft Windows,Valid,,,,,,,,,,,,,,,,,,,,,,,,,,,,,,,,,,,,,,,,,,,,,,,,,,,,,,,,,,,,,,,,,,,,,,,,,,,,,,,,,0,0,0,0,0,0,1,True
2021-06-12 01:07:15,9,Microsoft-Windows-Sysmon,{5770385f-c22a-43e0-bf4c-06f5698ffbd9},4,0x8000000000000000,Microsoft-Windows-Sysmon/Operational,WORKSTATION5,2021-06-11T09:07:15.640Z,2021-06-11T09:07:15.640Z,7,"Image loaded:
RuleName: -
UtcTime: 2021-06-12 01:07:15.634
ProcessGuid: {e2c04bb9-08c3-60c4-7809-000000000300}
ProcessId: 2164
Image: C:\Windows\System32\PING.EXE
ImageLoaded: C:\Windows\System32\ws2_32.dll
FileVersion: 10.0.18362.387 (WinBuild.160101.0800)
Description: Windows Socket 2.0 32-Bit DLL
Product: Microsoft® Windows® Operating System
Company: Microsoft Corporation
OriginalFileName: ws2_32.dll
Hashes: SHA1=0E931ED820C96CCAD23D4AFCB0ACD97C99155D11,MD5=C0F8DA7568D2F1534E0ABB0E69DC3280,SHA256=E419A4BBDF1D5E0601E90BAFC1558DBD7414CD44E098B581C1915EF2C6E38D0B,IMPHASH=70D7A835AF4CA9F98A94AAF1B60BF88F
Signed: true
Signature: Microsoft Windows
SignatureStatus: Valid",7,-,{e2c04bb9-08c3-60c4-7809-000000000300},2164,C:\Windows\System32\PING.EXE,10.0.18362.387 (WinBuild.160101.0800),Windows Socket 2.0 32-Bit DLL,Microsoft® Windows® Operating System,Microsoft Corporation,ws2_32.dll,,,,,,,,"SHA1=0E931ED820C96CCAD23D4AFCB0ACD97C99155D11,MD5=C0F8DA7568D2F1534E0ABB0E69DC3280,SHA256=E419A4BBDF1D5E0601E90BAFC1558DBD7414CD44E098B581C1915EF2C6E38D0B,IMPHASH=70D7A835AF4CA9F98A94AAF1B60BF88F",,,,,,,,,,,,,,C:\Windows\System32\ws2_32.dll,True,Microsoft Windows,Valid,,,,,,,,,,,,,,,,,,,,,,,,,,,,,,,,,,,,,,,,,,,,,,,,,,,,,,,,,,,,,,,,,,,,,,,,,,,,,,,,,0,0,0,0,0,0,1,True
2021-06-12 01:07:15,14,Microsoft-Windows-Sysmon,{5770385f-c22a-43e0-bf4c-06f5698ffbd9},4,0x8000000000000000,Microsoft-Windows-Sysmon/Operational,WORKSTATION5,2021-06-11T09:07:15.645Z,2021-06-11T09:07:15.645Z,7,"Image loaded:
RuleName: -
UtcTime: 2021-06-12 01:07:15.634
ProcessGuid: {e2c04bb9-08c3-60c4-7809-000000000300}
ProcessId: 2164
Image: C:\Windows\System32\PING.EXE
ImageLoaded: C:\Windows\System32\mswsock.dll
FileVersion: 10.0.18362.815 (WinBuild.160101.0800)
Description: Microsoft Windows Sockets 2.0 Service Provider
Product: Microsoft® Windows® Operating System
Company: Microsoft Corporation
OriginalFileName: mswsock.dll
Hashes: SHA1=2E03CA141D735D13491049B4D6C2DC2B928B4C01,MD5=8578F1F72C6550CF62965D520FA7C6E9,SHA256=20008AAB6285FB2B24DE1E72D11654316FF601918FD05B7DF2F9894C64A16956,IMPHASH=E5E26C86BC73F56D7EDD17D98802AA21
Signed: true
Signature: Microsoft Windows
SignatureStatus: Valid",7,-,{e2c04bb9-08c3-60c4-7809-000000000300},2164,C:\Windows\System32\PING.EXE,10.0.18362.815 (WinBuild.160101.0800),Microsoft Windows Sockets 2.0 Service Provider,Microsoft® Windows® Operating System,Microsoft Corporation,mswsock.dll,,,,,,,,"SHA1=2E03CA141D735D13491049B4D6C2DC2B928B4C01,MD5=8578F1F72C6550CF62965D520FA7C6E9,SHA256=20008AAB6285FB2B24DE1E72D11654316FF601918FD05B7DF2F9894C64A16956,IMPHASH=E5E26C86BC73F56D7EDD17D98802AA21",,,,,,,,,,,,,,C:\Windows\System32\mswsock.dll,True,Microsoft Windows,Valid,,,,,,,,,,,,,,,,,,,,,,,,,,,,,,,,,,,,,,,,,,,,,,,,,,,,,,,,,,,,,,,,,,,,,,,,,,,,,,,,,0,0,0,0,0,0,1,True
2021-06-12 01:07:15,7,Microsoft-Windows-Sysmon,{5770385f-c22a-43e0-bf4c-06f5698ffbd9},4,0x8000000000000000,Microsoft-Windows-Sysmon/Operational,WORKSTATION5,2021-06-11T09:07:15.638Z,2021-06-11T09:07:15.638Z,10,"Process accessed:
RuleName: -
UtcTime: 2021-06-12 01:07:15.634
SourceProcessGUID: {e2c04bb9-d0f0-60c3-0ae0-ec0000000000}
SourceProcessId: 5740
SourceThreadId: 5656
SourceImage: C:\Windows\system32\conhost.exe
TargetProcessGUID: {e2c04bb9-08c3-60c4-7809-000000000300}
TargetProcessId: 2164
TargetImage: C:\Windows\system32\PING.EXE
GrantedAccess: 0x1FFFFF
CallTrace: C:\Windows\SYSTEM32\ntdll.dll+9d364|C:\Windows\System32\KERNELBASE.dll+305ee|C:\Windows\system32\conhost.exe+1297d|C:\Windows\system32\conhost.exe+12875|C:\Windows\system32\conhost.exe+8ccc|C:\Windows\system32\conhost.exe+f656|C:\Windows\System32\KERNEL32.DLL+17c24|C:\Windows\SYSTEM32\ntdll.dll+6d721",10,-,,0,,,,,,,,,,,,,,,,,,,{e2c04bb9-d0f0-60c3-0ae0-ec0000000000},5740,5656.0,C:\Windows\system32\conhost.exe,{e2c04bb9-08c3-60c4-7809-000000000300},2164,C:\Windows\system32\PING.EXE,0x1fffff,C:\Windows\SYSTEM32\ntdll.dll+9d364|C:\Windows\System32\KERNELBASE.dll+305ee|C:\Windows\system32\conhost.exe+1297d|C:\Windows\system32\conhost.exe+12875|C:\Windows\system32\conhost.exe+8ccc|C:\Windows\system32\conhost.exe+f656|C:\Windows\System32\KERNEL32.DLL+17c24|C:\Windows\SYSTEM32\ntdll.dll+6d721,,,,,,,,,,,,,,,,,,,,,,,,,,,,,,,,,,,,,,,,,,,,,,,,,,,,,,,,,,,,,,,,,,,,,,,,,,,,,,,,,,,,,0,0,0,0,0,0,2,True
2021-06-12 01:07:15,6,Microsoft-Windows-Sysmon,{5770385f-c22a-43e0-bf4c-06f5698ffbd9},4,0x8000000000000000,Microsoft-Windows-Sysmon/Operational,WORKSTATION5,2021-06-11T09:07:15.637Z,2021-06-11T09:07:15.637Z,7,"Image loaded:
RuleName: -
UtcTime: 2021-06-12 01:07:15.634
ProcessGuid: {e2c04bb9-08c3-60c4-7809-000000000300}
ProcessId: 2164
Image: C:\Windows\System32\PING.EXE
ImageLoaded: C:\Windows\System32\KernelBase.dll
FileVersion: 10.0.18362.1474 (WinBuild.160101.0800)
Description: Windows NT BASE API Client DLL
Product: Microsoft® Windows® Operating System
Company: Microsoft Corporation
OriginalFileName: Kernelbase.dll
Hashes: SHA1=568E892FA3286C72BC89867B182CE76800018964,MD5=E562EC4C5C939BF4CA506E288A54CC02,SHA256=60827CB832FDC137A3F9146AE666CDE3EA4B2D94CAE289D4A33B6D1D363656D3,IMPHASH=16003AF856720C35351BB8C14AD0B0A8
Signed: true
Signature: Microsoft Windows
SignatureStatus: Valid",7,-,{e2c04bb9-08c3-60c4-7809-000000000300},2164,C:\Windows\System32\PING.EXE,10.0.18362.1474 (WinBuild.160101.0800),Windows NT BASE API Client DLL,Microsoft® Windows® Operating System,Microsoft Corporation,Kernelbase.dll,,,,,,,,"SHA1=568E892FA3286C72BC89867B182CE76800018964,MD5=E562EC4C5C939BF4CA506E288A54CC02,SHA256=60827CB832FDC137A3F9146AE666CDE3EA4B2D94CAE289D4A33B6D1D363656D3,IMPHASH=16003AF856720C35351BB8C14AD0B0A8",,,,,,,,,,,,,,C:\Windows\System32\KernelBase.dll,True,Microsoft Windows,Valid,,,,,,,,,,,,,,,,,,,,,,,,,,,,,,,,,,,,,,,,,,,,,,,,,,,,,,,,,,,,,,,,,,,,,,,,,,,,,,,,,0,0,0,0,0,0,2,True
2021-06-12 01:07:15,5,Microsoft-Windows-Sysmon,{5770385f-c22a-43e0-bf4c-06f5698ffbd9},4,0x8000000000000000,Microsoft-Windows-Sysmon/Operational,WORKSTATION5,2021-06-11T09:07:15.637Z,2021-06-11T09:07:15.637Z,7,"Image loaded:
RuleName: -
UtcTime: 2021-06-12 01:07:15.634
ProcessGuid: {e2c04bb9-08c3-60c4-7809-000000000300}
ProcessId: 2164
Image: C:\Windows\System32\PING.EXE
ImageLoaded: C:\Windows\System32\kernel32.dll
FileVersion: 10.0.18362.1500 (WinBuild.160101.0800)
Description: Windows NT BASE API Client DLL
Product: Microsoft® Windows® Operating System
Company: Microsoft Corporation
OriginalFileName: kernel32
Hashes: SHA1=70D4E25E30AFE0716141B8AC1B757A95740002D2,MD5=B14CD8F455D772BD153AF48ED33FF48E,SHA256=562F1B7198A9EB3920A218D0A020E998CD52FF8A02A34A76564092F86AC70A44,IMPHASH=D3645703895C4EBB8EA5B9B26816A081
Signed: true
Signature: Microsoft Windows
SignatureStatus: Valid",7,-,{e2c04bb9-08c3-60c4-7809-000000000300},2164,C:\Windows\System32\PING.EXE,10.0.18362.1500 (WinBuild.160101.0800),Windows NT BASE API Client DLL,Microsoft® Windows® Operating System,Microsoft Corporation,kernel32,,,,,,,,"SHA1=70D4E25E30AFE0716141B8AC1B757A95740002D2,MD5=B14CD8F455D772BD153AF48ED33FF48E,SHA256=562F1B7198A9EB3920A218D0A020E998CD52FF8A02A34A76564092F86AC70A44,IMPHASH=D3645703895C4EBB8EA5B9B26816A081",,,,,,,,,,,,,,C:\Windows\System32\kernel32.dll,True,Microsoft Windows,Valid,,,,,,,,,,,,,,,,,,,,,,,,,,,,,,,,,,,,,,,,,,,,,,,,,,,,,,,,,,,,,,,,,,,,,,,,,,,,,,,,,0,0,0,0,0,0,2,True
2021-06-12 01:07:15,4,Microsoft-Windows-Sysmon,{5770385f-c22a-43e0-bf4c-06f5698ffbd9},4,0x8000000000000000,Microsoft-Windows-Sysmon/Operational,WORKSTATION5,2021-06-11T09:07:15.636Z,2021-06-11T09:07:15.636Z,7,"Image loaded:
RuleName: -
UtcTime: 2021-06-12 01:07:15.634
ProcessGuid: {e2c04bb9-08c3-60c4-7809-000000000300}
ProcessId: 2164
Image: C:\Windows\System32\PING.EXE
ImageLoaded: C:\Windows\System32\ntdll.dll
FileVersion: 10.0.18362.1533 (WinBuild.160101.0800)
Description: NT Layer DLL
Product: Microsoft® Windows® Operating System
Company: Microsoft Corporation
OriginalFileName: ntdll.dll
Hashes: SHA1=8D671C93CC5C877983AB6D58A59E3E64891128EB,MD5=B823DFC17253F0DA93DE2DB5FEAD520A,SHA256=B0EA79AEEA90EFAE83E7F5F8812F307D52C4BA3F559E409CB6364E90BC69269D,IMPHASH=00000000000000000000000000000000
Signed: true
Signature: Microsoft Windows
SignatureStatus: Valid",7,-,{e2c04bb9-08c3-60c4-7809-000000000300},2164,C:\Windows\System32\PING.EXE,10.0.18362.1533 (WinBuild.160101.0800),NT Layer DLL,Microsoft® Windows® Operating System,Microsoft Corporation,ntdll.dll,,,,,,,,"SHA1=8D671C93CC5C877983AB6D58A59E3E64891128EB,MD5=B823DFC17253F0DA93DE2DB5FEAD520A,SHA256=B0EA79AEEA90EFAE83E7F5F8812F307D52C4BA3F559E409CB6364E90BC69269D,IMPHASH=00000000000000000000000000000000",,,,,,,,,,,,,,C:\Windows\System32\ntdll.dll,True,Microsoft Windows,Valid,,,,,,,,,,,,,,,,,,,,,,,,,,,,,,,,,,,,,,,,,,,,,,,,,,,,,,,,,,,,,,,,,,,,,,,,,,,,,,,,,0,0,0,0,0,0,2,True
2021-06-12 01:07:15,3,Microsoft-Windows-Sysmon,{5770385f-c22a-43e0-bf4c-06f5698ffbd9},4,0x8000000000000000,Microsoft-Windows-Sysmon/Operational,WORKSTATION5,2021-06-11T09:07:15.636Z,2021-06-11T09:07:15.636Z,7,"Image loaded:
RuleName: -
UtcTime: 2021-06-12 01:07:15.634
ProcessGuid: {e2c04bb9-08c3-60c4-7809-000000000300}
ProcessId: 2164
Image: C:\Windows\System32\PING.EXE
ImageLoaded: C:\Windows\System32\PING.EXE
FileVersion: 10.0.18362.1 (WinBuild.160101.0800)
Description: TCP/IP Ping Command
Product: Microsoft® Windows® Operating System
Company: Microsoft Corporation
OriginalFileName: ping.exe
Hashes: SHA1=565505D129A019780E351E615A29722AEF479380,MD5=F3F3D2B0196B9A00E91838888E76B5F6,SHA256=E9EF80A7849F1CF02CB5FB8396FF9E270CB9006F30294A52C6490A72B373BE00,IMPHASH=8C3BE1286CDAD6AC1136D0BB6C83FF41
Signed: true
Signature: Microsoft Windows
SignatureStatus: Valid",7,-,{e2c04bb9-08c3-60c4-7809-000000000300},2164,C:\Windows\System32\PING.EXE,10.0.18362.1 (WinBuild.160101.0800),TCP/IP Ping Command,Microsoft® Windows® Operating System,Microsoft Corporation,ping.exe,,,,,,,,"SHA1=565505D129A019780E351E615A29722AEF479380,MD5=F3F3D2B0196B9A00E91838888E76B5F6,SHA256=E9EF80A7849F1CF02CB5FB8396FF9E270CB9006F30294A52C6490A72B373BE00,IMPHASH=8C3BE1286CDAD6AC1136D0BB6C83FF41",,,,,,,,,,,,,,C:\Windows\System32\PING.EXE,True,Microsoft Windows,Valid,,,,,,,,,,,,,,,,,,,,,,,,,,,,,,,,,,,,,,,,,,,,,,,,,,,,,,,,,,,,,,,,,,,,,,,,,,,,,,,,,0,0,0,0,0,0,2,True
2021-06-12 01:07:15,2,Microsoft-Windows-Sysmon,{5770385f-c22a-43e0-bf4c-06f5698ffbd9},4,0x8000000000000000,Microsoft-Windows-Sysmon/Operational,WORKSTATION5,2021-06-11T09:07:15.636Z,2021-06-11T09:07:15.636Z,10,"Process accessed:
RuleName: -
UtcTime: 2021-06-12 01:07:15.634
SourceProcessGUID: {e2c04bb9-a703-60c3-b501-000000000300}
SourceProcessId: 1876
SourceThreadId: 5780
SourceImage: C:\Windows\system32\csrss.exe
TargetProcessGUID: {e2c04bb9-08c3-60c4-7809-000000000300}
TargetProcessId: 2164
TargetImage: C:\Windows\system32\PING.EXE
GrantedAccess: 0x1FFFFF
CallTrace: C:\Windows\SYSTEM32\ntdll.dll+9d364|C:\Windows\system32\basesrv.DLL+2fba|C:\Windows\SYSTEM32\CSRSRV.dll+5af4|C:\Windows\SYSTEM32\ntdll.dll+6d72f",10,-,,0,,,,,,,,,,,,,,,,,,,{e2c04bb9-a703-60c3-b501-000000000300},1876,5780.0,C:\Windows\system32\csrss.exe,{e2c04bb9-08c3-60c4-7809-000000000300},2164,C:\Windows\system32\PING.EXE,0x1fffff,C:\Windows\SYSTEM32\ntdll.dll+9d364|C:\Windows\system32\basesrv.DLL+2fba|C:\Windows\SYSTEM32\CSRSRV.dll+5af4|C:\Windows\SYSTEM32\ntdll.dll+6d72f,,,,,,,,,,,,,,,,,,,,,,,,,,,,,,,,,,,,,,,,,,,,,,,,,,,,,,,,,,,,,,,,,,,,,,,,,,,,,,,,,,,,,0,0,0,0,0,0,2,True
2021-06-12 01:07:15,1,Microsoft-Windows-Sysmon,{5770385f-c22a-43e0-bf4c-06f5698ffbd9},4,0x8000000000000000,Microsoft-Windows-Sysmon/Operational,WORKSTATION5,2021-06-11T09:07:15.636Z,2021-06-11T09:07:15.636Z,10,"Process accessed:
RuleName: -
UtcTime: 2021-06-12 01:07:15.624
SourceProcessGUID: {e2c04bb9-d0f0-60c3-48da-ec0000000000}
SourceProcessId: 5632
SourceThreadId: 5336
SourceImage: C:\Windows\system32\cmd.exe
TargetProcessGUID: {e2c04bb9-08c3-60c4-7809-000000000300}
TargetProcessId: 2164
TargetImage: C:\Windows\system32\PING.EXE
GrantedAccess: 0x1FFFFF
CallTrace: C:\Windows\SYSTEM32\ntdll.dll+9e714|C:\Windows\System32\KERNELBASE.dll+59e0a|C:\Windows\System32\KERNELBASE.dll+567a6|C:\Windows\System32\KERNEL32.DLL+1bee3|C:\Windows\system32\cmd.exe+1350b|C:\Windows\system32\cmd.exe+14a07|C:\Windows\system32\cmd.exe+c0d1|C:\Windows\system32\cmd.exe+b5f1|C:\Windows\system32\cmd.exe+c6e4|C:\Windows\system32\cmd.exe+913e|C:\Windows\system32\cmd.exe+93b3|C:\Windows\system32\cmd.exe+92dd|C:\Windows\system32\cmd.exe+bf92|C:\Windows\system32\cmd.exe+b5f1|C:\Windows\system32\cmd.exe+c6e4|C:\Windows\system32\cmd.exe+913e|C:\Windows\system32\cmd.exe+14a70|C:\Windows\system32\cmd.exe+c0d1|C:\Windows\system32\cmd.exe+b5f1|C:\Windows\system32\cmd.exe+1de6b|C:\Windows\system32\cmd.exe+1821d|C:\Windows\System32\KERNEL32.DLL+17c24|C:\Windows\SYSTEM32\ntdll.dll+6d721",10,-,,0,,,,,,,,,,,,,,,,,,,{e2c04bb9-d0f0-60c3-48da-ec0000000000},5632,5336.0,C:\Windows\system32\cmd.exe,{e2c04bb9-08c3-60c4-7809-000000000300},2164,C:\Windows\system32\PING.EXE,0x1fffff,C:\Windows\SYSTEM32\ntdll.dll+9e714|C:\Windows\System32\KERNELBASE.dll+59e0a|C:\Windows\System32\KERNELBASE.dll+567a6|C:\Windows\System32\KERNEL32.DLL+1bee3|C:\Windows\system32\cmd.exe+1350b|C:\Windows\system32\cmd.exe+14a07|C:\Windows\system32\cmd.exe+c0d1|C:\Windows\system32\cmd.exe+b5f1|C:\Windows\system32\cmd.exe+c6e4|C:\Windows\system32\cmd.exe+913e|C:\Windows\system32\cmd.exe+93b3|C:\Windows\system32\cmd.exe+92dd|C:\Windows\system32\cmd.exe+bf92|C:\Windows\system32\cmd.exe+b5f1|C:\Windows\system32\cmd.exe+c6e4|C:\Windows\system32\cmd.exe+913e|C:\Windows\system32\cmd.exe+14a70|C:\Windows\system32\cmd.exe+c0d1|C:\Windows\system32\cmd.exe+b5f1|C:\Windows\system32\cmd.exe+1de6b|C:\Windows\system32\cmd.exe+1821d|C:\Windows\System32\KERNEL32.DLL+17c24|C:\Windows\SYSTEM32\ntdll.dll+6d721,,,,,,,,,,,,,,,,,,,,,,,,,,,,,,,,,,,,,,,,,,,,,,,,,,,,,,,,,,,,,,,,,,,,,,,,,,,,,,,,,,,,,0,0,0,0,0,0,2,True
2021-06-12 01:07:15,8,Microsoft-Windows-Sysmon,{5770385f-c22a-43e0-bf4c-06f5698ffbd9},4,0x8000000000000000,Microsoft-Windows-Sysmon/Operational,WORKSTATION5,2021-06-11T09:07:15.639Z,2021-06-11T09:07:15.639Z,7,"Image loaded:
RuleName: -
UtcTime: 2021-06-12 01:07:15.634
ProcessGuid: {e2c04bb9-08c3-60c4-7809-000000000300}
ProcessId: 2164
Image: C:\Windows\System32\PING.EXE
ImageLoaded: C:\Windows\System32\msvcrt.dll
FileVersion: 7.0.18362.1 (WinBuild.160101.0800)
Description: Windows NT CRT DLL
Product: Microsoft® Windows® Operating System
Company: Microsoft Corporation
OriginalFileName: msvcrt.dll
Hashes: SHA1=0EA4B3CFB14E49CEC0D42FF0F1FA989E69647A8F,MD5=36354D9B5B0A58A4B9A19103852C00A2,SHA256=E5A863D3F4BFEFED7D73A7B1499F81B7235BC9AE3C108065041BCB8E5446B1BB,IMPHASH=1273683626EBBA703979F188A1E64237
Signed: true
Signature: Microsoft Windows
SignatureStatus: Valid",7,-,{e2c04bb9-08c3-60c4-7809-000000000300},2164,C:\Windows\System32\PING.EXE,7.0.18362.1 (WinBuild.160101.0800),Windows NT CRT DLL,Microsoft® Windows® Operating System,Microsoft Corporation,msvcrt.dll,,,,,,,,"SHA1=0EA4B3CFB14E49CEC0D42FF0F1FA989E69647A8F,MD5=36354D9B5B0A58A4B9A19103852C00A2,SHA256=E5A863D3F4BFEFED7D73A7B1499F81B7235BC9AE3C108065041BCB8E5446B1BB,IMPHASH=1273683626EBBA703979F188A1E64237",,,,,,,,,,,,,,C:\Windows\System32\msvcrt.dll,True,Microsoft Windows,Valid,,,,,,,,,,,,,,,,,,,,,,,,,,,,,,,,,,,,,,,,,,,,,,,,,,,,,,,,,,,,,,,,,,,,,,,,,,,,,,,,,0,0,0,0,0,0,2,True
2021-06-12 01:07:17,53,Microsoft-Windows-Sysmon,{5770385f-c22a-43e0-bf4c-06f5698ffbd9},4,0x8000000000000000,Microsoft-Windows-Sysmon/Operational,WORKSTATION5,2021-06-11T09:07:17.892Z,2021-06-11T09:07:17.892Z,7,"Image loaded:
RuleName: -
UtcTime: 2021-06-12 01:07:17.884
ProcessGuid: {e2c04bb9-08c5-60c4-7a09-000000000300}
ProcessId: 8960
Image: C:\Windows\System32\PING.EXE
ImageLoaded: C:\Windows\System32\ntdll.dll
FileVersion: 10.0.18362.1533 (WinBuild.160101.0800)
Description: NT Layer DLL
Product: Microsoft® Windows® Operating System
Company: Microsoft Corporation
OriginalFileName: ntdll.dll
Hashes: SHA1=8D671C93CC5C877983AB6D58A59E3E64891128EB,MD5=B823DFC17253F0DA93DE2DB5FEAD520A,SHA256=B0EA79AEEA90EFAE83E7F5F8812F307D52C4BA3F559E409CB6364E90BC69269D,IMPHASH=00000000000000000000000000000000
Signed: true
Signature: Microsoft Windows
SignatureStatus: Valid",7,-,{e2c04bb9-08c5-60c4-7a09-000000000300},8960,C:\Windows\System32\PING.EXE,10.0.18362.1533 (WinBuild.160101.0800),NT Layer DLL,Microsoft® Windows® Operating System,Microsoft Corporation,ntdll.dll,,,,,,,,"SHA1=8D671C93CC5C877983AB6D58A59E3E64891128EB,MD5=B823DFC17253F0DA93DE2DB5FEAD520A,SHA256=B0EA79AEEA90EFAE83E7F5F8812F307D52C4BA3F559E409CB6364E90BC69269D,IMPHASH=00000000000000000000000000000000",,,,,,,,,,,,,,C:\Windows\System32\ntdll.dll,True,Microsoft Windows,Valid,,,,,,,,,,,,,,,,,,,,,,,,,,,,,,,,,,,,,,,,,,,,,,,,,,,,,,,,,,,,,,,,,,,,,,,,,,,,,,,,,0,0,0,0,0,0,3,True
2021-06-12 01:07:17,51,Microsoft-Windows-Sysmon,{5770385f-c22a-43e0-bf4c-06f5698ffbd9},4,0x8000000000000000,Microsoft-Windows-Sysmon/Operational,WORKSTATION5,2021-06-11T09:07:17.891Z,2021-06-11T09:07:17.891Z,10,"Process accessed:
RuleName: -
UtcTime: 2021-06-12 01:07:17.884
SourceProcessGUID: {e2c04bb9-a703-60c3-b501-000000000300}
SourceProcessId: 1876
SourceThreadId: 4024
SourceImage: C:\Windows\system32\csrss.exe
TargetProcessGUID: {e2c04bb9-08c5-60c4-7a09-000000000300}
TargetProcessId: 8960
TargetImage: C:\Windows\system32\PING.EXE
GrantedAccess: 0x1FFFFF
CallTrace: C:\Windows\SYSTEM32\ntdll.dll+9d364|C:\Windows\system32\basesrv.DLL+2fba|C:\Windows\SYSTEM32\CSRSRV.dll+5af4|C:\Windows\SYSTEM32\ntdll.dll+6d72f",10,-,,0,,,,,,,,,,,,,,,,,,,{e2c04bb9-a703-60c3-b501-000000000300},1876,4024.0,C:\Windows\system32\csrss.exe,{e2c04bb9-08c5-60c4-7a09-000000000300},8960,C:\Windows\system32\PING.EXE,0x1fffff,C:\Windows\SYSTEM32\ntdll.dll+9d364|C:\Windows\system32\basesrv.DLL+2fba|C:\Windows\SYSTEM32\CSRSRV.dll+5af4|C:\Windows\SYSTEM32\ntdll.dll+6d72f,,,,,,,,,,,,,,,,,,,,,,,,,,,,,,,,,,,,,,,,,,,,,,,,,,,,,,,,,,,,,,,,,,,,,,,,,,,,,,,,,,,,,0,0,0,0,0,0,3,True
2021-06-12 01:07:17,50,Microsoft-Windows-Sysmon,{5770385f-c22a-43e0-bf4c-06f5698ffbd9},4,0x8000000000000000,Microsoft-Windows-Sysmon/Operational,WORKSTATION5,2021-06-11T09:07:17.890Z,2021-06-11T09:07:17.890Z,10,"Process accessed:
RuleName: -
UtcTime: 2021-06-12 01:07:17.884
SourceProcessGUID: {e2c04bb9-d0f0-60c3-48da-ec0000000000}
SourceProcessId: 5632
SourceThreadId: 5336
SourceImage: C:\Windows\system32\cmd.exe
TargetProcessGUID: {e2c04bb9-08c5-60c4-7a09-000000000300}
TargetProcessId: 8960
TargetImage: C:\Windows\system32\PING.EXE
GrantedAccess: 0x1FFFFF
CallTrace: C:\Windows\SYSTEM32\ntdll.dll+9e714|C:\Windows\System32\KERNELBASE.dll+59e0a|C:\Windows\System32\KERNELBASE.dll+567a6|C:\Windows\System32\KERNEL32.DLL+1bee3|C:\Windows\system32\cmd.exe+1350b|C:\Windows\system32\cmd.exe+14a07|C:\Windows\system32\cmd.exe+c0d1|C:\Windows\system32\cmd.exe+b5f1|C:\Windows\system32\cmd.exe+c6e4|C:\Windows\system32\cmd.exe+913e|C:\Windows\system32\cmd.exe+93b3|C:\Windows\system32\cmd.exe+92dd|C:\Windows\system32\cmd.exe+bf92|C:\Windows\system32\cmd.exe+b5f1|C:\Windows\system32\cmd.exe+c6e4|C:\Windows\system32\cmd.exe+913e|C:\Windows\system32\cmd.exe+14a70|C:\Windows\system32\cmd.exe+c0d1|C:\Windows\system32\cmd.exe+b5f1|C:\Windows\system32\cmd.exe+1de6b|C:\Windows\system32\cmd.exe+1821d|C:\Windows\System32\KERNEL32.DLL+17c24|C:\Windows\SYSTEM32\ntdll.dll+6d721",10,-,,0,,,,,,,,,,,,,,,,,,,{e2c04bb9-d0f0-60c3-48da-ec0000000000},5632,5336.0,C:\Windows\system32\cmd.exe,{e2c04bb9-08c5-60c4-7a09-000000000300},8960,C:\Windows\system32\PING.EXE,0x1fffff,C:\Windows\SYSTEM32\ntdll.dll+9e714|C:\Windows\System32\KERNELBASE.dll+59e0a|C:\Windows\System32\KERNELBASE.dll+567a6|C:\Windows\System32\KERNEL32.DLL+1bee3|C:\Windows\system32\cmd.exe+1350b|C:\Windows\system32\cmd.exe+14a07|C:\Windows\system32\cmd.exe+c0d1|C:\Windows\system32\cmd.exe+b5f1|C:\Windows\system32\cmd.exe+c6e4|C:\Windows\system32\cmd.exe+913e|C:\Windows\system32\cmd.exe+93b3|C:\Windows\system32\cmd.exe+92dd|C:\Windows\system32\cmd.exe+bf92|C:\Windows\system32\cmd.exe+b5f1|C:\Windows\system32\cmd.exe+c6e4|C:\Windows\system32\cmd.exe+913e|C:\Windows\system32\cmd.exe+14a70|C:\Windows\system32\cmd.exe+c0d1|C:\Windows\system32\cmd.exe+b5f1|C:\Windows\system32\cmd.exe+1de6b|C:\Windows\system32\cmd.exe+1821d|C:\Windows\System32\KERNEL32.DLL+17c24|C:\Windows\SYSTEM32\ntdll.dll+6d721,,,,,,,,,,,,,,,,,,,,,,,,,,,,,,,,,,,,,,,,,,,,,,,,,,,,,,,,,,,,,,,,,,,,,,,,,,,,,,,,,,,,,0,0,0,0,0,0,3,True
2021-06-12 01:07:17,49,Microsoft-Windows-Sysmon,{5770385f-c22a-43e0-bf4c-06f5698ffbd9},4,0x8000000000000000,Microsoft-Windows-Sysmon/Operational,WORKSTATION5,2021-06-11T09:07:17.890Z,2021-06-11T09:07:17.890Z,1,"Process Create:
RuleName: -
UtcTime: 2021-06-12 01:07:17.888
ProcessGuid: {e2c04bb9-08c5-60c4-dd1c-400100000000}
ProcessId: 8960
Image: C:\Windows\System32\PING.EXE
FileVersion: 10.0.18362.1 (WinBuild.160101.0800)
Description: TCP/IP Ping Command
Product: Microsoft® Windows® Operating System
Company: Microsoft Corporation
OriginalFileName: ping.exe
CommandLine: ping  -n 2 127.0.0.1 
CurrentDirectory: C:\Users\APT-Simulator\Documents\APTSimulator-master\
User: WORKSTATION5\APT-Simulator
LogonGuid: {e2c04bb9-a708-60c3-fb19-370000000000}
LogonId: 0x3719FB
TerminalSessionId: 2
IntegrityLevel: High
Hashes: SHA1=565505D129A019780E351E615A29722AEF479380,MD5=F3F3D2B0196B9A00E91838888E76B5F6,SHA256=E9EF80A7849F1CF02CB5FB8396FF9E270CB9006F30294A52C6490A72B373BE00,IMPHASH=8C3BE1286CDAD6AC1136D0BB6C83FF41
ParentProcessGuid: {e2c04bb9-d0f0-60c3-48da-ec0000000000}
ParentProcessId: 5632
ParentImage: C:\Windows\System32\cmd.exe
ParentCommandLine: ""C:\Windows\system32\cmd.exe"" ",1,-,{e2c04bb9-08c5-60c4-dd1c-400100000000},8960,C:\Windows\System32\PING.EXE,10.0.18362.1 (WinBuild.160101.0800),TCP/IP Ping Command,Microsoft® Windows® Operating System,Microsoft Corporation,ping.exe,ping  -n 2 127.0.0.1 ,C:\Users\APT-Simulator\Documents\APTSimulator-master\,WORKSTATION5\APT-Simulator,{e2c04bb9-a708-60c3-fb19-370000000000},0x3719fb,2.0,High,"SHA1=565505D129A019780E351E615A29722AEF479380,MD5=F3F3D2B0196B9A00E91838888E76B5F6,SHA256=E9EF80A7849F1CF02CB5FB8396FF9E270CB9006F30294A52C6490A72B373BE00,IMPHASH=8C3BE1286CDAD6AC1136D0BB6C83FF41",{e2c04bb9-d0f0-60c3-48da-ec0000000000},5632.0,C:\Windows\System32\cmd.exe,"""C:\Windows\system32\cmd.exe"" ",,,,,,,,,,,,,,,,,,,,,,,,,,,,,,,,,,,,,,,,,,,,,,,,,,,,,,,,,,,,,,,,,,,,,,,,,,,,,,,,,,,,,,,,,,,,,,1,0,0,0,0,0,3,True
2021-06-12 01:07:17,45,Microsoft-Windows-Sysmon,{5770385f-c22a-43e0-bf4c-06f5698ffbd9},4,0x8000000000000000,Microsoft-Windows-Sysmon/Operational,WORKSTATION5,2021-06-11T09:07:17.831Z,2021-06-11T09:07:17.831Z,11,"File created:
RuleName: -
UtcTime: 2021-06-12 01:07:17.822
ProcessGuid: {e2c04bb9-08c5-60c4-7909-000000000300}
ProcessId: 6472
Image: C:\Users\APT-Simulator\Documents\APTSimulator-master\helpers\7z.exe
TargetFilename: C:\TMP\CreateNamedPipe.exe
CreationUtcTime: 2021-06-11 21:07:26.806",11,-,{e2c04bb9-08c5-60c4-7909-000000000300},6472,C:\Users\APT-Simulator\Documents\APTSimulator-master\helpers\7z.exe,,,,,,,,,,,,,,,,,,,,,,,,,,,,,,,C:\TMP\CreateNamedPipe.exe,,2021-06-11 21:07:26.806,,,,,,,,,,,,,,,,,,,,,,,,,,,,,,,,,,,,,,,,,,,,,,,,,,,,,,,,,,,,,,,,,,,,,,,,,,,,,,1,0,0,0,0,0,3,True
2021-06-12 01:07:17,47,Microsoft-Windows-Sysmon,{5770385f-c22a-43e0-bf4c-06f5698ffbd9},4,0x8000000000000000,Microsoft-Windows-Sysmon/Operational,WORKSTATION5,2021-06-11T09:07:17.884Z,2021-06-11T09:07:17.884Z,26,"File Delete logged:
RuleName: -
UtcTime: 2021-06-12 01:07:17.868
ProcessGuid: {e2c04bb9-a3ee-60c3-5100-000000000300}
ProcessId: 2288
User: NT AUTHORITY\SYSTEM
Image: C:\Windows\system32\svchost.exe
TargetFilename: C:\Windows\Prefetch\7Z.EXE-F100D1AB.pf
Hashes: SHA1=3918425C62A4F74FB09232C3ECEA9E9D114ED1B8,MD5=61F779BBDAC79C160D29D041791B5190,SHA256=A7FA7424B64FBEE6BB06BA7FD6179C574DDDCAFA4A82876EF91BB8CA888C4A21,IMPHASH=00000000000000000000000000000000
IsExecutable: false",26,-,{e2c04bb9-a3ee-60c3-5100-000000000300},2288,C:\Windows\system32\svchost.exe,,,,,,,,NT AUTHORITY\SYSTEM,,,,,"SHA1=3918425C62A4F74FB09232C3ECEA9E9D114ED1B8,MD5=61F779BBDAC79C160D29D041791B5190,SHA256=A7FA7424B64FBEE6BB06BA7FD6179C574DDDCAFA4A82876EF91BB8CA888C4A21,IMPHASH=00000000000000000000000000000000",,,,,,,,,,,,,,,,,,C:\Windows\Prefetch\7Z.EXE-F100D1AB.pf,False,,,,,,,,,,,,,,,,,,,,,,,,,,,,,,,,,,,,,,,,,,,,,,,,,,,,,,,,,,,,,,,,,,,,,,,,,,,,,,,1,0,0,0,0,0,4,True
2021-06-12 01:07:17,46,Microsoft-Windows-Sysmon,{5770385f-c22a-43e0-bf4c-06f5698ffbd9},4,0x8000000000000000,Microsoft-Windows-Sysmon/Operational,WORKSTATION5,2021-06-11T09:07:17.881Z,2021-06-11T09:07:17.881Z,5,"Process terminated:
RuleName: -
UtcTime: 2021-06-12 01:07:17.868
ProcessGuid: {e2c04bb9-08c5-60c4-7909-000000000300}
ProcessId: 6472
Image: C:\Users\APT-Simulator\Documents\APTSimulator-master\helpers\7z.exe",5,-,{e2c04bb9-08c5-60c4-7909-000000000300},6472,C:\Users\APT-Simulator\Documents\APTSimulator-master\helpers\7z.exe,,,,,,,,,,,,,,,,,,,,,,,,,,,,,,,,,,,,,,,,,,,,,,,,,,,,,,,,,,,,,,,,,,,,,,,,,,,,,,,,,,,,,,,,,,,,,,,,,,,,,,,,,,,,,,,1,0,0,0,0,0,4,True
2021-06-12 01:07:17,44,Microsoft-Windows-Sysmon,{5770385f-c22a-43e0-bf4c-06f5698ffbd9},4,0x8000000000000000,Microsoft-Windows-Sysmon/Operational,WORKSTATION5,2021-06-11T09:07:17.830Z,2021-06-11T09:07:17.830Z,26,"File Delete logged:
RuleName: -
UtcTime: 2021-06-12 01:07:17.822
ProcessGuid: {e2c04bb9-08c5-60c4-7909-000000000300}
ProcessId: 6472
User: WORKSTATION5\APT-Simulator
Image: C:\Users\APT-Simulator\Documents\APTSimulator-master\helpers\7z.exe
TargetFilename: C:\TMP\CreateNamedPipe.exe
Hashes: SHA1=571670869CFA7AE69103A2A7EF34BB8F5B607BF6,MD5=64AFCCF614577EA0B706665E6109572D,SHA256=5DDC0ABC2C0DA8195B7832EA1C27E0EBE6F2CC4EB379FEFEEBFBFD93DF12A181,IMPHASH=93A138801D9601E4C36E6274C8B9D111
IsExecutable: true",26,-,{e2c04bb9-08c5-60c4-7909-000000000300},6472,C:\Users\APT-Simulator\Documents\APTSimulator-master\helpers\7z.exe,,,,,,,,WORKSTATION5\APT-Simulator,,,,,"SHA1=571670869CFA7AE69103A2A7EF34BB8F5B607BF6,MD5=64AFCCF614577EA0B706665E6109572D,SHA256=5DDC0ABC2C0DA8195B7832EA1C27E0EBE6F2CC4EB379FEFEEBFBFD93DF12A181,IMPHASH=93A138801D9601E4C36E6274C8B9D111",,,,,,,,,,,,,,,,,,C:\TMP\CreateNamedPipe.exe,True,,,,,,,,,,,,,,,,,,,,,,,,,,,,,,,,,,,,,,,,,,,,,,,,,,,,,,,,,,,,,,,,,,,,,,,,,,,,,,,1,0,0,0,0,0,3,True
2021-06-12 01:07:17,54,Microsoft-Windows-Sysmon,{5770385f-c22a-43e0-bf4c-06f5698ffbd9},4,0x8000000000000000,Microsoft-Windows-Sysmon/Operational,WORKSTATION5,2021-06-11T09:07:17.892Z,2021-06-11T09:07:17.892Z,7,"Image loaded:
RuleName: -
UtcTime: 2021-06-12 01:07:17.884
ProcessGuid: {e2c04bb9-08c5-60c4-7a09-000000000300}
ProcessId: 8960
Image: C:\Windows\System32\PING.EXE
ImageLoaded: C:\Windows\System32\kernel32.dll
FileVersion: 10.0.18362.1500 (WinBuild.160101.0800)
Description: Windows NT BASE API Client DLL
Product: Microsoft® Windows® Operating System
Company: Microsoft Corporation
OriginalFileName: kernel32
Hashes: SHA1=70D4E25E30AFE0716141B8AC1B757A95740002D2,MD5=B14CD8F455D772BD153AF48ED33FF48E,SHA256=562F1B7198A9EB3920A218D0A020E998CD52FF8A02A34A76564092F86AC70A44,IMPHASH=D3645703895C4EBB8EA5B9B26816A081
Signed: true
Signature: Microsoft Windows
SignatureStatus: Valid",7,-,{e2c04bb9-08c5-60c4-7a09-000000000300},8960,C:\Windows\System32\PING.EXE,10.0.18362.1500 (WinBuild.160101.0800),Windows NT BASE API Client DLL,Microsoft® Windows® Operating System,Microsoft Corporation,kernel32,,,,,,,,"SHA1=70D4E25E30AFE0716141B8AC1B757A95740002D2,MD5=B14CD8F455D772BD153AF48ED33FF48E,SHA256=562F1B7198A9EB3920A218D0A020E998CD52FF8A02A34A76564092F86AC70A44,IMPHASH=D3645703895C4EBB8EA5B9B26816A081",,,,,,,,,,,,,,C:\Windows\System32\kernel32.dll,True,Microsoft Windows,Valid,,,,,,,,,,,,,,,,,,,,,,,,,,,,,,,,,,,,,,,,,,,,,,,,,,,,,,,,,,,,,,,,,,,,,,,,,,,,,,,,,0,0,0,0,0,0,3,True
2021-06-12 01:07:17,48,Microsoft-Windows-Sysmon,{5770385f-c22a-43e0-bf4c-06f5698ffbd9},4,0x8000000000000000,Microsoft-Windows-Sysmon/Operational,WORKSTATION5,2021-06-11T09:07:17.884Z,2021-06-11T09:07:17.884Z,11,"File created:
RuleName: -
UtcTime: 2021-06-12 01:07:17.868
ProcessGuid: {e2c04bb9-a3ee-60c3-5100-000000000300}
ProcessId: 2288
Image: C:\Windows\system32\svchost.exe
TargetFilename: C:\Windows\Prefetch\7Z.EXE-F100D1AB.pf
CreationUtcTime: 2021-06-11 20:54:48.587",11,-,{e2c04bb9-a3ee-60c3-5100-000000000300},2288,C:\Windows\system32\svchost.exe,,,,,,,,,,,,,,,,,,,,,,,,,,,,,,,C:\Windows\Prefetch\7Z.EXE-F100D1AB.pf,,2021-06-11 20:54:48.587,,,,,,,,,,,,,,,,,,,,,,,,,,,,,,,,,,,,,,,,,,,,,,,,,,,,,,,,,,,,,,,,,,,,,,,,,,,,,,0,0,0,0,0,0,3,True
2021-06-12 01:07:17,55,Microsoft-Windows-Sysmon,{5770385f-c22a-43e0-bf4c-06f5698ffbd9},4,0x8000000000000000,Microsoft-Windows-Sysmon/Operational,WORKSTATION5,2021-06-11T09:07:17.893Z,2021-06-11T09:07:17.893Z,7,"Image loaded:
RuleName: -
UtcTime: 2021-06-12 01:07:17.884
ProcessGuid: {e2c04bb9-08c5-60c4-7a09-000000000300}
ProcessId: 8960
Image: C:\Windows\System32\PING.EXE
ImageLoaded: C:\Windows\System32\KernelBase.dll
FileVersion: 10.0.18362.1474 (WinBuild.160101.0800)
Description: Windows NT BASE API Client DLL
Product: Microsoft® Windows® Operating System
Company: Microsoft Corporation
OriginalFileName: Kernelbase.dll
Hashes: SHA1=568E892FA3286C72BC89867B182CE76800018964,MD5=E562EC4C5C939BF4CA506E288A54CC02,SHA256=60827CB832FDC137A3F9146AE666CDE3EA4B2D94CAE289D4A33B6D1D363656D3,IMPHASH=16003AF856720C35351BB8C14AD0B0A8
Signed: true
Signature: Microsoft Windows
SignatureStatus: Valid",7,-,{e2c04bb9-08c5-60c4-7a09-000000000300},8960,C:\Windows\System32\PING.EXE,10.0.18362.1474 (WinBuild.160101.0800),Windows NT BASE API Client DLL,Microsoft® Windows® Operating System,Microsoft Corporation,Kernelbase.dll,,,,,,,,"SHA1=568E892FA3286C72BC89867B182CE76800018964,MD5=E562EC4C5C939BF4CA506E288A54CC02,SHA256=60827CB832FDC137A3F9146AE666CDE3EA4B2D94CAE289D4A33B6D1D363656D3,IMPHASH=16003AF856720C35351BB8C14AD0B0A8",,,,,,,,,,,,,,C:\Windows\System32\KernelBase.dll,True,Microsoft Windows,Valid,,,,,,,,,,,,,,,,,,,,,,,,,,,,,,,,,,,,,,,,,,,,,,,,,,,,,,,,,,,,,,,,,,,,,,,,,,,,,,,,,0,0,0,0,0,0,3,True
2021-06-12 01:07:17,64,Microsoft-Windows-Sysmon,{5770385f-c22a-43e0-bf4c-06f5698ffbd9},4,0x8000000000000000,Microsoft-Windows-Sysmon/Operational,WORKSTATION5,2021-06-11T09:07:17.903Z,2021-06-11T09:07:17.903Z,7,"Image loaded:
RuleName: -
UtcTime: 2021-06-12 01:07:17.900
ProcessGuid: {e2c04bb9-08c5-60c4-7a09-000000000300}
ProcessId: 8960
Image: C:\Windows\System32\PING.EXE
ImageLoaded: C:\Windows\System32\wshqos.dll
FileVersion: 10.0.18362.1 (WinBuild.160101.0800)
Description: QoS Winsock2 Helper DLL
Product: Microsoft® Windows® Operating System
Company: Microsoft Corporation
OriginalFileName: wshqos.dll
Hashes: SHA1=2DC6D2E2127BB088D2AFF9A0CA80E694BBB469F0,MD5=43B1FFA120D776818900D4A0B5796CE8,SHA256=71D8558B1295C8EC089124A4D6F979728412699C5D9A65E7AC7E32CC090E321D,IMPHASH=6DF15A7E1FF1E236A8E6D3596422FF5E
Signed: true
Signature: Microsoft Windows
SignatureStatus: Valid",7,-,{e2c04bb9-08c5-60c4-7a09-000000000300},8960,C:\Windows\System32\PING.EXE,10.0.18362.1 (WinBuild.160101.0800),QoS Winsock2 Helper DLL,Microsoft® Windows® Operating System,Microsoft Corporation,wshqos.dll,,,,,,,,"SHA1=2DC6D2E2127BB088D2AFF9A0CA80E694BBB469F0,MD5=43B1FFA120D776818900D4A0B5796CE8,SHA256=71D8558B1295C8EC089124A4D6F979728412699C5D9A65E7AC7E32CC090E321D,IMPHASH=6DF15A7E1FF1E236A8E6D3596422FF5E",,,,,,,,,,,,,,C:\Windows\System32\wshqos.dll,True,Microsoft Windows,Valid,,,,,,,,,,,,,,,,,,,,,,,,,,,,,,,,,,,,,,,,,,,,,,,,,,,,,,,,,,,,,,,,,,,,,,,,,,,,,,,,,0,0,0,0,0,0,3,True
2021-06-12 01:07:17,57,Microsoft-Windows-Sysmon,{5770385f-c22a-43e0-bf4c-06f5698ffbd9},4,0x8000000000000000,Microsoft-Windows-Sysmon/Operational,WORKSTATION5,2021-06-11T09:07:17.894Z,2021-06-11T09:07:17.894Z,7,"Image loaded:
RuleName: -
UtcTime: 2021-06-12 01:07:17.884
ProcessGuid: {e2c04bb9-08c5-60c4-7a09-000000000300}
ProcessId: 8960
Image: C:\Windows\System32\PING.EXE
ImageLoaded: C:\Windows\System32\msvcrt.dll
FileVersion: 7.0.18362.1 (WinBuild.160101.0800)
Description: Windows NT CRT DLL
Product: Microsoft® Windows® Operating System
Company: Microsoft Corporation
OriginalFileName: msvcrt.dll
Hashes: SHA1=0EA4B3CFB14E49CEC0D42FF0F1FA989E69647A8F,MD5=36354D9B5B0A58A4B9A19103852C00A2,SHA256=E5A863D3F4BFEFED7D73A7B1499F81B7235BC9AE3C108065041BCB8E5446B1BB,IMPHASH=1273683626EBBA703979F188A1E64237
Signed: true
Signature: Microsoft Windows
SignatureStatus: Valid",7,-,{e2c04bb9-08c5-60c4-7a09-000000000300},8960,C:\Windows\System32\PING.EXE,7.0.18362.1 (WinBuild.160101.0800),Windows NT CRT DLL,Microsoft® Windows® Operating System,Microsoft Corporation,msvcrt.dll,,,,,,,,"SHA1=0EA4B3CFB14E49CEC0D42FF0F1FA989E69647A8F,MD5=36354D9B5B0A58A4B9A19103852C00A2,SHA256=E5A863D3F4BFEFED7D73A7B1499F81B7235BC9AE3C108065041BCB8E5446B1BB,IMPHASH=1273683626EBBA703979F188A1E64237",,,,,,,,,,,,,,C:\Windows\System32\msvcrt.dll,True,Microsoft Windows,Valid,,,,,,,,,,,,,,,,,,,,,,,,,,,,,,,,,,,,,,,,,,,,,,,,,,,,,,,,,,,,,,,,,,,,,,,,,,,,,,,,,0,0,0,0,0,0,2,True
2021-06-12 01:07:17,58,Microsoft-Windows-Sysmon,{5770385f-c22a-43e0-bf4c-06f5698ffbd9},4,0x8000000000000000,Microsoft-Windows-Sysmon/Operational,WORKSTATION5,2021-06-11T09:07:17.895Z,2021-06-11T09:07:17.895Z,7,"Image loaded:
RuleName: -
UtcTime: 2021-06-12 01:07:17.884
ProcessGuid: {e2c04bb9-08c5-60c4-7a09-000000000300}
ProcessId: 8960
Image: C:\Windows\System32\PING.EXE
ImageLoaded: C:\Windows\System32\ws2_32.dll
FileVersion: 10.0.18362.387 (WinBuild.160101.0800)
Description: Windows Socket 2.0 32-Bit DLL
Product: Microsoft® Windows® Operating System
Company: Microsoft Corporation
OriginalFileName: ws2_32.dll
Hashes: SHA1=0E931ED820C96CCAD23D4AFCB0ACD97C99155D11,MD5=C0F8DA7568D2F1534E0ABB0E69DC3280,SHA256=E419A4BBDF1D5E0601E90BAFC1558DBD7414CD44E098B581C1915EF2C6E38D0B,IMPHASH=70D7A835AF4CA9F98A94AAF1B60BF88F
Signed: true
Signature: Microsoft Windows
SignatureStatus: Valid",7,-,{e2c04bb9-08c5-60c4-7a09-000000000300},8960,C:\Windows\System32\PING.EXE,10.0.18362.387 (WinBuild.160101.0800),Windows Socket 2.0 32-Bit DLL,Microsoft® Windows® Operating System,Microsoft Corporation,ws2_32.dll,,,,,,,,"SHA1=0E931ED820C96CCAD23D4AFCB0ACD97C99155D11,MD5=C0F8DA7568D2F1534E0ABB0E69DC3280,SHA256=E419A4BBDF1D5E0601E90BAFC1558DBD7414CD44E098B581C1915EF2C6E38D0B,IMPHASH=70D7A835AF4CA9F98A94AAF1B60BF88F",,,,,,,,,,,,,,C:\Windows\System32\ws2_32.dll,True,Microsoft Windows,Valid,,,,,,,,,,,,,,,,,,,,,,,,,,,,,,,,,,,,,,,,,,,,,,,,,,,,,,,,,,,,,,,,,,,,,,,,,,,,,,,,,0,0,0,0,0,0,2,True
