2021-06-12 01:07:28,710,Microsoft-Windows-Sysmon,{5770385f-c22a-43e0-bf4c-06f5698ffbd9},4,0x8000000000000000,Microsoft-Windows-Sysmon/Operational,WORKSTATION5,2021-06-11T09:07:28.191Z,2021-06-11T09:07:28.191Z,10,"Process accessed:
RuleName: MsMpEng
UtcTime: 2021-06-12 01:07:28.181
SourceProcessGUID: {e2c04bb9-a3f6-60c3-8600-000000000300}
SourceProcessId: 4752
SourceThreadId: 6660
SourceImage: C:\Windows\system32\wbem\wmiprvse.exe
TargetProcessGUID: {e2c04bb9-417d-60c3-4700-000000000300}
TargetProcessId: 1216
TargetImage: C:\Windows\System32\svchost.exe
GrantedAccess: 0x1410
CallTrace: C:\Windows\SYSTEM32\ntdll.dll+9d364|C:\Windows\System32\KERNELBASE.dll+305ee|C:\Windows\system32\wbem\cimwin32.dll+f46e|C:\Windows\system32\wbem\cimwin32.dll+faf5|C:\Windows\SYSTEM32\framedynos.dll+5722|C:\Windows\SYSTEM32\framedynos.dll+6ead|C:\Windows\system32\wbem\wmiprvse.exe+8ad1|C:\Windows\system32\wbem\wmiprvse.exe+8753|C:\Windows\System32\RPCRT4.dll+78553|C:\Windows\System32\RPCRT4.dll+12779|C:\Windows\System32\combase.dll+a8c82|C:\Windows\System32\RPCRT4.dll+5f1db|C:\Windows\System32\combase.dll+2b363|C:\Windows\System32\combase.dll+2b153|C:\Windows\System32\combase.dll+ab606|C:\Windows\System32\combase.dll+2f1aa|C:\Windows\System32\combase.dll+a772d|C:\Windows\System32\combase.dll+423fc|C:\Windows\System32\combase.dll+42e10|C:\Windows\System32\combase.dll+44448|C:\Windows\System32\RPCRT4.dll+598c8|C:\Windows\System32\RPCRT4.dll+48041|C:\Windows\System32\RPCRT4.dll+47b90|C:\Windows\System32\RPCRT4.dll+1c9bf",10,MsMpEng,,0,,,,,,,,,,,,,,,,,,,{e2c04bb9-a3f6-60c3-8600-000000000300},4752,6660.0,C:\Windows\system32\wbem\wmiprvse.exe,{e2c04bb9-417d-60c3-4700-000000000300},1216,C:\Windows\System32\svchost.exe,0x1410,C:\Windows\SYSTEM32\ntdll.dll+9d364|C:\Windows\System32\KERNELBASE.dll+305ee|C:\Windows\system32\wbem\cimwin32.dll+f46e|C:\Windows\system32\wbem\cimwin32.dll+faf5|C:\Windows\SYSTEM32\framedynos.dll+5722|C:\Windows\SYSTEM32\framedynos.dll+6ead|C:\Windows\system32\wbem\wmiprvse.exe+8ad1|C:\Windows\system32\wbem\wmiprvse.exe+8753|C:\Windows\System32\RPCRT4.dll+78553|C:\Windows\System32\RPCRT4.dll+12779|C:\Windows\System32\combase.dll+a8c82|C:\Windows\System32\RPCRT4.dll+5f1db|C:\Windows\System32\combase.dll+2b363|C:\Windows\System32\combase.dll+2b153|C:\Windows\System32\combase.dll+ab606|C:\Windows\System32\combase.dll+2f1aa|C:\Windows\System32\combase.dll+a772d|C:\Windows\System32\combase.dll+423fc|C:\Windows\System32\combase.dll+42e10|C:\Windows\System32\combase.dll+44448|C:\Windows\System32\RPCRT4.dll+598c8|C:\Windows\System32\RPCRT4.dll+48041|C:\Windows\System32\RPCRT4.dll+47b90|C:\Windows\System32\RPCRT4.dll+1c9bf,,,,,,,,,,,,,,,,,,,,,,,,,,,,,,,,,,,,,,,,,,,,,,,,,,,,,,,,,,,,,,,,,,,,,,,,,,,,,,,,,,,,,0,0,0,0,0,0,1,True
2021-06-12 01:07:28,709,Microsoft-Windows-Sysmon,{5770385f-c22a-43e0-bf4c-06f5698ffbd9},4,0x8000000000000000,Microsoft-Windows-Sysmon/Operational,WORKSTATION5,2021-06-11T09:07:28.191Z,2021-06-11T09:07:28.191Z,10,"Process accessed:
RuleName: MsMpEng
UtcTime: 2021-06-12 01:07:28.181
SourceProcessGUID: {e2c04bb9-a3f6-60c3-8600-000000000300}
SourceProcessId: 4752
SourceThreadId: 6660
SourceImage: C:\Windows\system32\wbem\wmiprvse.exe
TargetProcessGUID: {e2c04bb9-417d-60c3-4500-000000000300}
TargetProcessId: 1284
TargetImage: C:\Windows\system32\svchost.exe
GrantedAccess: 0x1410
CallTrace: C:\Windows\SYSTEM32\ntdll.dll+9d364|C:\Windows\System32\KERNELBASE.dll+305ee|C:\Windows\system32\wbem\cimwin32.dll+f46e|C:\Windows\system32\wbem\cimwin32.dll+faf5|C:\Windows\SYSTEM32\framedynos.dll+5722|C:\Windows\SYSTEM32\framedynos.dll+6ead|C:\Windows\system32\wbem\wmiprvse.exe+8ad1|C:\Windows\system32\wbem\wmiprvse.exe+8753|C:\Windows\System32\RPCRT4.dll+78553|C:\Windows\System32\RPCRT4.dll+12779|C:\Windows\System32\combase.dll+a8c82|C:\Windows\System32\RPCRT4.dll+5f1db|C:\Windows\System32\combase.dll+2b363|C:\Windows\System32\combase.dll+2b153|C:\Windows\System32\combase.dll+ab606|C:\Windows\System32\combase.dll+2f1aa|C:\Windows\System32\combase.dll+a772d|C:\Windows\System32\combase.dll+423fc|C:\Windows\System32\combase.dll+42e10|C:\Windows\System32\combase.dll+44448|C:\Windows\System32\RPCRT4.dll+598c8|C:\Windows\System32\RPCRT4.dll+48041|C:\Windows\System32\RPCRT4.dll+47b90|C:\Windows\System32\RPCRT4.dll+1c9bf",10,MsMpEng,,0,,,,,,,,,,,,,,,,,,,{e2c04bb9-a3f6-60c3-8600-000000000300},4752,6660.0,C:\Windows\system32\wbem\wmiprvse.exe,{e2c04bb9-417d-60c3-4500-000000000300},1284,C:\Windows\system32\svchost.exe,0x1410,C:\Windows\SYSTEM32\ntdll.dll+9d364|C:\Windows\System32\KERNELBASE.dll+305ee|C:\Windows\system32\wbem\cimwin32.dll+f46e|C:\Windows\system32\wbem\cimwin32.dll+faf5|C:\Windows\SYSTEM32\framedynos.dll+5722|C:\Windows\SYSTEM32\framedynos.dll+6ead|C:\Windows\system32\wbem\wmiprvse.exe+8ad1|C:\Windows\system32\wbem\wmiprvse.exe+8753|C:\Windows\System32\RPCRT4.dll+78553|C:\Windows\System32\RPCRT4.dll+12779|C:\Windows\System32\combase.dll+a8c82|C:\Windows\System32\RPCRT4.dll+5f1db|C:\Windows\System32\combase.dll+2b363|C:\Windows\System32\combase.dll+2b153|C:\Windows\System32\combase.dll+ab606|C:\Windows\System32\combase.dll+2f1aa|C:\Windows\System32\combase.dll+a772d|C:\Windows\System32\combase.dll+423fc|C:\Windows\System32\combase.dll+42e10|C:\Windows\System32\combase.dll+44448|C:\Windows\System32\RPCRT4.dll+598c8|C:\Windows\System32\RPCRT4.dll+48041|C:\Windows\System32\RPCRT4.dll+47b90|C:\Windows\System32\RPCRT4.dll+1c9bf,,,,,,,,,,,,,,,,,,,,,,,,,,,,,,,,,,,,,,,,,,,,,,,,,,,,,,,,,,,,,,,,,,,,,,,,,,,,,,,,,,,,,0,0,0,0,0,0,1,True
2021-06-12 01:07:28,708,Microsoft-Windows-Sysmon,{5770385f-c22a-43e0-bf4c-06f5698ffbd9},4,0x8000000000000000,Microsoft-Windows-Sysmon/Operational,WORKSTATION5,2021-06-11T09:07:28.191Z,2021-06-11T09:07:28.191Z,10,"Process accessed:
RuleName: MsMpEng
UtcTime: 2021-06-12 01:07:28.181
SourceProcessGUID: {e2c04bb9-a3f6-60c3-8600-000000000300}
SourceProcessId: 4752
SourceThreadId: 6660
SourceImage: C:\Windows\system32\wbem\wmiprvse.exe
TargetProcessGUID: {e2c04bb9-417d-60c3-4400-000000000300}
TargetProcessId: 2012
TargetImage: C:\Windows\System32\svchost.exe
GrantedAccess: 0x1410
CallTrace: C:\Windows\SYSTEM32\ntdll.dll+9d364|C:\Windows\System32\KERNELBASE.dll+305ee|C:\Windows\system32\wbem\cimwin32.dll+f46e|C:\Windows\system32\wbem\cimwin32.dll+faf5|C:\Windows\SYSTEM32\framedynos.dll+5722|C:\Windows\SYSTEM32\framedynos.dll+6ead|C:\Windows\system32\wbem\wmiprvse.exe+8ad1|C:\Windows\system32\wbem\wmiprvse.exe+8753|C:\Windows\System32\RPCRT4.dll+78553|C:\Windows\System32\RPCRT4.dll+12779|C:\Windows\System32\combase.dll+a8c82|C:\Windows\System32\RPCRT4.dll+5f1db|C:\Windows\System32\combase.dll+2b363|C:\Windows\System32\combase.dll+2b153|C:\Windows\System32\combase.dll+ab606|C:\Windows\System32\combase.dll+2f1aa|C:\Windows\System32\combase.dll+a772d|C:\Windows\System32\combase.dll+423fc|C:\Windows\System32\combase.dll+42e10|C:\Windows\System32\combase.dll+44448|C:\Windows\System32\RPCRT4.dll+598c8|C:\Windows\System32\RPCRT4.dll+48041|C:\Windows\System32\RPCRT4.dll+47b90|C:\Windows\System32\RPCRT4.dll+1c9bf",10,MsMpEng,,0,,,,,,,,,,,,,,,,,,,{e2c04bb9-a3f6-60c3-8600-000000000300},4752,6660.0,C:\Windows\system32\wbem\wmiprvse.exe,{e2c04bb9-417d-60c3-4400-000000000300},2012,C:\Windows\System32\svchost.exe,0x1410,C:\Windows\SYSTEM32\ntdll.dll+9d364|C:\Windows\System32\KERNELBASE.dll+305ee|C:\Windows\system32\wbem\cimwin32.dll+f46e|C:\Windows\system32\wbem\cimwin32.dll+faf5|C:\Windows\SYSTEM32\framedynos.dll+5722|C:\Windows\SYSTEM32\framedynos.dll+6ead|C:\Windows\system32\wbem\wmiprvse.exe+8ad1|C:\Windows\system32\wbem\wmiprvse.exe+8753|C:\Windows\System32\RPCRT4.dll+78553|C:\Windows\System32\RPCRT4.dll+12779|C:\Windows\System32\combase.dll+a8c82|C:\Windows\System32\RPCRT4.dll+5f1db|C:\Windows\System32\combase.dll+2b363|C:\Windows\System32\combase.dll+2b153|C:\Windows\System32\combase.dll+ab606|C:\Windows\System32\combase.dll+2f1aa|C:\Windows\System32\combase.dll+a772d|C:\Windows\System32\combase.dll+423fc|C:\Windows\System32\combase.dll+42e10|C:\Windows\System32\combase.dll+44448|C:\Windows\System32\RPCRT4.dll+598c8|C:\Windows\System32\RPCRT4.dll+48041|C:\Windows\System32\RPCRT4.dll+47b90|C:\Windows\System32\RPCRT4.dll+1c9bf,,,,,,,,,,,,,,,,,,,,,,,,,,,,,,,,,,,,,,,,,,,,,,,,,,,,,,,,,,,,,,,,,,,,,,,,,,,,,,,,,,,,,0,0,0,0,0,0,1,True
2021-06-12 01:07:28,707,Microsoft-Windows-Sysmon,{5770385f-c22a-43e0-bf4c-06f5698ffbd9},4,0x8000000000000000,Microsoft-Windows-Sysmon/Operational,WORKSTATION5,2021-06-11T09:07:28.188Z,2021-06-11T09:07:28.188Z,10,"Process accessed:
RuleName: MsMpEng
UtcTime: 2021-06-12 01:07:28.181
SourceProcessGUID: {e2c04bb9-a3f6-60c3-8600-000000000300}
SourceProcessId: 4752
SourceThreadId: 6660
SourceImage: C:\Windows\system32\wbem\wmiprvse.exe
TargetProcessGUID: {e2c04bb9-417d-60c3-4300-000000000300}
TargetProcessId: 1868
TargetImage: C:\Windows\System32\svchost.exe
GrantedAccess: 0x1410
CallTrace: C:\Windows\SYSTEM32\ntdll.dll+9d364|C:\Windows\System32\KERNELBASE.dll+305ee|C:\Windows\system32\wbem\cimwin32.dll+f46e|C:\Windows\system32\wbem\cimwin32.dll+faf5|C:\Windows\SYSTEM32\framedynos.dll+5722|C:\Windows\SYSTEM32\framedynos.dll+6ead|C:\Windows\system32\wbem\wmiprvse.exe+8ad1|C:\Windows\system32\wbem\wmiprvse.exe+8753|C:\Windows\System32\RPCRT4.dll+78553|C:\Windows\System32\RPCRT4.dll+12779|C:\Windows\System32\combase.dll+a8c82|C:\Windows\System32\RPCRT4.dll+5f1db|C:\Windows\System32\combase.dll+2b363|C:\Windows\System32\combase.dll+2b153|C:\Windows\System32\combase.dll+ab606|C:\Windows\System32\combase.dll+2f1aa|C:\Windows\System32\combase.dll+a772d|C:\Windows\System32\combase.dll+423fc|C:\Windows\System32\combase.dll+42e10|C:\Windows\System32\combase.dll+44448|C:\Windows\System32\RPCRT4.dll+598c8|C:\Windows\System32\RPCRT4.dll+48041|C:\Windows\System32\RPCRT4.dll+47b90|C:\Windows\System32\RPCRT4.dll+1c9bf",10,MsMpEng,,0,,,,,,,,,,,,,,,,,,,{e2c04bb9-a3f6-60c3-8600-000000000300},4752,6660.0,C:\Windows\system32\wbem\wmiprvse.exe,{e2c04bb9-417d-60c3-4300-000000000300},1868,C:\Windows\System32\svchost.exe,0x1410,C:\Windows\SYSTEM32\ntdll.dll+9d364|C:\Windows\System32\KERNELBASE.dll+305ee|C:\Windows\system32\wbem\cimwin32.dll+f46e|C:\Windows\system32\wbem\cimwin32.dll+faf5|C:\Windows\SYSTEM32\framedynos.dll+5722|C:\Windows\SYSTEM32\framedynos.dll+6ead|C:\Windows\system32\wbem\wmiprvse.exe+8ad1|C:\Windows\system32\wbem\wmiprvse.exe+8753|C:\Windows\System32\RPCRT4.dll+78553|C:\Windows\System32\RPCRT4.dll+12779|C:\Windows\System32\combase.dll+a8c82|C:\Windows\System32\RPCRT4.dll+5f1db|C:\Windows\System32\combase.dll+2b363|C:\Windows\System32\combase.dll+2b153|C:\Windows\System32\combase.dll+ab606|C:\Windows\System32\combase.dll+2f1aa|C:\Windows\System32\combase.dll+a772d|C:\Windows\System32\combase.dll+423fc|C:\Windows\System32\combase.dll+42e10|C:\Windows\System32\combase.dll+44448|C:\Windows\System32\RPCRT4.dll+598c8|C:\Windows\System32\RPCRT4.dll+48041|C:\Windows\System32\RPCRT4.dll+47b90|C:\Windows\System32\RPCRT4.dll+1c9bf,,,,,,,,,,,,,,,,,,,,,,,,,,,,,,,,,,,,,,,,,,,,,,,,,,,,,,,,,,,,,,,,,,,,,,,,,,,,,,,,,,,,,0,0,0,0,0,0,1,True
2021-06-12 01:07:28,706,Microsoft-Windows-Sysmon,{5770385f-c22a-43e0-bf4c-06f5698ffbd9},4,0x8000000000000000,Microsoft-Windows-Sysmon/Operational,WORKSTATION5,2021-06-11T09:07:28.188Z,2021-06-11T09:07:28.188Z,10,"Process accessed:
RuleName: MsMpEng
UtcTime: 2021-06-12 01:07:28.181
SourceProcessGUID: {e2c04bb9-a3f6-60c3-8600-000000000300}
SourceProcessId: 4752
SourceThreadId: 6660
SourceImage: C:\Windows\system32\wbem\wmiprvse.exe
TargetProcessGUID: {e2c04bb9-417d-60c3-4000-000000000300}
TargetProcessId: 1892
TargetImage: C:\Windows\system32\svchost.exe
GrantedAccess: 0x1410
CallTrace: C:\Windows\SYSTEM32\ntdll.dll+9d364|C:\Windows\System32\KERNELBASE.dll+305ee|C:\Windows\system32\wbem\cimwin32.dll+f46e|C:\Windows\system32\wbem\cimwin32.dll+faf5|C:\Windows\SYSTEM32\framedynos.dll+5722|C:\Windows\SYSTEM32\framedynos.dll+6ead|C:\Windows\system32\wbem\wmiprvse.exe+8ad1|C:\Windows\system32\wbem\wmiprvse.exe+8753|C:\Windows\System32\RPCRT4.dll+78553|C:\Windows\System32\RPCRT4.dll+12779|C:\Windows\System32\combase.dll+a8c82|C:\Windows\System32\RPCRT4.dll+5f1db|C:\Windows\System32\combase.dll+2b363|C:\Windows\System32\combase.dll+2b153|C:\Windows\System32\combase.dll+ab606|C:\Windows\System32\combase.dll+2f1aa|C:\Windows\System32\combase.dll+a772d|C:\Windows\System32\combase.dll+423fc|C:\Windows\System32\combase.dll+42e10|C:\Windows\System32\combase.dll+44448|C:\Windows\System32\RPCRT4.dll+598c8|C:\Windows\System32\RPCRT4.dll+48041|C:\Windows\System32\RPCRT4.dll+47b90|C:\Windows\System32\RPCRT4.dll+1c9bf",10,MsMpEng,,0,,,,,,,,,,,,,,,,,,,{e2c04bb9-a3f6-60c3-8600-000000000300},4752,6660.0,C:\Windows\system32\wbem\wmiprvse.exe,{e2c04bb9-417d-60c3-4000-000000000300},1892,C:\Windows\system32\svchost.exe,0x1410,C:\Windows\SYSTEM32\ntdll.dll+9d364|C:\Windows\System32\KERNELBASE.dll+305ee|C:\Windows\system32\wbem\cimwin32.dll+f46e|C:\Windows\system32\wbem\cimwin32.dll+faf5|C:\Windows\SYSTEM32\framedynos.dll+5722|C:\Windows\SYSTEM32\framedynos.dll+6ead|C:\Windows\system32\wbem\wmiprvse.exe+8ad1|C:\Windows\system32\wbem\wmiprvse.exe+8753|C:\Windows\System32\RPCRT4.dll+78553|C:\Windows\System32\RPCRT4.dll+12779|C:\Windows\System32\combase.dll+a8c82|C:\Windows\System32\RPCRT4.dll+5f1db|C:\Windows\System32\combase.dll+2b363|C:\Windows\System32\combase.dll+2b153|C:\Windows\System32\combase.dll+ab606|C:\Windows\System32\combase.dll+2f1aa|C:\Windows\System32\combase.dll+a772d|C:\Windows\System32\combase.dll+423fc|C:\Windows\System32\combase.dll+42e10|C:\Windows\System32\combase.dll+44448|C:\Windows\System32\RPCRT4.dll+598c8|C:\Windows\System32\RPCRT4.dll+48041|C:\Windows\System32\RPCRT4.dll+47b90|C:\Windows\System32\RPCRT4.dll+1c9bf,,,,,,,,,,,,,,,,,,,,,,,,,,,,,,,,,,,,,,,,,,,,,,,,,,,,,,,,,,,,,,,,,,,,,,,,,,,,,,,,,,,,,0,0,0,0,0,0,1,True
2021-06-12 01:07:28,705,Microsoft-Windows-Sysmon,{5770385f-c22a-43e0-bf4c-06f5698ffbd9},4,0x8000000000000000,Microsoft-Windows-Sysmon/Operational,WORKSTATION5,2021-06-11T09:07:28.188Z,2021-06-11T09:07:28.188Z,10,"Process accessed:
RuleName: MsMpEng
UtcTime: 2021-06-12 01:07:28.181
SourceProcessGUID: {e2c04bb9-a3f6-60c3-8600-000000000300}
SourceProcessId: 4752
SourceThreadId: 6660
SourceImage: C:\Windows\system32\wbem\wmiprvse.exe
TargetProcessGUID: {e2c04bb9-417d-60c3-3f00-000000000300}
TargetProcessId: 1900
TargetImage: C:\Windows\system32\svchost.exe
GrantedAccess: 0x1410
CallTrace: C:\Windows\SYSTEM32\ntdll.dll+9d364|C:\Windows\System32\KERNELBASE.dll+305ee|C:\Windows\system32\wbem\cimwin32.dll+f46e|C:\Windows\system32\wbem\cimwin32.dll+faf5|C:\Windows\SYSTEM32\framedynos.dll+5722|C:\Windows\SYSTEM32\framedynos.dll+6ead|C:\Windows\system32\wbem\wmiprvse.exe+8ad1|C:\Windows\system32\wbem\wmiprvse.exe+8753|C:\Windows\System32\RPCRT4.dll+78553|C:\Windows\System32\RPCRT4.dll+12779|C:\Windows\System32\combase.dll+a8c82|C:\Windows\System32\RPCRT4.dll+5f1db|C:\Windows\System32\combase.dll+2b363|C:\Windows\System32\combase.dll+2b153|C:\Windows\System32\combase.dll+ab606|C:\Windows\System32\combase.dll+2f1aa|C:\Windows\System32\combase.dll+a772d|C:\Windows\System32\combase.dll+423fc|C:\Windows\System32\combase.dll+42e10|C:\Windows\System32\combase.dll+44448|C:\Windows\System32\RPCRT4.dll+598c8|C:\Windows\System32\RPCRT4.dll+48041|C:\Windows\System32\RPCRT4.dll+47b90|C:\Windows\System32\RPCRT4.dll+1c9bf",10,MsMpEng,,0,,,,,,,,,,,,,,,,,,,{e2c04bb9-a3f6-60c3-8600-000000000300},4752,6660.0,C:\Windows\system32\wbem\wmiprvse.exe,{e2c04bb9-417d-60c3-3f00-000000000300},1900,C:\Windows\system32\svchost.exe,0x1410,C:\Windows\SYSTEM32\ntdll.dll+9d364|C:\Windows\System32\KERNELBASE.dll+305ee|C:\Windows\system32\wbem\cimwin32.dll+f46e|C:\Windows\system32\wbem\cimwin32.dll+faf5|C:\Windows\SYSTEM32\framedynos.dll+5722|C:\Windows\SYSTEM32\framedynos.dll+6ead|C:\Windows\system32\wbem\wmiprvse.exe+8ad1|C:\Windows\system32\wbem\wmiprvse.exe+8753|C:\Windows\System32\RPCRT4.dll+78553|C:\Windows\System32\RPCRT4.dll+12779|C:\Windows\System32\combase.dll+a8c82|C:\Windows\System32\RPCRT4.dll+5f1db|C:\Windows\System32\combase.dll+2b363|C:\Windows\System32\combase.dll+2b153|C:\Windows\System32\combase.dll+ab606|C:\Windows\System32\combase.dll+2f1aa|C:\Windows\System32\combase.dll+a772d|C:\Windows\System32\combase.dll+423fc|C:\Windows\System32\combase.dll+42e10|C:\Windows\System32\combase.dll+44448|C:\Windows\System32\RPCRT4.dll+598c8|C:\Windows\System32\RPCRT4.dll+48041|C:\Windows\System32\RPCRT4.dll+47b90|C:\Windows\System32\RPCRT4.dll+1c9bf,,,,,,,,,,,,,,,,,,,,,,,,,,,,,,,,,,,,,,,,,,,,,,,,,,,,,,,,,,,,,,,,,,,,,,,,,,,,,,,,,,,,,0,0,0,0,0,0,1,True
2021-06-12 01:07:28,704,Microsoft-Windows-Sysmon,{5770385f-c22a-43e0-bf4c-06f5698ffbd9},4,0x8000000000000000,Microsoft-Windows-Sysmon/Operational,WORKSTATION5,2021-06-11T09:07:28.187Z,2021-06-11T09:07:28.187Z,10,"Process accessed:
RuleName: MsMpEng
UtcTime: 2021-06-12 01:07:28.181
SourceProcessGUID: {e2c04bb9-a3f6-60c3-8600-000000000300}
SourceProcessId: 4752
SourceThreadId: 6660
SourceImage: C:\Windows\system32\wbem\wmiprvse.exe
TargetProcessGUID: {e2c04bb9-417d-60c3-3e00-000000000300}
TargetProcessId: 1816
TargetImage: C:\Windows\System32\svchost.exe
GrantedAccess: 0x1410
CallTrace: C:\Windows\SYSTEM32\ntdll.dll+9d364|C:\Windows\System32\KERNELBASE.dll+305ee|C:\Windows\system32\wbem\cimwin32.dll+f46e|C:\Windows\system32\wbem\cimwin32.dll+faf5|C:\Windows\SYSTEM32\framedynos.dll+5722|C:\Windows\SYSTEM32\framedynos.dll+6ead|C:\Windows\system32\wbem\wmiprvse.exe+8ad1|C:\Windows\system32\wbem\wmiprvse.exe+8753|C:\Windows\System32\RPCRT4.dll+78553|C:\Windows\System32\RPCRT4.dll+12779|C:\Windows\System32\combase.dll+a8c82|C:\Windows\System32\RPCRT4.dll+5f1db|C:\Windows\System32\combase.dll+2b363|C:\Windows\System32\combase.dll+2b153|C:\Windows\System32\combase.dll+ab606|C:\Windows\System32\combase.dll+2f1aa|C:\Windows\System32\combase.dll+a772d|C:\Windows\System32\combase.dll+423fc|C:\Windows\System32\combase.dll+42e10|C:\Windows\System32\combase.dll+44448|C:\Windows\System32\RPCRT4.dll+598c8|C:\Windows\System32\RPCRT4.dll+48041|C:\Windows\System32\RPCRT4.dll+47b90|C:\Windows\System32\RPCRT4.dll+1c9bf",10,MsMpEng,,0,,,,,,,,,,,,,,,,,,,{e2c04bb9-a3f6-60c3-8600-000000000300},4752,6660.0,C:\Windows\system32\wbem\wmiprvse.exe,{e2c04bb9-417d-60c3-3e00-000000000300},1816,C:\Windows\System32\svchost.exe,0x1410,C:\Windows\SYSTEM32\ntdll.dll+9d364|C:\Windows\System32\KERNELBASE.dll+305ee|C:\Windows\system32\wbem\cimwin32.dll+f46e|C:\Windows\system32\wbem\cimwin32.dll+faf5|C:\Windows\SYSTEM32\framedynos.dll+5722|C:\Windows\SYSTEM32\framedynos.dll+6ead|C:\Windows\system32\wbem\wmiprvse.exe+8ad1|C:\Windows\system32\wbem\wmiprvse.exe+8753|C:\Windows\System32\RPCRT4.dll+78553|C:\Windows\System32\RPCRT4.dll+12779|C:\Windows\System32\combase.dll+a8c82|C:\Windows\System32\RPCRT4.dll+5f1db|C:\Windows\System32\combase.dll+2b363|C:\Windows\System32\combase.dll+2b153|C:\Windows\System32\combase.dll+ab606|C:\Windows\System32\combase.dll+2f1aa|C:\Windows\System32\combase.dll+a772d|C:\Windows\System32\combase.dll+423fc|C:\Windows\System32\combase.dll+42e10|C:\Windows\System32\combase.dll+44448|C:\Windows\System32\RPCRT4.dll+598c8|C:\Windows\System32\RPCRT4.dll+48041|C:\Windows\System32\RPCRT4.dll+47b90|C:\Windows\System32\RPCRT4.dll+1c9bf,,,,,,,,,,,,,,,,,,,,,,,,,,,,,,,,,,,,,,,,,,,,,,,,,,,,,,,,,,,,,,,,,,,,,,,,,,,,,,,,,,,,,0,0,0,0,0,0,1,True
2021-06-12 01:07:28,703,Microsoft-Windows-Sysmon,{5770385f-c22a-43e0-bf4c-06f5698ffbd9},4,0x8000000000000000,Microsoft-Windows-Sysmon/Operational,WORKSTATION5,2021-06-11T09:07:28.187Z,2021-06-11T09:07:28.187Z,10,"Process accessed:
RuleName: MsMpEng
UtcTime: 2021-06-12 01:07:28.181
SourceProcessGUID: {e2c04bb9-a3f6-60c3-8600-000000000300}
SourceProcessId: 4752
SourceThreadId: 6660
SourceImage: C:\Windows\system32\wbem\wmiprvse.exe
TargetProcessGUID: {e2c04bb9-417d-60c3-3d00-000000000300}
TargetProcessId: 1724
TargetImage: C:\Windows\system32\svchost.exe
GrantedAccess: 0x1410
CallTrace: C:\Windows\SYSTEM32\ntdll.dll+9d364|C:\Windows\System32\KERNELBASE.dll+305ee|C:\Windows\system32\wbem\cimwin32.dll+f46e|C:\Windows\system32\wbem\cimwin32.dll+faf5|C:\Windows\SYSTEM32\framedynos.dll+5722|C:\Windows\SYSTEM32\framedynos.dll+6ead|C:\Windows\system32\wbem\wmiprvse.exe+8ad1|C:\Windows\system32\wbem\wmiprvse.exe+8753|C:\Windows\System32\RPCRT4.dll+78553|C:\Windows\System32\RPCRT4.dll+12779|C:\Windows\System32\combase.dll+a8c82|C:\Windows\System32\RPCRT4.dll+5f1db|C:\Windows\System32\combase.dll+2b363|C:\Windows\System32\combase.dll+2b153|C:\Windows\System32\combase.dll+ab606|C:\Windows\System32\combase.dll+2f1aa|C:\Windows\System32\combase.dll+a772d|C:\Windows\System32\combase.dll+423fc|C:\Windows\System32\combase.dll+42e10|C:\Windows\System32\combase.dll+44448|C:\Windows\System32\RPCRT4.dll+598c8|C:\Windows\System32\RPCRT4.dll+48041|C:\Windows\System32\RPCRT4.dll+47b90|C:\Windows\System32\RPCRT4.dll+1c9bf",10,MsMpEng,,0,,,,,,,,,,,,,,,,,,,{e2c04bb9-a3f6-60c3-8600-000000000300},4752,6660.0,C:\Windows\system32\wbem\wmiprvse.exe,{e2c04bb9-417d-60c3-3d00-000000000300},1724,C:\Windows\system32\svchost.exe,0x1410,C:\Windows\SYSTEM32\ntdll.dll+9d364|C:\Windows\System32\KERNELBASE.dll+305ee|C:\Windows\system32\wbem\cimwin32.dll+f46e|C:\Windows\system32\wbem\cimwin32.dll+faf5|C:\Windows\SYSTEM32\framedynos.dll+5722|C:\Windows\SYSTEM32\framedynos.dll+6ead|C:\Windows\system32\wbem\wmiprvse.exe+8ad1|C:\Windows\system32\wbem\wmiprvse.exe+8753|C:\Windows\System32\RPCRT4.dll+78553|C:\Windows\System32\RPCRT4.dll+12779|C:\Windows\System32\combase.dll+a8c82|C:\Windows\System32\RPCRT4.dll+5f1db|C:\Windows\System32\combase.dll+2b363|C:\Windows\System32\combase.dll+2b153|C:\Windows\System32\combase.dll+ab606|C:\Windows\System32\combase.dll+2f1aa|C:\Windows\System32\combase.dll+a772d|C:\Windows\System32\combase.dll+423fc|C:\Windows\System32\combase.dll+42e10|C:\Windows\System32\combase.dll+44448|C:\Windows\System32\RPCRT4.dll+598c8|C:\Windows\System32\RPCRT4.dll+48041|C:\Windows\System32\RPCRT4.dll+47b90|C:\Windows\System32\RPCRT4.dll+1c9bf,,,,,,,,,,,,,,,,,,,,,,,,,,,,,,,,,,,,,,,,,,,,,,,,,,,,,,,,,,,,,,,,,,,,,,,,,,,,,,,,,,,,,0,0,0,0,0,0,1,True
2021-06-12 01:07:28,702,Microsoft-Windows-Sysmon,{5770385f-c22a-43e0-bf4c-06f5698ffbd9},4,0x8000000000000000,Microsoft-Windows-Sysmon/Operational,WORKSTATION5,2021-06-11T09:07:28.187Z,2021-06-11T09:07:28.187Z,10,"Process accessed:
RuleName: MsMpEng
UtcTime: 2021-06-12 01:07:28.181
SourceProcessGUID: {e2c04bb9-a3f6-60c3-8600-000000000300}
SourceProcessId: 4752
SourceThreadId: 6660
SourceImage: C:\Windows\system32\wbem\wmiprvse.exe
TargetProcessGUID: {e2c04bb9-417d-60c3-3c00-000000000300}
TargetProcessId: 1640
TargetImage: C:\Windows\system32\svchost.exe
GrantedAccess: 0x1410
CallTrace: C:\Windows\SYSTEM32\ntdll.dll+9d364|C:\Windows\System32\KERNELBASE.dll+305ee|C:\Windows\system32\wbem\cimwin32.dll+f46e|C:\Windows\system32\wbem\cimwin32.dll+faf5|C:\Windows\SYSTEM32\framedynos.dll+5722|C:\Windows\SYSTEM32\framedynos.dll+6ead|C:\Windows\system32\wbem\wmiprvse.exe+8ad1|C:\Windows\system32\wbem\wmiprvse.exe+8753|C:\Windows\System32\RPCRT4.dll+78553|C:\Windows\System32\RPCRT4.dll+12779|C:\Windows\System32\combase.dll+a8c82|C:\Windows\System32\RPCRT4.dll+5f1db|C:\Windows\System32\combase.dll+2b363|C:\Windows\System32\combase.dll+2b153|C:\Windows\System32\combase.dll+ab606|C:\Windows\System32\combase.dll+2f1aa|C:\Windows\System32\combase.dll+a772d|C:\Windows\System32\combase.dll+423fc|C:\Windows\System32\combase.dll+42e10|C:\Windows\System32\combase.dll+44448|C:\Windows\System32\RPCRT4.dll+598c8|C:\Windows\System32\RPCRT4.dll+48041|C:\Windows\System32\RPCRT4.dll+47b90|C:\Windows\System32\RPCRT4.dll+1c9bf",10,MsMpEng,,0,,,,,,,,,,,,,,,,,,,{e2c04bb9-a3f6-60c3-8600-000000000300},4752,6660.0,C:\Windows\system32\wbem\wmiprvse.exe,{e2c04bb9-417d-60c3-3c00-000000000300},1640,C:\Windows\system32\svchost.exe,0x1410,C:\Windows\SYSTEM32\ntdll.dll+9d364|C:\Windows\System32\KERNELBASE.dll+305ee|C:\Windows\system32\wbem\cimwin32.dll+f46e|C:\Windows\system32\wbem\cimwin32.dll+faf5|C:\Windows\SYSTEM32\framedynos.dll+5722|C:\Windows\SYSTEM32\framedynos.dll+6ead|C:\Windows\system32\wbem\wmiprvse.exe+8ad1|C:\Windows\system32\wbem\wmiprvse.exe+8753|C:\Windows\System32\RPCRT4.dll+78553|C:\Windows\System32\RPCRT4.dll+12779|C:\Windows\System32\combase.dll+a8c82|C:\Windows\System32\RPCRT4.dll+5f1db|C:\Windows\System32\combase.dll+2b363|C:\Windows\System32\combase.dll+2b153|C:\Windows\System32\combase.dll+ab606|C:\Windows\System32\combase.dll+2f1aa|C:\Windows\System32\combase.dll+a772d|C:\Windows\System32\combase.dll+423fc|C:\Windows\System32\combase.dll+42e10|C:\Windows\System32\combase.dll+44448|C:\Windows\System32\RPCRT4.dll+598c8|C:\Windows\System32\RPCRT4.dll+48041|C:\Windows\System32\RPCRT4.dll+47b90|C:\Windows\System32\RPCRT4.dll+1c9bf,,,,,,,,,,,,,,,,,,,,,,,,,,,,,,,,,,,,,,,,,,,,,,,,,,,,,,,,,,,,,,,,,,,,,,,,,,,,,,,,,,,,,0,0,0,0,0,0,1,True
2021-06-12 01:07:28,701,Microsoft-Windows-Sysmon,{5770385f-c22a-43e0-bf4c-06f5698ffbd9},4,0x8000000000000000,Microsoft-Windows-Sysmon/Operational,WORKSTATION5,2021-06-11T09:07:28.187Z,2021-06-11T09:07:28.187Z,10,"Process accessed:
RuleName: MsMpEng
UtcTime: 2021-06-12 01:07:28.181
SourceProcessGUID: {e2c04bb9-a3f6-60c3-8600-000000000300}
SourceProcessId: 4752
SourceThreadId: 6660
SourceImage: C:\Windows\system32\wbem\wmiprvse.exe
TargetProcessGUID: {e2c04bb9-417d-60c3-3b00-000000000300}
TargetProcessId: 1072
TargetImage: C:\Windows\System32\svchost.exe
GrantedAccess: 0x1410
CallTrace: C:\Windows\SYSTEM32\ntdll.dll+9d364|C:\Windows\System32\KERNELBASE.dll+305ee|C:\Windows\system32\wbem\cimwin32.dll+f46e|C:\Windows\system32\wbem\cimwin32.dll+faf5|C:\Windows\SYSTEM32\framedynos.dll+5722|C:\Windows\SYSTEM32\framedynos.dll+6ead|C:\Windows\system32\wbem\wmiprvse.exe+8ad1|C:\Windows\system32\wbem\wmiprvse.exe+8753|C:\Windows\System32\RPCRT4.dll+78553|C:\Windows\System32\RPCRT4.dll+12779|C:\Windows\System32\combase.dll+a8c82|C:\Windows\System32\RPCRT4.dll+5f1db|C:\Windows\System32\combase.dll+2b363|C:\Windows\System32\combase.dll+2b153|C:\Windows\System32\combase.dll+ab606|C:\Windows\System32\combase.dll+2f1aa|C:\Windows\System32\combase.dll+a772d|C:\Windows\System32\combase.dll+423fc|C:\Windows\System32\combase.dll+42e10|C:\Windows\System32\combase.dll+44448|C:\Windows\System32\RPCRT4.dll+598c8|C:\Windows\System32\RPCRT4.dll+48041|C:\Windows\System32\RPCRT4.dll+47b90|C:\Windows\System32\RPCRT4.dll+1c9bf",10,MsMpEng,,0,,,,,,,,,,,,,,,,,,,{e2c04bb9-a3f6-60c3-8600-000000000300},4752,6660.0,C:\Windows\system32\wbem\wmiprvse.exe,{e2c04bb9-417d-60c3-3b00-000000000300},1072,C:\Windows\System32\svchost.exe,0x1410,C:\Windows\SYSTEM32\ntdll.dll+9d364|C:\Windows\System32\KERNELBASE.dll+305ee|C:\Windows\system32\wbem\cimwin32.dll+f46e|C:\Windows\system32\wbem\cimwin32.dll+faf5|C:\Windows\SYSTEM32\framedynos.dll+5722|C:\Windows\SYSTEM32\framedynos.dll+6ead|C:\Windows\system32\wbem\wmiprvse.exe+8ad1|C:\Windows\system32\wbem\wmiprvse.exe+8753|C:\Windows\System32\RPCRT4.dll+78553|C:\Windows\System32\RPCRT4.dll+12779|C:\Windows\System32\combase.dll+a8c82|C:\Windows\System32\RPCRT4.dll+5f1db|C:\Windows\System32\combase.dll+2b363|C:\Windows\System32\combase.dll+2b153|C:\Windows\System32\combase.dll+ab606|C:\Windows\System32\combase.dll+2f1aa|C:\Windows\System32\combase.dll+a772d|C:\Windows\System32\combase.dll+423fc|C:\Windows\System32\combase.dll+42e10|C:\Windows\System32\combase.dll+44448|C:\Windows\System32\RPCRT4.dll+598c8|C:\Windows\System32\RPCRT4.dll+48041|C:\Windows\System32\RPCRT4.dll+47b90|C:\Windows\System32\RPCRT4.dll+1c9bf,,,,,,,,,,,,,,,,,,,,,,,,,,,,,,,,,,,,,,,,,,,,,,,,,,,,,,,,,,,,,,,,,,,,,,,,,,,,,,,,,,,,,0,0,0,0,0,0,1,True
2021-06-12 01:07:28,700,Microsoft-Windows-Sysmon,{5770385f-c22a-43e0-bf4c-06f5698ffbd9},4,0x8000000000000000,Microsoft-Windows-Sysmon/Operational,WORKSTATION5,2021-06-11T09:07:28.187Z,2021-06-11T09:07:28.187Z,10,"Process accessed:
RuleName: MsMpEng
UtcTime: 2021-06-12 01:07:28.181
SourceProcessGUID: {e2c04bb9-a3f6-60c3-8600-000000000300}
SourceProcessId: 4752
SourceThreadId: 6660
SourceImage: C:\Windows\system32\wbem\wmiprvse.exe
TargetProcessGUID: {e2c04bb9-417b-60c3-3800-000000000300}
TargetProcessId: 1000
TargetImage: C:\Windows\System32\svchost.exe
GrantedAccess: 0x1410
CallTrace: C:\Windows\SYSTEM32\ntdll.dll+9d364|C:\Windows\System32\KERNELBASE.dll+305ee|C:\Windows\system32\wbem\cimwin32.dll+f46e|C:\Windows\system32\wbem\cimwin32.dll+faf5|C:\Windows\SYSTEM32\framedynos.dll+5722|C:\Windows\SYSTEM32\framedynos.dll+6ead|C:\Windows\system32\wbem\wmiprvse.exe+8ad1|C:\Windows\system32\wbem\wmiprvse.exe+8753|C:\Windows\System32\RPCRT4.dll+78553|C:\Windows\System32\RPCRT4.dll+12779|C:\Windows\System32\combase.dll+a8c82|C:\Windows\System32\RPCRT4.dll+5f1db|C:\Windows\System32\combase.dll+2b363|C:\Windows\System32\combase.dll+2b153|C:\Windows\System32\combase.dll+ab606|C:\Windows\System32\combase.dll+2f1aa|C:\Windows\System32\combase.dll+a772d|C:\Windows\System32\combase.dll+423fc|C:\Windows\System32\combase.dll+42e10|C:\Windows\System32\combase.dll+44448|C:\Windows\System32\RPCRT4.dll+598c8|C:\Windows\System32\RPCRT4.dll+48041|C:\Windows\System32\RPCRT4.dll+47b90|C:\Windows\System32\RPCRT4.dll+1c9bf",10,MsMpEng,,0,,,,,,,,,,,,,,,,,,,{e2c04bb9-a3f6-60c3-8600-000000000300},4752,6660.0,C:\Windows\system32\wbem\wmiprvse.exe,{e2c04bb9-417b-60c3-3800-000000000300},1000,C:\Windows\System32\svchost.exe,0x1410,C:\Windows\SYSTEM32\ntdll.dll+9d364|C:\Windows\System32\KERNELBASE.dll+305ee|C:\Windows\system32\wbem\cimwin32.dll+f46e|C:\Windows\system32\wbem\cimwin32.dll+faf5|C:\Windows\SYSTEM32\framedynos.dll+5722|C:\Windows\SYSTEM32\framedynos.dll+6ead|C:\Windows\system32\wbem\wmiprvse.exe+8ad1|C:\Windows\system32\wbem\wmiprvse.exe+8753|C:\Windows\System32\RPCRT4.dll+78553|C:\Windows\System32\RPCRT4.dll+12779|C:\Windows\System32\combase.dll+a8c82|C:\Windows\System32\RPCRT4.dll+5f1db|C:\Windows\System32\combase.dll+2b363|C:\Windows\System32\combase.dll+2b153|C:\Windows\System32\combase.dll+ab606|C:\Windows\System32\combase.dll+2f1aa|C:\Windows\System32\combase.dll+a772d|C:\Windows\System32\combase.dll+423fc|C:\Windows\System32\combase.dll+42e10|C:\Windows\System32\combase.dll+44448|C:\Windows\System32\RPCRT4.dll+598c8|C:\Windows\System32\RPCRT4.dll+48041|C:\Windows\System32\RPCRT4.dll+47b90|C:\Windows\System32\RPCRT4.dll+1c9bf,,,,,,,,,,,,,,,,,,,,,,,,,,,,,,,,,,,,,,,,,,,,,,,,,,,,,,,,,,,,,,,,,,,,,,,,,,,,,,,,,,,,,0,0,0,0,0,0,1,True
2021-06-12 01:07:28,699,Microsoft-Windows-Sysmon,{5770385f-c22a-43e0-bf4c-06f5698ffbd9},4,0x8000000000000000,Microsoft-Windows-Sysmon/Operational,WORKSTATION5,2021-06-11T09:07:28.187Z,2021-06-11T09:07:28.187Z,10,"Process accessed:
RuleName: MsMpEng
UtcTime: 2021-06-12 01:07:28.181
SourceProcessGUID: {e2c04bb9-a3f6-60c3-8600-000000000300}
SourceProcessId: 4752
SourceThreadId: 6660
SourceImage: C:\Windows\system32\wbem\wmiprvse.exe
TargetProcessGUID: {e2c04bb9-417b-60c3-3700-000000000300}
TargetProcessId: 868
TargetImage: C:\Windows\System32\svchost.exe
GrantedAccess: 0x1410
CallTrace: C:\Windows\SYSTEM32\ntdll.dll+9d364|C:\Windows\System32\KERNELBASE.dll+305ee|C:\Windows\system32\wbem\cimwin32.dll+f46e|C:\Windows\system32\wbem\cimwin32.dll+faf5|C:\Windows\SYSTEM32\framedynos.dll+5722|C:\Windows\SYSTEM32\framedynos.dll+6ead|C:\Windows\system32\wbem\wmiprvse.exe+8ad1|C:\Windows\system32\wbem\wmiprvse.exe+8753|C:\Windows\System32\RPCRT4.dll+78553|C:\Windows\System32\RPCRT4.dll+12779|C:\Windows\System32\combase.dll+a8c82|C:\Windows\System32\RPCRT4.dll+5f1db|C:\Windows\System32\combase.dll+2b363|C:\Windows\System32\combase.dll+2b153|C:\Windows\System32\combase.dll+ab606|C:\Windows\System32\combase.dll+2f1aa|C:\Windows\System32\combase.dll+a772d|C:\Windows\System32\combase.dll+423fc|C:\Windows\System32\combase.dll+42e10|C:\Windows\System32\combase.dll+44448|C:\Windows\System32\RPCRT4.dll+598c8|C:\Windows\System32\RPCRT4.dll+48041|C:\Windows\System32\RPCRT4.dll+47b90|C:\Windows\System32\RPCRT4.dll+1c9bf",10,MsMpEng,,0,,,,,,,,,,,,,,,,,,,{e2c04bb9-a3f6-60c3-8600-000000000300},4752,6660.0,C:\Windows\system32\wbem\wmiprvse.exe,{e2c04bb9-417b-60c3-3700-000000000300},868,C:\Windows\System32\svchost.exe,0x1410,C:\Windows\SYSTEM32\ntdll.dll+9d364|C:\Windows\System32\KERNELBASE.dll+305ee|C:\Windows\system32\wbem\cimwin32.dll+f46e|C:\Windows\system32\wbem\cimwin32.dll+faf5|C:\Windows\SYSTEM32\framedynos.dll+5722|C:\Windows\SYSTEM32\framedynos.dll+6ead|C:\Windows\system32\wbem\wmiprvse.exe+8ad1|C:\Windows\system32\wbem\wmiprvse.exe+8753|C:\Windows\System32\RPCRT4.dll+78553|C:\Windows\System32\RPCRT4.dll+12779|C:\Windows\System32\combase.dll+a8c82|C:\Windows\System32\RPCRT4.dll+5f1db|C:\Windows\System32\combase.dll+2b363|C:\Windows\System32\combase.dll+2b153|C:\Windows\System32\combase.dll+ab606|C:\Windows\System32\combase.dll+2f1aa|C:\Windows\System32\combase.dll+a772d|C:\Windows\System32\combase.dll+423fc|C:\Windows\System32\combase.dll+42e10|C:\Windows\System32\combase.dll+44448|C:\Windows\System32\RPCRT4.dll+598c8|C:\Windows\System32\RPCRT4.dll+48041|C:\Windows\System32\RPCRT4.dll+47b90|C:\Windows\System32\RPCRT4.dll+1c9bf,,,,,,,,,,,,,,,,,,,,,,,,,,,,,,,,,,,,,,,,,,,,,,,,,,,,,,,,,,,,,,,,,,,,,,,,,,,,,,,,,,,,,0,0,0,0,0,0,1,True
2021-06-12 01:07:28,698,Microsoft-Windows-Sysmon,{5770385f-c22a-43e0-bf4c-06f5698ffbd9},4,0x8000000000000000,Microsoft-Windows-Sysmon/Operational,WORKSTATION5,2021-06-11T09:07:28.186Z,2021-06-11T09:07:28.186Z,10,"Process accessed:
RuleName: MsMpEng
UtcTime: 2021-06-12 01:07:28.181
SourceProcessGUID: {e2c04bb9-a3f6-60c3-8600-000000000300}
SourceProcessId: 4752
SourceThreadId: 6660
SourceImage: C:\Windows\system32\wbem\wmiprvse.exe
TargetProcessGUID: {e2c04bb9-a35d-60c3-1c00-000000000300}
TargetProcessId: 1308
TargetImage: C:\Windows\system32\svchost.exe
GrantedAccess: 0x1410
CallTrace: C:\Windows\SYSTEM32\ntdll.dll+9d364|C:\Windows\System32\KERNELBASE.dll+305ee|C:\Windows\system32\wbem\cimwin32.dll+f46e|C:\Windows\system32\wbem\cimwin32.dll+faf5|C:\Windows\SYSTEM32\framedynos.dll+5722|C:\Windows\SYSTEM32\framedynos.dll+6ead|C:\Windows\system32\wbem\wmiprvse.exe+8ad1|C:\Windows\system32\wbem\wmiprvse.exe+8753|C:\Windows\System32\RPCRT4.dll+78553|C:\Windows\System32\RPCRT4.dll+12779|C:\Windows\System32\combase.dll+a8c82|C:\Windows\System32\RPCRT4.dll+5f1db|C:\Windows\System32\combase.dll+2b363|C:\Windows\System32\combase.dll+2b153|C:\Windows\System32\combase.dll+ab606|C:\Windows\System32\combase.dll+2f1aa|C:\Windows\System32\combase.dll+a772d|C:\Windows\System32\combase.dll+423fc|C:\Windows\System32\combase.dll+42e10|C:\Windows\System32\combase.dll+44448|C:\Windows\System32\RPCRT4.dll+598c8|C:\Windows\System32\RPCRT4.dll+48041|C:\Windows\System32\RPCRT4.dll+47b90|C:\Windows\System32\RPCRT4.dll+1c9bf",10,MsMpEng,,0,,,,,,,,,,,,,,,,,,,{e2c04bb9-a3f6-60c3-8600-000000000300},4752,6660.0,C:\Windows\system32\wbem\wmiprvse.exe,{e2c04bb9-a35d-60c3-1c00-000000000300},1308,C:\Windows\system32\svchost.exe,0x1410,C:\Windows\SYSTEM32\ntdll.dll+9d364|C:\Windows\System32\KERNELBASE.dll+305ee|C:\Windows\system32\wbem\cimwin32.dll+f46e|C:\Windows\system32\wbem\cimwin32.dll+faf5|C:\Windows\SYSTEM32\framedynos.dll+5722|C:\Windows\SYSTEM32\framedynos.dll+6ead|C:\Windows\system32\wbem\wmiprvse.exe+8ad1|C:\Windows\system32\wbem\wmiprvse.exe+8753|C:\Windows\System32\RPCRT4.dll+78553|C:\Windows\System32\RPCRT4.dll+12779|C:\Windows\System32\combase.dll+a8c82|C:\Windows\System32\RPCRT4.dll+5f1db|C:\Windows\System32\combase.dll+2b363|C:\Windows\System32\combase.dll+2b153|C:\Windows\System32\combase.dll+ab606|C:\Windows\System32\combase.dll+2f1aa|C:\Windows\System32\combase.dll+a772d|C:\Windows\System32\combase.dll+423fc|C:\Windows\System32\combase.dll+42e10|C:\Windows\System32\combase.dll+44448|C:\Windows\System32\RPCRT4.dll+598c8|C:\Windows\System32\RPCRT4.dll+48041|C:\Windows\System32\RPCRT4.dll+47b90|C:\Windows\System32\RPCRT4.dll+1c9bf,,,,,,,,,,,,,,,,,,,,,,,,,,,,,,,,,,,,,,,,,,,,,,,,,,,,,,,,,,,,,,,,,,,,,,,,,,,,,,,,,,,,,0,0,0,0,0,0,1,True
2021-06-12 01:07:28,696,Microsoft-Windows-Sysmon,{5770385f-c22a-43e0-bf4c-06f5698ffbd9},4,0x8000000000000000,Microsoft-Windows-Sysmon/Operational,WORKSTATION5,2021-06-11T09:07:28.186Z,2021-06-11T09:07:28.186Z,10,"Process accessed:
RuleName: MsMpEng
UtcTime: 2021-06-12 01:07:28.181
SourceProcessGUID: {e2c04bb9-a3f6-60c3-8600-000000000300}
SourceProcessId: 4752
SourceThreadId: 6660
SourceImage: C:\Windows\system32\wbem\wmiprvse.exe
TargetProcessGUID: {e2c04bb9-a349-60c3-1800-000000000300}
TargetProcessId: 1040
TargetImage: C:\Windows\system32\svchost.exe
GrantedAccess: 0x1410
CallTrace: C:\Windows\SYSTEM32\ntdll.dll+9d364|C:\Windows\System32\KERNELBASE.dll+305ee|C:\Windows\system32\wbem\cimwin32.dll+f46e|C:\Windows\system32\wbem\cimwin32.dll+faf5|C:\Windows\SYSTEM32\framedynos.dll+5722|C:\Windows\SYSTEM32\framedynos.dll+6ead|C:\Windows\system32\wbem\wmiprvse.exe+8ad1|C:\Windows\system32\wbem\wmiprvse.exe+8753|C:\Windows\System32\RPCRT4.dll+78553|C:\Windows\System32\RPCRT4.dll+12779|C:\Windows\System32\combase.dll+a8c82|C:\Windows\System32\RPCRT4.dll+5f1db|C:\Windows\System32\combase.dll+2b363|C:\Windows\System32\combase.dll+2b153|C:\Windows\System32\combase.dll+ab606|C:\Windows\System32\combase.dll+2f1aa|C:\Windows\System32\combase.dll+a772d|C:\Windows\System32\combase.dll+423fc|C:\Windows\System32\combase.dll+42e10|C:\Windows\System32\combase.dll+44448|C:\Windows\System32\RPCRT4.dll+598c8|C:\Windows\System32\RPCRT4.dll+48041|C:\Windows\System32\RPCRT4.dll+47b90|C:\Windows\System32\RPCRT4.dll+1c9bf",10,MsMpEng,,0,,,,,,,,,,,,,,,,,,,{e2c04bb9-a3f6-60c3-8600-000000000300},4752,6660.0,C:\Windows\system32\wbem\wmiprvse.exe,{e2c04bb9-a349-60c3-1800-000000000300},1040,C:\Windows\system32\svchost.exe,0x1410,C:\Windows\SYSTEM32\ntdll.dll+9d364|C:\Windows\System32\KERNELBASE.dll+305ee|C:\Windows\system32\wbem\cimwin32.dll+f46e|C:\Windows\system32\wbem\cimwin32.dll+faf5|C:\Windows\SYSTEM32\framedynos.dll+5722|C:\Windows\SYSTEM32\framedynos.dll+6ead|C:\Windows\system32\wbem\wmiprvse.exe+8ad1|C:\Windows\system32\wbem\wmiprvse.exe+8753|C:\Windows\System32\RPCRT4.dll+78553|C:\Windows\System32\RPCRT4.dll+12779|C:\Windows\System32\combase.dll+a8c82|C:\Windows\System32\RPCRT4.dll+5f1db|C:\Windows\System32\combase.dll+2b363|C:\Windows\System32\combase.dll+2b153|C:\Windows\System32\combase.dll+ab606|C:\Windows\System32\combase.dll+2f1aa|C:\Windows\System32\combase.dll+a772d|C:\Windows\System32\combase.dll+423fc|C:\Windows\System32\combase.dll+42e10|C:\Windows\System32\combase.dll+44448|C:\Windows\System32\RPCRT4.dll+598c8|C:\Windows\System32\RPCRT4.dll+48041|C:\Windows\System32\RPCRT4.dll+47b90|C:\Windows\System32\RPCRT4.dll+1c9bf,,,,,,,,,,,,,,,,,,,,,,,,,,,,,,,,,,,,,,,,,,,,,,,,,,,,,,,,,,,,,,,,,,,,,,,,,,,,,,,,,,,,,0,0,0,0,0,0,1,True
2021-06-12 01:07:28,716,Microsoft-Windows-Sysmon,{5770385f-c22a-43e0-bf4c-06f5698ffbd9},4,0x8000000000000000,Microsoft-Windows-Sysmon/Operational,WORKSTATION5,2021-06-11T09:07:28.192Z,2021-06-11T09:07:28.192Z,10,"Process accessed:
RuleName: MsMpEng
UtcTime: 2021-06-12 01:07:28.181
SourceProcessGUID: {e2c04bb9-a3f6-60c3-8600-000000000300}
SourceProcessId: 4752
SourceThreadId: 6660
SourceImage: C:\Windows\system32\wbem\wmiprvse.exe
TargetProcessGUID: {e2c04bb9-417e-60c3-5000-000000000300}
TargetProcessId: 2268
TargetImage: C:\Windows\system32\svchost.exe
GrantedAccess: 0x1410
CallTrace: C:\Windows\SYSTEM32\ntdll.dll+9d364|C:\Windows\System32\KERNELBASE.dll+305ee|C:\Windows\system32\wbem\cimwin32.dll+f46e|C:\Windows\system32\wbem\cimwin32.dll+faf5|C:\Windows\SYSTEM32\framedynos.dll+5722|C:\Windows\SYSTEM32\framedynos.dll+6ead|C:\Windows\system32\wbem\wmiprvse.exe+8ad1|C:\Windows\system32\wbem\wmiprvse.exe+8753|C:\Windows\System32\RPCRT4.dll+78553|C:\Windows\System32\RPCRT4.dll+12779|C:\Windows\System32\combase.dll+a8c82|C:\Windows\System32\RPCRT4.dll+5f1db|C:\Windows\System32\combase.dll+2b363|C:\Windows\System32\combase.dll+2b153|C:\Windows\System32\combase.dll+ab606|C:\Windows\System32\combase.dll+2f1aa|C:\Windows\System32\combase.dll+a772d|C:\Windows\System32\combase.dll+423fc|C:\Windows\System32\combase.dll+42e10|C:\Windows\System32\combase.dll+44448|C:\Windows\System32\RPCRT4.dll+598c8|C:\Windows\System32\RPCRT4.dll+48041|C:\Windows\System32\RPCRT4.dll+47b90|C:\Windows\System32\RPCRT4.dll+1c9bf",10,MsMpEng,,0,,,,,,,,,,,,,,,,,,,{e2c04bb9-a3f6-60c3-8600-000000000300},4752,6660.0,C:\Windows\system32\wbem\wmiprvse.exe,{e2c04bb9-417e-60c3-5000-000000000300},2268,C:\Windows\system32\svchost.exe,0x1410,C:\Windows\SYSTEM32\ntdll.dll+9d364|C:\Windows\System32\KERNELBASE.dll+305ee|C:\Windows\system32\wbem\cimwin32.dll+f46e|C:\Windows\system32\wbem\cimwin32.dll+faf5|C:\Windows\SYSTEM32\framedynos.dll+5722|C:\Windows\SYSTEM32\framedynos.dll+6ead|C:\Windows\system32\wbem\wmiprvse.exe+8ad1|C:\Windows\system32\wbem\wmiprvse.exe+8753|C:\Windows\System32\RPCRT4.dll+78553|C:\Windows\System32\RPCRT4.dll+12779|C:\Windows\System32\combase.dll+a8c82|C:\Windows\System32\RPCRT4.dll+5f1db|C:\Windows\System32\combase.dll+2b363|C:\Windows\System32\combase.dll+2b153|C:\Windows\System32\combase.dll+ab606|C:\Windows\System32\combase.dll+2f1aa|C:\Windows\System32\combase.dll+a772d|C:\Windows\System32\combase.dll+423fc|C:\Windows\System32\combase.dll+42e10|C:\Windows\System32\combase.dll+44448|C:\Windows\System32\RPCRT4.dll+598c8|C:\Windows\System32\RPCRT4.dll+48041|C:\Windows\System32\RPCRT4.dll+47b90|C:\Windows\System32\RPCRT4.dll+1c9bf,,,,,,,,,,,,,,,,,,,,,,,,,,,,,,,,,,,,,,,,,,,,,,,,,,,,,,,,,,,,,,,,,,,,,,,,,,,,,,,,,,,,,0,0,0,0,0,0,1,True
2021-06-12 01:07:28,675,Microsoft-Windows-Sysmon,{5770385f-c22a-43e0-bf4c-06f5698ffbd9},4,0x8000000000000000,Microsoft-Windows-Sysmon/Operational,WORKSTATION5,2021-06-11T09:07:28.155Z,2021-06-11T09:07:28.155Z,12,"Registry object added or deleted:
RuleName: -
EventType: CreateKey
UtcTime: 2021-06-12 01:07:28.150
ProcessGuid: {e2c04bb9-08d0-60c4-8209-000000000300}
ProcessId: 3096
Image: C:\Windows\system32\taskkill.exe
TargetObject: HKLM\SOFTWARE\Microsoft\Wbem\CIMOM",12,-,{e2c04bb9-08d0-60c4-8209-000000000300},3096,C:\Windows\system32\taskkill.exe,,,,,,,,,,,,,,,,,,,,,,,,,,,,,,,,,,CreateKey,HKLM\SOFTWARE\Microsoft\Wbem\CIMOM,,,,,,,,,,,,,,,,,,,,,,,,,,,,,,,,,,,,,,,,,,,,,,,,,,,,,,,,,,,,,,,,,,,,,,,,,,,,0,0,0,1,0,0,2,True
2021-06-12 01:07:28,673,Microsoft-Windows-Sysmon,{5770385f-c22a-43e0-bf4c-06f5698ffbd9},4,0x8000000000000000,Microsoft-Windows-Sysmon/Operational,WORKSTATION5,2021-06-11T09:07:28.154Z,2021-06-11T09:07:28.154Z,7,"Image loaded:
RuleName: -
UtcTime: 2021-06-12 01:07:28.150
ProcessGuid: {e2c04bb9-08d0-60c4-8209-000000000300}
ProcessId: 3096
Image: C:\Windows\System32\taskkill.exe
ImageLoaded: C:\Windows\System32\wbemcomn.dll
FileVersion: 10.0.18362.1411 (WinBuild.160101.0800)
Description: WMI
Product: Microsoft® Windows® Operating System
Company: Microsoft Corporation
OriginalFileName: wbemcomn.dll
Hashes: SHA1=ED9C1A3E969AB011613415095128699690EEF721,MD5=84BD79650FCAA16DC72DB1FE3D54DA2F,SHA256=C6A873CE3C56549E0D0706785160F59EC4155B072465E69E599C9DDC48CF349F,IMPHASH=D45299A8615F85849562CBE4DCFF539E
Signed: true
Signature: Microsoft Windows
SignatureStatus: Valid",7,-,{e2c04bb9-08d0-60c4-8209-000000000300},3096,C:\Windows\System32\taskkill.exe,10.0.18362.1411 (WinBuild.160101.0800),WMI,Microsoft® Windows® Operating System,Microsoft Corporation,wbemcomn.dll,,,,,,,,"SHA1=ED9C1A3E969AB011613415095128699690EEF721,MD5=84BD79650FCAA16DC72DB1FE3D54DA2F,SHA256=C6A873CE3C56549E0D0706785160F59EC4155B072465E69E599C9DDC48CF349F,IMPHASH=D45299A8615F85849562CBE4DCFF539E",,,,,,,,,,,,,,C:\Windows\System32\wbemcomn.dll,True,Microsoft Windows,Valid,,,,,,,,,,,,,,,,,,,,,,,,,,,,,,,,,,,,,,,,,,,,,,,,,,,,,,,,,,,,,,,,,,,,,,,,,,,,,,,,,0,0,0,1,0,0,2,True
2021-06-12 01:07:28,651,Microsoft-Windows-Sysmon,{5770385f-c22a-43e0-bf4c-06f5698ffbd9},4,0x8000000000000000,Microsoft-Windows-Sysmon/Operational,WORKSTATION5,2021-06-11T09:07:28.134Z,2021-06-11T09:07:28.134Z,7,"Image loaded:
RuleName: -
UtcTime: 2021-06-12 01:07:28.119
ProcessGuid: {e2c04bb9-08d0-60c4-8209-000000000300}
ProcessId: 3096
Image: C:\Windows\System32\taskkill.exe
ImageLoaded: C:\Windows\System32\gdi32.dll
FileVersion: 10.0.18362.1316 (WinBuild.160101.0800)
Description: GDI Client DLL
Product: Microsoft® Windows® Operating System
Company: Microsoft Corporation
OriginalFileName: gdi32
Hashes: SHA1=34F81F3967B7716A8703512B7E7C3410DCDDE5A6,MD5=A4CD88E2697F818F1D8D4D3563394990,SHA256=27F96FA6D7F4C63913513BC5F983F0818BCA5A43E4C0013380F657856A383268,IMPHASH=C5F30E6A06AB646153863B68366FE58A
Signed: true
Signature: Microsoft Windows
SignatureStatus: Valid",7,-,{e2c04bb9-08d0-60c4-8209-000000000300},3096,C:\Windows\System32\taskkill.exe,10.0.18362.1316 (WinBuild.160101.0800),GDI Client DLL,Microsoft® Windows® Operating System,Microsoft Corporation,gdi32,,,,,,,,"SHA1=34F81F3967B7716A8703512B7E7C3410DCDDE5A6,MD5=A4CD88E2697F818F1D8D4D3563394990,SHA256=27F96FA6D7F4C63913513BC5F983F0818BCA5A43E4C0013380F657856A383268,IMPHASH=C5F30E6A06AB646153863B68366FE58A",,,,,,,,,,,,,,C:\Windows\System32\gdi32.dll,True,Microsoft Windows,Valid,,,,,,,,,,,,,,,,,,,,,,,,,,,,,,,,,,,,,,,,,,,,,,,,,,,,,,,,,,,,,,,,,,,,,,,,,,,,,,,,,0,0,0,1,0,0,2,True
2021-06-12 01:07:28,650,Microsoft-Windows-Sysmon,{5770385f-c22a-43e0-bf4c-06f5698ffbd9},4,0x8000000000000000,Microsoft-Windows-Sysmon/Operational,WORKSTATION5,2021-06-11T09:07:28.134Z,2021-06-11T09:07:28.134Z,7,"Image loaded:
RuleName: -
UtcTime: 2021-06-12 01:07:28.119
ProcessGuid: {e2c04bb9-08d0-60c4-8209-000000000300}
ProcessId: 3096
Image: C:\Windows\System32\taskkill.exe
ImageLoaded: C:\Windows\System32\win32u.dll
FileVersion: 10.0.18362.1556 (WinBuild.160101.0800)
Description: Win32u
Product: Microsoft® Windows® Operating System
Company: Microsoft Corporation
OriginalFileName: Win32u.DLL
Hashes: SHA1=72CA7FE6C4A497CF5F8B3538E0F34D79B52FECE1,MD5=484473F9548840C3380BFB93F1668EDD,SHA256=B8D011D438ADC5C59CA4454076A9A720CE7F0B32BDCB8F1180F0A07879DFB6B3,IMPHASH=00000000000000000000000000000000
Signed: true
Signature: Microsoft Windows
SignatureStatus: Valid",7,-,{e2c04bb9-08d0-60c4-8209-000000000300},3096,C:\Windows\System32\taskkill.exe,10.0.18362.1556 (WinBuild.160101.0800),Win32u,Microsoft® Windows® Operating System,Microsoft Corporation,Win32u.DLL,,,,,,,,"SHA1=72CA7FE6C4A497CF5F8B3538E0F34D79B52FECE1,MD5=484473F9548840C3380BFB93F1668EDD,SHA256=B8D011D438ADC5C59CA4454076A9A720CE7F0B32BDCB8F1180F0A07879DFB6B3,IMPHASH=00000000000000000000000000000000",,,,,,,,,,,,,,C:\Windows\System32\win32u.dll,True,Microsoft Windows,Valid,,,,,,,,,,,,,,,,,,,,,,,,,,,,,,,,,,,,,,,,,,,,,,,,,,,,,,,,,,,,,,,,,,,,,,,,,,,,,,,,,0,0,0,1,0,0,2,True
2021-06-12 01:07:28,649,Microsoft-Windows-Sysmon,{5770385f-c22a-43e0-bf4c-06f5698ffbd9},4,0x8000000000000000,Microsoft-Windows-Sysmon/Operational,WORKSTATION5,2021-06-11T09:07:28.133Z,2021-06-11T09:07:28.133Z,7,"Image loaded:
RuleName: -
UtcTime: 2021-06-12 01:07:28.119
ProcessGuid: {e2c04bb9-08d0-60c4-8209-000000000300}
ProcessId: 3096
Image: C:\Windows\System32\taskkill.exe
ImageLoaded: C:\Windows\System32\user32.dll
FileVersion: 10.0.18362.1316 (WinBuild.160101.0800)
Description: Multi-User Windows USER API Client DLL
Product: Microsoft® Windows® Operating System
Company: Microsoft Corporation
OriginalFileName: user32
Hashes: SHA1=63B37173CD76F53B30B5E68EE619E3E936E9A4F6,MD5=1030B585DD1CE136F59238C2019D36C9,SHA256=68C783A106E808BF0B3385BF8A926963EF4FECFE9B7B6E760126DFD20355DAEE,IMPHASH=70F6F0466DB32D0AA9E18434AE996907
Signed: true
Signature: Microsoft Windows
SignatureStatus: Valid",7,-,{e2c04bb9-08d0-60c4-8209-000000000300},3096,C:\Windows\System32\taskkill.exe,10.0.18362.1316 (WinBuild.160101.0800),Multi-User Windows USER API Client DLL,Microsoft® Windows® Operating System,Microsoft Corporation,user32,,,,,,,,"SHA1=63B37173CD76F53B30B5E68EE619E3E936E9A4F6,MD5=1030B585DD1CE136F59238C2019D36C9,SHA256=68C783A106E808BF0B3385BF8A926963EF4FECFE9B7B6E760126DFD20355DAEE,IMPHASH=70F6F0466DB32D0AA9E18434AE996907",,,,,,,,,,,,,,C:\Windows\System32\user32.dll,True,Microsoft Windows,Valid,,,,,,,,,,,,,,,,,,,,,,,,,,,,,,,,,,,,,,,,,,,,,,,,,,,,,,,,,,,,,,,,,,,,,,,,,,,,,,,,,0,0,0,1,0,0,1,True
2021-06-12 01:07:28,648,Microsoft-Windows-Sysmon,{5770385f-c22a-43e0-bf4c-06f5698ffbd9},4,0x8000000000000000,Microsoft-Windows-Sysmon/Operational,WORKSTATION5,2021-06-11T09:07:28.133Z,2021-06-11T09:07:28.133Z,7,"Image loaded:
RuleName: -
UtcTime: 2021-06-12 01:07:28.119
ProcessGuid: {e2c04bb9-08d0-60c4-8209-000000000300}
ProcessId: 3096
Image: C:\Windows\System32\taskkill.exe
ImageLoaded: C:\Windows\System32\rpcrt4.dll
FileVersion: 10.0.18362.1500 (WinBuild.160101.0800)
Description: Remote Procedure Call Runtime
Product: Microsoft® Windows® Operating System
Company: Microsoft Corporation
OriginalFileName: rpcrt4.dll
Hashes: SHA1=6A154351837808744BC8E40F730E9986F3CA9633,MD5=15C59ACA8F5DB60A430F3FABCE8B181C,SHA256=891D6ABD1CDFB5CC0CCD3E208B9A83D1FC7B6EBA84A4160DBC3A53F38C787639,IMPHASH=88E7E7C7FA90052EC162DD37F2B7C7BD
Signed: true
Signature: Microsoft Windows
SignatureStatus: Valid",7,-,{e2c04bb9-08d0-60c4-8209-000000000300},3096,C:\Windows\System32\taskkill.exe,10.0.18362.1500 (WinBuild.160101.0800),Remote Procedure Call Runtime,Microsoft® Windows® Operating System,Microsoft Corporation,rpcrt4.dll,,,,,,,,"SHA1=6A154351837808744BC8E40F730E9986F3CA9633,MD5=15C59ACA8F5DB60A430F3FABCE8B181C,SHA256=891D6ABD1CDFB5CC0CCD3E208B9A83D1FC7B6EBA84A4160DBC3A53F38C787639,IMPHASH=88E7E7C7FA90052EC162DD37F2B7C7BD",,,,,,,,,,,,,,C:\Windows\System32\rpcrt4.dll,True,Microsoft Windows,Valid,,,,,,,,,,,,,,,,,,,,,,,,,,,,,,,,,,,,,,,,,,,,,,,,,,,,,,,,,,,,,,,,,,,,,,,,,,,,,,,,,0,0,0,0,0,0,1,True
