2021-06-12 01:07:28,754,Microsoft-Windows-Sysmon,{5770385f-c22a-43e0-bf4c-06f5698ffbd9},4,0x8000000000000000,Microsoft-Windows-Sysmon/Operational,WORKSTATION5,2021-06-11T09:07:28.199Z,2021-06-11T09:07:28.199Z,10,"Process accessed:
RuleName: -
UtcTime: 2021-06-12 01:07:28.181
SourceProcessGUID: {e2c04bb9-a3f6-60c3-8600-000000000300}
SourceProcessId: 4752
SourceThreadId: 6660
SourceImage: C:\Windows\system32\wbem\wmiprvse.exe
TargetProcessGUID: {e2c04bb9-a506-60c3-2f01-000000000300}
TargetProcessId: 540
TargetImage: C:\Program Files\Microsoft Monitoring Agent\Agent\MonitoringHost.exe
GrantedAccess: 0x1410
CallTrace: C:\Windows\SYSTEM32\ntdll.dll+9d364|C:\Windows\System32\KERNELBASE.dll+305ee|C:\Windows\system32\wbem\cimwin32.dll+f46e|C:\Windows\system32\wbem\cimwin32.dll+faf5|C:\Windows\SYSTEM32\framedynos.dll+5722|C:\Windows\SYSTEM32\framedynos.dll+6ead|C:\Windows\system32\wbem\wmiprvse.exe+8ad1|C:\Windows\system32\wbem\wmiprvse.exe+8753|C:\Windows\System32\RPCRT4.dll+78553|C:\Windows\System32\RPCRT4.dll+12779|C:\Windows\System32\combase.dll+a8c82|C:\Windows\System32\RPCRT4.dll+5f1db|C:\Windows\System32\combase.dll+2b363|C:\Windows\System32\combase.dll+2b153|C:\Windows\System32\combase.dll+ab606|C:\Windows\System32\combase.dll+2f1aa|C:\Windows\System32\combase.dll+a772d|C:\Windows\System32\combase.dll+423fc|C:\Windows\System32\combase.dll+42e10|C:\Windows\System32\combase.dll+44448|C:\Windows\System32\RPCRT4.dll+598c8|C:\Windows\System32\RPCRT4.dll+48041|C:\Windows\System32\RPCRT4.dll+47b90|C:\Windows\System32\RPCRT4.dll+1c9bf",10,-,,0,,,,,,,,,,,,,,,,,,,{e2c04bb9-a3f6-60c3-8600-000000000300},4752,6660.0,C:\Windows\system32\wbem\wmiprvse.exe,{e2c04bb9-a506-60c3-2f01-000000000300},540,C:\Program Files\Microsoft Monitoring Agent\Agent\MonitoringHost.exe,0x1410,C:\Windows\SYSTEM32\ntdll.dll+9d364|C:\Windows\System32\KERNELBASE.dll+305ee|C:\Windows\system32\wbem\cimwin32.dll+f46e|C:\Windows\system32\wbem\cimwin32.dll+faf5|C:\Windows\SYSTEM32\framedynos.dll+5722|C:\Windows\SYSTEM32\framedynos.dll+6ead|C:\Windows\system32\wbem\wmiprvse.exe+8ad1|C:\Windows\system32\wbem\wmiprvse.exe+8753|C:\Windows\System32\RPCRT4.dll+78553|C:\Windows\System32\RPCRT4.dll+12779|C:\Windows\System32\combase.dll+a8c82|C:\Windows\System32\RPCRT4.dll+5f1db|C:\Windows\System32\combase.dll+2b363|C:\Windows\System32\combase.dll+2b153|C:\Windows\System32\combase.dll+ab606|C:\Windows\System32\combase.dll+2f1aa|C:\Windows\System32\combase.dll+a772d|C:\Windows\System32\combase.dll+423fc|C:\Windows\System32\combase.dll+42e10|C:\Windows\System32\combase.dll+44448|C:\Windows\System32\RPCRT4.dll+598c8|C:\Windows\System32\RPCRT4.dll+48041|C:\Windows\System32\RPCRT4.dll+47b90|C:\Windows\System32\RPCRT4.dll+1c9bf,,,,,,,,,,,,,,,,,,,,,,,,,,,,,,,,,,,,,,,,,,,,,,,,,,,,,,,,,,,,,,,,,,,,,,,,,,,,,,,,,,,,,0,0,0,0,0,0,1,True
2021-06-12 01:07:28,753,Microsoft-Windows-Sysmon,{5770385f-c22a-43e0-bf4c-06f5698ffbd9},4,0x8000000000000000,Microsoft-Windows-Sysmon/Operational,WORKSTATION5,2021-06-11T09:07:28.197Z,2021-06-11T09:07:28.197Z,10,"Process accessed:
RuleName: MsMpEng
UtcTime: 2021-06-12 01:07:28.181
SourceProcessGUID: {e2c04bb9-a3f6-60c3-8600-000000000300}
SourceProcessId: 4752
SourceThreadId: 6660
SourceImage: C:\Windows\system32\wbem\wmiprvse.exe
TargetProcessGUID: {e2c04bb9-a4e2-60c3-1001-000000000300}
TargetProcessId: 4788
TargetImage: C:\Windows\System32\svchost.exe
GrantedAccess: 0x1410
CallTrace: C:\Windows\SYSTEM32\ntdll.dll+9d364|C:\Windows\System32\KERNELBASE.dll+305ee|C:\Windows\system32\wbem\cimwin32.dll+f46e|C:\Windows\system32\wbem\cimwin32.dll+faf5|C:\Windows\SYSTEM32\framedynos.dll+5722|C:\Windows\SYSTEM32\framedynos.dll+6ead|C:\Windows\system32\wbem\wmiprvse.exe+8ad1|C:\Windows\system32\wbem\wmiprvse.exe+8753|C:\Windows\System32\RPCRT4.dll+78553|C:\Windows\System32\RPCRT4.dll+12779|C:\Windows\System32\combase.dll+a8c82|C:\Windows\System32\RPCRT4.dll+5f1db|C:\Windows\System32\combase.dll+2b363|C:\Windows\System32\combase.dll+2b153|C:\Windows\System32\combase.dll+ab606|C:\Windows\System32\combase.dll+2f1aa|C:\Windows\System32\combase.dll+a772d|C:\Windows\System32\combase.dll+423fc|C:\Windows\System32\combase.dll+42e10|C:\Windows\System32\combase.dll+44448|C:\Windows\System32\RPCRT4.dll+598c8|C:\Windows\System32\RPCRT4.dll+48041|C:\Windows\System32\RPCRT4.dll+47b90|C:\Windows\System32\RPCRT4.dll+1c9bf",10,MsMpEng,,0,,,,,,,,,,,,,,,,,,,{e2c04bb9-a3f6-60c3-8600-000000000300},4752,6660.0,C:\Windows\system32\wbem\wmiprvse.exe,{e2c04bb9-a4e2-60c3-1001-000000000300},4788,C:\Windows\System32\svchost.exe,0x1410,C:\Windows\SYSTEM32\ntdll.dll+9d364|C:\Windows\System32\KERNELBASE.dll+305ee|C:\Windows\system32\wbem\cimwin32.dll+f46e|C:\Windows\system32\wbem\cimwin32.dll+faf5|C:\Windows\SYSTEM32\framedynos.dll+5722|C:\Windows\SYSTEM32\framedynos.dll+6ead|C:\Windows\system32\wbem\wmiprvse.exe+8ad1|C:\Windows\system32\wbem\wmiprvse.exe+8753|C:\Windows\System32\RPCRT4.dll+78553|C:\Windows\System32\RPCRT4.dll+12779|C:\Windows\System32\combase.dll+a8c82|C:\Windows\System32\RPCRT4.dll+5f1db|C:\Windows\System32\combase.dll+2b363|C:\Windows\System32\combase.dll+2b153|C:\Windows\System32\combase.dll+ab606|C:\Windows\System32\combase.dll+2f1aa|C:\Windows\System32\combase.dll+a772d|C:\Windows\System32\combase.dll+423fc|C:\Windows\System32\combase.dll+42e10|C:\Windows\System32\combase.dll+44448|C:\Windows\System32\RPCRT4.dll+598c8|C:\Windows\System32\RPCRT4.dll+48041|C:\Windows\System32\RPCRT4.dll+47b90|C:\Windows\System32\RPCRT4.dll+1c9bf,,,,,,,,,,,,,,,,,,,,,,,,,,,,,,,,,,,,,,,,,,,,,,,,,,,,,,,,,,,,,,,,,,,,,,,,,,,,,,,,,,,,,0,0,0,0,0,0,1,True
2021-06-12 01:07:28,739,Microsoft-Windows-Sysmon,{5770385f-c22a-43e0-bf4c-06f5698ffbd9},4,0x8000000000000000,Microsoft-Windows-Sysmon/Operational,WORKSTATION5,2021-06-11T09:07:28.194Z,2021-06-11T09:07:28.194Z,10,"Process accessed:
RuleName: MsMpEng
UtcTime: 2021-06-12 01:07:28.181
SourceProcessGUID: {e2c04bb9-a3f6-60c3-8600-000000000300}
SourceProcessId: 4752
SourceThreadId: 6660
SourceImage: C:\Windows\system32\wbem\wmiprvse.exe
TargetProcessGUID: {e2c04bb9-a3f1-60c3-6e00-000000000300}
TargetProcessId: 3824
TargetImage: C:\Windows\system32\svchost.exe
GrantedAccess: 0x1410
CallTrace: C:\Windows\SYSTEM32\ntdll.dll+9d364|C:\Windows\System32\KERNELBASE.dll+305ee|C:\Windows\system32\wbem\cimwin32.dll+f46e|C:\Windows\system32\wbem\cimwin32.dll+faf5|C:\Windows\SYSTEM32\framedynos.dll+5722|C:\Windows\SYSTEM32\framedynos.dll+6ead|C:\Windows\system32\wbem\wmiprvse.exe+8ad1|C:\Windows\system32\wbem\wmiprvse.exe+8753|C:\Windows\System32\RPCRT4.dll+78553|C:\Windows\System32\RPCRT4.dll+12779|C:\Windows\System32\combase.dll+a8c82|C:\Windows\System32\RPCRT4.dll+5f1db|C:\Windows\System32\combase.dll+2b363|C:\Windows\System32\combase.dll+2b153|C:\Windows\System32\combase.dll+ab606|C:\Windows\System32\combase.dll+2f1aa|C:\Windows\System32\combase.dll+a772d|C:\Windows\System32\combase.dll+423fc|C:\Windows\System32\combase.dll+42e10|C:\Windows\System32\combase.dll+44448|C:\Windows\System32\RPCRT4.dll+598c8|C:\Windows\System32\RPCRT4.dll+48041|C:\Windows\System32\RPCRT4.dll+47b90|C:\Windows\System32\RPCRT4.dll+1c9bf",10,MsMpEng,,0,,,,,,,,,,,,,,,,,,,{e2c04bb9-a3f6-60c3-8600-000000000300},4752,6660.0,C:\Windows\system32\wbem\wmiprvse.exe,{e2c04bb9-a3f1-60c3-6e00-000000000300},3824,C:\Windows\system32\svchost.exe,0x1410,C:\Windows\SYSTEM32\ntdll.dll+9d364|C:\Windows\System32\KERNELBASE.dll+305ee|C:\Windows\system32\wbem\cimwin32.dll+f46e|C:\Windows\system32\wbem\cimwin32.dll+faf5|C:\Windows\SYSTEM32\framedynos.dll+5722|C:\Windows\SYSTEM32\framedynos.dll+6ead|C:\Windows\system32\wbem\wmiprvse.exe+8ad1|C:\Windows\system32\wbem\wmiprvse.exe+8753|C:\Windows\System32\RPCRT4.dll+78553|C:\Windows\System32\RPCRT4.dll+12779|C:\Windows\System32\combase.dll+a8c82|C:\Windows\System32\RPCRT4.dll+5f1db|C:\Windows\System32\combase.dll+2b363|C:\Windows\System32\combase.dll+2b153|C:\Windows\System32\combase.dll+ab606|C:\Windows\System32\combase.dll+2f1aa|C:\Windows\System32\combase.dll+a772d|C:\Windows\System32\combase.dll+423fc|C:\Windows\System32\combase.dll+42e10|C:\Windows\System32\combase.dll+44448|C:\Windows\System32\RPCRT4.dll+598c8|C:\Windows\System32\RPCRT4.dll+48041|C:\Windows\System32\RPCRT4.dll+47b90|C:\Windows\System32\RPCRT4.dll+1c9bf,,,,,,,,,,,,,,,,,,,,,,,,,,,,,,,,,,,,,,,,,,,,,,,,,,,,,,,,,,,,,,,,,,,,,,,,,,,,,,,,,,,,,0,0,0,0,0,0,1,True
2021-06-12 01:07:28,751,Microsoft-Windows-Sysmon,{5770385f-c22a-43e0-bf4c-06f5698ffbd9},4,0x8000000000000000,Microsoft-Windows-Sysmon/Operational,WORKSTATION5,2021-06-11T09:07:28.196Z,2021-06-11T09:07:28.196Z,10,"Process accessed:
RuleName: MsMpEng
UtcTime: 2021-06-12 01:07:28.181
SourceProcessGUID: {e2c04bb9-a3f6-60c3-8600-000000000300}
SourceProcessId: 4752
SourceThreadId: 6660
SourceImage: C:\Windows\system32\wbem\wmiprvse.exe
TargetProcessGUID: {e2c04bb9-a469-60c3-da00-000000000300}
TargetProcessId: 4656
TargetImage: C:\Windows\system32\svchost.exe
GrantedAccess: 0x1410
CallTrace: C:\Windows\SYSTEM32\ntdll.dll+9d364|C:\Windows\System32\KERNELBASE.dll+305ee|C:\Windows\system32\wbem\cimwin32.dll+f46e|C:\Windows\system32\wbem\cimwin32.dll+faf5|C:\Windows\SYSTEM32\framedynos.dll+5722|C:\Windows\SYSTEM32\framedynos.dll+6ead|C:\Windows\system32\wbem\wmiprvse.exe+8ad1|C:\Windows\system32\wbem\wmiprvse.exe+8753|C:\Windows\System32\RPCRT4.dll+78553|C:\Windows\System32\RPCRT4.dll+12779|C:\Windows\System32\combase.dll+a8c82|C:\Windows\System32\RPCRT4.dll+5f1db|C:\Windows\System32\combase.dll+2b363|C:\Windows\System32\combase.dll+2b153|C:\Windows\System32\combase.dll+ab606|C:\Windows\System32\combase.dll+2f1aa|C:\Windows\System32\combase.dll+a772d|C:\Windows\System32\combase.dll+423fc|C:\Windows\System32\combase.dll+42e10|C:\Windows\System32\combase.dll+44448|C:\Windows\System32\RPCRT4.dll+598c8|C:\Windows\System32\RPCRT4.dll+48041|C:\Windows\System32\RPCRT4.dll+47b90|C:\Windows\System32\RPCRT4.dll+1c9bf",10,MsMpEng,,0,,,,,,,,,,,,,,,,,,,{e2c04bb9-a3f6-60c3-8600-000000000300},4752,6660.0,C:\Windows\system32\wbem\wmiprvse.exe,{e2c04bb9-a469-60c3-da00-000000000300},4656,C:\Windows\system32\svchost.exe,0x1410,C:\Windows\SYSTEM32\ntdll.dll+9d364|C:\Windows\System32\KERNELBASE.dll+305ee|C:\Windows\system32\wbem\cimwin32.dll+f46e|C:\Windows\system32\wbem\cimwin32.dll+faf5|C:\Windows\SYSTEM32\framedynos.dll+5722|C:\Windows\SYSTEM32\framedynos.dll+6ead|C:\Windows\system32\wbem\wmiprvse.exe+8ad1|C:\Windows\system32\wbem\wmiprvse.exe+8753|C:\Windows\System32\RPCRT4.dll+78553|C:\Windows\System32\RPCRT4.dll+12779|C:\Windows\System32\combase.dll+a8c82|C:\Windows\System32\RPCRT4.dll+5f1db|C:\Windows\System32\combase.dll+2b363|C:\Windows\System32\combase.dll+2b153|C:\Windows\System32\combase.dll+ab606|C:\Windows\System32\combase.dll+2f1aa|C:\Windows\System32\combase.dll+a772d|C:\Windows\System32\combase.dll+423fc|C:\Windows\System32\combase.dll+42e10|C:\Windows\System32\combase.dll+44448|C:\Windows\System32\RPCRT4.dll+598c8|C:\Windows\System32\RPCRT4.dll+48041|C:\Windows\System32\RPCRT4.dll+47b90|C:\Windows\System32\RPCRT4.dll+1c9bf,,,,,,,,,,,,,,,,,,,,,,,,,,,,,,,,,,,,,,,,,,,,,,,,,,,,,,,,,,,,,,,,,,,,,,,,,,,,,,,,,,,,,0,0,0,0,0,0,1,True
2021-06-12 01:07:28,750,Microsoft-Windows-Sysmon,{5770385f-c22a-43e0-bf4c-06f5698ffbd9},4,0x8000000000000000,Microsoft-Windows-Sysmon/Operational,WORKSTATION5,2021-06-11T09:07:28.196Z,2021-06-11T09:07:28.196Z,10,"Process accessed:
RuleName: -
UtcTime: 2021-06-12 01:07:28.181
SourceProcessGUID: {e2c04bb9-a3f6-60c3-8600-000000000300}
SourceProcessId: 4752
SourceThreadId: 6660
SourceImage: C:\Windows\system32\wbem\wmiprvse.exe
TargetProcessGUID: {e2c04bb9-a41c-60c3-ba00-000000000300}
TargetProcessId: 5172
TargetImage: C:\Windows\system32\LogonUI.exe
GrantedAccess: 0x1410
CallTrace: C:\Windows\SYSTEM32\ntdll.dll+9d364|C:\Windows\System32\KERNELBASE.dll+305ee|C:\Windows\system32\wbem\cimwin32.dll+f46e|C:\Windows\system32\wbem\cimwin32.dll+faf5|C:\Windows\SYSTEM32\framedynos.dll+5722|C:\Windows\SYSTEM32\framedynos.dll+6ead|C:\Windows\system32\wbem\wmiprvse.exe+8ad1|C:\Windows\system32\wbem\wmiprvse.exe+8753|C:\Windows\System32\RPCRT4.dll+78553|C:\Windows\System32\RPCRT4.dll+12779|C:\Windows\System32\combase.dll+a8c82|C:\Windows\System32\RPCRT4.dll+5f1db|C:\Windows\System32\combase.dll+2b363|C:\Windows\System32\combase.dll+2b153|C:\Windows\System32\combase.dll+ab606|C:\Windows\System32\combase.dll+2f1aa|C:\Windows\System32\combase.dll+a772d|C:\Windows\System32\combase.dll+423fc|C:\Windows\System32\combase.dll+42e10|C:\Windows\System32\combase.dll+44448|C:\Windows\System32\RPCRT4.dll+598c8|C:\Windows\System32\RPCRT4.dll+48041|C:\Windows\System32\RPCRT4.dll+47b90|C:\Windows\System32\RPCRT4.dll+1c9bf",10,-,,0,,,,,,,,,,,,,,,,,,,{e2c04bb9-a3f6-60c3-8600-000000000300},4752,6660.0,C:\Windows\system32\wbem\wmiprvse.exe,{e2c04bb9-a41c-60c3-ba00-000000000300},5172,C:\Windows\system32\LogonUI.exe,0x1410,C:\Windows\SYSTEM32\ntdll.dll+9d364|C:\Windows\System32\KERNELBASE.dll+305ee|C:\Windows\system32\wbem\cimwin32.dll+f46e|C:\Windows\system32\wbem\cimwin32.dll+faf5|C:\Windows\SYSTEM32\framedynos.dll+5722|C:\Windows\SYSTEM32\framedynos.dll+6ead|C:\Windows\system32\wbem\wmiprvse.exe+8ad1|C:\Windows\system32\wbem\wmiprvse.exe+8753|C:\Windows\System32\RPCRT4.dll+78553|C:\Windows\System32\RPCRT4.dll+12779|C:\Windows\System32\combase.dll+a8c82|C:\Windows\System32\RPCRT4.dll+5f1db|C:\Windows\System32\combase.dll+2b363|C:\Windows\System32\combase.dll+2b153|C:\Windows\System32\combase.dll+ab606|C:\Windows\System32\combase.dll+2f1aa|C:\Windows\System32\combase.dll+a772d|C:\Windows\System32\combase.dll+423fc|C:\Windows\System32\combase.dll+42e10|C:\Windows\System32\combase.dll+44448|C:\Windows\System32\RPCRT4.dll+598c8|C:\Windows\System32\RPCRT4.dll+48041|C:\Windows\System32\RPCRT4.dll+47b90|C:\Windows\System32\RPCRT4.dll+1c9bf,,,,,,,,,,,,,,,,,,,,,,,,,,,,,,,,,,,,,,,,,,,,,,,,,,,,,,,,,,,,,,,,,,,,,,,,,,,,,,,,,,,,,0,0,0,0,0,0,1,True
2021-06-12 01:07:28,752,Microsoft-Windows-Sysmon,{5770385f-c22a-43e0-bf4c-06f5698ffbd9},4,0x8000000000000000,Microsoft-Windows-Sysmon/Operational,WORKSTATION5,2021-06-11T09:07:28.196Z,2021-06-11T09:07:28.196Z,10,"Process accessed:
RuleName: MsMpEng
UtcTime: 2021-06-12 01:07:28.181
SourceProcessGUID: {e2c04bb9-a3f6-60c3-8600-000000000300}
SourceProcessId: 4752
SourceThreadId: 6660
SourceImage: C:\Windows\system32\wbem\wmiprvse.exe
TargetProcessGUID: {e2c04bb9-a4a3-60c3-f100-000000000300}
TargetProcessId: 5188
TargetImage: C:\Windows\System32\svchost.exe
GrantedAccess: 0x1410
CallTrace: C:\Windows\SYSTEM32\ntdll.dll+9d364|C:\Windows\System32\KERNELBASE.dll+305ee|C:\Windows\system32\wbem\cimwin32.dll+f46e|C:\Windows\system32\wbem\cimwin32.dll+faf5|C:\Windows\SYSTEM32\framedynos.dll+5722|C:\Windows\SYSTEM32\framedynos.dll+6ead|C:\Windows\system32\wbem\wmiprvse.exe+8ad1|C:\Windows\system32\wbem\wmiprvse.exe+8753|C:\Windows\System32\RPCRT4.dll+78553|C:\Windows\System32\RPCRT4.dll+12779|C:\Windows\System32\combase.dll+a8c82|C:\Windows\System32\RPCRT4.dll+5f1db|C:\Windows\System32\combase.dll+2b363|C:\Windows\System32\combase.dll+2b153|C:\Windows\System32\combase.dll+ab606|C:\Windows\System32\combase.dll+2f1aa|C:\Windows\System32\combase.dll+a772d|C:\Windows\System32\combase.dll+423fc|C:\Windows\System32\combase.dll+42e10|C:\Windows\System32\combase.dll+44448|C:\Windows\System32\RPCRT4.dll+598c8|C:\Windows\System32\RPCRT4.dll+48041|C:\Windows\System32\RPCRT4.dll+47b90|C:\Windows\System32\RPCRT4.dll+1c9bf",10,MsMpEng,,0,,,,,,,,,,,,,,,,,,,{e2c04bb9-a3f6-60c3-8600-000000000300},4752,6660.0,C:\Windows\system32\wbem\wmiprvse.exe,{e2c04bb9-a4a3-60c3-f100-000000000300},5188,C:\Windows\System32\svchost.exe,0x1410,C:\Windows\SYSTEM32\ntdll.dll+9d364|C:\Windows\System32\KERNELBASE.dll+305ee|C:\Windows\system32\wbem\cimwin32.dll+f46e|C:\Windows\system32\wbem\cimwin32.dll+faf5|C:\Windows\SYSTEM32\framedynos.dll+5722|C:\Windows\SYSTEM32\framedynos.dll+6ead|C:\Windows\system32\wbem\wmiprvse.exe+8ad1|C:\Windows\system32\wbem\wmiprvse.exe+8753|C:\Windows\System32\RPCRT4.dll+78553|C:\Windows\System32\RPCRT4.dll+12779|C:\Windows\System32\combase.dll+a8c82|C:\Windows\System32\RPCRT4.dll+5f1db|C:\Windows\System32\combase.dll+2b363|C:\Windows\System32\combase.dll+2b153|C:\Windows\System32\combase.dll+ab606|C:\Windows\System32\combase.dll+2f1aa|C:\Windows\System32\combase.dll+a772d|C:\Windows\System32\combase.dll+423fc|C:\Windows\System32\combase.dll+42e10|C:\Windows\System32\combase.dll+44448|C:\Windows\System32\RPCRT4.dll+598c8|C:\Windows\System32\RPCRT4.dll+48041|C:\Windows\System32\RPCRT4.dll+47b90|C:\Windows\System32\RPCRT4.dll+1c9bf,,,,,,,,,,,,,,,,,,,,,,,,,,,,,,,,,,,,,,,,,,,,,,,,,,,,,,,,,,,,,,,,,,,,,,,,,,,,,,,,,,,,,0,0,0,0,0,0,1,True
2021-06-12 01:07:28,748,Microsoft-Windows-Sysmon,{5770385f-c22a-43e0-bf4c-06f5698ffbd9},4,0x8000000000000000,Microsoft-Windows-Sysmon/Operational,WORKSTATION5,2021-06-11T09:07:28.196Z,2021-06-11T09:07:28.196Z,10,"Process accessed:
RuleName: -
UtcTime: 2021-06-12 01:07:28.181
SourceProcessGUID: {e2c04bb9-a3f6-60c3-8600-000000000300}
SourceProcessId: 4752
SourceThreadId: 6660
SourceImage: C:\Windows\system32\wbem\wmiprvse.exe
TargetProcessGUID: {e2c04bb9-a41b-60c3-b800-000000000300}
TargetProcessId: 5996
TargetImage: C:\Windows\system32\taskhostw.exe
GrantedAccess: 0x1410
CallTrace: C:\Windows\SYSTEM32\ntdll.dll+9d364|C:\Windows\System32\KERNELBASE.dll+305ee|C:\Windows\system32\wbem\cimwin32.dll+f46e|C:\Windows\system32\wbem\cimwin32.dll+faf5|C:\Windows\SYSTEM32\framedynos.dll+5722|C:\Windows\SYSTEM32\framedynos.dll+6ead|C:\Windows\system32\wbem\wmiprvse.exe+8ad1|C:\Windows\system32\wbem\wmiprvse.exe+8753|C:\Windows\System32\RPCRT4.dll+78553|C:\Windows\System32\RPCRT4.dll+12779|C:\Windows\System32\combase.dll+a8c82|C:\Windows\System32\RPCRT4.dll+5f1db|C:\Windows\System32\combase.dll+2b363|C:\Windows\System32\combase.dll+2b153|C:\Windows\System32\combase.dll+ab606|C:\Windows\System32\combase.dll+2f1aa|C:\Windows\System32\combase.dll+a772d|C:\Windows\System32\combase.dll+423fc|C:\Windows\System32\combase.dll+42e10|C:\Windows\System32\combase.dll+44448|C:\Windows\System32\RPCRT4.dll+598c8|C:\Windows\System32\RPCRT4.dll+48041|C:\Windows\System32\RPCRT4.dll+47b90|C:\Windows\System32\RPCRT4.dll+1c9bf",10,-,,0,,,,,,,,,,,,,,,,,,,{e2c04bb9-a3f6-60c3-8600-000000000300},4752,6660.0,C:\Windows\system32\wbem\wmiprvse.exe,{e2c04bb9-a41b-60c3-b800-000000000300},5996,C:\Windows\system32\taskhostw.exe,0x1410,C:\Windows\SYSTEM32\ntdll.dll+9d364|C:\Windows\System32\KERNELBASE.dll+305ee|C:\Windows\system32\wbem\cimwin32.dll+f46e|C:\Windows\system32\wbem\cimwin32.dll+faf5|C:\Windows\SYSTEM32\framedynos.dll+5722|C:\Windows\SYSTEM32\framedynos.dll+6ead|C:\Windows\system32\wbem\wmiprvse.exe+8ad1|C:\Windows\system32\wbem\wmiprvse.exe+8753|C:\Windows\System32\RPCRT4.dll+78553|C:\Windows\System32\RPCRT4.dll+12779|C:\Windows\System32\combase.dll+a8c82|C:\Windows\System32\RPCRT4.dll+5f1db|C:\Windows\System32\combase.dll+2b363|C:\Windows\System32\combase.dll+2b153|C:\Windows\System32\combase.dll+ab606|C:\Windows\System32\combase.dll+2f1aa|C:\Windows\System32\combase.dll+a772d|C:\Windows\System32\combase.dll+423fc|C:\Windows\System32\combase.dll+42e10|C:\Windows\System32\combase.dll+44448|C:\Windows\System32\RPCRT4.dll+598c8|C:\Windows\System32\RPCRT4.dll+48041|C:\Windows\System32\RPCRT4.dll+47b90|C:\Windows\System32\RPCRT4.dll+1c9bf,,,,,,,,,,,,,,,,,,,,,,,,,,,,,,,,,,,,,,,,,,,,,,,,,,,,,,,,,,,,,,,,,,,,,,,,,,,,,,,,,,,,,0,0,0,0,0,0,1,True
2021-06-12 01:07:28,747,Microsoft-Windows-Sysmon,{5770385f-c22a-43e0-bf4c-06f5698ffbd9},4,0x8000000000000000,Microsoft-Windows-Sysmon/Operational,WORKSTATION5,2021-06-11T09:07:28.196Z,2021-06-11T09:07:28.196Z,10,"Process accessed:
RuleName: MsMpEng
UtcTime: 2021-06-12 01:07:28.181
SourceProcessGUID: {e2c04bb9-a3f6-60c3-8600-000000000300}
SourceProcessId: 4752
SourceThreadId: 6660
SourceImage: C:\Windows\system32\wbem\wmiprvse.exe
TargetProcessGUID: {e2c04bb9-a417-60c3-b200-000000000300}
TargetProcessId: 5608
TargetImage: C:\Windows\system32\svchost.exe
GrantedAccess: 0x1410
CallTrace: C:\Windows\SYSTEM32\ntdll.dll+9d364|C:\Windows\System32\KERNELBASE.dll+305ee|C:\Windows\system32\wbem\cimwin32.dll+f46e|C:\Windows\system32\wbem\cimwin32.dll+faf5|C:\Windows\SYSTEM32\framedynos.dll+5722|C:\Windows\SYSTEM32\framedynos.dll+6ead|C:\Windows\system32\wbem\wmiprvse.exe+8ad1|C:\Windows\system32\wbem\wmiprvse.exe+8753|C:\Windows\System32\RPCRT4.dll+78553|C:\Windows\System32\RPCRT4.dll+12779|C:\Windows\System32\combase.dll+a8c82|C:\Windows\System32\RPCRT4.dll+5f1db|C:\Windows\System32\combase.dll+2b363|C:\Windows\System32\combase.dll+2b153|C:\Windows\System32\combase.dll+ab606|C:\Windows\System32\combase.dll+2f1aa|C:\Windows\System32\combase.dll+a772d|C:\Windows\System32\combase.dll+423fc|C:\Windows\System32\combase.dll+42e10|C:\Windows\System32\combase.dll+44448|C:\Windows\System32\RPCRT4.dll+598c8|C:\Windows\System32\RPCRT4.dll+48041|C:\Windows\System32\RPCRT4.dll+47b90|C:\Windows\System32\RPCRT4.dll+1c9bf",10,MsMpEng,,0,,,,,,,,,,,,,,,,,,,{e2c04bb9-a3f6-60c3-8600-000000000300},4752,6660.0,C:\Windows\system32\wbem\wmiprvse.exe,{e2c04bb9-a417-60c3-b200-000000000300},5608,C:\Windows\system32\svchost.exe,0x1410,C:\Windows\SYSTEM32\ntdll.dll+9d364|C:\Windows\System32\KERNELBASE.dll+305ee|C:\Windows\system32\wbem\cimwin32.dll+f46e|C:\Windows\system32\wbem\cimwin32.dll+faf5|C:\Windows\SYSTEM32\framedynos.dll+5722|C:\Windows\SYSTEM32\framedynos.dll+6ead|C:\Windows\system32\wbem\wmiprvse.exe+8ad1|C:\Windows\system32\wbem\wmiprvse.exe+8753|C:\Windows\System32\RPCRT4.dll+78553|C:\Windows\System32\RPCRT4.dll+12779|C:\Windows\System32\combase.dll+a8c82|C:\Windows\System32\RPCRT4.dll+5f1db|C:\Windows\System32\combase.dll+2b363|C:\Windows\System32\combase.dll+2b153|C:\Windows\System32\combase.dll+ab606|C:\Windows\System32\combase.dll+2f1aa|C:\Windows\System32\combase.dll+a772d|C:\Windows\System32\combase.dll+423fc|C:\Windows\System32\combase.dll+42e10|C:\Windows\System32\combase.dll+44448|C:\Windows\System32\RPCRT4.dll+598c8|C:\Windows\System32\RPCRT4.dll+48041|C:\Windows\System32\RPCRT4.dll+47b90|C:\Windows\System32\RPCRT4.dll+1c9bf,,,,,,,,,,,,,,,,,,,,,,,,,,,,,,,,,,,,,,,,,,,,,,,,,,,,,,,,,,,,,,,,,,,,,,,,,,,,,,,,,,,,,0,0,0,0,0,0,1,True
2021-06-12 01:07:28,746,Microsoft-Windows-Sysmon,{5770385f-c22a-43e0-bf4c-06f5698ffbd9},4,0x8000000000000000,Microsoft-Windows-Sysmon/Operational,WORKSTATION5,2021-06-11T09:07:28.196Z,2021-06-11T09:07:28.196Z,10,"Process accessed:
RuleName: MsMpEng
UtcTime: 2021-06-12 01:07:28.181
SourceProcessGUID: {e2c04bb9-a3f6-60c3-8600-000000000300}
SourceProcessId: 4752
SourceThreadId: 6660
SourceImage: C:\Windows\system32\wbem\wmiprvse.exe
TargetProcessGUID: {e2c04bb9-a408-60c3-9500-000000000300}
TargetProcessId: 5212
TargetImage: C:\Windows\system32\svchost.exe
GrantedAccess: 0x1410
CallTrace: C:\Windows\SYSTEM32\ntdll.dll+9d364|C:\Windows\System32\KERNELBASE.dll+305ee|C:\Windows\system32\wbem\cimwin32.dll+f46e|C:\Windows\system32\wbem\cimwin32.dll+faf5|C:\Windows\SYSTEM32\framedynos.dll+5722|C:\Windows\SYSTEM32\framedynos.dll+6ead|C:\Windows\system32\wbem\wmiprvse.exe+8ad1|C:\Windows\system32\wbem\wmiprvse.exe+8753|C:\Windows\System32\RPCRT4.dll+78553|C:\Windows\System32\RPCRT4.dll+12779|C:\Windows\System32\combase.dll+a8c82|C:\Windows\System32\RPCRT4.dll+5f1db|C:\Windows\System32\combase.dll+2b363|C:\Windows\System32\combase.dll+2b153|C:\Windows\System32\combase.dll+ab606|C:\Windows\System32\combase.dll+2f1aa|C:\Windows\System32\combase.dll+a772d|C:\Windows\System32\combase.dll+423fc|C:\Windows\System32\combase.dll+42e10|C:\Windows\System32\combase.dll+44448|C:\Windows\System32\RPCRT4.dll+598c8|C:\Windows\System32\RPCRT4.dll+48041|C:\Windows\System32\RPCRT4.dll+47b90|C:\Windows\System32\RPCRT4.dll+1c9bf",10,MsMpEng,,0,,,,,,,,,,,,,,,,,,,{e2c04bb9-a3f6-60c3-8600-000000000300},4752,6660.0,C:\Windows\system32\wbem\wmiprvse.exe,{e2c04bb9-a408-60c3-9500-000000000300},5212,C:\Windows\system32\svchost.exe,0x1410,C:\Windows\SYSTEM32\ntdll.dll+9d364|C:\Windows\System32\KERNELBASE.dll+305ee|C:\Windows\system32\wbem\cimwin32.dll+f46e|C:\Windows\system32\wbem\cimwin32.dll+faf5|C:\Windows\SYSTEM32\framedynos.dll+5722|C:\Windows\SYSTEM32\framedynos.dll+6ead|C:\Windows\system32\wbem\wmiprvse.exe+8ad1|C:\Windows\system32\wbem\wmiprvse.exe+8753|C:\Windows\System32\RPCRT4.dll+78553|C:\Windows\System32\RPCRT4.dll+12779|C:\Windows\System32\combase.dll+a8c82|C:\Windows\System32\RPCRT4.dll+5f1db|C:\Windows\System32\combase.dll+2b363|C:\Windows\System32\combase.dll+2b153|C:\Windows\System32\combase.dll+ab606|C:\Windows\System32\combase.dll+2f1aa|C:\Windows\System32\combase.dll+a772d|C:\Windows\System32\combase.dll+423fc|C:\Windows\System32\combase.dll+42e10|C:\Windows\System32\combase.dll+44448|C:\Windows\System32\RPCRT4.dll+598c8|C:\Windows\System32\RPCRT4.dll+48041|C:\Windows\System32\RPCRT4.dll+47b90|C:\Windows\System32\RPCRT4.dll+1c9bf,,,,,,,,,,,,,,,,,,,,,,,,,,,,,,,,,,,,,,,,,,,,,,,,,,,,,,,,,,,,,,,,,,,,,,,,,,,,,,,,,,,,,0,0,0,0,0,0,1,True
2021-06-12 01:07:28,745,Microsoft-Windows-Sysmon,{5770385f-c22a-43e0-bf4c-06f5698ffbd9},4,0x8000000000000000,Microsoft-Windows-Sysmon/Operational,WORKSTATION5,2021-06-11T09:07:28.195Z,2021-06-11T09:07:28.195Z,10,"Process accessed:
RuleName: MsMpEng
UtcTime: 2021-06-12 01:07:28.181
SourceProcessGUID: {e2c04bb9-a3f6-60c3-8600-000000000300}
SourceProcessId: 4752
SourceThreadId: 6660
SourceImage: C:\Windows\system32\wbem\wmiprvse.exe
TargetProcessGUID: {e2c04bb9-a405-60c3-9300-000000000300}
TargetProcessId: 4068
TargetImage: C:\Windows\System32\svchost.exe
GrantedAccess: 0x1410
CallTrace: C:\Windows\SYSTEM32\ntdll.dll+9d364|C:\Windows\System32\KERNELBASE.dll+305ee|C:\Windows\system32\wbem\cimwin32.dll+f46e|C:\Windows\system32\wbem\cimwin32.dll+faf5|C:\Windows\SYSTEM32\framedynos.dll+5722|C:\Windows\SYSTEM32\framedynos.dll+6ead|C:\Windows\system32\wbem\wmiprvse.exe+8ad1|C:\Windows\system32\wbem\wmiprvse.exe+8753|C:\Windows\System32\RPCRT4.dll+78553|C:\Windows\System32\RPCRT4.dll+12779|C:\Windows\System32\combase.dll+a8c82|C:\Windows\System32\RPCRT4.dll+5f1db|C:\Windows\System32\combase.dll+2b363|C:\Windows\System32\combase.dll+2b153|C:\Windows\System32\combase.dll+ab606|C:\Windows\System32\combase.dll+2f1aa|C:\Windows\System32\combase.dll+a772d|C:\Windows\System32\combase.dll+423fc|C:\Windows\System32\combase.dll+42e10|C:\Windows\System32\combase.dll+44448|C:\Windows\System32\RPCRT4.dll+598c8|C:\Windows\System32\RPCRT4.dll+48041|C:\Windows\System32\RPCRT4.dll+47b90|C:\Windows\System32\RPCRT4.dll+1c9bf",10,MsMpEng,,0,,,,,,,,,,,,,,,,,,,{e2c04bb9-a3f6-60c3-8600-000000000300},4752,6660.0,C:\Windows\system32\wbem\wmiprvse.exe,{e2c04bb9-a405-60c3-9300-000000000300},4068,C:\Windows\System32\svchost.exe,0x1410,C:\Windows\SYSTEM32\ntdll.dll+9d364|C:\Windows\System32\KERNELBASE.dll+305ee|C:\Windows\system32\wbem\cimwin32.dll+f46e|C:\Windows\system32\wbem\cimwin32.dll+faf5|C:\Windows\SYSTEM32\framedynos.dll+5722|C:\Windows\SYSTEM32\framedynos.dll+6ead|C:\Windows\system32\wbem\wmiprvse.exe+8ad1|C:\Windows\system32\wbem\wmiprvse.exe+8753|C:\Windows\System32\RPCRT4.dll+78553|C:\Windows\System32\RPCRT4.dll+12779|C:\Windows\System32\combase.dll+a8c82|C:\Windows\System32\RPCRT4.dll+5f1db|C:\Windows\System32\combase.dll+2b363|C:\Windows\System32\combase.dll+2b153|C:\Windows\System32\combase.dll+ab606|C:\Windows\System32\combase.dll+2f1aa|C:\Windows\System32\combase.dll+a772d|C:\Windows\System32\combase.dll+423fc|C:\Windows\System32\combase.dll+42e10|C:\Windows\System32\combase.dll+44448|C:\Windows\System32\RPCRT4.dll+598c8|C:\Windows\System32\RPCRT4.dll+48041|C:\Windows\System32\RPCRT4.dll+47b90|C:\Windows\System32\RPCRT4.dll+1c9bf,,,,,,,,,,,,,,,,,,,,,,,,,,,,,,,,,,,,,,,,,,,,,,,,,,,,,,,,,,,,,,,,,,,,,,,,,,,,,,,,,,,,,0,0,0,0,0,0,1,True
2021-06-12 01:07:28,744,Microsoft-Windows-Sysmon,{5770385f-c22a-43e0-bf4c-06f5698ffbd9},4,0x8000000000000000,Microsoft-Windows-Sysmon/Operational,WORKSTATION5,2021-06-11T09:07:28.195Z,2021-06-11T09:07:28.195Z,10,"Process accessed:
RuleName: MsMpEng
UtcTime: 2021-06-12 01:07:28.181
SourceProcessGUID: {e2c04bb9-a3f6-60c3-8600-000000000300}
SourceProcessId: 4752
SourceThreadId: 6660
SourceImage: C:\Windows\system32\wbem\wmiprvse.exe
TargetProcessGUID: {e2c04bb9-a3f5-60c3-7f00-000000000300}
TargetProcessId: 4440
TargetImage: C:\Windows\System32\svchost.exe
GrantedAccess: 0x1410
CallTrace: C:\Windows\SYSTEM32\ntdll.dll+9d364|C:\Windows\System32\KERNELBASE.dll+305ee|C:\Windows\system32\wbem\cimwin32.dll+f46e|C:\Windows\system32\wbem\cimwin32.dll+faf5|C:\Windows\SYSTEM32\framedynos.dll+5722|C:\Windows\SYSTEM32\framedynos.dll+6ead|C:\Windows\system32\wbem\wmiprvse.exe+8ad1|C:\Windows\system32\wbem\wmiprvse.exe+8753|C:\Windows\System32\RPCRT4.dll+78553|C:\Windows\System32\RPCRT4.dll+12779|C:\Windows\System32\combase.dll+a8c82|C:\Windows\System32\RPCRT4.dll+5f1db|C:\Windows\System32\combase.dll+2b363|C:\Windows\System32\combase.dll+2b153|C:\Windows\System32\combase.dll+ab606|C:\Windows\System32\combase.dll+2f1aa|C:\Windows\System32\combase.dll+a772d|C:\Windows\System32\combase.dll+423fc|C:\Windows\System32\combase.dll+42e10|C:\Windows\System32\combase.dll+44448|C:\Windows\System32\RPCRT4.dll+598c8|C:\Windows\System32\RPCRT4.dll+48041|C:\Windows\System32\RPCRT4.dll+47b90|C:\Windows\System32\RPCRT4.dll+1c9bf",10,MsMpEng,,0,,,,,,,,,,,,,,,,,,,{e2c04bb9-a3f6-60c3-8600-000000000300},4752,6660.0,C:\Windows\system32\wbem\wmiprvse.exe,{e2c04bb9-a3f5-60c3-7f00-000000000300},4440,C:\Windows\System32\svchost.exe,0x1410,C:\Windows\SYSTEM32\ntdll.dll+9d364|C:\Windows\System32\KERNELBASE.dll+305ee|C:\Windows\system32\wbem\cimwin32.dll+f46e|C:\Windows\system32\wbem\cimwin32.dll+faf5|C:\Windows\SYSTEM32\framedynos.dll+5722|C:\Windows\SYSTEM32\framedynos.dll+6ead|C:\Windows\system32\wbem\wmiprvse.exe+8ad1|C:\Windows\system32\wbem\wmiprvse.exe+8753|C:\Windows\System32\RPCRT4.dll+78553|C:\Windows\System32\RPCRT4.dll+12779|C:\Windows\System32\combase.dll+a8c82|C:\Windows\System32\RPCRT4.dll+5f1db|C:\Windows\System32\combase.dll+2b363|C:\Windows\System32\combase.dll+2b153|C:\Windows\System32\combase.dll+ab606|C:\Windows\System32\combase.dll+2f1aa|C:\Windows\System32\combase.dll+a772d|C:\Windows\System32\combase.dll+423fc|C:\Windows\System32\combase.dll+42e10|C:\Windows\System32\combase.dll+44448|C:\Windows\System32\RPCRT4.dll+598c8|C:\Windows\System32\RPCRT4.dll+48041|C:\Windows\System32\RPCRT4.dll+47b90|C:\Windows\System32\RPCRT4.dll+1c9bf,,,,,,,,,,,,,,,,,,,,,,,,,,,,,,,,,,,,,,,,,,,,,,,,,,,,,,,,,,,,,,,,,,,,,,,,,,,,,,,,,,,,,0,0,0,0,0,0,1,True
2021-06-12 01:07:28,743,Microsoft-Windows-Sysmon,{5770385f-c22a-43e0-bf4c-06f5698ffbd9},4,0x8000000000000000,Microsoft-Windows-Sysmon/Operational,WORKSTATION5,2021-06-11T09:07:28.195Z,2021-06-11T09:07:28.195Z,10,"Process accessed:
RuleName: MsMpEng
UtcTime: 2021-06-12 01:07:28.181
SourceProcessGUID: {e2c04bb9-a3f6-60c3-8600-000000000300}
SourceProcessId: 4752
SourceThreadId: 6660
SourceImage: C:\Windows\system32\wbem\wmiprvse.exe
TargetProcessGUID: {e2c04bb9-a3f5-60c3-7e00-000000000300}
TargetProcessId: 4416
TargetImage: C:\Windows\system32\svchost.exe
GrantedAccess: 0x1410
CallTrace: C:\Windows\SYSTEM32\ntdll.dll+9d364|C:\Windows\System32\KERNELBASE.dll+305ee|C:\Windows\system32\wbem\cimwin32.dll+f46e|C:\Windows\system32\wbem\cimwin32.dll+faf5|C:\Windows\SYSTEM32\framedynos.dll+5722|C:\Windows\SYSTEM32\framedynos.dll+6ead|C:\Windows\system32\wbem\wmiprvse.exe+8ad1|C:\Windows\system32\wbem\wmiprvse.exe+8753|C:\Windows\System32\RPCRT4.dll+78553|C:\Windows\System32\RPCRT4.dll+12779|C:\Windows\System32\combase.dll+a8c82|C:\Windows\System32\RPCRT4.dll+5f1db|C:\Windows\System32\combase.dll+2b363|C:\Windows\System32\combase.dll+2b153|C:\Windows\System32\combase.dll+ab606|C:\Windows\System32\combase.dll+2f1aa|C:\Windows\System32\combase.dll+a772d|C:\Windows\System32\combase.dll+423fc|C:\Windows\System32\combase.dll+42e10|C:\Windows\System32\combase.dll+44448|C:\Windows\System32\RPCRT4.dll+598c8|C:\Windows\System32\RPCRT4.dll+48041|C:\Windows\System32\RPCRT4.dll+47b90|C:\Windows\System32\RPCRT4.dll+1c9bf",10,MsMpEng,,0,,,,,,,,,,,,,,,,,,,{e2c04bb9-a3f6-60c3-8600-000000000300},4752,6660.0,C:\Windows\system32\wbem\wmiprvse.exe,{e2c04bb9-a3f5-60c3-7e00-000000000300},4416,C:\Windows\system32\svchost.exe,0x1410,C:\Windows\SYSTEM32\ntdll.dll+9d364|C:\Windows\System32\KERNELBASE.dll+305ee|C:\Windows\system32\wbem\cimwin32.dll+f46e|C:\Windows\system32\wbem\cimwin32.dll+faf5|C:\Windows\SYSTEM32\framedynos.dll+5722|C:\Windows\SYSTEM32\framedynos.dll+6ead|C:\Windows\system32\wbem\wmiprvse.exe+8ad1|C:\Windows\system32\wbem\wmiprvse.exe+8753|C:\Windows\System32\RPCRT4.dll+78553|C:\Windows\System32\RPCRT4.dll+12779|C:\Windows\System32\combase.dll+a8c82|C:\Windows\System32\RPCRT4.dll+5f1db|C:\Windows\System32\combase.dll+2b363|C:\Windows\System32\combase.dll+2b153|C:\Windows\System32\combase.dll+ab606|C:\Windows\System32\combase.dll+2f1aa|C:\Windows\System32\combase.dll+a772d|C:\Windows\System32\combase.dll+423fc|C:\Windows\System32\combase.dll+42e10|C:\Windows\System32\combase.dll+44448|C:\Windows\System32\RPCRT4.dll+598c8|C:\Windows\System32\RPCRT4.dll+48041|C:\Windows\System32\RPCRT4.dll+47b90|C:\Windows\System32\RPCRT4.dll+1c9bf,,,,,,,,,,,,,,,,,,,,,,,,,,,,,,,,,,,,,,,,,,,,,,,,,,,,,,,,,,,,,,,,,,,,,,,,,,,,,,,,,,,,,0,0,0,0,0,0,1,True
2021-06-12 01:07:28,742,Microsoft-Windows-Sysmon,{5770385f-c22a-43e0-bf4c-06f5698ffbd9},4,0x8000000000000000,Microsoft-Windows-Sysmon/Operational,WORKSTATION5,2021-06-11T09:07:28.195Z,2021-06-11T09:07:28.195Z,10,"Process accessed:
RuleName: MsMpEng
UtcTime: 2021-06-12 01:07:28.181
SourceProcessGUID: {e2c04bb9-a3f6-60c3-8600-000000000300}
SourceProcessId: 4752
SourceThreadId: 6660
SourceImage: C:\Windows\system32\wbem\wmiprvse.exe
TargetProcessGUID: {e2c04bb9-a3f5-60c3-7d00-000000000300}
TargetProcessId: 4268
TargetImage: C:\Windows\System32\svchost.exe
GrantedAccess: 0x1410
CallTrace: C:\Windows\SYSTEM32\ntdll.dll+9d364|C:\Windows\System32\KERNELBASE.dll+305ee|C:\Windows\system32\wbem\cimwin32.dll+f46e|C:\Windows\system32\wbem\cimwin32.dll+faf5|C:\Windows\SYSTEM32\framedynos.dll+5722|C:\Windows\SYSTEM32\framedynos.dll+6ead|C:\Windows\system32\wbem\wmiprvse.exe+8ad1|C:\Windows\system32\wbem\wmiprvse.exe+8753|C:\Windows\System32\RPCRT4.dll+78553|C:\Windows\System32\RPCRT4.dll+12779|C:\Windows\System32\combase.dll+a8c82|C:\Windows\System32\RPCRT4.dll+5f1db|C:\Windows\System32\combase.dll+2b363|C:\Windows\System32\combase.dll+2b153|C:\Windows\System32\combase.dll+ab606|C:\Windows\System32\combase.dll+2f1aa|C:\Windows\System32\combase.dll+a772d|C:\Windows\System32\combase.dll+423fc|C:\Windows\System32\combase.dll+42e10|C:\Windows\System32\combase.dll+44448|C:\Windows\System32\RPCRT4.dll+598c8|C:\Windows\System32\RPCRT4.dll+48041|C:\Windows\System32\RPCRT4.dll+47b90|C:\Windows\System32\RPCRT4.dll+1c9bf",10,MsMpEng,,0,,,,,,,,,,,,,,,,,,,{e2c04bb9-a3f6-60c3-8600-000000000300},4752,6660.0,C:\Windows\system32\wbem\wmiprvse.exe,{e2c04bb9-a3f5-60c3-7d00-000000000300},4268,C:\Windows\System32\svchost.exe,0x1410,C:\Windows\SYSTEM32\ntdll.dll+9d364|C:\Windows\System32\KERNELBASE.dll+305ee|C:\Windows\system32\wbem\cimwin32.dll+f46e|C:\Windows\system32\wbem\cimwin32.dll+faf5|C:\Windows\SYSTEM32\framedynos.dll+5722|C:\Windows\SYSTEM32\framedynos.dll+6ead|C:\Windows\system32\wbem\wmiprvse.exe+8ad1|C:\Windows\system32\wbem\wmiprvse.exe+8753|C:\Windows\System32\RPCRT4.dll+78553|C:\Windows\System32\RPCRT4.dll+12779|C:\Windows\System32\combase.dll+a8c82|C:\Windows\System32\RPCRT4.dll+5f1db|C:\Windows\System32\combase.dll+2b363|C:\Windows\System32\combase.dll+2b153|C:\Windows\System32\combase.dll+ab606|C:\Windows\System32\combase.dll+2f1aa|C:\Windows\System32\combase.dll+a772d|C:\Windows\System32\combase.dll+423fc|C:\Windows\System32\combase.dll+42e10|C:\Windows\System32\combase.dll+44448|C:\Windows\System32\RPCRT4.dll+598c8|C:\Windows\System32\RPCRT4.dll+48041|C:\Windows\System32\RPCRT4.dll+47b90|C:\Windows\System32\RPCRT4.dll+1c9bf,,,,,,,,,,,,,,,,,,,,,,,,,,,,,,,,,,,,,,,,,,,,,,,,,,,,,,,,,,,,,,,,,,,,,,,,,,,,,,,,,,,,,0,0,0,0,0,0,1,True
2021-06-12 01:07:28,741,Microsoft-Windows-Sysmon,{5770385f-c22a-43e0-bf4c-06f5698ffbd9},4,0x8000000000000000,Microsoft-Windows-Sysmon/Operational,WORKSTATION5,2021-06-11T09:07:28.195Z,2021-06-11T09:07:28.195Z,10,"Process accessed:
RuleName: MsMpEng
UtcTime: 2021-06-12 01:07:28.181
SourceProcessGUID: {e2c04bb9-a3f6-60c3-8600-000000000300}
SourceProcessId: 4752
SourceThreadId: 6660
SourceImage: C:\Windows\system32\wbem\wmiprvse.exe
TargetProcessGUID: {e2c04bb9-a3f3-60c3-7800-000000000300}
TargetProcessId: 3420
TargetImage: C:\Windows\System32\svchost.exe
GrantedAccess: 0x1410
CallTrace: C:\Windows\SYSTEM32\ntdll.dll+9d364|C:\Windows\System32\KERNELBASE.dll+305ee|C:\Windows\system32\wbem\cimwin32.dll+f46e|C:\Windows\system32\wbem\cimwin32.dll+faf5|C:\Windows\SYSTEM32\framedynos.dll+5722|C:\Windows\SYSTEM32\framedynos.dll+6ead|C:\Windows\system32\wbem\wmiprvse.exe+8ad1|C:\Windows\system32\wbem\wmiprvse.exe+8753|C:\Windows\System32\RPCRT4.dll+78553|C:\Windows\System32\RPCRT4.dll+12779|C:\Windows\System32\combase.dll+a8c82|C:\Windows\System32\RPCRT4.dll+5f1db|C:\Windows\System32\combase.dll+2b363|C:\Windows\System32\combase.dll+2b153|C:\Windows\System32\combase.dll+ab606|C:\Windows\System32\combase.dll+2f1aa|C:\Windows\System32\combase.dll+a772d|C:\Windows\System32\combase.dll+423fc|C:\Windows\System32\combase.dll+42e10|C:\Windows\System32\combase.dll+44448|C:\Windows\System32\RPCRT4.dll+598c8|C:\Windows\System32\RPCRT4.dll+48041|C:\Windows\System32\RPCRT4.dll+47b90|C:\Windows\System32\RPCRT4.dll+1c9bf",10,MsMpEng,,0,,,,,,,,,,,,,,,,,,,{e2c04bb9-a3f6-60c3-8600-000000000300},4752,6660.0,C:\Windows\system32\wbem\wmiprvse.exe,{e2c04bb9-a3f3-60c3-7800-000000000300},3420,C:\Windows\System32\svchost.exe,0x1410,C:\Windows\SYSTEM32\ntdll.dll+9d364|C:\Windows\System32\KERNELBASE.dll+305ee|C:\Windows\system32\wbem\cimwin32.dll+f46e|C:\Windows\system32\wbem\cimwin32.dll+faf5|C:\Windows\SYSTEM32\framedynos.dll+5722|C:\Windows\SYSTEM32\framedynos.dll+6ead|C:\Windows\system32\wbem\wmiprvse.exe+8ad1|C:\Windows\system32\wbem\wmiprvse.exe+8753|C:\Windows\System32\RPCRT4.dll+78553|C:\Windows\System32\RPCRT4.dll+12779|C:\Windows\System32\combase.dll+a8c82|C:\Windows\System32\RPCRT4.dll+5f1db|C:\Windows\System32\combase.dll+2b363|C:\Windows\System32\combase.dll+2b153|C:\Windows\System32\combase.dll+ab606|C:\Windows\System32\combase.dll+2f1aa|C:\Windows\System32\combase.dll+a772d|C:\Windows\System32\combase.dll+423fc|C:\Windows\System32\combase.dll+42e10|C:\Windows\System32\combase.dll+44448|C:\Windows\System32\RPCRT4.dll+598c8|C:\Windows\System32\RPCRT4.dll+48041|C:\Windows\System32\RPCRT4.dll+47b90|C:\Windows\System32\RPCRT4.dll+1c9bf,,,,,,,,,,,,,,,,,,,,,,,,,,,,,,,,,,,,,,,,,,,,,,,,,,,,,,,,,,,,,,,,,,,,,,,,,,,,,,,,,,,,,0,0,0,0,0,0,1,True
2021-06-12 01:07:28,749,Microsoft-Windows-Sysmon,{5770385f-c22a-43e0-bf4c-06f5698ffbd9},4,0x8000000000000000,Microsoft-Windows-Sysmon/Operational,WORKSTATION5,2021-06-11T09:07:28.196Z,2021-06-11T09:07:28.196Z,10,"Process accessed:
RuleName: MsMpEng
UtcTime: 2021-06-12 01:07:28.181
SourceProcessGUID: {e2c04bb9-a3f6-60c3-8600-000000000300}
SourceProcessId: 4752
SourceThreadId: 6660
SourceImage: C:\Windows\system32\wbem\wmiprvse.exe
TargetProcessGUID: {e2c04bb9-a41c-60c3-b900-000000000300}
TargetProcessId: 5952
TargetImage: C:\Windows\System32\svchost.exe
GrantedAccess: 0x1410
CallTrace: C:\Windows\SYSTEM32\ntdll.dll+9d364|C:\Windows\System32\KERNELBASE.dll+305ee|C:\Windows\system32\wbem\cimwin32.dll+f46e|C:\Windows\system32\wbem\cimwin32.dll+faf5|C:\Windows\SYSTEM32\framedynos.dll+5722|C:\Windows\SYSTEM32\framedynos.dll+6ead|C:\Windows\system32\wbem\wmiprvse.exe+8ad1|C:\Windows\system32\wbem\wmiprvse.exe+8753|C:\Windows\System32\RPCRT4.dll+78553|C:\Windows\System32\RPCRT4.dll+12779|C:\Windows\System32\combase.dll+a8c82|C:\Windows\System32\RPCRT4.dll+5f1db|C:\Windows\System32\combase.dll+2b363|C:\Windows\System32\combase.dll+2b153|C:\Windows\System32\combase.dll+ab606|C:\Windows\System32\combase.dll+2f1aa|C:\Windows\System32\combase.dll+a772d|C:\Windows\System32\combase.dll+423fc|C:\Windows\System32\combase.dll+42e10|C:\Windows\System32\combase.dll+44448|C:\Windows\System32\RPCRT4.dll+598c8|C:\Windows\System32\RPCRT4.dll+48041|C:\Windows\System32\RPCRT4.dll+47b90|C:\Windows\System32\RPCRT4.dll+1c9bf",10,MsMpEng,,0,,,,,,,,,,,,,,,,,,,{e2c04bb9-a3f6-60c3-8600-000000000300},4752,6660.0,C:\Windows\system32\wbem\wmiprvse.exe,{e2c04bb9-a41c-60c3-b900-000000000300},5952,C:\Windows\System32\svchost.exe,0x1410,C:\Windows\SYSTEM32\ntdll.dll+9d364|C:\Windows\System32\KERNELBASE.dll+305ee|C:\Windows\system32\wbem\cimwin32.dll+f46e|C:\Windows\system32\wbem\cimwin32.dll+faf5|C:\Windows\SYSTEM32\framedynos.dll+5722|C:\Windows\SYSTEM32\framedynos.dll+6ead|C:\Windows\system32\wbem\wmiprvse.exe+8ad1|C:\Windows\system32\wbem\wmiprvse.exe+8753|C:\Windows\System32\RPCRT4.dll+78553|C:\Windows\System32\RPCRT4.dll+12779|C:\Windows\System32\combase.dll+a8c82|C:\Windows\System32\RPCRT4.dll+5f1db|C:\Windows\System32\combase.dll+2b363|C:\Windows\System32\combase.dll+2b153|C:\Windows\System32\combase.dll+ab606|C:\Windows\System32\combase.dll+2f1aa|C:\Windows\System32\combase.dll+a772d|C:\Windows\System32\combase.dll+423fc|C:\Windows\System32\combase.dll+42e10|C:\Windows\System32\combase.dll+44448|C:\Windows\System32\RPCRT4.dll+598c8|C:\Windows\System32\RPCRT4.dll+48041|C:\Windows\System32\RPCRT4.dll+47b90|C:\Windows\System32\RPCRT4.dll+1c9bf,,,,,,,,,,,,,,,,,,,,,,,,,,,,,,,,,,,,,,,,,,,,,,,,,,,,,,,,,,,,,,,,,,,,,,,,,,,,,,,,,,,,,0,0,0,0,0,0,1,True
2021-06-12 01:07:29,978,Microsoft-Windows-Sysmon,{5770385f-c22a-43e0-bf4c-06f5698ffbd9},4,0x8000000000000000,Microsoft-Windows-Sysmon/Operational,WORKSTATION5,2021-06-11T09:07:29.573Z,2021-06-11T09:07:29.573Z,10,"Process accessed:
RuleName: -
UtcTime: 2021-06-12 01:07:29.562
SourceProcessGUID: {e2c04bb9-a70e-60c3-0d61-390000000000}
SourceProcessId: 1320
SourceThreadId: 7544
SourceImage: C:\Windows\Explorer.EXE
TargetProcessGUID: {e2c04bb9-a90a-60c3-7d02-000000000300}
TargetProcessId: 8752
TargetImage: C:\Windows\system32\conhost.exe
GrantedAccess: 0x1410
CallTrace: C:\Windows\SYSTEM32\ntdll.dll+9d364|C:\Windows\System32\KERNELBASE.dll+305ee|C:\Windows\System32\appresolver.dll+22138|C:\Windows\System32\appresolver.dll+1f1b6|C:\Windows\system32\twinui.pcshell.dll+1f404|C:\Windows\system32\twinui.pcshell.dll+11b6bc|C:\Windows\System32\KERNEL32.DLL+17c24|C:\Windows\SYSTEM32\ntdll.dll+6d721",10,-,,0,,,,,,,,,,,,,,,,,,,{e2c04bb9-a70e-60c3-0d61-390000000000},1320,7544.0,C:\Windows\Explorer.EXE,{e2c04bb9-a90a-60c3-7d02-000000000300},8752,C:\Windows\system32\conhost.exe,0x1410,C:\Windows\SYSTEM32\ntdll.dll+9d364|C:\Windows\System32\KERNELBASE.dll+305ee|C:\Windows\System32\appresolver.dll+22138|C:\Windows\System32\appresolver.dll+1f1b6|C:\Windows\system32\twinui.pcshell.dll+1f404|C:\Windows\system32\twinui.pcshell.dll+11b6bc|C:\Windows\System32\KERNEL32.DLL+17c24|C:\Windows\SYSTEM32\ntdll.dll+6d721,,,,,,,,,,,,,,,,,,,,,,,,,,,,,,,,,,,,,,,,,,,,,,,,,,,,,,,,,,,,,,,,,,,,,,,,,,,,,,,,,,,,,0,0,0,0,0,0,1,True
2021-06-12 01:07:29,984,Microsoft-Windows-Sysmon,{5770385f-c22a-43e0-bf4c-06f5698ffbd9},4,0x8000000000000000,Microsoft-Windows-Sysmon/Operational,WORKSTATION5,2021-06-11T09:07:29.573Z,2021-06-11T09:07:29.573Z,10,"Process accessed:
RuleName: -
UtcTime: 2021-06-12 01:07:29.572
SourceProcessGUID: {e2c04bb9-a70e-60c3-0d61-390000000000}
SourceProcessId: 1320
SourceThreadId: 5612
SourceImage: C:\Windows\Explorer.EXE
TargetProcessGUID: {e2c04bb9-a909-60c3-c871-6c0000000000}
TargetProcessId: 8912
TargetImage: C:\Windows\System32\WindowsPowerShell\v1.0\powershell.exe
GrantedAccess: 0x1000
CallTrace: C:\Windows\SYSTEM32\ntdll.dll+9d364|C:\Windows\System32\KERNELBASE.dll+305ee|C:\Windows\System32\TaskFlowDataEngine.dll+ce360|C:\Windows\System32\TaskFlowDataEngine.dll+97afb|C:\Windows\System32\TaskFlowDataEngine.dll+9717f|C:\Windows\System32\TaskFlowDataEngine.dll+96c79|C:\Windows\System32\TaskFlowDataEngine.dll+966a5|C:\Windows\System32\TaskFlowDataEngine.dll+94505|C:\Windows\System32\TaskFlowDataEngine.dll+92ed8|C:\Windows\System32\TaskFlowDataEngine.dll+9d7c1|C:\Windows\System32\shcore.dll+1a8c9|C:\Windows\System32\shcore.dll+1a668|C:\Windows\System32\shcore.dll+19681|C:\Windows\System32\KERNEL32.DLL+17c24|C:\Windows\SYSTEM32\ntdll.dll+6d721",10,-,,0,,,,,,,,,,,,,,,,,,,{e2c04bb9-a70e-60c3-0d61-390000000000},1320,5612.0,C:\Windows\Explorer.EXE,{e2c04bb9-a909-60c3-c871-6c0000000000},8912,C:\Windows\System32\WindowsPowerShell\v1.0\powershell.exe,0x1000,C:\Windows\SYSTEM32\ntdll.dll+9d364|C:\Windows\System32\KERNELBASE.dll+305ee|C:\Windows\System32\TaskFlowDataEngine.dll+ce360|C:\Windows\System32\TaskFlowDataEngine.dll+97afb|C:\Windows\System32\TaskFlowDataEngine.dll+9717f|C:\Windows\System32\TaskFlowDataEngine.dll+96c79|C:\Windows\System32\TaskFlowDataEngine.dll+966a5|C:\Windows\System32\TaskFlowDataEngine.dll+94505|C:\Windows\System32\TaskFlowDataEngine.dll+92ed8|C:\Windows\System32\TaskFlowDataEngine.dll+9d7c1|C:\Windows\System32\shcore.dll+1a8c9|C:\Windows\System32\shcore.dll+1a668|C:\Windows\System32\shcore.dll+19681|C:\Windows\System32\KERNEL32.DLL+17c24|C:\Windows\SYSTEM32\ntdll.dll+6d721,,,,,,,,,,,,,,,,,,,,,,,,,,,,,,,,,,,,,,,,,,,,,,,,,,,,,,,,,,,,,,,,,,,,,,,,,,,,,,,,,,,,,0,0,0,0,0,0,1,True
2021-06-12 01:07:29,983,Microsoft-Windows-Sysmon,{5770385f-c22a-43e0-bf4c-06f5698ffbd9},4,0x8000000000000000,Microsoft-Windows-Sysmon/Operational,WORKSTATION5,2021-06-11T09:07:29.573Z,2021-06-11T09:07:29.573Z,10,"Process accessed:
RuleName: -
UtcTime: 2021-06-12 01:07:29.562
SourceProcessGUID: {e2c04bb9-a70e-60c3-0d61-390000000000}
SourceProcessId: 1320
SourceThreadId: 4520
SourceImage: C:\Windows\Explorer.EXE
TargetProcessGUID: {e2c04bb9-a909-60c3-c871-6c0000000000}
TargetProcessId: 8912
TargetImage: C:\Windows\System32\WindowsPowerShell\v1.0\powershell.exe
GrantedAccess: 0x1000
CallTrace: C:\Windows\SYSTEM32\ntdll.dll+9d364|C:\Windows\System32\KERNELBASE.dll+305ee|C:\Windows\System32\NPSMDesktopProvider.dll+1dfba|C:\Windows\System32\NPSMDesktopProvider.dll+13b42|C:\Windows\System32\NPSMDesktopProvider.dll+142bb|C:\Windows\System32\shcore.dll+1a8c9|C:\Windows\System32\shcore.dll+1a668|C:\Windows\System32\shcore.dll+19681|C:\Windows\System32\KERNEL32.DLL+17c24|C:\Windows\SYSTEM32\ntdll.dll+6d721",10,-,,0,,,,,,,,,,,,,,,,,,,{e2c04bb9-a70e-60c3-0d61-390000000000},1320,4520.0,C:\Windows\Explorer.EXE,{e2c04bb9-a909-60c3-c871-6c0000000000},8912,C:\Windows\System32\WindowsPowerShell\v1.0\powershell.exe,0x1000,C:\Windows\SYSTEM32\ntdll.dll+9d364|C:\Windows\System32\KERNELBASE.dll+305ee|C:\Windows\System32\NPSMDesktopProvider.dll+1dfba|C:\Windows\System32\NPSMDesktopProvider.dll+13b42|C:\Windows\System32\NPSMDesktopProvider.dll+142bb|C:\Windows\System32\shcore.dll+1a8c9|C:\Windows\System32\shcore.dll+1a668|C:\Windows\System32\shcore.dll+19681|C:\Windows\System32\KERNEL32.DLL+17c24|C:\Windows\SYSTEM32\ntdll.dll+6d721,,,,,,,,,,,,,,,,,,,,,,,,,,,,,,,,,,,,,,,,,,,,,,,,,,,,,,,,,,,,,,,,,,,,,,,,,,,,,,,,,,,,,0,0,0,0,0,0,1,True
2021-06-12 01:07:29,982,Microsoft-Windows-Sysmon,{5770385f-c22a-43e0-bf4c-06f5698ffbd9},4,0x8000000000000000,Microsoft-Windows-Sysmon/Operational,WORKSTATION5,2021-06-11T09:07:29.573Z,2021-06-11T09:07:29.573Z,13,"Registry value set:
RuleName: -
EventType: SetValue
UtcTime: 2021-06-12 01:07:29.562
ProcessGuid: {e2c04bb9-a70e-60c3-0d61-390000000000}
ProcessId: 1320
Image: C:\Windows\Explorer.EXE
TargetObject: HKU\S-1-5-21-315269454-3320600716-4144796452-500\Software\Microsoft\Windows\CurrentVersion\Explorer\UserAssist\{CEBFF5CD-ACE2-4F4F-9178-9926F41749EA}\Count\HRZR_PGYFRFFVBA
Details: Binary Data",13,-,{e2c04bb9-a70e-60c3-0d61-390000000000},1320,C:\Windows\Explorer.EXE,,,,,,,,,,,,,,,,,,,,,,,,,,,,,,,,,,SetValue,HKU\S-1-5-21-315269454-3320600716-4144796452-500\Software\Microsoft\Windows\CurrentVersion\Explorer\UserAssist\{CEBFF5CD-ACE2-4F4F-9178-9926F41749EA}\Count\HRZR_PGYFRFFVBA,Binary Data,,,,,,,,,,,,,,,,,,,,,,,,,,,,,,,,,,,,,,,,,,,,,,,,,,,,,,,,,,,,,,,,,,,,,,,,,,,0,0,0,0,1,0,2,True
2021-06-12 01:07:29,981,Microsoft-Windows-Sysmon,{5770385f-c22a-43e0-bf4c-06f5698ffbd9},4,0x8000000000000000,Microsoft-Windows-Sysmon/Operational,WORKSTATION5,2021-06-11T09:07:29.573Z,2021-06-11T09:07:29.573Z,13,"Registry value set:
RuleName: -
EventType: SetValue
UtcTime: 2021-06-12 01:07:29.562
ProcessGuid: {e2c04bb9-a70e-60c3-0d61-390000000000}
ProcessId: 1320
Image: C:\Windows\Explorer.EXE
TargetObject: HKU\S-1-5-21-315269454-3320600716-4144796452-500\Software\Microsoft\Windows\CurrentVersion\Explorer\UserAssist\{CEBFF5CD-ACE2-4F4F-9178-9926F41749EA}\Count\P:\GZC\PerngrAnzrqCvcr.rkr
Details: Binary Data",13,-,{e2c04bb9-a70e-60c3-0d61-390000000000},1320,C:\Windows\Explorer.EXE,,,,,,,,,,,,,,,,,,,,,,,,,,,,,,,,,,SetValue,HKU\S-1-5-21-315269454-3320600716-4144796452-500\Software\Microsoft\Windows\CurrentVersion\Explorer\UserAssist\{CEBFF5CD-ACE2-4F4F-9178-9926F41749EA}\Count\P:\GZC\PerngrAnzrqCvcr.rkr,Binary Data,,,,,,,,,,,,,,,,,,,,,,,,,,,,,,,,,,,,,,,,,,,,,,,,,,,,,,,,,,,,,,,,,,,,,,,,,,,0,0,0,0,1,0,2,True
