2021-06-12 01:07:17,34,Microsoft-Windows-Sysmon,{5770385f-c22a-43e0-bf4c-06f5698ffbd9},4,0x8000000000000000,Microsoft-Windows-Sysmon/Operational,WORKSTATION5,2021-06-11T09:07:17.674Z,2021-06-11T09:07:17.674Z,7,"Image loaded:
RuleName: -
UtcTime: 2021-06-12 01:07:17.666
ProcessGuid: {e2c04bb9-08c5-60c4-7909-000000000300}
ProcessId: 6472
Image: C:\Users\APT-Simulator\Documents\APTSimulator-master\helpers\7z.exe
ImageLoaded: C:\Windows\System32\bcryptprimitives.dll
FileVersion: 10.0.18362.1237 (WinBuild.160101.0800)
Description: Windows Cryptographic Primitives Library
Product: Microsoft® Windows® Operating System
Company: Microsoft Corporation
OriginalFileName: bcryptprimitives.dll
Hashes: SHA1=9EF590B826FD65FD7F6B348604E29873AFE24353,MD5=CFA9891644C90A7739814212C28E9071,SHA256=9DADBB2C0AE4D8DBC3E855F35DF29FA40C0FEC8ABE3B15DAD2F789671A44792C,IMPHASH=496E42068C9391511CF6EE7C54F73A9B
Signed: true
Signature: Microsoft Windows
SignatureStatus: Valid",7,-,{e2c04bb9-08c5-60c4-7909-000000000300},6472,C:\Users\APT-Simulator\Documents\APTSimulator-master\helpers\7z.exe,10.0.18362.1237 (WinBuild.160101.0800),Windows Cryptographic Primitives Library,Microsoft® Windows® Operating System,Microsoft Corporation,bcryptprimitives.dll,,,,,,,,"SHA1=9EF590B826FD65FD7F6B348604E29873AFE24353,MD5=CFA9891644C90A7739814212C28E9071,SHA256=9DADBB2C0AE4D8DBC3E855F35DF29FA40C0FEC8ABE3B15DAD2F789671A44792C,IMPHASH=496E42068C9391511CF6EE7C54F73A9B",,,,,,,,,,,,,,C:\Windows\System32\bcryptprimitives.dll,True,Microsoft Windows,Valid,,,,,,,,,,,,,,,,,,,,,,,,,,,,,,,,,,,,,,,,,,,,,,,,,,,,,,,,,,,,,,,,,,,,,,,,,,,,,,,,,0,0,0,0,0,0,1,True
2021-06-12 01:07:17,39,Microsoft-Windows-Sysmon,{5770385f-c22a-43e0-bf4c-06f5698ffbd9},4,0x8000000000000000,Microsoft-Windows-Sysmon/Operational,WORKSTATION5,2021-06-11T09:07:17.676Z,2021-06-11T09:07:17.676Z,7,"Image loaded:
RuleName: -
UtcTime: 2021-06-12 01:07:17.666
ProcessGuid: {e2c04bb9-08c5-60c4-7909-000000000300}
ProcessId: 6472
Image: C:\Users\APT-Simulator\Documents\APTSimulator-master\helpers\7z.exe
ImageLoaded: C:\Windows\System32\advapi32.dll
FileVersion: 10.0.18362.752 (WinBuild.160101.0800)
Description: Advanced Windows 32 Base API
Product: Microsoft® Windows® Operating System
Company: Microsoft Corporation
OriginalFileName: advapi32.dll
Hashes: SHA1=35C61DDE6F8F4ED05F9C4837E2B91C886CA79F82,MD5=EA4F6E7961B4A402F6F5EC33C655260A,SHA256=5E2D103E7E1FD7CA0492E541F082D274EF6259AF2158A3562986C796C5C869DD,IMPHASH=8EEA175C33205685FB8A14876D7564DB
Signed: true
Signature: Microsoft Windows
SignatureStatus: Valid",7,-,{e2c04bb9-08c5-60c4-7909-000000000300},6472,C:\Users\APT-Simulator\Documents\APTSimulator-master\helpers\7z.exe,10.0.18362.752 (WinBuild.160101.0800),Advanced Windows 32 Base API,Microsoft® Windows® Operating System,Microsoft Corporation,advapi32.dll,,,,,,,,"SHA1=35C61DDE6F8F4ED05F9C4837E2B91C886CA79F82,MD5=EA4F6E7961B4A402F6F5EC33C655260A,SHA256=5E2D103E7E1FD7CA0492E541F082D274EF6259AF2158A3562986C796C5C869DD,IMPHASH=8EEA175C33205685FB8A14876D7564DB",,,,,,,,,,,,,,C:\Windows\System32\advapi32.dll,True,Microsoft Windows,Valid,,,,,,,,,,,,,,,,,,,,,,,,,,,,,,,,,,,,,,,,,,,,,,,,,,,,,,,,,,,,,,,,,,,,,,,,,,,,,,,,,0,0,0,0,0,0,1,True
2021-06-12 01:07:18,123,Microsoft-Windows-Sysmon,{5770385f-c22a-43e0-bf4c-06f5698ffbd9},4,0x8000000000000000,Microsoft-Windows-Sysmon/Operational,WORKSTATION5,2021-06-11T09:07:18.945Z,2021-06-11T09:07:18.945Z,7,"Image loaded:
RuleName: -
UtcTime: 2021-06-12 01:07:18.931
ProcessGuid: {e2c04bb9-08c6-60c4-7d09-000000000300}
ProcessId: 6388
Image: C:\Windows\System32\conhost.exe
ImageLoaded: C:\Windows\System32\shlwapi.dll
FileVersion: 10.0.18362.1316 (WinBuild.160101.0800)
Description: Shell Light-weight Utility Library
Product: Microsoft® Windows® Operating System
Company: Microsoft Corporation
OriginalFileName: SHLWAPI.DLL
Hashes: SHA1=65C23F4CB9860EEBA253353C6738B45D52CE19F6,MD5=7CADEDFCEABF9D8B4B932FAB9364BA40,SHA256=CE3C1AB6E980D750C70ED7EB533BA9E1BF194033797ACC507F5B766FEEEC1FCB,IMPHASH=6659A49ABF33952444C5A7FA22FD9032
Signed: true
Signature: Microsoft Windows
SignatureStatus: Valid",7,-,{e2c04bb9-08c6-60c4-7d09-000000000300},6388,C:\Windows\System32\conhost.exe,10.0.18362.1316 (WinBuild.160101.0800),Shell Light-weight Utility Library,Microsoft® Windows® Operating System,Microsoft Corporation,SHLWAPI.DLL,,,,,,,,"SHA1=65C23F4CB9860EEBA253353C6738B45D52CE19F6,MD5=7CADEDFCEABF9D8B4B932FAB9364BA40,SHA256=CE3C1AB6E980D750C70ED7EB533BA9E1BF194033797ACC507F5B766FEEEC1FCB,IMPHASH=6659A49ABF33952444C5A7FA22FD9032",,,,,,,,,,,,,,C:\Windows\System32\shlwapi.dll,True,Microsoft Windows,Valid,,,,,,,,,,,,,,,,,,,,,,,,,,,,,,,,,,,,,,,,,,,,,,,,,,,,,,,,,,,,,,,,,,,,,,,,,,,,,,,,,0,0,0,0,0,0,2,True
2021-06-12 01:07:18,117,Microsoft-Windows-Sysmon,{5770385f-c22a-43e0-bf4c-06f5698ffbd9},4,0x8000000000000000,Microsoft-Windows-Sysmon/Operational,WORKSTATION5,2021-06-11T09:07:18.944Z,2021-06-11T09:07:18.944Z,7,"Image loaded:
RuleName: -
UtcTime: 2021-06-12 01:07:18.931
ProcessGuid: {e2c04bb9-08c6-60c4-7d09-000000000300}
ProcessId: 6388
Image: C:\Windows\System32\conhost.exe
ImageLoaded: C:\Windows\System32\cfgmgr32.dll
FileVersion: 10.0.18362.387 (WinBuild.160101.0800)
Description: Configuration Manager DLL
Product: Microsoft® Windows® Operating System
Company: Microsoft Corporation
OriginalFileName: CFGMGR32.DLL
Hashes: SHA1=FA3A718BEED81C7084675E250ADC305677A6B5E4,MD5=3A99A40872AF3B87406CC57DBDF53748,SHA256=96A1DB38C74A81FBA4C4AB29020551364FD1ADA3B6FED789D193C787E757979D,IMPHASH=4B4464C7677B6F07342800F4CF0BA273
Signed: true
Signature: Microsoft Windows
SignatureStatus: Valid",7,-,{e2c04bb9-08c6-60c4-7d09-000000000300},6388,C:\Windows\System32\conhost.exe,10.0.18362.387 (WinBuild.160101.0800),Configuration Manager DLL,Microsoft® Windows® Operating System,Microsoft Corporation,CFGMGR32.DLL,,,,,,,,"SHA1=FA3A718BEED81C7084675E250ADC305677A6B5E4,MD5=3A99A40872AF3B87406CC57DBDF53748,SHA256=96A1DB38C74A81FBA4C4AB29020551364FD1ADA3B6FED789D193C787E757979D,IMPHASH=4B4464C7677B6F07342800F4CF0BA273",,,,,,,,,,,,,,C:\Windows\System32\cfgmgr32.dll,True,Microsoft Windows,Valid,,,,,,,,,,,,,,,,,,,,,,,,,,,,,,,,,,,,,,,,,,,,,,,,,,,,,,,,,,,,,,,,,,,,,,,,,,,,,,,,,0,0,0,0,0,0,2,True
2021-06-12 01:07:18,124,Microsoft-Windows-Sysmon,{5770385f-c22a-43e0-bf4c-06f5698ffbd9},4,0x8000000000000000,Microsoft-Windows-Sysmon/Operational,WORKSTATION5,2021-06-11T09:07:18.946Z,2021-06-11T09:07:18.946Z,7,"Image loaded:
RuleName: -
UtcTime: 2021-06-12 01:07:18.931
ProcessGuid: {e2c04bb9-08c6-60c4-7c09-000000000300}
ProcessId: 7100
Image: C:\Windows\System32\timeout.exe
ImageLoaded: C:\Windows\System32\bcryptprimitives.dll
FileVersion: 10.0.18362.1237 (WinBuild.160101.0800)
Description: Windows Cryptographic Primitives Library
Product: Microsoft® Windows® Operating System
Company: Microsoft Corporation
OriginalFileName: bcryptprimitives.dll
Hashes: SHA1=9EF590B826FD65FD7F6B348604E29873AFE24353,MD5=CFA9891644C90A7739814212C28E9071,SHA256=9DADBB2C0AE4D8DBC3E855F35DF29FA40C0FEC8ABE3B15DAD2F789671A44792C,IMPHASH=496E42068C9391511CF6EE7C54F73A9B
Signed: true
Signature: Microsoft Windows
SignatureStatus: Valid",7,-,{e2c04bb9-08c6-60c4-7c09-000000000300},7100,C:\Windows\System32\timeout.exe,10.0.18362.1237 (WinBuild.160101.0800),Windows Cryptographic Primitives Library,Microsoft® Windows® Operating System,Microsoft Corporation,bcryptprimitives.dll,,,,,,,,"SHA1=9EF590B826FD65FD7F6B348604E29873AFE24353,MD5=CFA9891644C90A7739814212C28E9071,SHA256=9DADBB2C0AE4D8DBC3E855F35DF29FA40C0FEC8ABE3B15DAD2F789671A44792C,IMPHASH=496E42068C9391511CF6EE7C54F73A9B",,,,,,,,,,,,,,C:\Windows\System32\bcryptprimitives.dll,True,Microsoft Windows,Valid,,,,,,,,,,,,,,,,,,,,,,,,,,,,,,,,,,,,,,,,,,,,,,,,,,,,,,,,,,,,,,,,,,,,,,,,,,,,,,,,,0,0,0,0,0,0,3,True
2021-06-12 01:07:18,122,Microsoft-Windows-Sysmon,{5770385f-c22a-43e0-bf4c-06f5698ffbd9},4,0x8000000000000000,Microsoft-Windows-Sysmon/Operational,WORKSTATION5,2021-06-11T09:07:18.945Z,2021-06-11T09:07:18.945Z,7,"Image loaded:
RuleName: -
UtcTime: 2021-06-12 01:07:18.931
ProcessGuid: {e2c04bb9-08c6-60c4-7d09-000000000300}
ProcessId: 6388
Image: C:\Windows\System32\conhost.exe
ImageLoaded: C:\Windows\System32\umpdc.dll
FileVersion: -
Description: -
Product: -
Company: -
OriginalFileName: -
Hashes: SHA1=6ABB78FB1614C12E3E9FFF3DE98B0E13E79201D9,MD5=B9A75ED4500DD953DF172FE6F63578E8,SHA256=709B99BA1DFEF6D9B2483F37D242B12F29B1E1ADE13E338B4D7041C55B55204B,IMPHASH=5A0FF5293A05BFEBAE6F2C9C302FC5E7
Signed: true
Signature: Microsoft Windows
SignatureStatus: Valid",7,-,{e2c04bb9-08c6-60c4-7d09-000000000300},6388,C:\Windows\System32\conhost.exe,-,-,-,-,-,,,,,,,,"SHA1=6ABB78FB1614C12E3E9FFF3DE98B0E13E79201D9,MD5=B9A75ED4500DD953DF172FE6F63578E8,SHA256=709B99BA1DFEF6D9B2483F37D242B12F29B1E1ADE13E338B4D7041C55B55204B,IMPHASH=5A0FF5293A05BFEBAE6F2C9C302FC5E7",,,,,,,,,,,,,,C:\Windows\System32\umpdc.dll,True,Microsoft Windows,Valid,,,,,,,,,,,,,,,,,,,,,,,,,,,,,,,,,,,,,,,,,,,,,,,,,,,,,,,,,,,,,,,,,,,,,,,,,,,,,,,,,0,0,0,0,0,0,3,True
2021-06-12 01:07:18,121,Microsoft-Windows-Sysmon,{5770385f-c22a-43e0-bf4c-06f5698ffbd9},4,0x8000000000000000,Microsoft-Windows-Sysmon/Operational,WORKSTATION5,2021-06-11T09:07:18.945Z,2021-06-11T09:07:18.945Z,7,"Image loaded:
RuleName: -
UtcTime: 2021-06-12 01:07:18.931
ProcessGuid: {e2c04bb9-08c6-60c4-7d09-000000000300}
ProcessId: 6388
Image: C:\Windows\System32\conhost.exe
ImageLoaded: C:\Windows\System32\powrprof.dll
FileVersion: 10.0.18362.1 (WinBuild.160101.0800)
Description: Power Profile Helper DLL
Product: Microsoft® Windows® Operating System
Company: Microsoft Corporation
OriginalFileName: POWRPROF.DLL
Hashes: SHA1=30D5ADBC0664977C27B65622F514632581C9AF45,MD5=07B027B1E0B775FAE815E487F28137B9,SHA256=21358CE9A416C7F6DB063095102E91F014BDB85B08A4E783E17234792C9B483A,IMPHASH=817FF4748665EB442F0081A91349F764
Signed: true
Signature: Microsoft Windows
SignatureStatus: Valid",7,-,{e2c04bb9-08c6-60c4-7d09-000000000300},6388,C:\Windows\System32\conhost.exe,10.0.18362.1 (WinBuild.160101.0800),Power Profile Helper DLL,Microsoft® Windows® Operating System,Microsoft Corporation,POWRPROF.DLL,,,,,,,,"SHA1=30D5ADBC0664977C27B65622F514632581C9AF45,MD5=07B027B1E0B775FAE815E487F28137B9,SHA256=21358CE9A416C7F6DB063095102E91F014BDB85B08A4E783E17234792C9B483A,IMPHASH=817FF4748665EB442F0081A91349F764",,,,,,,,,,,,,,C:\Windows\System32\powrprof.dll,True,Microsoft Windows,Valid,,,,,,,,,,,,,,,,,,,,,,,,,,,,,,,,,,,,,,,,,,,,,,,,,,,,,,,,,,,,,,,,,,,,,,,,,,,,,,,,,0,0,0,0,0,0,2,True
2021-06-12 01:07:18,120,Microsoft-Windows-Sysmon,{5770385f-c22a-43e0-bf4c-06f5698ffbd9},4,0x8000000000000000,Microsoft-Windows-Sysmon/Operational,WORKSTATION5,2021-06-11T09:07:18.944Z,2021-06-11T09:07:18.944Z,7,"Image loaded:
RuleName: -
UtcTime: 2021-06-12 01:07:18.931
ProcessGuid: {e2c04bb9-08c6-60c4-7d09-000000000300}
ProcessId: 6388
Image: C:\Windows\System32\conhost.exe
ImageLoaded: C:\Windows\System32\profapi.dll
FileVersion: 10.0.18362.1411 (WinBuild.160101.0800)
Description: User Profile Basic API
Product: Microsoft® Windows® Operating System
Company: Microsoft Corporation
OriginalFileName: PROFAPI.DLL
Hashes: SHA1=B8F5271B749C06BBA4E6E01E547E9ABD453F3B03,MD5=8DE050366D7071EEE1210B1717584B48,SHA256=D6AF57BF729E9CB0450B5B9E862C112835A5017E963C01AD4998C340BD8B5F65,IMPHASH=061E14983AD61EA4800E1C1C74BA94AA
Signed: true
Signature: Microsoft Windows
SignatureStatus: Valid",7,-,{e2c04bb9-08c6-60c4-7d09-000000000300},6388,C:\Windows\System32\conhost.exe,10.0.18362.1411 (WinBuild.160101.0800),User Profile Basic API,Microsoft® Windows® Operating System,Microsoft Corporation,PROFAPI.DLL,,,,,,,,"SHA1=B8F5271B749C06BBA4E6E01E547E9ABD453F3B03,MD5=8DE050366D7071EEE1210B1717584B48,SHA256=D6AF57BF729E9CB0450B5B9E862C112835A5017E963C01AD4998C340BD8B5F65,IMPHASH=061E14983AD61EA4800E1C1C74BA94AA",,,,,,,,,,,,,,C:\Windows\System32\profapi.dll,True,Microsoft Windows,Valid,,,,,,,,,,,,,,,,,,,,,,,,,,,,,,,,,,,,,,,,,,,,,,,,,,,,,,,,,,,,,,,,,,,,,,,,,,,,,,,,,0,0,0,0,0,0,2,True
2021-06-12 01:07:18,119,Microsoft-Windows-Sysmon,{5770385f-c22a-43e0-bf4c-06f5698ffbd9},4,0x8000000000000000,Microsoft-Windows-Sysmon/Operational,WORKSTATION5,2021-06-11T09:07:18.944Z,2021-06-11T09:07:18.944Z,7,"Image loaded:
RuleName: -
UtcTime: 2021-06-12 01:07:18.931
ProcessGuid: {e2c04bb9-08c6-60c4-7c09-000000000300}
ProcessId: 7100
Image: C:\Windows\System32\timeout.exe
ImageLoaded: C:\Windows\System32\combase.dll
FileVersion: 10.0.18362.1500 (WinBuild.160101.0800)
Description: Microsoft COM for Windows
Product: Microsoft® Windows® Operating System
Company: Microsoft Corporation
OriginalFileName: COMBASE.DLL
Hashes: SHA1=EDFDBEF51F7D98203F8A5EDBBFFE8805107923ED,MD5=433110F4286BC2A4886BC9F1296C059C,SHA256=B091FA249211AD2D5BAD64BFA8E424055E8A73A40FBD5B60025B4728DFEA779B,IMPHASH=0663394E7C26DF14173E1B021223CC2E
Signed: true
Signature: Microsoft Windows
SignatureStatus: Valid",7,-,{e2c04bb9-08c6-60c4-7c09-000000000300},7100,C:\Windows\System32\timeout.exe,10.0.18362.1500 (WinBuild.160101.0800),Microsoft COM for Windows,Microsoft® Windows® Operating System,Microsoft Corporation,COMBASE.DLL,,,,,,,,"SHA1=EDFDBEF51F7D98203F8A5EDBBFFE8805107923ED,MD5=433110F4286BC2A4886BC9F1296C059C,SHA256=B091FA249211AD2D5BAD64BFA8E424055E8A73A40FBD5B60025B4728DFEA779B,IMPHASH=0663394E7C26DF14173E1B021223CC2E",,,,,,,,,,,,,,C:\Windows\System32\combase.dll,True,Microsoft Windows,Valid,,,,,,,,,,,,,,,,,,,,,,,,,,,,,,,,,,,,,,,,,,,,,,,,,,,,,,,,,,,,,,,,,,,,,,,,,,,,,,,,,0,0,0,0,0,0,2,True
2021-06-12 01:07:18,118,Microsoft-Windows-Sysmon,{5770385f-c22a-43e0-bf4c-06f5698ffbd9},4,0x8000000000000000,Microsoft-Windows-Sysmon/Operational,WORKSTATION5,2021-06-11T09:07:18.944Z,2021-06-11T09:07:18.944Z,7,"Image loaded:
RuleName: -
UtcTime: 2021-06-12 01:07:18.931
ProcessGuid: {e2c04bb9-08c6-60c4-7d09-000000000300}
ProcessId: 6388
Image: C:\Windows\System32\conhost.exe
ImageLoaded: C:\Windows\System32\windows.storage.dll
FileVersion: 10.0.18362.1533 (WinBuild.160101.0800)
Description: Microsoft WinRT Storage API
Product: Microsoft® Windows® Operating System
Company: Microsoft Corporation
OriginalFileName: Windows.Storage.dll
Hashes: SHA1=FAAADCF5AD1B1C9E324B8B175171C8A5A621A143,MD5=184AB67302566C249F389F6EFCB592CD,SHA256=34F95ABE3DE2A9BB70B506C03A7372E9454A9F7BBD71D881BF21119A067D6D4C,IMPHASH=4B8D6525CD698EACF6DDA38DCA56F0C5
Signed: true
Signature: Microsoft Windows
SignatureStatus: Valid",7,-,{e2c04bb9-08c6-60c4-7d09-000000000300},6388,C:\Windows\System32\conhost.exe,10.0.18362.1533 (WinBuild.160101.0800),Microsoft WinRT Storage API,Microsoft® Windows® Operating System,Microsoft Corporation,Windows.Storage.dll,,,,,,,,"SHA1=FAAADCF5AD1B1C9E324B8B175171C8A5A621A143,MD5=184AB67302566C249F389F6EFCB592CD,SHA256=34F95ABE3DE2A9BB70B506C03A7372E9454A9F7BBD71D881BF21119A067D6D4C,IMPHASH=4B8D6525CD698EACF6DDA38DCA56F0C5",,,,,,,,,,,,,,C:\Windows\System32\windows.storage.dll,True,Microsoft Windows,Valid,,,,,,,,,,,,,,,,,,,,,,,,,,,,,,,,,,,,,,,,,,,,,,,,,,,,,,,,,,,,,,,,,,,,,,,,,,,,,,,,,0,0,0,0,0,0,2,True
2021-06-12 01:07:18,113,Microsoft-Windows-Sysmon,{5770385f-c22a-43e0-bf4c-06f5698ffbd9},4,0x8000000000000000,Microsoft-Windows-Sysmon/Operational,WORKSTATION5,2021-06-11T09:07:18.941Z,2021-06-11T09:07:18.941Z,7,"Image loaded:
RuleName: -
UtcTime: 2021-06-12 01:07:18.931
ProcessGuid: {e2c04bb9-08c6-60c4-7c09-000000000300}
ProcessId: 7100
Image: C:\Windows\System32\timeout.exe
ImageLoaded: C:\Windows\System32\rpcrt4.dll
FileVersion: 10.0.18362.1500 (WinBuild.160101.0800)
Description: Remote Procedure Call Runtime
Product: Microsoft® Windows® Operating System
Company: Microsoft Corporation
OriginalFileName: rpcrt4.dll
Hashes: SHA1=6A154351837808744BC8E40F730E9986F3CA9633,MD5=15C59ACA8F5DB60A430F3FABCE8B181C,SHA256=891D6ABD1CDFB5CC0CCD3E208B9A83D1FC7B6EBA84A4160DBC3A53F38C787639,IMPHASH=88E7E7C7FA90052EC162DD37F2B7C7BD
Signed: true
Signature: Microsoft Windows
SignatureStatus: Valid",7,-,{e2c04bb9-08c6-60c4-7c09-000000000300},7100,C:\Windows\System32\timeout.exe,10.0.18362.1500 (WinBuild.160101.0800),Remote Procedure Call Runtime,Microsoft® Windows® Operating System,Microsoft Corporation,rpcrt4.dll,,,,,,,,"SHA1=6A154351837808744BC8E40F730E9986F3CA9633,MD5=15C59ACA8F5DB60A430F3FABCE8B181C,SHA256=891D6ABD1CDFB5CC0CCD3E208B9A83D1FC7B6EBA84A4160DBC3A53F38C787639,IMPHASH=88E7E7C7FA90052EC162DD37F2B7C7BD",,,,,,,,,,,,,,C:\Windows\System32\rpcrt4.dll,True,Microsoft Windows,Valid,,,,,,,,,,,,,,,,,,,,,,,,,,,,,,,,,,,,,,,,,,,,,,,,,,,,,,,,,,,,,,,,,,,,,,,,,,,,,,,,,0,0,0,0,0,0,2,True
2021-06-12 01:07:18,115,Microsoft-Windows-Sysmon,{5770385f-c22a-43e0-bf4c-06f5698ffbd9},4,0x8000000000000000,Microsoft-Windows-Sysmon/Operational,WORKSTATION5,2021-06-11T09:07:18.943Z,2021-06-11T09:07:18.943Z,7,"Image loaded:
RuleName: -
UtcTime: 2021-06-12 01:07:18.931
ProcessGuid: {e2c04bb9-08c6-60c4-7c09-000000000300}
ProcessId: 7100
Image: C:\Windows\System32\timeout.exe
ImageLoaded: C:\Windows\System32\msvcrt.dll
FileVersion: 7.0.18362.1 (WinBuild.160101.0800)
Description: Windows NT CRT DLL
Product: Microsoft® Windows® Operating System
Company: Microsoft Corporation
OriginalFileName: msvcrt.dll
Hashes: SHA1=0EA4B3CFB14E49CEC0D42FF0F1FA989E69647A8F,MD5=36354D9B5B0A58A4B9A19103852C00A2,SHA256=E5A863D3F4BFEFED7D73A7B1499F81B7235BC9AE3C108065041BCB8E5446B1BB,IMPHASH=1273683626EBBA703979F188A1E64237
Signed: true
Signature: Microsoft Windows
SignatureStatus: Valid",7,-,{e2c04bb9-08c6-60c4-7c09-000000000300},7100,C:\Windows\System32\timeout.exe,7.0.18362.1 (WinBuild.160101.0800),Windows NT CRT DLL,Microsoft® Windows® Operating System,Microsoft Corporation,msvcrt.dll,,,,,,,,"SHA1=0EA4B3CFB14E49CEC0D42FF0F1FA989E69647A8F,MD5=36354D9B5B0A58A4B9A19103852C00A2,SHA256=E5A863D3F4BFEFED7D73A7B1499F81B7235BC9AE3C108065041BCB8E5446B1BB,IMPHASH=1273683626EBBA703979F188A1E64237",,,,,,,,,,,,,,C:\Windows\System32\msvcrt.dll,True,Microsoft Windows,Valid,,,,,,,,,,,,,,,,,,,,,,,,,,,,,,,,,,,,,,,,,,,,,,,,,,,,,,,,,,,,,,,,,,,,,,,,,,,,,,,,,0,0,0,0,0,0,2,True
2021-06-12 01:07:18,114,Microsoft-Windows-Sysmon,{5770385f-c22a-43e0-bf4c-06f5698ffbd9},4,0x8000000000000000,Microsoft-Windows-Sysmon/Operational,WORKSTATION5,2021-06-11T09:07:18.942Z,2021-06-11T09:07:18.942Z,7,"Image loaded:
RuleName: -
UtcTime: 2021-06-12 01:07:18.931
ProcessGuid: {e2c04bb9-08c6-60c4-7c09-000000000300}
ProcessId: 7100
Image: C:\Windows\System32\timeout.exe
ImageLoaded: C:\Windows\System32\shlwapi.dll
FileVersion: 10.0.18362.1316 (WinBuild.160101.0800)
Description: Shell Light-weight Utility Library
Product: Microsoft® Windows® Operating System
Company: Microsoft Corporation
OriginalFileName: SHLWAPI.DLL
Hashes: SHA1=65C23F4CB9860EEBA253353C6738B45D52CE19F6,MD5=7CADEDFCEABF9D8B4B932FAB9364BA40,SHA256=CE3C1AB6E980D750C70ED7EB533BA9E1BF194033797ACC507F5B766FEEEC1FCB,IMPHASH=6659A49ABF33952444C5A7FA22FD9032
Signed: true
Signature: Microsoft Windows
SignatureStatus: Valid",7,-,{e2c04bb9-08c6-60c4-7c09-000000000300},7100,C:\Windows\System32\timeout.exe,10.0.18362.1316 (WinBuild.160101.0800),Shell Light-weight Utility Library,Microsoft® Windows® Operating System,Microsoft Corporation,SHLWAPI.DLL,,,,,,,,"SHA1=65C23F4CB9860EEBA253353C6738B45D52CE19F6,MD5=7CADEDFCEABF9D8B4B932FAB9364BA40,SHA256=CE3C1AB6E980D750C70ED7EB533BA9E1BF194033797ACC507F5B766FEEEC1FCB,IMPHASH=6659A49ABF33952444C5A7FA22FD9032",,,,,,,,,,,,,,C:\Windows\System32\shlwapi.dll,True,Microsoft Windows,Valid,,,,,,,,,,,,,,,,,,,,,,,,,,,,,,,,,,,,,,,,,,,,,,,,,,,,,,,,,,,,,,,,,,,,,,,,,,,,,,,,,0,0,0,0,0,0,2,True
2021-06-12 01:07:18,112,Microsoft-Windows-Sysmon,{5770385f-c22a-43e0-bf4c-06f5698ffbd9},4,0x8000000000000000,Microsoft-Windows-Sysmon/Operational,WORKSTATION5,2021-06-11T09:07:18.941Z,2021-06-11T09:07:18.941Z,7,"Image loaded:
RuleName: -
UtcTime: 2021-06-12 01:07:18.931
ProcessGuid: {e2c04bb9-08c6-60c4-7d09-000000000300}
ProcessId: 6388
Image: C:\Windows\System32\conhost.exe
ImageLoaded: C:\Windows\System32\imm32.dll
FileVersion: 10.0.18362.387 (WinBuild.160101.0800)
Description: Multi-User Windows IMM32 API Client DLL
Product: Microsoft® Windows® Operating System
Company: Microsoft Corporation
OriginalFileName: imm32
Hashes: SHA1=76BB2AB8D3CB6DB6D23F4771334C9AA9C231B03A,MD5=025CC332EDC4B1A38290F3E36BCEF4FB,SHA256=0FE3C1C575EA1B0257B2EB12527EC35E3004CD88EA5BAEC7095386A9F9EB70AD,IMPHASH=24F54B6761C10BA12481CF6C780605BF
Signed: true
Signature: Microsoft Windows
SignatureStatus: Valid",7,-,{e2c04bb9-08c6-60c4-7d09-000000000300},6388,C:\Windows\System32\conhost.exe,10.0.18362.387 (WinBuild.160101.0800),Multi-User Windows IMM32 API Client DLL,Microsoft® Windows® Operating System,Microsoft Corporation,imm32,,,,,,,,"SHA1=76BB2AB8D3CB6DB6D23F4771334C9AA9C231B03A,MD5=025CC332EDC4B1A38290F3E36BCEF4FB,SHA256=0FE3C1C575EA1B0257B2EB12527EC35E3004CD88EA5BAEC7095386A9F9EB70AD,IMPHASH=24F54B6761C10BA12481CF6C780605BF",,,,,,,,,,,,,,C:\Windows\System32\imm32.dll,True,Microsoft Windows,Valid,,,,,,,,,,,,,,,,,,,,,,,,,,,,,,,,,,,,,,,,,,,,,,,,,,,,,,,,,,,,,,,,,,,,,,,,,,,,,,,,,0,0,0,0,0,0,2,True
2021-06-12 01:07:18,111,Microsoft-Windows-Sysmon,{5770385f-c22a-43e0-bf4c-06f5698ffbd9},4,0x8000000000000000,Microsoft-Windows-Sysmon/Operational,WORKSTATION5,2021-06-11T09:07:18.940Z,2021-06-11T09:07:18.940Z,7,"Image loaded:
RuleName: -
UtcTime: 2021-06-12 01:07:18.931
ProcessGuid: {e2c04bb9-08c6-60c4-7d09-000000000300}
ProcessId: 6388
Image: C:\Windows\System32\conhost.exe
ImageLoaded: C:\Windows\System32\gdi32full.dll
FileVersion: 10.0.18362.1500 (WinBuild.160101.0800)
Description: GDI Client DLL
Product: Microsoft® Windows® Operating System
Company: Microsoft Corporation
OriginalFileName: gdi32
Hashes: SHA1=F2957550811293A6220E38B6DB8721797DE2527C,MD5=2BADF91126F086286D24E951C3498252,SHA256=5DFB85B3A7FB88544BF999CBED3810AFE91FDE6A126895104BF05557E3E691C3,IMPHASH=963C6FD8B9BE2772F371FCE054194A55
Signed: true
Signature: Microsoft Windows
SignatureStatus: Valid",7,-,{e2c04bb9-08c6-60c4-7d09-000000000300},6388,C:\Windows\System32\conhost.exe,10.0.18362.1500 (WinBuild.160101.0800),GDI Client DLL,Microsoft® Windows® Operating System,Microsoft Corporation,gdi32,,,,,,,,"SHA1=F2957550811293A6220E38B6DB8721797DE2527C,MD5=2BADF91126F086286D24E951C3498252,SHA256=5DFB85B3A7FB88544BF999CBED3810AFE91FDE6A126895104BF05557E3E691C3,IMPHASH=963C6FD8B9BE2772F371FCE054194A55",,,,,,,,,,,,,,C:\Windows\System32\gdi32full.dll,True,Microsoft Windows,Valid,,,,,,,,,,,,,,,,,,,,,,,,,,,,,,,,,,,,,,,,,,,,,,,,,,,,,,,,,,,,,,,,,,,,,,,,,,,,,,,,,0,0,0,0,0,0,2,True
2021-06-12 01:07:18,110,Microsoft-Windows-Sysmon,{5770385f-c22a-43e0-bf4c-06f5698ffbd9},4,0x8000000000000000,Microsoft-Windows-Sysmon/Operational,WORKSTATION5,2021-06-11T09:07:18.940Z,2021-06-11T09:07:18.940Z,7,"Image loaded:
RuleName: -
UtcTime: 2021-06-12 01:07:18.931
ProcessGuid: {e2c04bb9-08c6-60c4-7d09-000000000300}
ProcessId: 6388
Image: C:\Windows\System32\conhost.exe
ImageLoaded: C:\Windows\System32\gdi32.dll
FileVersion: 10.0.18362.1316 (WinBuild.160101.0800)
Description: GDI Client DLL
Product: Microsoft® Windows® Operating System
Company: Microsoft Corporation
OriginalFileName: gdi32
Hashes: SHA1=34F81F3967B7716A8703512B7E7C3410DCDDE5A6,MD5=A4CD88E2697F818F1D8D4D3563394990,SHA256=27F96FA6D7F4C63913513BC5F983F0818BCA5A43E4C0013380F657856A383268,IMPHASH=C5F30E6A06AB646153863B68366FE58A
Signed: true
Signature: Microsoft Windows
SignatureStatus: Valid",7,-,{e2c04bb9-08c6-60c4-7d09-000000000300},6388,C:\Windows\System32\conhost.exe,10.0.18362.1316 (WinBuild.160101.0800),GDI Client DLL,Microsoft® Windows® Operating System,Microsoft Corporation,gdi32,,,,,,,,"SHA1=34F81F3967B7716A8703512B7E7C3410DCDDE5A6,MD5=A4CD88E2697F818F1D8D4D3563394990,SHA256=27F96FA6D7F4C63913513BC5F983F0818BCA5A43E4C0013380F657856A383268,IMPHASH=C5F30E6A06AB646153863B68366FE58A",,,,,,,,,,,,,,C:\Windows\System32\gdi32.dll,True,Microsoft Windows,Valid,,,,,,,,,,,,,,,,,,,,,,,,,,,,,,,,,,,,,,,,,,,,,,,,,,,,,,,,,,,,,,,,,,,,,,,,,,,,,,,,,0,0,0,0,0,0,2,True
2021-06-12 01:07:18,125,Microsoft-Windows-Sysmon,{5770385f-c22a-43e0-bf4c-06f5698ffbd9},4,0x8000000000000000,Microsoft-Windows-Sysmon/Operational,WORKSTATION5,2021-06-11T09:07:18.946Z,2021-06-11T09:07:18.946Z,7,"Image loaded:
RuleName: -
UtcTime: 2021-06-12 01:07:18.931
ProcessGuid: {e2c04bb9-08c6-60c4-7d09-000000000300}
ProcessId: 6388
Image: C:\Windows\System32\conhost.exe
ImageLoaded: C:\Windows\System32\kernel.appcore.dll
FileVersion: 10.0.18362.1171 (WinBuild.160101.0800)
Description: AppModel API Host
Product: Microsoft® Windows® Operating System
Company: Microsoft Corporation
OriginalFileName: kernel.appcore.dll
Hashes: SHA1=C1E0E25EF55C0F5BE9645224CB9DAD10AA2F05E3,MD5=3A7BEA62F96DF24AFD2226F5F723BF41,SHA256=89C7230E99A8D1F78C91649828500414344FF0162BD4636B376004C445610F85,IMPHASH=639D16ACD736EAE912B88E985A0A7A0F
Signed: true
Signature: Microsoft Windows
SignatureStatus: Valid",7,-,{e2c04bb9-08c6-60c4-7d09-000000000300},6388,C:\Windows\System32\conhost.exe,10.0.18362.1171 (WinBuild.160101.0800),AppModel API Host,Microsoft® Windows® Operating System,Microsoft Corporation,kernel.appcore.dll,,,,,,,,"SHA1=C1E0E25EF55C0F5BE9645224CB9DAD10AA2F05E3,MD5=3A7BEA62F96DF24AFD2226F5F723BF41,SHA256=89C7230E99A8D1F78C91649828500414344FF0162BD4636B376004C445610F85,IMPHASH=639D16ACD736EAE912B88E985A0A7A0F",,,,,,,,,,,,,,C:\Windows\System32\kernel.appcore.dll,True,Microsoft Windows,Valid,,,,,,,,,,,,,,,,,,,,,,,,,,,,,,,,,,,,,,,,,,,,,,,,,,,,,,,,,,,,,,,,,,,,,,,,,,,,,,,,,0,0,0,0,0,0,2,True
2021-06-12 01:07:18,109,Microsoft-Windows-Sysmon,{5770385f-c22a-43e0-bf4c-06f5698ffbd9},4,0x8000000000000000,Microsoft-Windows-Sysmon/Operational,WORKSTATION5,2021-06-11T09:07:18.940Z,2021-06-11T09:07:18.940Z,7,"Image loaded:
RuleName: -
UtcTime: 2021-06-12 01:07:18.931
ProcessGuid: {e2c04bb9-08c6-60c4-7d09-000000000300}
ProcessId: 6388
Image: C:\Windows\System32\conhost.exe
ImageLoaded: C:\Windows\System32\win32u.dll
FileVersion: 10.0.18362.1556 (WinBuild.160101.0800)
Description: Win32u
Product: Microsoft® Windows® Operating System
Company: Microsoft Corporation
OriginalFileName: Win32u.DLL
Hashes: SHA1=72CA7FE6C4A497CF5F8B3538E0F34D79B52FECE1,MD5=484473F9548840C3380BFB93F1668EDD,SHA256=B8D011D438ADC5C59CA4454076A9A720CE7F0B32BDCB8F1180F0A07879DFB6B3,IMPHASH=00000000000000000000000000000000
Signed: true
Signature: Microsoft Windows
SignatureStatus: Valid",7,-,{e2c04bb9-08c6-60c4-7d09-000000000300},6388,C:\Windows\System32\conhost.exe,10.0.18362.1556 (WinBuild.160101.0800),Win32u,Microsoft® Windows® Operating System,Microsoft Corporation,Win32u.DLL,,,,,,,,"SHA1=72CA7FE6C4A497CF5F8B3538E0F34D79B52FECE1,MD5=484473F9548840C3380BFB93F1668EDD,SHA256=B8D011D438ADC5C59CA4454076A9A720CE7F0B32BDCB8F1180F0A07879DFB6B3,IMPHASH=00000000000000000000000000000000",,,,,,,,,,,,,,C:\Windows\System32\win32u.dll,True,Microsoft Windows,Valid,,,,,,,,,,,,,,,,,,,,,,,,,,,,,,,,,,,,,,,,,,,,,,,,,,,,,,,,,,,,,,,,,,,,,,,,,,,,,,,,,0,0,0,0,0,0,1,True
2021-06-12 01:07:18,116,Microsoft-Windows-Sysmon,{5770385f-c22a-43e0-bf4c-06f5698ffbd9},4,0x8000000000000000,Microsoft-Windows-Sysmon/Operational,WORKSTATION5,2021-06-11T09:07:18.943Z,2021-06-11T09:07:18.943Z,7,"Image loaded:
RuleName: -
UtcTime: 2021-06-12 01:07:18.931
ProcessGuid: {e2c04bb9-08c6-60c4-7d09-000000000300}
ProcessId: 6388
Image: C:\Windows\System32\conhost.exe
ImageLoaded: C:\Windows\System32\shell32.dll
FileVersion: 10.0.18362.1533 (WinBuild.160101.0800)
Description: Windows Shell Common Dll
Product: Microsoft® Windows® Operating System
Company: Microsoft Corporation
OriginalFileName: SHELL32.DLL
Hashes: SHA1=1CBEB3F58024E551C18C3B881F23EEE445A81BCD,MD5=F990BE9CF66EA1497F245A07BE8FA886,SHA256=A3A90BD03E420C808B99FD91D748BDF115E962FC9171C570906999E58A1477C3,IMPHASH=EC45A4F2C6BA9519499CFBCCAEEB3CF8
Signed: true
Signature: Microsoft Windows
SignatureStatus: Valid",7,-,{e2c04bb9-08c6-60c4-7d09-000000000300},6388,C:\Windows\System32\conhost.exe,10.0.18362.1533 (WinBuild.160101.0800),Windows Shell Common Dll,Microsoft® Windows® Operating System,Microsoft Corporation,SHELL32.DLL,,,,,,,,"SHA1=1CBEB3F58024E551C18C3B881F23EEE445A81BCD,MD5=F990BE9CF66EA1497F245A07BE8FA886,SHA256=A3A90BD03E420C808B99FD91D748BDF115E962FC9171C570906999E58A1477C3,IMPHASH=EC45A4F2C6BA9519499CFBCCAEEB3CF8",,,,,,,,,,,,,,C:\Windows\System32\shell32.dll,True,Microsoft Windows,Valid,,,,,,,,,,,,,,,,,,,,,,,,,,,,,,,,,,,,,,,,,,,,,,,,,,,,,,,,,,,,,,,,,,,,,,,,,,,,,,,,,0,0,0,0,0,0,1,True
2021-06-12 01:07:18,126,Microsoft-Windows-Sysmon,{5770385f-c22a-43e0-bf4c-06f5698ffbd9},4,0x8000000000000000,Microsoft-Windows-Sysmon/Operational,WORKSTATION5,2021-06-11T09:07:18.946Z,2021-06-11T09:07:18.946Z,7,"Image loaded:
RuleName: -
UtcTime: 2021-06-12 01:07:18.931
ProcessGuid: {e2c04bb9-08c6-60c4-7d09-000000000300}
ProcessId: 6388
Image: C:\Windows\System32\conhost.exe
ImageLoaded: C:\Windows\System32\cryptsp.dll
FileVersion: 10.0.18362.1 (WinBuild.160101.0800)
Description: Cryptographic Service Provider API
Product: Microsoft® Windows® Operating System
Company: Microsoft Corporation
OriginalFileName: cryptsp.dll
Hashes: SHA1=90F229FB5DB52DF3604195B10C48E946684929ED,MD5=ACE18C6797090A1AA259BB8713917F98,SHA256=F5E118F67745792909973717FAE1F9FE68B2619332A4451AD04E0C9072B8D605,IMPHASH=A9B9D04D0B53DC48ABB37BE77AD01B55
Signed: true
Signature: Microsoft Windows
SignatureStatus: Valid",7,-,{e2c04bb9-08c6-60c4-7d09-000000000300},6388,C:\Windows\System32\conhost.exe,10.0.18362.1 (WinBuild.160101.0800),Cryptographic Service Provider API,Microsoft® Windows® Operating System,Microsoft Corporation,cryptsp.dll,,,,,,,,"SHA1=90F229FB5DB52DF3604195B10C48E946684929ED,MD5=ACE18C6797090A1AA259BB8713917F98,SHA256=F5E118F67745792909973717FAE1F9FE68B2619332A4451AD04E0C9072B8D605,IMPHASH=A9B9D04D0B53DC48ABB37BE77AD01B55",,,,,,,,,,,,,,C:\Windows\System32\cryptsp.dll,True,Microsoft Windows,Valid,,,,,,,,,,,,,,,,,,,,,,,,,,,,,,,,,,,,,,,,,,,,,,,,,,,,,,,,,,,,,,,,,,,,,,,,,,,,,,,,,0,0,0,0,0,0,1,True
2021-06-12 01:07:18,138,Microsoft-Windows-Sysmon,{5770385f-c22a-43e0-bf4c-06f5698ffbd9},4,0x8000000000000000,Microsoft-Windows-Sysmon/Operational,WORKSTATION5,2021-06-11T09:07:19.008Z,2021-06-11T09:07:19.008Z,7,"Image loaded:
RuleName: -
UtcTime: 2021-06-12 01:07:18.994
ProcessGuid: {e2c04bb9-08c6-60c4-7d09-000000000300}
ProcessId: 6388
Image: C:\Windows\System32\conhost.exe
ImageLoaded: C:\Windows\System32\dwmapi.dll
FileVersion: 10.0.18362.1316 (WinBuild.160101.0800)
Description: Microsoft Desktop Window Manager API
Product: Microsoft® Windows® Operating System
Company: Microsoft Corporation
OriginalFileName: dwmapi.dll
Hashes: SHA1=929EA5DEEDEEF05836D6212128219E34C4B7B349,MD5=026D4443C9799CC9C2A9D9B67836AF53,SHA256=86E1E9614F9B470D70A0366A837FA76CD930B81BBFFB24BB338BDC85F3269CB2,IMPHASH=49F72522BEF9259B786A65BB1E8609C5
Signed: true
Signature: Microsoft Windows
SignatureStatus: Valid",7,-,{e2c04bb9-08c6-60c4-7d09-000000000300},6388,C:\Windows\System32\conhost.exe,10.0.18362.1316 (WinBuild.160101.0800),Microsoft Desktop Window Manager API,Microsoft® Windows® Operating System,Microsoft Corporation,dwmapi.dll,,,,,,,,"SHA1=929EA5DEEDEEF05836D6212128219E34C4B7B349,MD5=026D4443C9799CC9C2A9D9B67836AF53,SHA256=86E1E9614F9B470D70A0366A837FA76CD930B81BBFFB24BB338BDC85F3269CB2,IMPHASH=49F72522BEF9259B786A65BB1E8609C5",,,,,,,,,,,,,,C:\Windows\System32\dwmapi.dll,True,Microsoft Windows,Valid,,,,,,,,,,,,,,,,,,,,,,,,,,,,,,,,,,,,,,,,,,,,,,,,,,,,,,,,,,,,,,,,,,,,,,,,,,,,,,,,,0,0,0,0,0,0,1,True
2021-06-12 01:07:18,128,Microsoft-Windows-Sysmon,{5770385f-c22a-43e0-bf4c-06f5698ffbd9},4,0x8000000000000000,Microsoft-Windows-Sysmon/Operational,WORKSTATION5,2021-06-11T09:07:18.949Z,2021-06-11T09:07:18.949Z,10,"Process accessed:
RuleName: -
UtcTime: 2021-06-12 01:07:18.947
SourceProcessGUID: {e2c04bb9-a3ee-60c3-5200-000000000300}
SourceProcessId: 2312
SourceThreadId: 2396
SourceImage: C:\Windows\System32\svchost.exe
TargetProcessGUID: {e2c04bb9-08c6-60c4-7d09-000000000300}
TargetProcessId: 6388
TargetImage: C:\Windows\system32\conhost.exe
GrantedAccess: 0x1478
CallTrace: C:\Windows\SYSTEM32\ntdll.dll+9d364|c:\windows\system32\themeservice.dll+1a9a|c:\windows\system32\themeservice.dll+1736|c:\windows\system32\themeservice.dll+6026|c:\windows\system32\themeservice.dll+ad9a|c:\windows\system32\themeservice.dll+9dcf|C:\Windows\System32\svchost.exe+314c|C:\Windows\System32\sechost.dll+2de2|C:\Windows\System32\KERNEL32.DLL+17c24|C:\Windows\SYSTEM32\ntdll.dll+6d721",10,-,,0,,,,,,,,,,,,,,,,,,,{e2c04bb9-a3ee-60c3-5200-000000000300},2312,2396.0,C:\Windows\System32\svchost.exe,{e2c04bb9-08c6-60c4-7d09-000000000300},6388,C:\Windows\system32\conhost.exe,0x1478,C:\Windows\SYSTEM32\ntdll.dll+9d364|c:\windows\system32\themeservice.dll+1a9a|c:\windows\system32\themeservice.dll+1736|c:\windows\system32\themeservice.dll+6026|c:\windows\system32\themeservice.dll+ad9a|c:\windows\system32\themeservice.dll+9dcf|C:\Windows\System32\svchost.exe+314c|C:\Windows\System32\sechost.dll+2de2|C:\Windows\System32\KERNEL32.DLL+17c24|C:\Windows\SYSTEM32\ntdll.dll+6d721,,,,,,,,,,,,,,,,,,,,,,,,,,,,,,,,,,,,,,,,,,,,,,,,,,,,,,,,,,,,,,,,,,,,,,,,,,,,,,,,,,,,,0,0,0,0,0,0,2,True
2021-06-12 01:07:18,108,Microsoft-Windows-Sysmon,{5770385f-c22a-43e0-bf4c-06f5698ffbd9},4,0x8000000000000000,Microsoft-Windows-Sysmon/Operational,WORKSTATION5,2021-06-11T09:07:18.939Z,2021-06-11T09:07:18.939Z,7,"Image loaded:
RuleName: -
UtcTime: 2021-06-12 01:07:18.931
ProcessGuid: {e2c04bb9-08c6-60c4-7c09-000000000300}
ProcessId: 7100
Image: C:\Windows\System32\timeout.exe
ImageLoaded: C:\Windows\System32\ws2_32.dll
FileVersion: 10.0.18362.387 (WinBuild.160101.0800)
Description: Windows Socket 2.0 32-Bit DLL
Product: Microsoft® Windows® Operating System
Company: Microsoft Corporation
OriginalFileName: ws2_32.dll
Hashes: SHA1=0E931ED820C96CCAD23D4AFCB0ACD97C99155D11,MD5=C0F8DA7568D2F1534E0ABB0E69DC3280,SHA256=E419A4BBDF1D5E0601E90BAFC1558DBD7414CD44E098B581C1915EF2C6E38D0B,IMPHASH=70D7A835AF4CA9F98A94AAF1B60BF88F
Signed: true
Signature: Microsoft Windows
SignatureStatus: Valid",7,-,{e2c04bb9-08c6-60c4-7c09-000000000300},7100,C:\Windows\System32\timeout.exe,10.0.18362.387 (WinBuild.160101.0800),Windows Socket 2.0 32-Bit DLL,Microsoft® Windows® Operating System,Microsoft Corporation,ws2_32.dll,,,,,,,,"SHA1=0E931ED820C96CCAD23D4AFCB0ACD97C99155D11,MD5=C0F8DA7568D2F1534E0ABB0E69DC3280,SHA256=E419A4BBDF1D5E0601E90BAFC1558DBD7414CD44E098B581C1915EF2C6E38D0B,IMPHASH=70D7A835AF4CA9F98A94AAF1B60BF88F",,,,,,,,,,,,,,C:\Windows\System32\ws2_32.dll,True,Microsoft Windows,Valid,,,,,,,,,,,,,,,,,,,,,,,,,,,,,,,,,,,,,,,,,,,,,,,,,,,,,,,,,,,,,,,,,,,,,,,,,,,,,,,,,0,0,0,0,0,0,3,True
2021-06-12 01:07:18,145,Microsoft-Windows-Sysmon,{5770385f-c22a-43e0-bf4c-06f5698ffbd9},4,0x8000000000000000,Microsoft-Windows-Sysmon/Operational,WORKSTATION5,2021-06-11T09:07:19.028Z,2021-06-11T09:07:19.028Z,7,"Image loaded:
RuleName: -
UtcTime: 2021-06-12 01:07:18.994
ProcessGuid: {e2c04bb9-08c6-60c4-7d09-000000000300}
ProcessId: 6388
Image: C:\Windows\System32\conhost.exe
ImageLoaded: C:\Windows\System32\TextInputFramework.dll
FileVersion: 10.0.18362.1474 (WinBuild.160101.0800)
Description: ""TextInputFramework.DYNLINK""
Product: Microsoft® Windows® Operating System
Company: Microsoft Corporation
OriginalFileName: ""TextInputFramework.DYNLINK""
Hashes: SHA1=B2E31B63430360E9365DDE744D15C4A8E15AD9C3,MD5=256839B42E0EAD377FFC7E94B02274D0,SHA256=458D2EDB398D6ADE8BA135C18BBAF21F9AF119D6E3966311FD06CC9A22A6DCFA,IMPHASH=4EF0D2272492E6A4AEFB26F6674CA64F
Signed: true
Signature: Microsoft Windows
SignatureStatus: Valid",7,-,{e2c04bb9-08c6-60c4-7d09-000000000300},6388,C:\Windows\System32\conhost.exe,10.0.18362.1474 (WinBuild.160101.0800),"""TextInputFramework.DYNLINK""",Microsoft® Windows® Operating System,Microsoft Corporation,"""TextInputFramework.DYNLINK""",,,,,,,,"SHA1=B2E31B63430360E9365DDE744D15C4A8E15AD9C3,MD5=256839B42E0EAD377FFC7E94B02274D0,SHA256=458D2EDB398D6ADE8BA135C18BBAF21F9AF119D6E3966311FD06CC9A22A6DCFA,IMPHASH=4EF0D2272492E6A4AEFB26F6674CA64F",,,,,,,,,,,,,,C:\Windows\System32\TextInputFramework.dll,True,Microsoft Windows,Valid,,,,,,,,,,,,,,,,,,,,,,,,,,,,,,,,,,,,,,,,,,,,,,,,,,,,,,,,,,,,,,,,,,,,,,,,,,,,,,,,,0,0,0,0,0,0,3,True
2021-06-12 01:07:18,144,Microsoft-Windows-Sysmon,{5770385f-c22a-43e0-bf4c-06f5698ffbd9},4,0x8000000000000000,Microsoft-Windows-Sysmon/Operational,WORKSTATION5,2021-06-11T09:07:19.008Z,2021-06-11T09:07:19.008Z,10,"Process accessed:
RuleName: -
UtcTime: 2021-06-12 01:07:18.994
SourceProcessGUID: {e2c04bb9-a70c-60c3-6abd-380000000000}
SourceProcessId: 1152
SourceThreadId: 828
SourceImage: C:\Windows\system32\ctfmon.exe
TargetProcessGUID: {e2c04bb9-08c6-60c4-7d09-000000000300}
TargetProcessId: 6388
TargetImage: C:\Windows\system32\conhost.exe
GrantedAccess: 0x1000
CallTrace: C:\Windows\SYSTEM32\ntdll.dll+9df34|C:\Windows\System32\MSCTF.dll+9450|C:\Windows\System32\MSCTF.dll+85ec|C:\Windows\System32\MSCTF.dll+827f|C:\Windows\System32\MSCTF.dll+80e2|C:\Windows\System32\KERNEL32.DLL+17c24|C:\Windows\SYSTEM32\ntdll.dll+6d721",10,-,,0,,,,,,,,,,,,,,,,,,,{e2c04bb9-a70c-60c3-6abd-380000000000},1152,828.0,C:\Windows\system32\ctfmon.exe,{e2c04bb9-08c6-60c4-7d09-000000000300},6388,C:\Windows\system32\conhost.exe,0x1000,C:\Windows\SYSTEM32\ntdll.dll+9df34|C:\Windows\System32\MSCTF.dll+9450|C:\Windows\System32\MSCTF.dll+85ec|C:\Windows\System32\MSCTF.dll+827f|C:\Windows\System32\MSCTF.dll+80e2|C:\Windows\System32\KERNEL32.DLL+17c24|C:\Windows\SYSTEM32\ntdll.dll+6d721,,,,,,,,,,,,,,,,,,,,,,,,,,,,,,,,,,,,,,,,,,,,,,,,,,,,,,,,,,,,,,,,,,,,,,,,,,,,,,,,,,,,,0,0,0,0,0,0,3,True
2021-06-12 01:07:18,143,Microsoft-Windows-Sysmon,{5770385f-c22a-43e0-bf4c-06f5698ffbd9},4,0x8000000000000000,Microsoft-Windows-Sysmon/Operational,WORKSTATION5,2021-06-11T09:07:19.008Z,2021-06-11T09:07:19.008Z,10,"Process accessed:
RuleName: -
UtcTime: 2021-06-12 01:07:18.994
SourceProcessGUID: {e2c04bb9-a70c-60c3-6abd-380000000000}
SourceProcessId: 1152
SourceThreadId: 828
SourceImage: C:\Windows\system32\ctfmon.exe
TargetProcessGUID: {e2c04bb9-08c6-60c4-7d09-000000000300}
TargetProcessId: 6388
TargetImage: C:\Windows\system32\conhost.exe
GrantedAccess: 0x1000
CallTrace: C:\Windows\SYSTEM32\ntdll.dll+9df34|C:\Windows\System32\MSCTF.dll+9450|C:\Windows\System32\MSCTF.dll+85ec|C:\Windows\System32\MSCTF.dll+827f|C:\Windows\System32\MSCTF.dll+80e2|C:\Windows\System32\KERNEL32.DLL+17c24|C:\Windows\SYSTEM32\ntdll.dll+6d721",10,-,,0,,,,,,,,,,,,,,,,,,,{e2c04bb9-a70c-60c3-6abd-380000000000},1152,828.0,C:\Windows\system32\ctfmon.exe,{e2c04bb9-08c6-60c4-7d09-000000000300},6388,C:\Windows\system32\conhost.exe,0x1000,C:\Windows\SYSTEM32\ntdll.dll+9df34|C:\Windows\System32\MSCTF.dll+9450|C:\Windows\System32\MSCTF.dll+85ec|C:\Windows\System32\MSCTF.dll+827f|C:\Windows\System32\MSCTF.dll+80e2|C:\Windows\System32\KERNEL32.DLL+17c24|C:\Windows\SYSTEM32\ntdll.dll+6d721,,,,,,,,,,,,,,,,,,,,,,,,,,,,,,,,,,,,,,,,,,,,,,,,,,,,,,,,,,,,,,,,,,,,,,,,,,,,,,,,,,,,,0,0,0,0,0,0,3,True
2021-06-12 01:07:18,142,Microsoft-Windows-Sysmon,{5770385f-c22a-43e0-bf4c-06f5698ffbd9},4,0x8000000000000000,Microsoft-Windows-Sysmon/Operational,WORKSTATION5,2021-06-11T09:07:19.008Z,2021-06-11T09:07:19.008Z,10,"Process accessed:
RuleName: -
UtcTime: 2021-06-12 01:07:18.994
SourceProcessGUID: {e2c04bb9-a70e-60c3-0d61-390000000000}
SourceProcessId: 1320
SourceThreadId: 7544
SourceImage: C:\Windows\Explorer.EXE
TargetProcessGUID: {e2c04bb9-08c6-60c4-7d09-000000000300}
TargetProcessId: 6388
TargetImage: C:\Windows\system32\conhost.exe
GrantedAccess: 0x1410
CallTrace: C:\Windows\SYSTEM32\ntdll.dll+9d364|C:\Windows\System32\KERNELBASE.dll+305ee|C:\Windows\System32\appresolver.dll+22138|C:\Windows\System32\appresolver.dll+1f1b6|C:\Windows\system32\twinui.pcshell.dll+1f404|C:\Windows\system32\twinui.pcshell.dll+11b6bc|C:\Windows\System32\KERNEL32.DLL+17c24|C:\Windows\SYSTEM32\ntdll.dll+6d721",10,-,,0,,,,,,,,,,,,,,,,,,,{e2c04bb9-a70e-60c3-0d61-390000000000},1320,7544.0,C:\Windows\Explorer.EXE,{e2c04bb9-08c6-60c4-7d09-000000000300},6388,C:\Windows\system32\conhost.exe,0x1410,C:\Windows\SYSTEM32\ntdll.dll+9d364|C:\Windows\System32\KERNELBASE.dll+305ee|C:\Windows\System32\appresolver.dll+22138|C:\Windows\System32\appresolver.dll+1f1b6|C:\Windows\system32\twinui.pcshell.dll+1f404|C:\Windows\system32\twinui.pcshell.dll+11b6bc|C:\Windows\System32\KERNEL32.DLL+17c24|C:\Windows\SYSTEM32\ntdll.dll+6d721,,,,,,,,,,,,,,,,,,,,,,,,,,,,,,,,,,,,,,,,,,,,,,,,,,,,,,,,,,,,,,,,,,,,,,,,,,,,,,,,,,,,,0,0,0,0,0,0,3,True
2021-06-12 01:07:18,141,Microsoft-Windows-Sysmon,{5770385f-c22a-43e0-bf4c-06f5698ffbd9},4,0x8000000000000000,Microsoft-Windows-Sysmon/Operational,WORKSTATION5,2021-06-11T09:07:19.008Z,2021-06-11T09:07:19.008Z,10,"Process accessed:
RuleName: -
UtcTime: 2021-06-12 01:07:18.994
SourceProcessGUID: {e2c04bb9-a70e-60c3-0d61-390000000000}
SourceProcessId: 1320
SourceThreadId: 7544
SourceImage: C:\Windows\Explorer.EXE
TargetProcessGUID: {e2c04bb9-08c6-60c4-7d09-000000000300}
TargetProcessId: 6388
TargetImage: C:\Windows\system32\conhost.exe
GrantedAccess: 0x1000
CallTrace: C:\Windows\SYSTEM32\ntdll.dll+9d364|C:\Windows\System32\KERNELBASE.dll+305ee|C:\Windows\System32\appresolver.dll+1f103|C:\Windows\system32\twinui.pcshell.dll+1f404|C:\Windows\system32\twinui.pcshell.dll+11b6bc|C:\Windows\System32\KERNEL32.DLL+17c24|C:\Windows\SYSTEM32\ntdll.dll+6d721",10,-,,0,,,,,,,,,,,,,,,,,,,{e2c04bb9-a70e-60c3-0d61-390000000000},1320,7544.0,C:\Windows\Explorer.EXE,{e2c04bb9-08c6-60c4-7d09-000000000300},6388,C:\Windows\system32\conhost.exe,0x1000,C:\Windows\SYSTEM32\ntdll.dll+9d364|C:\Windows\System32\KERNELBASE.dll+305ee|C:\Windows\System32\appresolver.dll+1f103|C:\Windows\system32\twinui.pcshell.dll+1f404|C:\Windows\system32\twinui.pcshell.dll+11b6bc|C:\Windows\System32\KERNEL32.DLL+17c24|C:\Windows\SYSTEM32\ntdll.dll+6d721,,,,,,,,,,,,,,,,,,,,,,,,,,,,,,,,,,,,,,,,,,,,,,,,,,,,,,,,,,,,,,,,,,,,,,,,,,,,,,,,,,,,,0,0,0,0,0,0,2,True
2021-06-12 01:07:18,140,Microsoft-Windows-Sysmon,{5770385f-c22a-43e0-bf4c-06f5698ffbd9},4,0x8000000000000000,Microsoft-Windows-Sysmon/Operational,WORKSTATION5,2021-06-11T09:07:19.008Z,2021-06-11T09:07:19.008Z,10,"Process accessed:
RuleName: -
UtcTime: 2021-06-12 01:07:18.994
SourceProcessGUID: {e2c04bb9-a70e-60c3-0d61-390000000000}
SourceProcessId: 1320
SourceThreadId: 7544
SourceImage: C:\Windows\Explorer.EXE
TargetProcessGUID: {e2c04bb9-08c6-60c4-7d09-000000000300}
TargetProcessId: 6388
TargetImage: C:\Windows\system32\conhost.exe
GrantedAccess: 0x1000
CallTrace: C:\Windows\SYSTEM32\ntdll.dll+9d364|C:\Windows\System32\KERNELBASE.dll+305ee|C:\Windows\System32\appresolver.dll+22415|C:\Windows\System32\appresolver.dll+1f03c|C:\Windows\system32\twinui.pcshell.dll+1f404|C:\Windows\system32\twinui.pcshell.dll+11b6bc|C:\Windows\System32\KERNEL32.DLL+17c24|C:\Windows\SYSTEM32\ntdll.dll+6d721",10,-,,0,,,,,,,,,,,,,,,,,,,{e2c04bb9-a70e-60c3-0d61-390000000000},1320,7544.0,C:\Windows\Explorer.EXE,{e2c04bb9-08c6-60c4-7d09-000000000300},6388,C:\Windows\system32\conhost.exe,0x1000,C:\Windows\SYSTEM32\ntdll.dll+9d364|C:\Windows\System32\KERNELBASE.dll+305ee|C:\Windows\System32\appresolver.dll+22415|C:\Windows\System32\appresolver.dll+1f03c|C:\Windows\system32\twinui.pcshell.dll+1f404|C:\Windows\system32\twinui.pcshell.dll+11b6bc|C:\Windows\System32\KERNEL32.DLL+17c24|C:\Windows\SYSTEM32\ntdll.dll+6d721,,,,,,,,,,,,,,,,,,,,,,,,,,,,,,,,,,,,,,,,,,,,,,,,,,,,,,,,,,,,,,,,,,,,,,,,,,,,,,,,,,,,,0,0,0,0,0,0,1,True
2021-06-12 01:07:18,139,Microsoft-Windows-Sysmon,{5770385f-c22a-43e0-bf4c-06f5698ffbd9},4,0x8000000000000000,Microsoft-Windows-Sysmon/Operational,WORKSTATION5,2021-06-11T09:07:19.008Z,2021-06-11T09:07:19.008Z,10,"Process accessed:
RuleName: -
UtcTime: 2021-06-12 01:07:18.994
SourceProcessGUID: {e2c04bb9-a70e-60c3-0d61-390000000000}
SourceProcessId: 1320
SourceThreadId: 7544
SourceImage: C:\Windows\Explorer.EXE
TargetProcessGUID: {e2c04bb9-08c6-60c4-7d09-000000000300}
TargetProcessId: 6388
TargetImage: C:\Windows\system32\conhost.exe
GrantedAccess: 0x1410
CallTrace: C:\Windows\SYSTEM32\ntdll.dll+9d364|C:\Windows\System32\KERNELBASE.dll+305ee|C:\Windows\system32\twinui.pcshell.dll+1f1d7|C:\Windows\system32\twinui.pcshell.dll+11b6bc|C:\Windows\System32\KERNEL32.DLL+17c24|C:\Windows\SYSTEM32\ntdll.dll+6d721",10,-,,0,,,,,,,,,,,,,,,,,,,{e2c04bb9-a70e-60c3-0d61-390000000000},1320,7544.0,C:\Windows\Explorer.EXE,{e2c04bb9-08c6-60c4-7d09-000000000300},6388,C:\Windows\system32\conhost.exe,0x1410,C:\Windows\SYSTEM32\ntdll.dll+9d364|C:\Windows\System32\KERNELBASE.dll+305ee|C:\Windows\system32\twinui.pcshell.dll+1f1d7|C:\Windows\system32\twinui.pcshell.dll+11b6bc|C:\Windows\System32\KERNEL32.DLL+17c24|C:\Windows\SYSTEM32\ntdll.dll+6d721,,,,,,,,,,,,,,,,,,,,,,,,,,,,,,,,,,,,,,,,,,,,,,,,,,,,,,,,,,,,,,,,,,,,,,,,,,,,,,,,,,,,,0,0,0,0,0,0,1,True
2021-06-12 01:07:18,137,Microsoft-Windows-Sysmon,{5770385f-c22a-43e0-bf4c-06f5698ffbd9},4,0x8000000000000000,Microsoft-Windows-Sysmon/Operational,WORKSTATION5,2021-06-11T09:07:19.002Z,2021-06-11T09:07:19.002Z,7,"Image loaded:
RuleName: -
UtcTime: 2021-06-12 01:07:18.994
ProcessGuid: {e2c04bb9-08c6-60c4-7d09-000000000300}
ProcessId: 6388
Image: C:\Windows\System32\conhost.exe
ImageLoaded: C:\Windows\WinSxS\amd64_microsoft.windows.common-controls_6595b64144ccf1df_6.0.18362.1556_none_9e7e372fe45e41d5\comctl32.dll
FileVersion: 6.10 (WinBuild.160101.0800)
Description: User Experience Controls Library
Product: Microsoft® Windows® Operating System
Company: Microsoft Corporation
OriginalFileName: comctl32.DLL
Hashes: SHA1=377E65E02A3AC65B2232257575F644CF2416BC11,MD5=A0D77879809E20327E5CC5834A5E50D9,SHA256=8567A545459B8930E791BDE7A595D05EC7CAFF047C71A8A181FCDE70E6A4C3E5,IMPHASH=C0671771A067C287DB4783914ABFEAD2
Signed: true
Signature: Microsoft Windows
SignatureStatus: Valid",7,-,{e2c04bb9-08c6-60c4-7d09-000000000300},6388,C:\Windows\System32\conhost.exe,6.10 (WinBuild.160101.0800),User Experience Controls Library,Microsoft® Windows® Operating System,Microsoft Corporation,comctl32.DLL,,,,,,,,"SHA1=377E65E02A3AC65B2232257575F644CF2416BC11,MD5=A0D77879809E20327E5CC5834A5E50D9,SHA256=8567A545459B8930E791BDE7A595D05EC7CAFF047C71A8A181FCDE70E6A4C3E5,IMPHASH=C0671771A067C287DB4783914ABFEAD2",,,,,,,,,,,,,,C:\Windows\WinSxS\amd64_microsoft.windows.common-controls_6595b64144ccf1df_6.0.18362.1556_none_9e7e372fe45e41d5\comctl32.dll,True,Microsoft Windows,Valid,,,,,,,,,,,,,,,,,,,,,,,,,,,,,,,,,,,,,,,,,,,,,,,,,,,,,,,,,,,,,,,,,,,,,,,,,,,,,,,,,0,0,0,0,0,0,2,True
2021-06-12 01:07:18,136,Microsoft-Windows-Sysmon,{5770385f-c22a-43e0-bf4c-06f5698ffbd9},4,0x8000000000000000,Microsoft-Windows-Sysmon/Operational,WORKSTATION5,2021-06-11T09:07:18.971Z,2021-06-11T09:07:18.971Z,10,"Process accessed:
RuleName: -
UtcTime: 2021-06-12 01:07:18.962
SourceProcessGUID: {e2c04bb9-a70e-60c3-0d61-390000000000}
SourceProcessId: 1320
SourceThreadId: 7300
SourceImage: C:\Windows\Explorer.EXE
TargetProcessGUID: {e2c04bb9-08c6-60c4-7d09-000000000300}
TargetProcessId: 6388
TargetImage: C:\Windows\system32\conhost.exe
GrantedAccess: 0x1000
CallTrace: C:\Windows\SYSTEM32\ntdll.dll+9d364|C:\Windows\System32\KERNELBASE.dll+305ee|C:\Windows\SYSTEM32\TWINAPI.dll+2f93|C:\Windows\system32\twinui.pcshell.dll+22320|C:\Windows\system32\twinui.pcshell.dll+21b22|C:\Windows\system32\twinui.dll+5f85b|C:\Windows\system32\twinui.dll+5f36c|C:\Windows\system32\twinui.dll+1ef9a|C:\Windows\system32\twinui.dll+48799|C:\Windows\system32\twinui.dll+488db|C:\Windows\system32\twinui.dll+4885d|C:\Windows\System32\USER32.dll+15c1d|C:\Windows\System32\USER32.dll+15612|C:\Windows\System32\windows.immersiveshell.serviceprovider.dll+4860|C:\Windows\System32\windows.immersiveshell.serviceprovider.dll+4429|C:\Windows\System32\windows.immersiveshell.serviceprovider.dll+40bf|C:\Windows\System32\KERNEL32.DLL+17c24|C:\Windows\SYSTEM32\ntdll.dll+6d721",10,-,,0,,,,,,,,,,,,,,,,,,,{e2c04bb9-a70e-60c3-0d61-390000000000},1320,7300.0,C:\Windows\Explorer.EXE,{e2c04bb9-08c6-60c4-7d09-000000000300},6388,C:\Windows\system32\conhost.exe,0x1000,C:\Windows\SYSTEM32\ntdll.dll+9d364|C:\Windows\System32\KERNELBASE.dll+305ee|C:\Windows\SYSTEM32\TWINAPI.dll+2f93|C:\Windows\system32\twinui.pcshell.dll+22320|C:\Windows\system32\twinui.pcshell.dll+21b22|C:\Windows\system32\twinui.dll+5f85b|C:\Windows\system32\twinui.dll+5f36c|C:\Windows\system32\twinui.dll+1ef9a|C:\Windows\system32\twinui.dll+48799|C:\Windows\system32\twinui.dll+488db|C:\Windows\system32\twinui.dll+4885d|C:\Windows\System32\USER32.dll+15c1d|C:\Windows\System32\USER32.dll+15612|C:\Windows\System32\windows.immersiveshell.serviceprovider.dll+4860|C:\Windows\System32\windows.immersiveshell.serviceprovider.dll+4429|C:\Windows\System32\windows.immersiveshell.serviceprovider.dll+40bf|C:\Windows\System32\KERNEL32.DLL+17c24|C:\Windows\SYSTEM32\ntdll.dll+6d721,,,,,,,,,,,,,,,,,,,,,,,,,,,,,,,,,,,,,,,,,,,,,,,,,,,,,,,,,,,,,,,,,,,,,,,,,,,,,,,,,,,,,0,0,0,0,0,0,2,True
