2021-06-12 01:07:18,87,Microsoft-Windows-Sysmon,{5770385f-c22a-43e0-bf4c-06f5698ffbd9},4,0x8000000000000000,Microsoft-Windows-Sysmon/Operational,WORKSTATION5,2021-06-11T09:07:18.927Z,2021-06-11T09:07:18.927Z,7,"Image loaded:
RuleName: -
UtcTime: 2021-06-12 01:07:18.915
ProcessGuid: {e2c04bb9-08c6-60c4-7c09-000000000300}
ProcessId: 7100
Image: C:\Windows\System32\timeout.exe
ImageLoaded: C:\Windows\System32\kernel32.dll
FileVersion: 10.0.18362.1500 (WinBuild.160101.0800)
Description: Windows NT BASE API Client DLL
Product: Microsoft® Windows® Operating System
Company: Microsoft Corporation
OriginalFileName: kernel32
Hashes: SHA1=70D4E25E30AFE0716141B8AC1B757A95740002D2,MD5=B14CD8F455D772BD153AF48ED33FF48E,SHA256=562F1B7198A9EB3920A218D0A020E998CD52FF8A02A34A76564092F86AC70A44,IMPHASH=D3645703895C4EBB8EA5B9B26816A081
Signed: true
Signature: Microsoft Windows
SignatureStatus: Valid",7,-,{e2c04bb9-08c6-60c4-7c09-000000000300},7100,C:\Windows\System32\timeout.exe,10.0.18362.1500 (WinBuild.160101.0800),Windows NT BASE API Client DLL,Microsoft® Windows® Operating System,Microsoft Corporation,kernel32,,,,,,,,"SHA1=70D4E25E30AFE0716141B8AC1B757A95740002D2,MD5=B14CD8F455D772BD153AF48ED33FF48E,SHA256=562F1B7198A9EB3920A218D0A020E998CD52FF8A02A34A76564092F86AC70A44,IMPHASH=D3645703895C4EBB8EA5B9B26816A081",,,,,,,,,,,,,,C:\Windows\System32\kernel32.dll,True,Microsoft Windows,Valid,,,,,,,,,,,,,,,,,,,,,,,,,,,,,,,,,,,,,,,,,,,,,,,,,,,,,,,,,,,,,,,,,,,,,,,,,,,,,,,,,0,0,0,0,0,0,3,True
2021-06-12 01:07:18,86,Microsoft-Windows-Sysmon,{5770385f-c22a-43e0-bf4c-06f5698ffbd9},4,0x8000000000000000,Microsoft-Windows-Sysmon/Operational,WORKSTATION5,2021-06-11T09:07:18.926Z,2021-06-11T09:07:18.926Z,7,"Image loaded:
RuleName: -
UtcTime: 2021-06-12 01:07:18.915
ProcessGuid: {e2c04bb9-08c6-60c4-7c09-000000000300}
ProcessId: 7100
Image: C:\Windows\System32\timeout.exe
ImageLoaded: C:\Windows\System32\ntdll.dll
FileVersion: 10.0.18362.1533 (WinBuild.160101.0800)
Description: NT Layer DLL
Product: Microsoft® Windows® Operating System
Company: Microsoft Corporation
OriginalFileName: ntdll.dll
Hashes: SHA1=8D671C93CC5C877983AB6D58A59E3E64891128EB,MD5=B823DFC17253F0DA93DE2DB5FEAD520A,SHA256=B0EA79AEEA90EFAE83E7F5F8812F307D52C4BA3F559E409CB6364E90BC69269D,IMPHASH=00000000000000000000000000000000
Signed: true
Signature: Microsoft Windows
SignatureStatus: Valid",7,-,{e2c04bb9-08c6-60c4-7c09-000000000300},7100,C:\Windows\System32\timeout.exe,10.0.18362.1533 (WinBuild.160101.0800),NT Layer DLL,Microsoft® Windows® Operating System,Microsoft Corporation,ntdll.dll,,,,,,,,"SHA1=8D671C93CC5C877983AB6D58A59E3E64891128EB,MD5=B823DFC17253F0DA93DE2DB5FEAD520A,SHA256=B0EA79AEEA90EFAE83E7F5F8812F307D52C4BA3F559E409CB6364E90BC69269D,IMPHASH=00000000000000000000000000000000",,,,,,,,,,,,,,C:\Windows\System32\ntdll.dll,True,Microsoft Windows,Valid,,,,,,,,,,,,,,,,,,,,,,,,,,,,,,,,,,,,,,,,,,,,,,,,,,,,,,,,,,,,,,,,,,,,,,,,,,,,,,,,,0,0,0,0,0,0,3,True
2021-06-12 01:07:18,103,Microsoft-Windows-Sysmon,{5770385f-c22a-43e0-bf4c-06f5698ffbd9},4,0x8000000000000000,Microsoft-Windows-Sysmon/Operational,WORKSTATION5,2021-06-11T09:07:18.938Z,2021-06-11T09:07:18.938Z,7,"Image loaded:
RuleName: -
UtcTime: 2021-06-12 01:07:18.931
ProcessGuid: {e2c04bb9-08c6-60c4-7c09-000000000300}
ProcessId: 7100
Image: C:\Windows\System32\timeout.exe
ImageLoaded: C:\Windows\System32\gdi32full.dll
FileVersion: 10.0.18362.1500 (WinBuild.160101.0800)
Description: GDI Client DLL
Product: Microsoft® Windows® Operating System
Company: Microsoft Corporation
OriginalFileName: gdi32
Hashes: SHA1=F2957550811293A6220E38B6DB8721797DE2527C,MD5=2BADF91126F086286D24E951C3498252,SHA256=5DFB85B3A7FB88544BF999CBED3810AFE91FDE6A126895104BF05557E3E691C3,IMPHASH=963C6FD8B9BE2772F371FCE054194A55
Signed: true
Signature: Microsoft Windows
SignatureStatus: Valid",7,-,{e2c04bb9-08c6-60c4-7c09-000000000300},7100,C:\Windows\System32\timeout.exe,10.0.18362.1500 (WinBuild.160101.0800),GDI Client DLL,Microsoft® Windows® Operating System,Microsoft Corporation,gdi32,,,,,,,,"SHA1=F2957550811293A6220E38B6DB8721797DE2527C,MD5=2BADF91126F086286D24E951C3498252,SHA256=5DFB85B3A7FB88544BF999CBED3810AFE91FDE6A126895104BF05557E3E691C3,IMPHASH=963C6FD8B9BE2772F371FCE054194A55",,,,,,,,,,,,,,C:\Windows\System32\gdi32full.dll,True,Microsoft Windows,Valid,,,,,,,,,,,,,,,,,,,,,,,,,,,,,,,,,,,,,,,,,,,,,,,,,,,,,,,,,,,,,,,,,,,,,,,,,,,,,,,,,0,0,0,0,0,0,2,True
2021-06-12 01:07:18,102,Microsoft-Windows-Sysmon,{5770385f-c22a-43e0-bf4c-06f5698ffbd9},4,0x8000000000000000,Microsoft-Windows-Sysmon/Operational,WORKSTATION5,2021-06-11T09:07:18.937Z,2021-06-11T09:07:18.937Z,7,"Image loaded:
RuleName: -
UtcTime: 2021-06-12 01:07:18.931
ProcessGuid: {e2c04bb9-08c6-60c4-7c09-000000000300}
ProcessId: 7100
Image: C:\Windows\System32\timeout.exe
ImageLoaded: C:\Windows\System32\gdi32.dll
FileVersion: 10.0.18362.1316 (WinBuild.160101.0800)
Description: GDI Client DLL
Product: Microsoft® Windows® Operating System
Company: Microsoft Corporation
OriginalFileName: gdi32
Hashes: SHA1=34F81F3967B7716A8703512B7E7C3410DCDDE5A6,MD5=A4CD88E2697F818F1D8D4D3563394990,SHA256=27F96FA6D7F4C63913513BC5F983F0818BCA5A43E4C0013380F657856A383268,IMPHASH=C5F30E6A06AB646153863B68366FE58A
Signed: true
Signature: Microsoft Windows
SignatureStatus: Valid",7,-,{e2c04bb9-08c6-60c4-7c09-000000000300},7100,C:\Windows\System32\timeout.exe,10.0.18362.1316 (WinBuild.160101.0800),GDI Client DLL,Microsoft® Windows® Operating System,Microsoft Corporation,gdi32,,,,,,,,"SHA1=34F81F3967B7716A8703512B7E7C3410DCDDE5A6,MD5=A4CD88E2697F818F1D8D4D3563394990,SHA256=27F96FA6D7F4C63913513BC5F983F0818BCA5A43E4C0013380F657856A383268,IMPHASH=C5F30E6A06AB646153863B68366FE58A",,,,,,,,,,,,,,C:\Windows\System32\gdi32.dll,True,Microsoft Windows,Valid,,,,,,,,,,,,,,,,,,,,,,,,,,,,,,,,,,,,,,,,,,,,,,,,,,,,,,,,,,,,,,,,,,,,,,,,,,,,,,,,,0,0,0,0,0,0,2,True
2021-06-12 01:07:18,101,Microsoft-Windows-Sysmon,{5770385f-c22a-43e0-bf4c-06f5698ffbd9},4,0x8000000000000000,Microsoft-Windows-Sysmon/Operational,WORKSTATION5,2021-06-11T09:07:18.936Z,2021-06-11T09:07:18.936Z,7,"Image loaded:
RuleName: -
UtcTime: 2021-06-12 01:07:18.931
ProcessGuid: {e2c04bb9-08c6-60c4-7c09-000000000300}
ProcessId: 7100
Image: C:\Windows\System32\timeout.exe
ImageLoaded: C:\Windows\System32\win32u.dll
FileVersion: 10.0.18362.1556 (WinBuild.160101.0800)
Description: Win32u
Product: Microsoft® Windows® Operating System
Company: Microsoft Corporation
OriginalFileName: Win32u.DLL
Hashes: SHA1=72CA7FE6C4A497CF5F8B3538E0F34D79B52FECE1,MD5=484473F9548840C3380BFB93F1668EDD,SHA256=B8D011D438ADC5C59CA4454076A9A720CE7F0B32BDCB8F1180F0A07879DFB6B3,IMPHASH=00000000000000000000000000000000
Signed: true
Signature: Microsoft Windows
SignatureStatus: Valid",7,-,{e2c04bb9-08c6-60c4-7c09-000000000300},7100,C:\Windows\System32\timeout.exe,10.0.18362.1556 (WinBuild.160101.0800),Win32u,Microsoft® Windows® Operating System,Microsoft Corporation,Win32u.DLL,,,,,,,,"SHA1=72CA7FE6C4A497CF5F8B3538E0F34D79B52FECE1,MD5=484473F9548840C3380BFB93F1668EDD,SHA256=B8D011D438ADC5C59CA4454076A9A720CE7F0B32BDCB8F1180F0A07879DFB6B3,IMPHASH=00000000000000000000000000000000",,,,,,,,,,,,,,C:\Windows\System32\win32u.dll,True,Microsoft Windows,Valid,,,,,,,,,,,,,,,,,,,,,,,,,,,,,,,,,,,,,,,,,,,,,,,,,,,,,,,,,,,,,,,,,,,,,,,,,,,,,,,,,0,0,0,0,0,0,1,True
2021-06-12 01:07:18,100,Microsoft-Windows-Sysmon,{5770385f-c22a-43e0-bf4c-06f5698ffbd9},4,0x8000000000000000,Microsoft-Windows-Sysmon/Operational,WORKSTATION5,2021-06-11T09:07:18.936Z,2021-06-11T09:07:18.936Z,7,"Image loaded:
RuleName: -
UtcTime: 2021-06-12 01:07:18.931
ProcessGuid: {e2c04bb9-08c6-60c4-7d09-000000000300}
ProcessId: 6388
Image: C:\Windows\System32\conhost.exe
ImageLoaded: C:\Windows\System32\sechost.dll
FileVersion: 10.0.18362.1474 (WinBuild.160101.0800)
Description: Host for SCM/SDDL/LSA Lookup APIs
Product: Microsoft® Windows® Operating System
Company: Microsoft Corporation
OriginalFileName: sechost.dll
Hashes: SHA1=9EF4F89E1B8499A251058FA8F6DA30F640D9B249,MD5=F97C22504B6ACA5527DAAD3755BC639E,SHA256=3A2E5DB9DCDB45FF9F731BC1B253862B9DD7710D802D04F12C1AA100C5E5A812,IMPHASH=CE4BD072766253F6A267D0284CA82002
Signed: true
Signature: Microsoft Windows
SignatureStatus: Valid",7,-,{e2c04bb9-08c6-60c4-7d09-000000000300},6388,C:\Windows\System32\conhost.exe,10.0.18362.1474 (WinBuild.160101.0800),Host for SCM/SDDL/LSA Lookup APIs,Microsoft® Windows® Operating System,Microsoft Corporation,sechost.dll,,,,,,,,"SHA1=9EF4F89E1B8499A251058FA8F6DA30F640D9B249,MD5=F97C22504B6ACA5527DAAD3755BC639E,SHA256=3A2E5DB9DCDB45FF9F731BC1B253862B9DD7710D802D04F12C1AA100C5E5A812,IMPHASH=CE4BD072766253F6A267D0284CA82002",,,,,,,,,,,,,,C:\Windows\System32\sechost.dll,True,Microsoft Windows,Valid,,,,,,,,,,,,,,,,,,,,,,,,,,,,,,,,,,,,,,,,,,,,,,,,,,,,,,,,,,,,,,,,,,,,,,,,,,,,,,,,,0,0,0,0,0,0,2,True
2021-06-12 01:07:18,99,Microsoft-Windows-Sysmon,{5770385f-c22a-43e0-bf4c-06f5698ffbd9},4,0x8000000000000000,Microsoft-Windows-Sysmon/Operational,WORKSTATION5,2021-06-11T09:07:18.934Z,2021-06-11T09:07:18.934Z,7,"Image loaded:
RuleName: -
UtcTime: 2021-06-12 01:07:18.931
ProcessGuid: {e2c04bb9-08c6-60c4-7d09-000000000300}
ProcessId: 6388
Image: C:\Windows\System32\conhost.exe
ImageLoaded: C:\Windows\System32\advapi32.dll
FileVersion: 10.0.18362.752 (WinBuild.160101.0800)
Description: Advanced Windows 32 Base API
Product: Microsoft® Windows® Operating System
Company: Microsoft Corporation
OriginalFileName: advapi32.dll
Hashes: SHA1=35C61DDE6F8F4ED05F9C4837E2B91C886CA79F82,MD5=EA4F6E7961B4A402F6F5EC33C655260A,SHA256=5E2D103E7E1FD7CA0492E541F082D274EF6259AF2158A3562986C796C5C869DD,IMPHASH=8EEA175C33205685FB8A14876D7564DB
Signed: true
Signature: Microsoft Windows
SignatureStatus: Valid",7,-,{e2c04bb9-08c6-60c4-7d09-000000000300},6388,C:\Windows\System32\conhost.exe,10.0.18362.752 (WinBuild.160101.0800),Advanced Windows 32 Base API,Microsoft® Windows® Operating System,Microsoft Corporation,advapi32.dll,,,,,,,,"SHA1=35C61DDE6F8F4ED05F9C4837E2B91C886CA79F82,MD5=EA4F6E7961B4A402F6F5EC33C655260A,SHA256=5E2D103E7E1FD7CA0492E541F082D274EF6259AF2158A3562986C796C5C869DD,IMPHASH=8EEA175C33205685FB8A14876D7564DB",,,,,,,,,,,,,,C:\Windows\System32\advapi32.dll,True,Microsoft Windows,Valid,,,,,,,,,,,,,,,,,,,,,,,,,,,,,,,,,,,,,,,,,,,,,,,,,,,,,,,,,,,,,,,,,,,,,,,,,,,,,,,,,0,0,0,0,0,0,2,True
2021-06-12 01:07:18,98,Microsoft-Windows-Sysmon,{5770385f-c22a-43e0-bf4c-06f5698ffbd9},4,0x8000000000000000,Microsoft-Windows-Sysmon/Operational,WORKSTATION5,2021-06-11T09:07:18.934Z,2021-06-11T09:07:18.934Z,7,"Image loaded:
RuleName: -
UtcTime: 2021-06-12 01:07:18.915
ProcessGuid: {e2c04bb9-08c6-60c4-7d09-000000000300}
ProcessId: 6388
Image: C:\Windows\System32\conhost.exe
ImageLoaded: C:\Windows\System32\bcryptprimitives.dll
FileVersion: 10.0.18362.1237 (WinBuild.160101.0800)
Description: Windows Cryptographic Primitives Library
Product: Microsoft® Windows® Operating System
Company: Microsoft Corporation
OriginalFileName: bcryptprimitives.dll
Hashes: SHA1=9EF590B826FD65FD7F6B348604E29873AFE24353,MD5=CFA9891644C90A7739814212C28E9071,SHA256=9DADBB2C0AE4D8DBC3E855F35DF29FA40C0FEC8ABE3B15DAD2F789671A44792C,IMPHASH=496E42068C9391511CF6EE7C54F73A9B
Signed: true
Signature: Microsoft Windows
SignatureStatus: Valid",7,-,{e2c04bb9-08c6-60c4-7d09-000000000300},6388,C:\Windows\System32\conhost.exe,10.0.18362.1237 (WinBuild.160101.0800),Windows Cryptographic Primitives Library,Microsoft® Windows® Operating System,Microsoft Corporation,bcryptprimitives.dll,,,,,,,,"SHA1=9EF590B826FD65FD7F6B348604E29873AFE24353,MD5=CFA9891644C90A7739814212C28E9071,SHA256=9DADBB2C0AE4D8DBC3E855F35DF29FA40C0FEC8ABE3B15DAD2F789671A44792C,IMPHASH=496E42068C9391511CF6EE7C54F73A9B",,,,,,,,,,,,,,C:\Windows\System32\bcryptprimitives.dll,True,Microsoft Windows,Valid,,,,,,,,,,,,,,,,,,,,,,,,,,,,,,,,,,,,,,,,,,,,,,,,,,,,,,,,,,,,,,,,,,,,,,,,,,,,,,,,,0,0,0,0,0,0,2,True
2021-06-12 01:07:18,97,Microsoft-Windows-Sysmon,{5770385f-c22a-43e0-bf4c-06f5698ffbd9},4,0x8000000000000000,Microsoft-Windows-Sysmon/Operational,WORKSTATION5,2021-06-11T09:07:18.934Z,2021-06-11T09:07:18.934Z,7,"Image loaded:
RuleName: -
UtcTime: 2021-06-12 01:07:18.915
ProcessGuid: {e2c04bb9-08c6-60c4-7d09-000000000300}
ProcessId: 6388
Image: C:\Windows\System32\conhost.exe
ImageLoaded: C:\Windows\System32\combase.dll
FileVersion: 10.0.18362.1500 (WinBuild.160101.0800)
Description: Microsoft COM for Windows
Product: Microsoft® Windows® Operating System
Company: Microsoft Corporation
OriginalFileName: COMBASE.DLL
Hashes: SHA1=EDFDBEF51F7D98203F8A5EDBBFFE8805107923ED,MD5=433110F4286BC2A4886BC9F1296C059C,SHA256=B091FA249211AD2D5BAD64BFA8E424055E8A73A40FBD5B60025B4728DFEA779B,IMPHASH=0663394E7C26DF14173E1B021223CC2E
Signed: true
Signature: Microsoft Windows
SignatureStatus: Valid",7,-,{e2c04bb9-08c6-60c4-7d09-000000000300},6388,C:\Windows\System32\conhost.exe,10.0.18362.1500 (WinBuild.160101.0800),Microsoft COM for Windows,Microsoft® Windows® Operating System,Microsoft Corporation,COMBASE.DLL,,,,,,,,"SHA1=EDFDBEF51F7D98203F8A5EDBBFFE8805107923ED,MD5=433110F4286BC2A4886BC9F1296C059C,SHA256=B091FA249211AD2D5BAD64BFA8E424055E8A73A40FBD5B60025B4728DFEA779B,IMPHASH=0663394E7C26DF14173E1B021223CC2E",,,,,,,,,,,,,,C:\Windows\System32\combase.dll,True,Microsoft Windows,Valid,,,,,,,,,,,,,,,,,,,,,,,,,,,,,,,,,,,,,,,,,,,,,,,,,,,,,,,,,,,,,,,,,,,,,,,,,,,,,,,,,0,0,0,0,0,0,2,True
2021-06-12 01:07:18,104,Microsoft-Windows-Sysmon,{5770385f-c22a-43e0-bf4c-06f5698ffbd9},4,0x8000000000000000,Microsoft-Windows-Sysmon/Operational,WORKSTATION5,2021-06-11T09:07:18.938Z,2021-06-11T09:07:18.938Z,10,"Process accessed:
RuleName: -
UtcTime: 2021-06-12 01:07:18.931
SourceProcessGUID: {e2c04bb9-08c6-60c4-7d09-000000000300}
SourceProcessId: 6388
SourceThreadId: 7156
SourceImage: C:\Windows\system32\conhost.exe
TargetProcessGUID: {e2c04bb9-08c6-60c4-681f-400100000000}
TargetProcessId: 4748
TargetImage: C:\TMP\CreateNamedPipe.exe
GrantedAccess: 0x1FFFFF
CallTrace: C:\Windows\SYSTEM32\ntdll.dll+9d364|C:\Windows\System32\KERNELBASE.dll+305ee|C:\Windows\system32\conhost.exe+1297d|C:\Windows\system32\conhost.exe+12875|C:\Windows\system32\conhost.exe+8ccc|C:\Windows\system32\conhost.exe+f656|C:\Windows\System32\KERNEL32.DLL+17c24|C:\Windows\SYSTEM32\ntdll.dll+6d721",10,-,,0,,,,,,,,,,,,,,,,,,,{e2c04bb9-08c6-60c4-7d09-000000000300},6388,7156.0,C:\Windows\system32\conhost.exe,{e2c04bb9-08c6-60c4-681f-400100000000},4748,C:\TMP\CreateNamedPipe.exe,0x1fffff,C:\Windows\SYSTEM32\ntdll.dll+9d364|C:\Windows\System32\KERNELBASE.dll+305ee|C:\Windows\system32\conhost.exe+1297d|C:\Windows\system32\conhost.exe+12875|C:\Windows\system32\conhost.exe+8ccc|C:\Windows\system32\conhost.exe+f656|C:\Windows\System32\KERNEL32.DLL+17c24|C:\Windows\SYSTEM32\ntdll.dll+6d721,,,,,,,,,,,,,,,,,,,,,,,,,,,,,,,,,,,,,,,,,,,,,,,,,,,,,,,,,,,,,,,,,,,,,,,,,,,,,,,,,,,,,0,0,0,0,0,0,2,True
2021-06-12 01:07:18,95,Microsoft-Windows-Sysmon,{5770385f-c22a-43e0-bf4c-06f5698ffbd9},4,0x8000000000000000,Microsoft-Windows-Sysmon/Operational,WORKSTATION5,2021-06-11T09:07:18.931Z,2021-06-11T09:07:18.931Z,7,"Image loaded:
RuleName: -
UtcTime: 2021-06-12 01:07:18.915
ProcessGuid: {e2c04bb9-08c6-60c4-7d09-000000000300}
ProcessId: 6388
Image: C:\Windows\System32\conhost.exe
ImageLoaded: C:\Windows\System32\msvcrt.dll
FileVersion: 7.0.18362.1 (WinBuild.160101.0800)
Description: Windows NT CRT DLL
Product: Microsoft® Windows® Operating System
Company: Microsoft Corporation
OriginalFileName: msvcrt.dll
Hashes: SHA1=0EA4B3CFB14E49CEC0D42FF0F1FA989E69647A8F,MD5=36354D9B5B0A58A4B9A19103852C00A2,SHA256=E5A863D3F4BFEFED7D73A7B1499F81B7235BC9AE3C108065041BCB8E5446B1BB,IMPHASH=1273683626EBBA703979F188A1E64237
Signed: true
Signature: Microsoft Windows
SignatureStatus: Valid",7,-,{e2c04bb9-08c6-60c4-7d09-000000000300},6388,C:\Windows\System32\conhost.exe,7.0.18362.1 (WinBuild.160101.0800),Windows NT CRT DLL,Microsoft® Windows® Operating System,Microsoft Corporation,msvcrt.dll,,,,,,,,"SHA1=0EA4B3CFB14E49CEC0D42FF0F1FA989E69647A8F,MD5=36354D9B5B0A58A4B9A19103852C00A2,SHA256=E5A863D3F4BFEFED7D73A7B1499F81B7235BC9AE3C108065041BCB8E5446B1BB,IMPHASH=1273683626EBBA703979F188A1E64237",,,,,,,,,,,,,,C:\Windows\System32\msvcrt.dll,True,Microsoft Windows,Valid,,,,,,,,,,,,,,,,,,,,,,,,,,,,,,,,,,,,,,,,,,,,,,,,,,,,,,,,,,,,,,,,,,,,,,,,,,,,,,,,,0,0,0,0,0,0,2,True
2021-06-12 01:07:18,94,Microsoft-Windows-Sysmon,{5770385f-c22a-43e0-bf4c-06f5698ffbd9},4,0x8000000000000000,Microsoft-Windows-Sysmon/Operational,WORKSTATION5,2021-06-11T09:07:18.930Z,2021-06-11T09:07:18.930Z,7,"Image loaded:
RuleName: -
UtcTime: 2021-06-12 01:07:18.915
ProcessGuid: {e2c04bb9-08c6-60c4-7d09-000000000300}
ProcessId: 6388
Image: C:\Windows\System32\conhost.exe
ImageLoaded: C:\Windows\System32\SHCore.dll
FileVersion: 10.0.18362.1533 (WinBuild.160101.0800)
Description: SHCORE
Product: Microsoft® Windows® Operating System
Company: Microsoft Corporation
OriginalFileName: SHCORE.dll
Hashes: SHA1=968EB034605BB23F7D13A2F994109B208E3AE036,MD5=21C3029ED4FC09BB667AEDC879D4565C,SHA256=0B6EB7B45AA892B154F8C7EEE6D0FCAD08DE3235F3057150955C419F06FEC8F8,IMPHASH=0E48D88DA5B1AEFE29036ECDE5B34E8D
Signed: true
Signature: Microsoft Windows
SignatureStatus: Valid",7,-,{e2c04bb9-08c6-60c4-7d09-000000000300},6388,C:\Windows\System32\conhost.exe,10.0.18362.1533 (WinBuild.160101.0800),SHCORE,Microsoft® Windows® Operating System,Microsoft Corporation,SHCORE.dll,,,,,,,,"SHA1=968EB034605BB23F7D13A2F994109B208E3AE036,MD5=21C3029ED4FC09BB667AEDC879D4565C,SHA256=0B6EB7B45AA892B154F8C7EEE6D0FCAD08DE3235F3057150955C419F06FEC8F8,IMPHASH=0E48D88DA5B1AEFE29036ECDE5B34E8D",,,,,,,,,,,,,,C:\Windows\System32\SHCore.dll,True,Microsoft Windows,Valid,,,,,,,,,,,,,,,,,,,,,,,,,,,,,,,,,,,,,,,,,,,,,,,,,,,,,,,,,,,,,,,,,,,,,,,,,,,,,,,,,0,0,0,0,0,0,2,True
2021-06-12 01:07:18,93,Microsoft-Windows-Sysmon,{5770385f-c22a-43e0-bf4c-06f5698ffbd9},4,0x8000000000000000,Microsoft-Windows-Sysmon/Operational,WORKSTATION5,2021-06-11T09:07:18.930Z,2021-06-11T09:07:18.930Z,7,"Image loaded:
RuleName: -
UtcTime: 2021-06-12 01:07:18.915
ProcessGuid: {e2c04bb9-08c6-60c4-7d09-000000000300}
ProcessId: 6388
Image: C:\Windows\System32\conhost.exe
ImageLoaded: C:\Windows\System32\ucrtbase.dll
FileVersion: 10.0.18362.1110 (WinBuild.160101.0800)
Description: Microsoft® C Runtime Library
Product: Microsoft® Windows® Operating System
Company: Microsoft Corporation
OriginalFileName: ucrtbase.dll
Hashes: SHA1=D10BBE9B65C2C6F8FCA6850D0B79CBC6EF04D691,MD5=126821F73FD9FFCE6E091CF9480E1B60,SHA256=7B28F46F0A09CFD9129109A94B1C16C9C62EEF46C09113C4C585D9BF0E69B2DA,IMPHASH=5AE9A136FAFA10321F3D48251BF4F6A1
Signed: true
Signature: Microsoft Windows
SignatureStatus: Valid",7,-,{e2c04bb9-08c6-60c4-7d09-000000000300},6388,C:\Windows\System32\conhost.exe,10.0.18362.1110 (WinBuild.160101.0800),Microsoft® C Runtime Library,Microsoft® Windows® Operating System,Microsoft Corporation,ucrtbase.dll,,,,,,,,"SHA1=D10BBE9B65C2C6F8FCA6850D0B79CBC6EF04D691,MD5=126821F73FD9FFCE6E091CF9480E1B60,SHA256=7B28F46F0A09CFD9129109A94B1C16C9C62EEF46C09113C4C585D9BF0E69B2DA,IMPHASH=5AE9A136FAFA10321F3D48251BF4F6A1",,,,,,,,,,,,,,C:\Windows\System32\ucrtbase.dll,True,Microsoft Windows,Valid,,,,,,,,,,,,,,,,,,,,,,,,,,,,,,,,,,,,,,,,,,,,,,,,,,,,,,,,,,,,,,,,,,,,,,,,,,,,,,,,,0,0,0,0,0,0,2,True
2021-06-12 01:07:18,92,Microsoft-Windows-Sysmon,{5770385f-c22a-43e0-bf4c-06f5698ffbd9},4,0x8000000000000000,Microsoft-Windows-Sysmon/Operational,WORKSTATION5,2021-06-11T09:07:18.929Z,2021-06-11T09:07:18.929Z,7,"Image loaded:
RuleName: -
UtcTime: 2021-06-12 01:07:18.915
ProcessGuid: {e2c04bb9-08c6-60c4-7c09-000000000300}
ProcessId: 7100
Image: C:\Windows\System32\timeout.exe
ImageLoaded: C:\Windows\System32\user32.dll
FileVersion: 10.0.18362.1316 (WinBuild.160101.0800)
Description: Multi-User Windows USER API Client DLL
Product: Microsoft® Windows® Operating System
Company: Microsoft Corporation
OriginalFileName: user32
Hashes: SHA1=63B37173CD76F53B30B5E68EE619E3E936E9A4F6,MD5=1030B585DD1CE136F59238C2019D36C9,SHA256=68C783A106E808BF0B3385BF8A926963EF4FECFE9B7B6E760126DFD20355DAEE,IMPHASH=70F6F0466DB32D0AA9E18434AE996907
Signed: true
Signature: Microsoft Windows
SignatureStatus: Valid",7,-,{e2c04bb9-08c6-60c4-7c09-000000000300},7100,C:\Windows\System32\timeout.exe,10.0.18362.1316 (WinBuild.160101.0800),Multi-User Windows USER API Client DLL,Microsoft® Windows® Operating System,Microsoft Corporation,user32,,,,,,,,"SHA1=63B37173CD76F53B30B5E68EE619E3E936E9A4F6,MD5=1030B585DD1CE136F59238C2019D36C9,SHA256=68C783A106E808BF0B3385BF8A926963EF4FECFE9B7B6E760126DFD20355DAEE,IMPHASH=70F6F0466DB32D0AA9E18434AE996907",,,,,,,,,,,,,,C:\Windows\System32\user32.dll,True,Microsoft Windows,Valid,,,,,,,,,,,,,,,,,,,,,,,,,,,,,,,,,,,,,,,,,,,,,,,,,,,,,,,,,,,,,,,,,,,,,,,,,,,,,,,,,0,0,0,0,0,0,3,True
2021-06-12 01:07:18,90,Microsoft-Windows-Sysmon,{5770385f-c22a-43e0-bf4c-06f5698ffbd9},4,0x8000000000000000,Microsoft-Windows-Sysmon/Operational,WORKSTATION5,2021-06-11T09:07:18.928Z,2021-06-11T09:07:18.928Z,10,"Process accessed:
RuleName: -
UtcTime: 2021-06-12 01:07:18.915
SourceProcessGUID: {e2c04bb9-a703-60c3-b501-000000000300}
SourceProcessId: 1876
SourceThreadId: 4024
SourceImage: C:\Windows\system32\csrss.exe
TargetProcessGUID: {e2c04bb9-08c6-60c4-7d09-000000000300}
TargetProcessId: 6388
TargetImage: C:\Windows\system32\conhost.exe
GrantedAccess: 0x1FFFFF
CallTrace: C:\Windows\SYSTEM32\ntdll.dll+9df34|C:\Windows\SYSTEM32\CSRSRV.dll+1430|C:\Windows\SYSTEM32\CSRSRV.dll+5fd9|C:\Windows\SYSTEM32\ntdll.dll+6d72f",10,-,,0,,,,,,,,,,,,,,,,,,,{e2c04bb9-a703-60c3-b501-000000000300},1876,4024.0,C:\Windows\system32\csrss.exe,{e2c04bb9-08c6-60c4-7d09-000000000300},6388,C:\Windows\system32\conhost.exe,0x1fffff,C:\Windows\SYSTEM32\ntdll.dll+9df34|C:\Windows\SYSTEM32\CSRSRV.dll+1430|C:\Windows\SYSTEM32\CSRSRV.dll+5fd9|C:\Windows\SYSTEM32\ntdll.dll+6d72f,,,,,,,,,,,,,,,,,,,,,,,,,,,,,,,,,,,,,,,,,,,,,,,,,,,,,,,,,,,,,,,,,,,,,,,,,,,,,,,,,,,,,0,0,0,0,0,0,3,True
2021-06-12 01:07:18,89,Microsoft-Windows-Sysmon,{5770385f-c22a-43e0-bf4c-06f5698ffbd9},4,0x8000000000000000,Microsoft-Windows-Sysmon/Operational,WORKSTATION5,2021-06-11T09:07:18.928Z,2021-06-11T09:07:18.928Z,10,"Process accessed:
RuleName: -
UtcTime: 2021-06-12 01:07:18.915
SourceProcessGUID: {e2c04bb9-d0f0-60c3-0ae0-ec0000000000}
SourceProcessId: 5740
SourceThreadId: 5656
SourceImage: C:\Windows\system32\conhost.exe
TargetProcessGUID: {e2c04bb9-08c6-60c4-7c09-000000000300}
TargetProcessId: 7100
TargetImage: C:\Windows\system32\timeout.exe
GrantedAccess: 0x1FFFFF
CallTrace: C:\Windows\SYSTEM32\ntdll.dll+9d364|C:\Windows\System32\KERNELBASE.dll+305ee|C:\Windows\system32\conhost.exe+1297d|C:\Windows\system32\conhost.exe+12875|C:\Windows\system32\conhost.exe+8ccc|C:\Windows\system32\conhost.exe+f656|C:\Windows\System32\KERNEL32.DLL+17c24|C:\Windows\SYSTEM32\ntdll.dll+6d721",10,-,,0,,,,,,,,,,,,,,,,,,,{e2c04bb9-d0f0-60c3-0ae0-ec0000000000},5740,5656.0,C:\Windows\system32\conhost.exe,{e2c04bb9-08c6-60c4-7c09-000000000300},7100,C:\Windows\system32\timeout.exe,0x1fffff,C:\Windows\SYSTEM32\ntdll.dll+9d364|C:\Windows\System32\KERNELBASE.dll+305ee|C:\Windows\system32\conhost.exe+1297d|C:\Windows\system32\conhost.exe+12875|C:\Windows\system32\conhost.exe+8ccc|C:\Windows\system32\conhost.exe+f656|C:\Windows\System32\KERNEL32.DLL+17c24|C:\Windows\SYSTEM32\ntdll.dll+6d721,,,,,,,,,,,,,,,,,,,,,,,,,,,,,,,,,,,,,,,,,,,,,,,,,,,,,,,,,,,,,,,,,,,,,,,,,,,,,,,,,,,,,0,0,0,0,0,0,3,True
2021-06-12 01:07:18,96,Microsoft-Windows-Sysmon,{5770385f-c22a-43e0-bf4c-06f5698ffbd9},4,0x8000000000000000,Microsoft-Windows-Sysmon/Operational,WORKSTATION5,2021-06-11T09:07:18.931Z,2021-06-11T09:07:18.931Z,7,"Image loaded:
RuleName: -
UtcTime: 2021-06-12 01:07:18.915
ProcessGuid: {e2c04bb9-08c6-60c4-7d09-000000000300}
ProcessId: 6388
Image: C:\Windows\System32\conhost.exe
ImageLoaded: C:\Windows\System32\rpcrt4.dll
FileVersion: 10.0.18362.1500 (WinBuild.160101.0800)
Description: Remote Procedure Call Runtime
Product: Microsoft® Windows® Operating System
Company: Microsoft Corporation
OriginalFileName: rpcrt4.dll
Hashes: SHA1=6A154351837808744BC8E40F730E9986F3CA9633,MD5=15C59ACA8F5DB60A430F3FABCE8B181C,SHA256=891D6ABD1CDFB5CC0CCD3E208B9A83D1FC7B6EBA84A4160DBC3A53F38C787639,IMPHASH=88E7E7C7FA90052EC162DD37F2B7C7BD
Signed: true
Signature: Microsoft Windows
SignatureStatus: Valid",7,-,{e2c04bb9-08c6-60c4-7d09-000000000300},6388,C:\Windows\System32\conhost.exe,10.0.18362.1500 (WinBuild.160101.0800),Remote Procedure Call Runtime,Microsoft® Windows® Operating System,Microsoft Corporation,rpcrt4.dll,,,,,,,,"SHA1=6A154351837808744BC8E40F730E9986F3CA9633,MD5=15C59ACA8F5DB60A430F3FABCE8B181C,SHA256=891D6ABD1CDFB5CC0CCD3E208B9A83D1FC7B6EBA84A4160DBC3A53F38C787639,IMPHASH=88E7E7C7FA90052EC162DD37F2B7C7BD",,,,,,,,,,,,,,C:\Windows\System32\rpcrt4.dll,True,Microsoft Windows,Valid,,,,,,,,,,,,,,,,,,,,,,,,,,,,,,,,,,,,,,,,,,,,,,,,,,,,,,,,,,,,,,,,,,,,,,,,,,,,,,,,,0,0,0,0,0,0,3,True
2021-06-12 01:07:18,88,Microsoft-Windows-Sysmon,{5770385f-c22a-43e0-bf4c-06f5698ffbd9},4,0x8000000000000000,Microsoft-Windows-Sysmon/Operational,WORKSTATION5,2021-06-11T09:07:18.927Z,2021-06-11T09:07:18.927Z,7,"Image loaded:
RuleName: -
UtcTime: 2021-06-12 01:07:18.915
ProcessGuid: {e2c04bb9-08c6-60c4-7c09-000000000300}
ProcessId: 7100
Image: C:\Windows\System32\timeout.exe
ImageLoaded: C:\Windows\System32\KernelBase.dll
FileVersion: 10.0.18362.1474 (WinBuild.160101.0800)
Description: Windows NT BASE API Client DLL
Product: Microsoft® Windows® Operating System
Company: Microsoft Corporation
OriginalFileName: Kernelbase.dll
Hashes: SHA1=568E892FA3286C72BC89867B182CE76800018964,MD5=E562EC4C5C939BF4CA506E288A54CC02,SHA256=60827CB832FDC137A3F9146AE666CDE3EA4B2D94CAE289D4A33B6D1D363656D3,IMPHASH=16003AF856720C35351BB8C14AD0B0A8
Signed: true
Signature: Microsoft Windows
SignatureStatus: Valid",7,-,{e2c04bb9-08c6-60c4-7c09-000000000300},7100,C:\Windows\System32\timeout.exe,10.0.18362.1474 (WinBuild.160101.0800),Windows NT BASE API Client DLL,Microsoft® Windows® Operating System,Microsoft Corporation,Kernelbase.dll,,,,,,,,"SHA1=568E892FA3286C72BC89867B182CE76800018964,MD5=E562EC4C5C939BF4CA506E288A54CC02,SHA256=60827CB832FDC137A3F9146AE666CDE3EA4B2D94CAE289D4A33B6D1D363656D3,IMPHASH=16003AF856720C35351BB8C14AD0B0A8",,,,,,,,,,,,,,C:\Windows\System32\KernelBase.dll,True,Microsoft Windows,Valid,,,,,,,,,,,,,,,,,,,,,,,,,,,,,,,,,,,,,,,,,,,,,,,,,,,,,,,,,,,,,,,,,,,,,,,,,,,,,,,,,0,0,0,0,0,0,3,True
2021-06-12 01:07:19,202,Microsoft-Windows-Sysmon,{5770385f-c22a-43e0-bf4c-06f5698ffbd9},4,0x8000000000000000,Microsoft-Windows-Sysmon/Operational,WORKSTATION5,2021-06-11T09:07:19.071Z,2021-06-11T09:07:19.071Z,10,"Process accessed:
RuleName: -
UtcTime: 2021-06-12 01:07:19.056
SourceProcessGUID: {e2c04bb9-a70e-60c3-0d61-390000000000}
SourceProcessId: 1320
SourceThreadId: 5612
SourceImage: C:\Windows\Explorer.EXE
TargetProcessGUID: {e2c04bb9-08c6-60c4-681f-400100000000}
TargetProcessId: 4748
TargetImage: C:\TMP\CreateNamedPipe.exe
GrantedAccess: 0x1000
CallTrace: C:\Windows\SYSTEM32\ntdll.dll+9d364|C:\Windows\System32\KERNELBASE.dll+305ee|C:\Windows\system32\twinui.dll+35d65|C:\Windows\system32\twinui.dll+35c7d|C:\Windows\system32\twinui.dll+36749|C:\Windows\system32\twinui.dll+3646e|C:\Windows\system32\twinui.dll+313c0|C:\Windows\system32\twinui.dll+305aa|C:\Windows\System32\shcore.dll+1a8c9|C:\Windows\System32\shcore.dll+1a668|C:\Windows\System32\shcore.dll+19681|C:\Windows\System32\KERNEL32.DLL+17c24|C:\Windows\SYSTEM32\ntdll.dll+6d721",10,-,,0,,,,,,,,,,,,,,,,,,,{e2c04bb9-a70e-60c3-0d61-390000000000},1320,5612.0,C:\Windows\Explorer.EXE,{e2c04bb9-08c6-60c4-681f-400100000000},4748,C:\TMP\CreateNamedPipe.exe,0x1000,C:\Windows\SYSTEM32\ntdll.dll+9d364|C:\Windows\System32\KERNELBASE.dll+305ee|C:\Windows\system32\twinui.dll+35d65|C:\Windows\system32\twinui.dll+35c7d|C:\Windows\system32\twinui.dll+36749|C:\Windows\system32\twinui.dll+3646e|C:\Windows\system32\twinui.dll+313c0|C:\Windows\system32\twinui.dll+305aa|C:\Windows\System32\shcore.dll+1a8c9|C:\Windows\System32\shcore.dll+1a668|C:\Windows\System32\shcore.dll+19681|C:\Windows\System32\KERNEL32.DLL+17c24|C:\Windows\SYSTEM32\ntdll.dll+6d721,,,,,,,,,,,,,,,,,,,,,,,,,,,,,,,,,,,,,,,,,,,,,,,,,,,,,,,,,,,,,,,,,,,,,,,,,,,,,,,,,,,,,0,0,0,0,0,0,3,True
2021-06-12 01:07:19,201,Microsoft-Windows-Sysmon,{5770385f-c22a-43e0-bf4c-06f5698ffbd9},4,0x8000000000000000,Microsoft-Windows-Sysmon/Operational,WORKSTATION5,2021-06-11T09:07:19.071Z,2021-06-11T09:07:19.071Z,10,"Process accessed:
RuleName: -
UtcTime: 2021-06-12 01:07:19.056
SourceProcessGUID: {e2c04bb9-a70e-60c3-0d61-390000000000}
SourceProcessId: 1320
SourceThreadId: 5612
SourceImage: C:\Windows\Explorer.EXE
TargetProcessGUID: {e2c04bb9-08c6-60c4-681f-400100000000}
TargetProcessId: 4748
TargetImage: C:\TMP\CreateNamedPipe.exe
GrantedAccess: 0x1000
CallTrace: C:\Windows\SYSTEM32\ntdll.dll+9d364|C:\Windows\System32\KERNELBASE.dll+305ee|C:\Windows\system32\twinui.dll+325a2|C:\Windows\system32\twinui.dll+3139d|C:\Windows\system32\twinui.dll+305aa|C:\Windows\System32\shcore.dll+1a8c9|C:\Windows\System32\shcore.dll+1a668|C:\Windows\System32\shcore.dll+19681|C:\Windows\System32\KERNEL32.DLL+17c24|C:\Windows\SYSTEM32\ntdll.dll+6d721",10,-,,0,,,,,,,,,,,,,,,,,,,{e2c04bb9-a70e-60c3-0d61-390000000000},1320,5612.0,C:\Windows\Explorer.EXE,{e2c04bb9-08c6-60c4-681f-400100000000},4748,C:\TMP\CreateNamedPipe.exe,0x1000,C:\Windows\SYSTEM32\ntdll.dll+9d364|C:\Windows\System32\KERNELBASE.dll+305ee|C:\Windows\system32\twinui.dll+325a2|C:\Windows\system32\twinui.dll+3139d|C:\Windows\system32\twinui.dll+305aa|C:\Windows\System32\shcore.dll+1a8c9|C:\Windows\System32\shcore.dll+1a668|C:\Windows\System32\shcore.dll+19681|C:\Windows\System32\KERNEL32.DLL+17c24|C:\Windows\SYSTEM32\ntdll.dll+6d721,,,,,,,,,,,,,,,,,,,,,,,,,,,,,,,,,,,,,,,,,,,,,,,,,,,,,,,,,,,,,,,,,,,,,,,,,,,,,,,,,,,,,0,0,0,0,0,0,3,True
2021-06-12 01:07:19,200,Microsoft-Windows-Sysmon,{5770385f-c22a-43e0-bf4c-06f5698ffbd9},4,0x8000000000000000,Microsoft-Windows-Sysmon/Operational,WORKSTATION5,2021-06-11T09:07:19.071Z,2021-06-11T09:07:19.071Z,10,"Process accessed:
RuleName: -
UtcTime: 2021-06-12 01:07:19.056
SourceProcessGUID: {e2c04bb9-a70e-60c3-0d61-390000000000}
SourceProcessId: 1320
SourceThreadId: 7300
SourceImage: C:\Windows\Explorer.EXE
TargetProcessGUID: {e2c04bb9-08c6-60c4-681f-400100000000}
TargetProcessId: 4748
TargetImage: C:\TMP\CreateNamedPipe.exe
GrantedAccess: 0x1000
CallTrace: C:\Windows\SYSTEM32\ntdll.dll+9d364|C:\Windows\System32\KERNELBASE.dll+305ee|C:\Windows\system32\twinui.pcshell.dll+c795|C:\Windows\system32\twinui.pcshell.dll+c03c|C:\Windows\system32\twinui.pcshell.dll+7e9a1|C:\Windows\system32\twinui.pcshell.dll+7ba84|C:\Windows\system32\twinui.pcshell.dll+171c3|C:\Windows\system32\twinui.pcshell.dll+57ba2|C:\Windows\system32\twinui.pcshell.dll+590be|C:\Windows\system32\twinui.pcshell.dll+7eaa6|C:\Windows\system32\twinui.pcshell.dll+5bc22|C:\Windows\System32\USER32.dll+15c1d|C:\Windows\System32\USER32.dll+15612|C:\Windows\System32\windows.immersiveshell.serviceprovider.dll+4860|C:\Windows\System32\windows.immersiveshell.serviceprovider.dll+4429|C:\Windows\System32\windows.immersiveshell.serviceprovider.dll+40bf|C:\Windows\System32\KERNEL32.DLL+17c24|C:\Windows\SYSTEM32\ntdll.dll+6d721",10,-,,0,,,,,,,,,,,,,,,,,,,{e2c04bb9-a70e-60c3-0d61-390000000000},1320,7300.0,C:\Windows\Explorer.EXE,{e2c04bb9-08c6-60c4-681f-400100000000},4748,C:\TMP\CreateNamedPipe.exe,0x1000,C:\Windows\SYSTEM32\ntdll.dll+9d364|C:\Windows\System32\KERNELBASE.dll+305ee|C:\Windows\system32\twinui.pcshell.dll+c795|C:\Windows\system32\twinui.pcshell.dll+c03c|C:\Windows\system32\twinui.pcshell.dll+7e9a1|C:\Windows\system32\twinui.pcshell.dll+7ba84|C:\Windows\system32\twinui.pcshell.dll+171c3|C:\Windows\system32\twinui.pcshell.dll+57ba2|C:\Windows\system32\twinui.pcshell.dll+590be|C:\Windows\system32\twinui.pcshell.dll+7eaa6|C:\Windows\system32\twinui.pcshell.dll+5bc22|C:\Windows\System32\USER32.dll+15c1d|C:\Windows\System32\USER32.dll+15612|C:\Windows\System32\windows.immersiveshell.serviceprovider.dll+4860|C:\Windows\System32\windows.immersiveshell.serviceprovider.dll+4429|C:\Windows\System32\windows.immersiveshell.serviceprovider.dll+40bf|C:\Windows\System32\KERNEL32.DLL+17c24|C:\Windows\SYSTEM32\ntdll.dll+6d721,,,,,,,,,,,,,,,,,,,,,,,,,,,,,,,,,,,,,,,,,,,,,,,,,,,,,,,,,,,,,,,,,,,,,,,,,,,,,,,,,,,,,0,0,0,0,0,0,3,True
2021-06-12 01:07:19,199,Microsoft-Windows-Sysmon,{5770385f-c22a-43e0-bf4c-06f5698ffbd9},4,0x8000000000000000,Microsoft-Windows-Sysmon/Operational,WORKSTATION5,2021-06-11T09:07:19.071Z,2021-06-11T09:07:19.071Z,10,"Process accessed:
RuleName: -
UtcTime: 2021-06-12 01:07:19.056
SourceProcessGUID: {e2c04bb9-a70e-60c3-0d61-390000000000}
SourceProcessId: 1320
SourceThreadId: 7300
SourceImage: C:\Windows\Explorer.EXE
TargetProcessGUID: {e2c04bb9-08c6-60c4-681f-400100000000}
TargetProcessId: 4748
TargetImage: C:\TMP\CreateNamedPipe.exe
GrantedAccess: 0x1000
CallTrace: C:\Windows\SYSTEM32\ntdll.dll+9d364|C:\Windows\System32\KERNELBASE.dll+305ee|C:\Windows\system32\twinui.pcshell.dll+c00f|C:\Windows\system32\twinui.pcshell.dll+7e9a1|C:\Windows\system32\twinui.pcshell.dll+7ba84|C:\Windows\system32\twinui.pcshell.dll+171c3|C:\Windows\system32\twinui.pcshell.dll+57ba2|C:\Windows\system32\twinui.pcshell.dll+590be|C:\Windows\system32\twinui.pcshell.dll+7eaa6|C:\Windows\system32\twinui.pcshell.dll+5bc22|C:\Windows\System32\USER32.dll+15c1d|C:\Windows\System32\USER32.dll+15612|C:\Windows\System32\windows.immersiveshell.serviceprovider.dll+4860|C:\Windows\System32\windows.immersiveshell.serviceprovider.dll+4429|C:\Windows\System32\windows.immersiveshell.serviceprovider.dll+40bf|C:\Windows\System32\KERNEL32.DLL+17c24|C:\Windows\SYSTEM32\ntdll.dll+6d721",10,-,,0,,,,,,,,,,,,,,,,,,,{e2c04bb9-a70e-60c3-0d61-390000000000},1320,7300.0,C:\Windows\Explorer.EXE,{e2c04bb9-08c6-60c4-681f-400100000000},4748,C:\TMP\CreateNamedPipe.exe,0x1000,C:\Windows\SYSTEM32\ntdll.dll+9d364|C:\Windows\System32\KERNELBASE.dll+305ee|C:\Windows\system32\twinui.pcshell.dll+c00f|C:\Windows\system32\twinui.pcshell.dll+7e9a1|C:\Windows\system32\twinui.pcshell.dll+7ba84|C:\Windows\system32\twinui.pcshell.dll+171c3|C:\Windows\system32\twinui.pcshell.dll+57ba2|C:\Windows\system32\twinui.pcshell.dll+590be|C:\Windows\system32\twinui.pcshell.dll+7eaa6|C:\Windows\system32\twinui.pcshell.dll+5bc22|C:\Windows\System32\USER32.dll+15c1d|C:\Windows\System32\USER32.dll+15612|C:\Windows\System32\windows.immersiveshell.serviceprovider.dll+4860|C:\Windows\System32\windows.immersiveshell.serviceprovider.dll+4429|C:\Windows\System32\windows.immersiveshell.serviceprovider.dll+40bf|C:\Windows\System32\KERNEL32.DLL+17c24|C:\Windows\SYSTEM32\ntdll.dll+6d721,,,,,,,,,,,,,,,,,,,,,,,,,,,,,,,,,,,,,,,,,,,,,,,,,,,,,,,,,,,,,,,,,,,,,,,,,,,,,,,,,,,,,0,0,0,0,0,0,2,True
2021-06-12 01:07:19,198,Microsoft-Windows-Sysmon,{5770385f-c22a-43e0-bf4c-06f5698ffbd9},4,0x8000000000000000,Microsoft-Windows-Sysmon/Operational,WORKSTATION5,2021-06-11T09:07:19.071Z,2021-06-11T09:07:19.071Z,13,"Registry value set:
RuleName: -
EventType: SetValue
UtcTime: 2021-06-12 01:07:19.056
ProcessGuid: {e2c04bb9-a31b-60c3-eb03-000000000000}
ProcessId: 4
Image: System
TargetObject: HKLM\System\CurrentControlSet\Services\bam\State\UserSettings\S-1-5-21-315269454-3320600716-4144796452-500\SequenceNumber
Details: DWORD (0x0000005c)",13,-,{e2c04bb9-a31b-60c3-eb03-000000000000},4,System,,,,,,,,,,,,,,,,,,,,,,,,,,,,,,,,,,SetValue,HKLM\System\CurrentControlSet\Services\bam\State\UserSettings\S-1-5-21-315269454-3320600716-4144796452-500\SequenceNumber,DWORD (0x0000005c),,,,,,,,,,,,,,,,,,,,,,,,,,,,,,,,,,,,,,,,,,,,,,,,,,,,,,,,,,,,,,,,,,,,,,,,,,,0,0,0,0,1,0,2,True
2021-06-12 01:07:19,197,Microsoft-Windows-Sysmon,{5770385f-c22a-43e0-bf4c-06f5698ffbd9},4,0x8000000000000000,Microsoft-Windows-Sysmon/Operational,WORKSTATION5,2021-06-11T09:07:19.071Z,2021-06-11T09:07:19.071Z,13,"Registry value set:
RuleName: -
EventType: SetValue
UtcTime: 2021-06-12 01:07:19.056
ProcessGuid: {e2c04bb9-a31b-60c3-eb03-000000000000}
ProcessId: 4
Image: System
TargetObject: HKLM\System\CurrentControlSet\Services\bam\State\UserSettings\S-1-5-21-315269454-3320600716-4144796452-500\\Device\HarddiskVolume2\TMP\CreateNamedPipe.exe
Details: Binary Data",13,-,{e2c04bb9-a31b-60c3-eb03-000000000000},4,System,,,,,,,,,,,,,,,,,,,,,,,,,,,,,,,,,,SetValue,HKLM\System\CurrentControlSet\Services\bam\State\UserSettings\S-1-5-21-315269454-3320600716-4144796452-500\\Device\HarddiskVolume2\TMP\CreateNamedPipe.exe,Binary Data,,,,,,,,,,,,,,,,,,,,,,,,,,,,,,,,,,,,,,,,,,,,,,,,,,,,,,,,,,,,,,,,,,,,,,,,,,,0,0,0,0,1,0,2,True
2021-06-12 01:07:19,196,Microsoft-Windows-Sysmon,{5770385f-c22a-43e0-bf4c-06f5698ffbd9},4,0x8000000000000000,Microsoft-Windows-Sysmon/Operational,WORKSTATION5,2021-06-11T09:07:19.071Z,2021-06-11T09:07:19.071Z,13,"Registry value set:
RuleName: -
EventType: SetValue
UtcTime: 2021-06-12 01:07:19.056
ProcessGuid: {e2c04bb9-a70e-60c3-0d61-390000000000}
ProcessId: 1320
Image: C:\Windows\Explorer.EXE
TargetObject: HKU\S-1-5-21-315269454-3320600716-4144796452-500\Software\Microsoft\Windows\CurrentVersion\Explorer\UserAssist\{CEBFF5CD-ACE2-4F4F-9178-9926F41749EA}\Count\HRZR_PGYFRFFVBA
Details: Binary Data",13,-,{e2c04bb9-a70e-60c3-0d61-390000000000},1320,C:\Windows\Explorer.EXE,,,,,,,,,,,,,,,,,,,,,,,,,,,,,,,,,,SetValue,HKU\S-1-5-21-315269454-3320600716-4144796452-500\Software\Microsoft\Windows\CurrentVersion\Explorer\UserAssist\{CEBFF5CD-ACE2-4F4F-9178-9926F41749EA}\Count\HRZR_PGYFRFFVBA,Binary Data,,,,,,,,,,,,,,,,,,,,,,,,,,,,,,,,,,,,,,,,,,,,,,,,,,,,,,,,,,,,,,,,,,,,,,,,,,,0,0,0,0,1,0,3,True
2021-06-12 01:07:19,192,Microsoft-Windows-Sysmon,{5770385f-c22a-43e0-bf4c-06f5698ffbd9},4,0x8000000000000000,Microsoft-Windows-Sysmon/Operational,WORKSTATION5,2021-06-11T09:07:19.070Z,2021-06-11T09:07:19.070Z,10,"Process accessed:
RuleName: -
UtcTime: 2021-06-12 01:07:19.056
SourceProcessGUID: {e2c04bb9-a70e-60c3-0d61-390000000000}
SourceProcessId: 1320
SourceThreadId: 7340
SourceImage: C:\Windows\Explorer.EXE
TargetProcessGUID: {e2c04bb9-08c6-60c4-681f-400100000000}
TargetProcessId: 4748
TargetImage: C:\TMP\CreateNamedPipe.exe
GrantedAccess: 0x1000
CallTrace: C:\Windows\SYSTEM32\ntdll.dll+9d364|C:\Windows\System32\KERNELBASE.dll+305ee|C:\Windows\System32\appresolver.dll+1f103|C:\Windows\System32\appresolver.dll+1ef27|C:\Windows\Explorer.EXE+2b487|C:\Windows\Explorer.EXE+2b384|C:\Windows\Explorer.EXE+70210|C:\Windows\System32\windows.storage.dll+1725a4|C:\Windows\System32\windows.storage.dll+1721e5|C:\Windows\System32\windows.storage.dll+1720c5|C:\Windows\System32\shcore.dll+31d96|C:\Windows\SYSTEM32\ntdll.dll+2f655|C:\Windows\SYSTEM32\ntdll.dll+345b4|C:\Windows\System32\KERNEL32.DLL+17c24|C:\Windows\SYSTEM32\ntdll.dll+6d721",10,-,,0,,,,,,,,,,,,,,,,,,,{e2c04bb9-a70e-60c3-0d61-390000000000},1320,7340.0,C:\Windows\Explorer.EXE,{e2c04bb9-08c6-60c4-681f-400100000000},4748,C:\TMP\CreateNamedPipe.exe,0x1000,C:\Windows\SYSTEM32\ntdll.dll+9d364|C:\Windows\System32\KERNELBASE.dll+305ee|C:\Windows\System32\appresolver.dll+1f103|C:\Windows\System32\appresolver.dll+1ef27|C:\Windows\Explorer.EXE+2b487|C:\Windows\Explorer.EXE+2b384|C:\Windows\Explorer.EXE+70210|C:\Windows\System32\windows.storage.dll+1725a4|C:\Windows\System32\windows.storage.dll+1721e5|C:\Windows\System32\windows.storage.dll+1720c5|C:\Windows\System32\shcore.dll+31d96|C:\Windows\SYSTEM32\ntdll.dll+2f655|C:\Windows\SYSTEM32\ntdll.dll+345b4|C:\Windows\System32\KERNEL32.DLL+17c24|C:\Windows\SYSTEM32\ntdll.dll+6d721,,,,,,,,,,,,,,,,,,,,,,,,,,,,,,,,,,,,,,,,,,,,,,,,,,,,,,,,,,,,,,,,,,,,,,,,,,,,,,,,,,,,,0,0,0,0,1,0,3,True
2021-06-12 01:07:19,194,Microsoft-Windows-Sysmon,{5770385f-c22a-43e0-bf4c-06f5698ffbd9},4,0x8000000000000000,Microsoft-Windows-Sysmon/Operational,WORKSTATION5,2021-06-11T09:07:19.071Z,2021-06-11T09:07:19.071Z,13,"Registry value set:
RuleName: -
EventType: SetValue
UtcTime: 2021-06-12 01:07:19.056
ProcessGuid: {e2c04bb9-a70e-60c3-0d61-390000000000}
ProcessId: 1320
Image: C:\Windows\Explorer.EXE
TargetObject: HKU\S-1-5-21-315269454-3320600716-4144796452-500\Software\Microsoft\Windows\CurrentVersion\Explorer\UserAssist\{CEBFF5CD-ACE2-4F4F-9178-9926F41749EA}\Count\{1NP14R77-02R7-4R5Q-O744-2RO1NR5198O7}\pzq.rkr
Details: Binary Data",13,-,{e2c04bb9-a70e-60c3-0d61-390000000000},1320,C:\Windows\Explorer.EXE,,,,,,,,,,,,,,,,,,,,,,,,,,,,,,,,,,SetValue,HKU\S-1-5-21-315269454-3320600716-4144796452-500\Software\Microsoft\Windows\CurrentVersion\Explorer\UserAssist\{CEBFF5CD-ACE2-4F4F-9178-9926F41749EA}\Count\{1NP14R77-02R7-4R5Q-O744-2RO1NR5198O7}\pzq.rkr,Binary Data,,,,,,,,,,,,,,,,,,,,,,,,,,,,,,,,,,,,,,,,,,,,,,,,,,,,,,,,,,,,,,,,,,,,,,,,,,,0,0,0,0,1,0,3,True
2021-06-12 01:07:19,193,Microsoft-Windows-Sysmon,{5770385f-c22a-43e0-bf4c-06f5698ffbd9},4,0x8000000000000000,Microsoft-Windows-Sysmon/Operational,WORKSTATION5,2021-06-11T09:07:19.070Z,2021-06-11T09:07:19.070Z,10,"Process accessed:
RuleName: -
UtcTime: 2021-06-12 01:07:19.056
SourceProcessGUID: {e2c04bb9-a70e-60c3-0d61-390000000000}
SourceProcessId: 1320
SourceThreadId: 7340
SourceImage: C:\Windows\Explorer.EXE
TargetProcessGUID: {e2c04bb9-08c6-60c4-681f-400100000000}
TargetProcessId: 4748
TargetImage: C:\TMP\CreateNamedPipe.exe
GrantedAccess: 0x1410
CallTrace: C:\Windows\SYSTEM32\ntdll.dll+9d364|C:\Windows\System32\KERNELBASE.dll+305ee|C:\Windows\System32\appresolver.dll+22138|C:\Windows\System32\appresolver.dll+1f1b6|C:\Windows\System32\appresolver.dll+1ef27|C:\Windows\Explorer.EXE+2b487|C:\Windows\Explorer.EXE+2b384|C:\Windows\Explorer.EXE+70210|C:\Windows\System32\windows.storage.dll+1725a4|C:\Windows\System32\windows.storage.dll+1721e5|C:\Windows\System32\windows.storage.dll+1720c5|C:\Windows\System32\shcore.dll+31d96|C:\Windows\SYSTEM32\ntdll.dll+2f655|C:\Windows\SYSTEM32\ntdll.dll+345b4|C:\Windows\System32\KERNEL32.DLL+17c24|C:\Windows\SYSTEM32\ntdll.dll+6d721",10,-,,0,,,,,,,,,,,,,,,,,,,{e2c04bb9-a70e-60c3-0d61-390000000000},1320,7340.0,C:\Windows\Explorer.EXE,{e2c04bb9-08c6-60c4-681f-400100000000},4748,C:\TMP\CreateNamedPipe.exe,0x1410,C:\Windows\SYSTEM32\ntdll.dll+9d364|C:\Windows\System32\KERNELBASE.dll+305ee|C:\Windows\System32\appresolver.dll+22138|C:\Windows\System32\appresolver.dll+1f1b6|C:\Windows\System32\appresolver.dll+1ef27|C:\Windows\Explorer.EXE+2b487|C:\Windows\Explorer.EXE+2b384|C:\Windows\Explorer.EXE+70210|C:\Windows\System32\windows.storage.dll+1725a4|C:\Windows\System32\windows.storage.dll+1721e5|C:\Windows\System32\windows.storage.dll+1720c5|C:\Windows\System32\shcore.dll+31d96|C:\Windows\SYSTEM32\ntdll.dll+2f655|C:\Windows\SYSTEM32\ntdll.dll+345b4|C:\Windows\System32\KERNEL32.DLL+17c24|C:\Windows\SYSTEM32\ntdll.dll+6d721,,,,,,,,,,,,,,,,,,,,,,,,,,,,,,,,,,,,,,,,,,,,,,,,,,,,,,,,,,,,,,,,,,,,,,,,,,,,,,,,,,,,,0,0,0,0,1,0,3,True
2021-06-12 01:07:19,191,Microsoft-Windows-Sysmon,{5770385f-c22a-43e0-bf4c-06f5698ffbd9},4,0x8000000000000000,Microsoft-Windows-Sysmon/Operational,WORKSTATION5,2021-06-11T09:07:19.070Z,2021-06-11T09:07:19.070Z,10,"Process accessed:
RuleName: -
UtcTime: 2021-06-12 01:07:19.056
SourceProcessGUID: {e2c04bb9-a70e-60c3-0d61-390000000000}
SourceProcessId: 1320
SourceThreadId: 7340
SourceImage: C:\Windows\Explorer.EXE
TargetProcessGUID: {e2c04bb9-08c6-60c4-681f-400100000000}
TargetProcessId: 4748
TargetImage: C:\TMP\CreateNamedPipe.exe
GrantedAccess: 0x1000
CallTrace: C:\Windows\SYSTEM32\ntdll.dll+9d364|C:\Windows\System32\KERNELBASE.dll+305ee|C:\Windows\System32\appresolver.dll+22415|C:\Windows\System32\appresolver.dll+1f03c|C:\Windows\System32\appresolver.dll+1ef27|C:\Windows\Explorer.EXE+2b487|C:\Windows\Explorer.EXE+2b384|C:\Windows\Explorer.EXE+70210|C:\Windows\System32\windows.storage.dll+1725a4|C:\Windows\System32\windows.storage.dll+1721e5|C:\Windows\System32\windows.storage.dll+1720c5|C:\Windows\System32\shcore.dll+31d96|C:\Windows\SYSTEM32\ntdll.dll+2f655|C:\Windows\SYSTEM32\ntdll.dll+345b4|C:\Windows\System32\KERNEL32.DLL+17c24|C:\Windows\SYSTEM32\ntdll.dll+6d721",10,-,,0,,,,,,,,,,,,,,,,,,,{e2c04bb9-a70e-60c3-0d61-390000000000},1320,7340.0,C:\Windows\Explorer.EXE,{e2c04bb9-08c6-60c4-681f-400100000000},4748,C:\TMP\CreateNamedPipe.exe,0x1000,C:\Windows\SYSTEM32\ntdll.dll+9d364|C:\Windows\System32\KERNELBASE.dll+305ee|C:\Windows\System32\appresolver.dll+22415|C:\Windows\System32\appresolver.dll+1f03c|C:\Windows\System32\appresolver.dll+1ef27|C:\Windows\Explorer.EXE+2b487|C:\Windows\Explorer.EXE+2b384|C:\Windows\Explorer.EXE+70210|C:\Windows\System32\windows.storage.dll+1725a4|C:\Windows\System32\windows.storage.dll+1721e5|C:\Windows\System32\windows.storage.dll+1720c5|C:\Windows\System32\shcore.dll+31d96|C:\Windows\SYSTEM32\ntdll.dll+2f655|C:\Windows\SYSTEM32\ntdll.dll+345b4|C:\Windows\System32\KERNEL32.DLL+17c24|C:\Windows\SYSTEM32\ntdll.dll+6d721,,,,,,,,,,,,,,,,,,,,,,,,,,,,,,,,,,,,,,,,,,,,,,,,,,,,,,,,,,,,,,,,,,,,,,,,,,,,,,,,,,,,,0,0,0,0,1,0,2,True
2021-06-12 01:07:19,190,Microsoft-Windows-Sysmon,{5770385f-c22a-43e0-bf4c-06f5698ffbd9},4,0x8000000000000000,Microsoft-Windows-Sysmon/Operational,WORKSTATION5,2021-06-11T09:07:19.070Z,2021-06-11T09:07:19.070Z,10,"Process accessed:
RuleName: -
UtcTime: 2021-06-12 01:07:19.056
SourceProcessGUID: {e2c04bb9-a70e-60c3-0d61-390000000000}
SourceProcessId: 1320
SourceThreadId: 1736
SourceImage: C:\Windows\Explorer.EXE
TargetProcessGUID: {e2c04bb9-08c6-60c4-681f-400100000000}
TargetProcessId: 4748
TargetImage: C:\TMP\CreateNamedPipe.exe
GrantedAccess: 0x1410
CallTrace: C:\Windows\SYSTEM32\ntdll.dll+9d364|C:\Windows\System32\KERNELBASE.dll+305ee|C:\Windows\System32\appresolver.dll+22138|C:\Windows\System32\appresolver.dll+1f1b6|C:\Windows\System32\appresolver.dll+1ef27|C:\Windows\Explorer.EXE+4602c|C:\Windows\Explorer.EXE+45e5b|C:\Windows\Explorer.EXE+45d79|C:\Windows\Explorer.EXE+70210|C:\Windows\System32\windows.storage.dll+1725a4|C:\Windows\System32\windows.storage.dll+1721e5|C:\Windows\System32\windows.storage.dll+1720c5|C:\Windows\System32\shcore.dll+31d96|C:\Windows\SYSTEM32\ntdll.dll+2f655|C:\Windows\SYSTEM32\ntdll.dll+345b4|C:\Windows\System32\KERNEL32.DLL+17c24|C:\Windows\SYSTEM32\ntdll.dll+6d721",10,-,,0,,,,,,,,,,,,,,,,,,,{e2c04bb9-a70e-60c3-0d61-390000000000},1320,1736.0,C:\Windows\Explorer.EXE,{e2c04bb9-08c6-60c4-681f-400100000000},4748,C:\TMP\CreateNamedPipe.exe,0x1410,C:\Windows\SYSTEM32\ntdll.dll+9d364|C:\Windows\System32\KERNELBASE.dll+305ee|C:\Windows\System32\appresolver.dll+22138|C:\Windows\System32\appresolver.dll+1f1b6|C:\Windows\System32\appresolver.dll+1ef27|C:\Windows\Explorer.EXE+4602c|C:\Windows\Explorer.EXE+45e5b|C:\Windows\Explorer.EXE+45d79|C:\Windows\Explorer.EXE+70210|C:\Windows\System32\windows.storage.dll+1725a4|C:\Windows\System32\windows.storage.dll+1721e5|C:\Windows\System32\windows.storage.dll+1720c5|C:\Windows\System32\shcore.dll+31d96|C:\Windows\SYSTEM32\ntdll.dll+2f655|C:\Windows\SYSTEM32\ntdll.dll+345b4|C:\Windows\System32\KERNEL32.DLL+17c24|C:\Windows\SYSTEM32\ntdll.dll+6d721,,,,,,,,,,,,,,,,,,,,,,,,,,,,,,,,,,,,,,,,,,,,,,,,,,,,,,,,,,,,,,,,,,,,,,,,,,,,,,,,,,,,,0,0,0,0,1,0,2,True
2021-06-12 01:07:19,189,Microsoft-Windows-Sysmon,{5770385f-c22a-43e0-bf4c-06f5698ffbd9},4,0x8000000000000000,Microsoft-Windows-Sysmon/Operational,WORKSTATION5,2021-06-11T09:07:19.070Z,2021-06-11T09:07:19.070Z,10,"Process accessed:
RuleName: -
UtcTime: 2021-06-12 01:07:19.056
SourceProcessGUID: {e2c04bb9-a70e-60c3-0d61-390000000000}
SourceProcessId: 1320
SourceThreadId: 1736
SourceImage: C:\Windows\Explorer.EXE
TargetProcessGUID: {e2c04bb9-08c6-60c4-681f-400100000000}
TargetProcessId: 4748
TargetImage: C:\TMP\CreateNamedPipe.exe
GrantedAccess: 0x1000
CallTrace: C:\Windows\SYSTEM32\ntdll.dll+9d364|C:\Windows\System32\KERNELBASE.dll+305ee|C:\Windows\System32\appresolver.dll+1f103|C:\Windows\System32\appresolver.dll+1ef27|C:\Windows\Explorer.EXE+4602c|C:\Windows\Explorer.EXE+45e5b|C:\Windows\Explorer.EXE+45d79|C:\Windows\Explorer.EXE+70210|C:\Windows\System32\windows.storage.dll+1725a4|C:\Windows\System32\windows.storage.dll+1721e5|C:\Windows\System32\windows.storage.dll+1720c5|C:\Windows\System32\shcore.dll+31d96|C:\Windows\SYSTEM32\ntdll.dll+2f655|C:\Windows\SYSTEM32\ntdll.dll+345b4|C:\Windows\System32\KERNEL32.DLL+17c24|C:\Windows\SYSTEM32\ntdll.dll+6d721",10,-,,0,,,,,,,,,,,,,,,,,,,{e2c04bb9-a70e-60c3-0d61-390000000000},1320,1736.0,C:\Windows\Explorer.EXE,{e2c04bb9-08c6-60c4-681f-400100000000},4748,C:\TMP\CreateNamedPipe.exe,0x1000,C:\Windows\SYSTEM32\ntdll.dll+9d364|C:\Windows\System32\KERNELBASE.dll+305ee|C:\Windows\System32\appresolver.dll+1f103|C:\Windows\System32\appresolver.dll+1ef27|C:\Windows\Explorer.EXE+4602c|C:\Windows\Explorer.EXE+45e5b|C:\Windows\Explorer.EXE+45d79|C:\Windows\Explorer.EXE+70210|C:\Windows\System32\windows.storage.dll+1725a4|C:\Windows\System32\windows.storage.dll+1721e5|C:\Windows\System32\windows.storage.dll+1720c5|C:\Windows\System32\shcore.dll+31d96|C:\Windows\SYSTEM32\ntdll.dll+2f655|C:\Windows\SYSTEM32\ntdll.dll+345b4|C:\Windows\System32\KERNEL32.DLL+17c24|C:\Windows\SYSTEM32\ntdll.dll+6d721,,,,,,,,,,,,,,,,,,,,,,,,,,,,,,,,,,,,,,,,,,,,,,,,,,,,,,,,,,,,,,,,,,,,,,,,,,,,,,,,,,,,,0,0,0,0,1,0,2,True
