2021-06-12 01:07:28,690,Microsoft-Windows-Sysmon,{5770385f-c22a-43e0-bf4c-06f5698ffbd9},4,0x8000000000000000,Microsoft-Windows-Sysmon/Operational,WORKSTATION5,2021-06-11T09:07:28.185Z,2021-06-11T09:07:28.185Z,10,"Process accessed:
RuleName: -
UtcTime: 2021-06-12 01:07:28.181
SourceProcessGUID: {e2c04bb9-a3f6-60c3-8600-000000000300}
SourceProcessId: 4752
SourceThreadId: 6660
SourceImage: C:\Windows\system32\wbem\wmiprvse.exe
TargetProcessGUID: {e2c04bb9-a346-60c3-1000-000000000300}
TargetProcessId: 896
TargetImage: C:\Windows\system32\fontdrvhost.exe
GrantedAccess: 0x1410
CallTrace: C:\Windows\SYSTEM32\ntdll.dll+9d364|C:\Windows\System32\KERNELBASE.dll+305ee|C:\Windows\system32\wbem\cimwin32.dll+f46e|C:\Windows\system32\wbem\cimwin32.dll+faf5|C:\Windows\SYSTEM32\framedynos.dll+5722|C:\Windows\SYSTEM32\framedynos.dll+6ead|C:\Windows\system32\wbem\wmiprvse.exe+8ad1|C:\Windows\system32\wbem\wmiprvse.exe+8753|C:\Windows\System32\RPCRT4.dll+78553|C:\Windows\System32\RPCRT4.dll+12779|C:\Windows\System32\combase.dll+a8c82|C:\Windows\System32\RPCRT4.dll+5f1db|C:\Windows\System32\combase.dll+2b363|C:\Windows\System32\combase.dll+2b153|C:\Windows\System32\combase.dll+ab606|C:\Windows\System32\combase.dll+2f1aa|C:\Windows\System32\combase.dll+a772d|C:\Windows\System32\combase.dll+423fc|C:\Windows\System32\combase.dll+42e10|C:\Windows\System32\combase.dll+44448|C:\Windows\System32\RPCRT4.dll+598c8|C:\Windows\System32\RPCRT4.dll+48041|C:\Windows\System32\RPCRT4.dll+47b90|C:\Windows\System32\RPCRT4.dll+1c9bf",10,-,,0,,,,,,,,,,,,,,,,,,,{e2c04bb9-a3f6-60c3-8600-000000000300},4752,6660.0,C:\Windows\system32\wbem\wmiprvse.exe,{e2c04bb9-a346-60c3-1000-000000000300},896,C:\Windows\system32\fontdrvhost.exe,0x1410,C:\Windows\SYSTEM32\ntdll.dll+9d364|C:\Windows\System32\KERNELBASE.dll+305ee|C:\Windows\system32\wbem\cimwin32.dll+f46e|C:\Windows\system32\wbem\cimwin32.dll+faf5|C:\Windows\SYSTEM32\framedynos.dll+5722|C:\Windows\SYSTEM32\framedynos.dll+6ead|C:\Windows\system32\wbem\wmiprvse.exe+8ad1|C:\Windows\system32\wbem\wmiprvse.exe+8753|C:\Windows\System32\RPCRT4.dll+78553|C:\Windows\System32\RPCRT4.dll+12779|C:\Windows\System32\combase.dll+a8c82|C:\Windows\System32\RPCRT4.dll+5f1db|C:\Windows\System32\combase.dll+2b363|C:\Windows\System32\combase.dll+2b153|C:\Windows\System32\combase.dll+ab606|C:\Windows\System32\combase.dll+2f1aa|C:\Windows\System32\combase.dll+a772d|C:\Windows\System32\combase.dll+423fc|C:\Windows\System32\combase.dll+42e10|C:\Windows\System32\combase.dll+44448|C:\Windows\System32\RPCRT4.dll+598c8|C:\Windows\System32\RPCRT4.dll+48041|C:\Windows\System32\RPCRT4.dll+47b90|C:\Windows\System32\RPCRT4.dll+1c9bf,,,,,,,,,,,,,,,,,,,,,,,,,,,,,,,,,,,,,,,,,,,,,,,,,,,,,,,,,,,,,,,,,,,,,,,,,,,,,,,,,,,,,0,0,0,0,0,0,1,True
2021-06-12 01:07:28,689,Microsoft-Windows-Sysmon,{5770385f-c22a-43e0-bf4c-06f5698ffbd9},4,0x8000000000000000,Microsoft-Windows-Sysmon/Operational,WORKSTATION5,2021-06-11T09:07:28.185Z,2021-06-11T09:07:28.185Z,10,"Process accessed:
RuleName: MsMpEng
UtcTime: 2021-06-12 01:07:28.181
SourceProcessGUID: {e2c04bb9-a3f6-60c3-8600-000000000300}
SourceProcessId: 4752
SourceThreadId: 6660
SourceImage: C:\Windows\system32\wbem\wmiprvse.exe
TargetProcessGUID: {e2c04bb9-a346-60c3-0f00-000000000300}
TargetProcessId: 876
TargetImage: C:\Windows\system32\svchost.exe
GrantedAccess: 0x1410
CallTrace: C:\Windows\SYSTEM32\ntdll.dll+9d364|C:\Windows\System32\KERNELBASE.dll+305ee|C:\Windows\system32\wbem\cimwin32.dll+f46e|C:\Windows\system32\wbem\cimwin32.dll+faf5|C:\Windows\SYSTEM32\framedynos.dll+5722|C:\Windows\SYSTEM32\framedynos.dll+6ead|C:\Windows\system32\wbem\wmiprvse.exe+8ad1|C:\Windows\system32\wbem\wmiprvse.exe+8753|C:\Windows\System32\RPCRT4.dll+78553|C:\Windows\System32\RPCRT4.dll+12779|C:\Windows\System32\combase.dll+a8c82|C:\Windows\System32\RPCRT4.dll+5f1db|C:\Windows\System32\combase.dll+2b363|C:\Windows\System32\combase.dll+2b153|C:\Windows\System32\combase.dll+ab606|C:\Windows\System32\combase.dll+2f1aa|C:\Windows\System32\combase.dll+a772d|C:\Windows\System32\combase.dll+423fc|C:\Windows\System32\combase.dll+42e10|C:\Windows\System32\combase.dll+44448|C:\Windows\System32\RPCRT4.dll+598c8|C:\Windows\System32\RPCRT4.dll+48041|C:\Windows\System32\RPCRT4.dll+47b90|C:\Windows\System32\RPCRT4.dll+1c9bf",10,MsMpEng,,0,,,,,,,,,,,,,,,,,,,{e2c04bb9-a3f6-60c3-8600-000000000300},4752,6660.0,C:\Windows\system32\wbem\wmiprvse.exe,{e2c04bb9-a346-60c3-0f00-000000000300},876,C:\Windows\system32\svchost.exe,0x1410,C:\Windows\SYSTEM32\ntdll.dll+9d364|C:\Windows\System32\KERNELBASE.dll+305ee|C:\Windows\system32\wbem\cimwin32.dll+f46e|C:\Windows\system32\wbem\cimwin32.dll+faf5|C:\Windows\SYSTEM32\framedynos.dll+5722|C:\Windows\SYSTEM32\framedynos.dll+6ead|C:\Windows\system32\wbem\wmiprvse.exe+8ad1|C:\Windows\system32\wbem\wmiprvse.exe+8753|C:\Windows\System32\RPCRT4.dll+78553|C:\Windows\System32\RPCRT4.dll+12779|C:\Windows\System32\combase.dll+a8c82|C:\Windows\System32\RPCRT4.dll+5f1db|C:\Windows\System32\combase.dll+2b363|C:\Windows\System32\combase.dll+2b153|C:\Windows\System32\combase.dll+ab606|C:\Windows\System32\combase.dll+2f1aa|C:\Windows\System32\combase.dll+a772d|C:\Windows\System32\combase.dll+423fc|C:\Windows\System32\combase.dll+42e10|C:\Windows\System32\combase.dll+44448|C:\Windows\System32\RPCRT4.dll+598c8|C:\Windows\System32\RPCRT4.dll+48041|C:\Windows\System32\RPCRT4.dll+47b90|C:\Windows\System32\RPCRT4.dll+1c9bf,,,,,,,,,,,,,,,,,,,,,,,,,,,,,,,,,,,,,,,,,,,,,,,,,,,,,,,,,,,,,,,,,,,,,,,,,,,,,,,,,,,,,0,0,0,0,0,0,1,True
2021-06-12 01:07:28,688,Microsoft-Windows-Sysmon,{5770385f-c22a-43e0-bf4c-06f5698ffbd9},4,0x8000000000000000,Microsoft-Windows-Sysmon/Operational,WORKSTATION5,2021-06-11T09:07:28.184Z,2021-06-11T09:07:28.184Z,10,"Process accessed:
RuleName: MsMpEng
UtcTime: 2021-06-12 01:07:28.181
SourceProcessGUID: {e2c04bb9-a3f6-60c3-8600-000000000300}
SourceProcessId: 4752
SourceThreadId: 6660
SourceImage: C:\Windows\system32\wbem\wmiprvse.exe
TargetProcessGUID: {e2c04bb9-a346-60c3-0e00-000000000300}
TargetProcessId: 856
TargetImage: C:\Windows\system32\svchost.exe
GrantedAccess: 0x1410
CallTrace: C:\Windows\SYSTEM32\ntdll.dll+9d364|C:\Windows\System32\KERNELBASE.dll+305ee|C:\Windows\system32\wbem\cimwin32.dll+f46e|C:\Windows\system32\wbem\cimwin32.dll+faf5|C:\Windows\SYSTEM32\framedynos.dll+5722|C:\Windows\SYSTEM32\framedynos.dll+6ead|C:\Windows\system32\wbem\wmiprvse.exe+8ad1|C:\Windows\system32\wbem\wmiprvse.exe+8753|C:\Windows\System32\RPCRT4.dll+78553|C:\Windows\System32\RPCRT4.dll+12779|C:\Windows\System32\combase.dll+a8c82|C:\Windows\System32\RPCRT4.dll+5f1db|C:\Windows\System32\combase.dll+2b363|C:\Windows\System32\combase.dll+2b153|C:\Windows\System32\combase.dll+ab606|C:\Windows\System32\combase.dll+2f1aa|C:\Windows\System32\combase.dll+a772d|C:\Windows\System32\combase.dll+423fc|C:\Windows\System32\combase.dll+42e10|C:\Windows\System32\combase.dll+44448|C:\Windows\System32\RPCRT4.dll+598c8|C:\Windows\System32\RPCRT4.dll+48041|C:\Windows\System32\RPCRT4.dll+47b90|C:\Windows\System32\RPCRT4.dll+1c9bf",10,MsMpEng,,0,,,,,,,,,,,,,,,,,,,{e2c04bb9-a3f6-60c3-8600-000000000300},4752,6660.0,C:\Windows\system32\wbem\wmiprvse.exe,{e2c04bb9-a346-60c3-0e00-000000000300},856,C:\Windows\system32\svchost.exe,0x1410,C:\Windows\SYSTEM32\ntdll.dll+9d364|C:\Windows\System32\KERNELBASE.dll+305ee|C:\Windows\system32\wbem\cimwin32.dll+f46e|C:\Windows\system32\wbem\cimwin32.dll+faf5|C:\Windows\SYSTEM32\framedynos.dll+5722|C:\Windows\SYSTEM32\framedynos.dll+6ead|C:\Windows\system32\wbem\wmiprvse.exe+8ad1|C:\Windows\system32\wbem\wmiprvse.exe+8753|C:\Windows\System32\RPCRT4.dll+78553|C:\Windows\System32\RPCRT4.dll+12779|C:\Windows\System32\combase.dll+a8c82|C:\Windows\System32\RPCRT4.dll+5f1db|C:\Windows\System32\combase.dll+2b363|C:\Windows\System32\combase.dll+2b153|C:\Windows\System32\combase.dll+ab606|C:\Windows\System32\combase.dll+2f1aa|C:\Windows\System32\combase.dll+a772d|C:\Windows\System32\combase.dll+423fc|C:\Windows\System32\combase.dll+42e10|C:\Windows\System32\combase.dll+44448|C:\Windows\System32\RPCRT4.dll+598c8|C:\Windows\System32\RPCRT4.dll+48041|C:\Windows\System32\RPCRT4.dll+47b90|C:\Windows\System32\RPCRT4.dll+1c9bf,,,,,,,,,,,,,,,,,,,,,,,,,,,,,,,,,,,,,,,,,,,,,,,,,,,,,,,,,,,,,,,,,,,,,,,,,,,,,,,,,,,,,0,0,0,0,0,0,1,True
2021-06-12 01:07:28,687,Microsoft-Windows-Sysmon,{5770385f-c22a-43e0-bf4c-06f5698ffbd9},4,0x8000000000000000,Microsoft-Windows-Sysmon/Operational,WORKSTATION5,2021-06-11T09:07:28.184Z,2021-06-11T09:07:28.184Z,10,"Process accessed:
RuleName: -
UtcTime: 2021-06-12 01:07:28.181
SourceProcessGUID: {e2c04bb9-a3f6-60c3-8600-000000000300}
SourceProcessId: 4752
SourceThreadId: 6660
SourceImage: C:\Windows\system32\wbem\wmiprvse.exe
TargetProcessGUID: {e2c04bb9-a342-60c3-0d00-000000000300}
TargetProcessId: 752
TargetImage: C:\Windows\system32\lsass.exe
GrantedAccess: 0x1410
CallTrace: C:\Windows\SYSTEM32\ntdll.dll+9d364|C:\Windows\System32\KERNELBASE.dll+305ee|C:\Windows\system32\wbem\cimwin32.dll+f46e|C:\Windows\system32\wbem\cimwin32.dll+faf5|C:\Windows\SYSTEM32\framedynos.dll+5722|C:\Windows\SYSTEM32\framedynos.dll+6ead|C:\Windows\system32\wbem\wmiprvse.exe+8ad1|C:\Windows\system32\wbem\wmiprvse.exe+8753|C:\Windows\System32\RPCRT4.dll+78553|C:\Windows\System32\RPCRT4.dll+12779|C:\Windows\System32\combase.dll+a8c82|C:\Windows\System32\RPCRT4.dll+5f1db|C:\Windows\System32\combase.dll+2b363|C:\Windows\System32\combase.dll+2b153|C:\Windows\System32\combase.dll+ab606|C:\Windows\System32\combase.dll+2f1aa|C:\Windows\System32\combase.dll+a772d|C:\Windows\System32\combase.dll+423fc|C:\Windows\System32\combase.dll+42e10|C:\Windows\System32\combase.dll+44448|C:\Windows\System32\RPCRT4.dll+598c8|C:\Windows\System32\RPCRT4.dll+48041|C:\Windows\System32\RPCRT4.dll+47b90|C:\Windows\System32\RPCRT4.dll+1c9bf",10,-,,0,,,,,,,,,,,,,,,,,,,{e2c04bb9-a3f6-60c3-8600-000000000300},4752,6660.0,C:\Windows\system32\wbem\wmiprvse.exe,{e2c04bb9-a342-60c3-0d00-000000000300},752,C:\Windows\system32\lsass.exe,0x1410,C:\Windows\SYSTEM32\ntdll.dll+9d364|C:\Windows\System32\KERNELBASE.dll+305ee|C:\Windows\system32\wbem\cimwin32.dll+f46e|C:\Windows\system32\wbem\cimwin32.dll+faf5|C:\Windows\SYSTEM32\framedynos.dll+5722|C:\Windows\SYSTEM32\framedynos.dll+6ead|C:\Windows\system32\wbem\wmiprvse.exe+8ad1|C:\Windows\system32\wbem\wmiprvse.exe+8753|C:\Windows\System32\RPCRT4.dll+78553|C:\Windows\System32\RPCRT4.dll+12779|C:\Windows\System32\combase.dll+a8c82|C:\Windows\System32\RPCRT4.dll+5f1db|C:\Windows\System32\combase.dll+2b363|C:\Windows\System32\combase.dll+2b153|C:\Windows\System32\combase.dll+ab606|C:\Windows\System32\combase.dll+2f1aa|C:\Windows\System32\combase.dll+a772d|C:\Windows\System32\combase.dll+423fc|C:\Windows\System32\combase.dll+42e10|C:\Windows\System32\combase.dll+44448|C:\Windows\System32\RPCRT4.dll+598c8|C:\Windows\System32\RPCRT4.dll+48041|C:\Windows\System32\RPCRT4.dll+47b90|C:\Windows\System32\RPCRT4.dll+1c9bf,,,,,,,,,,,,,,,,,,,,,,,,,,,,,,,,,,,,,,,,,,,,,,,,,,,,,,,,,,,,,,,,,,,,,,,,,,,,,,,,,,,,,0,0,0,0,0,0,1,True
2021-06-12 01:07:28,686,Microsoft-Windows-Sysmon,{5770385f-c22a-43e0-bf4c-06f5698ffbd9},4,0x8000000000000000,Microsoft-Windows-Sysmon/Operational,WORKSTATION5,2021-06-11T09:07:28.183Z,2021-06-11T09:07:28.183Z,10,"Process accessed:
RuleName: -
UtcTime: 2021-06-12 01:07:28.181
SourceProcessGUID: {e2c04bb9-a3f6-60c3-8600-000000000300}
SourceProcessId: 4752
SourceThreadId: 6660
SourceImage: C:\Windows\system32\wbem\wmiprvse.exe
TargetProcessGUID: {e2c04bb9-a341-60c3-0b00-000000000300}
TargetProcessId: 648
TargetImage: C:\Windows\system32\winlogon.exe
GrantedAccess: 0x1410
CallTrace: C:\Windows\SYSTEM32\ntdll.dll+9d364|C:\Windows\System32\KERNELBASE.dll+305ee|C:\Windows\system32\wbem\cimwin32.dll+f46e|C:\Windows\system32\wbem\cimwin32.dll+faf5|C:\Windows\SYSTEM32\framedynos.dll+5722|C:\Windows\SYSTEM32\framedynos.dll+6ead|C:\Windows\system32\wbem\wmiprvse.exe+8ad1|C:\Windows\system32\wbem\wmiprvse.exe+8753|C:\Windows\System32\RPCRT4.dll+78553|C:\Windows\System32\RPCRT4.dll+12779|C:\Windows\System32\combase.dll+a8c82|C:\Windows\System32\RPCRT4.dll+5f1db|C:\Windows\System32\combase.dll+2b363|C:\Windows\System32\combase.dll+2b153|C:\Windows\System32\combase.dll+ab606|C:\Windows\System32\combase.dll+2f1aa|C:\Windows\System32\combase.dll+a772d|C:\Windows\System32\combase.dll+423fc|C:\Windows\System32\combase.dll+42e10|C:\Windows\System32\combase.dll+44448|C:\Windows\System32\RPCRT4.dll+598c8|C:\Windows\System32\RPCRT4.dll+48041|C:\Windows\System32\RPCRT4.dll+47b90|C:\Windows\System32\RPCRT4.dll+1c9bf",10,-,,0,,,,,,,,,,,,,,,,,,,{e2c04bb9-a3f6-60c3-8600-000000000300},4752,6660.0,C:\Windows\system32\wbem\wmiprvse.exe,{e2c04bb9-a341-60c3-0b00-000000000300},648,C:\Windows\system32\winlogon.exe,0x1410,C:\Windows\SYSTEM32\ntdll.dll+9d364|C:\Windows\System32\KERNELBASE.dll+305ee|C:\Windows\system32\wbem\cimwin32.dll+f46e|C:\Windows\system32\wbem\cimwin32.dll+faf5|C:\Windows\SYSTEM32\framedynos.dll+5722|C:\Windows\SYSTEM32\framedynos.dll+6ead|C:\Windows\system32\wbem\wmiprvse.exe+8ad1|C:\Windows\system32\wbem\wmiprvse.exe+8753|C:\Windows\System32\RPCRT4.dll+78553|C:\Windows\System32\RPCRT4.dll+12779|C:\Windows\System32\combase.dll+a8c82|C:\Windows\System32\RPCRT4.dll+5f1db|C:\Windows\System32\combase.dll+2b363|C:\Windows\System32\combase.dll+2b153|C:\Windows\System32\combase.dll+ab606|C:\Windows\System32\combase.dll+2f1aa|C:\Windows\System32\combase.dll+a772d|C:\Windows\System32\combase.dll+423fc|C:\Windows\System32\combase.dll+42e10|C:\Windows\System32\combase.dll+44448|C:\Windows\System32\RPCRT4.dll+598c8|C:\Windows\System32\RPCRT4.dll+48041|C:\Windows\System32\RPCRT4.dll+47b90|C:\Windows\System32\RPCRT4.dll+1c9bf,,,,,,,,,,,,,,,,,,,,,,,,,,,,,,,,,,,,,,,,,,,,,,,,,,,,,,,,,,,,,,,,,,,,,,,,,,,,,,,,,,,,,0,0,0,0,0,0,1,True
2021-06-12 01:07:28,685,Microsoft-Windows-Sysmon,{5770385f-c22a-43e0-bf4c-06f5698ffbd9},4,0x8000000000000000,Microsoft-Windows-Sysmon/Operational,WORKSTATION5,2021-06-11T09:07:28.173Z,2021-06-11T09:07:28.173Z,7,"Image loaded:
RuleName: -
UtcTime: 2021-06-12 01:07:28.166
ProcessGuid: {e2c04bb9-08d0-60c4-8209-000000000300}
ProcessId: 3096
Image: C:\Windows\System32\taskkill.exe
ImageLoaded: C:\Windows\System32\ole32.dll
FileVersion: 10.0.18362.1316 (WinBuild.160101.0800)
Description: Microsoft OLE for Windows
Product: Microsoft® Windows® Operating System
Company: Microsoft Corporation
OriginalFileName: OLE32.DLL
Hashes: SHA1=EF7022BDFCDA2D2AF9D1D44EC5E5C99863DFDDE1,MD5=D01F57B9362D39B7888B0343751214EF,SHA256=83D03F7762ECE16F07950BF4E2E2F072AC47D43F065CEA194AE83ED35529FE76,IMPHASH=C908A257ACFAF3BDE15426EE5244D1EB
Signed: true
Signature: Microsoft Windows
SignatureStatus: Valid",7,-,{e2c04bb9-08d0-60c4-8209-000000000300},3096,C:\Windows\System32\taskkill.exe,10.0.18362.1316 (WinBuild.160101.0800),Microsoft OLE for Windows,Microsoft® Windows® Operating System,Microsoft Corporation,OLE32.DLL,,,,,,,,"SHA1=EF7022BDFCDA2D2AF9D1D44EC5E5C99863DFDDE1,MD5=D01F57B9362D39B7888B0343751214EF,SHA256=83D03F7762ECE16F07950BF4E2E2F072AC47D43F065CEA194AE83ED35529FE76,IMPHASH=C908A257ACFAF3BDE15426EE5244D1EB",,,,,,,,,,,,,,C:\Windows\System32\ole32.dll,True,Microsoft Windows,Valid,,,,,,,,,,,,,,,,,,,,,,,,,,,,,,,,,,,,,,,,,,,,,,,,,,,,,,,,,,,,,,,,,,,,,,,,,,,,,,,,,0,0,0,0,0,0,2,True
2021-06-12 01:07:28,684,Microsoft-Windows-Sysmon,{5770385f-c22a-43e0-bf4c-06f5698ffbd9},4,0x8000000000000000,Microsoft-Windows-Sysmon/Operational,WORKSTATION5,2021-06-11T09:07:28.173Z,2021-06-11T09:07:28.173Z,7,"Image loaded:
RuleName: -
UtcTime: 2021-06-12 01:07:28.166
ProcessGuid: {e2c04bb9-08d0-60c4-8209-000000000300}
ProcessId: 3096
Image: C:\Windows\System32\taskkill.exe
ImageLoaded: C:\ProgramData\Microsoft\Windows Defender\Platform\4.18.2105.4-0\MpOAV.dll
FileVersion: 4.18.2105.4 (WinBuild.160101.0800)
Description: IOfficeAntiVirus Module
Product: Microsoft® Windows® Operating System
Company: Microsoft Corporation
OriginalFileName: MpOAV.dll
Hashes: SHA1=AEE532BD93C8FBCE4CF0368E35136CEC2C7DADE9,MD5=A028AB223EDD58A413B7E2008C152298,SHA256=94C91772847611F26AF1814D2BDF3322129C9BB6D430077FF7C8982528A49585,IMPHASH=5E99D9338A66701E0FB8F1477DDE6EA9
Signed: true
Signature: Microsoft Windows
SignatureStatus: Valid",7,-,{e2c04bb9-08d0-60c4-8209-000000000300},3096,C:\Windows\System32\taskkill.exe,4.18.2105.4 (WinBuild.160101.0800),IOfficeAntiVirus Module,Microsoft® Windows® Operating System,Microsoft Corporation,MpOAV.dll,,,,,,,,"SHA1=AEE532BD93C8FBCE4CF0368E35136CEC2C7DADE9,MD5=A028AB223EDD58A413B7E2008C152298,SHA256=94C91772847611F26AF1814D2BDF3322129C9BB6D430077FF7C8982528A49585,IMPHASH=5E99D9338A66701E0FB8F1477DDE6EA9",,,,,,,,,,,,,,C:\ProgramData\Microsoft\Windows Defender\Platform\4.18.2105.4-0\MpOAV.dll,True,Microsoft Windows,Valid,,,,,,,,,,,,,,,,,,,,,,,,,,,,,,,,,,,,,,,,,,,,,,,,,,,,,,,,,,,,,,,,,,,,,,,,,,,,,,,,,0,0,0,0,0,0,2,True
2021-06-12 01:07:28,683,Microsoft-Windows-Sysmon,{5770385f-c22a-43e0-bf4c-06f5698ffbd9},4,0x8000000000000000,Microsoft-Windows-Sysmon/Operational,WORKSTATION5,2021-06-11T09:07:28.170Z,2021-06-11T09:07:28.170Z,7,"Image loaded:
RuleName: -
UtcTime: 2021-06-12 01:07:28.166
ProcessGuid: {e2c04bb9-08d0-60c4-8209-000000000300}
ProcessId: 3096
Image: C:\Windows\System32\taskkill.exe
ImageLoaded: C:\Windows\System32\profapi.dll
FileVersion: 10.0.18362.1411 (WinBuild.160101.0800)
Description: User Profile Basic API
Product: Microsoft® Windows® Operating System
Company: Microsoft Corporation
OriginalFileName: PROFAPI.DLL
Hashes: SHA1=B8F5271B749C06BBA4E6E01E547E9ABD453F3B03,MD5=8DE050366D7071EEE1210B1717584B48,SHA256=D6AF57BF729E9CB0450B5B9E862C112835A5017E963C01AD4998C340BD8B5F65,IMPHASH=061E14983AD61EA4800E1C1C74BA94AA
Signed: true
Signature: Microsoft Windows
SignatureStatus: Valid",7,-,{e2c04bb9-08d0-60c4-8209-000000000300},3096,C:\Windows\System32\taskkill.exe,10.0.18362.1411 (WinBuild.160101.0800),User Profile Basic API,Microsoft® Windows® Operating System,Microsoft Corporation,PROFAPI.DLL,,,,,,,,"SHA1=B8F5271B749C06BBA4E6E01E547E9ABD453F3B03,MD5=8DE050366D7071EEE1210B1717584B48,SHA256=D6AF57BF729E9CB0450B5B9E862C112835A5017E963C01AD4998C340BD8B5F65,IMPHASH=061E14983AD61EA4800E1C1C74BA94AA",,,,,,,,,,,,,,C:\Windows\System32\profapi.dll,True,Microsoft Windows,Valid,,,,,,,,,,,,,,,,,,,,,,,,,,,,,,,,,,,,,,,,,,,,,,,,,,,,,,,,,,,,,,,,,,,,,,,,,,,,,,,,,0,0,0,0,0,0,2,True
2021-06-12 01:07:28,682,Microsoft-Windows-Sysmon,{5770385f-c22a-43e0-bf4c-06f5698ffbd9},4,0x8000000000000000,Microsoft-Windows-Sysmon/Operational,WORKSTATION5,2021-06-11T09:07:28.170Z,2021-06-11T09:07:28.170Z,7,"Image loaded:
RuleName: -
UtcTime: 2021-06-12 01:07:28.166
ProcessGuid: {e2c04bb9-08d0-60c4-8209-000000000300}
ProcessId: 3096
Image: C:\Windows\System32\taskkill.exe
ImageLoaded: C:\Windows\System32\userenv.dll
FileVersion: 10.0.18362.1139 (WinBuild.160101.0800)
Description: Userenv
Product: Microsoft® Windows® Operating System
Company: Microsoft Corporation
OriginalFileName: userenv.dll
Hashes: SHA1=6767284D50E4B23357C234D4CCF9FD05D821CD78,MD5=6DC9184E8E2827C756E74F7C685FFAD3,SHA256=8F0FB258D463DB0B1CEC91797816E427A125EE8EE46F9CF845678BEDB776D9AE,IMPHASH=B27EC605C3878D5AFB745034F25A7E03
Signed: true
Signature: Microsoft Windows
SignatureStatus: Valid",7,-,{e2c04bb9-08d0-60c4-8209-000000000300},3096,C:\Windows\System32\taskkill.exe,10.0.18362.1139 (WinBuild.160101.0800),Userenv,Microsoft® Windows® Operating System,Microsoft Corporation,userenv.dll,,,,,,,,"SHA1=6767284D50E4B23357C234D4CCF9FD05D821CD78,MD5=6DC9184E8E2827C756E74F7C685FFAD3,SHA256=8F0FB258D463DB0B1CEC91797816E427A125EE8EE46F9CF845678BEDB776D9AE,IMPHASH=B27EC605C3878D5AFB745034F25A7E03",,,,,,,,,,,,,,C:\Windows\System32\userenv.dll,True,Microsoft Windows,Valid,,,,,,,,,,,,,,,,,,,,,,,,,,,,,,,,,,,,,,,,,,,,,,,,,,,,,,,,,,,,,,,,,,,,,,,,,,,,,,,,,0,0,0,0,0,0,2,True
2021-06-12 01:07:28,681,Microsoft-Windows-Sysmon,{5770385f-c22a-43e0-bf4c-06f5698ffbd9},4,0x8000000000000000,Microsoft-Windows-Sysmon/Operational,WORKSTATION5,2021-06-11T09:07:28.170Z,2021-06-11T09:07:28.170Z,7,"Image loaded:
RuleName: -
UtcTime: 2021-06-12 01:07:28.166
ProcessGuid: {e2c04bb9-08d0-60c4-8209-000000000300}
ProcessId: 3096
Image: C:\Windows\System32\taskkill.exe
ImageLoaded: C:\Windows\System32\cryptsp.dll
FileVersion: 10.0.18362.1 (WinBuild.160101.0800)
Description: Cryptographic Service Provider API
Product: Microsoft® Windows® Operating System
Company: Microsoft Corporation
OriginalFileName: cryptsp.dll
Hashes: SHA1=90F229FB5DB52DF3604195B10C48E946684929ED,MD5=ACE18C6797090A1AA259BB8713917F98,SHA256=F5E118F67745792909973717FAE1F9FE68B2619332A4451AD04E0C9072B8D605,IMPHASH=A9B9D04D0B53DC48ABB37BE77AD01B55
Signed: true
Signature: Microsoft Windows
SignatureStatus: Valid",7,-,{e2c04bb9-08d0-60c4-8209-000000000300},3096,C:\Windows\System32\taskkill.exe,10.0.18362.1 (WinBuild.160101.0800),Cryptographic Service Provider API,Microsoft® Windows® Operating System,Microsoft Corporation,cryptsp.dll,,,,,,,,"SHA1=90F229FB5DB52DF3604195B10C48E946684929ED,MD5=ACE18C6797090A1AA259BB8713917F98,SHA256=F5E118F67745792909973717FAE1F9FE68B2619332A4451AD04E0C9072B8D605,IMPHASH=A9B9D04D0B53DC48ABB37BE77AD01B55",,,,,,,,,,,,,,C:\Windows\System32\cryptsp.dll,True,Microsoft Windows,Valid,,,,,,,,,,,,,,,,,,,,,,,,,,,,,,,,,,,,,,,,,,,,,,,,,,,,,,,,,,,,,,,,,,,,,,,,,,,,,,,,,0,0,0,0,0,0,1,True
2021-06-12 01:07:28,680,Microsoft-Windows-Sysmon,{5770385f-c22a-43e0-bf4c-06f5698ffbd9},4,0x8000000000000000,Microsoft-Windows-Sysmon/Operational,WORKSTATION5,2021-06-11T09:07:28.169Z,2021-06-11T09:07:28.169Z,7,"Image loaded:
RuleName: -
UtcTime: 2021-06-12 01:07:28.166
ProcessGuid: {e2c04bb9-08d0-60c4-8209-000000000300}
ProcessId: 3096
Image: C:\Windows\System32\taskkill.exe
ImageLoaded: C:\Windows\System32\amsi.dll
FileVersion: 10.0.18362.1316 (WinBuild.160101.0800)
Description: Anti-Malware Scan Interface
Product: Microsoft® Windows® Operating System
Company: Microsoft Corporation
OriginalFileName: amsi.dll
Hashes: SHA1=9928FB2356CFA0CC073FB6D999C069CC81FCBB24,MD5=FDD34DAB17423EF375E85186A4846507,SHA256=C027AD97769202C86FBC847E0C8F6C5D743A86850546C87F8B0F12BED7FCDD98,IMPHASH=ACE7A6CA7CB8ABEBE2E50CF5572F68D2
Signed: true
Signature: Microsoft Windows
SignatureStatus: Valid",7,-,{e2c04bb9-08d0-60c4-8209-000000000300},3096,C:\Windows\System32\taskkill.exe,10.0.18362.1316 (WinBuild.160101.0800),Anti-Malware Scan Interface,Microsoft® Windows® Operating System,Microsoft Corporation,amsi.dll,,,,,,,,"SHA1=9928FB2356CFA0CC073FB6D999C069CC81FCBB24,MD5=FDD34DAB17423EF375E85186A4846507,SHA256=C027AD97769202C86FBC847E0C8F6C5D743A86850546C87F8B0F12BED7FCDD98,IMPHASH=ACE7A6CA7CB8ABEBE2E50CF5572F68D2",,,,,,,,,,,,,,C:\Windows\System32\amsi.dll,True,Microsoft Windows,Valid,,,,,,,,,,,,,,,,,,,,,,,,,,,,,,,,,,,,,,,,,,,,,,,,,,,,,,,,,,,,,,,,,,,,,,,,,,,,,,,,,0,0,0,0,0,0,1,True
2021-06-12 01:07:28,679,Microsoft-Windows-Sysmon,{5770385f-c22a-43e0-bf4c-06f5698ffbd9},4,0x8000000000000000,Microsoft-Windows-Sysmon/Operational,WORKSTATION5,2021-06-11T09:07:28.166Z,2021-06-11T09:07:28.166Z,7,"Image loaded:
RuleName: -
UtcTime: 2021-06-12 01:07:28.150
ProcessGuid: {e2c04bb9-08d0-60c4-8209-000000000300}
ProcessId: 3096
Image: C:\Windows\System32\taskkill.exe
ImageLoaded: C:\Windows\System32\wbem\fastprox.dll
FileVersion: 10.0.18362.1 (WinBuild.160101.0800)
Description: WMI Custom Marshaller
Product: Microsoft® Windows® Operating System
Company: Microsoft Corporation
OriginalFileName: fastprox.dll
Hashes: SHA1=EC1D3D11835E845616264EC5DB8C1F64A5F5D9F9,MD5=18EB21F581376F1DE995FC8EEACD9C52,SHA256=C2B08EA50344FFA822EC7594C0EC7237416465B444F0FE90D6889A0126898FD8,IMPHASH=826E98CB0ED4EFA13382853984A1F38C
Signed: true
Signature: Microsoft Windows
SignatureStatus: Valid",7,-,{e2c04bb9-08d0-60c4-8209-000000000300},3096,C:\Windows\System32\taskkill.exe,10.0.18362.1 (WinBuild.160101.0800),WMI Custom Marshaller,Microsoft® Windows® Operating System,Microsoft Corporation,fastprox.dll,,,,,,,,"SHA1=EC1D3D11835E845616264EC5DB8C1F64A5F5D9F9,MD5=18EB21F581376F1DE995FC8EEACD9C52,SHA256=C2B08EA50344FFA822EC7594C0EC7237416465B444F0FE90D6889A0126898FD8,IMPHASH=826E98CB0ED4EFA13382853984A1F38C",,,,,,,,,,,,,,C:\Windows\System32\wbem\fastprox.dll,True,Microsoft Windows,Valid,,,,,,,,,,,,,,,,,,,,,,,,,,,,,,,,,,,,,,,,,,,,,,,,,,,,,,,,,,,,,,,,,,,,,,,,,,,,,,,,,0,0,0,0,0,0,1,True
2021-06-12 01:07:28,678,Microsoft-Windows-Sysmon,{5770385f-c22a-43e0-bf4c-06f5698ffbd9},4,0x8000000000000000,Microsoft-Windows-Sysmon/Operational,WORKSTATION5,2021-06-11T09:07:28.163Z,2021-06-11T09:07:28.163Z,7,"Image loaded:
RuleName: -
UtcTime: 2021-06-12 01:07:28.150
ProcessGuid: {e2c04bb9-08d0-60c4-8209-000000000300}
ProcessId: 3096
Image: C:\Windows\System32\taskkill.exe
ImageLoaded: C:\Windows\System32\wbem\wbemsvc.dll
FileVersion: 10.0.18362.1411 (WinBuild.160101.0800)
Description: WMI
Product: Microsoft® Windows® Operating System
Company: Microsoft Corporation
OriginalFileName: wbemsvc.dll
Hashes: SHA1=9FBE695812F70557E507C9C18944696DFD2C56D5,MD5=457FD3907227E28F81735C9484A0E786,SHA256=38935CD9324384B9CFC63E732350EDCE13698A9DC40040E28A8E5A10C94FB619,IMPHASH=1CF44754B099F8487ECC57BDB08B3B52
Signed: true
Signature: Microsoft Windows
SignatureStatus: Valid",7,-,{e2c04bb9-08d0-60c4-8209-000000000300},3096,C:\Windows\System32\taskkill.exe,10.0.18362.1411 (WinBuild.160101.0800),WMI,Microsoft® Windows® Operating System,Microsoft Corporation,wbemsvc.dll,,,,,,,,"SHA1=9FBE695812F70557E507C9C18944696DFD2C56D5,MD5=457FD3907227E28F81735C9484A0E786,SHA256=38935CD9324384B9CFC63E732350EDCE13698A9DC40040E28A8E5A10C94FB619,IMPHASH=1CF44754B099F8487ECC57BDB08B3B52",,,,,,,,,,,,,,C:\Windows\System32\wbem\wbemsvc.dll,True,Microsoft Windows,Valid,,,,,,,,,,,,,,,,,,,,,,,,,,,,,,,,,,,,,,,,,,,,,,,,,,,,,,,,,,,,,,,,,,,,,,,,,,,,,,,,,0,0,0,0,0,0,1,True
2021-06-12 01:07:28,677,Microsoft-Windows-Sysmon,{5770385f-c22a-43e0-bf4c-06f5698ffbd9},4,0x8000000000000000,Microsoft-Windows-Sysmon/Operational,WORKSTATION5,2021-06-11T09:07:28.157Z,2021-06-11T09:07:28.157Z,7,"Image loaded:
RuleName: -
UtcTime: 2021-06-12 01:07:28.150
ProcessGuid: {e2c04bb9-08d0-60c4-8209-000000000300}
ProcessId: 3096
Image: C:\Windows\System32\taskkill.exe
ImageLoaded: C:\Windows\System32\winsta.dll
FileVersion: 10.0.18362.836 (WinBuild.160101.0800)
Description: Winstation Library
Product: Microsoft® Windows® Operating System
Company: Microsoft Corporation
OriginalFileName: winsta.dll
Hashes: SHA1=BC666F6AC9985FD99FA974398A63EFDF68E5F766,MD5=7F83AD032FE8C2A85FD1BFC6A2C8ECCA,SHA256=3F597058770B12ABF3697B01237FDB79E7EEAE3A4038E76B7EFCCAADEA633952,IMPHASH=804811DBB54325C74F39C5B286FBDF29
Signed: true
Signature: Microsoft Windows
SignatureStatus: Valid",7,-,{e2c04bb9-08d0-60c4-8209-000000000300},3096,C:\Windows\System32\taskkill.exe,10.0.18362.836 (WinBuild.160101.0800),Winstation Library,Microsoft® Windows® Operating System,Microsoft Corporation,winsta.dll,,,,,,,,"SHA1=BC666F6AC9985FD99FA974398A63EFDF68E5F766,MD5=7F83AD032FE8C2A85FD1BFC6A2C8ECCA,SHA256=3F597058770B12ABF3697B01237FDB79E7EEAE3A4038E76B7EFCCAADEA633952,IMPHASH=804811DBB54325C74F39C5B286FBDF29",,,,,,,,,,,,,,C:\Windows\System32\winsta.dll,True,Microsoft Windows,Valid,,,,,,,,,,,,,,,,,,,,,,,,,,,,,,,,,,,,,,,,,,,,,,,,,,,,,,,,,,,,,,,,,,,,,,,,,,,,,,,,,0,0,0,0,0,0,1,True
2021-06-12 01:07:28,694,Microsoft-Windows-Sysmon,{5770385f-c22a-43e0-bf4c-06f5698ffbd9},4,0x8000000000000000,Microsoft-Windows-Sysmon/Operational,WORKSTATION5,2021-06-11T09:07:28.185Z,2021-06-11T09:07:28.185Z,10,"Process accessed:
RuleName: -
UtcTime: 2021-06-12 01:07:28.181
SourceProcessGUID: {e2c04bb9-a3f6-60c3-8600-000000000300}
SourceProcessId: 4752
SourceThreadId: 6660
SourceImage: C:\Windows\system32\wbem\wmiprvse.exe
TargetProcessGUID: {e2c04bb9-a348-60c3-1500-000000000300}
TargetProcessId: 488
TargetImage: C:\Windows\system32\dwm.exe
GrantedAccess: 0x1410
CallTrace: C:\Windows\SYSTEM32\ntdll.dll+9d364|C:\Windows\System32\KERNELBASE.dll+305ee|C:\Windows\system32\wbem\cimwin32.dll+f46e|C:\Windows\system32\wbem\cimwin32.dll+faf5|C:\Windows\SYSTEM32\framedynos.dll+5722|C:\Windows\SYSTEM32\framedynos.dll+6ead|C:\Windows\system32\wbem\wmiprvse.exe+8ad1|C:\Windows\system32\wbem\wmiprvse.exe+8753|C:\Windows\System32\RPCRT4.dll+78553|C:\Windows\System32\RPCRT4.dll+12779|C:\Windows\System32\combase.dll+a8c82|C:\Windows\System32\RPCRT4.dll+5f1db|C:\Windows\System32\combase.dll+2b363|C:\Windows\System32\combase.dll+2b153|C:\Windows\System32\combase.dll+ab606|C:\Windows\System32\combase.dll+2f1aa|C:\Windows\System32\combase.dll+a772d|C:\Windows\System32\combase.dll+423fc|C:\Windows\System32\combase.dll+42e10|C:\Windows\System32\combase.dll+44448|C:\Windows\System32\RPCRT4.dll+598c8|C:\Windows\System32\RPCRT4.dll+48041|C:\Windows\System32\RPCRT4.dll+47b90|C:\Windows\System32\RPCRT4.dll+1c9bf",10,-,,0,,,,,,,,,,,,,,,,,,,{e2c04bb9-a3f6-60c3-8600-000000000300},4752,6660.0,C:\Windows\system32\wbem\wmiprvse.exe,{e2c04bb9-a348-60c3-1500-000000000300},488,C:\Windows\system32\dwm.exe,0x1410,C:\Windows\SYSTEM32\ntdll.dll+9d364|C:\Windows\System32\KERNELBASE.dll+305ee|C:\Windows\system32\wbem\cimwin32.dll+f46e|C:\Windows\system32\wbem\cimwin32.dll+faf5|C:\Windows\SYSTEM32\framedynos.dll+5722|C:\Windows\SYSTEM32\framedynos.dll+6ead|C:\Windows\system32\wbem\wmiprvse.exe+8ad1|C:\Windows\system32\wbem\wmiprvse.exe+8753|C:\Windows\System32\RPCRT4.dll+78553|C:\Windows\System32\RPCRT4.dll+12779|C:\Windows\System32\combase.dll+a8c82|C:\Windows\System32\RPCRT4.dll+5f1db|C:\Windows\System32\combase.dll+2b363|C:\Windows\System32\combase.dll+2b153|C:\Windows\System32\combase.dll+ab606|C:\Windows\System32\combase.dll+2f1aa|C:\Windows\System32\combase.dll+a772d|C:\Windows\System32\combase.dll+423fc|C:\Windows\System32\combase.dll+42e10|C:\Windows\System32\combase.dll+44448|C:\Windows\System32\RPCRT4.dll+598c8|C:\Windows\System32\RPCRT4.dll+48041|C:\Windows\System32\RPCRT4.dll+47b90|C:\Windows\System32\RPCRT4.dll+1c9bf,,,,,,,,,,,,,,,,,,,,,,,,,,,,,,,,,,,,,,,,,,,,,,,,,,,,,,,,,,,,,,,,,,,,,,,,,,,,,,,,,,,,,0,0,0,0,0,0,2,True
2021-06-12 01:07:28,676,Microsoft-Windows-Sysmon,{5770385f-c22a-43e0-bf4c-06f5698ffbd9},4,0x8000000000000000,Microsoft-Windows-Sysmon/Operational,WORKSTATION5,2021-06-11T09:07:28.155Z,2021-06-11T09:07:28.155Z,12,"Registry object added or deleted:
RuleName: -
EventType: CreateKey
UtcTime: 2021-06-12 01:07:28.150
ProcessGuid: {e2c04bb9-08d0-60c4-8209-000000000300}
ProcessId: 3096
Image: C:\Windows\system32\taskkill.exe
TargetObject: HKLM\SOFTWARE\Microsoft\Wbem\CIMOM",12,-,{e2c04bb9-08d0-60c4-8209-000000000300},3096,C:\Windows\system32\taskkill.exe,,,,,,,,,,,,,,,,,,,,,,,,,,,,,,,,,,CreateKey,HKLM\SOFTWARE\Microsoft\Wbem\CIMOM,,,,,,,,,,,,,,,,,,,,,,,,,,,,,,,,,,,,,,,,,,,,,,,,,,,,,,,,,,,,,,,,,,,,,,,,,,,,0,0,0,1,0,0,2,True
2021-06-12 01:07:28,695,Microsoft-Windows-Sysmon,{5770385f-c22a-43e0-bf4c-06f5698ffbd9},4,0x8000000000000000,Microsoft-Windows-Sysmon/Operational,WORKSTATION5,2021-06-11T09:07:28.186Z,2021-06-11T09:07:28.186Z,10,"Process accessed:
RuleName: MsMpEng
UtcTime: 2021-06-12 01:07:28.181
SourceProcessGUID: {e2c04bb9-a3f6-60c3-8600-000000000300}
SourceProcessId: 4752
SourceThreadId: 6660
SourceImage: C:\Windows\system32\wbem\wmiprvse.exe
TargetProcessGUID: {e2c04bb9-a348-60c3-1600-000000000300}
TargetProcessId: 816
TargetImage: C:\Windows\system32\svchost.exe
GrantedAccess: 0x1410
CallTrace: C:\Windows\SYSTEM32\ntdll.dll+9d364|C:\Windows\System32\KERNELBASE.dll+305ee|C:\Windows\system32\wbem\cimwin32.dll+f46e|C:\Windows\system32\wbem\cimwin32.dll+faf5|C:\Windows\SYSTEM32\framedynos.dll+5722|C:\Windows\SYSTEM32\framedynos.dll+6ead|C:\Windows\system32\wbem\wmiprvse.exe+8ad1|C:\Windows\system32\wbem\wmiprvse.exe+8753|C:\Windows\System32\RPCRT4.dll+78553|C:\Windows\System32\RPCRT4.dll+12779|C:\Windows\System32\combase.dll+a8c82|C:\Windows\System32\RPCRT4.dll+5f1db|C:\Windows\System32\combase.dll+2b363|C:\Windows\System32\combase.dll+2b153|C:\Windows\System32\combase.dll+ab606|C:\Windows\System32\combase.dll+2f1aa|C:\Windows\System32\combase.dll+a772d|C:\Windows\System32\combase.dll+423fc|C:\Windows\System32\combase.dll+42e10|C:\Windows\System32\combase.dll+44448|C:\Windows\System32\RPCRT4.dll+598c8|C:\Windows\System32\RPCRT4.dll+48041|C:\Windows\System32\RPCRT4.dll+47b90|C:\Windows\System32\RPCRT4.dll+1c9bf",10,MsMpEng,,0,,,,,,,,,,,,,,,,,,,{e2c04bb9-a3f6-60c3-8600-000000000300},4752,6660.0,C:\Windows\system32\wbem\wmiprvse.exe,{e2c04bb9-a348-60c3-1600-000000000300},816,C:\Windows\system32\svchost.exe,0x1410,C:\Windows\SYSTEM32\ntdll.dll+9d364|C:\Windows\System32\KERNELBASE.dll+305ee|C:\Windows\system32\wbem\cimwin32.dll+f46e|C:\Windows\system32\wbem\cimwin32.dll+faf5|C:\Windows\SYSTEM32\framedynos.dll+5722|C:\Windows\SYSTEM32\framedynos.dll+6ead|C:\Windows\system32\wbem\wmiprvse.exe+8ad1|C:\Windows\system32\wbem\wmiprvse.exe+8753|C:\Windows\System32\RPCRT4.dll+78553|C:\Windows\System32\RPCRT4.dll+12779|C:\Windows\System32\combase.dll+a8c82|C:\Windows\System32\RPCRT4.dll+5f1db|C:\Windows\System32\combase.dll+2b363|C:\Windows\System32\combase.dll+2b153|C:\Windows\System32\combase.dll+ab606|C:\Windows\System32\combase.dll+2f1aa|C:\Windows\System32\combase.dll+a772d|C:\Windows\System32\combase.dll+423fc|C:\Windows\System32\combase.dll+42e10|C:\Windows\System32\combase.dll+44448|C:\Windows\System32\RPCRT4.dll+598c8|C:\Windows\System32\RPCRT4.dll+48041|C:\Windows\System32\RPCRT4.dll+47b90|C:\Windows\System32\RPCRT4.dll+1c9bf,,,,,,,,,,,,,,,,,,,,,,,,,,,,,,,,,,,,,,,,,,,,,,,,,,,,,,,,,,,,,,,,,,,,,,,,,,,,,,,,,,,,,0,0,0,1,0,0,2,True
2021-06-12 01:07:28,697,Microsoft-Windows-Sysmon,{5770385f-c22a-43e0-bf4c-06f5698ffbd9},4,0x8000000000000000,Microsoft-Windows-Sysmon/Operational,WORKSTATION5,2021-06-11T09:07:28.186Z,2021-06-11T09:07:28.186Z,10,"Process accessed:
RuleName: MsMpEng
UtcTime: 2021-06-12 01:07:28.181
SourceProcessGUID: {e2c04bb9-a3f6-60c3-8600-000000000300}
SourceProcessId: 4752
SourceThreadId: 6660
SourceImage: C:\Windows\system32\wbem\wmiprvse.exe
TargetProcessGUID: {e2c04bb9-a34b-60c3-1900-000000000300}
TargetProcessId: 1124
TargetImage: C:\Windows\system32\svchost.exe
GrantedAccess: 0x1410
CallTrace: C:\Windows\SYSTEM32\ntdll.dll+9d364|C:\Windows\System32\KERNELBASE.dll+305ee|C:\Windows\system32\wbem\cimwin32.dll+f46e|C:\Windows\system32\wbem\cimwin32.dll+faf5|C:\Windows\SYSTEM32\framedynos.dll+5722|C:\Windows\SYSTEM32\framedynos.dll+6ead|C:\Windows\system32\wbem\wmiprvse.exe+8ad1|C:\Windows\system32\wbem\wmiprvse.exe+8753|C:\Windows\System32\RPCRT4.dll+78553|C:\Windows\System32\RPCRT4.dll+12779|C:\Windows\System32\combase.dll+a8c82|C:\Windows\System32\RPCRT4.dll+5f1db|C:\Windows\System32\combase.dll+2b363|C:\Windows\System32\combase.dll+2b153|C:\Windows\System32\combase.dll+ab606|C:\Windows\System32\combase.dll+2f1aa|C:\Windows\System32\combase.dll+a772d|C:\Windows\System32\combase.dll+423fc|C:\Windows\System32\combase.dll+42e10|C:\Windows\System32\combase.dll+44448|C:\Windows\System32\RPCRT4.dll+598c8|C:\Windows\System32\RPCRT4.dll+48041|C:\Windows\System32\RPCRT4.dll+47b90|C:\Windows\System32\RPCRT4.dll+1c9bf",10,MsMpEng,,0,,,,,,,,,,,,,,,,,,,{e2c04bb9-a3f6-60c3-8600-000000000300},4752,6660.0,C:\Windows\system32\wbem\wmiprvse.exe,{e2c04bb9-a34b-60c3-1900-000000000300},1124,C:\Windows\system32\svchost.exe,0x1410,C:\Windows\SYSTEM32\ntdll.dll+9d364|C:\Windows\System32\KERNELBASE.dll+305ee|C:\Windows\system32\wbem\cimwin32.dll+f46e|C:\Windows\system32\wbem\cimwin32.dll+faf5|C:\Windows\SYSTEM32\framedynos.dll+5722|C:\Windows\SYSTEM32\framedynos.dll+6ead|C:\Windows\system32\wbem\wmiprvse.exe+8ad1|C:\Windows\system32\wbem\wmiprvse.exe+8753|C:\Windows\System32\RPCRT4.dll+78553|C:\Windows\System32\RPCRT4.dll+12779|C:\Windows\System32\combase.dll+a8c82|C:\Windows\System32\RPCRT4.dll+5f1db|C:\Windows\System32\combase.dll+2b363|C:\Windows\System32\combase.dll+2b153|C:\Windows\System32\combase.dll+ab606|C:\Windows\System32\combase.dll+2f1aa|C:\Windows\System32\combase.dll+a772d|C:\Windows\System32\combase.dll+423fc|C:\Windows\System32\combase.dll+42e10|C:\Windows\System32\combase.dll+44448|C:\Windows\System32\RPCRT4.dll+598c8|C:\Windows\System32\RPCRT4.dll+48041|C:\Windows\System32\RPCRT4.dll+47b90|C:\Windows\System32\RPCRT4.dll+1c9bf,,,,,,,,,,,,,,,,,,,,,,,,,,,,,,,,,,,,,,,,,,,,,,,,,,,,,,,,,,,,,,,,,,,,,,,,,,,,,,,,,,,,,0,0,0,1,0,0,2,True
2021-06-12 01:07:28,715,Microsoft-Windows-Sysmon,{5770385f-c22a-43e0-bf4c-06f5698ffbd9},4,0x8000000000000000,Microsoft-Windows-Sysmon/Operational,WORKSTATION5,2021-06-11T09:07:28.192Z,2021-06-11T09:07:28.192Z,10,"Process accessed:
RuleName: MsMpEng
UtcTime: 2021-06-12 01:07:28.181
SourceProcessGUID: {e2c04bb9-a3f6-60c3-8600-000000000300}
SourceProcessId: 4752
SourceThreadId: 6660
SourceImage: C:\Windows\system32\wbem\wmiprvse.exe
TargetProcessGUID: {e2c04bb9-417e-60c3-4f00-000000000300}
TargetProcessId: 2228
TargetImage: C:\Windows\system32\svchost.exe
GrantedAccess: 0x1410
CallTrace: C:\Windows\SYSTEM32\ntdll.dll+9d364|C:\Windows\System32\KERNELBASE.dll+305ee|C:\Windows\system32\wbem\cimwin32.dll+f46e|C:\Windows\system32\wbem\cimwin32.dll+faf5|C:\Windows\SYSTEM32\framedynos.dll+5722|C:\Windows\SYSTEM32\framedynos.dll+6ead|C:\Windows\system32\wbem\wmiprvse.exe+8ad1|C:\Windows\system32\wbem\wmiprvse.exe+8753|C:\Windows\System32\RPCRT4.dll+78553|C:\Windows\System32\RPCRT4.dll+12779|C:\Windows\System32\combase.dll+a8c82|C:\Windows\System32\RPCRT4.dll+5f1db|C:\Windows\System32\combase.dll+2b363|C:\Windows\System32\combase.dll+2b153|C:\Windows\System32\combase.dll+ab606|C:\Windows\System32\combase.dll+2f1aa|C:\Windows\System32\combase.dll+a772d|C:\Windows\System32\combase.dll+423fc|C:\Windows\System32\combase.dll+42e10|C:\Windows\System32\combase.dll+44448|C:\Windows\System32\RPCRT4.dll+598c8|C:\Windows\System32\RPCRT4.dll+48041|C:\Windows\System32\RPCRT4.dll+47b90|C:\Windows\System32\RPCRT4.dll+1c9bf",10,MsMpEng,,0,,,,,,,,,,,,,,,,,,,{e2c04bb9-a3f6-60c3-8600-000000000300},4752,6660.0,C:\Windows\system32\wbem\wmiprvse.exe,{e2c04bb9-417e-60c3-4f00-000000000300},2228,C:\Windows\system32\svchost.exe,0x1410,C:\Windows\SYSTEM32\ntdll.dll+9d364|C:\Windows\System32\KERNELBASE.dll+305ee|C:\Windows\system32\wbem\cimwin32.dll+f46e|C:\Windows\system32\wbem\cimwin32.dll+faf5|C:\Windows\SYSTEM32\framedynos.dll+5722|C:\Windows\SYSTEM32\framedynos.dll+6ead|C:\Windows\system32\wbem\wmiprvse.exe+8ad1|C:\Windows\system32\wbem\wmiprvse.exe+8753|C:\Windows\System32\RPCRT4.dll+78553|C:\Windows\System32\RPCRT4.dll+12779|C:\Windows\System32\combase.dll+a8c82|C:\Windows\System32\RPCRT4.dll+5f1db|C:\Windows\System32\combase.dll+2b363|C:\Windows\System32\combase.dll+2b153|C:\Windows\System32\combase.dll+ab606|C:\Windows\System32\combase.dll+2f1aa|C:\Windows\System32\combase.dll+a772d|C:\Windows\System32\combase.dll+423fc|C:\Windows\System32\combase.dll+42e10|C:\Windows\System32\combase.dll+44448|C:\Windows\System32\RPCRT4.dll+598c8|C:\Windows\System32\RPCRT4.dll+48041|C:\Windows\System32\RPCRT4.dll+47b90|C:\Windows\System32\RPCRT4.dll+1c9bf,,,,,,,,,,,,,,,,,,,,,,,,,,,,,,,,,,,,,,,,,,,,,,,,,,,,,,,,,,,,,,,,,,,,,,,,,,,,,,,,,,,,,0,0,0,1,0,0,2,True
2021-06-12 01:07:28,713,Microsoft-Windows-Sysmon,{5770385f-c22a-43e0-bf4c-06f5698ffbd9},4,0x8000000000000000,Microsoft-Windows-Sysmon/Operational,WORKSTATION5,2021-06-11T09:07:28.191Z,2021-06-11T09:07:28.191Z,10,"Process accessed:
RuleName: MsMpEng
UtcTime: 2021-06-12 01:07:28.181
SourceProcessGUID: {e2c04bb9-a3f6-60c3-8600-000000000300}
SourceProcessId: 4752
SourceThreadId: 6660
SourceImage: C:\Windows\system32\wbem\wmiprvse.exe
TargetProcessGUID: {e2c04bb9-417d-60c3-4a00-000000000300}
TargetProcessId: 416
TargetImage: C:\Windows\system32\svchost.exe
GrantedAccess: 0x1410
CallTrace: C:\Windows\SYSTEM32\ntdll.dll+9d364|C:\Windows\System32\KERNELBASE.dll+305ee|C:\Windows\system32\wbem\cimwin32.dll+f46e|C:\Windows\system32\wbem\cimwin32.dll+faf5|C:\Windows\SYSTEM32\framedynos.dll+5722|C:\Windows\SYSTEM32\framedynos.dll+6ead|C:\Windows\system32\wbem\wmiprvse.exe+8ad1|C:\Windows\system32\wbem\wmiprvse.exe+8753|C:\Windows\System32\RPCRT4.dll+78553|C:\Windows\System32\RPCRT4.dll+12779|C:\Windows\System32\combase.dll+a8c82|C:\Windows\System32\RPCRT4.dll+5f1db|C:\Windows\System32\combase.dll+2b363|C:\Windows\System32\combase.dll+2b153|C:\Windows\System32\combase.dll+ab606|C:\Windows\System32\combase.dll+2f1aa|C:\Windows\System32\combase.dll+a772d|C:\Windows\System32\combase.dll+423fc|C:\Windows\System32\combase.dll+42e10|C:\Windows\System32\combase.dll+44448|C:\Windows\System32\RPCRT4.dll+598c8|C:\Windows\System32\RPCRT4.dll+48041|C:\Windows\System32\RPCRT4.dll+47b90|C:\Windows\System32\RPCRT4.dll+1c9bf",10,MsMpEng,,0,,,,,,,,,,,,,,,,,,,{e2c04bb9-a3f6-60c3-8600-000000000300},4752,6660.0,C:\Windows\system32\wbem\wmiprvse.exe,{e2c04bb9-417d-60c3-4a00-000000000300},416,C:\Windows\system32\svchost.exe,0x1410,C:\Windows\SYSTEM32\ntdll.dll+9d364|C:\Windows\System32\KERNELBASE.dll+305ee|C:\Windows\system32\wbem\cimwin32.dll+f46e|C:\Windows\system32\wbem\cimwin32.dll+faf5|C:\Windows\SYSTEM32\framedynos.dll+5722|C:\Windows\SYSTEM32\framedynos.dll+6ead|C:\Windows\system32\wbem\wmiprvse.exe+8ad1|C:\Windows\system32\wbem\wmiprvse.exe+8753|C:\Windows\System32\RPCRT4.dll+78553|C:\Windows\System32\RPCRT4.dll+12779|C:\Windows\System32\combase.dll+a8c82|C:\Windows\System32\RPCRT4.dll+5f1db|C:\Windows\System32\combase.dll+2b363|C:\Windows\System32\combase.dll+2b153|C:\Windows\System32\combase.dll+ab606|C:\Windows\System32\combase.dll+2f1aa|C:\Windows\System32\combase.dll+a772d|C:\Windows\System32\combase.dll+423fc|C:\Windows\System32\combase.dll+42e10|C:\Windows\System32\combase.dll+44448|C:\Windows\System32\RPCRT4.dll+598c8|C:\Windows\System32\RPCRT4.dll+48041|C:\Windows\System32\RPCRT4.dll+47b90|C:\Windows\System32\RPCRT4.dll+1c9bf,,,,,,,,,,,,,,,,,,,,,,,,,,,,,,,,,,,,,,,,,,,,,,,,,,,,,,,,,,,,,,,,,,,,,,,,,,,,,,,,,,,,,0,0,0,1,0,0,2,True
2021-06-12 01:07:28,712,Microsoft-Windows-Sysmon,{5770385f-c22a-43e0-bf4c-06f5698ffbd9},4,0x8000000000000000,Microsoft-Windows-Sysmon/Operational,WORKSTATION5,2021-06-11T09:07:28.191Z,2021-06-11T09:07:28.191Z,10,"Process accessed:
RuleName: MsMpEng
UtcTime: 2021-06-12 01:07:28.181
SourceProcessGUID: {e2c04bb9-a3f6-60c3-8600-000000000300}
SourceProcessId: 4752
SourceThreadId: 6660
SourceImage: C:\Windows\system32\wbem\wmiprvse.exe
TargetProcessGUID: {e2c04bb9-417d-60c3-4900-000000000300}
TargetProcessId: 672
TargetImage: C:\Windows\system32\svchost.exe
GrantedAccess: 0x1410
CallTrace: C:\Windows\SYSTEM32\ntdll.dll+9d364|C:\Windows\System32\KERNELBASE.dll+305ee|C:\Windows\system32\wbem\cimwin32.dll+f46e|C:\Windows\system32\wbem\cimwin32.dll+faf5|C:\Windows\SYSTEM32\framedynos.dll+5722|C:\Windows\SYSTEM32\framedynos.dll+6ead|C:\Windows\system32\wbem\wmiprvse.exe+8ad1|C:\Windows\system32\wbem\wmiprvse.exe+8753|C:\Windows\System32\RPCRT4.dll+78553|C:\Windows\System32\RPCRT4.dll+12779|C:\Windows\System32\combase.dll+a8c82|C:\Windows\System32\RPCRT4.dll+5f1db|C:\Windows\System32\combase.dll+2b363|C:\Windows\System32\combase.dll+2b153|C:\Windows\System32\combase.dll+ab606|C:\Windows\System32\combase.dll+2f1aa|C:\Windows\System32\combase.dll+a772d|C:\Windows\System32\combase.dll+423fc|C:\Windows\System32\combase.dll+42e10|C:\Windows\System32\combase.dll+44448|C:\Windows\System32\RPCRT4.dll+598c8|C:\Windows\System32\RPCRT4.dll+48041|C:\Windows\System32\RPCRT4.dll+47b90|C:\Windows\System32\RPCRT4.dll+1c9bf",10,MsMpEng,,0,,,,,,,,,,,,,,,,,,,{e2c04bb9-a3f6-60c3-8600-000000000300},4752,6660.0,C:\Windows\system32\wbem\wmiprvse.exe,{e2c04bb9-417d-60c3-4900-000000000300},672,C:\Windows\system32\svchost.exe,0x1410,C:\Windows\SYSTEM32\ntdll.dll+9d364|C:\Windows\System32\KERNELBASE.dll+305ee|C:\Windows\system32\wbem\cimwin32.dll+f46e|C:\Windows\system32\wbem\cimwin32.dll+faf5|C:\Windows\SYSTEM32\framedynos.dll+5722|C:\Windows\SYSTEM32\framedynos.dll+6ead|C:\Windows\system32\wbem\wmiprvse.exe+8ad1|C:\Windows\system32\wbem\wmiprvse.exe+8753|C:\Windows\System32\RPCRT4.dll+78553|C:\Windows\System32\RPCRT4.dll+12779|C:\Windows\System32\combase.dll+a8c82|C:\Windows\System32\RPCRT4.dll+5f1db|C:\Windows\System32\combase.dll+2b363|C:\Windows\System32\combase.dll+2b153|C:\Windows\System32\combase.dll+ab606|C:\Windows\System32\combase.dll+2f1aa|C:\Windows\System32\combase.dll+a772d|C:\Windows\System32\combase.dll+423fc|C:\Windows\System32\combase.dll+42e10|C:\Windows\System32\combase.dll+44448|C:\Windows\System32\RPCRT4.dll+598c8|C:\Windows\System32\RPCRT4.dll+48041|C:\Windows\System32\RPCRT4.dll+47b90|C:\Windows\System32\RPCRT4.dll+1c9bf,,,,,,,,,,,,,,,,,,,,,,,,,,,,,,,,,,,,,,,,,,,,,,,,,,,,,,,,,,,,,,,,,,,,,,,,,,,,,,,,,,,,,0,0,0,0,0,0,1,True
2021-06-12 01:07:28,711,Microsoft-Windows-Sysmon,{5770385f-c22a-43e0-bf4c-06f5698ffbd9},4,0x8000000000000000,Microsoft-Windows-Sysmon/Operational,WORKSTATION5,2021-06-11T09:07:28.191Z,2021-06-11T09:07:28.191Z,10,"Process accessed:
RuleName: MsMpEng
UtcTime: 2021-06-12 01:07:28.181
SourceProcessGUID: {e2c04bb9-a3f6-60c3-8600-000000000300}
SourceProcessId: 4752
SourceThreadId: 6660
SourceImage: C:\Windows\system32\wbem\wmiprvse.exe
TargetProcessGUID: {e2c04bb9-417d-60c3-4800-000000000300}
TargetProcessId: 668
TargetImage: C:\Windows\system32\svchost.exe
GrantedAccess: 0x1410
CallTrace: C:\Windows\SYSTEM32\ntdll.dll+9d364|C:\Windows\System32\KERNELBASE.dll+305ee|C:\Windows\system32\wbem\cimwin32.dll+f46e|C:\Windows\system32\wbem\cimwin32.dll+faf5|C:\Windows\SYSTEM32\framedynos.dll+5722|C:\Windows\SYSTEM32\framedynos.dll+6ead|C:\Windows\system32\wbem\wmiprvse.exe+8ad1|C:\Windows\system32\wbem\wmiprvse.exe+8753|C:\Windows\System32\RPCRT4.dll+78553|C:\Windows\System32\RPCRT4.dll+12779|C:\Windows\System32\combase.dll+a8c82|C:\Windows\System32\RPCRT4.dll+5f1db|C:\Windows\System32\combase.dll+2b363|C:\Windows\System32\combase.dll+2b153|C:\Windows\System32\combase.dll+ab606|C:\Windows\System32\combase.dll+2f1aa|C:\Windows\System32\combase.dll+a772d|C:\Windows\System32\combase.dll+423fc|C:\Windows\System32\combase.dll+42e10|C:\Windows\System32\combase.dll+44448|C:\Windows\System32\RPCRT4.dll+598c8|C:\Windows\System32\RPCRT4.dll+48041|C:\Windows\System32\RPCRT4.dll+47b90|C:\Windows\System32\RPCRT4.dll+1c9bf",10,MsMpEng,,0,,,,,,,,,,,,,,,,,,,{e2c04bb9-a3f6-60c3-8600-000000000300},4752,6660.0,C:\Windows\system32\wbem\wmiprvse.exe,{e2c04bb9-417d-60c3-4800-000000000300},668,C:\Windows\system32\svchost.exe,0x1410,C:\Windows\SYSTEM32\ntdll.dll+9d364|C:\Windows\System32\KERNELBASE.dll+305ee|C:\Windows\system32\wbem\cimwin32.dll+f46e|C:\Windows\system32\wbem\cimwin32.dll+faf5|C:\Windows\SYSTEM32\framedynos.dll+5722|C:\Windows\SYSTEM32\framedynos.dll+6ead|C:\Windows\system32\wbem\wmiprvse.exe+8ad1|C:\Windows\system32\wbem\wmiprvse.exe+8753|C:\Windows\System32\RPCRT4.dll+78553|C:\Windows\System32\RPCRT4.dll+12779|C:\Windows\System32\combase.dll+a8c82|C:\Windows\System32\RPCRT4.dll+5f1db|C:\Windows\System32\combase.dll+2b363|C:\Windows\System32\combase.dll+2b153|C:\Windows\System32\combase.dll+ab606|C:\Windows\System32\combase.dll+2f1aa|C:\Windows\System32\combase.dll+a772d|C:\Windows\System32\combase.dll+423fc|C:\Windows\System32\combase.dll+42e10|C:\Windows\System32\combase.dll+44448|C:\Windows\System32\RPCRT4.dll+598c8|C:\Windows\System32\RPCRT4.dll+48041|C:\Windows\System32\RPCRT4.dll+47b90|C:\Windows\System32\RPCRT4.dll+1c9bf,,,,,,,,,,,,,,,,,,,,,,,,,,,,,,,,,,,,,,,,,,,,,,,,,,,,,,,,,,,,,,,,,,,,,,,,,,,,,,,,,,,,,0,0,0,0,0,0,1,True
