2021-06-12 01:07:23,299,Microsoft-Windows-Sysmon,{5770385f-c22a-43e0-bf4c-06f5698ffbd9},4,0x8000000000000000,Microsoft-Windows-Sysmon/Operational,WORKSTATION5,2021-06-11T09:07:23.266Z,2021-06-11T09:07:23.266Z,10,"Process accessed:
RuleName: -
UtcTime: 2021-06-12 01:07:23.259
SourceProcessGUID: {e2c04bb9-a3f6-60c3-8600-000000000300}
SourceProcessId: 4752
SourceThreadId: 6660
SourceImage: C:\Windows\system32\wbem\wmiprvse.exe
TargetProcessGUID: {e2c04bb9-a341-60c3-0b00-000000000300}
TargetProcessId: 648
TargetImage: C:\Windows\system32\winlogon.exe
GrantedAccess: 0x1410
CallTrace: C:\Windows\SYSTEM32\ntdll.dll+9d364|C:\Windows\System32\KERNELBASE.dll+305ee|C:\Windows\system32\wbem\cimwin32.dll+f46e|C:\Windows\system32\wbem\cimwin32.dll+faf5|C:\Windows\SYSTEM32\framedynos.dll+5722|C:\Windows\SYSTEM32\framedynos.dll+6ead|C:\Windows\system32\wbem\wmiprvse.exe+8ad1|C:\Windows\system32\wbem\wmiprvse.exe+8753|C:\Windows\System32\RPCRT4.dll+78553|C:\Windows\System32\RPCRT4.dll+12779|C:\Windows\System32\combase.dll+a8c82|C:\Windows\System32\RPCRT4.dll+5f1db|C:\Windows\System32\combase.dll+2b363|C:\Windows\System32\combase.dll+2b153|C:\Windows\System32\combase.dll+ab606|C:\Windows\System32\combase.dll+2f1aa|C:\Windows\System32\combase.dll+a772d|C:\Windows\System32\combase.dll+423fc|C:\Windows\System32\combase.dll+42e10|C:\Windows\System32\combase.dll+44448|C:\Windows\System32\RPCRT4.dll+598c8|C:\Windows\System32\RPCRT4.dll+48041|C:\Windows\System32\RPCRT4.dll+47b90|C:\Windows\System32\RPCRT4.dll+1c9bf",10,-,,0,,,,,,,,,,,,,,,,,,,{e2c04bb9-a3f6-60c3-8600-000000000300},4752,6660.0,C:\Windows\system32\wbem\wmiprvse.exe,{e2c04bb9-a341-60c3-0b00-000000000300},648,C:\Windows\system32\winlogon.exe,0x1410,C:\Windows\SYSTEM32\ntdll.dll+9d364|C:\Windows\System32\KERNELBASE.dll+305ee|C:\Windows\system32\wbem\cimwin32.dll+f46e|C:\Windows\system32\wbem\cimwin32.dll+faf5|C:\Windows\SYSTEM32\framedynos.dll+5722|C:\Windows\SYSTEM32\framedynos.dll+6ead|C:\Windows\system32\wbem\wmiprvse.exe+8ad1|C:\Windows\system32\wbem\wmiprvse.exe+8753|C:\Windows\System32\RPCRT4.dll+78553|C:\Windows\System32\RPCRT4.dll+12779|C:\Windows\System32\combase.dll+a8c82|C:\Windows\System32\RPCRT4.dll+5f1db|C:\Windows\System32\combase.dll+2b363|C:\Windows\System32\combase.dll+2b153|C:\Windows\System32\combase.dll+ab606|C:\Windows\System32\combase.dll+2f1aa|C:\Windows\System32\combase.dll+a772d|C:\Windows\System32\combase.dll+423fc|C:\Windows\System32\combase.dll+42e10|C:\Windows\System32\combase.dll+44448|C:\Windows\System32\RPCRT4.dll+598c8|C:\Windows\System32\RPCRT4.dll+48041|C:\Windows\System32\RPCRT4.dll+47b90|C:\Windows\System32\RPCRT4.dll+1c9bf,,,,,,,,,,,,,,,,,,,,,,,,,,,,,,,,,,,,,,,,,,,,,,,,,,,,,,,,,,,,,,,,,,,,,,,,,,,,,,,,,,,,,0,0,0,0,0,0,1,True
2021-06-12 01:07:23,308,Microsoft-Windows-Sysmon,{5770385f-c22a-43e0-bf4c-06f5698ffbd9},4,0x8000000000000000,Microsoft-Windows-Sysmon/Operational,WORKSTATION5,2021-06-11T09:07:23.269Z,2021-06-11T09:07:23.269Z,10,"Process accessed:
RuleName: MsMpEng
UtcTime: 2021-06-12 01:07:23.259
SourceProcessGUID: {e2c04bb9-a3f6-60c3-8600-000000000300}
SourceProcessId: 4752
SourceThreadId: 6660
SourceImage: C:\Windows\system32\wbem\wmiprvse.exe
TargetProcessGUID: {e2c04bb9-a348-60c3-1600-000000000300}
TargetProcessId: 816
TargetImage: C:\Windows\system32\svchost.exe
GrantedAccess: 0x1410
CallTrace: C:\Windows\SYSTEM32\ntdll.dll+9d364|C:\Windows\System32\KERNELBASE.dll+305ee|C:\Windows\system32\wbem\cimwin32.dll+f46e|C:\Windows\system32\wbem\cimwin32.dll+faf5|C:\Windows\SYSTEM32\framedynos.dll+5722|C:\Windows\SYSTEM32\framedynos.dll+6ead|C:\Windows\system32\wbem\wmiprvse.exe+8ad1|C:\Windows\system32\wbem\wmiprvse.exe+8753|C:\Windows\System32\RPCRT4.dll+78553|C:\Windows\System32\RPCRT4.dll+12779|C:\Windows\System32\combase.dll+a8c82|C:\Windows\System32\RPCRT4.dll+5f1db|C:\Windows\System32\combase.dll+2b363|C:\Windows\System32\combase.dll+2b153|C:\Windows\System32\combase.dll+ab606|C:\Windows\System32\combase.dll+2f1aa|C:\Windows\System32\combase.dll+a772d|C:\Windows\System32\combase.dll+423fc|C:\Windows\System32\combase.dll+42e10|C:\Windows\System32\combase.dll+44448|C:\Windows\System32\RPCRT4.dll+598c8|C:\Windows\System32\RPCRT4.dll+48041|C:\Windows\System32\RPCRT4.dll+47b90|C:\Windows\System32\RPCRT4.dll+1c9bf",10,MsMpEng,,0,,,,,,,,,,,,,,,,,,,{e2c04bb9-a3f6-60c3-8600-000000000300},4752,6660.0,C:\Windows\system32\wbem\wmiprvse.exe,{e2c04bb9-a348-60c3-1600-000000000300},816,C:\Windows\system32\svchost.exe,0x1410,C:\Windows\SYSTEM32\ntdll.dll+9d364|C:\Windows\System32\KERNELBASE.dll+305ee|C:\Windows\system32\wbem\cimwin32.dll+f46e|C:\Windows\system32\wbem\cimwin32.dll+faf5|C:\Windows\SYSTEM32\framedynos.dll+5722|C:\Windows\SYSTEM32\framedynos.dll+6ead|C:\Windows\system32\wbem\wmiprvse.exe+8ad1|C:\Windows\system32\wbem\wmiprvse.exe+8753|C:\Windows\System32\RPCRT4.dll+78553|C:\Windows\System32\RPCRT4.dll+12779|C:\Windows\System32\combase.dll+a8c82|C:\Windows\System32\RPCRT4.dll+5f1db|C:\Windows\System32\combase.dll+2b363|C:\Windows\System32\combase.dll+2b153|C:\Windows\System32\combase.dll+ab606|C:\Windows\System32\combase.dll+2f1aa|C:\Windows\System32\combase.dll+a772d|C:\Windows\System32\combase.dll+423fc|C:\Windows\System32\combase.dll+42e10|C:\Windows\System32\combase.dll+44448|C:\Windows\System32\RPCRT4.dll+598c8|C:\Windows\System32\RPCRT4.dll+48041|C:\Windows\System32\RPCRT4.dll+47b90|C:\Windows\System32\RPCRT4.dll+1c9bf,,,,,,,,,,,,,,,,,,,,,,,,,,,,,,,,,,,,,,,,,,,,,,,,,,,,,,,,,,,,,,,,,,,,,,,,,,,,,,,,,,,,,0,0,0,0,0,0,1,True
2021-06-12 01:07:23,319,Microsoft-Windows-Sysmon,{5770385f-c22a-43e0-bf4c-06f5698ffbd9},4,0x8000000000000000,Microsoft-Windows-Sysmon/Operational,WORKSTATION5,2021-06-11T09:07:23.271Z,2021-06-11T09:07:23.271Z,10,"Process accessed:
RuleName: MsMpEng
UtcTime: 2021-06-12 01:07:23.259
SourceProcessGUID: {e2c04bb9-a3f6-60c3-8600-000000000300}
SourceProcessId: 4752
SourceThreadId: 6660
SourceImage: C:\Windows\system32\wbem\wmiprvse.exe
TargetProcessGUID: {e2c04bb9-417d-60c3-4000-000000000300}
TargetProcessId: 1892
TargetImage: C:\Windows\system32\svchost.exe
GrantedAccess: 0x1410
CallTrace: C:\Windows\SYSTEM32\ntdll.dll+9d364|C:\Windows\System32\KERNELBASE.dll+305ee|C:\Windows\system32\wbem\cimwin32.dll+f46e|C:\Windows\system32\wbem\cimwin32.dll+faf5|C:\Windows\SYSTEM32\framedynos.dll+5722|C:\Windows\SYSTEM32\framedynos.dll+6ead|C:\Windows\system32\wbem\wmiprvse.exe+8ad1|C:\Windows\system32\wbem\wmiprvse.exe+8753|C:\Windows\System32\RPCRT4.dll+78553|C:\Windows\System32\RPCRT4.dll+12779|C:\Windows\System32\combase.dll+a8c82|C:\Windows\System32\RPCRT4.dll+5f1db|C:\Windows\System32\combase.dll+2b363|C:\Windows\System32\combase.dll+2b153|C:\Windows\System32\combase.dll+ab606|C:\Windows\System32\combase.dll+2f1aa|C:\Windows\System32\combase.dll+a772d|C:\Windows\System32\combase.dll+423fc|C:\Windows\System32\combase.dll+42e10|C:\Windows\System32\combase.dll+44448|C:\Windows\System32\RPCRT4.dll+598c8|C:\Windows\System32\RPCRT4.dll+48041|C:\Windows\System32\RPCRT4.dll+47b90|C:\Windows\System32\RPCRT4.dll+1c9bf",10,MsMpEng,,0,,,,,,,,,,,,,,,,,,,{e2c04bb9-a3f6-60c3-8600-000000000300},4752,6660.0,C:\Windows\system32\wbem\wmiprvse.exe,{e2c04bb9-417d-60c3-4000-000000000300},1892,C:\Windows\system32\svchost.exe,0x1410,C:\Windows\SYSTEM32\ntdll.dll+9d364|C:\Windows\System32\KERNELBASE.dll+305ee|C:\Windows\system32\wbem\cimwin32.dll+f46e|C:\Windows\system32\wbem\cimwin32.dll+faf5|C:\Windows\SYSTEM32\framedynos.dll+5722|C:\Windows\SYSTEM32\framedynos.dll+6ead|C:\Windows\system32\wbem\wmiprvse.exe+8ad1|C:\Windows\system32\wbem\wmiprvse.exe+8753|C:\Windows\System32\RPCRT4.dll+78553|C:\Windows\System32\RPCRT4.dll+12779|C:\Windows\System32\combase.dll+a8c82|C:\Windows\System32\RPCRT4.dll+5f1db|C:\Windows\System32\combase.dll+2b363|C:\Windows\System32\combase.dll+2b153|C:\Windows\System32\combase.dll+ab606|C:\Windows\System32\combase.dll+2f1aa|C:\Windows\System32\combase.dll+a772d|C:\Windows\System32\combase.dll+423fc|C:\Windows\System32\combase.dll+42e10|C:\Windows\System32\combase.dll+44448|C:\Windows\System32\RPCRT4.dll+598c8|C:\Windows\System32\RPCRT4.dll+48041|C:\Windows\System32\RPCRT4.dll+47b90|C:\Windows\System32\RPCRT4.dll+1c9bf,,,,,,,,,,,,,,,,,,,,,,,,,,,,,,,,,,,,,,,,,,,,,,,,,,,,,,,,,,,,,,,,,,,,,,,,,,,,,,,,,,,,,0,0,0,0,0,0,1,True
2021-06-12 01:07:23,273,Microsoft-Windows-Sysmon,{5770385f-c22a-43e0-bf4c-06f5698ffbd9},4,0x8000000000000000,Microsoft-Windows-Sysmon/Operational,WORKSTATION5,2021-06-11T09:07:23.232Z,2021-06-11T09:07:23.232Z,7,"Image loaded:
RuleName: -
UtcTime: 2021-06-12 01:07:23.228
ProcessGuid: {e2c04bb9-08cb-60c4-7e09-000000000300}
ProcessId: 5924
Image: C:\Windows\System32\taskkill.exe
ImageLoaded: C:\Windows\System32\amsi.dll
FileVersion: 10.0.18362.1316 (WinBuild.160101.0800)
Description: Anti-Malware Scan Interface
Product: Microsoft® Windows® Operating System
Company: Microsoft Corporation
OriginalFileName: amsi.dll
Hashes: SHA1=9928FB2356CFA0CC073FB6D999C069CC81FCBB24,MD5=FDD34DAB17423EF375E85186A4846507,SHA256=C027AD97769202C86FBC847E0C8F6C5D743A86850546C87F8B0F12BED7FCDD98,IMPHASH=ACE7A6CA7CB8ABEBE2E50CF5572F68D2
Signed: true
Signature: Microsoft Windows
SignatureStatus: Valid",7,-,{e2c04bb9-08cb-60c4-7e09-000000000300},5924,C:\Windows\System32\taskkill.exe,10.0.18362.1316 (WinBuild.160101.0800),Anti-Malware Scan Interface,Microsoft® Windows® Operating System,Microsoft Corporation,amsi.dll,,,,,,,,"SHA1=9928FB2356CFA0CC073FB6D999C069CC81FCBB24,MD5=FDD34DAB17423EF375E85186A4846507,SHA256=C027AD97769202C86FBC847E0C8F6C5D743A86850546C87F8B0F12BED7FCDD98,IMPHASH=ACE7A6CA7CB8ABEBE2E50CF5572F68D2",,,,,,,,,,,,,,C:\Windows\System32\amsi.dll,True,Microsoft Windows,Valid,,,,,,,,,,,,,,,,,,,,,,,,,,,,,,,,,,,,,,,,,,,,,,,,,,,,,,,,,,,,,,,,,,,,,,,,,,,,,,,,,0,0,0,0,0,0,2,True
2021-06-12 01:07:23,271,Microsoft-Windows-Sysmon,{5770385f-c22a-43e0-bf4c-06f5698ffbd9},4,0x8000000000000000,Microsoft-Windows-Sysmon/Operational,WORKSTATION5,2021-06-11T09:07:23.228Z,2021-06-11T09:07:23.228Z,7,"Image loaded:
RuleName: -
UtcTime: 2021-06-12 01:07:23.215
ProcessGuid: {e2c04bb9-08cb-60c4-7e09-000000000300}
ProcessId: 5924
Image: C:\Windows\System32\taskkill.exe
ImageLoaded: C:\Windows\System32\wbem\wbemsvc.dll
FileVersion: 10.0.18362.1411 (WinBuild.160101.0800)
Description: WMI
Product: Microsoft® Windows® Operating System
Company: Microsoft Corporation
OriginalFileName: wbemsvc.dll
Hashes: SHA1=9FBE695812F70557E507C9C18944696DFD2C56D5,MD5=457FD3907227E28F81735C9484A0E786,SHA256=38935CD9324384B9CFC63E732350EDCE13698A9DC40040E28A8E5A10C94FB619,IMPHASH=1CF44754B099F8487ECC57BDB08B3B52
Signed: true
Signature: Microsoft Windows
SignatureStatus: Valid",7,-,{e2c04bb9-08cb-60c4-7e09-000000000300},5924,C:\Windows\System32\taskkill.exe,10.0.18362.1411 (WinBuild.160101.0800),WMI,Microsoft® Windows® Operating System,Microsoft Corporation,wbemsvc.dll,,,,,,,,"SHA1=9FBE695812F70557E507C9C18944696DFD2C56D5,MD5=457FD3907227E28F81735C9484A0E786,SHA256=38935CD9324384B9CFC63E732350EDCE13698A9DC40040E28A8E5A10C94FB619,IMPHASH=1CF44754B099F8487ECC57BDB08B3B52",,,,,,,,,,,,,,C:\Windows\System32\wbem\wbemsvc.dll,True,Microsoft Windows,Valid,,,,,,,,,,,,,,,,,,,,,,,,,,,,,,,,,,,,,,,,,,,,,,,,,,,,,,,,,,,,,,,,,,,,,,,,,,,,,,,,,0,0,0,0,0,0,2,True
2021-06-12 01:07:23,247,Microsoft-Windows-Sysmon,{5770385f-c22a-43e0-bf4c-06f5698ffbd9},4,0x8000000000000000,Microsoft-Windows-Sysmon/Operational,WORKSTATION5,2021-06-11T09:07:23.204Z,2021-06-11T09:07:23.204Z,7,"Image loaded:
RuleName: -
UtcTime: 2021-06-12 01:07:23.200
ProcessGuid: {e2c04bb9-08cb-60c4-7e09-000000000300}
ProcessId: 5924
Image: C:\Windows\System32\taskkill.exe
ImageLoaded: C:\Windows\System32\ucrtbase.dll
FileVersion: 10.0.18362.1110 (WinBuild.160101.0800)
Description: Microsoft® C Runtime Library
Product: Microsoft® Windows® Operating System
Company: Microsoft Corporation
OriginalFileName: ucrtbase.dll
Hashes: SHA1=D10BBE9B65C2C6F8FCA6850D0B79CBC6EF04D691,MD5=126821F73FD9FFCE6E091CF9480E1B60,SHA256=7B28F46F0A09CFD9129109A94B1C16C9C62EEF46C09113C4C585D9BF0E69B2DA,IMPHASH=5AE9A136FAFA10321F3D48251BF4F6A1
Signed: true
Signature: Microsoft Windows
SignatureStatus: Valid",7,-,{e2c04bb9-08cb-60c4-7e09-000000000300},5924,C:\Windows\System32\taskkill.exe,10.0.18362.1110 (WinBuild.160101.0800),Microsoft® C Runtime Library,Microsoft® Windows® Operating System,Microsoft Corporation,ucrtbase.dll,,,,,,,,"SHA1=D10BBE9B65C2C6F8FCA6850D0B79CBC6EF04D691,MD5=126821F73FD9FFCE6E091CF9480E1B60,SHA256=7B28F46F0A09CFD9129109A94B1C16C9C62EEF46C09113C4C585D9BF0E69B2DA,IMPHASH=5AE9A136FAFA10321F3D48251BF4F6A1",,,,,,,,,,,,,,C:\Windows\System32\ucrtbase.dll,True,Microsoft Windows,Valid,,,,,,,,,,,,,,,,,,,,,,,,,,,,,,,,,,,,,,,,,,,,,,,,,,,,,,,,,,,,,,,,,,,,,,,,,,,,,,,,,0,0,0,0,0,0,2,True
2021-06-12 01:07:23,246,Microsoft-Windows-Sysmon,{5770385f-c22a-43e0-bf4c-06f5698ffbd9},4,0x8000000000000000,Microsoft-Windows-Sysmon/Operational,WORKSTATION5,2021-06-11T09:07:23.203Z,2021-06-11T09:07:23.203Z,7,"Image loaded:
RuleName: -
UtcTime: 2021-06-12 01:07:23.181
ProcessGuid: {e2c04bb9-08cb-60c4-7e09-000000000300}
ProcessId: 5924
Image: C:\Windows\System32\taskkill.exe
ImageLoaded: C:\Windows\System32\msvcp_win.dll
FileVersion: 10.0.18362.1110 (WinBuild.160101.0800)
Description: Microsoft® C Runtime Library
Product: Microsoft® Windows® Operating System
Company: Microsoft Corporation
OriginalFileName: msvcp_win.dll
Hashes: SHA1=56A126B33C43CE80C5DA3319FA4FBE28F617599C,MD5=94027F5AE9D6FC3B0917C1B5BCD2D88E,SHA256=2FC246F193104FB36285360E9FB14CE10B04EDB50D9D5ECFD9FDA1F010BFCDB9,IMPHASH=7F555C87AEA488E97B6067A0419ED3B4
Signed: true
Signature: Microsoft Windows
SignatureStatus: Valid",7,-,{e2c04bb9-08cb-60c4-7e09-000000000300},5924,C:\Windows\System32\taskkill.exe,10.0.18362.1110 (WinBuild.160101.0800),Microsoft® C Runtime Library,Microsoft® Windows® Operating System,Microsoft Corporation,msvcp_win.dll,,,,,,,,"SHA1=56A126B33C43CE80C5DA3319FA4FBE28F617599C,MD5=94027F5AE9D6FC3B0917C1B5BCD2D88E,SHA256=2FC246F193104FB36285360E9FB14CE10B04EDB50D9D5ECFD9FDA1F010BFCDB9,IMPHASH=7F555C87AEA488E97B6067A0419ED3B4",,,,,,,,,,,,,,C:\Windows\System32\msvcp_win.dll,True,Microsoft Windows,Valid,,,,,,,,,,,,,,,,,,,,,,,,,,,,,,,,,,,,,,,,,,,,,,,,,,,,,,,,,,,,,,,,,,,,,,,,,,,,,,,,,0,0,0,0,0,0,2,True
2021-06-12 01:07:23,245,Microsoft-Windows-Sysmon,{5770385f-c22a-43e0-bf4c-06f5698ffbd9},4,0x8000000000000000,Microsoft-Windows-Sysmon/Operational,WORKSTATION5,2021-06-11T09:07:23.202Z,2021-06-11T09:07:23.202Z,7,"Image loaded:
RuleName: -
UtcTime: 2021-06-12 01:07:23.181
ProcessGuid: {e2c04bb9-08cb-60c4-7e09-000000000300}
ProcessId: 5924
Image: C:\Windows\System32\taskkill.exe
ImageLoaded: C:\Windows\System32\gdi32full.dll
FileVersion: 10.0.18362.1500 (WinBuild.160101.0800)
Description: GDI Client DLL
Product: Microsoft® Windows® Operating System
Company: Microsoft Corporation
OriginalFileName: gdi32
Hashes: SHA1=F2957550811293A6220E38B6DB8721797DE2527C,MD5=2BADF91126F086286D24E951C3498252,SHA256=5DFB85B3A7FB88544BF999CBED3810AFE91FDE6A126895104BF05557E3E691C3,IMPHASH=963C6FD8B9BE2772F371FCE054194A55
Signed: true
Signature: Microsoft Windows
SignatureStatus: Valid",7,-,{e2c04bb9-08cb-60c4-7e09-000000000300},5924,C:\Windows\System32\taskkill.exe,10.0.18362.1500 (WinBuild.160101.0800),GDI Client DLL,Microsoft® Windows® Operating System,Microsoft Corporation,gdi32,,,,,,,,"SHA1=F2957550811293A6220E38B6DB8721797DE2527C,MD5=2BADF91126F086286D24E951C3498252,SHA256=5DFB85B3A7FB88544BF999CBED3810AFE91FDE6A126895104BF05557E3E691C3,IMPHASH=963C6FD8B9BE2772F371FCE054194A55",,,,,,,,,,,,,,C:\Windows\System32\gdi32full.dll,True,Microsoft Windows,Valid,,,,,,,,,,,,,,,,,,,,,,,,,,,,,,,,,,,,,,,,,,,,,,,,,,,,,,,,,,,,,,,,,,,,,,,,,,,,,,,,,0,0,0,0,0,0,1,True
2021-06-12 01:07:23,244,Microsoft-Windows-Sysmon,{5770385f-c22a-43e0-bf4c-06f5698ffbd9},4,0x8000000000000000,Microsoft-Windows-Sysmon/Operational,WORKSTATION5,2021-06-11T09:07:23.202Z,2021-06-11T09:07:23.202Z,7,"Image loaded:
RuleName: -
UtcTime: 2021-06-12 01:07:23.181
ProcessGuid: {e2c04bb9-08cb-60c4-7e09-000000000300}
ProcessId: 5924
Image: C:\Windows\System32\taskkill.exe
ImageLoaded: C:\Windows\System32\gdi32.dll
FileVersion: 10.0.18362.1316 (WinBuild.160101.0800)
Description: GDI Client DLL
Product: Microsoft® Windows® Operating System
Company: Microsoft Corporation
OriginalFileName: gdi32
Hashes: SHA1=34F81F3967B7716A8703512B7E7C3410DCDDE5A6,MD5=A4CD88E2697F818F1D8D4D3563394990,SHA256=27F96FA6D7F4C63913513BC5F983F0818BCA5A43E4C0013380F657856A383268,IMPHASH=C5F30E6A06AB646153863B68366FE58A
Signed: true
Signature: Microsoft Windows
SignatureStatus: Valid",7,-,{e2c04bb9-08cb-60c4-7e09-000000000300},5924,C:\Windows\System32\taskkill.exe,10.0.18362.1316 (WinBuild.160101.0800),GDI Client DLL,Microsoft® Windows® Operating System,Microsoft Corporation,gdi32,,,,,,,,"SHA1=34F81F3967B7716A8703512B7E7C3410DCDDE5A6,MD5=A4CD88E2697F818F1D8D4D3563394990,SHA256=27F96FA6D7F4C63913513BC5F983F0818BCA5A43E4C0013380F657856A383268,IMPHASH=C5F30E6A06AB646153863B68366FE58A",,,,,,,,,,,,,,C:\Windows\System32\gdi32.dll,True,Microsoft Windows,Valid,,,,,,,,,,,,,,,,,,,,,,,,,,,,,,,,,,,,,,,,,,,,,,,,,,,,,,,,,,,,,,,,,,,,,,,,,,,,,,,,,0,0,0,0,0,0,1,True
2021-06-12 01:07:23,243,Microsoft-Windows-Sysmon,{5770385f-c22a-43e0-bf4c-06f5698ffbd9},4,0x8000000000000000,Microsoft-Windows-Sysmon/Operational,WORKSTATION5,2021-06-11T09:07:23.202Z,2021-06-11T09:07:23.202Z,7,"Image loaded:
RuleName: -
UtcTime: 2021-06-12 01:07:23.181
ProcessGuid: {e2c04bb9-08cb-60c4-7e09-000000000300}
ProcessId: 5924
Image: C:\Windows\System32\taskkill.exe
ImageLoaded: C:\Windows\System32\win32u.dll
FileVersion: 10.0.18362.1556 (WinBuild.160101.0800)
Description: Win32u
Product: Microsoft® Windows® Operating System
Company: Microsoft Corporation
OriginalFileName: Win32u.DLL
Hashes: SHA1=72CA7FE6C4A497CF5F8B3538E0F34D79B52FECE1,MD5=484473F9548840C3380BFB93F1668EDD,SHA256=B8D011D438ADC5C59CA4454076A9A720CE7F0B32BDCB8F1180F0A07879DFB6B3,IMPHASH=00000000000000000000000000000000
Signed: true
Signature: Microsoft Windows
SignatureStatus: Valid",7,-,{e2c04bb9-08cb-60c4-7e09-000000000300},5924,C:\Windows\System32\taskkill.exe,10.0.18362.1556 (WinBuild.160101.0800),Win32u,Microsoft® Windows® Operating System,Microsoft Corporation,Win32u.DLL,,,,,,,,"SHA1=72CA7FE6C4A497CF5F8B3538E0F34D79B52FECE1,MD5=484473F9548840C3380BFB93F1668EDD,SHA256=B8D011D438ADC5C59CA4454076A9A720CE7F0B32BDCB8F1180F0A07879DFB6B3,IMPHASH=00000000000000000000000000000000",,,,,,,,,,,,,,C:\Windows\System32\win32u.dll,True,Microsoft Windows,Valid,,,,,,,,,,,,,,,,,,,,,,,,,,,,,,,,,,,,,,,,,,,,,,,,,,,,,,,,,,,,,,,,,,,,,,,,,,,,,,,,,0,0,0,0,0,0,1,True
2021-06-12 01:07:23,242,Microsoft-Windows-Sysmon,{5770385f-c22a-43e0-bf4c-06f5698ffbd9},4,0x8000000000000000,Microsoft-Windows-Sysmon/Operational,WORKSTATION5,2021-06-11T09:07:23.201Z,2021-06-11T09:07:23.201Z,7,"Image loaded:
RuleName: -
UtcTime: 2021-06-12 01:07:23.181
ProcessGuid: {e2c04bb9-08cb-60c4-7e09-000000000300}
ProcessId: 5924
Image: C:\Windows\System32\taskkill.exe
ImageLoaded: C:\Windows\System32\user32.dll
FileVersion: 10.0.18362.1316 (WinBuild.160101.0800)
Description: Multi-User Windows USER API Client DLL
Product: Microsoft® Windows® Operating System
Company: Microsoft Corporation
OriginalFileName: user32
Hashes: SHA1=63B37173CD76F53B30B5E68EE619E3E936E9A4F6,MD5=1030B585DD1CE136F59238C2019D36C9,SHA256=68C783A106E808BF0B3385BF8A926963EF4FECFE9B7B6E760126DFD20355DAEE,IMPHASH=70F6F0466DB32D0AA9E18434AE996907
Signed: true
Signature: Microsoft Windows
SignatureStatus: Valid",7,-,{e2c04bb9-08cb-60c4-7e09-000000000300},5924,C:\Windows\System32\taskkill.exe,10.0.18362.1316 (WinBuild.160101.0800),Multi-User Windows USER API Client DLL,Microsoft® Windows® Operating System,Microsoft Corporation,user32,,,,,,,,"SHA1=63B37173CD76F53B30B5E68EE619E3E936E9A4F6,MD5=1030B585DD1CE136F59238C2019D36C9,SHA256=68C783A106E808BF0B3385BF8A926963EF4FECFE9B7B6E760126DFD20355DAEE,IMPHASH=70F6F0466DB32D0AA9E18434AE996907",,,,,,,,,,,,,,C:\Windows\System32\user32.dll,True,Microsoft Windows,Valid,,,,,,,,,,,,,,,,,,,,,,,,,,,,,,,,,,,,,,,,,,,,,,,,,,,,,,,,,,,,,,,,,,,,,,,,,,,,,,,,,0,0,0,0,0,0,1,True
2021-06-12 01:07:23,241,Microsoft-Windows-Sysmon,{5770385f-c22a-43e0-bf4c-06f5698ffbd9},4,0x8000000000000000,Microsoft-Windows-Sysmon/Operational,WORKSTATION5,2021-06-11T09:07:23.201Z,2021-06-11T09:07:23.201Z,7,"Image loaded:
RuleName: -
UtcTime: 2021-06-12 01:07:23.181
ProcessGuid: {e2c04bb9-08cb-60c4-7e09-000000000300}
ProcessId: 5924
Image: C:\Windows\System32\taskkill.exe
ImageLoaded: C:\Windows\System32\rpcrt4.dll
FileVersion: 10.0.18362.1500 (WinBuild.160101.0800)
Description: Remote Procedure Call Runtime
Product: Microsoft® Windows® Operating System
Company: Microsoft Corporation
OriginalFileName: rpcrt4.dll
Hashes: SHA1=6A154351837808744BC8E40F730E9986F3CA9633,MD5=15C59ACA8F5DB60A430F3FABCE8B181C,SHA256=891D6ABD1CDFB5CC0CCD3E208B9A83D1FC7B6EBA84A4160DBC3A53F38C787639,IMPHASH=88E7E7C7FA90052EC162DD37F2B7C7BD
Signed: true
Signature: Microsoft Windows
SignatureStatus: Valid",7,-,{e2c04bb9-08cb-60c4-7e09-000000000300},5924,C:\Windows\System32\taskkill.exe,10.0.18362.1500 (WinBuild.160101.0800),Remote Procedure Call Runtime,Microsoft® Windows® Operating System,Microsoft Corporation,rpcrt4.dll,,,,,,,,"SHA1=6A154351837808744BC8E40F730E9986F3CA9633,MD5=15C59ACA8F5DB60A430F3FABCE8B181C,SHA256=891D6ABD1CDFB5CC0CCD3E208B9A83D1FC7B6EBA84A4160DBC3A53F38C787639,IMPHASH=88E7E7C7FA90052EC162DD37F2B7C7BD",,,,,,,,,,,,,,C:\Windows\System32\rpcrt4.dll,True,Microsoft Windows,Valid,,,,,,,,,,,,,,,,,,,,,,,,,,,,,,,,,,,,,,,,,,,,,,,,,,,,,,,,,,,,,,,,,,,,,,,,,,,,,,,,,0,0,0,0,0,0,1,True
2021-06-12 01:07:23,240,Microsoft-Windows-Sysmon,{5770385f-c22a-43e0-bf4c-06f5698ffbd9},4,0x8000000000000000,Microsoft-Windows-Sysmon/Operational,WORKSTATION5,2021-06-11T09:07:23.200Z,2021-06-11T09:07:23.200Z,7,"Image loaded:
RuleName: -
UtcTime: 2021-06-12 01:07:23.181
ProcessGuid: {e2c04bb9-08cb-60c4-7e09-000000000300}
ProcessId: 5924
Image: C:\Windows\System32\taskkill.exe
ImageLoaded: C:\Windows\System32\sechost.dll
FileVersion: 10.0.18362.1474 (WinBuild.160101.0800)
Description: Host for SCM/SDDL/LSA Lookup APIs
Product: Microsoft® Windows® Operating System
Company: Microsoft Corporation
OriginalFileName: sechost.dll
Hashes: SHA1=9EF4F89E1B8499A251058FA8F6DA30F640D9B249,MD5=F97C22504B6ACA5527DAAD3755BC639E,SHA256=3A2E5DB9DCDB45FF9F731BC1B253862B9DD7710D802D04F12C1AA100C5E5A812,IMPHASH=CE4BD072766253F6A267D0284CA82002
Signed: true
Signature: Microsoft Windows
SignatureStatus: Valid",7,-,{e2c04bb9-08cb-60c4-7e09-000000000300},5924,C:\Windows\System32\taskkill.exe,10.0.18362.1474 (WinBuild.160101.0800),Host for SCM/SDDL/LSA Lookup APIs,Microsoft® Windows® Operating System,Microsoft Corporation,sechost.dll,,,,,,,,"SHA1=9EF4F89E1B8499A251058FA8F6DA30F640D9B249,MD5=F97C22504B6ACA5527DAAD3755BC639E,SHA256=3A2E5DB9DCDB45FF9F731BC1B253862B9DD7710D802D04F12C1AA100C5E5A812,IMPHASH=CE4BD072766253F6A267D0284CA82002",,,,,,,,,,,,,,C:\Windows\System32\sechost.dll,True,Microsoft Windows,Valid,,,,,,,,,,,,,,,,,,,,,,,,,,,,,,,,,,,,,,,,,,,,,,,,,,,,,,,,,,,,,,,,,,,,,,,,,,,,,,,,,0,0,0,0,0,0,1,True
2021-06-12 01:07:23,239,Microsoft-Windows-Sysmon,{5770385f-c22a-43e0-bf4c-06f5698ffbd9},4,0x8000000000000000,Microsoft-Windows-Sysmon/Operational,WORKSTATION5,2021-06-11T09:07:23.195Z,2021-06-11T09:07:23.195Z,7,"Image loaded:
RuleName: -
UtcTime: 2021-06-12 01:07:23.181
ProcessGuid: {e2c04bb9-08cb-60c4-7e09-000000000300}
ProcessId: 5924
Image: C:\Windows\System32\taskkill.exe
ImageLoaded: C:\Windows\System32\msvcrt.dll
FileVersion: 7.0.18362.1 (WinBuild.160101.0800)
Description: Windows NT CRT DLL
Product: Microsoft® Windows® Operating System
Company: Microsoft Corporation
OriginalFileName: msvcrt.dll
Hashes: SHA1=0EA4B3CFB14E49CEC0D42FF0F1FA989E69647A8F,MD5=36354D9B5B0A58A4B9A19103852C00A2,SHA256=E5A863D3F4BFEFED7D73A7B1499F81B7235BC9AE3C108065041BCB8E5446B1BB,IMPHASH=1273683626EBBA703979F188A1E64237
Signed: true
Signature: Microsoft Windows
SignatureStatus: Valid",7,-,{e2c04bb9-08cb-60c4-7e09-000000000300},5924,C:\Windows\System32\taskkill.exe,7.0.18362.1 (WinBuild.160101.0800),Windows NT CRT DLL,Microsoft® Windows® Operating System,Microsoft Corporation,msvcrt.dll,,,,,,,,"SHA1=0EA4B3CFB14E49CEC0D42FF0F1FA989E69647A8F,MD5=36354D9B5B0A58A4B9A19103852C00A2,SHA256=E5A863D3F4BFEFED7D73A7B1499F81B7235BC9AE3C108065041BCB8E5446B1BB,IMPHASH=1273683626EBBA703979F188A1E64237",,,,,,,,,,,,,,C:\Windows\System32\msvcrt.dll,True,Microsoft Windows,Valid,,,,,,,,,,,,,,,,,,,,,,,,,,,,,,,,,,,,,,,,,,,,,,,,,,,,,,,,,,,,,,,,,,,,,,,,,,,,,,,,,0,0,0,0,0,0,1,True
2021-06-12 01:07:23,248,Microsoft-Windows-Sysmon,{5770385f-c22a-43e0-bf4c-06f5698ffbd9},4,0x8000000000000000,Microsoft-Windows-Sysmon/Operational,WORKSTATION5,2021-06-11T09:07:23.206Z,2021-06-11T09:07:23.206Z,7,"Image loaded:
RuleName: -
UtcTime: 2021-06-12 01:07:23.200
ProcessGuid: {e2c04bb9-08cb-60c4-7e09-000000000300}
ProcessId: 5924
Image: C:\Windows\System32\taskkill.exe
ImageLoaded: C:\Windows\System32\oleaut32.dll
FileVersion: 10.0.18362.1556 (WinBuild.160101.0800)
Description: OLEAUT32.DLL
Product: Microsoft® Windows® Operating System
Company: Microsoft Corporation
OriginalFileName: OLEAUT32.DLL
Hashes: SHA1=E4FACBE20F7674E8FB37E0598395A710F827831D,MD5=7D5D02B24943D270513DA3F0405FA40E,SHA256=62F71A230DBD493B2D2F53BBCC7CDB365C7381FD297FF805F044CF07A29E8FF6,IMPHASH=F010E2DB51A2E86CCF6052A1ACC0854F
Signed: true
Signature: Microsoft Windows
SignatureStatus: Valid",7,-,{e2c04bb9-08cb-60c4-7e09-000000000300},5924,C:\Windows\System32\taskkill.exe,10.0.18362.1556 (WinBuild.160101.0800),OLEAUT32.DLL,Microsoft® Windows® Operating System,Microsoft Corporation,OLEAUT32.DLL,,,,,,,,"SHA1=E4FACBE20F7674E8FB37E0598395A710F827831D,MD5=7D5D02B24943D270513DA3F0405FA40E,SHA256=62F71A230DBD493B2D2F53BBCC7CDB365C7381FD297FF805F044CF07A29E8FF6,IMPHASH=F010E2DB51A2E86CCF6052A1ACC0854F",,,,,,,,,,,,,,C:\Windows\System32\oleaut32.dll,True,Microsoft Windows,Valid,,,,,,,,,,,,,,,,,,,,,,,,,,,,,,,,,,,,,,,,,,,,,,,,,,,,,,,,,,,,,,,,,,,,,,,,,,,,,,,,,0,0,0,0,0,0,1,True
2021-06-12 01:07:23,238,Microsoft-Windows-Sysmon,{5770385f-c22a-43e0-bf4c-06f5698ffbd9},4,0x8000000000000000,Microsoft-Windows-Sysmon/Operational,WORKSTATION5,2021-06-11T09:07:23.195Z,2021-06-11T09:07:23.195Z,7,"Image loaded:
RuleName: -
UtcTime: 2021-06-12 01:07:23.181
ProcessGuid: {e2c04bb9-08cb-60c4-7e09-000000000300}
ProcessId: 5924
Image: C:\Windows\System32\taskkill.exe
ImageLoaded: C:\Windows\System32\advapi32.dll
FileVersion: 10.0.18362.752 (WinBuild.160101.0800)
Description: Advanced Windows 32 Base API
Product: Microsoft® Windows® Operating System
Company: Microsoft Corporation
OriginalFileName: advapi32.dll
Hashes: SHA1=35C61DDE6F8F4ED05F9C4837E2B91C886CA79F82,MD5=EA4F6E7961B4A402F6F5EC33C655260A,SHA256=5E2D103E7E1FD7CA0492E541F082D274EF6259AF2158A3562986C796C5C869DD,IMPHASH=8EEA175C33205685FB8A14876D7564DB
Signed: true
Signature: Microsoft Windows
SignatureStatus: Valid",7,-,{e2c04bb9-08cb-60c4-7e09-000000000300},5924,C:\Windows\System32\taskkill.exe,10.0.18362.752 (WinBuild.160101.0800),Advanced Windows 32 Base API,Microsoft® Windows® Operating System,Microsoft Corporation,advapi32.dll,,,,,,,,"SHA1=35C61DDE6F8F4ED05F9C4837E2B91C886CA79F82,MD5=EA4F6E7961B4A402F6F5EC33C655260A,SHA256=5E2D103E7E1FD7CA0492E541F082D274EF6259AF2158A3562986C796C5C869DD,IMPHASH=8EEA175C33205685FB8A14876D7564DB",,,,,,,,,,,,,,C:\Windows\System32\advapi32.dll,True,Microsoft Windows,Valid,,,,,,,,,,,,,,,,,,,,,,,,,,,,,,,,,,,,,,,,,,,,,,,,,,,,,,,,,,,,,,,,,,,,,,,,,,,,,,,,,0,0,0,0,0,0,1,True
2021-06-12 01:07:23,236,Microsoft-Windows-Sysmon,{5770385f-c22a-43e0-bf4c-06f5698ffbd9},4,0x8000000000000000,Microsoft-Windows-Sysmon/Operational,WORKSTATION5,2021-06-11T09:07:23.194Z,2021-06-11T09:07:23.194Z,7,"Image loaded:
RuleName: -
UtcTime: 2021-06-12 01:07:23.181
ProcessGuid: {e2c04bb9-08cb-60c4-7e09-000000000300}
ProcessId: 5924
Image: C:\Windows\System32\taskkill.exe
ImageLoaded: C:\Windows\System32\KernelBase.dll
FileVersion: 10.0.18362.1474 (WinBuild.160101.0800)
Description: Windows NT BASE API Client DLL
Product: Microsoft® Windows® Operating System
Company: Microsoft Corporation
OriginalFileName: Kernelbase.dll
Hashes: SHA1=568E892FA3286C72BC89867B182CE76800018964,MD5=E562EC4C5C939BF4CA506E288A54CC02,SHA256=60827CB832FDC137A3F9146AE666CDE3EA4B2D94CAE289D4A33B6D1D363656D3,IMPHASH=16003AF856720C35351BB8C14AD0B0A8
Signed: true
Signature: Microsoft Windows
SignatureStatus: Valid",7,-,{e2c04bb9-08cb-60c4-7e09-000000000300},5924,C:\Windows\System32\taskkill.exe,10.0.18362.1474 (WinBuild.160101.0800),Windows NT BASE API Client DLL,Microsoft® Windows® Operating System,Microsoft Corporation,Kernelbase.dll,,,,,,,,"SHA1=568E892FA3286C72BC89867B182CE76800018964,MD5=E562EC4C5C939BF4CA506E288A54CC02,SHA256=60827CB832FDC137A3F9146AE666CDE3EA4B2D94CAE289D4A33B6D1D363656D3,IMPHASH=16003AF856720C35351BB8C14AD0B0A8",,,,,,,,,,,,,,C:\Windows\System32\KernelBase.dll,True,Microsoft Windows,Valid,,,,,,,,,,,,,,,,,,,,,,,,,,,,,,,,,,,,,,,,,,,,,,,,,,,,,,,,,,,,,,,,,,,,,,,,,,,,,,,,,0,0,0,0,0,0,1,True
2021-06-12 01:07:23,235,Microsoft-Windows-Sysmon,{5770385f-c22a-43e0-bf4c-06f5698ffbd9},4,0x8000000000000000,Microsoft-Windows-Sysmon/Operational,WORKSTATION5,2021-06-11T09:07:23.193Z,2021-06-11T09:07:23.193Z,7,"Image loaded:
RuleName: -
UtcTime: 2021-06-12 01:07:23.181
ProcessGuid: {e2c04bb9-08cb-60c4-7e09-000000000300}
ProcessId: 5924
Image: C:\Windows\System32\taskkill.exe
ImageLoaded: C:\Windows\System32\kernel32.dll
FileVersion: 10.0.18362.1500 (WinBuild.160101.0800)
Description: Windows NT BASE API Client DLL
Product: Microsoft® Windows® Operating System
Company: Microsoft Corporation
OriginalFileName: kernel32
Hashes: SHA1=70D4E25E30AFE0716141B8AC1B757A95740002D2,MD5=B14CD8F455D772BD153AF48ED33FF48E,SHA256=562F1B7198A9EB3920A218D0A020E998CD52FF8A02A34A76564092F86AC70A44,IMPHASH=D3645703895C4EBB8EA5B9B26816A081
Signed: true
Signature: Microsoft Windows
SignatureStatus: Valid",7,-,{e2c04bb9-08cb-60c4-7e09-000000000300},5924,C:\Windows\System32\taskkill.exe,10.0.18362.1500 (WinBuild.160101.0800),Windows NT BASE API Client DLL,Microsoft® Windows® Operating System,Microsoft Corporation,kernel32,,,,,,,,"SHA1=70D4E25E30AFE0716141B8AC1B757A95740002D2,MD5=B14CD8F455D772BD153AF48ED33FF48E,SHA256=562F1B7198A9EB3920A218D0A020E998CD52FF8A02A34A76564092F86AC70A44,IMPHASH=D3645703895C4EBB8EA5B9B26816A081",,,,,,,,,,,,,,C:\Windows\System32\kernel32.dll,True,Microsoft Windows,Valid,,,,,,,,,,,,,,,,,,,,,,,,,,,,,,,,,,,,,,,,,,,,,,,,,,,,,,,,,,,,,,,,,,,,,,,,,,,,,,,,,0,0,0,0,0,0,1,True
2021-06-12 01:07:23,234,Microsoft-Windows-Sysmon,{5770385f-c22a-43e0-bf4c-06f5698ffbd9},4,0x8000000000000000,Microsoft-Windows-Sysmon/Operational,WORKSTATION5,2021-06-11T09:07:23.193Z,2021-06-11T09:07:23.193Z,7,"Image loaded:
RuleName: -
UtcTime: 2021-06-12 01:07:23.181
ProcessGuid: {e2c04bb9-08cb-60c4-7e09-000000000300}
ProcessId: 5924
Image: C:\Windows\System32\taskkill.exe
ImageLoaded: C:\Windows\System32\ntdll.dll
FileVersion: 10.0.18362.1533 (WinBuild.160101.0800)
Description: NT Layer DLL
Product: Microsoft® Windows® Operating System
Company: Microsoft Corporation
OriginalFileName: ntdll.dll
Hashes: SHA1=8D671C93CC5C877983AB6D58A59E3E64891128EB,MD5=B823DFC17253F0DA93DE2DB5FEAD520A,SHA256=B0EA79AEEA90EFAE83E7F5F8812F307D52C4BA3F559E409CB6364E90BC69269D,IMPHASH=00000000000000000000000000000000
Signed: true
Signature: Microsoft Windows
SignatureStatus: Valid",7,-,{e2c04bb9-08cb-60c4-7e09-000000000300},5924,C:\Windows\System32\taskkill.exe,10.0.18362.1533 (WinBuild.160101.0800),NT Layer DLL,Microsoft® Windows® Operating System,Microsoft Corporation,ntdll.dll,,,,,,,,"SHA1=8D671C93CC5C877983AB6D58A59E3E64891128EB,MD5=B823DFC17253F0DA93DE2DB5FEAD520A,SHA256=B0EA79AEEA90EFAE83E7F5F8812F307D52C4BA3F559E409CB6364E90BC69269D,IMPHASH=00000000000000000000000000000000",,,,,,,,,,,,,,C:\Windows\System32\ntdll.dll,True,Microsoft Windows,Valid,,,,,,,,,,,,,,,,,,,,,,,,,,,,,,,,,,,,,,,,,,,,,,,,,,,,,,,,,,,,,,,,,,,,,,,,,,,,,,,,,0,0,0,0,0,0,1,True
2021-06-12 01:07:23,233,Microsoft-Windows-Sysmon,{5770385f-c22a-43e0-bf4c-06f5698ffbd9},4,0x8000000000000000,Microsoft-Windows-Sysmon/Operational,WORKSTATION5,2021-06-11T09:07:23.192Z,2021-06-11T09:07:23.192Z,7,"Image loaded:
RuleName: -
UtcTime: 2021-06-12 01:07:23.181
ProcessGuid: {e2c04bb9-08cb-60c4-7e09-000000000300}
ProcessId: 5924
Image: C:\Windows\System32\taskkill.exe
ImageLoaded: C:\Windows\System32\taskkill.exe
FileVersion: 10.0.18362.1 (WinBuild.160101.0800)
Description: Terminates Processes
Product: Microsoft® Windows® Operating System
Company: Microsoft Corporation
OriginalFileName: taskkill.exe
Hashes: SHA1=DF3A0F49F9310B401FA5C2FE35C086DFA3018DBA,MD5=3BBEE3AC757CA54F33710DF8FB9D47A7,SHA256=D9E29313D2127FF1983A050D84626765D01682EDB2C1C5D5F209DDA20C3EAB87,IMPHASH=100938B32F577E925618EA395A8C469B
Signed: true
Signature: Microsoft Windows
SignatureStatus: Valid",7,-,{e2c04bb9-08cb-60c4-7e09-000000000300},5924,C:\Windows\System32\taskkill.exe,10.0.18362.1 (WinBuild.160101.0800),Terminates Processes,Microsoft® Windows® Operating System,Microsoft Corporation,taskkill.exe,,,,,,,,"SHA1=DF3A0F49F9310B401FA5C2FE35C086DFA3018DBA,MD5=3BBEE3AC757CA54F33710DF8FB9D47A7,SHA256=D9E29313D2127FF1983A050D84626765D01682EDB2C1C5D5F209DDA20C3EAB87,IMPHASH=100938B32F577E925618EA395A8C469B",,,,,,,,,,,,,,C:\Windows\System32\taskkill.exe,True,Microsoft Windows,Valid,,,,,,,,,,,,,,,,,,,,,,,,,,,,,,,,,,,,,,,,,,,,,,,,,,,,,,,,,,,,,,,,,,,,,,,,,,,,,,,,,0,0,0,0,0,0,1,True
2021-06-12 01:07:23,232,Microsoft-Windows-Sysmon,{5770385f-c22a-43e0-bf4c-06f5698ffbd9},4,0x8000000000000000,Microsoft-Windows-Sysmon/Operational,WORKSTATION5,2021-06-11T09:07:23.192Z,2021-06-11T09:07:23.192Z,10,"Process accessed:
RuleName: -
UtcTime: 2021-06-12 01:07:23.181
SourceProcessGUID: {e2c04bb9-a703-60c3-b501-000000000300}
SourceProcessId: 1876
SourceThreadId: 5780
SourceImage: C:\Windows\system32\csrss.exe
TargetProcessGUID: {e2c04bb9-08cb-60c4-7e09-000000000300}
TargetProcessId: 5924
TargetImage: C:\Windows\system32\taskkill.exe
GrantedAccess: 0x1FFFFF
CallTrace: C:\Windows\SYSTEM32\ntdll.dll+9d364|C:\Windows\system32\basesrv.DLL+2fba|C:\Windows\SYSTEM32\CSRSRV.dll+5af4|C:\Windows\SYSTEM32\ntdll.dll+6d72f",10,-,,0,,,,,,,,,,,,,,,,,,,{e2c04bb9-a703-60c3-b501-000000000300},1876,5780.0,C:\Windows\system32\csrss.exe,{e2c04bb9-08cb-60c4-7e09-000000000300},5924,C:\Windows\system32\taskkill.exe,0x1fffff,C:\Windows\SYSTEM32\ntdll.dll+9d364|C:\Windows\system32\basesrv.DLL+2fba|C:\Windows\SYSTEM32\CSRSRV.dll+5af4|C:\Windows\SYSTEM32\ntdll.dll+6d72f,,,,,,,,,,,,,,,,,,,,,,,,,,,,,,,,,,,,,,,,,,,,,,,,,,,,,,,,,,,,,,,,,,,,,,,,,,,,,,,,,,,,,0,0,0,0,0,0,2,True
2021-06-12 01:07:23,231,Microsoft-Windows-Sysmon,{5770385f-c22a-43e0-bf4c-06f5698ffbd9},4,0x8000000000000000,Microsoft-Windows-Sysmon/Operational,WORKSTATION5,2021-06-11T09:07:23.191Z,2021-06-11T09:07:23.191Z,10,"Process accessed:
RuleName: -
UtcTime: 2021-06-12 01:07:23.181
SourceProcessGUID: {e2c04bb9-d0f0-60c3-48da-ec0000000000}
SourceProcessId: 5632
SourceThreadId: 5336
SourceImage: C:\Windows\system32\cmd.exe
TargetProcessGUID: {e2c04bb9-08cb-60c4-7e09-000000000300}
TargetProcessId: 5924
TargetImage: C:\Windows\system32\taskkill.exe
GrantedAccess: 0x1FFFFF
CallTrace: C:\Windows\SYSTEM32\ntdll.dll+9e714|C:\Windows\System32\KERNELBASE.dll+59e0a|C:\Windows\System32\KERNELBASE.dll+567a6|C:\Windows\System32\KERNEL32.DLL+1bee3|C:\Windows\system32\cmd.exe+1350b|C:\Windows\system32\cmd.exe+14a07|C:\Windows\system32\cmd.exe+c0d1|C:\Windows\system32\cmd.exe+b5f1|C:\Windows\system32\cmd.exe+c6e4|C:\Windows\system32\cmd.exe+913e|C:\Windows\system32\cmd.exe+93b3|C:\Windows\system32\cmd.exe+92dd|C:\Windows\system32\cmd.exe+bf92|C:\Windows\system32\cmd.exe+b5f1|C:\Windows\system32\cmd.exe+c6e4|C:\Windows\system32\cmd.exe+913e|C:\Windows\system32\cmd.exe+14a70|C:\Windows\system32\cmd.exe+c0d1|C:\Windows\system32\cmd.exe+b5f1|C:\Windows\system32\cmd.exe+1de6b|C:\Windows\system32\cmd.exe+1821d|C:\Windows\System32\KERNEL32.DLL+17c24|C:\Windows\SYSTEM32\ntdll.dll+6d721",10,-,,0,,,,,,,,,,,,,,,,,,,{e2c04bb9-d0f0-60c3-48da-ec0000000000},5632,5336.0,C:\Windows\system32\cmd.exe,{e2c04bb9-08cb-60c4-7e09-000000000300},5924,C:\Windows\system32\taskkill.exe,0x1fffff,C:\Windows\SYSTEM32\ntdll.dll+9e714|C:\Windows\System32\KERNELBASE.dll+59e0a|C:\Windows\System32\KERNELBASE.dll+567a6|C:\Windows\System32\KERNEL32.DLL+1bee3|C:\Windows\system32\cmd.exe+1350b|C:\Windows\system32\cmd.exe+14a07|C:\Windows\system32\cmd.exe+c0d1|C:\Windows\system32\cmd.exe+b5f1|C:\Windows\system32\cmd.exe+c6e4|C:\Windows\system32\cmd.exe+913e|C:\Windows\system32\cmd.exe+93b3|C:\Windows\system32\cmd.exe+92dd|C:\Windows\system32\cmd.exe+bf92|C:\Windows\system32\cmd.exe+b5f1|C:\Windows\system32\cmd.exe+c6e4|C:\Windows\system32\cmd.exe+913e|C:\Windows\system32\cmd.exe+14a70|C:\Windows\system32\cmd.exe+c0d1|C:\Windows\system32\cmd.exe+b5f1|C:\Windows\system32\cmd.exe+1de6b|C:\Windows\system32\cmd.exe+1821d|C:\Windows\System32\KERNEL32.DLL+17c24|C:\Windows\SYSTEM32\ntdll.dll+6d721,,,,,,,,,,,,,,,,,,,,,,,,,,,,,,,,,,,,,,,,,,,,,,,,,,,,,,,,,,,,,,,,,,,,,,,,,,,,,,,,,,,,,0,0,0,0,0,0,2,True
2021-06-12 01:07:23,230,Microsoft-Windows-Sysmon,{5770385f-c22a-43e0-bf4c-06f5698ffbd9},4,0x8000000000000000,Microsoft-Windows-Sysmon/Operational,WORKSTATION5,2021-06-11T09:07:23.191Z,2021-06-11T09:07:23.191Z,1,"Process Create:
RuleName: -
UtcTime: 2021-06-12 01:07:23.189
ProcessGuid: {e2c04bb9-08cb-60c4-3331-400100000000}
ProcessId: 5924
Image: C:\Windows\System32\taskkill.exe
FileVersion: 10.0.18362.1 (WinBuild.160101.0800)
Description: Terminates Processes
Product: Microsoft® Windows® Operating System
Company: Microsoft Corporation
OriginalFileName: taskkill.exe
CommandLine: taskkill  /IM CreateNamedPipe.exe /F
CurrentDirectory: C:\Users\APT-Simulator\Documents\APTSimulator-master\
User: WORKSTATION5\APT-Simulator
LogonGuid: {e2c04bb9-a708-60c3-fb19-370000000000}
LogonId: 0x3719FB
TerminalSessionId: 2
IntegrityLevel: High
Hashes: SHA1=DF3A0F49F9310B401FA5C2FE35C086DFA3018DBA,MD5=3BBEE3AC757CA54F33710DF8FB9D47A7,SHA256=D9E29313D2127FF1983A050D84626765D01682EDB2C1C5D5F209DDA20C3EAB87,IMPHASH=100938B32F577E925618EA395A8C469B
ParentProcessGuid: {e2c04bb9-d0f0-60c3-48da-ec0000000000}
ParentProcessId: 5632
ParentImage: C:\Windows\System32\cmd.exe
ParentCommandLine: ""C:\Windows\system32\cmd.exe"" ",1,-,{e2c04bb9-08cb-60c4-3331-400100000000},5924,C:\Windows\System32\taskkill.exe,10.0.18362.1 (WinBuild.160101.0800),Terminates Processes,Microsoft® Windows® Operating System,Microsoft Corporation,taskkill.exe,taskkill  /IM CreateNamedPipe.exe /F,C:\Users\APT-Simulator\Documents\APTSimulator-master\,WORKSTATION5\APT-Simulator,{e2c04bb9-a708-60c3-fb19-370000000000},0x3719fb,2.0,High,"SHA1=DF3A0F49F9310B401FA5C2FE35C086DFA3018DBA,MD5=3BBEE3AC757CA54F33710DF8FB9D47A7,SHA256=D9E29313D2127FF1983A050D84626765D01682EDB2C1C5D5F209DDA20C3EAB87,IMPHASH=100938B32F577E925618EA395A8C469B",{e2c04bb9-d0f0-60c3-48da-ec0000000000},5632.0,C:\Windows\System32\cmd.exe,"""C:\Windows\system32\cmd.exe"" ",,,,,,,,,,,,,,,,,,,,,,,,,,,,,,,,,,,,,,,,,,,,,,,,,,,,,,,,,,,,,,,,,,,,,,,,,,,,,,,,,,,,,,,,,,,,,,1,0,0,0,0,0,2,True
2021-06-12 01:07:23,229,Microsoft-Windows-Sysmon,{5770385f-c22a-43e0-bf4c-06f5698ffbd9},4,0x8000000000000000,Microsoft-Windows-Sysmon/Operational,WORKSTATION5,2021-06-11T09:07:23.185Z,2021-06-11T09:07:23.185Z,11,"File created:
RuleName: -
UtcTime: 2021-06-12 01:07:23.181
ProcessGuid: {e2c04bb9-a3ee-60c3-5100-000000000300}
ProcessId: 2288
Image: C:\Windows\system32\svchost.exe
TargetFilename: C:\Windows\Prefetch\TIMEOUT.EXE-902DED03.pf
CreationUtcTime: 2021-06-11 20:21:30.134",11,-,{e2c04bb9-a3ee-60c3-5100-000000000300},2288,C:\Windows\system32\svchost.exe,,,,,,,,,,,,,,,,,,,,,,,,,,,,,,,C:\Windows\Prefetch\TIMEOUT.EXE-902DED03.pf,,2021-06-11 20:21:30.134,,,,,,,,,,,,,,,,,,,,,,,,,,,,,,,,,,,,,,,,,,,,,,,,,,,,,,,,,,,,,,,,,,,,,,,,,,,,,,1,0,0,0,0,0,3,True
2021-06-12 01:07:23,228,Microsoft-Windows-Sysmon,{5770385f-c22a-43e0-bf4c-06f5698ffbd9},4,0x8000000000000000,Microsoft-Windows-Sysmon/Operational,WORKSTATION5,2021-06-11T09:07:23.185Z,2021-06-11T09:07:23.185Z,26,"File Delete logged:
RuleName: -
UtcTime: 2021-06-12 01:07:23.181
ProcessGuid: {e2c04bb9-a3ee-60c3-5100-000000000300}
ProcessId: 2288
User: NT AUTHORITY\SYSTEM
Image: C:\Windows\system32\svchost.exe
TargetFilename: C:\Windows\Prefetch\TIMEOUT.EXE-902DED03.pf
Hashes: SHA1=4BE8C2445E92D1BB477375110C2D1E0659B20E6B,MD5=6FF76B406F3C5CEC1AE0B0D41F6AD549,SHA256=3C0AA10D8075BA603B7D93ADC9B84CB63FB25138308581C4A6F995E007D78448,IMPHASH=00000000000000000000000000000000
IsExecutable: false",26,-,{e2c04bb9-a3ee-60c3-5100-000000000300},2288,C:\Windows\system32\svchost.exe,,,,,,,,NT AUTHORITY\SYSTEM,,,,,"SHA1=4BE8C2445E92D1BB477375110C2D1E0659B20E6B,MD5=6FF76B406F3C5CEC1AE0B0D41F6AD549,SHA256=3C0AA10D8075BA603B7D93ADC9B84CB63FB25138308581C4A6F995E007D78448,IMPHASH=00000000000000000000000000000000",,,,,,,,,,,,,,,,,,C:\Windows\Prefetch\TIMEOUT.EXE-902DED03.pf,False,,,,,,,,,,,,,,,,,,,,,,,,,,,,,,,,,,,,,,,,,,,,,,,,,,,,,,,,,,,,,,,,,,,,,,,,,,,,,,,1,0,0,0,0,0,3,True
2021-06-12 01:07:23,237,Microsoft-Windows-Sysmon,{5770385f-c22a-43e0-bf4c-06f5698ffbd9},4,0x8000000000000000,Microsoft-Windows-Sysmon/Operational,WORKSTATION5,2021-06-11T09:07:23.194Z,2021-06-11T09:07:23.194Z,10,"Process accessed:
RuleName: -
UtcTime: 2021-06-12 01:07:23.181
SourceProcessGUID: {e2c04bb9-d0f0-60c3-0ae0-ec0000000000}
SourceProcessId: 5740
SourceThreadId: 5656
SourceImage: C:\Windows\system32\conhost.exe
TargetProcessGUID: {e2c04bb9-08cb-60c4-7e09-000000000300}
TargetProcessId: 5924
TargetImage: C:\Windows\system32\taskkill.exe
GrantedAccess: 0x1FFFFF
CallTrace: C:\Windows\SYSTEM32\ntdll.dll+9d364|C:\Windows\System32\KERNELBASE.dll+305ee|C:\Windows\system32\conhost.exe+1297d|C:\Windows\system32\conhost.exe+12875|C:\Windows\system32\conhost.exe+8ccc|C:\Windows\system32\conhost.exe+f656|C:\Windows\System32\KERNEL32.DLL+17c24|C:\Windows\SYSTEM32\ntdll.dll+6d721",10,-,,0,,,,,,,,,,,,,,,,,,,{e2c04bb9-d0f0-60c3-0ae0-ec0000000000},5740,5656.0,C:\Windows\system32\conhost.exe,{e2c04bb9-08cb-60c4-7e09-000000000300},5924,C:\Windows\system32\taskkill.exe,0x1fffff,C:\Windows\SYSTEM32\ntdll.dll+9d364|C:\Windows\System32\KERNELBASE.dll+305ee|C:\Windows\system32\conhost.exe+1297d|C:\Windows\system32\conhost.exe+12875|C:\Windows\system32\conhost.exe+8ccc|C:\Windows\system32\conhost.exe+f656|C:\Windows\System32\KERNEL32.DLL+17c24|C:\Windows\SYSTEM32\ntdll.dll+6d721,,,,,,,,,,,,,,,,,,,,,,,,,,,,,,,,,,,,,,,,,,,,,,,,,,,,,,,,,,,,,,,,,,,,,,,,,,,,,,,,,,,,,1,0,0,0,0,0,3,True
2021-06-12 01:07:23,272,Microsoft-Windows-Sysmon,{5770385f-c22a-43e0-bf4c-06f5698ffbd9},4,0x8000000000000000,Microsoft-Windows-Sysmon/Operational,WORKSTATION5,2021-06-11T09:07:23.231Z,2021-06-11T09:07:23.231Z,7,"Image loaded:
RuleName: -
UtcTime: 2021-06-12 01:07:23.228
ProcessGuid: {e2c04bb9-08cb-60c4-7e09-000000000300}
ProcessId: 5924
Image: C:\Windows\System32\taskkill.exe
ImageLoaded: C:\Windows\System32\wbem\fastprox.dll
FileVersion: 10.0.18362.1 (WinBuild.160101.0800)
Description: WMI Custom Marshaller
Product: Microsoft® Windows® Operating System
Company: Microsoft Corporation
OriginalFileName: fastprox.dll
Hashes: SHA1=EC1D3D11835E845616264EC5DB8C1F64A5F5D9F9,MD5=18EB21F581376F1DE995FC8EEACD9C52,SHA256=C2B08EA50344FFA822EC7594C0EC7237416465B444F0FE90D6889A0126898FD8,IMPHASH=826E98CB0ED4EFA13382853984A1F38C
Signed: true
Signature: Microsoft Windows
SignatureStatus: Valid",7,-,{e2c04bb9-08cb-60c4-7e09-000000000300},5924,C:\Windows\System32\taskkill.exe,10.0.18362.1 (WinBuild.160101.0800),WMI Custom Marshaller,Microsoft® Windows® Operating System,Microsoft Corporation,fastprox.dll,,,,,,,,"SHA1=EC1D3D11835E845616264EC5DB8C1F64A5F5D9F9,MD5=18EB21F581376F1DE995FC8EEACD9C52,SHA256=C2B08EA50344FFA822EC7594C0EC7237416465B444F0FE90D6889A0126898FD8,IMPHASH=826E98CB0ED4EFA13382853984A1F38C",,,,,,,,,,,,,,C:\Windows\System32\wbem\fastprox.dll,True,Microsoft Windows,Valid,,,,,,,,,,,,,,,,,,,,,,,,,,,,,,,,,,,,,,,,,,,,,,,,,,,,,,,,,,,,,,,,,,,,,,,,,,,,,,,,,1,0,0,0,0,0,3,True
2021-06-12 01:07:23,249,Microsoft-Windows-Sysmon,{5770385f-c22a-43e0-bf4c-06f5698ffbd9},4,0x8000000000000000,Microsoft-Windows-Sysmon/Operational,WORKSTATION5,2021-06-11T09:07:23.209Z,2021-06-11T09:07:23.209Z,7,"Image loaded:
RuleName: -
UtcTime: 2021-06-12 01:07:23.200
ProcessGuid: {e2c04bb9-08cb-60c4-7e09-000000000300}
ProcessId: 5924
Image: C:\Windows\System32\taskkill.exe
ImageLoaded: C:\Windows\System32\combase.dll
FileVersion: 10.0.18362.1500 (WinBuild.160101.0800)
Description: Microsoft COM for Windows
Product: Microsoft® Windows® Operating System
Company: Microsoft Corporation
OriginalFileName: COMBASE.DLL
Hashes: SHA1=EDFDBEF51F7D98203F8A5EDBBFFE8805107923ED,MD5=433110F4286BC2A4886BC9F1296C059C,SHA256=B091FA249211AD2D5BAD64BFA8E424055E8A73A40FBD5B60025B4728DFEA779B,IMPHASH=0663394E7C26DF14173E1B021223CC2E
Signed: true
Signature: Microsoft Windows
SignatureStatus: Valid",7,-,{e2c04bb9-08cb-60c4-7e09-000000000300},5924,C:\Windows\System32\taskkill.exe,10.0.18362.1500 (WinBuild.160101.0800),Microsoft COM for Windows,Microsoft® Windows® Operating System,Microsoft Corporation,COMBASE.DLL,,,,,,,,"SHA1=EDFDBEF51F7D98203F8A5EDBBFFE8805107923ED,MD5=433110F4286BC2A4886BC9F1296C059C,SHA256=B091FA249211AD2D5BAD64BFA8E424055E8A73A40FBD5B60025B4728DFEA779B,IMPHASH=0663394E7C26DF14173E1B021223CC2E",,,,,,,,,,,,,,C:\Windows\System32\combase.dll,True,Microsoft Windows,Valid,,,,,,,,,,,,,,,,,,,,,,,,,,,,,,,,,,,,,,,,,,,,,,,,,,,,,,,,,,,,,,,,,,,,,,,,,,,,,,,,,0,0,0,0,0,0,3,True
2021-06-12 01:07:23,251,Microsoft-Windows-Sysmon,{5770385f-c22a-43e0-bf4c-06f5698ffbd9},4,0x8000000000000000,Microsoft-Windows-Sysmon/Operational,WORKSTATION5,2021-06-11T09:07:23.209Z,2021-06-11T09:07:23.209Z,7,"Image loaded:
RuleName: -
UtcTime: 2021-06-12 01:07:23.200
ProcessGuid: {e2c04bb9-08cb-60c4-7e09-000000000300}
ProcessId: 5924
Image: C:\Windows\System32\taskkill.exe
ImageLoaded: C:\Windows\System32\ws2_32.dll
FileVersion: 10.0.18362.387 (WinBuild.160101.0800)
Description: Windows Socket 2.0 32-Bit DLL
Product: Microsoft® Windows® Operating System
Company: Microsoft Corporation
OriginalFileName: ws2_32.dll
Hashes: SHA1=0E931ED820C96CCAD23D4AFCB0ACD97C99155D11,MD5=C0F8DA7568D2F1534E0ABB0E69DC3280,SHA256=E419A4BBDF1D5E0601E90BAFC1558DBD7414CD44E098B581C1915EF2C6E38D0B,IMPHASH=70D7A835AF4CA9F98A94AAF1B60BF88F
Signed: true
Signature: Microsoft Windows
SignatureStatus: Valid",7,-,{e2c04bb9-08cb-60c4-7e09-000000000300},5924,C:\Windows\System32\taskkill.exe,10.0.18362.387 (WinBuild.160101.0800),Windows Socket 2.0 32-Bit DLL,Microsoft® Windows® Operating System,Microsoft Corporation,ws2_32.dll,,,,,,,,"SHA1=0E931ED820C96CCAD23D4AFCB0ACD97C99155D11,MD5=C0F8DA7568D2F1534E0ABB0E69DC3280,SHA256=E419A4BBDF1D5E0601E90BAFC1558DBD7414CD44E098B581C1915EF2C6E38D0B,IMPHASH=70D7A835AF4CA9F98A94AAF1B60BF88F",,,,,,,,,,,,,,C:\Windows\System32\ws2_32.dll,True,Microsoft Windows,Valid,,,,,,,,,,,,,,,,,,,,,,,,,,,,,,,,,,,,,,,,,,,,,,,,,,,,,,,,,,,,,,,,,,,,,,,,,,,,,,,,,0,0,0,0,0,0,3,True
2021-06-12 01:07:23,270,Microsoft-Windows-Sysmon,{5770385f-c22a-43e0-bf4c-06f5698ffbd9},4,0x8000000000000000,Microsoft-Windows-Sysmon/Operational,WORKSTATION5,2021-06-11T09:07:23.222Z,2021-06-11T09:07:23.222Z,7,"Image loaded:
RuleName: -
UtcTime: 2021-06-12 01:07:23.215
ProcessGuid: {e2c04bb9-08cb-60c4-7e09-000000000300}
ProcessId: 5924
Image: C:\Windows\System32\taskkill.exe
ImageLoaded: C:\Windows\System32\winsta.dll
FileVersion: 10.0.18362.836 (WinBuild.160101.0800)
Description: Winstation Library
Product: Microsoft® Windows® Operating System
Company: Microsoft Corporation
OriginalFileName: winsta.dll
Hashes: SHA1=BC666F6AC9985FD99FA974398A63EFDF68E5F766,MD5=7F83AD032FE8C2A85FD1BFC6A2C8ECCA,SHA256=3F597058770B12ABF3697B01237FDB79E7EEAE3A4038E76B7EFCCAADEA633952,IMPHASH=804811DBB54325C74F39C5B286FBDF29
Signed: true
Signature: Microsoft Windows
SignatureStatus: Valid",7,-,{e2c04bb9-08cb-60c4-7e09-000000000300},5924,C:\Windows\System32\taskkill.exe,10.0.18362.836 (WinBuild.160101.0800),Winstation Library,Microsoft® Windows® Operating System,Microsoft Corporation,winsta.dll,,,,,,,,"SHA1=BC666F6AC9985FD99FA974398A63EFDF68E5F766,MD5=7F83AD032FE8C2A85FD1BFC6A2C8ECCA,SHA256=3F597058770B12ABF3697B01237FDB79E7EEAE3A4038E76B7EFCCAADEA633952,IMPHASH=804811DBB54325C74F39C5B286FBDF29",,,,,,,,,,,,,,C:\Windows\System32\winsta.dll,True,Microsoft Windows,Valid,,,,,,,,,,,,,,,,,,,,,,,,,,,,,,,,,,,,,,,,,,,,,,,,,,,,,,,,,,,,,,,,,,,,,,,,,,,,,,,,,0,0,0,0,0,0,2,True
2021-06-12 01:07:23,269,Microsoft-Windows-Sysmon,{5770385f-c22a-43e0-bf4c-06f5698ffbd9},4,0x8000000000000000,Microsoft-Windows-Sysmon/Operational,WORKSTATION5,2021-06-11T09:07:23.221Z,2021-06-11T09:07:23.221Z,12,"Registry object added or deleted:
RuleName: -
EventType: CreateKey
UtcTime: 2021-06-12 01:07:23.215
ProcessGuid: {e2c04bb9-08cb-60c4-7e09-000000000300}
ProcessId: 5924
Image: C:\Windows\system32\taskkill.exe
TargetObject: HKLM\SOFTWARE\Microsoft\Wbem\CIMOM",12,-,{e2c04bb9-08cb-60c4-7e09-000000000300},5924,C:\Windows\system32\taskkill.exe,,,,,,,,,,,,,,,,,,,,,,,,,,,,,,,,,,CreateKey,HKLM\SOFTWARE\Microsoft\Wbem\CIMOM,,,,,,,,,,,,,,,,,,,,,,,,,,,,,,,,,,,,,,,,,,,,,,,,,,,,,,,,,,,,,,,,,,,,,,,,,,,,0,0,0,1,0,0,1,True
