2021-06-12 01:07:28,647,Microsoft-Windows-Sysmon,{5770385f-c22a-43e0-bf4c-06f5698ffbd9},4,0x8000000000000000,Microsoft-Windows-Sysmon/Operational,WORKSTATION5,2021-06-11T09:07:28.133Z,2021-06-11T09:07:28.133Z,7,"Image loaded:
RuleName: -
UtcTime: 2021-06-12 01:07:28.119
ProcessGuid: {e2c04bb9-08d0-60c4-8209-000000000300}
ProcessId: 3096
Image: C:\Windows\System32\taskkill.exe
ImageLoaded: C:\Windows\System32\sechost.dll
FileVersion: 10.0.18362.1474 (WinBuild.160101.0800)
Description: Host for SCM/SDDL/LSA Lookup APIs
Product: Microsoft® Windows® Operating System
Company: Microsoft Corporation
OriginalFileName: sechost.dll
Hashes: SHA1=9EF4F89E1B8499A251058FA8F6DA30F640D9B249,MD5=F97C22504B6ACA5527DAAD3755BC639E,SHA256=3A2E5DB9DCDB45FF9F731BC1B253862B9DD7710D802D04F12C1AA100C5E5A812,IMPHASH=CE4BD072766253F6A267D0284CA82002
Signed: true
Signature: Microsoft Windows
SignatureStatus: Valid",7,-,{e2c04bb9-08d0-60c4-8209-000000000300},3096,C:\Windows\System32\taskkill.exe,10.0.18362.1474 (WinBuild.160101.0800),Host for SCM/SDDL/LSA Lookup APIs,Microsoft® Windows® Operating System,Microsoft Corporation,sechost.dll,,,,,,,,"SHA1=9EF4F89E1B8499A251058FA8F6DA30F640D9B249,MD5=F97C22504B6ACA5527DAAD3755BC639E,SHA256=3A2E5DB9DCDB45FF9F731BC1B253862B9DD7710D802D04F12C1AA100C5E5A812,IMPHASH=CE4BD072766253F6A267D0284CA82002",,,,,,,,,,,,,,C:\Windows\System32\sechost.dll,True,Microsoft Windows,Valid,,,,,,,,,,,,,,,,,,,,,,,,,,,,,,,,,,,,,,,,,,,,,,,,,,,,,,,,,,,,,,,,,,,,,,,,,,,,,,,,,0,0,0,0,0,0,1,True
2021-06-12 01:07:28,646,Microsoft-Windows-Sysmon,{5770385f-c22a-43e0-bf4c-06f5698ffbd9},4,0x8000000000000000,Microsoft-Windows-Sysmon/Operational,WORKSTATION5,2021-06-11T09:07:28.132Z,2021-06-11T09:07:28.132Z,7,"Image loaded:
RuleName: -
UtcTime: 2021-06-12 01:07:28.119
ProcessGuid: {e2c04bb9-08d0-60c4-8209-000000000300}
ProcessId: 3096
Image: C:\Windows\System32\taskkill.exe
ImageLoaded: C:\Windows\System32\msvcrt.dll
FileVersion: 7.0.18362.1 (WinBuild.160101.0800)
Description: Windows NT CRT DLL
Product: Microsoft® Windows® Operating System
Company: Microsoft Corporation
OriginalFileName: msvcrt.dll
Hashes: SHA1=0EA4B3CFB14E49CEC0D42FF0F1FA989E69647A8F,MD5=36354D9B5B0A58A4B9A19103852C00A2,SHA256=E5A863D3F4BFEFED7D73A7B1499F81B7235BC9AE3C108065041BCB8E5446B1BB,IMPHASH=1273683626EBBA703979F188A1E64237
Signed: true
Signature: Microsoft Windows
SignatureStatus: Valid",7,-,{e2c04bb9-08d0-60c4-8209-000000000300},3096,C:\Windows\System32\taskkill.exe,7.0.18362.1 (WinBuild.160101.0800),Windows NT CRT DLL,Microsoft® Windows® Operating System,Microsoft Corporation,msvcrt.dll,,,,,,,,"SHA1=0EA4B3CFB14E49CEC0D42FF0F1FA989E69647A8F,MD5=36354D9B5B0A58A4B9A19103852C00A2,SHA256=E5A863D3F4BFEFED7D73A7B1499F81B7235BC9AE3C108065041BCB8E5446B1BB,IMPHASH=1273683626EBBA703979F188A1E64237",,,,,,,,,,,,,,C:\Windows\System32\msvcrt.dll,True,Microsoft Windows,Valid,,,,,,,,,,,,,,,,,,,,,,,,,,,,,,,,,,,,,,,,,,,,,,,,,,,,,,,,,,,,,,,,,,,,,,,,,,,,,,,,,0,0,0,0,0,0,1,True
2021-06-12 01:07:28,645,Microsoft-Windows-Sysmon,{5770385f-c22a-43e0-bf4c-06f5698ffbd9},4,0x8000000000000000,Microsoft-Windows-Sysmon/Operational,WORKSTATION5,2021-06-11T09:07:28.132Z,2021-06-11T09:07:28.132Z,7,"Image loaded:
RuleName: -
UtcTime: 2021-06-12 01:07:28.119
ProcessGuid: {e2c04bb9-08d0-60c4-8209-000000000300}
ProcessId: 3096
Image: C:\Windows\System32\taskkill.exe
ImageLoaded: C:\Windows\System32\advapi32.dll
FileVersion: 10.0.18362.752 (WinBuild.160101.0800)
Description: Advanced Windows 32 Base API
Product: Microsoft® Windows® Operating System
Company: Microsoft Corporation
OriginalFileName: advapi32.dll
Hashes: SHA1=35C61DDE6F8F4ED05F9C4837E2B91C886CA79F82,MD5=EA4F6E7961B4A402F6F5EC33C655260A,SHA256=5E2D103E7E1FD7CA0492E541F082D274EF6259AF2158A3562986C796C5C869DD,IMPHASH=8EEA175C33205685FB8A14876D7564DB
Signed: true
Signature: Microsoft Windows
SignatureStatus: Valid",7,-,{e2c04bb9-08d0-60c4-8209-000000000300},3096,C:\Windows\System32\taskkill.exe,10.0.18362.752 (WinBuild.160101.0800),Advanced Windows 32 Base API,Microsoft® Windows® Operating System,Microsoft Corporation,advapi32.dll,,,,,,,,"SHA1=35C61DDE6F8F4ED05F9C4837E2B91C886CA79F82,MD5=EA4F6E7961B4A402F6F5EC33C655260A,SHA256=5E2D103E7E1FD7CA0492E541F082D274EF6259AF2158A3562986C796C5C869DD,IMPHASH=8EEA175C33205685FB8A14876D7564DB",,,,,,,,,,,,,,C:\Windows\System32\advapi32.dll,True,Microsoft Windows,Valid,,,,,,,,,,,,,,,,,,,,,,,,,,,,,,,,,,,,,,,,,,,,,,,,,,,,,,,,,,,,,,,,,,,,,,,,,,,,,,,,,0,0,0,0,0,0,1,True
2021-06-12 01:07:28,644,Microsoft-Windows-Sysmon,{5770385f-c22a-43e0-bf4c-06f5698ffbd9},4,0x8000000000000000,Microsoft-Windows-Sysmon/Operational,WORKSTATION5,2021-06-11T09:07:28.131Z,2021-06-11T09:07:28.131Z,10,"Process accessed:
RuleName: -
UtcTime: 2021-06-12 01:07:28.119
SourceProcessGUID: {e2c04bb9-d0f0-60c3-0ae0-ec0000000000}
SourceProcessId: 5740
SourceThreadId: 5656
SourceImage: C:\Windows\system32\conhost.exe
TargetProcessGUID: {e2c04bb9-08d0-60c4-8209-000000000300}
TargetProcessId: 3096
TargetImage: C:\Windows\system32\taskkill.exe
GrantedAccess: 0x1FFFFF
CallTrace: C:\Windows\SYSTEM32\ntdll.dll+9d364|C:\Windows\System32\KERNELBASE.dll+305ee|C:\Windows\system32\conhost.exe+1297d|C:\Windows\system32\conhost.exe+12875|C:\Windows\system32\conhost.exe+8ccc|C:\Windows\system32\conhost.exe+f656|C:\Windows\System32\KERNEL32.DLL+17c24|C:\Windows\SYSTEM32\ntdll.dll+6d721",10,-,,0,,,,,,,,,,,,,,,,,,,{e2c04bb9-d0f0-60c3-0ae0-ec0000000000},5740,5656.0,C:\Windows\system32\conhost.exe,{e2c04bb9-08d0-60c4-8209-000000000300},3096,C:\Windows\system32\taskkill.exe,0x1fffff,C:\Windows\SYSTEM32\ntdll.dll+9d364|C:\Windows\System32\KERNELBASE.dll+305ee|C:\Windows\system32\conhost.exe+1297d|C:\Windows\system32\conhost.exe+12875|C:\Windows\system32\conhost.exe+8ccc|C:\Windows\system32\conhost.exe+f656|C:\Windows\System32\KERNEL32.DLL+17c24|C:\Windows\SYSTEM32\ntdll.dll+6d721,,,,,,,,,,,,,,,,,,,,,,,,,,,,,,,,,,,,,,,,,,,,,,,,,,,,,,,,,,,,,,,,,,,,,,,,,,,,,,,,,,,,,0,0,0,0,0,0,2,True
2021-06-12 01:07:28,643,Microsoft-Windows-Sysmon,{5770385f-c22a-43e0-bf4c-06f5698ffbd9},4,0x8000000000000000,Microsoft-Windows-Sysmon/Operational,WORKSTATION5,2021-06-11T09:07:28.130Z,2021-06-11T09:07:28.130Z,7,"Image loaded:
RuleName: -
UtcTime: 2021-06-12 01:07:28.119
ProcessGuid: {e2c04bb9-08d0-60c4-8209-000000000300}
ProcessId: 3096
Image: C:\Windows\System32\taskkill.exe
ImageLoaded: C:\Windows\System32\KernelBase.dll
FileVersion: 10.0.18362.1474 (WinBuild.160101.0800)
Description: Windows NT BASE API Client DLL
Product: Microsoft® Windows® Operating System
Company: Microsoft Corporation
OriginalFileName: Kernelbase.dll
Hashes: SHA1=568E892FA3286C72BC89867B182CE76800018964,MD5=E562EC4C5C939BF4CA506E288A54CC02,SHA256=60827CB832FDC137A3F9146AE666CDE3EA4B2D94CAE289D4A33B6D1D363656D3,IMPHASH=16003AF856720C35351BB8C14AD0B0A8
Signed: true
Signature: Microsoft Windows
SignatureStatus: Valid",7,-,{e2c04bb9-08d0-60c4-8209-000000000300},3096,C:\Windows\System32\taskkill.exe,10.0.18362.1474 (WinBuild.160101.0800),Windows NT BASE API Client DLL,Microsoft® Windows® Operating System,Microsoft Corporation,Kernelbase.dll,,,,,,,,"SHA1=568E892FA3286C72BC89867B182CE76800018964,MD5=E562EC4C5C939BF4CA506E288A54CC02,SHA256=60827CB832FDC137A3F9146AE666CDE3EA4B2D94CAE289D4A33B6D1D363656D3,IMPHASH=16003AF856720C35351BB8C14AD0B0A8",,,,,,,,,,,,,,C:\Windows\System32\KernelBase.dll,True,Microsoft Windows,Valid,,,,,,,,,,,,,,,,,,,,,,,,,,,,,,,,,,,,,,,,,,,,,,,,,,,,,,,,,,,,,,,,,,,,,,,,,,,,,,,,,0,0,0,0,0,0,2,True
2021-06-12 01:07:28,642,Microsoft-Windows-Sysmon,{5770385f-c22a-43e0-bf4c-06f5698ffbd9},4,0x8000000000000000,Microsoft-Windows-Sysmon/Operational,WORKSTATION5,2021-06-11T09:07:28.130Z,2021-06-11T09:07:28.130Z,7,"Image loaded:
RuleName: -
UtcTime: 2021-06-12 01:07:28.119
ProcessGuid: {e2c04bb9-08d0-60c4-8209-000000000300}
ProcessId: 3096
Image: C:\Windows\System32\taskkill.exe
ImageLoaded: C:\Windows\System32\kernel32.dll
FileVersion: 10.0.18362.1500 (WinBuild.160101.0800)
Description: Windows NT BASE API Client DLL
Product: Microsoft® Windows® Operating System
Company: Microsoft Corporation
OriginalFileName: kernel32
Hashes: SHA1=70D4E25E30AFE0716141B8AC1B757A95740002D2,MD5=B14CD8F455D772BD153AF48ED33FF48E,SHA256=562F1B7198A9EB3920A218D0A020E998CD52FF8A02A34A76564092F86AC70A44,IMPHASH=D3645703895C4EBB8EA5B9B26816A081
Signed: true
Signature: Microsoft Windows
SignatureStatus: Valid",7,-,{e2c04bb9-08d0-60c4-8209-000000000300},3096,C:\Windows\System32\taskkill.exe,10.0.18362.1500 (WinBuild.160101.0800),Windows NT BASE API Client DLL,Microsoft® Windows® Operating System,Microsoft Corporation,kernel32,,,,,,,,"SHA1=70D4E25E30AFE0716141B8AC1B757A95740002D2,MD5=B14CD8F455D772BD153AF48ED33FF48E,SHA256=562F1B7198A9EB3920A218D0A020E998CD52FF8A02A34A76564092F86AC70A44,IMPHASH=D3645703895C4EBB8EA5B9B26816A081",,,,,,,,,,,,,,C:\Windows\System32\kernel32.dll,True,Microsoft Windows,Valid,,,,,,,,,,,,,,,,,,,,,,,,,,,,,,,,,,,,,,,,,,,,,,,,,,,,,,,,,,,,,,,,,,,,,,,,,,,,,,,,,0,0,0,0,0,0,2,True
2021-06-12 01:07:28,641,Microsoft-Windows-Sysmon,{5770385f-c22a-43e0-bf4c-06f5698ffbd9},4,0x8000000000000000,Microsoft-Windows-Sysmon/Operational,WORKSTATION5,2021-06-11T09:07:28.129Z,2021-06-11T09:07:28.129Z,7,"Image loaded:
RuleName: -
UtcTime: 2021-06-12 01:07:28.119
ProcessGuid: {e2c04bb9-08d0-60c4-8209-000000000300}
ProcessId: 3096
Image: C:\Windows\System32\taskkill.exe
ImageLoaded: C:\Windows\System32\ntdll.dll
FileVersion: 10.0.18362.1533 (WinBuild.160101.0800)
Description: NT Layer DLL
Product: Microsoft® Windows® Operating System
Company: Microsoft Corporation
OriginalFileName: ntdll.dll
Hashes: SHA1=8D671C93CC5C877983AB6D58A59E3E64891128EB,MD5=B823DFC17253F0DA93DE2DB5FEAD520A,SHA256=B0EA79AEEA90EFAE83E7F5F8812F307D52C4BA3F559E409CB6364E90BC69269D,IMPHASH=00000000000000000000000000000000
Signed: true
Signature: Microsoft Windows
SignatureStatus: Valid",7,-,{e2c04bb9-08d0-60c4-8209-000000000300},3096,C:\Windows\System32\taskkill.exe,10.0.18362.1533 (WinBuild.160101.0800),NT Layer DLL,Microsoft® Windows® Operating System,Microsoft Corporation,ntdll.dll,,,,,,,,"SHA1=8D671C93CC5C877983AB6D58A59E3E64891128EB,MD5=B823DFC17253F0DA93DE2DB5FEAD520A,SHA256=B0EA79AEEA90EFAE83E7F5F8812F307D52C4BA3F559E409CB6364E90BC69269D,IMPHASH=00000000000000000000000000000000",,,,,,,,,,,,,,C:\Windows\System32\ntdll.dll,True,Microsoft Windows,Valid,,,,,,,,,,,,,,,,,,,,,,,,,,,,,,,,,,,,,,,,,,,,,,,,,,,,,,,,,,,,,,,,,,,,,,,,,,,,,,,,,0,0,0,0,0,0,2,True
2021-06-12 01:07:28,640,Microsoft-Windows-Sysmon,{5770385f-c22a-43e0-bf4c-06f5698ffbd9},4,0x8000000000000000,Microsoft-Windows-Sysmon/Operational,WORKSTATION5,2021-06-11T09:07:28.129Z,2021-06-11T09:07:28.129Z,7,"Image loaded:
RuleName: -
UtcTime: 2021-06-12 01:07:28.119
ProcessGuid: {e2c04bb9-08d0-60c4-8209-000000000300}
ProcessId: 3096
Image: C:\Windows\System32\taskkill.exe
ImageLoaded: C:\Windows\System32\taskkill.exe
FileVersion: 10.0.18362.1 (WinBuild.160101.0800)
Description: Terminates Processes
Product: Microsoft® Windows® Operating System
Company: Microsoft Corporation
OriginalFileName: taskkill.exe
Hashes: SHA1=DF3A0F49F9310B401FA5C2FE35C086DFA3018DBA,MD5=3BBEE3AC757CA54F33710DF8FB9D47A7,SHA256=D9E29313D2127FF1983A050D84626765D01682EDB2C1C5D5F209DDA20C3EAB87,IMPHASH=100938B32F577E925618EA395A8C469B
Signed: true
Signature: Microsoft Windows
SignatureStatus: Valid",7,-,{e2c04bb9-08d0-60c4-8209-000000000300},3096,C:\Windows\System32\taskkill.exe,10.0.18362.1 (WinBuild.160101.0800),Terminates Processes,Microsoft® Windows® Operating System,Microsoft Corporation,taskkill.exe,,,,,,,,"SHA1=DF3A0F49F9310B401FA5C2FE35C086DFA3018DBA,MD5=3BBEE3AC757CA54F33710DF8FB9D47A7,SHA256=D9E29313D2127FF1983A050D84626765D01682EDB2C1C5D5F209DDA20C3EAB87,IMPHASH=100938B32F577E925618EA395A8C469B",,,,,,,,,,,,,,C:\Windows\System32\taskkill.exe,True,Microsoft Windows,Valid,,,,,,,,,,,,,,,,,,,,,,,,,,,,,,,,,,,,,,,,,,,,,,,,,,,,,,,,,,,,,,,,,,,,,,,,,,,,,,,,,0,0,0,0,0,0,2,True
2021-06-12 01:07:28,639,Microsoft-Windows-Sysmon,{5770385f-c22a-43e0-bf4c-06f5698ffbd9},4,0x8000000000000000,Microsoft-Windows-Sysmon/Operational,WORKSTATION5,2021-06-11T09:07:28.128Z,2021-06-11T09:07:28.128Z,10,"Process accessed:
RuleName: -
UtcTime: 2021-06-12 01:07:28.119
SourceProcessGUID: {e2c04bb9-a703-60c3-b501-000000000300}
SourceProcessId: 1876
SourceThreadId: 4024
SourceImage: C:\Windows\system32\csrss.exe
TargetProcessGUID: {e2c04bb9-08d0-60c4-8209-000000000300}
TargetProcessId: 3096
TargetImage: C:\Windows\system32\taskkill.exe
GrantedAccess: 0x1FFFFF
CallTrace: C:\Windows\SYSTEM32\ntdll.dll+9d364|C:\Windows\system32\basesrv.DLL+2fba|C:\Windows\SYSTEM32\CSRSRV.dll+5af4|C:\Windows\SYSTEM32\ntdll.dll+6d72f",10,-,,0,,,,,,,,,,,,,,,,,,,{e2c04bb9-a703-60c3-b501-000000000300},1876,4024.0,C:\Windows\system32\csrss.exe,{e2c04bb9-08d0-60c4-8209-000000000300},3096,C:\Windows\system32\taskkill.exe,0x1fffff,C:\Windows\SYSTEM32\ntdll.dll+9d364|C:\Windows\system32\basesrv.DLL+2fba|C:\Windows\SYSTEM32\CSRSRV.dll+5af4|C:\Windows\SYSTEM32\ntdll.dll+6d72f,,,,,,,,,,,,,,,,,,,,,,,,,,,,,,,,,,,,,,,,,,,,,,,,,,,,,,,,,,,,,,,,,,,,,,,,,,,,,,,,,,,,,0,0,0,0,0,0,2,True
2021-06-12 01:07:28,638,Microsoft-Windows-Sysmon,{5770385f-c22a-43e0-bf4c-06f5698ffbd9},4,0x8000000000000000,Microsoft-Windows-Sysmon/Operational,WORKSTATION5,2021-06-11T09:07:28.128Z,2021-06-11T09:07:28.128Z,10,"Process accessed:
RuleName: -
UtcTime: 2021-06-12 01:07:28.119
SourceProcessGUID: {e2c04bb9-d0f0-60c3-48da-ec0000000000}
SourceProcessId: 5632
SourceThreadId: 5336
SourceImage: C:\Windows\system32\cmd.exe
TargetProcessGUID: {e2c04bb9-08d0-60c4-8209-000000000300}
TargetProcessId: 3096
TargetImage: C:\Windows\system32\taskkill.exe
GrantedAccess: 0x1FFFFF
CallTrace: C:\Windows\SYSTEM32\ntdll.dll+9e714|C:\Windows\System32\KERNELBASE.dll+59e0a|C:\Windows\System32\KERNELBASE.dll+567a6|C:\Windows\System32\KERNEL32.DLL+1bee3|C:\Windows\system32\cmd.exe+1350b|C:\Windows\system32\cmd.exe+14a07|C:\Windows\system32\cmd.exe+c0d1|C:\Windows\system32\cmd.exe+b5f1|C:\Windows\system32\cmd.exe+c6e4|C:\Windows\system32\cmd.exe+913e|C:\Windows\system32\cmd.exe+93b3|C:\Windows\system32\cmd.exe+92dd|C:\Windows\system32\cmd.exe+bf92|C:\Windows\system32\cmd.exe+b5f1|C:\Windows\system32\cmd.exe+c6e4|C:\Windows\system32\cmd.exe+913e|C:\Windows\system32\cmd.exe+14a70|C:\Windows\system32\cmd.exe+c0d1|C:\Windows\system32\cmd.exe+b5f1|C:\Windows\system32\cmd.exe+1de6b|C:\Windows\system32\cmd.exe+1821d|C:\Windows\System32\KERNEL32.DLL+17c24|C:\Windows\SYSTEM32\ntdll.dll+6d721",10,-,,0,,,,,,,,,,,,,,,,,,,{e2c04bb9-d0f0-60c3-48da-ec0000000000},5632,5336.0,C:\Windows\system32\cmd.exe,{e2c04bb9-08d0-60c4-8209-000000000300},3096,C:\Windows\system32\taskkill.exe,0x1fffff,C:\Windows\SYSTEM32\ntdll.dll+9e714|C:\Windows\System32\KERNELBASE.dll+59e0a|C:\Windows\System32\KERNELBASE.dll+567a6|C:\Windows\System32\KERNEL32.DLL+1bee3|C:\Windows\system32\cmd.exe+1350b|C:\Windows\system32\cmd.exe+14a07|C:\Windows\system32\cmd.exe+c0d1|C:\Windows\system32\cmd.exe+b5f1|C:\Windows\system32\cmd.exe+c6e4|C:\Windows\system32\cmd.exe+913e|C:\Windows\system32\cmd.exe+93b3|C:\Windows\system32\cmd.exe+92dd|C:\Windows\system32\cmd.exe+bf92|C:\Windows\system32\cmd.exe+b5f1|C:\Windows\system32\cmd.exe+c6e4|C:\Windows\system32\cmd.exe+913e|C:\Windows\system32\cmd.exe+14a70|C:\Windows\system32\cmd.exe+c0d1|C:\Windows\system32\cmd.exe+b5f1|C:\Windows\system32\cmd.exe+1de6b|C:\Windows\system32\cmd.exe+1821d|C:\Windows\System32\KERNEL32.DLL+17c24|C:\Windows\SYSTEM32\ntdll.dll+6d721,,,,,,,,,,,,,,,,,,,,,,,,,,,,,,,,,,,,,,,,,,,,,,,,,,,,,,,,,,,,,,,,,,,,,,,,,,,,,,,,,,,,,0,0,0,0,0,0,2,True
2021-06-12 01:07:28,637,Microsoft-Windows-Sysmon,{5770385f-c22a-43e0-bf4c-06f5698ffbd9},4,0x8000000000000000,Microsoft-Windows-Sysmon/Operational,WORKSTATION5,2021-06-11T09:07:28.128Z,2021-06-11T09:07:28.128Z,1,"Process Create:
RuleName: -
UtcTime: 2021-06-12 01:07:28.126
ProcessGuid: {e2c04bb9-08d0-60c4-7856-400100000000}
ProcessId: 3096
Image: C:\Windows\System32\taskkill.exe
FileVersion: 10.0.18362.1 (WinBuild.160101.0800)
Description: Terminates Processes
Product: Microsoft® Windows® Operating System
Company: Microsoft Corporation
OriginalFileName: taskkill.exe
CommandLine: taskkill  /IM CreateNamedPipe.exe /F
CurrentDirectory: C:\Users\APT-Simulator\Documents\APTSimulator-master\
User: WORKSTATION5\APT-Simulator
LogonGuid: {e2c04bb9-a708-60c3-fb19-370000000000}
LogonId: 0x3719FB
TerminalSessionId: 2
IntegrityLevel: High
Hashes: SHA1=DF3A0F49F9310B401FA5C2FE35C086DFA3018DBA,MD5=3BBEE3AC757CA54F33710DF8FB9D47A7,SHA256=D9E29313D2127FF1983A050D84626765D01682EDB2C1C5D5F209DDA20C3EAB87,IMPHASH=100938B32F577E925618EA395A8C469B
ParentProcessGuid: {e2c04bb9-d0f0-60c3-48da-ec0000000000}
ParentProcessId: 5632
ParentImage: C:\Windows\System32\cmd.exe
ParentCommandLine: ""C:\Windows\system32\cmd.exe"" ",1,-,{e2c04bb9-08d0-60c4-7856-400100000000},3096,C:\Windows\System32\taskkill.exe,10.0.18362.1 (WinBuild.160101.0800),Terminates Processes,Microsoft® Windows® Operating System,Microsoft Corporation,taskkill.exe,taskkill  /IM CreateNamedPipe.exe /F,C:\Users\APT-Simulator\Documents\APTSimulator-master\,WORKSTATION5\APT-Simulator,{e2c04bb9-a708-60c3-fb19-370000000000},0x3719fb,2.0,High,"SHA1=DF3A0F49F9310B401FA5C2FE35C086DFA3018DBA,MD5=3BBEE3AC757CA54F33710DF8FB9D47A7,SHA256=D9E29313D2127FF1983A050D84626765D01682EDB2C1C5D5F209DDA20C3EAB87,IMPHASH=100938B32F577E925618EA395A8C469B",{e2c04bb9-d0f0-60c3-48da-ec0000000000},5632.0,C:\Windows\System32\cmd.exe,"""C:\Windows\system32\cmd.exe"" ",,,,,,,,,,,,,,,,,,,,,,,,,,,,,,,,,,,,,,,,,,,,,,,,,,,,,,,,,,,,,,,,,,,,,,,,,,,,,,,,,,,,,,,,,,,,,,1,0,0,0,0,0,2,True
2021-06-12 01:07:28,636,Microsoft-Windows-Sysmon,{5770385f-c22a-43e0-bf4c-06f5698ffbd9},4,0x8000000000000000,Microsoft-Windows-Sysmon/Operational,WORKSTATION5,2021-06-11T09:07:28.120Z,2021-06-11T09:07:28.120Z,5,"Process terminated:
RuleName: -
UtcTime: 2021-06-12 01:07:28.119
ProcessGuid: {e2c04bb9-08cb-60c4-1644-400100000000}
ProcessId: 6568
Image: C:\Windows\System32\timeout.exe",5,-,{e2c04bb9-08cb-60c4-1644-400100000000},6568,C:\Windows\System32\timeout.exe,,,,,,,,,,,,,,,,,,,,,,,,,,,,,,,,,,,,,,,,,,,,,,,,,,,,,,,,,,,,,,,,,,,,,,,,,,,,,,,,,,,,,,,,,,,,,,,,,,,,,,,,,,,,,,,1,0,0,0,0,0,3,True
2021-06-12 01:07:28,802,Microsoft-Windows-Sysmon,{5770385f-c22a-43e0-bf4c-06f5698ffbd9},4,0x8000000000000000,Microsoft-Windows-Sysmon/Operational,WORKSTATION5,2021-06-11T09:07:28.214Z,2021-06-11T09:07:28.214Z,10,"Process accessed:
RuleName: -
UtcTime: 2021-06-12 01:07:28.213
SourceProcessGUID: {e2c04bb9-a3f6-60c3-8600-000000000300}
SourceProcessId: 4752
SourceThreadId: 6660
SourceImage: C:\Windows\system32\wbem\wmiprvse.exe
TargetProcessGUID: {e2c04bb9-f8af-60c3-8c08-000000000300}
TargetProcessId: 1256
TargetImage: C:\Windows\system32\conhost.exe
GrantedAccess: 0x1410
CallTrace: C:\Windows\SYSTEM32\ntdll.dll+9d364|C:\Windows\System32\KERNELBASE.dll+305ee|C:\Windows\system32\wbem\cimwin32.dll+f46e|C:\Windows\system32\wbem\cimwin32.dll+faf5|C:\Windows\SYSTEM32\framedynos.dll+5722|C:\Windows\SYSTEM32\framedynos.dll+6ead|C:\Windows\system32\wbem\wmiprvse.exe+8ad1|C:\Windows\system32\wbem\wmiprvse.exe+8753|C:\Windows\System32\RPCRT4.dll+78553|C:\Windows\System32\RPCRT4.dll+12779|C:\Windows\System32\combase.dll+a8c82|C:\Windows\System32\RPCRT4.dll+5f1db|C:\Windows\System32\combase.dll+2b363|C:\Windows\System32\combase.dll+2b153|C:\Windows\System32\combase.dll+ab606|C:\Windows\System32\combase.dll+2f1aa|C:\Windows\System32\combase.dll+a772d|C:\Windows\System32\combase.dll+423fc|C:\Windows\System32\combase.dll+42e10|C:\Windows\System32\combase.dll+44448|C:\Windows\System32\RPCRT4.dll+598c8|C:\Windows\System32\RPCRT4.dll+48041|C:\Windows\System32\RPCRT4.dll+47b90|C:\Windows\System32\RPCRT4.dll+1c9bf",10,-,,0,,,,,,,,,,,,,,,,,,,{e2c04bb9-a3f6-60c3-8600-000000000300},4752,6660.0,C:\Windows\system32\wbem\wmiprvse.exe,{e2c04bb9-f8af-60c3-8c08-000000000300},1256,C:\Windows\system32\conhost.exe,0x1410,C:\Windows\SYSTEM32\ntdll.dll+9d364|C:\Windows\System32\KERNELBASE.dll+305ee|C:\Windows\system32\wbem\cimwin32.dll+f46e|C:\Windows\system32\wbem\cimwin32.dll+faf5|C:\Windows\SYSTEM32\framedynos.dll+5722|C:\Windows\SYSTEM32\framedynos.dll+6ead|C:\Windows\system32\wbem\wmiprvse.exe+8ad1|C:\Windows\system32\wbem\wmiprvse.exe+8753|C:\Windows\System32\RPCRT4.dll+78553|C:\Windows\System32\RPCRT4.dll+12779|C:\Windows\System32\combase.dll+a8c82|C:\Windows\System32\RPCRT4.dll+5f1db|C:\Windows\System32\combase.dll+2b363|C:\Windows\System32\combase.dll+2b153|C:\Windows\System32\combase.dll+ab606|C:\Windows\System32\combase.dll+2f1aa|C:\Windows\System32\combase.dll+a772d|C:\Windows\System32\combase.dll+423fc|C:\Windows\System32\combase.dll+42e10|C:\Windows\System32\combase.dll+44448|C:\Windows\System32\RPCRT4.dll+598c8|C:\Windows\System32\RPCRT4.dll+48041|C:\Windows\System32\RPCRT4.dll+47b90|C:\Windows\System32\RPCRT4.dll+1c9bf,,,,,,,,,,,,,,,,,,,,,,,,,,,,,,,,,,,,,,,,,,,,,,,,,,,,,,,,,,,,,,,,,,,,,,,,,,,,,,,,,,,,,1,0,0,0,0,0,3,True
2021-06-12 01:07:28,652,Microsoft-Windows-Sysmon,{5770385f-c22a-43e0-bf4c-06f5698ffbd9},4,0x8000000000000000,Microsoft-Windows-Sysmon/Operational,WORKSTATION5,2021-06-11T09:07:28.135Z,2021-06-11T09:07:28.135Z,7,"Image loaded:
RuleName: -
UtcTime: 2021-06-12 01:07:28.119
ProcessGuid: {e2c04bb9-08d0-60c4-8209-000000000300}
ProcessId: 3096
Image: C:\Windows\System32\taskkill.exe
ImageLoaded: C:\Windows\System32\gdi32full.dll
FileVersion: 10.0.18362.1500 (WinBuild.160101.0800)
Description: GDI Client DLL
Product: Microsoft® Windows® Operating System
Company: Microsoft Corporation
OriginalFileName: gdi32
Hashes: SHA1=F2957550811293A6220E38B6DB8721797DE2527C,MD5=2BADF91126F086286D24E951C3498252,SHA256=5DFB85B3A7FB88544BF999CBED3810AFE91FDE6A126895104BF05557E3E691C3,IMPHASH=963C6FD8B9BE2772F371FCE054194A55
Signed: true
Signature: Microsoft Windows
SignatureStatus: Valid",7,-,{e2c04bb9-08d0-60c4-8209-000000000300},3096,C:\Windows\System32\taskkill.exe,10.0.18362.1500 (WinBuild.160101.0800),GDI Client DLL,Microsoft® Windows® Operating System,Microsoft Corporation,gdi32,,,,,,,,"SHA1=F2957550811293A6220E38B6DB8721797DE2527C,MD5=2BADF91126F086286D24E951C3498252,SHA256=5DFB85B3A7FB88544BF999CBED3810AFE91FDE6A126895104BF05557E3E691C3,IMPHASH=963C6FD8B9BE2772F371FCE054194A55",,,,,,,,,,,,,,C:\Windows\System32\gdi32full.dll,True,Microsoft Windows,Valid,,,,,,,,,,,,,,,,,,,,,,,,,,,,,,,,,,,,,,,,,,,,,,,,,,,,,,,,,,,,,,,,,,,,,,,,,,,,,,,,,1,0,0,0,0,0,3,True
2021-06-12 01:07:28,674,Microsoft-Windows-Sysmon,{5770385f-c22a-43e0-bf4c-06f5698ffbd9},4,0x8000000000000000,Microsoft-Windows-Sysmon/Operational,WORKSTATION5,2021-06-11T09:07:28.155Z,2021-06-11T09:07:28.155Z,7,"Image loaded:
RuleName: -
UtcTime: 2021-06-12 01:07:28.150
ProcessGuid: {e2c04bb9-08d0-60c4-8209-000000000300}
ProcessId: 3096
Image: C:\Windows\System32\taskkill.exe
ImageLoaded: C:\Windows\System32\bcrypt.dll
FileVersion: 10.0.18362.1237 (WinBuild.160101.0800)
Description: Windows Cryptographic Primitives Library
Product: Microsoft® Windows® Operating System
Company: Microsoft Corporation
OriginalFileName: bcrypt.dll
Hashes: SHA1=E9491DF4CCA4A25142C4F1033AB779A9162B21A0,MD5=F046E87EF05CCC4F79A48DF5E63662F0,SHA256=F1E0E036982B18A29DF498B3755A5BD90DE016E15B623436921E6FE2356E0D2D,IMPHASH=F8A5CF8F7AF31A59E7541332D16C6ABA
Signed: true
Signature: Microsoft Windows
SignatureStatus: Valid",7,-,{e2c04bb9-08d0-60c4-8209-000000000300},3096,C:\Windows\System32\taskkill.exe,10.0.18362.1237 (WinBuild.160101.0800),Windows Cryptographic Primitives Library,Microsoft® Windows® Operating System,Microsoft Corporation,bcrypt.dll,,,,,,,,"SHA1=E9491DF4CCA4A25142C4F1033AB779A9162B21A0,MD5=F046E87EF05CCC4F79A48DF5E63662F0,SHA256=F1E0E036982B18A29DF498B3755A5BD90DE016E15B623436921E6FE2356E0D2D,IMPHASH=F8A5CF8F7AF31A59E7541332D16C6ABA",,,,,,,,,,,,,,C:\Windows\System32\bcrypt.dll,True,Microsoft Windows,Valid,,,,,,,,,,,,,,,,,,,,,,,,,,,,,,,,,,,,,,,,,,,,,,,,,,,,,,,,,,,,,,,,,,,,,,,,,,,,,,,,,1,0,0,0,0,0,3,True
2021-06-12 01:07:28,653,Microsoft-Windows-Sysmon,{5770385f-c22a-43e0-bf4c-06f5698ffbd9},4,0x8000000000000000,Microsoft-Windows-Sysmon/Operational,WORKSTATION5,2021-06-11T09:07:28.135Z,2021-06-11T09:07:28.135Z,7,"Image loaded:
RuleName: -
UtcTime: 2021-06-12 01:07:28.119
ProcessGuid: {e2c04bb9-08d0-60c4-8209-000000000300}
ProcessId: 3096
Image: C:\Windows\System32\taskkill.exe
ImageLoaded: C:\Windows\System32\msvcp_win.dll
FileVersion: 10.0.18362.1110 (WinBuild.160101.0800)
Description: Microsoft® C Runtime Library
Product: Microsoft® Windows® Operating System
Company: Microsoft Corporation
OriginalFileName: msvcp_win.dll
Hashes: SHA1=56A126B33C43CE80C5DA3319FA4FBE28F617599C,MD5=94027F5AE9D6FC3B0917C1B5BCD2D88E,SHA256=2FC246F193104FB36285360E9FB14CE10B04EDB50D9D5ECFD9FDA1F010BFCDB9,IMPHASH=7F555C87AEA488E97B6067A0419ED3B4
Signed: true
Signature: Microsoft Windows
SignatureStatus: Valid",7,-,{e2c04bb9-08d0-60c4-8209-000000000300},3096,C:\Windows\System32\taskkill.exe,10.0.18362.1110 (WinBuild.160101.0800),Microsoft® C Runtime Library,Microsoft® Windows® Operating System,Microsoft Corporation,msvcp_win.dll,,,,,,,,"SHA1=56A126B33C43CE80C5DA3319FA4FBE28F617599C,MD5=94027F5AE9D6FC3B0917C1B5BCD2D88E,SHA256=2FC246F193104FB36285360E9FB14CE10B04EDB50D9D5ECFD9FDA1F010BFCDB9,IMPHASH=7F555C87AEA488E97B6067A0419ED3B4",,,,,,,,,,,,,,C:\Windows\System32\msvcp_win.dll,True,Microsoft Windows,Valid,,,,,,,,,,,,,,,,,,,,,,,,,,,,,,,,,,,,,,,,,,,,,,,,,,,,,,,,,,,,,,,,,,,,,,,,,,,,,,,,,0,0,0,0,0,0,3,True
2021-06-12 01:07:28,655,Microsoft-Windows-Sysmon,{5770385f-c22a-43e0-bf4c-06f5698ffbd9},4,0x8000000000000000,Microsoft-Windows-Sysmon/Operational,WORKSTATION5,2021-06-11T09:07:28.136Z,2021-06-11T09:07:28.136Z,7,"Image loaded:
RuleName: -
UtcTime: 2021-06-12 01:07:28.134
ProcessGuid: {e2c04bb9-08d0-60c4-8209-000000000300}
ProcessId: 3096
Image: C:\Windows\System32\taskkill.exe
ImageLoaded: C:\Windows\System32\oleaut32.dll
FileVersion: 10.0.18362.1556 (WinBuild.160101.0800)
Description: OLEAUT32.DLL
Product: Microsoft® Windows® Operating System
Company: Microsoft Corporation
OriginalFileName: OLEAUT32.DLL
Hashes: SHA1=E4FACBE20F7674E8FB37E0598395A710F827831D,MD5=7D5D02B24943D270513DA3F0405FA40E,SHA256=62F71A230DBD493B2D2F53BBCC7CDB365C7381FD297FF805F044CF07A29E8FF6,IMPHASH=F010E2DB51A2E86CCF6052A1ACC0854F
Signed: true
Signature: Microsoft Windows
SignatureStatus: Valid",7,-,{e2c04bb9-08d0-60c4-8209-000000000300},3096,C:\Windows\System32\taskkill.exe,10.0.18362.1556 (WinBuild.160101.0800),OLEAUT32.DLL,Microsoft® Windows® Operating System,Microsoft Corporation,OLEAUT32.DLL,,,,,,,,"SHA1=E4FACBE20F7674E8FB37E0598395A710F827831D,MD5=7D5D02B24943D270513DA3F0405FA40E,SHA256=62F71A230DBD493B2D2F53BBCC7CDB365C7381FD297FF805F044CF07A29E8FF6,IMPHASH=F010E2DB51A2E86CCF6052A1ACC0854F",,,,,,,,,,,,,,C:\Windows\System32\oleaut32.dll,True,Microsoft Windows,Valid,,,,,,,,,,,,,,,,,,,,,,,,,,,,,,,,,,,,,,,,,,,,,,,,,,,,,,,,,,,,,,,,,,,,,,,,,,,,,,,,,0,0,0,0,0,0,2,True
2021-06-12 01:07:28,672,Microsoft-Windows-Sysmon,{5770385f-c22a-43e0-bf4c-06f5698ffbd9},4,0x8000000000000000,Microsoft-Windows-Sysmon/Operational,WORKSTATION5,2021-06-11T09:07:28.154Z,2021-06-11T09:07:28.154Z,7,"Image loaded:
RuleName: -
UtcTime: 2021-06-12 01:07:28.150
ProcessGuid: {e2c04bb9-08d0-60c4-8209-000000000300}
ProcessId: 3096
Image: C:\Windows\System32\taskkill.exe
ImageLoaded: C:\Windows\System32\wbem\wbemprox.dll
FileVersion: 10.0.18362.1411 (WinBuild.160101.0800)
Description: WMI
Product: Microsoft® Windows® Operating System
Company: Microsoft Corporation
OriginalFileName: wbemprox.dll
Hashes: SHA1=108AD153347FF3A8CD77E960C5F36049E577767F,MD5=8B1734779565C6D4F15300FA1A0512B2,SHA256=CDB858BC111C6A811B9647EDA086C874AF58B350B85977EE7AEE15A6A2164B0E,IMPHASH=2071F5DD5C967908540F0C880AAFC6EC
Signed: true
Signature: Microsoft Windows
SignatureStatus: Valid",7,-,{e2c04bb9-08d0-60c4-8209-000000000300},3096,C:\Windows\System32\taskkill.exe,10.0.18362.1411 (WinBuild.160101.0800),WMI,Microsoft® Windows® Operating System,Microsoft Corporation,wbemprox.dll,,,,,,,,"SHA1=108AD153347FF3A8CD77E960C5F36049E577767F,MD5=8B1734779565C6D4F15300FA1A0512B2,SHA256=CDB858BC111C6A811B9647EDA086C874AF58B350B85977EE7AEE15A6A2164B0E,IMPHASH=2071F5DD5C967908540F0C880AAFC6EC",,,,,,,,,,,,,,C:\Windows\System32\wbem\wbemprox.dll,True,Microsoft Windows,Valid,,,,,,,,,,,,,,,,,,,,,,,,,,,,,,,,,,,,,,,,,,,,,,,,,,,,,,,,,,,,,,,,,,,,,,,,,,,,,,,,,0,0,0,0,0,0,1,True
2021-06-12 01:07:28,671,Microsoft-Windows-Sysmon,{5770385f-c22a-43e0-bf4c-06f5698ffbd9},4,0x8000000000000000,Microsoft-Windows-Sysmon/Operational,WORKSTATION5,2021-06-11T09:07:28.150Z,2021-06-11T09:07:28.150Z,7,"Image loaded:
RuleName: -
UtcTime: 2021-06-12 01:07:28.150
ProcessGuid: {e2c04bb9-08d0-60c4-8209-000000000300}
ProcessId: 3096
Image: C:\Windows\System32\taskkill.exe
ImageLoaded: C:\Windows\System32\clbcatq.dll
FileVersion: 2001.12.10941.16384 (WinBuild.160101.0800)
Description: COM+ Configuration Catalog
Product: Microsoft® Windows® Operating System
Company: Microsoft Corporation
OriginalFileName: CLBCATQ.DLL
Hashes: SHA1=7DE7C7E87CFA639E8C4DF269E38FB69A391D6790,MD5=4B179D7C6AA9424831847BA6BACDB260,SHA256=F0541B07D7B00C8D09BC72DF7E2D974F83482E42CD88B4E8260B832B7A71682E,IMPHASH=70F94828FF194145825265FE7BA88C95
Signed: true
Signature: Microsoft Windows
SignatureStatus: Valid",7,-,{e2c04bb9-08d0-60c4-8209-000000000300},3096,C:\Windows\System32\taskkill.exe,2001.12.10941.16384 (WinBuild.160101.0800),COM+ Configuration Catalog,Microsoft® Windows® Operating System,Microsoft Corporation,CLBCATQ.DLL,,,,,,,,"SHA1=7DE7C7E87CFA639E8C4DF269E38FB69A391D6790,MD5=4B179D7C6AA9424831847BA6BACDB260,SHA256=F0541B07D7B00C8D09BC72DF7E2D974F83482E42CD88B4E8260B832B7A71682E,IMPHASH=70F94828FF194145825265FE7BA88C95",,,,,,,,,,,,,,C:\Windows\System32\clbcatq.dll,True,Microsoft Windows,Valid,,,,,,,,,,,,,,,,,,,,,,,,,,,,,,,,,,,,,,,,,,,,,,,,,,,,,,,,,,,,,,,,,,,,,,,,,,,,,,,,,0,0,0,0,0,0,1,True
2021-06-12 01:07:28,670,Microsoft-Windows-Sysmon,{5770385f-c22a-43e0-bf4c-06f5698ffbd9},4,0x8000000000000000,Microsoft-Windows-Sysmon/Operational,WORKSTATION5,2021-06-11T09:07:28.149Z,2021-06-11T09:07:28.149Z,10,"Process accessed:
RuleName: -
UtcTime: 2021-06-12 01:07:28.134
SourceProcessGUID: {e2c04bb9-a347-60c3-1200-000000000300}
SourceProcessId: 984
SourceThreadId: 6588
SourceImage: C:\Windows\system32\svchost.exe
TargetProcessGUID: {e2c04bb9-08d0-60c4-8209-000000000300}
TargetProcessId: 3096
TargetImage: C:\Windows\system32\taskkill.exe
GrantedAccess: 0x100000
CallTrace: C:\Windows\SYSTEM32\ntdll.dll+9df34|C:\Windows\System32\RPCRT4.dll+489e4|c:\windows\system32\rpcss.dll+315b9|c:\windows\system32\rpcss.dll+30c4b|C:\Windows\System32\RPCRT4.dll+78553|C:\Windows\System32\RPCRT4.dll+12779|C:\Windows\System32\RPCRT4.dll+1237a|C:\Windows\System32\RPCRT4.dll+598c8|C:\Windows\System32\RPCRT4.dll+48041|C:\Windows\System32\RPCRT4.dll+478fb|C:\Windows\System32\RPCRT4.dll+1cb6f|C:\Windows\System32\RPCRT4.dll+1c01a|C:\Windows\System32\RPCRT4.dll+1b601|C:\Windows\System32\RPCRT4.dll+1b06e|C:\Windows\System32\RPCRT4.dll+18da5|C:\Windows\SYSTEM32\ntdll.dll+333ed|C:\Windows\SYSTEM32\ntdll.dll+34142|C:\Windows\System32\KERNEL32.DLL+17c24|C:\Windows\SYSTEM32\ntdll.dll+6d721",10,-,,0,,,,,,,,,,,,,,,,,,,{e2c04bb9-a347-60c3-1200-000000000300},984,6588.0,C:\Windows\system32\svchost.exe,{e2c04bb9-08d0-60c4-8209-000000000300},3096,C:\Windows\system32\taskkill.exe,0x100000,C:\Windows\SYSTEM32\ntdll.dll+9df34|C:\Windows\System32\RPCRT4.dll+489e4|c:\windows\system32\rpcss.dll+315b9|c:\windows\system32\rpcss.dll+30c4b|C:\Windows\System32\RPCRT4.dll+78553|C:\Windows\System32\RPCRT4.dll+12779|C:\Windows\System32\RPCRT4.dll+1237a|C:\Windows\System32\RPCRT4.dll+598c8|C:\Windows\System32\RPCRT4.dll+48041|C:\Windows\System32\RPCRT4.dll+478fb|C:\Windows\System32\RPCRT4.dll+1cb6f|C:\Windows\System32\RPCRT4.dll+1c01a|C:\Windows\System32\RPCRT4.dll+1b601|C:\Windows\System32\RPCRT4.dll+1b06e|C:\Windows\System32\RPCRT4.dll+18da5|C:\Windows\SYSTEM32\ntdll.dll+333ed|C:\Windows\SYSTEM32\ntdll.dll+34142|C:\Windows\System32\KERNEL32.DLL+17c24|C:\Windows\SYSTEM32\ntdll.dll+6d721,,,,,,,,,,,,,,,,,,,,,,,,,,,,,,,,,,,,,,,,,,,,,,,,,,,,,,,,,,,,,,,,,,,,,,,,,,,,,,,,,,,,,0,0,0,0,0,0,2,True
2021-06-12 01:07:28,669,Microsoft-Windows-Sysmon,{5770385f-c22a-43e0-bf4c-06f5698ffbd9},4,0x8000000000000000,Microsoft-Windows-Sysmon/Operational,WORKSTATION5,2021-06-11T09:07:28.149Z,2021-06-11T09:07:28.149Z,10,"Process accessed:
RuleName: -
UtcTime: 2021-06-12 01:07:28.134
SourceProcessGUID: {e2c04bb9-a346-60c3-0f00-000000000300}
SourceProcessId: 876
SourceThreadId: 7828
SourceImage: C:\Windows\system32\svchost.exe
TargetProcessGUID: {e2c04bb9-08d0-60c4-8209-000000000300}
TargetProcessId: 3096
TargetImage: C:\Windows\system32\taskkill.exe
GrantedAccess: 0x1000
CallTrace: C:\Windows\SYSTEM32\ntdll.dll+9d364|C:\Windows\System32\KERNELBASE.dll+305ee|c:\windows\system32\rpcss.dll+47e52|c:\windows\system32\rpcss.dll+47e13|C:\Windows\System32\RPCRT4.dll+78553|C:\Windows\System32\RPCRT4.dll+12779|C:\Windows\System32\RPCRT4.dll+1237a|C:\Windows\System32\RPCRT4.dll+598c8|C:\Windows\System32\RPCRT4.dll+48041|C:\Windows\System32\RPCRT4.dll+478fb|C:\Windows\System32\RPCRT4.dll+1cb6f|C:\Windows\System32\RPCRT4.dll+1c01a|C:\Windows\System32\RPCRT4.dll+1b601|C:\Windows\System32\RPCRT4.dll+1b06e|C:\Windows\System32\RPCRT4.dll+18da5|C:\Windows\SYSTEM32\ntdll.dll+333ed|C:\Windows\SYSTEM32\ntdll.dll+34142|C:\Windows\System32\KERNEL32.DLL+17c24|C:\Windows\SYSTEM32\ntdll.dll+6d721",10,-,,0,,,,,,,,,,,,,,,,,,,{e2c04bb9-a346-60c3-0f00-000000000300},876,7828.0,C:\Windows\system32\svchost.exe,{e2c04bb9-08d0-60c4-8209-000000000300},3096,C:\Windows\system32\taskkill.exe,0x1000,C:\Windows\SYSTEM32\ntdll.dll+9d364|C:\Windows\System32\KERNELBASE.dll+305ee|c:\windows\system32\rpcss.dll+47e52|c:\windows\system32\rpcss.dll+47e13|C:\Windows\System32\RPCRT4.dll+78553|C:\Windows\System32\RPCRT4.dll+12779|C:\Windows\System32\RPCRT4.dll+1237a|C:\Windows\System32\RPCRT4.dll+598c8|C:\Windows\System32\RPCRT4.dll+48041|C:\Windows\System32\RPCRT4.dll+478fb|C:\Windows\System32\RPCRT4.dll+1cb6f|C:\Windows\System32\RPCRT4.dll+1c01a|C:\Windows\System32\RPCRT4.dll+1b601|C:\Windows\System32\RPCRT4.dll+1b06e|C:\Windows\System32\RPCRT4.dll+18da5|C:\Windows\SYSTEM32\ntdll.dll+333ed|C:\Windows\SYSTEM32\ntdll.dll+34142|C:\Windows\System32\KERNEL32.DLL+17c24|C:\Windows\SYSTEM32\ntdll.dll+6d721,,,,,,,,,,,,,,,,,,,,,,,,,,,,,,,,,,,,,,,,,,,,,,,,,,,,,,,,,,,,,,,,,,,,,,,,,,,,,,,,,,,,,0,0,0,0,0,0,2,True
2021-06-12 01:07:28,668,Microsoft-Windows-Sysmon,{5770385f-c22a-43e0-bf4c-06f5698ffbd9},4,0x8000000000000000,Microsoft-Windows-Sysmon/Operational,WORKSTATION5,2021-06-11T09:07:28.148Z,2021-06-11T09:07:28.148Z,7,"Image loaded:
RuleName: -
UtcTime: 2021-06-12 01:07:28.134
ProcessGuid: {e2c04bb9-08d0-60c4-8209-000000000300}
ProcessId: 3096
Image: C:\Windows\System32\taskkill.exe
ImageLoaded: C:\Windows\System32\kernel.appcore.dll
FileVersion: 10.0.18362.1171 (WinBuild.160101.0800)
Description: AppModel API Host
Product: Microsoft® Windows® Operating System
Company: Microsoft Corporation
OriginalFileName: kernel.appcore.dll
Hashes: SHA1=C1E0E25EF55C0F5BE9645224CB9DAD10AA2F05E3,MD5=3A7BEA62F96DF24AFD2226F5F723BF41,SHA256=89C7230E99A8D1F78C91649828500414344FF0162BD4636B376004C445610F85,IMPHASH=639D16ACD736EAE912B88E985A0A7A0F
Signed: true
Signature: Microsoft Windows
SignatureStatus: Valid",7,-,{e2c04bb9-08d0-60c4-8209-000000000300},3096,C:\Windows\System32\taskkill.exe,10.0.18362.1171 (WinBuild.160101.0800),AppModel API Host,Microsoft® Windows® Operating System,Microsoft Corporation,kernel.appcore.dll,,,,,,,,"SHA1=C1E0E25EF55C0F5BE9645224CB9DAD10AA2F05E3,MD5=3A7BEA62F96DF24AFD2226F5F723BF41,SHA256=89C7230E99A8D1F78C91649828500414344FF0162BD4636B376004C445610F85,IMPHASH=639D16ACD736EAE912B88E985A0A7A0F",,,,,,,,,,,,,,C:\Windows\System32\kernel.appcore.dll,True,Microsoft Windows,Valid,,,,,,,,,,,,,,,,,,,,,,,,,,,,,,,,,,,,,,,,,,,,,,,,,,,,,,,,,,,,,,,,,,,,,,,,,,,,,,,,,0,0,0,0,0,0,2,True
2021-06-12 01:07:28,667,Microsoft-Windows-Sysmon,{5770385f-c22a-43e0-bf4c-06f5698ffbd9},4,0x8000000000000000,Microsoft-Windows-Sysmon/Operational,WORKSTATION5,2021-06-11T09:07:28.143Z,2021-06-11T09:07:28.143Z,7,"Image loaded:
RuleName: -
UtcTime: 2021-06-12 01:07:28.134
ProcessGuid: {e2c04bb9-08d0-60c4-8209-000000000300}
ProcessId: 3096
Image: C:\Windows\System32\taskkill.exe
ImageLoaded: C:\Windows\System32\imm32.dll
FileVersion: 10.0.18362.387 (WinBuild.160101.0800)
Description: Multi-User Windows IMM32 API Client DLL
Product: Microsoft® Windows® Operating System
Company: Microsoft Corporation
OriginalFileName: imm32
Hashes: SHA1=76BB2AB8D3CB6DB6D23F4771334C9AA9C231B03A,MD5=025CC332EDC4B1A38290F3E36BCEF4FB,SHA256=0FE3C1C575EA1B0257B2EB12527EC35E3004CD88EA5BAEC7095386A9F9EB70AD,IMPHASH=24F54B6761C10BA12481CF6C780605BF
Signed: true
Signature: Microsoft Windows
SignatureStatus: Valid",7,-,{e2c04bb9-08d0-60c4-8209-000000000300},3096,C:\Windows\System32\taskkill.exe,10.0.18362.387 (WinBuild.160101.0800),Multi-User Windows IMM32 API Client DLL,Microsoft® Windows® Operating System,Microsoft Corporation,imm32,,,,,,,,"SHA1=76BB2AB8D3CB6DB6D23F4771334C9AA9C231B03A,MD5=025CC332EDC4B1A38290F3E36BCEF4FB,SHA256=0FE3C1C575EA1B0257B2EB12527EC35E3004CD88EA5BAEC7095386A9F9EB70AD,IMPHASH=24F54B6761C10BA12481CF6C780605BF",,,,,,,,,,,,,,C:\Windows\System32\imm32.dll,True,Microsoft Windows,Valid,,,,,,,,,,,,,,,,,,,,,,,,,,,,,,,,,,,,,,,,,,,,,,,,,,,,,,,,,,,,,,,,,,,,,,,,,,,,,,,,,0,0,0,0,0,0,2,True
2021-06-12 01:07:28,666,Microsoft-Windows-Sysmon,{5770385f-c22a-43e0-bf4c-06f5698ffbd9},4,0x8000000000000000,Microsoft-Windows-Sysmon/Operational,WORKSTATION5,2021-06-11T09:07:28.142Z,2021-06-11T09:07:28.142Z,7,"Image loaded:
RuleName: -
UtcTime: 2021-06-12 01:07:28.134
ProcessGuid: {e2c04bb9-08d0-60c4-8209-000000000300}
ProcessId: 3096
Image: C:\Windows\System32\taskkill.exe
ImageLoaded: C:\Windows\System32\netutils.dll
FileVersion: 10.0.18362.1 (WinBuild.160101.0800)
Description: Net Win32 API Helpers DLL
Product: Microsoft® Windows® Operating System
Company: Microsoft Corporation
OriginalFileName: NETUTILS.DLL
Hashes: SHA1=F2859AF15CED4F162359CC8C1BA1B1FE85DC8867,MD5=56B24BF15E6E88A2D6EF9AFC26BF7FCF,SHA256=74DC0C738188BBF385E9C3295C9904A6CEF4A947AFB71F2A0825037BBB27C92A,IMPHASH=06BB7C9ADD27BBA7B9DE3ADCE76673AB
Signed: true
Signature: Microsoft Windows
SignatureStatus: Valid",7,-,{e2c04bb9-08d0-60c4-8209-000000000300},3096,C:\Windows\System32\taskkill.exe,10.0.18362.1 (WinBuild.160101.0800),Net Win32 API Helpers DLL,Microsoft® Windows® Operating System,Microsoft Corporation,NETUTILS.DLL,,,,,,,,"SHA1=F2859AF15CED4F162359CC8C1BA1B1FE85DC8867,MD5=56B24BF15E6E88A2D6EF9AFC26BF7FCF,SHA256=74DC0C738188BBF385E9C3295C9904A6CEF4A947AFB71F2A0825037BBB27C92A,IMPHASH=06BB7C9ADD27BBA7B9DE3ADCE76673AB",,,,,,,,,,,,,,C:\Windows\System32\netutils.dll,True,Microsoft Windows,Valid,,,,,,,,,,,,,,,,,,,,,,,,,,,,,,,,,,,,,,,,,,,,,,,,,,,,,,,,,,,,,,,,,,,,,,,,,,,,,,,,,0,0,0,0,0,0,2,True
2021-06-12 01:07:28,665,Microsoft-Windows-Sysmon,{5770385f-c22a-43e0-bf4c-06f5698ffbd9},4,0x8000000000000000,Microsoft-Windows-Sysmon/Operational,WORKSTATION5,2021-06-11T09:07:28.141Z,2021-06-11T09:07:28.141Z,7,"Image loaded:
RuleName: -
UtcTime: 2021-06-12 01:07:28.134
ProcessGuid: {e2c04bb9-08d0-60c4-8209-000000000300}
ProcessId: 3096
Image: C:\Windows\System32\taskkill.exe
ImageLoaded: C:\Windows\System32\dbghelp.dll
FileVersion: 10.0.18362.1440 (WinBuild.160101.0800)
Description: Windows Image Helper
Product: Microsoft® Windows® Operating System
Company: Microsoft Corporation
OriginalFileName: DBGHELP.DLL
Hashes: SHA1=C27A8733A41C0DAD8D8C087F4F4C9ABB19D14E64,MD5=4BA2987B956D92576AF5996BFD5B9DEE,SHA256=F556A64BB66C6886443C026A4DDE0A944F599F27E822DE209834A65BDB56A488,IMPHASH=A3BCCB56DF3A7F1398A01550180F0559
Signed: true
Signature: Microsoft Windows
SignatureStatus: Valid",7,-,{e2c04bb9-08d0-60c4-8209-000000000300},3096,C:\Windows\System32\taskkill.exe,10.0.18362.1440 (WinBuild.160101.0800),Windows Image Helper,Microsoft® Windows® Operating System,Microsoft Corporation,DBGHELP.DLL,,,,,,,,"SHA1=C27A8733A41C0DAD8D8C087F4F4C9ABB19D14E64,MD5=4BA2987B956D92576AF5996BFD5B9DEE,SHA256=F556A64BB66C6886443C026A4DDE0A944F599F27E822DE209834A65BDB56A488,IMPHASH=A3BCCB56DF3A7F1398A01550180F0559",,,,,,,,,,,,,,C:\Windows\System32\dbghelp.dll,True,Microsoft Windows,Valid,,,,,,,,,,,,,,,,,,,,,,,,,,,,,,,,,,,,,,,,,,,,,,,,,,,,,,,,,,,,,,,,,,,,,,,,,,,,,,,,,0,0,0,0,0,0,2,True
2021-06-12 01:07:28,664,Microsoft-Windows-Sysmon,{5770385f-c22a-43e0-bf4c-06f5698ffbd9},4,0x8000000000000000,Microsoft-Windows-Sysmon/Operational,WORKSTATION5,2021-06-11T09:07:28.141Z,2021-06-11T09:07:28.141Z,7,"Image loaded:
RuleName: -
UtcTime: 2021-06-12 01:07:28.134
ProcessGuid: {e2c04bb9-08d0-60c4-8209-000000000300}
ProcessId: 3096
Image: C:\Windows\System32\taskkill.exe
ImageLoaded: C:\Windows\System32\srvcli.dll
FileVersion: 10.0.18362.1 (WinBuild.160101.0800)
Description: Server Service Client DLL
Product: Microsoft® Windows® Operating System
Company: Microsoft Corporation
OriginalFileName: SRVCLI.DLL
Hashes: SHA1=362C9F3CF727083176FAFA9F1C617DBB74A21D94,MD5=7EF028BF08D65A648CA1CCB990F56E76,SHA256=7C0BB0E011E290FEBEB41C12224C8D68809D41B38478A3FD570D040893D57BEF,IMPHASH=E32350B7225B622F35EF63D2D7D7E728
Signed: true
Signature: Microsoft Windows
SignatureStatus: Valid",7,-,{e2c04bb9-08d0-60c4-8209-000000000300},3096,C:\Windows\System32\taskkill.exe,10.0.18362.1 (WinBuild.160101.0800),Server Service Client DLL,Microsoft® Windows® Operating System,Microsoft Corporation,SRVCLI.DLL,,,,,,,,"SHA1=362C9F3CF727083176FAFA9F1C617DBB74A21D94,MD5=7EF028BF08D65A648CA1CCB990F56E76,SHA256=7C0BB0E011E290FEBEB41C12224C8D68809D41B38478A3FD570D040893D57BEF,IMPHASH=E32350B7225B622F35EF63D2D7D7E728",,,,,,,,,,,,,,C:\Windows\System32\srvcli.dll,True,Microsoft Windows,Valid,,,,,,,,,,,,,,,,,,,,,,,,,,,,,,,,,,,,,,,,,,,,,,,,,,,,,,,,,,,,,,,,,,,,,,,,,,,,,,,,,0,0,0,0,0,0,1,True
2021-06-12 01:07:28,663,Microsoft-Windows-Sysmon,{5770385f-c22a-43e0-bf4c-06f5698ffbd9},4,0x8000000000000000,Microsoft-Windows-Sysmon/Operational,WORKSTATION5,2021-06-11T09:07:28.140Z,2021-06-11T09:07:28.140Z,7,"Image loaded:
RuleName: -
UtcTime: 2021-06-12 01:07:28.134
ProcessGuid: {e2c04bb9-08d0-60c4-8209-000000000300}
ProcessId: 3096
Image: C:\Windows\System32\taskkill.exe
ImageLoaded: C:\Windows\System32\sspicli.dll
FileVersion: 10.0.18362.1474 (WinBuild.160101.0800)
Description: Security Support Provider Interface
Product: Microsoft® Windows® Operating System
Company: Microsoft Corporation
OriginalFileName: sspicli.dll
Hashes: SHA1=37AD8641674C06ED89F027FDD3CDE0F0442C81DC,MD5=CB90AE4B6210F89B0182CB3CC181A270,SHA256=3088A9CF1AE3097ABFB124AF09D2972590851A5D0E0DE7F8E77B44CD4B4A34F4,IMPHASH=1A813D04520E602A9E31CB5E06F81D1D
Signed: true
Signature: Microsoft Windows
SignatureStatus: Valid",7,-,{e2c04bb9-08d0-60c4-8209-000000000300},3096,C:\Windows\System32\taskkill.exe,10.0.18362.1474 (WinBuild.160101.0800),Security Support Provider Interface,Microsoft® Windows® Operating System,Microsoft Corporation,sspicli.dll,,,,,,,,"SHA1=37AD8641674C06ED89F027FDD3CDE0F0442C81DC,MD5=CB90AE4B6210F89B0182CB3CC181A270,SHA256=3088A9CF1AE3097ABFB124AF09D2972590851A5D0E0DE7F8E77B44CD4B4A34F4,IMPHASH=1A813D04520E602A9E31CB5E06F81D1D",,,,,,,,,,,,,,C:\Windows\System32\sspicli.dll,True,Microsoft Windows,Valid,,,,,,,,,,,,,,,,,,,,,,,,,,,,,,,,,,,,,,,,,,,,,,,,,,,,,,,,,,,,,,,,,,,,,,,,,,,,,,,,,0,0,0,0,0,0,1,True
2021-06-12 01:07:28,662,Microsoft-Windows-Sysmon,{5770385f-c22a-43e0-bf4c-06f5698ffbd9},4,0x8000000000000000,Microsoft-Windows-Sysmon/Operational,WORKSTATION5,2021-06-11T09:07:28.140Z,2021-06-11T09:07:28.140Z,7,"Image loaded:
RuleName: -
UtcTime: 2021-06-12 01:07:28.134
ProcessGuid: {e2c04bb9-08d0-60c4-8209-000000000300}
ProcessId: 3096
Image: C:\Windows\System32\taskkill.exe
ImageLoaded: C:\Windows\System32\framedynos.dll
FileVersion: 10.0.18362.1411 (WinBuild.160101.0800)
Description: WMI SDK Provider Framework
Product: Microsoft® Windows® Operating System
Company: Microsoft Corporation
OriginalFileName: framedyn.dll
Hashes: SHA1=55CBACECAF54B06529AA4579276F682F920CE9BC,MD5=F334713C3227815E9A44C0793EAD4B51,SHA256=9A7796F14B1B4C32C474A07521935236E80CA1DCDF1DD9D956B0FF8DDD5F4E23,IMPHASH=274F30CAD78C3E1964E56D5A8FDDFF88
Signed: true
Signature: Microsoft Windows
SignatureStatus: Valid",7,-,{e2c04bb9-08d0-60c4-8209-000000000300},3096,C:\Windows\System32\taskkill.exe,10.0.18362.1411 (WinBuild.160101.0800),WMI SDK Provider Framework,Microsoft® Windows® Operating System,Microsoft Corporation,framedyn.dll,,,,,,,,"SHA1=55CBACECAF54B06529AA4579276F682F920CE9BC,MD5=F334713C3227815E9A44C0793EAD4B51,SHA256=9A7796F14B1B4C32C474A07521935236E80CA1DCDF1DD9D956B0FF8DDD5F4E23,IMPHASH=274F30CAD78C3E1964E56D5A8FDDFF88",,,,,,,,,,,,,,C:\Windows\System32\framedynos.dll,True,Microsoft Windows,Valid,,,,,,,,,,,,,,,,,,,,,,,,,,,,,,,,,,,,,,,,,,,,,,,,,,,,,,,,,,,,,,,,,,,,,,,,,,,,,,,,,0,0,0,0,0,0,1,True
2021-06-12 01:07:28,661,Microsoft-Windows-Sysmon,{5770385f-c22a-43e0-bf4c-06f5698ffbd9},4,0x8000000000000000,Microsoft-Windows-Sysmon/Operational,WORKSTATION5,2021-06-11T09:07:28.139Z,2021-06-11T09:07:28.139Z,7,"Image loaded:
RuleName: -
UtcTime: 2021-06-12 01:07:28.134
ProcessGuid: {e2c04bb9-08d0-60c4-8209-000000000300}
ProcessId: 3096
Image: C:\Windows\System32\taskkill.exe
ImageLoaded: C:\Windows\System32\mpr.dll
FileVersion: 10.0.18362.1 (WinBuild.160101.0800)
Description: Multiple Provider Router DLL
Product: Microsoft® Windows® Operating System
Company: Microsoft Corporation
OriginalFileName: mpr.dll
Hashes: SHA1=48DA5041305C0597E39338E97F10B18C4DF84075,MD5=7CE9D034ED633FF213BABC432DEFFC9E,SHA256=14B0BE646D4B5137B39F921FF891E10046C517A930E60EFED717DC33F1857E50,IMPHASH=A49478069FECE515641415AA10A41618
Signed: true
Signature: Microsoft Windows
SignatureStatus: Valid",7,-,{e2c04bb9-08d0-60c4-8209-000000000300},3096,C:\Windows\System32\taskkill.exe,10.0.18362.1 (WinBuild.160101.0800),Multiple Provider Router DLL,Microsoft® Windows® Operating System,Microsoft Corporation,mpr.dll,,,,,,,,"SHA1=48DA5041305C0597E39338E97F10B18C4DF84075,MD5=7CE9D034ED633FF213BABC432DEFFC9E,SHA256=14B0BE646D4B5137B39F921FF891E10046C517A930E60EFED717DC33F1857E50,IMPHASH=A49478069FECE515641415AA10A41618",,,,,,,,,,,,,,C:\Windows\System32\mpr.dll,True,Microsoft Windows,Valid,,,,,,,,,,,,,,,,,,,,,,,,,,,,,,,,,,,,,,,,,,,,,,,,,,,,,,,,,,,,,,,,,,,,,,,,,,,,,,,,,0,0,0,0,0,0,1,True
2021-06-12 01:07:28,660,Microsoft-Windows-Sysmon,{5770385f-c22a-43e0-bf4c-06f5698ffbd9},4,0x8000000000000000,Microsoft-Windows-Sysmon/Operational,WORKSTATION5,2021-06-11T09:07:28.139Z,2021-06-11T09:07:28.139Z,7,"Image loaded:
RuleName: -
UtcTime: 2021-06-12 01:07:28.134
ProcessGuid: {e2c04bb9-08d0-60c4-8209-000000000300}
ProcessId: 3096
Image: C:\Windows\System32\taskkill.exe
ImageLoaded: C:\Windows\System32\version.dll
FileVersion: 10.0.18362.1 (WinBuild.160101.0800)
Description: Version Checking and File Installation Libraries
Product: Microsoft® Windows® Operating System
Company: Microsoft Corporation
OriginalFileName: VERSION.DLL
Hashes: SHA1=119724CC09BB52731D86A6B9F94003ED88E0E3FE,MD5=2C7C14627CFF3384C52E61D4DBD0ECC3,SHA256=41B4D85D84A86E41B948694B9B5F398A0D79F47629D6D969EB5B461D4F5D0347,IMPHASH=34340C2C4E9AA6EF6AD12BB695FC695B
Signed: true
Signature: Microsoft Windows
SignatureStatus: Valid",7,-,{e2c04bb9-08d0-60c4-8209-000000000300},3096,C:\Windows\System32\taskkill.exe,10.0.18362.1 (WinBuild.160101.0800),Version Checking and File Installation Libraries,Microsoft® Windows® Operating System,Microsoft Corporation,VERSION.DLL,,,,,,,,"SHA1=119724CC09BB52731D86A6B9F94003ED88E0E3FE,MD5=2C7C14627CFF3384C52E61D4DBD0ECC3,SHA256=41B4D85D84A86E41B948694B9B5F398A0D79F47629D6D969EB5B461D4F5D0347,IMPHASH=34340C2C4E9AA6EF6AD12BB695FC695B",,,,,,,,,,,,,,C:\Windows\System32\version.dll,True,Microsoft Windows,Valid,,,,,,,,,,,,,,,,,,,,,,,,,,,,,,,,,,,,,,,,,,,,,,,,,,,,,,,,,,,,,,,,,,,,,,,,,,,,,,,,,0,0,0,0,0,0,1,True
2021-06-12 01:07:28,659,Microsoft-Windows-Sysmon,{5770385f-c22a-43e0-bf4c-06f5698ffbd9},4,0x8000000000000000,Microsoft-Windows-Sysmon/Operational,WORKSTATION5,2021-06-11T09:07:28.138Z,2021-06-11T09:07:28.138Z,7,"Image loaded:
RuleName: -
UtcTime: 2021-06-12 01:07:28.134
ProcessGuid: {e2c04bb9-08d0-60c4-8209-000000000300}
ProcessId: 3096
Image: C:\Windows\System32\taskkill.exe
ImageLoaded: C:\Windows\System32\shlwapi.dll
FileVersion: 10.0.18362.1316 (WinBuild.160101.0800)
Description: Shell Light-weight Utility Library
Product: Microsoft® Windows® Operating System
Company: Microsoft Corporation
OriginalFileName: SHLWAPI.DLL
Hashes: SHA1=65C23F4CB9860EEBA253353C6738B45D52CE19F6,MD5=7CADEDFCEABF9D8B4B932FAB9364BA40,SHA256=CE3C1AB6E980D750C70ED7EB533BA9E1BF194033797ACC507F5B766FEEEC1FCB,IMPHASH=6659A49ABF33952444C5A7FA22FD9032
Signed: true
Signature: Microsoft Windows
SignatureStatus: Valid",7,-,{e2c04bb9-08d0-60c4-8209-000000000300},3096,C:\Windows\System32\taskkill.exe,10.0.18362.1316 (WinBuild.160101.0800),Shell Light-weight Utility Library,Microsoft® Windows® Operating System,Microsoft Corporation,SHLWAPI.DLL,,,,,,,,"SHA1=65C23F4CB9860EEBA253353C6738B45D52CE19F6,MD5=7CADEDFCEABF9D8B4B932FAB9364BA40,SHA256=CE3C1AB6E980D750C70ED7EB533BA9E1BF194033797ACC507F5B766FEEEC1FCB,IMPHASH=6659A49ABF33952444C5A7FA22FD9032",,,,,,,,,,,,,,C:\Windows\System32\shlwapi.dll,True,Microsoft Windows,Valid,,,,,,,,,,,,,,,,,,,,,,,,,,,,,,,,,,,,,,,,,,,,,,,,,,,,,,,,,,,,,,,,,,,,,,,,,,,,,,,,,0,0,0,0,0,0,1,True
