2021-06-12 01:07:29,980,Microsoft-Windows-Sysmon,{5770385f-c22a-43e0-bf4c-06f5698ffbd9},4,0x8000000000000000,Microsoft-Windows-Sysmon/Operational,WORKSTATION5,2021-06-11T09:07:29.573Z,2021-06-11T09:07:29.573Z,10,"Process accessed:
RuleName: -
UtcTime: 2021-06-12 01:07:29.562
SourceProcessGUID: {e2c04bb9-a70e-60c3-0d61-390000000000}
SourceProcessId: 1320
SourceThreadId: 7340
SourceImage: C:\Windows\Explorer.EXE
TargetProcessGUID: {e2c04bb9-a909-60c3-c871-6c0000000000}
TargetProcessId: 8912
TargetImage: C:\Windows\System32\WindowsPowerShell\v1.0\powershell.exe
GrantedAccess: 0x1400
CallTrace: C:\Windows\SYSTEM32\ntdll.dll+9d364|C:\Windows\System32\KERNELBASE.dll+305ee|C:\Windows\System32\appresolver.dll+1c746|C:\Windows\System32\appresolver.dll+225d3|C:\Windows\System32\appresolver.dll+1f03c|C:\Windows\System32\appresolver.dll+1ef27|C:\Windows\Explorer.EXE+2b487|C:\Windows\Explorer.EXE+2b384|C:\Windows\Explorer.EXE+70210|C:\Windows\System32\windows.storage.dll+1725a4|C:\Windows\System32\windows.storage.dll+1721e5|C:\Windows\System32\windows.storage.dll+1720c5|C:\Windows\System32\shcore.dll+31d96|C:\Windows\SYSTEM32\ntdll.dll+2f655|C:\Windows\SYSTEM32\ntdll.dll+345b4|C:\Windows\System32\KERNEL32.DLL+17c24|C:\Windows\SYSTEM32\ntdll.dll+6d721",10,-,,0,,,,,,,,,,,,,,,,,,,{e2c04bb9-a70e-60c3-0d61-390000000000},1320,7340.0,C:\Windows\Explorer.EXE,{e2c04bb9-a909-60c3-c871-6c0000000000},8912,C:\Windows\System32\WindowsPowerShell\v1.0\powershell.exe,0x1400,C:\Windows\SYSTEM32\ntdll.dll+9d364|C:\Windows\System32\KERNELBASE.dll+305ee|C:\Windows\System32\appresolver.dll+1c746|C:\Windows\System32\appresolver.dll+225d3|C:\Windows\System32\appresolver.dll+1f03c|C:\Windows\System32\appresolver.dll+1ef27|C:\Windows\Explorer.EXE+2b487|C:\Windows\Explorer.EXE+2b384|C:\Windows\Explorer.EXE+70210|C:\Windows\System32\windows.storage.dll+1725a4|C:\Windows\System32\windows.storage.dll+1721e5|C:\Windows\System32\windows.storage.dll+1720c5|C:\Windows\System32\shcore.dll+31d96|C:\Windows\SYSTEM32\ntdll.dll+2f655|C:\Windows\SYSTEM32\ntdll.dll+345b4|C:\Windows\System32\KERNEL32.DLL+17c24|C:\Windows\SYSTEM32\ntdll.dll+6d721,,,,,,,,,,,,,,,,,,,,,,,,,,,,,,,,,,,,,,,,,,,,,,,,,,,,,,,,,,,,,,,,,,,,,,,,,,,,,,,,,,,,,0,0,0,0,1,0,2,True
2021-06-12 01:07:29,977,Microsoft-Windows-Sysmon,{5770385f-c22a-43e0-bf4c-06f5698ffbd9},4,0x8000000000000000,Microsoft-Windows-Sysmon/Operational,WORKSTATION5,2021-06-11T09:07:29.573Z,2021-06-11T09:07:29.573Z,10,"Process accessed:
RuleName: -
UtcTime: 2021-06-12 01:07:29.562
SourceProcessGUID: {e2c04bb9-a70e-60c3-0d61-390000000000}
SourceProcessId: 1320
SourceThreadId: 7544
SourceImage: C:\Windows\Explorer.EXE
TargetProcessGUID: {e2c04bb9-a90a-60c3-7d02-000000000300}
TargetProcessId: 8752
TargetImage: C:\Windows\system32\conhost.exe
GrantedAccess: 0x1000
CallTrace: C:\Windows\SYSTEM32\ntdll.dll+9d364|C:\Windows\System32\KERNELBASE.dll+305ee|C:\Windows\System32\appresolver.dll+1f103|C:\Windows\system32\twinui.pcshell.dll+1f404|C:\Windows\system32\twinui.pcshell.dll+11b6bc|C:\Windows\System32\KERNEL32.DLL+17c24|C:\Windows\SYSTEM32\ntdll.dll+6d721",10,-,,0,,,,,,,,,,,,,,,,,,,{e2c04bb9-a70e-60c3-0d61-390000000000},1320,7544.0,C:\Windows\Explorer.EXE,{e2c04bb9-a90a-60c3-7d02-000000000300},8752,C:\Windows\system32\conhost.exe,0x1000,C:\Windows\SYSTEM32\ntdll.dll+9d364|C:\Windows\System32\KERNELBASE.dll+305ee|C:\Windows\System32\appresolver.dll+1f103|C:\Windows\system32\twinui.pcshell.dll+1f404|C:\Windows\system32\twinui.pcshell.dll+11b6bc|C:\Windows\System32\KERNEL32.DLL+17c24|C:\Windows\SYSTEM32\ntdll.dll+6d721,,,,,,,,,,,,,,,,,,,,,,,,,,,,,,,,,,,,,,,,,,,,,,,,,,,,,,,,,,,,,,,,,,,,,,,,,,,,,,,,,,,,,0,0,0,0,1,0,2,True
2021-06-12 01:07:29,979,Microsoft-Windows-Sysmon,{5770385f-c22a-43e0-bf4c-06f5698ffbd9},4,0x8000000000000000,Microsoft-Windows-Sysmon/Operational,WORKSTATION5,2021-06-11T09:07:29.573Z,2021-06-11T09:07:29.573Z,10,"Process accessed:
RuleName: -
UtcTime: 2021-06-12 01:07:29.562
SourceProcessGUID: {e2c04bb9-a70e-60c3-0d61-390000000000}
SourceProcessId: 1320
SourceThreadId: 7340
SourceImage: C:\Windows\Explorer.EXE
TargetProcessGUID: {e2c04bb9-a909-60c3-c871-6c0000000000}
TargetProcessId: 8912
TargetImage: C:\Windows\System32\WindowsPowerShell\v1.0\powershell.exe
GrantedAccess: 0x1000
CallTrace: C:\Windows\SYSTEM32\ntdll.dll+9d364|C:\Windows\System32\KERNELBASE.dll+305ee|C:\Windows\System32\appresolver.dll+22415|C:\Windows\System32\appresolver.dll+1f03c|C:\Windows\System32\appresolver.dll+1ef27|C:\Windows\Explorer.EXE+2b487|C:\Windows\Explorer.EXE+2b384|C:\Windows\Explorer.EXE+70210|C:\Windows\System32\windows.storage.dll+1725a4|C:\Windows\System32\windows.storage.dll+1721e5|C:\Windows\System32\windows.storage.dll+1720c5|C:\Windows\System32\shcore.dll+31d96|C:\Windows\SYSTEM32\ntdll.dll+2f655|C:\Windows\SYSTEM32\ntdll.dll+345b4|C:\Windows\System32\KERNEL32.DLL+17c24|C:\Windows\SYSTEM32\ntdll.dll+6d721",10,-,,0,,,,,,,,,,,,,,,,,,,{e2c04bb9-a70e-60c3-0d61-390000000000},1320,7340.0,C:\Windows\Explorer.EXE,{e2c04bb9-a909-60c3-c871-6c0000000000},8912,C:\Windows\System32\WindowsPowerShell\v1.0\powershell.exe,0x1000,C:\Windows\SYSTEM32\ntdll.dll+9d364|C:\Windows\System32\KERNELBASE.dll+305ee|C:\Windows\System32\appresolver.dll+22415|C:\Windows\System32\appresolver.dll+1f03c|C:\Windows\System32\appresolver.dll+1ef27|C:\Windows\Explorer.EXE+2b487|C:\Windows\Explorer.EXE+2b384|C:\Windows\Explorer.EXE+70210|C:\Windows\System32\windows.storage.dll+1725a4|C:\Windows\System32\windows.storage.dll+1721e5|C:\Windows\System32\windows.storage.dll+1720c5|C:\Windows\System32\shcore.dll+31d96|C:\Windows\SYSTEM32\ntdll.dll+2f655|C:\Windows\SYSTEM32\ntdll.dll+345b4|C:\Windows\System32\KERNEL32.DLL+17c24|C:\Windows\SYSTEM32\ntdll.dll+6d721,,,,,,,,,,,,,,,,,,,,,,,,,,,,,,,,,,,,,,,,,,,,,,,,,,,,,,,,,,,,,,,,,,,,,,,,,,,,,,,,,,,,,0,0,0,0,1,0,2,True
2021-06-12 01:07:29,975,Microsoft-Windows-Sysmon,{5770385f-c22a-43e0-bf4c-06f5698ffbd9},4,0x8000000000000000,Microsoft-Windows-Sysmon/Operational,WORKSTATION5,2021-06-11T09:07:29.573Z,2021-06-11T09:07:29.573Z,10,"Process accessed:
RuleName: -
UtcTime: 2021-06-12 01:07:29.562
SourceProcessGUID: {e2c04bb9-a70e-60c3-0d61-390000000000}
SourceProcessId: 1320
SourceThreadId: 7544
SourceImage: C:\Windows\Explorer.EXE
TargetProcessGUID: {e2c04bb9-a90a-60c3-7d02-000000000300}
TargetProcessId: 8752
TargetImage: C:\Windows\system32\conhost.exe
GrantedAccess: 0x1410
CallTrace: C:\Windows\SYSTEM32\ntdll.dll+9d364|C:\Windows\System32\KERNELBASE.dll+305ee|C:\Windows\system32\twinui.pcshell.dll+1f1d7|C:\Windows\system32\twinui.pcshell.dll+11b6bc|C:\Windows\System32\KERNEL32.DLL+17c24|C:\Windows\SYSTEM32\ntdll.dll+6d721",10,-,,0,,,,,,,,,,,,,,,,,,,{e2c04bb9-a70e-60c3-0d61-390000000000},1320,7544.0,C:\Windows\Explorer.EXE,{e2c04bb9-a90a-60c3-7d02-000000000300},8752,C:\Windows\system32\conhost.exe,0x1410,C:\Windows\SYSTEM32\ntdll.dll+9d364|C:\Windows\System32\KERNELBASE.dll+305ee|C:\Windows\system32\twinui.pcshell.dll+1f1d7|C:\Windows\system32\twinui.pcshell.dll+11b6bc|C:\Windows\System32\KERNEL32.DLL+17c24|C:\Windows\SYSTEM32\ntdll.dll+6d721,,,,,,,,,,,,,,,,,,,,,,,,,,,,,,,,,,,,,,,,,,,,,,,,,,,,,,,,,,,,,,,,,,,,,,,,,,,,,,,,,,,,,0,0,0,0,1,0,2,True
2021-06-12 01:07:29,974,Microsoft-Windows-Sysmon,{5770385f-c22a-43e0-bf4c-06f5698ffbd9},4,0x8000000000000000,Microsoft-Windows-Sysmon/Operational,WORKSTATION5,2021-06-11T09:07:29.573Z,2021-06-11T09:07:29.573Z,10,"Process accessed:
RuleName: -
UtcTime: 2021-06-12 01:07:29.562
SourceProcessGUID: {e2c04bb9-a346-60c3-0f00-000000000300}
SourceProcessId: 876
SourceThreadId: 8492
SourceImage: C:\Windows\system32\svchost.exe
TargetProcessGUID: {e2c04bb9-a90a-60c3-7d02-000000000300}
TargetProcessId: 8752
TargetImage: C:\Windows\system32\conhost.exe
GrantedAccess: 0x2000
CallTrace: C:\Windows\SYSTEM32\ntdll.dll+9d364|C:\Windows\SYSTEM32\psmserviceexthost.dll+31160|C:\Windows\SYSTEM32\psmserviceexthost.dll+30e5f|C:\Windows\SYSTEM32\ntdll.dll+6ba5|C:\Windows\SYSTEM32\ntdll.dll+67f1|C:\Windows\SYSTEM32\ntdll.dll+6650|C:\Windows\SYSTEM32\ntdll.dll+3052c|C:\Windows\SYSTEM32\ntdll.dll+34142|C:\Windows\System32\KERNEL32.DLL+17c24|C:\Windows\SYSTEM32\ntdll.dll+6d721",10,-,,0,,,,,,,,,,,,,,,,,,,{e2c04bb9-a346-60c3-0f00-000000000300},876,8492.0,C:\Windows\system32\svchost.exe,{e2c04bb9-a90a-60c3-7d02-000000000300},8752,C:\Windows\system32\conhost.exe,0x2000,C:\Windows\SYSTEM32\ntdll.dll+9d364|C:\Windows\SYSTEM32\psmserviceexthost.dll+31160|C:\Windows\SYSTEM32\psmserviceexthost.dll+30e5f|C:\Windows\SYSTEM32\ntdll.dll+6ba5|C:\Windows\SYSTEM32\ntdll.dll+67f1|C:\Windows\SYSTEM32\ntdll.dll+6650|C:\Windows\SYSTEM32\ntdll.dll+3052c|C:\Windows\SYSTEM32\ntdll.dll+34142|C:\Windows\System32\KERNEL32.DLL+17c24|C:\Windows\SYSTEM32\ntdll.dll+6d721,,,,,,,,,,,,,,,,,,,,,,,,,,,,,,,,,,,,,,,,,,,,,,,,,,,,,,,,,,,,,,,,,,,,,,,,,,,,,,,,,,,,,0,0,0,0,0,0,1,True
2021-06-12 01:07:29,973,Microsoft-Windows-Sysmon,{5770385f-c22a-43e0-bf4c-06f5698ffbd9},4,0x8000000000000000,Microsoft-Windows-Sysmon/Operational,WORKSTATION5,2021-06-11T09:07:29.573Z,2021-06-11T09:07:29.573Z,10,"Process accessed:
RuleName: -
UtcTime: 2021-06-12 01:07:29.562
SourceProcessGUID: {e2c04bb9-a70e-60c3-0d61-390000000000}
SourceProcessId: 1320
SourceThreadId: 7300
SourceImage: C:\Windows\Explorer.EXE
TargetProcessGUID: {e2c04bb9-d0f0-60c3-48da-ec0000000000}
TargetProcessId: 5632
TargetImage: C:\Windows\system32\cmd.exe
GrantedAccess: 0x2000
CallTrace: C:\Windows\SYSTEM32\ntdll.dll+9d364|C:\Windows\System32\KERNELBASE.dll+305ee|C:\Windows\system32\twinui.dll+2adb9|C:\Windows\system32\twinui.dll+29292|C:\Windows\system32\twinui.dll+5f85b|C:\Windows\system32\twinui.dll+5f36c|C:\Windows\system32\twinui.dll+1ef9a|C:\Windows\system32\twinui.dll+48799|C:\Windows\system32\twinui.dll+488db|C:\Windows\system32\twinui.dll+4885d|C:\Windows\System32\USER32.dll+15c1d|C:\Windows\System32\USER32.dll+15612|C:\Windows\System32\windows.immersiveshell.serviceprovider.dll+4860|C:\Windows\System32\windows.immersiveshell.serviceprovider.dll+4429|C:\Windows\System32\windows.immersiveshell.serviceprovider.dll+40bf|C:\Windows\System32\KERNEL32.DLL+17c24|C:\Windows\SYSTEM32\ntdll.dll+6d721",10,-,,0,,,,,,,,,,,,,,,,,,,{e2c04bb9-a70e-60c3-0d61-390000000000},1320,7300.0,C:\Windows\Explorer.EXE,{e2c04bb9-d0f0-60c3-48da-ec0000000000},5632,C:\Windows\system32\cmd.exe,0x2000,C:\Windows\SYSTEM32\ntdll.dll+9d364|C:\Windows\System32\KERNELBASE.dll+305ee|C:\Windows\system32\twinui.dll+2adb9|C:\Windows\system32\twinui.dll+29292|C:\Windows\system32\twinui.dll+5f85b|C:\Windows\system32\twinui.dll+5f36c|C:\Windows\system32\twinui.dll+1ef9a|C:\Windows\system32\twinui.dll+48799|C:\Windows\system32\twinui.dll+488db|C:\Windows\system32\twinui.dll+4885d|C:\Windows\System32\USER32.dll+15c1d|C:\Windows\System32\USER32.dll+15612|C:\Windows\System32\windows.immersiveshell.serviceprovider.dll+4860|C:\Windows\System32\windows.immersiveshell.serviceprovider.dll+4429|C:\Windows\System32\windows.immersiveshell.serviceprovider.dll+40bf|C:\Windows\System32\KERNEL32.DLL+17c24|C:\Windows\SYSTEM32\ntdll.dll+6d721,,,,,,,,,,,,,,,,,,,,,,,,,,,,,,,,,,,,,,,,,,,,,,,,,,,,,,,,,,,,,,,,,,,,,,,,,,,,,,,,,,,,,0,0,0,0,0,0,1,True
2021-06-12 01:07:29,972,Microsoft-Windows-Sysmon,{5770385f-c22a-43e0-bf4c-06f5698ffbd9},4,0x8000000000000000,Microsoft-Windows-Sysmon/Operational,WORKSTATION5,2021-06-11T09:07:29.573Z,2021-06-11T09:07:29.573Z,10,"Process accessed:
RuleName: -
UtcTime: 2021-06-12 01:07:29.562
SourceProcessGUID: {e2c04bb9-a70e-60c3-0d61-390000000000}
SourceProcessId: 1320
SourceThreadId: 7300
SourceImage: C:\Windows\Explorer.EXE
TargetProcessGUID: {e2c04bb9-08d0-60c4-8309-000000000300}
TargetProcessId: 7444
TargetImage: C:\TMP\CreateNamedPipe.exe
GrantedAccess: 0x2000
CallTrace: C:\Windows\SYSTEM32\ntdll.dll+9d364|C:\Windows\System32\KERNELBASE.dll+305ee|C:\Windows\system32\twinui.dll+2adb9|C:\Windows\system32\twinui.dll+29292|C:\Windows\system32\twinui.dll+5f85b|C:\Windows\system32\twinui.dll+5f36c|C:\Windows\system32\twinui.dll+1ef9a|C:\Windows\system32\twinui.dll+48799|C:\Windows\system32\twinui.dll+488db|C:\Windows\system32\twinui.dll+4885d|C:\Windows\System32\USER32.dll+15c1d|C:\Windows\System32\USER32.dll+15612|C:\Windows\System32\windows.immersiveshell.serviceprovider.dll+4860|C:\Windows\System32\windows.immersiveshell.serviceprovider.dll+4429|C:\Windows\System32\windows.immersiveshell.serviceprovider.dll+40bf|C:\Windows\System32\KERNEL32.DLL+17c24|C:\Windows\SYSTEM32\ntdll.dll+6d721",10,-,,0,,,,,,,,,,,,,,,,,,,{e2c04bb9-a70e-60c3-0d61-390000000000},1320,7300.0,C:\Windows\Explorer.EXE,{e2c04bb9-08d0-60c4-8309-000000000300},7444,C:\TMP\CreateNamedPipe.exe,0x2000,C:\Windows\SYSTEM32\ntdll.dll+9d364|C:\Windows\System32\KERNELBASE.dll+305ee|C:\Windows\system32\twinui.dll+2adb9|C:\Windows\system32\twinui.dll+29292|C:\Windows\system32\twinui.dll+5f85b|C:\Windows\system32\twinui.dll+5f36c|C:\Windows\system32\twinui.dll+1ef9a|C:\Windows\system32\twinui.dll+48799|C:\Windows\system32\twinui.dll+488db|C:\Windows\system32\twinui.dll+4885d|C:\Windows\System32\USER32.dll+15c1d|C:\Windows\System32\USER32.dll+15612|C:\Windows\System32\windows.immersiveshell.serviceprovider.dll+4860|C:\Windows\System32\windows.immersiveshell.serviceprovider.dll+4429|C:\Windows\System32\windows.immersiveshell.serviceprovider.dll+40bf|C:\Windows\System32\KERNEL32.DLL+17c24|C:\Windows\SYSTEM32\ntdll.dll+6d721,,,,,,,,,,,,,,,,,,,,,,,,,,,,,,,,,,,,,,,,,,,,,,,,,,,,,,,,,,,,,,,,,,,,,,,,,,,,,,,,,,,,,0,0,0,0,0,0,1,True
2021-06-12 01:07:29,971,Microsoft-Windows-Sysmon,{5770385f-c22a-43e0-bf4c-06f5698ffbd9},4,0x8000000000000000,Microsoft-Windows-Sysmon/Operational,WORKSTATION5,2021-06-11T09:07:29.573Z,2021-06-11T09:07:29.573Z,10,"Process accessed:
RuleName: -
UtcTime: 2021-06-12 01:07:29.562
SourceProcessGUID: {e2c04bb9-a70e-60c3-0d61-390000000000}
SourceProcessId: 1320
SourceThreadId: 7300
SourceImage: C:\Windows\Explorer.EXE
TargetProcessGUID: {e2c04bb9-a909-60c3-c871-6c0000000000}
TargetProcessId: 8912
TargetImage: C:\Windows\System32\WindowsPowerShell\v1.0\powershell.exe
GrantedAccess: 0x2000
CallTrace: C:\Windows\SYSTEM32\ntdll.dll+9d364|C:\Windows\System32\KERNELBASE.dll+305ee|C:\Windows\system32\twinui.dll+2adb9|C:\Windows\system32\twinui.dll+29292|C:\Windows\system32\twinui.dll+5f85b|C:\Windows\system32\twinui.dll+5f36c|C:\Windows\system32\twinui.dll+1ef9a|C:\Windows\system32\twinui.dll+48799|C:\Windows\system32\twinui.dll+488db|C:\Windows\system32\twinui.dll+4885d|C:\Windows\System32\USER32.dll+15c1d|C:\Windows\System32\USER32.dll+15612|C:\Windows\System32\windows.immersiveshell.serviceprovider.dll+4860|C:\Windows\System32\windows.immersiveshell.serviceprovider.dll+4429|C:\Windows\System32\windows.immersiveshell.serviceprovider.dll+40bf|C:\Windows\System32\KERNEL32.DLL+17c24|C:\Windows\SYSTEM32\ntdll.dll+6d721",10,-,,0,,,,,,,,,,,,,,,,,,,{e2c04bb9-a70e-60c3-0d61-390000000000},1320,7300.0,C:\Windows\Explorer.EXE,{e2c04bb9-a909-60c3-c871-6c0000000000},8912,C:\Windows\System32\WindowsPowerShell\v1.0\powershell.exe,0x2000,C:\Windows\SYSTEM32\ntdll.dll+9d364|C:\Windows\System32\KERNELBASE.dll+305ee|C:\Windows\system32\twinui.dll+2adb9|C:\Windows\system32\twinui.dll+29292|C:\Windows\system32\twinui.dll+5f85b|C:\Windows\system32\twinui.dll+5f36c|C:\Windows\system32\twinui.dll+1ef9a|C:\Windows\system32\twinui.dll+48799|C:\Windows\system32\twinui.dll+488db|C:\Windows\system32\twinui.dll+4885d|C:\Windows\System32\USER32.dll+15c1d|C:\Windows\System32\USER32.dll+15612|C:\Windows\System32\windows.immersiveshell.serviceprovider.dll+4860|C:\Windows\System32\windows.immersiveshell.serviceprovider.dll+4429|C:\Windows\System32\windows.immersiveshell.serviceprovider.dll+40bf|C:\Windows\System32\KERNEL32.DLL+17c24|C:\Windows\SYSTEM32\ntdll.dll+6d721,,,,,,,,,,,,,,,,,,,,,,,,,,,,,,,,,,,,,,,,,,,,,,,,,,,,,,,,,,,,,,,,,,,,,,,,,,,,,,,,,,,,,0,0,0,0,0,0,1,True
2021-06-12 01:07:29,970,Microsoft-Windows-Sysmon,{5770385f-c22a-43e0-bf4c-06f5698ffbd9},4,0x8000000000000000,Microsoft-Windows-Sysmon/Operational,WORKSTATION5,2021-06-11T09:07:29.572Z,2021-06-11T09:07:29.572Z,10,"Process accessed:
RuleName: -
UtcTime: 2021-06-12 01:07:29.562
SourceProcessGUID: {e2c04bb9-a70e-60c3-0d61-390000000000}
SourceProcessId: 1320
SourceThreadId: 7300
SourceImage: C:\Windows\Explorer.EXE
TargetProcessGUID: {e2c04bb9-a909-60c3-c871-6c0000000000}
TargetProcessId: 8912
TargetImage: C:\Windows\System32\WindowsPowerShell\v1.0\powershell.exe
GrantedAccess: 0x2000
CallTrace: C:\Windows\SYSTEM32\ntdll.dll+9d364|C:\Windows\System32\KERNELBASE.dll+305ee|C:\Windows\system32\twinui.dll+29083|C:\Windows\system32\twinui.dll+5f85b|C:\Windows\system32\twinui.dll+5f36c|C:\Windows\system32\twinui.dll+1ef9a|C:\Windows\system32\twinui.dll+48799|C:\Windows\system32\twinui.dll+488db|C:\Windows\system32\twinui.dll+4885d|C:\Windows\System32\USER32.dll+15c1d|C:\Windows\System32\USER32.dll+15612|C:\Windows\System32\windows.immersiveshell.serviceprovider.dll+4860|C:\Windows\System32\windows.immersiveshell.serviceprovider.dll+4429|C:\Windows\System32\windows.immersiveshell.serviceprovider.dll+40bf|C:\Windows\System32\KERNEL32.DLL+17c24|C:\Windows\SYSTEM32\ntdll.dll+6d721",10,-,,0,,,,,,,,,,,,,,,,,,,{e2c04bb9-a70e-60c3-0d61-390000000000},1320,7300.0,C:\Windows\Explorer.EXE,{e2c04bb9-a909-60c3-c871-6c0000000000},8912,C:\Windows\System32\WindowsPowerShell\v1.0\powershell.exe,0x2000,C:\Windows\SYSTEM32\ntdll.dll+9d364|C:\Windows\System32\KERNELBASE.dll+305ee|C:\Windows\system32\twinui.dll+29083|C:\Windows\system32\twinui.dll+5f85b|C:\Windows\system32\twinui.dll+5f36c|C:\Windows\system32\twinui.dll+1ef9a|C:\Windows\system32\twinui.dll+48799|C:\Windows\system32\twinui.dll+488db|C:\Windows\system32\twinui.dll+4885d|C:\Windows\System32\USER32.dll+15c1d|C:\Windows\System32\USER32.dll+15612|C:\Windows\System32\windows.immersiveshell.serviceprovider.dll+4860|C:\Windows\System32\windows.immersiveshell.serviceprovider.dll+4429|C:\Windows\System32\windows.immersiveshell.serviceprovider.dll+40bf|C:\Windows\System32\KERNEL32.DLL+17c24|C:\Windows\SYSTEM32\ntdll.dll+6d721,,,,,,,,,,,,,,,,,,,,,,,,,,,,,,,,,,,,,,,,,,,,,,,,,,,,,,,,,,,,,,,,,,,,,,,,,,,,,,,,,,,,,0,0,0,0,0,0,1,True
2021-06-12 01:07:29,969,Microsoft-Windows-Sysmon,{5770385f-c22a-43e0-bf4c-06f5698ffbd9},4,0x8000000000000000,Microsoft-Windows-Sysmon/Operational,WORKSTATION5,2021-06-11T09:07:29.572Z,2021-06-11T09:07:29.572Z,10,"Process accessed:
RuleName: -
UtcTime: 2021-06-12 01:07:29.562
SourceProcessGUID: {e2c04bb9-a70e-60c3-0d61-390000000000}
SourceProcessId: 1320
SourceThreadId: 7300
SourceImage: C:\Windows\Explorer.EXE
TargetProcessGUID: {e2c04bb9-a909-60c3-c871-6c0000000000}
TargetProcessId: 8912
TargetImage: C:\Windows\System32\WindowsPowerShell\v1.0\powershell.exe
GrantedAccess: 0x1000
CallTrace: C:\Windows\SYSTEM32\ntdll.dll+9d364|C:\Windows\System32\KERNELBASE.dll+305ee|C:\Windows\SYSTEM32\TWINAPI.dll+2f93|C:\Windows\system32\twinui.pcshell.dll+22320|C:\Windows\system32\twinui.pcshell.dll+21b22|C:\Windows\system32\twinui.dll+5f85b|C:\Windows\system32\twinui.dll+5f36c|C:\Windows\system32\twinui.dll+1ef9a|C:\Windows\system32\twinui.dll+48799|C:\Windows\system32\twinui.dll+488db|C:\Windows\system32\twinui.dll+4885d|C:\Windows\System32\USER32.dll+15c1d|C:\Windows\System32\USER32.dll+15612|C:\Windows\System32\windows.immersiveshell.serviceprovider.dll+4860|C:\Windows\System32\windows.immersiveshell.serviceprovider.dll+4429|C:\Windows\System32\windows.immersiveshell.serviceprovider.dll+40bf|C:\Windows\System32\KERNEL32.DLL+17c24|C:\Windows\SYSTEM32\ntdll.dll+6d721",10,-,,0,,,,,,,,,,,,,,,,,,,{e2c04bb9-a70e-60c3-0d61-390000000000},1320,7300.0,C:\Windows\Explorer.EXE,{e2c04bb9-a909-60c3-c871-6c0000000000},8912,C:\Windows\System32\WindowsPowerShell\v1.0\powershell.exe,0x1000,C:\Windows\SYSTEM32\ntdll.dll+9d364|C:\Windows\System32\KERNELBASE.dll+305ee|C:\Windows\SYSTEM32\TWINAPI.dll+2f93|C:\Windows\system32\twinui.pcshell.dll+22320|C:\Windows\system32\twinui.pcshell.dll+21b22|C:\Windows\system32\twinui.dll+5f85b|C:\Windows\system32\twinui.dll+5f36c|C:\Windows\system32\twinui.dll+1ef9a|C:\Windows\system32\twinui.dll+48799|C:\Windows\system32\twinui.dll+488db|C:\Windows\system32\twinui.dll+4885d|C:\Windows\System32\USER32.dll+15c1d|C:\Windows\System32\USER32.dll+15612|C:\Windows\System32\windows.immersiveshell.serviceprovider.dll+4860|C:\Windows\System32\windows.immersiveshell.serviceprovider.dll+4429|C:\Windows\System32\windows.immersiveshell.serviceprovider.dll+40bf|C:\Windows\System32\KERNEL32.DLL+17c24|C:\Windows\SYSTEM32\ntdll.dll+6d721,,,,,,,,,,,,,,,,,,,,,,,,,,,,,,,,,,,,,,,,,,,,,,,,,,,,,,,,,,,,,,,,,,,,,,,,,,,,,,,,,,,,,0,0,0,0,0,0,1,True
2021-06-12 01:07:29,976,Microsoft-Windows-Sysmon,{5770385f-c22a-43e0-bf4c-06f5698ffbd9},4,0x8000000000000000,Microsoft-Windows-Sysmon/Operational,WORKSTATION5,2021-06-11T09:07:29.573Z,2021-06-11T09:07:29.573Z,10,"Process accessed:
RuleName: -
UtcTime: 2021-06-12 01:07:29.562
SourceProcessGUID: {e2c04bb9-a70e-60c3-0d61-390000000000}
SourceProcessId: 1320
SourceThreadId: 7544
SourceImage: C:\Windows\Explorer.EXE
TargetProcessGUID: {e2c04bb9-a90a-60c3-7d02-000000000300}
TargetProcessId: 8752
TargetImage: C:\Windows\system32\conhost.exe
GrantedAccess: 0x1000
CallTrace: C:\Windows\SYSTEM32\ntdll.dll+9d364|C:\Windows\System32\KERNELBASE.dll+305ee|C:\Windows\System32\appresolver.dll+22415|C:\Windows\System32\appresolver.dll+1f03c|C:\Windows\system32\twinui.pcshell.dll+1f404|C:\Windows\system32\twinui.pcshell.dll+11b6bc|C:\Windows\System32\KERNEL32.DLL+17c24|C:\Windows\SYSTEM32\ntdll.dll+6d721",10,-,,0,,,,,,,,,,,,,,,,,,,{e2c04bb9-a70e-60c3-0d61-390000000000},1320,7544.0,C:\Windows\Explorer.EXE,{e2c04bb9-a90a-60c3-7d02-000000000300},8752,C:\Windows\system32\conhost.exe,0x1000,C:\Windows\SYSTEM32\ntdll.dll+9d364|C:\Windows\System32\KERNELBASE.dll+305ee|C:\Windows\System32\appresolver.dll+22415|C:\Windows\System32\appresolver.dll+1f03c|C:\Windows\system32\twinui.pcshell.dll+1f404|C:\Windows\system32\twinui.pcshell.dll+11b6bc|C:\Windows\System32\KERNEL32.DLL+17c24|C:\Windows\SYSTEM32\ntdll.dll+6d721,,,,,,,,,,,,,,,,,,,,,,,,,,,,,,,,,,,,,,,,,,,,,,,,,,,,,,,,,,,,,,,,,,,,,,,,,,,,,,,,,,,,,0,0,0,0,0,0,1,True
2021-06-12 01:07:32,986,Microsoft-Windows-Sysmon,{5770385f-c22a-43e0-bf4c-06f5698ffbd9},4,0x8000000000000000,Microsoft-Windows-Sysmon/Operational,WORKSTATION5,2021-06-11T09:07:32.572Z,2021-06-11T09:07:32.572Z,13,"Registry value set:
RuleName: -
EventType: SetValue
UtcTime: 2021-06-12 01:07:32.572
ProcessGuid: {e2c04bb9-a70e-60c3-0d61-390000000000}
ProcessId: 1320
Image: C:\Windows\Explorer.EXE
TargetObject: HKU\S-1-5-21-315269454-3320600716-4144796452-500\Software\Microsoft\Windows\CurrentVersion\Explorer\UserAssist\{CEBFF5CD-ACE2-4F4F-9178-9926F41749EA}\Count\HRZR_PGYFRFFVBA
Details: Binary Data",13,-,{e2c04bb9-a70e-60c3-0d61-390000000000},1320,C:\Windows\Explorer.EXE,,,,,,,,,,,,,,,,,,,,,,,,,,,,,,,,,,SetValue,HKU\S-1-5-21-315269454-3320600716-4144796452-500\Software\Microsoft\Windows\CurrentVersion\Explorer\UserAssist\{CEBFF5CD-ACE2-4F4F-9178-9926F41749EA}\Count\HRZR_PGYFRFFVBA,Binary Data,,,,,,,,,,,,,,,,,,,,,,,,,,,,,,,,,,,,,,,,,,,,,,,,,,,,,,,,,,,,,,,,,,,,,,,,,,,0,0,0,0,1,0,2,True
2021-06-12 01:07:32,985,Microsoft-Windows-Sysmon,{5770385f-c22a-43e0-bf4c-06f5698ffbd9},4,0x8000000000000000,Microsoft-Windows-Sysmon/Operational,WORKSTATION5,2021-06-11T09:07:32.572Z,2021-06-11T09:07:32.572Z,13,"Registry value set:
RuleName: -
EventType: SetValue
UtcTime: 2021-06-12 01:07:32.572
ProcessGuid: {e2c04bb9-a70e-60c3-0d61-390000000000}
ProcessId: 1320
Image: C:\Windows\Explorer.EXE
TargetObject: HKU\S-1-5-21-315269454-3320600716-4144796452-500\Software\Microsoft\Windows\CurrentVersion\Explorer\UserAssist\{CEBFF5CD-ACE2-4F4F-9178-9926F41749EA}\Count\{1NP14R77-02R7-4R5Q-O744-2RO1NR5198O7}\JvaqbjfCbjreFuryy\i1.0\cbjrefuryy.rkr
Details: Binary Data",13,-,{e2c04bb9-a70e-60c3-0d61-390000000000},1320,C:\Windows\Explorer.EXE,,,,,,,,,,,,,,,,,,,,,,,,,,,,,,,,,,SetValue,HKU\S-1-5-21-315269454-3320600716-4144796452-500\Software\Microsoft\Windows\CurrentVersion\Explorer\UserAssist\{CEBFF5CD-ACE2-4F4F-9178-9926F41749EA}\Count\{1NP14R77-02R7-4R5Q-O744-2RO1NR5198O7}\JvaqbjfCbjreFuryy\i1.0\cbjrefuryy.rkr,Binary Data,,,,,,,,,,,,,,,,,,,,,,,,,,,,,,,,,,,,,,,,,,,,,,,,,,,,,,,,,,,,,,,,,,,,,,,,,,,0,0,0,0,1,0,2,True
2021-06-12 01:07:33,1218,Microsoft-Windows-Sysmon,{5770385f-c22a-43e0-bf4c-06f5698ffbd9},4,0x8000000000000000,Microsoft-Windows-Sysmon/Operational,WORKSTATION5,2021-06-11T09:07:33.274Z,2021-06-11T09:07:33.274Z,7,"Image loaded:
RuleName: -
UtcTime: 2021-06-12 01:07:33.259
ProcessGuid: {e2c04bb9-08d5-60c4-8809-000000000300}
ProcessId: 7764
Image: C:\Windows\System32\timeout.exe
ImageLoaded: C:\Windows\System32\combase.dll
FileVersion: 10.0.18362.1500 (WinBuild.160101.0800)
Description: Microsoft COM for Windows
Product: Microsoft® Windows® Operating System
Company: Microsoft Corporation
OriginalFileName: COMBASE.DLL
Hashes: SHA1=EDFDBEF51F7D98203F8A5EDBBFFE8805107923ED,MD5=433110F4286BC2A4886BC9F1296C059C,SHA256=B091FA249211AD2D5BAD64BFA8E424055E8A73A40FBD5B60025B4728DFEA779B,IMPHASH=0663394E7C26DF14173E1B021223CC2E
Signed: true
Signature: Microsoft Windows
SignatureStatus: Valid",7,-,{e2c04bb9-08d5-60c4-8809-000000000300},7764,C:\Windows\System32\timeout.exe,10.0.18362.1500 (WinBuild.160101.0800),Microsoft COM for Windows,Microsoft® Windows® Operating System,Microsoft Corporation,COMBASE.DLL,,,,,,,,"SHA1=EDFDBEF51F7D98203F8A5EDBBFFE8805107923ED,MD5=433110F4286BC2A4886BC9F1296C059C,SHA256=B091FA249211AD2D5BAD64BFA8E424055E8A73A40FBD5B60025B4728DFEA779B,IMPHASH=0663394E7C26DF14173E1B021223CC2E",,,,,,,,,,,,,,C:\Windows\System32\combase.dll,True,Microsoft Windows,Valid,,,,,,,,,,,,,,,,,,,,,,,,,,,,,,,,,,,,,,,,,,,,,,,,,,,,,,,,,,,,,,,,,,,,,,,,,,,,,,,,,0,0,0,0,1,0,3,True
2021-06-12 01:07:33,1219,Microsoft-Windows-Sysmon,{5770385f-c22a-43e0-bf4c-06f5698ffbd9},4,0x8000000000000000,Microsoft-Windows-Sysmon/Operational,WORKSTATION5,2021-06-11T09:07:33.274Z,2021-06-11T09:07:33.274Z,7,"Image loaded:
RuleName: -
UtcTime: 2021-06-12 01:07:33.259
ProcessGuid: {e2c04bb9-08d5-60c4-8809-000000000300}
ProcessId: 7764
Image: C:\Windows\System32\timeout.exe
ImageLoaded: C:\Windows\System32\bcryptprimitives.dll
FileVersion: 10.0.18362.1237 (WinBuild.160101.0800)
Description: Windows Cryptographic Primitives Library
Product: Microsoft® Windows® Operating System
Company: Microsoft Corporation
OriginalFileName: bcryptprimitives.dll
Hashes: SHA1=9EF590B826FD65FD7F6B348604E29873AFE24353,MD5=CFA9891644C90A7739814212C28E9071,SHA256=9DADBB2C0AE4D8DBC3E855F35DF29FA40C0FEC8ABE3B15DAD2F789671A44792C,IMPHASH=496E42068C9391511CF6EE7C54F73A9B
Signed: true
Signature: Microsoft Windows
SignatureStatus: Valid",7,-,{e2c04bb9-08d5-60c4-8809-000000000300},7764,C:\Windows\System32\timeout.exe,10.0.18362.1237 (WinBuild.160101.0800),Windows Cryptographic Primitives Library,Microsoft® Windows® Operating System,Microsoft Corporation,bcryptprimitives.dll,,,,,,,,"SHA1=9EF590B826FD65FD7F6B348604E29873AFE24353,MD5=CFA9891644C90A7739814212C28E9071,SHA256=9DADBB2C0AE4D8DBC3E855F35DF29FA40C0FEC8ABE3B15DAD2F789671A44792C,IMPHASH=496E42068C9391511CF6EE7C54F73A9B",,,,,,,,,,,,,,C:\Windows\System32\bcryptprimitives.dll,True,Microsoft Windows,Valid,,,,,,,,,,,,,,,,,,,,,,,,,,,,,,,,,,,,,,,,,,,,,,,,,,,,,,,,,,,,,,,,,,,,,,,,,,,,,,,,,0,0,0,0,1,0,3,True
2021-06-12 01:07:33,1217,Microsoft-Windows-Sysmon,{5770385f-c22a-43e0-bf4c-06f5698ffbd9},4,0x8000000000000000,Microsoft-Windows-Sysmon/Operational,WORKSTATION5,2021-06-11T09:07:33.273Z,2021-06-11T09:07:33.273Z,7,"Image loaded:
RuleName: -
UtcTime: 2021-06-12 01:07:33.259
ProcessGuid: {e2c04bb9-08d5-60c4-8909-000000000300}
ProcessId: 8232
Image: C:\Windows\System32\conhost.exe
ImageLoaded: C:\Windows\System32\imm32.dll
FileVersion: 10.0.18362.387 (WinBuild.160101.0800)
Description: Multi-User Windows IMM32 API Client DLL
Product: Microsoft® Windows® Operating System
Company: Microsoft Corporation
OriginalFileName: imm32
Hashes: SHA1=76BB2AB8D3CB6DB6D23F4771334C9AA9C231B03A,MD5=025CC332EDC4B1A38290F3E36BCEF4FB,SHA256=0FE3C1C575EA1B0257B2EB12527EC35E3004CD88EA5BAEC7095386A9F9EB70AD,IMPHASH=24F54B6761C10BA12481CF6C780605BF
Signed: true
Signature: Microsoft Windows
SignatureStatus: Valid",7,-,{e2c04bb9-08d5-60c4-8909-000000000300},8232,C:\Windows\System32\conhost.exe,10.0.18362.387 (WinBuild.160101.0800),Multi-User Windows IMM32 API Client DLL,Microsoft® Windows® Operating System,Microsoft Corporation,imm32,,,,,,,,"SHA1=76BB2AB8D3CB6DB6D23F4771334C9AA9C231B03A,MD5=025CC332EDC4B1A38290F3E36BCEF4FB,SHA256=0FE3C1C575EA1B0257B2EB12527EC35E3004CD88EA5BAEC7095386A9F9EB70AD,IMPHASH=24F54B6761C10BA12481CF6C780605BF",,,,,,,,,,,,,,C:\Windows\System32\imm32.dll,True,Microsoft Windows,Valid,,,,,,,,,,,,,,,,,,,,,,,,,,,,,,,,,,,,,,,,,,,,,,,,,,,,,,,,,,,,,,,,,,,,,,,,,,,,,,,,,0,0,0,0,1,0,3,True
2021-06-12 01:07:33,1216,Microsoft-Windows-Sysmon,{5770385f-c22a-43e0-bf4c-06f5698ffbd9},4,0x8000000000000000,Microsoft-Windows-Sysmon/Operational,WORKSTATION5,2021-06-11T09:07:33.273Z,2021-06-11T09:07:33.273Z,7,"Image loaded:
RuleName: -
UtcTime: 2021-06-12 01:07:33.259
ProcessGuid: {e2c04bb9-08d5-60c4-8809-000000000300}
ProcessId: 7764
Image: C:\Windows\System32\timeout.exe
ImageLoaded: C:\Windows\System32\msvcrt.dll
FileVersion: 7.0.18362.1 (WinBuild.160101.0800)
Description: Windows NT CRT DLL
Product: Microsoft® Windows® Operating System
Company: Microsoft Corporation
OriginalFileName: msvcrt.dll
Hashes: SHA1=0EA4B3CFB14E49CEC0D42FF0F1FA989E69647A8F,MD5=36354D9B5B0A58A4B9A19103852C00A2,SHA256=E5A863D3F4BFEFED7D73A7B1499F81B7235BC9AE3C108065041BCB8E5446B1BB,IMPHASH=1273683626EBBA703979F188A1E64237
Signed: true
Signature: Microsoft Windows
SignatureStatus: Valid",7,-,{e2c04bb9-08d5-60c4-8809-000000000300},7764,C:\Windows\System32\timeout.exe,7.0.18362.1 (WinBuild.160101.0800),Windows NT CRT DLL,Microsoft® Windows® Operating System,Microsoft Corporation,msvcrt.dll,,,,,,,,"SHA1=0EA4B3CFB14E49CEC0D42FF0F1FA989E69647A8F,MD5=36354D9B5B0A58A4B9A19103852C00A2,SHA256=E5A863D3F4BFEFED7D73A7B1499F81B7235BC9AE3C108065041BCB8E5446B1BB,IMPHASH=1273683626EBBA703979F188A1E64237",,,,,,,,,,,,,,C:\Windows\System32\msvcrt.dll,True,Microsoft Windows,Valid,,,,,,,,,,,,,,,,,,,,,,,,,,,,,,,,,,,,,,,,,,,,,,,,,,,,,,,,,,,,,,,,,,,,,,,,,,,,,,,,,0,0,0,0,1,0,3,True
2021-06-12 01:07:33,1215,Microsoft-Windows-Sysmon,{5770385f-c22a-43e0-bf4c-06f5698ffbd9},4,0x8000000000000000,Microsoft-Windows-Sysmon/Operational,WORKSTATION5,2021-06-11T09:07:33.273Z,2021-06-11T09:07:33.273Z,7,"Image loaded:
RuleName: -
UtcTime: 2021-06-12 01:07:33.259
ProcessGuid: {e2c04bb9-08d5-60c4-8809-000000000300}
ProcessId: 7764
Image: C:\Windows\System32\timeout.exe
ImageLoaded: C:\Windows\System32\shlwapi.dll
FileVersion: 10.0.18362.1316 (WinBuild.160101.0800)
Description: Shell Light-weight Utility Library
Product: Microsoft® Windows® Operating System
Company: Microsoft Corporation
OriginalFileName: SHLWAPI.DLL
Hashes: SHA1=65C23F4CB9860EEBA253353C6738B45D52CE19F6,MD5=7CADEDFCEABF9D8B4B932FAB9364BA40,SHA256=CE3C1AB6E980D750C70ED7EB533BA9E1BF194033797ACC507F5B766FEEEC1FCB,IMPHASH=6659A49ABF33952444C5A7FA22FD9032
Signed: true
Signature: Microsoft Windows
SignatureStatus: Valid",7,-,{e2c04bb9-08d5-60c4-8809-000000000300},7764,C:\Windows\System32\timeout.exe,10.0.18362.1316 (WinBuild.160101.0800),Shell Light-weight Utility Library,Microsoft® Windows® Operating System,Microsoft Corporation,SHLWAPI.DLL,,,,,,,,"SHA1=65C23F4CB9860EEBA253353C6738B45D52CE19F6,MD5=7CADEDFCEABF9D8B4B932FAB9364BA40,SHA256=CE3C1AB6E980D750C70ED7EB533BA9E1BF194033797ACC507F5B766FEEEC1FCB,IMPHASH=6659A49ABF33952444C5A7FA22FD9032",,,,,,,,,,,,,,C:\Windows\System32\shlwapi.dll,True,Microsoft Windows,Valid,,,,,,,,,,,,,,,,,,,,,,,,,,,,,,,,,,,,,,,,,,,,,,,,,,,,,,,,,,,,,,,,,,,,,,,,,,,,,,,,,0,0,0,0,0,0,2,True
2021-06-12 01:07:33,1214,Microsoft-Windows-Sysmon,{5770385f-c22a-43e0-bf4c-06f5698ffbd9},4,0x8000000000000000,Microsoft-Windows-Sysmon/Operational,WORKSTATION5,2021-06-11T09:07:33.272Z,2021-06-11T09:07:33.272Z,7,"Image loaded:
RuleName: -
UtcTime: 2021-06-12 01:07:33.259
ProcessGuid: {e2c04bb9-08d5-60c4-8809-000000000300}
ProcessId: 7764
Image: C:\Windows\System32\timeout.exe
ImageLoaded: C:\Windows\System32\rpcrt4.dll
FileVersion: 10.0.18362.1500 (WinBuild.160101.0800)
Description: Remote Procedure Call Runtime
Product: Microsoft® Windows® Operating System
Company: Microsoft Corporation
OriginalFileName: rpcrt4.dll
Hashes: SHA1=6A154351837808744BC8E40F730E9986F3CA9633,MD5=15C59ACA8F5DB60A430F3FABCE8B181C,SHA256=891D6ABD1CDFB5CC0CCD3E208B9A83D1FC7B6EBA84A4160DBC3A53F38C787639,IMPHASH=88E7E7C7FA90052EC162DD37F2B7C7BD
Signed: true
Signature: Microsoft Windows
SignatureStatus: Valid",7,-,{e2c04bb9-08d5-60c4-8809-000000000300},7764,C:\Windows\System32\timeout.exe,10.0.18362.1500 (WinBuild.160101.0800),Remote Procedure Call Runtime,Microsoft® Windows® Operating System,Microsoft Corporation,rpcrt4.dll,,,,,,,,"SHA1=6A154351837808744BC8E40F730E9986F3CA9633,MD5=15C59ACA8F5DB60A430F3FABCE8B181C,SHA256=891D6ABD1CDFB5CC0CCD3E208B9A83D1FC7B6EBA84A4160DBC3A53F38C787639,IMPHASH=88E7E7C7FA90052EC162DD37F2B7C7BD",,,,,,,,,,,,,,C:\Windows\System32\rpcrt4.dll,True,Microsoft Windows,Valid,,,,,,,,,,,,,,,,,,,,,,,,,,,,,,,,,,,,,,,,,,,,,,,,,,,,,,,,,,,,,,,,,,,,,,,,,,,,,,,,,0,0,0,0,0,0,2,True
2021-06-12 01:07:33,1213,Microsoft-Windows-Sysmon,{5770385f-c22a-43e0-bf4c-06f5698ffbd9},4,0x8000000000000000,Microsoft-Windows-Sysmon/Operational,WORKSTATION5,2021-06-11T09:07:33.272Z,2021-06-11T09:07:33.272Z,7,"Image loaded:
RuleName: -
UtcTime: 2021-06-12 01:07:33.259
ProcessGuid: {e2c04bb9-08d5-60c4-8909-000000000300}
ProcessId: 8232
Image: C:\Windows\System32\conhost.exe
ImageLoaded: C:\Windows\System32\gdi32full.dll
FileVersion: 10.0.18362.1500 (WinBuild.160101.0800)
Description: GDI Client DLL
Product: Microsoft® Windows® Operating System
Company: Microsoft Corporation
OriginalFileName: gdi32
Hashes: SHA1=F2957550811293A6220E38B6DB8721797DE2527C,MD5=2BADF91126F086286D24E951C3498252,SHA256=5DFB85B3A7FB88544BF999CBED3810AFE91FDE6A126895104BF05557E3E691C3,IMPHASH=963C6FD8B9BE2772F371FCE054194A55
Signed: true
Signature: Microsoft Windows
SignatureStatus: Valid",7,-,{e2c04bb9-08d5-60c4-8909-000000000300},8232,C:\Windows\System32\conhost.exe,10.0.18362.1500 (WinBuild.160101.0800),GDI Client DLL,Microsoft® Windows® Operating System,Microsoft Corporation,gdi32,,,,,,,,"SHA1=F2957550811293A6220E38B6DB8721797DE2527C,MD5=2BADF91126F086286D24E951C3498252,SHA256=5DFB85B3A7FB88544BF999CBED3810AFE91FDE6A126895104BF05557E3E691C3,IMPHASH=963C6FD8B9BE2772F371FCE054194A55",,,,,,,,,,,,,,C:\Windows\System32\gdi32full.dll,True,Microsoft Windows,Valid,,,,,,,,,,,,,,,,,,,,,,,,,,,,,,,,,,,,,,,,,,,,,,,,,,,,,,,,,,,,,,,,,,,,,,,,,,,,,,,,,0,0,0,0,0,0,2,True
2021-06-12 01:07:33,1212,Microsoft-Windows-Sysmon,{5770385f-c22a-43e0-bf4c-06f5698ffbd9},4,0x8000000000000000,Microsoft-Windows-Sysmon/Operational,WORKSTATION5,2021-06-11T09:07:33.272Z,2021-06-11T09:07:33.272Z,7,"Image loaded:
RuleName: -
UtcTime: 2021-06-12 01:07:33.259
ProcessGuid: {e2c04bb9-08d5-60c4-8809-000000000300}
ProcessId: 7764
Image: C:\Windows\System32\timeout.exe
ImageLoaded: C:\Windows\System32\ws2_32.dll
FileVersion: 10.0.18362.387 (WinBuild.160101.0800)
Description: Windows Socket 2.0 32-Bit DLL
Product: Microsoft® Windows® Operating System
Company: Microsoft Corporation
OriginalFileName: ws2_32.dll
Hashes: SHA1=0E931ED820C96CCAD23D4AFCB0ACD97C99155D11,MD5=C0F8DA7568D2F1534E0ABB0E69DC3280,SHA256=E419A4BBDF1D5E0601E90BAFC1558DBD7414CD44E098B581C1915EF2C6E38D0B,IMPHASH=70D7A835AF4CA9F98A94AAF1B60BF88F
Signed: true
Signature: Microsoft Windows
SignatureStatus: Valid",7,-,{e2c04bb9-08d5-60c4-8809-000000000300},7764,C:\Windows\System32\timeout.exe,10.0.18362.387 (WinBuild.160101.0800),Windows Socket 2.0 32-Bit DLL,Microsoft® Windows® Operating System,Microsoft Corporation,ws2_32.dll,,,,,,,,"SHA1=0E931ED820C96CCAD23D4AFCB0ACD97C99155D11,MD5=C0F8DA7568D2F1534E0ABB0E69DC3280,SHA256=E419A4BBDF1D5E0601E90BAFC1558DBD7414CD44E098B581C1915EF2C6E38D0B,IMPHASH=70D7A835AF4CA9F98A94AAF1B60BF88F",,,,,,,,,,,,,,C:\Windows\System32\ws2_32.dll,True,Microsoft Windows,Valid,,,,,,,,,,,,,,,,,,,,,,,,,,,,,,,,,,,,,,,,,,,,,,,,,,,,,,,,,,,,,,,,,,,,,,,,,,,,,,,,,0,0,0,0,0,0,2,True
2021-06-12 01:07:33,1207,Microsoft-Windows-Sysmon,{5770385f-c22a-43e0-bf4c-06f5698ffbd9},4,0x8000000000000000,Microsoft-Windows-Sysmon/Operational,WORKSTATION5,2021-06-11T09:07:33.269Z,2021-06-11T09:07:33.269Z,7,"Image loaded:
RuleName: -
UtcTime: 2021-06-12 01:07:33.259
ProcessGuid: {e2c04bb9-08d5-60c4-8909-000000000300}
ProcessId: 8232
Image: C:\Windows\System32\conhost.exe
ImageLoaded: C:\Windows\System32\user32.dll
FileVersion: 10.0.18362.1316 (WinBuild.160101.0800)
Description: Multi-User Windows USER API Client DLL
Product: Microsoft® Windows® Operating System
Company: Microsoft Corporation
OriginalFileName: user32
Hashes: SHA1=63B37173CD76F53B30B5E68EE619E3E936E9A4F6,MD5=1030B585DD1CE136F59238C2019D36C9,SHA256=68C783A106E808BF0B3385BF8A926963EF4FECFE9B7B6E760126DFD20355DAEE,IMPHASH=70F6F0466DB32D0AA9E18434AE996907
Signed: true
Signature: Microsoft Windows
SignatureStatus: Valid",7,-,{e2c04bb9-08d5-60c4-8909-000000000300},8232,C:\Windows\System32\conhost.exe,10.0.18362.1316 (WinBuild.160101.0800),Multi-User Windows USER API Client DLL,Microsoft® Windows® Operating System,Microsoft Corporation,user32,,,,,,,,"SHA1=63B37173CD76F53B30B5E68EE619E3E936E9A4F6,MD5=1030B585DD1CE136F59238C2019D36C9,SHA256=68C783A106E808BF0B3385BF8A926963EF4FECFE9B7B6E760126DFD20355DAEE,IMPHASH=70F6F0466DB32D0AA9E18434AE996907",,,,,,,,,,,,,,C:\Windows\System32\user32.dll,True,Microsoft Windows,Valid,,,,,,,,,,,,,,,,,,,,,,,,,,,,,,,,,,,,,,,,,,,,,,,,,,,,,,,,,,,,,,,,,,,,,,,,,,,,,,,,,0,0,0,0,0,0,2,True
2021-06-12 01:07:33,1210,Microsoft-Windows-Sysmon,{5770385f-c22a-43e0-bf4c-06f5698ffbd9},4,0x8000000000000000,Microsoft-Windows-Sysmon/Operational,WORKSTATION5,2021-06-11T09:07:33.271Z,2021-06-11T09:07:33.271Z,7,"Image loaded:
RuleName: -
UtcTime: 2021-06-12 01:07:33.259
ProcessGuid: {e2c04bb9-08d5-60c4-8809-000000000300}
ProcessId: 7764
Image: C:\Windows\System32\timeout.exe
ImageLoaded: C:\Windows\System32\ucrtbase.dll
FileVersion: 10.0.18362.1110 (WinBuild.160101.0800)
Description: Microsoft® C Runtime Library
Product: Microsoft® Windows® Operating System
Company: Microsoft Corporation
OriginalFileName: ucrtbase.dll
Hashes: SHA1=D10BBE9B65C2C6F8FCA6850D0B79CBC6EF04D691,MD5=126821F73FD9FFCE6E091CF9480E1B60,SHA256=7B28F46F0A09CFD9129109A94B1C16C9C62EEF46C09113C4C585D9BF0E69B2DA,IMPHASH=5AE9A136FAFA10321F3D48251BF4F6A1
Signed: true
Signature: Microsoft Windows
SignatureStatus: Valid",7,-,{e2c04bb9-08d5-60c4-8809-000000000300},7764,C:\Windows\System32\timeout.exe,10.0.18362.1110 (WinBuild.160101.0800),Microsoft® C Runtime Library,Microsoft® Windows® Operating System,Microsoft Corporation,ucrtbase.dll,,,,,,,,"SHA1=D10BBE9B65C2C6F8FCA6850D0B79CBC6EF04D691,MD5=126821F73FD9FFCE6E091CF9480E1B60,SHA256=7B28F46F0A09CFD9129109A94B1C16C9C62EEF46C09113C4C585D9BF0E69B2DA,IMPHASH=5AE9A136FAFA10321F3D48251BF4F6A1",,,,,,,,,,,,,,C:\Windows\System32\ucrtbase.dll,True,Microsoft Windows,Valid,,,,,,,,,,,,,,,,,,,,,,,,,,,,,,,,,,,,,,,,,,,,,,,,,,,,,,,,,,,,,,,,,,,,,,,,,,,,,,,,,0,0,0,0,0,0,2,True
2021-06-12 01:07:33,1209,Microsoft-Windows-Sysmon,{5770385f-c22a-43e0-bf4c-06f5698ffbd9},4,0x8000000000000000,Microsoft-Windows-Sysmon/Operational,WORKSTATION5,2021-06-11T09:07:33.270Z,2021-06-11T09:07:33.270Z,7,"Image loaded:
RuleName: -
UtcTime: 2021-06-12 01:07:33.259
ProcessGuid: {e2c04bb9-08d5-60c4-8909-000000000300}
ProcessId: 8232
Image: C:\Windows\System32\conhost.exe
ImageLoaded: C:\Windows\System32\win32u.dll
FileVersion: 10.0.18362.1556 (WinBuild.160101.0800)
Description: Win32u
Product: Microsoft® Windows® Operating System
Company: Microsoft Corporation
OriginalFileName: Win32u.DLL
Hashes: SHA1=72CA7FE6C4A497CF5F8B3538E0F34D79B52FECE1,MD5=484473F9548840C3380BFB93F1668EDD,SHA256=B8D011D438ADC5C59CA4454076A9A720CE7F0B32BDCB8F1180F0A07879DFB6B3,IMPHASH=00000000000000000000000000000000
Signed: true
Signature: Microsoft Windows
SignatureStatus: Valid",7,-,{e2c04bb9-08d5-60c4-8909-000000000300},8232,C:\Windows\System32\conhost.exe,10.0.18362.1556 (WinBuild.160101.0800),Win32u,Microsoft® Windows® Operating System,Microsoft Corporation,Win32u.DLL,,,,,,,,"SHA1=72CA7FE6C4A497CF5F8B3538E0F34D79B52FECE1,MD5=484473F9548840C3380BFB93F1668EDD,SHA256=B8D011D438ADC5C59CA4454076A9A720CE7F0B32BDCB8F1180F0A07879DFB6B3,IMPHASH=00000000000000000000000000000000",,,,,,,,,,,,,,C:\Windows\System32\win32u.dll,True,Microsoft Windows,Valid,,,,,,,,,,,,,,,,,,,,,,,,,,,,,,,,,,,,,,,,,,,,,,,,,,,,,,,,,,,,,,,,,,,,,,,,,,,,,,,,,0,0,0,0,0,0,2,True
2021-06-12 01:07:33,1208,Microsoft-Windows-Sysmon,{5770385f-c22a-43e0-bf4c-06f5698ffbd9},4,0x8000000000000000,Microsoft-Windows-Sysmon/Operational,WORKSTATION5,2021-06-11T09:07:33.270Z,2021-06-11T09:07:33.270Z,7,"Image loaded:
RuleName: -
UtcTime: 2021-06-12 01:07:33.259
ProcessGuid: {e2c04bb9-08d5-60c4-8809-000000000300}
ProcessId: 7764
Image: C:\Windows\System32\timeout.exe
ImageLoaded: C:\Windows\System32\msvcp_win.dll
FileVersion: 10.0.18362.1110 (WinBuild.160101.0800)
Description: Microsoft® C Runtime Library
Product: Microsoft® Windows® Operating System
Company: Microsoft Corporation
OriginalFileName: msvcp_win.dll
Hashes: SHA1=56A126B33C43CE80C5DA3319FA4FBE28F617599C,MD5=94027F5AE9D6FC3B0917C1B5BCD2D88E,SHA256=2FC246F193104FB36285360E9FB14CE10B04EDB50D9D5ECFD9FDA1F010BFCDB9,IMPHASH=7F555C87AEA488E97B6067A0419ED3B4
Signed: true
Signature: Microsoft Windows
SignatureStatus: Valid",7,-,{e2c04bb9-08d5-60c4-8809-000000000300},7764,C:\Windows\System32\timeout.exe,10.0.18362.1110 (WinBuild.160101.0800),Microsoft® C Runtime Library,Microsoft® Windows® Operating System,Microsoft Corporation,msvcp_win.dll,,,,,,,,"SHA1=56A126B33C43CE80C5DA3319FA4FBE28F617599C,MD5=94027F5AE9D6FC3B0917C1B5BCD2D88E,SHA256=2FC246F193104FB36285360E9FB14CE10B04EDB50D9D5ECFD9FDA1F010BFCDB9,IMPHASH=7F555C87AEA488E97B6067A0419ED3B4",,,,,,,,,,,,,,C:\Windows\System32\msvcp_win.dll,True,Microsoft Windows,Valid,,,,,,,,,,,,,,,,,,,,,,,,,,,,,,,,,,,,,,,,,,,,,,,,,,,,,,,,,,,,,,,,,,,,,,,,,,,,,,,,,0,0,0,0,0,0,2,True
2021-06-12 01:07:33,1220,Microsoft-Windows-Sysmon,{5770385f-c22a-43e0-bf4c-06f5698ffbd9},4,0x8000000000000000,Microsoft-Windows-Sysmon/Operational,WORKSTATION5,2021-06-11T09:07:33.274Z,2021-06-11T09:07:33.274Z,7,"Image loaded:
RuleName: -
UtcTime: 2021-06-12 01:07:33.259
ProcessGuid: {e2c04bb9-08d5-60c4-8909-000000000300}
ProcessId: 8232
Image: C:\Windows\System32\conhost.exe
ImageLoaded: C:\Windows\System32\shell32.dll
FileVersion: 10.0.18362.1533 (WinBuild.160101.0800)
Description: Windows Shell Common Dll
Product: Microsoft® Windows® Operating System
Company: Microsoft Corporation
OriginalFileName: SHELL32.DLL
Hashes: SHA1=1CBEB3F58024E551C18C3B881F23EEE445A81BCD,MD5=F990BE9CF66EA1497F245A07BE8FA886,SHA256=A3A90BD03E420C808B99FD91D748BDF115E962FC9171C570906999E58A1477C3,IMPHASH=EC45A4F2C6BA9519499CFBCCAEEB3CF8
Signed: true
Signature: Microsoft Windows
SignatureStatus: Valid",7,-,{e2c04bb9-08d5-60c4-8909-000000000300},8232,C:\Windows\System32\conhost.exe,10.0.18362.1533 (WinBuild.160101.0800),Windows Shell Common Dll,Microsoft® Windows® Operating System,Microsoft Corporation,SHELL32.DLL,,,,,,,,"SHA1=1CBEB3F58024E551C18C3B881F23EEE445A81BCD,MD5=F990BE9CF66EA1497F245A07BE8FA886,SHA256=A3A90BD03E420C808B99FD91D748BDF115E962FC9171C570906999E58A1477C3,IMPHASH=EC45A4F2C6BA9519499CFBCCAEEB3CF8",,,,,,,,,,,,,,C:\Windows\System32\shell32.dll,True,Microsoft Windows,Valid,,,,,,,,,,,,,,,,,,,,,,,,,,,,,,,,,,,,,,,,,,,,,,,,,,,,,,,,,,,,,,,,,,,,,,,,,,,,,,,,,0,0,0,0,0,0,2,True
2021-06-12 01:07:33,1206,Microsoft-Windows-Sysmon,{5770385f-c22a-43e0-bf4c-06f5698ffbd9},4,0x8000000000000000,Microsoft-Windows-Sysmon/Operational,WORKSTATION5,2021-06-11T09:07:33.269Z,2021-06-11T09:07:33.269Z,7,"Image loaded:
RuleName: -
UtcTime: 2021-06-12 01:07:33.259
ProcessGuid: {e2c04bb9-08d5-60c4-8809-000000000300}
ProcessId: 7764
Image: C:\Windows\System32\timeout.exe
ImageLoaded: C:\Windows\System32\gdi32full.dll
FileVersion: 10.0.18362.1500 (WinBuild.160101.0800)
Description: GDI Client DLL
Product: Microsoft® Windows® Operating System
Company: Microsoft Corporation
OriginalFileName: gdi32
Hashes: SHA1=F2957550811293A6220E38B6DB8721797DE2527C,MD5=2BADF91126F086286D24E951C3498252,SHA256=5DFB85B3A7FB88544BF999CBED3810AFE91FDE6A126895104BF05557E3E691C3,IMPHASH=963C6FD8B9BE2772F371FCE054194A55
Signed: true
Signature: Microsoft Windows
SignatureStatus: Valid",7,-,{e2c04bb9-08d5-60c4-8809-000000000300},7764,C:\Windows\System32\timeout.exe,10.0.18362.1500 (WinBuild.160101.0800),GDI Client DLL,Microsoft® Windows® Operating System,Microsoft Corporation,gdi32,,,,,,,,"SHA1=F2957550811293A6220E38B6DB8721797DE2527C,MD5=2BADF91126F086286D24E951C3498252,SHA256=5DFB85B3A7FB88544BF999CBED3810AFE91FDE6A126895104BF05557E3E691C3,IMPHASH=963C6FD8B9BE2772F371FCE054194A55",,,,,,,,,,,,,,C:\Windows\System32\gdi32full.dll,True,Microsoft Windows,Valid,,,,,,,,,,,,,,,,,,,,,,,,,,,,,,,,,,,,,,,,,,,,,,,,,,,,,,,,,,,,,,,,,,,,,,,,,,,,,,,,,0,0,0,0,0,0,2,True
2021-06-12 01:07:33,1205,Microsoft-Windows-Sysmon,{5770385f-c22a-43e0-bf4c-06f5698ffbd9},4,0x8000000000000000,Microsoft-Windows-Sysmon/Operational,WORKSTATION5,2021-06-11T09:07:33.268Z,2021-06-11T09:07:33.268Z,7,"Image loaded:
RuleName: -
UtcTime: 2021-06-12 01:07:33.259
ProcessGuid: {e2c04bb9-08d5-60c4-8809-000000000300}
ProcessId: 7764
Image: C:\Windows\System32\timeout.exe
ImageLoaded: C:\Windows\System32\gdi32.dll
FileVersion: 10.0.18362.1316 (WinBuild.160101.0800)
Description: GDI Client DLL
Product: Microsoft® Windows® Operating System
Company: Microsoft Corporation
OriginalFileName: gdi32
Hashes: SHA1=34F81F3967B7716A8703512B7E7C3410DCDDE5A6,MD5=A4CD88E2697F818F1D8D4D3563394990,SHA256=27F96FA6D7F4C63913513BC5F983F0818BCA5A43E4C0013380F657856A383268,IMPHASH=C5F30E6A06AB646153863B68366FE58A
Signed: true
Signature: Microsoft Windows
SignatureStatus: Valid",7,-,{e2c04bb9-08d5-60c4-8809-000000000300},7764,C:\Windows\System32\timeout.exe,10.0.18362.1316 (WinBuild.160101.0800),GDI Client DLL,Microsoft® Windows® Operating System,Microsoft Corporation,gdi32,,,,,,,,"SHA1=34F81F3967B7716A8703512B7E7C3410DCDDE5A6,MD5=A4CD88E2697F818F1D8D4D3563394990,SHA256=27F96FA6D7F4C63913513BC5F983F0818BCA5A43E4C0013380F657856A383268,IMPHASH=C5F30E6A06AB646153863B68366FE58A",,,,,,,,,,,,,,C:\Windows\System32\gdi32.dll,True,Microsoft Windows,Valid,,,,,,,,,,,,,,,,,,,,,,,,,,,,,,,,,,,,,,,,,,,,,,,,,,,,,,,,,,,,,,,,,,,,,,,,,,,,,,,,,0,0,0,0,0,0,2,True
2021-06-12 01:07:33,1204,Microsoft-Windows-Sysmon,{5770385f-c22a-43e0-bf4c-06f5698ffbd9},4,0x8000000000000000,Microsoft-Windows-Sysmon/Operational,WORKSTATION5,2021-06-11T09:07:33.268Z,2021-06-11T09:07:33.268Z,7,"Image loaded:
RuleName: -
UtcTime: 2021-06-12 01:07:33.259
ProcessGuid: {e2c04bb9-08d5-60c4-8809-000000000300}
ProcessId: 7764
Image: C:\Windows\System32\timeout.exe
ImageLoaded: C:\Windows\System32\win32u.dll
FileVersion: 10.0.18362.1556 (WinBuild.160101.0800)
Description: Win32u
Product: Microsoft® Windows® Operating System
Company: Microsoft Corporation
OriginalFileName: Win32u.DLL
Hashes: SHA1=72CA7FE6C4A497CF5F8B3538E0F34D79B52FECE1,MD5=484473F9548840C3380BFB93F1668EDD,SHA256=B8D011D438ADC5C59CA4454076A9A720CE7F0B32BDCB8F1180F0A07879DFB6B3,IMPHASH=00000000000000000000000000000000
Signed: true
Signature: Microsoft Windows
SignatureStatus: Valid",7,-,{e2c04bb9-08d5-60c4-8809-000000000300},7764,C:\Windows\System32\timeout.exe,10.0.18362.1556 (WinBuild.160101.0800),Win32u,Microsoft® Windows® Operating System,Microsoft Corporation,Win32u.DLL,,,,,,,,"SHA1=72CA7FE6C4A497CF5F8B3538E0F34D79B52FECE1,MD5=484473F9548840C3380BFB93F1668EDD,SHA256=B8D011D438ADC5C59CA4454076A9A720CE7F0B32BDCB8F1180F0A07879DFB6B3,IMPHASH=00000000000000000000000000000000",,,,,,,,,,,,,,C:\Windows\System32\win32u.dll,True,Microsoft Windows,Valid,,,,,,,,,,,,,,,,,,,,,,,,,,,,,,,,,,,,,,,,,,,,,,,,,,,,,,,,,,,,,,,,,,,,,,,,,,,,,,,,,0,0,0,0,0,0,2,True
2021-06-12 01:07:33,1203,Microsoft-Windows-Sysmon,{5770385f-c22a-43e0-bf4c-06f5698ffbd9},4,0x8000000000000000,Microsoft-Windows-Sysmon/Operational,WORKSTATION5,2021-06-11T09:07:33.268Z,2021-06-11T09:07:33.268Z,7,"Image loaded:
RuleName: -
UtcTime: 2021-06-12 01:07:33.259
ProcessGuid: {e2c04bb9-08d5-60c4-8809-000000000300}
ProcessId: 7764
Image: C:\Windows\System32\timeout.exe
ImageLoaded: C:\Windows\System32\user32.dll
FileVersion: 10.0.18362.1316 (WinBuild.160101.0800)
Description: Multi-User Windows USER API Client DLL
Product: Microsoft® Windows® Operating System
Company: Microsoft Corporation
OriginalFileName: user32
Hashes: SHA1=63B37173CD76F53B30B5E68EE619E3E936E9A4F6,MD5=1030B585DD1CE136F59238C2019D36C9,SHA256=68C783A106E808BF0B3385BF8A926963EF4FECFE9B7B6E760126DFD20355DAEE,IMPHASH=70F6F0466DB32D0AA9E18434AE996907
Signed: true
Signature: Microsoft Windows
SignatureStatus: Valid",7,-,{e2c04bb9-08d5-60c4-8809-000000000300},7764,C:\Windows\System32\timeout.exe,10.0.18362.1316 (WinBuild.160101.0800),Multi-User Windows USER API Client DLL,Microsoft® Windows® Operating System,Microsoft Corporation,user32,,,,,,,,"SHA1=63B37173CD76F53B30B5E68EE619E3E936E9A4F6,MD5=1030B585DD1CE136F59238C2019D36C9,SHA256=68C783A106E808BF0B3385BF8A926963EF4FECFE9B7B6E760126DFD20355DAEE,IMPHASH=70F6F0466DB32D0AA9E18434AE996907",,,,,,,,,,,,,,C:\Windows\System32\user32.dll,True,Microsoft Windows,Valid,,,,,,,,,,,,,,,,,,,,,,,,,,,,,,,,,,,,,,,,,,,,,,,,,,,,,,,,,,,,,,,,,,,,,,,,,,,,,,,,,0,0,0,0,0,0,2,True
