2021-06-12 01:07:23,593,Microsoft-Windows-Sysmon,{5770385f-c22a-43e0-bf4c-06f5698ffbd9},4,0x8000000000000000,Microsoft-Windows-Sysmon/Operational,WORKSTATION5,2021-06-11T09:07:23.446Z,2021-06-11T09:07:23.446Z,7,"Image loaded:
RuleName: -
UtcTime: 2021-06-12 01:07:23.431
ProcessGuid: {e2c04bb9-08cb-60c4-eb40-400100000000}
ProcessId: 4236
Image: C:\TMP\CreateNamedPipe.exe
ImageLoaded: C:\Windows\System32\cryptbase.dll
FileVersion: 10.0.18362.1 (WinBuild.160101.0800)
Description: Base cryptographic API DLL
Product: Microsoft® Windows® Operating System
Company: Microsoft Corporation
OriginalFileName: cryptbase.dll
Hashes: SHA1=B6093663113CF33A76156CB3F6D4322514F00E4B,MD5=26887DE7D7D1928F52A452E3A63E55E8,SHA256=EA86D9754164CA2C01B4A7F81188B2490CEE1F350E177861A4702C92DFD6D066,IMPHASH=3F27E242D68FC14338677A25FAE441F7
Signed: true
Signature: Microsoft Windows
SignatureStatus: Valid",7,-,{e2c04bb9-08cb-60c4-eb40-400100000000},4236,C:\TMP\CreateNamedPipe.exe,10.0.18362.1 (WinBuild.160101.0800),Base cryptographic API DLL,Microsoft® Windows® Operating System,Microsoft Corporation,cryptbase.dll,,,,,,,,"SHA1=B6093663113CF33A76156CB3F6D4322514F00E4B,MD5=26887DE7D7D1928F52A452E3A63E55E8,SHA256=EA86D9754164CA2C01B4A7F81188B2490CEE1F350E177861A4702C92DFD6D066,IMPHASH=3F27E242D68FC14338677A25FAE441F7",,,,,,,,,,,,,,C:\Windows\System32\cryptbase.dll,True,Microsoft Windows,Valid,,,,,,,,,,,,,,,,,,,,,,,,,,,,,,,,,,,,,,,,,,,,,,,,,,,,,,,,,,,,,,,,,,,,,,,,,,,,,,,,,0,0,0,0,0,0,1,True
2021-06-12 01:07:23,592,Microsoft-Windows-Sysmon,{5770385f-c22a-43e0-bf4c-06f5698ffbd9},4,0x8000000000000000,Microsoft-Windows-Sysmon/Operational,WORKSTATION5,2021-06-11T09:07:23.446Z,2021-06-11T09:07:23.446Z,7,"Image loaded:
RuleName: -
UtcTime: 2021-06-12 01:07:23.431
ProcessGuid: {e2c04bb9-08cb-60c4-eb40-400100000000}
ProcessId: 4236
Image: C:\TMP\CreateNamedPipe.exe
ImageLoaded: C:\Windows\System32\rpcrt4.dll
FileVersion: 10.0.18362.1500 (WinBuild.160101.0800)
Description: Remote Procedure Call Runtime
Product: Microsoft® Windows® Operating System
Company: Microsoft Corporation
OriginalFileName: rpcrt4.dll
Hashes: SHA1=6A154351837808744BC8E40F730E9986F3CA9633,MD5=15C59ACA8F5DB60A430F3FABCE8B181C,SHA256=891D6ABD1CDFB5CC0CCD3E208B9A83D1FC7B6EBA84A4160DBC3A53F38C787639,IMPHASH=88E7E7C7FA90052EC162DD37F2B7C7BD
Signed: true
Signature: Microsoft Windows
SignatureStatus: Valid",7,-,{e2c04bb9-08cb-60c4-eb40-400100000000},4236,C:\TMP\CreateNamedPipe.exe,10.0.18362.1500 (WinBuild.160101.0800),Remote Procedure Call Runtime,Microsoft® Windows® Operating System,Microsoft Corporation,rpcrt4.dll,,,,,,,,"SHA1=6A154351837808744BC8E40F730E9986F3CA9633,MD5=15C59ACA8F5DB60A430F3FABCE8B181C,SHA256=891D6ABD1CDFB5CC0CCD3E208B9A83D1FC7B6EBA84A4160DBC3A53F38C787639,IMPHASH=88E7E7C7FA90052EC162DD37F2B7C7BD",,,,,,,,,,,,,,C:\Windows\System32\rpcrt4.dll,True,Microsoft Windows,Valid,,,,,,,,,,,,,,,,,,,,,,,,,,,,,,,,,,,,,,,,,,,,,,,,,,,,,,,,,,,,,,,,,,,,,,,,,,,,,,,,,0,0,0,0,0,0,1,True
2021-06-12 01:07:23,591,Microsoft-Windows-Sysmon,{5770385f-c22a-43e0-bf4c-06f5698ffbd9},4,0x8000000000000000,Microsoft-Windows-Sysmon/Operational,WORKSTATION5,2021-06-11T09:07:23.446Z,2021-06-11T09:07:23.446Z,7,"Image loaded:
RuleName: -
UtcTime: 2021-06-12 01:07:23.431
ProcessGuid: {e2c04bb9-08cb-60c4-eb40-400100000000}
ProcessId: 4236
Image: C:\TMP\CreateNamedPipe.exe
ImageLoaded: C:\Windows\System32\sechost.dll
FileVersion: 10.0.18362.1474 (WinBuild.160101.0800)
Description: Host for SCM/SDDL/LSA Lookup APIs
Product: Microsoft® Windows® Operating System
Company: Microsoft Corporation
OriginalFileName: sechost.dll
Hashes: SHA1=9EF4F89E1B8499A251058FA8F6DA30F640D9B249,MD5=F97C22504B6ACA5527DAAD3755BC639E,SHA256=3A2E5DB9DCDB45FF9F731BC1B253862B9DD7710D802D04F12C1AA100C5E5A812,IMPHASH=CE4BD072766253F6A267D0284CA82002
Signed: true
Signature: Microsoft Windows
SignatureStatus: Valid",7,-,{e2c04bb9-08cb-60c4-eb40-400100000000},4236,C:\TMP\CreateNamedPipe.exe,10.0.18362.1474 (WinBuild.160101.0800),Host for SCM/SDDL/LSA Lookup APIs,Microsoft® Windows® Operating System,Microsoft Corporation,sechost.dll,,,,,,,,"SHA1=9EF4F89E1B8499A251058FA8F6DA30F640D9B249,MD5=F97C22504B6ACA5527DAAD3755BC639E,SHA256=3A2E5DB9DCDB45FF9F731BC1B253862B9DD7710D802D04F12C1AA100C5E5A812,IMPHASH=CE4BD072766253F6A267D0284CA82002",,,,,,,,,,,,,,C:\Windows\System32\sechost.dll,True,Microsoft Windows,Valid,,,,,,,,,,,,,,,,,,,,,,,,,,,,,,,,,,,,,,,,,,,,,,,,,,,,,,,,,,,,,,,,,,,,,,,,,,,,,,,,,0,0,0,0,0,0,1,True
2021-06-12 01:07:23,590,Microsoft-Windows-Sysmon,{5770385f-c22a-43e0-bf4c-06f5698ffbd9},4,0x8000000000000000,Microsoft-Windows-Sysmon/Operational,WORKSTATION5,2021-06-11T09:07:23.445Z,2021-06-11T09:07:23.445Z,7,"Image loaded:
RuleName: -
UtcTime: 2021-06-12 01:07:23.431
ProcessGuid: {e2c04bb9-08cb-60c4-eb40-400100000000}
ProcessId: 4236
Image: C:\TMP\CreateNamedPipe.exe
ImageLoaded: C:\Windows\System32\msvcrt.dll
FileVersion: 7.0.18362.1 (WinBuild.160101.0800)
Description: Windows NT CRT DLL
Product: Microsoft® Windows® Operating System
Company: Microsoft Corporation
OriginalFileName: msvcrt.dll
Hashes: SHA1=0EA4B3CFB14E49CEC0D42FF0F1FA989E69647A8F,MD5=36354D9B5B0A58A4B9A19103852C00A2,SHA256=E5A863D3F4BFEFED7D73A7B1499F81B7235BC9AE3C108065041BCB8E5446B1BB,IMPHASH=1273683626EBBA703979F188A1E64237
Signed: true
Signature: Microsoft Windows
SignatureStatus: Valid",7,-,{e2c04bb9-08cb-60c4-eb40-400100000000},4236,C:\TMP\CreateNamedPipe.exe,7.0.18362.1 (WinBuild.160101.0800),Windows NT CRT DLL,Microsoft® Windows® Operating System,Microsoft Corporation,msvcrt.dll,,,,,,,,"SHA1=0EA4B3CFB14E49CEC0D42FF0F1FA989E69647A8F,MD5=36354D9B5B0A58A4B9A19103852C00A2,SHA256=E5A863D3F4BFEFED7D73A7B1499F81B7235BC9AE3C108065041BCB8E5446B1BB,IMPHASH=1273683626EBBA703979F188A1E64237",,,,,,,,,,,,,,C:\Windows\System32\msvcrt.dll,True,Microsoft Windows,Valid,,,,,,,,,,,,,,,,,,,,,,,,,,,,,,,,,,,,,,,,,,,,,,,,,,,,,,,,,,,,,,,,,,,,,,,,,,,,,,,,,0,0,0,0,0,0,1,True
2021-06-12 01:07:23,589,Microsoft-Windows-Sysmon,{5770385f-c22a-43e0-bf4c-06f5698ffbd9},4,0x8000000000000000,Microsoft-Windows-Sysmon/Operational,WORKSTATION5,2021-06-11T09:07:23.445Z,2021-06-11T09:07:23.445Z,7,"Image loaded:
RuleName: -
UtcTime: 2021-06-12 01:07:23.431
ProcessGuid: {e2c04bb9-08cb-60c4-eb40-400100000000}
ProcessId: 4236
Image: C:\TMP\CreateNamedPipe.exe
ImageLoaded: C:\Windows\System32\advapi32.dll
FileVersion: 10.0.18362.752 (WinBuild.160101.0800)
Description: Advanced Windows 32 Base API
Product: Microsoft® Windows® Operating System
Company: Microsoft Corporation
OriginalFileName: advapi32.dll
Hashes: SHA1=35C61DDE6F8F4ED05F9C4837E2B91C886CA79F82,MD5=EA4F6E7961B4A402F6F5EC33C655260A,SHA256=5E2D103E7E1FD7CA0492E541F082D274EF6259AF2158A3562986C796C5C869DD,IMPHASH=8EEA175C33205685FB8A14876D7564DB
Signed: true
Signature: Microsoft Windows
SignatureStatus: Valid",7,-,{e2c04bb9-08cb-60c4-eb40-400100000000},4236,C:\TMP\CreateNamedPipe.exe,10.0.18362.752 (WinBuild.160101.0800),Advanced Windows 32 Base API,Microsoft® Windows® Operating System,Microsoft Corporation,advapi32.dll,,,,,,,,"SHA1=35C61DDE6F8F4ED05F9C4837E2B91C886CA79F82,MD5=EA4F6E7961B4A402F6F5EC33C655260A,SHA256=5E2D103E7E1FD7CA0492E541F082D274EF6259AF2158A3562986C796C5C869DD,IMPHASH=8EEA175C33205685FB8A14876D7564DB",,,,,,,,,,,,,,C:\Windows\System32\advapi32.dll,True,Microsoft Windows,Valid,,,,,,,,,,,,,,,,,,,,,,,,,,,,,,,,,,,,,,,,,,,,,,,,,,,,,,,,,,,,,,,,,,,,,,,,,,,,,,,,,0,0,0,0,0,0,1,True
2021-06-12 01:07:23,598,Microsoft-Windows-Sysmon,{5770385f-c22a-43e0-bf4c-06f5698ffbd9},4,0x8000000000000000,Microsoft-Windows-Sysmon/Operational,WORKSTATION5,2021-06-11T09:07:23.460Z,2021-06-11T09:07:23.460Z,7,"Image loaded:
RuleName: -
UtcTime: 2021-06-12 01:07:23.447
ProcessGuid: {e2c04bb9-08cb-60c4-eb40-400100000000}
ProcessId: 4236
Image: C:\TMP\CreateNamedPipe.exe
ImageLoaded: C:\Windows\System32\cfgmgr32.dll
FileVersion: 10.0.18362.387 (WinBuild.160101.0800)
Description: Configuration Manager DLL
Product: Microsoft® Windows® Operating System
Company: Microsoft Corporation
OriginalFileName: CFGMGR32.DLL
Hashes: SHA1=FA3A718BEED81C7084675E250ADC305677A6B5E4,MD5=3A99A40872AF3B87406CC57DBDF53748,SHA256=96A1DB38C74A81FBA4C4AB29020551364FD1ADA3B6FED789D193C787E757979D,IMPHASH=4B4464C7677B6F07342800F4CF0BA273
Signed: true
Signature: Microsoft Windows
SignatureStatus: Valid",7,-,{e2c04bb9-08cb-60c4-eb40-400100000000},4236,C:\TMP\CreateNamedPipe.exe,10.0.18362.387 (WinBuild.160101.0800),Configuration Manager DLL,Microsoft® Windows® Operating System,Microsoft Corporation,CFGMGR32.DLL,,,,,,,,"SHA1=FA3A718BEED81C7084675E250ADC305677A6B5E4,MD5=3A99A40872AF3B87406CC57DBDF53748,SHA256=96A1DB38C74A81FBA4C4AB29020551364FD1ADA3B6FED789D193C787E757979D,IMPHASH=4B4464C7677B6F07342800F4CF0BA273",,,,,,,,,,,,,,C:\Windows\System32\cfgmgr32.dll,True,Microsoft Windows,Valid,,,,,,,,,,,,,,,,,,,,,,,,,,,,,,,,,,,,,,,,,,,,,,,,,,,,,,,,,,,,,,,,,,,,,,,,,,,,,,,,,0,0,0,0,0,0,1,True
2021-06-12 01:07:23,513,Microsoft-Windows-Sysmon,{5770385f-c22a-43e0-bf4c-06f5698ffbd9},4,0x8000000000000000,Microsoft-Windows-Sysmon/Operational,WORKSTATION5,2021-06-11T09:07:23.390Z,2021-06-11T09:07:23.390Z,7,"Image loaded:
RuleName: -
UtcTime: 2021-06-12 01:07:23.384
ProcessGuid: {e2c04bb9-08cb-60c4-8009-000000000300}
ProcessId: 7024
Image: C:\Windows\System32\conhost.exe
ImageLoaded: C:\Windows\System32\oleaut32.dll
FileVersion: 10.0.18362.1556 (WinBuild.160101.0800)
Description: OLEAUT32.DLL
Product: Microsoft® Windows® Operating System
Company: Microsoft Corporation
OriginalFileName: OLEAUT32.DLL
Hashes: SHA1=E4FACBE20F7674E8FB37E0598395A710F827831D,MD5=7D5D02B24943D270513DA3F0405FA40E,SHA256=62F71A230DBD493B2D2F53BBCC7CDB365C7381FD297FF805F044CF07A29E8FF6,IMPHASH=F010E2DB51A2E86CCF6052A1ACC0854F
Signed: true
Signature: Microsoft Windows
SignatureStatus: Valid",7,-,{e2c04bb9-08cb-60c4-8009-000000000300},7024,C:\Windows\System32\conhost.exe,10.0.18362.1556 (WinBuild.160101.0800),OLEAUT32.DLL,Microsoft® Windows® Operating System,Microsoft Corporation,OLEAUT32.DLL,,,,,,,,"SHA1=E4FACBE20F7674E8FB37E0598395A710F827831D,MD5=7D5D02B24943D270513DA3F0405FA40E,SHA256=62F71A230DBD493B2D2F53BBCC7CDB365C7381FD297FF805F044CF07A29E8FF6,IMPHASH=F010E2DB51A2E86CCF6052A1ACC0854F",,,,,,,,,,,,,,C:\Windows\System32\oleaut32.dll,True,Microsoft Windows,Valid,,,,,,,,,,,,,,,,,,,,,,,,,,,,,,,,,,,,,,,,,,,,,,,,,,,,,,,,,,,,,,,,,,,,,,,,,,,,,,,,,0,0,0,0,0,0,2,True
2021-06-12 01:07:23,562,Microsoft-Windows-Sysmon,{5770385f-c22a-43e0-bf4c-06f5698ffbd9},4,0x8000000000000000,Microsoft-Windows-Sysmon/Operational,WORKSTATION5,2021-06-11T09:07:23.438Z,2021-06-11T09:07:23.438Z,10,"Process accessed:
RuleName: -
UtcTime: 2021-06-12 01:07:23.415
SourceProcessGUID: {e2c04bb9-a70e-60c3-0d61-390000000000}
SourceProcessId: 1320
SourceThreadId: 7300
SourceImage: C:\Windows\Explorer.EXE
TargetProcessGUID: {e2c04bb9-08cb-60c4-eb40-400100000000}
TargetProcessId: 4236
TargetImage: C:\TMP\CreateNamedPipe.exe
GrantedAccess: 0x1000
CallTrace: C:\Windows\SYSTEM32\ntdll.dll+9d364|C:\Windows\System32\KERNELBASE.dll+305ee|C:\Windows\SYSTEM32\TWINAPI.dll+2f93|C:\Windows\system32\twinui.pcshell.dll+22320|C:\Windows\system32\twinui.pcshell.dll+21b22|C:\Windows\system32\twinui.pcshell.dll+85954|C:\Windows\system32\twinui.pcshell.dll+24fe6|C:\Windows\system32\twinui.pcshell.dll+2207e|C:\Windows\system32\twinui.dll+5f85b|C:\Windows\system32\twinui.dll+5f36c|C:\Windows\system32\twinui.dll+1ef9a|C:\Windows\system32\twinui.dll+48799|C:\Windows\system32\twinui.dll+488db|C:\Windows\system32\twinui.dll+4885d|C:\Windows\System32\USER32.dll+15c1d|C:\Windows\System32\USER32.dll+15612|C:\Windows\System32\windows.immersiveshell.serviceprovider.dll+4860|C:\Windows\System32\windows.immersiveshell.serviceprovider.dll+4429|C:\Windows\System32\windows.immersiveshell.serviceprovider.dll+40bf|C:\Windows\System32\KERNEL32.DLL+17c24|C:\Windows\SYSTEM32\ntdll.dll+6d721",10,-,,0,,,,,,,,,,,,,,,,,,,{e2c04bb9-a70e-60c3-0d61-390000000000},1320,7300.0,C:\Windows\Explorer.EXE,{e2c04bb9-08cb-60c4-eb40-400100000000},4236,C:\TMP\CreateNamedPipe.exe,0x1000,C:\Windows\SYSTEM32\ntdll.dll+9d364|C:\Windows\System32\KERNELBASE.dll+305ee|C:\Windows\SYSTEM32\TWINAPI.dll+2f93|C:\Windows\system32\twinui.pcshell.dll+22320|C:\Windows\system32\twinui.pcshell.dll+21b22|C:\Windows\system32\twinui.pcshell.dll+85954|C:\Windows\system32\twinui.pcshell.dll+24fe6|C:\Windows\system32\twinui.pcshell.dll+2207e|C:\Windows\system32\twinui.dll+5f85b|C:\Windows\system32\twinui.dll+5f36c|C:\Windows\system32\twinui.dll+1ef9a|C:\Windows\system32\twinui.dll+48799|C:\Windows\system32\twinui.dll+488db|C:\Windows\system32\twinui.dll+4885d|C:\Windows\System32\USER32.dll+15c1d|C:\Windows\System32\USER32.dll+15612|C:\Windows\System32\windows.immersiveshell.serviceprovider.dll+4860|C:\Windows\System32\windows.immersiveshell.serviceprovider.dll+4429|C:\Windows\System32\windows.immersiveshell.serviceprovider.dll+40bf|C:\Windows\System32\KERNEL32.DLL+17c24|C:\Windows\SYSTEM32\ntdll.dll+6d721,,,,,,,,,,,,,,,,,,,,,,,,,,,,,,,,,,,,,,,,,,,,,,,,,,,,,,,,,,,,,,,,,,,,,,,,,,,,,,,,,,,,,0,0,0,0,0,0,3,True
2021-06-12 01:07:23,560,Microsoft-Windows-Sysmon,{5770385f-c22a-43e0-bf4c-06f5698ffbd9},4,0x8000000000000000,Microsoft-Windows-Sysmon/Operational,WORKSTATION5,2021-06-11T09:07:23.437Z,2021-06-11T09:07:23.437Z,10,"Process accessed:
RuleName: -
UtcTime: 2021-06-12 01:07:23.415
SourceProcessGUID: {e2c04bb9-a70e-60c3-0d61-390000000000}
SourceProcessId: 1320
SourceThreadId: 7300
SourceImage: C:\Windows\Explorer.EXE
TargetProcessGUID: {e2c04bb9-d0f0-60c3-48da-ec0000000000}
TargetProcessId: 5632
TargetImage: C:\Windows\system32\cmd.exe
GrantedAccess: 0x2000
CallTrace: C:\Windows\SYSTEM32\ntdll.dll+9d364|C:\Windows\System32\KERNELBASE.dll+305ee|C:\Windows\system32\twinui.dll+2adb9|C:\Windows\system32\twinui.dll+29292|C:\Windows\system32\twinui.dll+5f85b|C:\Windows\system32\twinui.dll+5f36c|C:\Windows\system32\twinui.dll+1ef9a|C:\Windows\system32\twinui.dll+48799|C:\Windows\system32\twinui.dll+488db|C:\Windows\system32\twinui.dll+4885d|C:\Windows\System32\USER32.dll+15c1d|C:\Windows\System32\USER32.dll+15612|C:\Windows\System32\windows.immersiveshell.serviceprovider.dll+4860|C:\Windows\System32\windows.immersiveshell.serviceprovider.dll+4429|C:\Windows\System32\windows.immersiveshell.serviceprovider.dll+40bf|C:\Windows\System32\KERNEL32.DLL+17c24|C:\Windows\SYSTEM32\ntdll.dll+6d721",10,-,,0,,,,,,,,,,,,,,,,,,,{e2c04bb9-a70e-60c3-0d61-390000000000},1320,7300.0,C:\Windows\Explorer.EXE,{e2c04bb9-d0f0-60c3-48da-ec0000000000},5632,C:\Windows\system32\cmd.exe,0x2000,C:\Windows\SYSTEM32\ntdll.dll+9d364|C:\Windows\System32\KERNELBASE.dll+305ee|C:\Windows\system32\twinui.dll+2adb9|C:\Windows\system32\twinui.dll+29292|C:\Windows\system32\twinui.dll+5f85b|C:\Windows\system32\twinui.dll+5f36c|C:\Windows\system32\twinui.dll+1ef9a|C:\Windows\system32\twinui.dll+48799|C:\Windows\system32\twinui.dll+488db|C:\Windows\system32\twinui.dll+4885d|C:\Windows\System32\USER32.dll+15c1d|C:\Windows\System32\USER32.dll+15612|C:\Windows\System32\windows.immersiveshell.serviceprovider.dll+4860|C:\Windows\System32\windows.immersiveshell.serviceprovider.dll+4429|C:\Windows\System32\windows.immersiveshell.serviceprovider.dll+40bf|C:\Windows\System32\KERNEL32.DLL+17c24|C:\Windows\SYSTEM32\ntdll.dll+6d721,,,,,,,,,,,,,,,,,,,,,,,,,,,,,,,,,,,,,,,,,,,,,,,,,,,,,,,,,,,,,,,,,,,,,,,,,,,,,,,,,,,,,0,0,0,0,0,0,3,True
2021-06-12 01:07:23,535,Microsoft-Windows-Sysmon,{5770385f-c22a-43e0-bf4c-06f5698ffbd9},4,0x8000000000000000,Microsoft-Windows-Sysmon/Operational,WORKSTATION5,2021-06-11T09:07:23.414Z,2021-06-11T09:07:23.414Z,10,"Process accessed:
RuleName: -
UtcTime: 2021-06-12 01:07:23.400
SourceProcessGUID: {e2c04bb9-a346-60c3-0f00-000000000300}
SourceProcessId: 876
SourceThreadId: 7828
SourceImage: C:\Windows\system32\svchost.exe
TargetProcessGUID: {e2c04bb9-08cb-60c4-8009-000000000300}
TargetProcessId: 7024
TargetImage: C:\Windows\system32\conhost.exe
GrantedAccess: 0x2000
CallTrace: C:\Windows\SYSTEM32\ntdll.dll+9d364|C:\Windows\SYSTEM32\psmserviceexthost.dll+31160|C:\Windows\SYSTEM32\psmserviceexthost.dll+30e5f|C:\Windows\SYSTEM32\ntdll.dll+6ba5|C:\Windows\SYSTEM32\ntdll.dll+67f1|C:\Windows\SYSTEM32\ntdll.dll+6650|C:\Windows\SYSTEM32\ntdll.dll+3052c|C:\Windows\SYSTEM32\ntdll.dll+34142|C:\Windows\System32\KERNEL32.DLL+17c24|C:\Windows\SYSTEM32\ntdll.dll+6d721",10,-,,0,,,,,,,,,,,,,,,,,,,{e2c04bb9-a346-60c3-0f00-000000000300},876,7828.0,C:\Windows\system32\svchost.exe,{e2c04bb9-08cb-60c4-8009-000000000300},7024,C:\Windows\system32\conhost.exe,0x2000,C:\Windows\SYSTEM32\ntdll.dll+9d364|C:\Windows\SYSTEM32\psmserviceexthost.dll+31160|C:\Windows\SYSTEM32\psmserviceexthost.dll+30e5f|C:\Windows\SYSTEM32\ntdll.dll+6ba5|C:\Windows\SYSTEM32\ntdll.dll+67f1|C:\Windows\SYSTEM32\ntdll.dll+6650|C:\Windows\SYSTEM32\ntdll.dll+3052c|C:\Windows\SYSTEM32\ntdll.dll+34142|C:\Windows\System32\KERNEL32.DLL+17c24|C:\Windows\SYSTEM32\ntdll.dll+6d721,,,,,,,,,,,,,,,,,,,,,,,,,,,,,,,,,,,,,,,,,,,,,,,,,,,,,,,,,,,,,,,,,,,,,,,,,,,,,,,,,,,,,0,0,0,0,0,0,3,True
2021-06-12 01:07:23,534,Microsoft-Windows-Sysmon,{5770385f-c22a-43e0-bf4c-06f5698ffbd9},4,0x8000000000000000,Microsoft-Windows-Sysmon/Operational,WORKSTATION5,2021-06-11T09:07:23.412Z,2021-06-11T09:07:23.412Z,11,"File created:
RuleName: -
UtcTime: 2021-06-12 01:07:23.400
ProcessGuid: {e2c04bb9-a3ee-60c3-5100-000000000300}
ProcessId: 2288
Image: C:\Windows\system32\svchost.exe
TargetFilename: C:\Windows\Prefetch\CREATENAMEDPIPE.EXE-727C57F3.pf
CreationUtcTime: 2021-06-11 21:07:32.462",11,-,{e2c04bb9-a3ee-60c3-5100-000000000300},2288,C:\Windows\system32\svchost.exe,,,,,,,,,,,,,,,,,,,,,,,,,,,,,,,C:\Windows\Prefetch\CREATENAMEDPIPE.EXE-727C57F3.pf,,2021-06-11 21:07:32.462,,,,,,,,,,,,,,,,,,,,,,,,,,,,,,,,,,,,,,,,,,,,,,,,,,,,,,,,,,,,,,,,,,,,,,,,,,,,,,0,0,0,0,0,0,3,True
2021-06-12 01:07:23,532,Microsoft-Windows-Sysmon,{5770385f-c22a-43e0-bf4c-06f5698ffbd9},4,0x8000000000000000,Microsoft-Windows-Sysmon/Operational,WORKSTATION5,2021-06-11T09:07:23.411Z,2021-06-11T09:07:23.411Z,7,"Image loaded:
RuleName: -
UtcTime: 2021-06-12 01:07:23.400
ProcessGuid: {e2c04bb9-08cb-60c4-8009-000000000300}
ProcessId: 7024
Image: C:\Windows\System32\conhost.exe
ImageLoaded: C:\Windows\System32\clbcatq.dll
FileVersion: 2001.12.10941.16384 (WinBuild.160101.0800)
Description: COM+ Configuration Catalog
Product: Microsoft® Windows® Operating System
Company: Microsoft Corporation
OriginalFileName: CLBCATQ.DLL
Hashes: SHA1=7DE7C7E87CFA639E8C4DF269E38FB69A391D6790,MD5=4B179D7C6AA9424831847BA6BACDB260,SHA256=F0541B07D7B00C8D09BC72DF7E2D974F83482E42CD88B4E8260B832B7A71682E,IMPHASH=70F94828FF194145825265FE7BA88C95
Signed: true
Signature: Microsoft Windows
SignatureStatus: Valid",7,-,{e2c04bb9-08cb-60c4-8009-000000000300},7024,C:\Windows\System32\conhost.exe,2001.12.10941.16384 (WinBuild.160101.0800),COM+ Configuration Catalog,Microsoft® Windows® Operating System,Microsoft Corporation,CLBCATQ.DLL,,,,,,,,"SHA1=7DE7C7E87CFA639E8C4DF269E38FB69A391D6790,MD5=4B179D7C6AA9424831847BA6BACDB260,SHA256=F0541B07D7B00C8D09BC72DF7E2D974F83482E42CD88B4E8260B832B7A71682E,IMPHASH=70F94828FF194145825265FE7BA88C95",,,,,,,,,,,,,,C:\Windows\System32\clbcatq.dll,True,Microsoft Windows,Valid,,,,,,,,,,,,,,,,,,,,,,,,,,,,,,,,,,,,,,,,,,,,,,,,,,,,,,,,,,,,,,,,,,,,,,,,,,,,,,,,,0,0,0,0,0,0,3,True
2021-06-12 01:07:23,531,Microsoft-Windows-Sysmon,{5770385f-c22a-43e0-bf4c-06f5698ffbd9},4,0x8000000000000000,Microsoft-Windows-Sysmon/Operational,WORKSTATION5,2021-06-11T09:07:23.411Z,2021-06-11T09:07:23.411Z,10,"Process accessed:
RuleName: -
UtcTime: 2021-06-12 01:07:23.400
SourceProcessGUID: {e2c04bb9-a70e-60c3-0d61-390000000000}
SourceProcessId: 1320
SourceThreadId: 7300
SourceImage: C:\Windows\Explorer.EXE
TargetProcessGUID: {e2c04bb9-08cb-60c4-8009-000000000300}
TargetProcessId: 7024
TargetImage: C:\Windows\system32\conhost.exe
GrantedAccess: 0x1000
CallTrace: C:\Windows\SYSTEM32\ntdll.dll+9d364|C:\Windows\System32\KERNELBASE.dll+305ee|C:\Windows\SYSTEM32\TWINAPI.dll+2f93|C:\Windows\system32\twinui.pcshell.dll+22320|C:\Windows\system32\twinui.pcshell.dll+21b22|C:\Windows\system32\twinui.dll+5f85b|C:\Windows\system32\twinui.dll+5f36c|C:\Windows\system32\twinui.dll+1ef9a|C:\Windows\system32\twinui.dll+48799|C:\Windows\system32\twinui.dll+488db|C:\Windows\system32\twinui.dll+4885d|C:\Windows\System32\USER32.dll+15c1d|C:\Windows\System32\USER32.dll+15612|C:\Windows\System32\windows.immersiveshell.serviceprovider.dll+4860|C:\Windows\System32\windows.immersiveshell.serviceprovider.dll+4429|C:\Windows\System32\windows.immersiveshell.serviceprovider.dll+40bf|C:\Windows\System32\KERNEL32.DLL+17c24|C:\Windows\SYSTEM32\ntdll.dll+6d721",10,-,,0,,,,,,,,,,,,,,,,,,,{e2c04bb9-a70e-60c3-0d61-390000000000},1320,7300.0,C:\Windows\Explorer.EXE,{e2c04bb9-08cb-60c4-8009-000000000300},7024,C:\Windows\system32\conhost.exe,0x1000,C:\Windows\SYSTEM32\ntdll.dll+9d364|C:\Windows\System32\KERNELBASE.dll+305ee|C:\Windows\SYSTEM32\TWINAPI.dll+2f93|C:\Windows\system32\twinui.pcshell.dll+22320|C:\Windows\system32\twinui.pcshell.dll+21b22|C:\Windows\system32\twinui.dll+5f85b|C:\Windows\system32\twinui.dll+5f36c|C:\Windows\system32\twinui.dll+1ef9a|C:\Windows\system32\twinui.dll+48799|C:\Windows\system32\twinui.dll+488db|C:\Windows\system32\twinui.dll+4885d|C:\Windows\System32\USER32.dll+15c1d|C:\Windows\System32\USER32.dll+15612|C:\Windows\System32\windows.immersiveshell.serviceprovider.dll+4860|C:\Windows\System32\windows.immersiveshell.serviceprovider.dll+4429|C:\Windows\System32\windows.immersiveshell.serviceprovider.dll+40bf|C:\Windows\System32\KERNEL32.DLL+17c24|C:\Windows\SYSTEM32\ntdll.dll+6d721,,,,,,,,,,,,,,,,,,,,,,,,,,,,,,,,,,,,,,,,,,,,,,,,,,,,,,,,,,,,,,,,,,,,,,,,,,,,,,,,,,,,,0,0,0,0,0,0,3,True
2021-06-12 01:07:23,530,Microsoft-Windows-Sysmon,{5770385f-c22a-43e0-bf4c-06f5698ffbd9},4,0x8000000000000000,Microsoft-Windows-Sysmon/Operational,WORKSTATION5,2021-06-11T09:07:23.411Z,2021-06-11T09:07:23.411Z,7,"Image loaded:
RuleName: -
UtcTime: 2021-06-12 01:07:23.400
ProcessGuid: {e2c04bb9-08cb-60c4-8009-000000000300}
ProcessId: 7024
Image: C:\Windows\System32\conhost.exe
ImageLoaded: C:\Windows\System32\iertutil.dll
FileVersion: 11.00.18362.1533 (WinBuild.160101.0800)
Description: Run time utility for Internet Explorer
Product: Internet Explorer
Company: Microsoft Corporation
OriginalFileName: IeRtUtil.dll
Hashes: SHA1=25E6BADE0F4256973D2CC55D81F644F92CEC5782,MD5=E01A63508D4FBA3398C2E095BE1159D3,SHA256=EFC3D0B514F85A8F2F89A5D52D9788444C7CC66F5D67880D70A368DABC300F65,IMPHASH=8A91E12AED8A0B282C3E51CA39DEC3F4
Signed: true
Signature: Microsoft Windows
SignatureStatus: Valid",7,-,{e2c04bb9-08cb-60c4-8009-000000000300},7024,C:\Windows\System32\conhost.exe,11.00.18362.1533 (WinBuild.160101.0800),Run time utility for Internet Explorer,Internet Explorer,Microsoft Corporation,IeRtUtil.dll,,,,,,,,"SHA1=25E6BADE0F4256973D2CC55D81F644F92CEC5782,MD5=E01A63508D4FBA3398C2E095BE1159D3,SHA256=EFC3D0B514F85A8F2F89A5D52D9788444C7CC66F5D67880D70A368DABC300F65,IMPHASH=8A91E12AED8A0B282C3E51CA39DEC3F4",,,,,,,,,,,,,,C:\Windows\System32\iertutil.dll,True,Microsoft Windows,Valid,,,,,,,,,,,,,,,,,,,,,,,,,,,,,,,,,,,,,,,,,,,,,,,,,,,,,,,,,,,,,,,,,,,,,,,,,,,,,,,,,0,0,0,0,0,0,3,True
2021-06-12 01:07:23,529,Microsoft-Windows-Sysmon,{5770385f-c22a-43e0-bf4c-06f5698ffbd9},4,0x8000000000000000,Microsoft-Windows-Sysmon/Operational,WORKSTATION5,2021-06-11T09:07:23.411Z,2021-06-11T09:07:23.411Z,7,"Image loaded:
RuleName: -
UtcTime: 2021-06-12 01:07:23.400
ProcessGuid: {e2c04bb9-08cb-60c4-8009-000000000300}
ProcessId: 7024
Image: C:\Windows\System32\conhost.exe
ImageLoaded: C:\Windows\System32\WinTypes.dll
FileVersion: 10.0.18362.1500 (WinBuild.160101.0800)
Description: Windows Base Types DLL
Product: Microsoft® Windows® Operating System
Company: Microsoft Corporation
OriginalFileName: WinTypes.dll
Hashes: SHA1=AC0D336EE704D994BB93A7E254F2D4AAAC104EF1,MD5=A49F7D3A4DD1A8F1A211B6C93EFA7942,SHA256=9AAD9F59E23DFE1A621195F9B70C15EE9C67B15FB2ACEA8DA09F057CF18AA359,IMPHASH=554A9752315AC45D1DA4038F3CB03786
Signed: true
Signature: Microsoft Windows
SignatureStatus: Valid",7,-,{e2c04bb9-08cb-60c4-8009-000000000300},7024,C:\Windows\System32\conhost.exe,10.0.18362.1500 (WinBuild.160101.0800),Windows Base Types DLL,Microsoft® Windows® Operating System,Microsoft Corporation,WinTypes.dll,,,,,,,,"SHA1=AC0D336EE704D994BB93A7E254F2D4AAAC104EF1,MD5=A49F7D3A4DD1A8F1A211B6C93EFA7942,SHA256=9AAD9F59E23DFE1A621195F9B70C15EE9C67B15FB2ACEA8DA09F057CF18AA359,IMPHASH=554A9752315AC45D1DA4038F3CB03786",,,,,,,,,,,,,,C:\Windows\System32\WinTypes.dll,True,Microsoft Windows,Valid,,,,,,,,,,,,,,,,,,,,,,,,,,,,,,,,,,,,,,,,,,,,,,,,,,,,,,,,,,,,,,,,,,,,,,,,,,,,,,,,,0,0,0,0,0,0,3,True
2021-06-12 01:07:23,528,Microsoft-Windows-Sysmon,{5770385f-c22a-43e0-bf4c-06f5698ffbd9},4,0x8000000000000000,Microsoft-Windows-Sysmon/Operational,WORKSTATION5,2021-06-11T09:07:23.409Z,2021-06-11T09:07:23.409Z,7,"Image loaded:
RuleName: -
UtcTime: 2021-06-12 01:07:23.400
ProcessGuid: {e2c04bb9-08cb-60c4-8009-000000000300}
ProcessId: 7024
Image: C:\Windows\System32\conhost.exe
ImageLoaded: C:\Windows\System32\ntmarta.dll
FileVersion: 10.0.18362.1 (WinBuild.160101.0800)
Description: Windows NT MARTA provider
Product: Microsoft® Windows® Operating System
Company: Microsoft Corporation
OriginalFileName: ntmarta.dll
Hashes: SHA1=5C986A06C21B5CDCFD799E3B5CA475CE2AFF6058,MD5=435009D1DDC0365BFA34B8C8D3F85286,SHA256=2F94628F056FE65EA81351E134E59ECE813FEC5E8400C12D6DFA49DEFD126D01,IMPHASH=B0E49176FB29AC2D0ABB840B4C490D21
Signed: true
Signature: Microsoft Windows
SignatureStatus: Valid",7,-,{e2c04bb9-08cb-60c4-8009-000000000300},7024,C:\Windows\System32\conhost.exe,10.0.18362.1 (WinBuild.160101.0800),Windows NT MARTA provider,Microsoft® Windows® Operating System,Microsoft Corporation,ntmarta.dll,,,,,,,,"SHA1=5C986A06C21B5CDCFD799E3B5CA475CE2AFF6058,MD5=435009D1DDC0365BFA34B8C8D3F85286,SHA256=2F94628F056FE65EA81351E134E59ECE813FEC5E8400C12D6DFA49DEFD126D01,IMPHASH=B0E49176FB29AC2D0ABB840B4C490D21",,,,,,,,,,,,,,C:\Windows\System32\ntmarta.dll,True,Microsoft Windows,Valid,,,,,,,,,,,,,,,,,,,,,,,,,,,,,,,,,,,,,,,,,,,,,,,,,,,,,,,,,,,,,,,,,,,,,,,,,,,,,,,,,0,0,0,0,0,0,2,True
2021-06-12 01:07:23,527,Microsoft-Windows-Sysmon,{5770385f-c22a-43e0-bf4c-06f5698ffbd9},4,0x8000000000000000,Microsoft-Windows-Sysmon/Operational,WORKSTATION5,2021-06-11T09:07:23.408Z,2021-06-11T09:07:23.408Z,7,"Image loaded:
RuleName: -
UtcTime: 2021-06-12 01:07:23.400
ProcessGuid: {e2c04bb9-08cb-60c4-8009-000000000300}
ProcessId: 7024
Image: C:\Windows\System32\conhost.exe
ImageLoaded: C:\Windows\System32\CoreMessaging.dll
FileVersion: 10.0.18362.1316
Description: Microsoft CoreMessaging Dll
Product: Microsoft® Windows® Operating System
Company: Microsoft Corporation
OriginalFileName: CoreMessaging.dll
Hashes: SHA1=1C35C455307E9B0A1A1EBCEA14253292C02501BC,MD5=E6FCAA3DA185B15BF347A40EA9902950,SHA256=3C52C953508136EAA9DD6B4EC75A6060DDEB872DC4AAAF4A88695BB380BFC6BF,IMPHASH=159F4C943EAB23286854F27C6AA82CE1
Signed: true
Signature: Microsoft Windows
SignatureStatus: Valid",7,-,{e2c04bb9-08cb-60c4-8009-000000000300},7024,C:\Windows\System32\conhost.exe,10.0.18362.1316,Microsoft CoreMessaging Dll,Microsoft® Windows® Operating System,Microsoft Corporation,CoreMessaging.dll,,,,,,,,"SHA1=1C35C455307E9B0A1A1EBCEA14253292C02501BC,MD5=E6FCAA3DA185B15BF347A40EA9902950,SHA256=3C52C953508136EAA9DD6B4EC75A6060DDEB872DC4AAAF4A88695BB380BFC6BF,IMPHASH=159F4C943EAB23286854F27C6AA82CE1",,,,,,,,,,,,,,C:\Windows\System32\CoreMessaging.dll,True,Microsoft Windows,Valid,,,,,,,,,,,,,,,,,,,,,,,,,,,,,,,,,,,,,,,,,,,,,,,,,,,,,,,,,,,,,,,,,,,,,,,,,,,,,,,,,0,0,0,0,0,0,2,True
2021-06-12 01:07:23,526,Microsoft-Windows-Sysmon,{5770385f-c22a-43e0-bf4c-06f5698ffbd9},4,0x8000000000000000,Microsoft-Windows-Sysmon/Operational,WORKSTATION5,2021-06-11T09:07:23.407Z,2021-06-11T09:07:23.407Z,7,"Image loaded:
RuleName: -
UtcTime: 2021-06-12 01:07:23.400
ProcessGuid: {e2c04bb9-08cb-60c4-8009-000000000300}
ProcessId: 7024
Image: C:\Windows\System32\conhost.exe
ImageLoaded: C:\Windows\System32\CoreUIComponents.dll
FileVersion: 10.0.18362.1110
Description: Microsoft Core UI Components Dll
Product: Microsoft® Windows® Operating System
Company: Microsoft Corporation
OriginalFileName: CoreUIComponents.dll
Hashes: SHA1=921B1B35216BEE3C8DF5E9DE34E24E6CD11404B4,MD5=FD400D045B3B444EA63B43B57AED1BCA,SHA256=9050083E4A3586E497A6511E00721142D6729350E89D9E132085FA60CC82E58B,IMPHASH=D5A340DE6D3229461CCE23B7EDD45B8A
Signed: true
Signature: Microsoft Windows
SignatureStatus: Valid",7,-,{e2c04bb9-08cb-60c4-8009-000000000300},7024,C:\Windows\System32\conhost.exe,10.0.18362.1110,Microsoft Core UI Components Dll,Microsoft® Windows® Operating System,Microsoft Corporation,CoreUIComponents.dll,,,,,,,,"SHA1=921B1B35216BEE3C8DF5E9DE34E24E6CD11404B4,MD5=FD400D045B3B444EA63B43B57AED1BCA,SHA256=9050083E4A3586E497A6511E00721142D6729350E89D9E132085FA60CC82E58B,IMPHASH=D5A340DE6D3229461CCE23B7EDD45B8A",,,,,,,,,,,,,,C:\Windows\System32\CoreUIComponents.dll,True,Microsoft Windows,Valid,,,,,,,,,,,,,,,,,,,,,,,,,,,,,,,,,,,,,,,,,,,,,,,,,,,,,,,,,,,,,,,,,,,,,,,,,,,,,,,,,0,0,0,0,0,0,1,True
2021-06-12 01:07:23,536,Microsoft-Windows-Sysmon,{5770385f-c22a-43e0-bf4c-06f5698ffbd9},4,0x8000000000000000,Microsoft-Windows-Sysmon/Operational,WORKSTATION5,2021-06-11T09:07:23.415Z,2021-06-11T09:07:23.415Z,10,"Process accessed:
RuleName: -
UtcTime: 2021-06-12 01:07:23.400
SourceProcessGUID: {e2c04bb9-a70e-60c3-0d61-390000000000}
SourceProcessId: 1320
SourceThreadId: 7300
SourceImage: C:\Windows\Explorer.EXE
TargetProcessGUID: {e2c04bb9-08cb-60c4-eb40-400100000000}
TargetProcessId: 4236
TargetImage: C:\TMP\CreateNamedPipe.exe
GrantedAccess: 0x1000
CallTrace: C:\Windows\SYSTEM32\ntdll.dll+9d364|C:\Windows\System32\KERNELBASE.dll+305ee|C:\Windows\system32\twinui.pcshell.dll+c00f|C:\Windows\system32\twinui.pcshell.dll+7e9a1|C:\Windows\system32\twinui.pcshell.dll+754e9|C:\Windows\system32\twinui.pcshell.dll+696f2|C:\Windows\system32\twinui.pcshell.dll+57ba2|C:\Windows\system32\twinui.pcshell.dll+2a167|C:\Windows\system32\twinui.pcshell.dll+57ba2|C:\Windows\system32\twinui.pcshell.dll+590be|C:\Windows\system32\twinui.pcshell.dll+7eaa6|C:\Windows\system32\twinui.pcshell.dll+5bc22|C:\Windows\System32\USER32.dll+15c1d|C:\Windows\System32\USER32.dll+15612|C:\Windows\system32\twinui.pcshell.dll+3fd49|C:\Windows\system32\twinui.pcshell.dll+3f6f0|C:\Windows\system32\twinui.pcshell.dll+b759|C:\Windows\system32\twinui.pcshell.dll+2b70a|C:\Windows\system32\twinui.dll+63866|C:\Windows\system32\twinui.dll+635da|C:\Windows\system32\twinui.dll+634d3|C:\Windows\System32\USER32.dll+15c1d|C:\Windows\System32\USER32.dll+157ec|C:\Windows\System32\USER32.dll+25ab2",10,-,,0,,,,,,,,,,,,,,,,,,,{e2c04bb9-a70e-60c3-0d61-390000000000},1320,7300.0,C:\Windows\Explorer.EXE,{e2c04bb9-08cb-60c4-eb40-400100000000},4236,C:\TMP\CreateNamedPipe.exe,0x1000,C:\Windows\SYSTEM32\ntdll.dll+9d364|C:\Windows\System32\KERNELBASE.dll+305ee|C:\Windows\system32\twinui.pcshell.dll+c00f|C:\Windows\system32\twinui.pcshell.dll+7e9a1|C:\Windows\system32\twinui.pcshell.dll+754e9|C:\Windows\system32\twinui.pcshell.dll+696f2|C:\Windows\system32\twinui.pcshell.dll+57ba2|C:\Windows\system32\twinui.pcshell.dll+2a167|C:\Windows\system32\twinui.pcshell.dll+57ba2|C:\Windows\system32\twinui.pcshell.dll+590be|C:\Windows\system32\twinui.pcshell.dll+7eaa6|C:\Windows\system32\twinui.pcshell.dll+5bc22|C:\Windows\System32\USER32.dll+15c1d|C:\Windows\System32\USER32.dll+15612|C:\Windows\system32\twinui.pcshell.dll+3fd49|C:\Windows\system32\twinui.pcshell.dll+3f6f0|C:\Windows\system32\twinui.pcshell.dll+b759|C:\Windows\system32\twinui.pcshell.dll+2b70a|C:\Windows\system32\twinui.dll+63866|C:\Windows\system32\twinui.dll+635da|C:\Windows\system32\twinui.dll+634d3|C:\Windows\System32\USER32.dll+15c1d|C:\Windows\System32\USER32.dll+157ec|C:\Windows\System32\USER32.dll+25ab2,,,,,,,,,,,,,,,,,,,,,,,,,,,,,,,,,,,,,,,,,,,,,,,,,,,,,,,,,,,,,,,,,,,,,,,,,,,,,,,,,,,,,0,0,0,0,0,0,2,True
2021-06-12 01:07:23,525,Microsoft-Windows-Sysmon,{5770385f-c22a-43e0-bf4c-06f5698ffbd9},4,0x8000000000000000,Microsoft-Windows-Sysmon/Operational,WORKSTATION5,2021-06-11T09:07:23.406Z,2021-06-11T09:07:23.406Z,7,"Image loaded:
RuleName: -
UtcTime: 2021-06-12 01:07:23.400
ProcessGuid: {e2c04bb9-08cb-60c4-8009-000000000300}
ProcessId: 7024
Image: C:\Windows\System32\conhost.exe
ImageLoaded: C:\Windows\System32\TextInputFramework.dll
FileVersion: 10.0.18362.1474 (WinBuild.160101.0800)
Description: ""TextInputFramework.DYNLINK""
Product: Microsoft® Windows® Operating System
Company: Microsoft Corporation
OriginalFileName: ""TextInputFramework.DYNLINK""
Hashes: SHA1=B2E31B63430360E9365DDE744D15C4A8E15AD9C3,MD5=256839B42E0EAD377FFC7E94B02274D0,SHA256=458D2EDB398D6ADE8BA135C18BBAF21F9AF119D6E3966311FD06CC9A22A6DCFA,IMPHASH=4EF0D2272492E6A4AEFB26F6674CA64F
Signed: true
Signature: Microsoft Windows
SignatureStatus: Valid",7,-,{e2c04bb9-08cb-60c4-8009-000000000300},7024,C:\Windows\System32\conhost.exe,10.0.18362.1474 (WinBuild.160101.0800),"""TextInputFramework.DYNLINK""",Microsoft® Windows® Operating System,Microsoft Corporation,"""TextInputFramework.DYNLINK""",,,,,,,,"SHA1=B2E31B63430360E9365DDE744D15C4A8E15AD9C3,MD5=256839B42E0EAD377FFC7E94B02274D0,SHA256=458D2EDB398D6ADE8BA135C18BBAF21F9AF119D6E3966311FD06CC9A22A6DCFA,IMPHASH=4EF0D2272492E6A4AEFB26F6674CA64F",,,,,,,,,,,,,,C:\Windows\System32\TextInputFramework.dll,True,Microsoft Windows,Valid,,,,,,,,,,,,,,,,,,,,,,,,,,,,,,,,,,,,,,,,,,,,,,,,,,,,,,,,,,,,,,,,,,,,,,,,,,,,,,,,,0,0,0,0,0,0,2,True
2021-06-12 01:07:23,523,Microsoft-Windows-Sysmon,{5770385f-c22a-43e0-bf4c-06f5698ffbd9},4,0x8000000000000000,Microsoft-Windows-Sysmon/Operational,WORKSTATION5,2021-06-11T09:07:23.403Z,2021-06-11T09:07:23.403Z,10,"Process accessed:
RuleName: -
UtcTime: 2021-06-12 01:07:23.400
SourceProcessGUID: {e2c04bb9-a70c-60c3-6abd-380000000000}
SourceProcessId: 1152
SourceThreadId: 828
SourceImage: C:\Windows\system32\ctfmon.exe
TargetProcessGUID: {e2c04bb9-08cb-60c4-8009-000000000300}
TargetProcessId: 7024
TargetImage: C:\Windows\system32\conhost.exe
GrantedAccess: 0x1000
CallTrace: C:\Windows\SYSTEM32\ntdll.dll+9df34|C:\Windows\System32\MSCTF.dll+9450|C:\Windows\System32\MSCTF.dll+85ec|C:\Windows\System32\MSCTF.dll+827f|C:\Windows\System32\MSCTF.dll+80e2|C:\Windows\System32\KERNEL32.DLL+17c24|C:\Windows\SYSTEM32\ntdll.dll+6d721",10,-,,0,,,,,,,,,,,,,,,,,,,{e2c04bb9-a70c-60c3-6abd-380000000000},1152,828.0,C:\Windows\system32\ctfmon.exe,{e2c04bb9-08cb-60c4-8009-000000000300},7024,C:\Windows\system32\conhost.exe,0x1000,C:\Windows\SYSTEM32\ntdll.dll+9df34|C:\Windows\System32\MSCTF.dll+9450|C:\Windows\System32\MSCTF.dll+85ec|C:\Windows\System32\MSCTF.dll+827f|C:\Windows\System32\MSCTF.dll+80e2|C:\Windows\System32\KERNEL32.DLL+17c24|C:\Windows\SYSTEM32\ntdll.dll+6d721,,,,,,,,,,,,,,,,,,,,,,,,,,,,,,,,,,,,,,,,,,,,,,,,,,,,,,,,,,,,,,,,,,,,,,,,,,,,,,,,,,,,,0,0,0,0,0,0,2,True
2021-06-12 01:07:23,522,Microsoft-Windows-Sysmon,{5770385f-c22a-43e0-bf4c-06f5698ffbd9},4,0x8000000000000000,Microsoft-Windows-Sysmon/Operational,WORKSTATION5,2021-06-11T09:07:23.402Z,2021-06-11T09:07:23.402Z,10,"Process accessed:
RuleName: -
UtcTime: 2021-06-12 01:07:23.400
SourceProcessGUID: {e2c04bb9-a70e-60c3-0d61-390000000000}
SourceProcessId: 1320
SourceThreadId: 7544
SourceImage: C:\Windows\Explorer.EXE
TargetProcessGUID: {e2c04bb9-08cb-60c4-8009-000000000300}
TargetProcessId: 7024
TargetImage: C:\Windows\system32\conhost.exe
GrantedAccess: 0x1410
CallTrace: C:\Windows\SYSTEM32\ntdll.dll+9d364|C:\Windows\System32\KERNELBASE.dll+305ee|C:\Windows\System32\appresolver.dll+22138|C:\Windows\System32\appresolver.dll+1f1b6|C:\Windows\system32\twinui.pcshell.dll+1f404|C:\Windows\system32\twinui.pcshell.dll+11b6bc|C:\Windows\System32\KERNEL32.DLL+17c24|C:\Windows\SYSTEM32\ntdll.dll+6d721",10,-,,0,,,,,,,,,,,,,,,,,,,{e2c04bb9-a70e-60c3-0d61-390000000000},1320,7544.0,C:\Windows\Explorer.EXE,{e2c04bb9-08cb-60c4-8009-000000000300},7024,C:\Windows\system32\conhost.exe,0x1410,C:\Windows\SYSTEM32\ntdll.dll+9d364|C:\Windows\System32\KERNELBASE.dll+305ee|C:\Windows\System32\appresolver.dll+22138|C:\Windows\System32\appresolver.dll+1f1b6|C:\Windows\system32\twinui.pcshell.dll+1f404|C:\Windows\system32\twinui.pcshell.dll+11b6bc|C:\Windows\System32\KERNEL32.DLL+17c24|C:\Windows\SYSTEM32\ntdll.dll+6d721,,,,,,,,,,,,,,,,,,,,,,,,,,,,,,,,,,,,,,,,,,,,,,,,,,,,,,,,,,,,,,,,,,,,,,,,,,,,,,,,,,,,,0,0,0,0,0,0,2,True
2021-06-12 01:07:23,521,Microsoft-Windows-Sysmon,{5770385f-c22a-43e0-bf4c-06f5698ffbd9},4,0x8000000000000000,Microsoft-Windows-Sysmon/Operational,WORKSTATION5,2021-06-11T09:07:23.402Z,2021-06-11T09:07:23.402Z,10,"Process accessed:
RuleName: -
UtcTime: 2021-06-12 01:07:23.384
SourceProcessGUID: {e2c04bb9-a70e-60c3-0d61-390000000000}
SourceProcessId: 1320
SourceThreadId: 7544
SourceImage: C:\Windows\Explorer.EXE
TargetProcessGUID: {e2c04bb9-08cb-60c4-8009-000000000300}
TargetProcessId: 7024
TargetImage: C:\Windows\system32\conhost.exe
GrantedAccess: 0x1000
CallTrace: C:\Windows\SYSTEM32\ntdll.dll+9d364|C:\Windows\System32\KERNELBASE.dll+305ee|C:\Windows\System32\appresolver.dll+1f103|C:\Windows\system32\twinui.pcshell.dll+1f404|C:\Windows\system32\twinui.pcshell.dll+11b6bc|C:\Windows\System32\KERNEL32.DLL+17c24|C:\Windows\SYSTEM32\ntdll.dll+6d721",10,-,,0,,,,,,,,,,,,,,,,,,,{e2c04bb9-a70e-60c3-0d61-390000000000},1320,7544.0,C:\Windows\Explorer.EXE,{e2c04bb9-08cb-60c4-8009-000000000300},7024,C:\Windows\system32\conhost.exe,0x1000,C:\Windows\SYSTEM32\ntdll.dll+9d364|C:\Windows\System32\KERNELBASE.dll+305ee|C:\Windows\System32\appresolver.dll+1f103|C:\Windows\system32\twinui.pcshell.dll+1f404|C:\Windows\system32\twinui.pcshell.dll+11b6bc|C:\Windows\System32\KERNEL32.DLL+17c24|C:\Windows\SYSTEM32\ntdll.dll+6d721,,,,,,,,,,,,,,,,,,,,,,,,,,,,,,,,,,,,,,,,,,,,,,,,,,,,,,,,,,,,,,,,,,,,,,,,,,,,,,,,,,,,,0,0,0,0,0,0,2,True
2021-06-12 01:07:23,520,Microsoft-Windows-Sysmon,{5770385f-c22a-43e0-bf4c-06f5698ffbd9},4,0x8000000000000000,Microsoft-Windows-Sysmon/Operational,WORKSTATION5,2021-06-11T09:07:23.402Z,2021-06-11T09:07:23.402Z,10,"Process accessed:
RuleName: -
UtcTime: 2021-06-12 01:07:23.384
SourceProcessGUID: {e2c04bb9-a70e-60c3-0d61-390000000000}
SourceProcessId: 1320
SourceThreadId: 7544
SourceImage: C:\Windows\Explorer.EXE
TargetProcessGUID: {e2c04bb9-08cb-60c4-8009-000000000300}
TargetProcessId: 7024
TargetImage: C:\Windows\system32\conhost.exe
GrantedAccess: 0x1000
CallTrace: C:\Windows\SYSTEM32\ntdll.dll+9d364|C:\Windows\System32\KERNELBASE.dll+305ee|C:\Windows\System32\appresolver.dll+22415|C:\Windows\System32\appresolver.dll+1f03c|C:\Windows\system32\twinui.pcshell.dll+1f404|C:\Windows\system32\twinui.pcshell.dll+11b6bc|C:\Windows\System32\KERNEL32.DLL+17c24|C:\Windows\SYSTEM32\ntdll.dll+6d721",10,-,,0,,,,,,,,,,,,,,,,,,,{e2c04bb9-a70e-60c3-0d61-390000000000},1320,7544.0,C:\Windows\Explorer.EXE,{e2c04bb9-08cb-60c4-8009-000000000300},7024,C:\Windows\system32\conhost.exe,0x1000,C:\Windows\SYSTEM32\ntdll.dll+9d364|C:\Windows\System32\KERNELBASE.dll+305ee|C:\Windows\System32\appresolver.dll+22415|C:\Windows\System32\appresolver.dll+1f03c|C:\Windows\system32\twinui.pcshell.dll+1f404|C:\Windows\system32\twinui.pcshell.dll+11b6bc|C:\Windows\System32\KERNEL32.DLL+17c24|C:\Windows\SYSTEM32\ntdll.dll+6d721,,,,,,,,,,,,,,,,,,,,,,,,,,,,,,,,,,,,,,,,,,,,,,,,,,,,,,,,,,,,,,,,,,,,,,,,,,,,,,,,,,,,,0,0,0,0,0,0,2,True
2021-06-12 01:07:23,519,Microsoft-Windows-Sysmon,{5770385f-c22a-43e0-bf4c-06f5698ffbd9},4,0x8000000000000000,Microsoft-Windows-Sysmon/Operational,WORKSTATION5,2021-06-11T09:07:23.402Z,2021-06-11T09:07:23.402Z,10,"Process accessed:
RuleName: -
UtcTime: 2021-06-12 01:07:23.384
SourceProcessGUID: {e2c04bb9-a70e-60c3-0d61-390000000000}
SourceProcessId: 1320
SourceThreadId: 7544
SourceImage: C:\Windows\Explorer.EXE
TargetProcessGUID: {e2c04bb9-08cb-60c4-8009-000000000300}
TargetProcessId: 7024
TargetImage: C:\Windows\system32\conhost.exe
GrantedAccess: 0x1410
CallTrace: C:\Windows\SYSTEM32\ntdll.dll+9d364|C:\Windows\System32\KERNELBASE.dll+305ee|C:\Windows\system32\twinui.pcshell.dll+1f1d7|C:\Windows\system32\twinui.pcshell.dll+11b6bc|C:\Windows\System32\KERNEL32.DLL+17c24|C:\Windows\SYSTEM32\ntdll.dll+6d721",10,-,,0,,,,,,,,,,,,,,,,,,,{e2c04bb9-a70e-60c3-0d61-390000000000},1320,7544.0,C:\Windows\Explorer.EXE,{e2c04bb9-08cb-60c4-8009-000000000300},7024,C:\Windows\system32\conhost.exe,0x1410,C:\Windows\SYSTEM32\ntdll.dll+9d364|C:\Windows\System32\KERNELBASE.dll+305ee|C:\Windows\system32\twinui.pcshell.dll+1f1d7|C:\Windows\system32\twinui.pcshell.dll+11b6bc|C:\Windows\System32\KERNEL32.DLL+17c24|C:\Windows\SYSTEM32\ntdll.dll+6d721,,,,,,,,,,,,,,,,,,,,,,,,,,,,,,,,,,,,,,,,,,,,,,,,,,,,,,,,,,,,,,,,,,,,,,,,,,,,,,,,,,,,,0,0,0,0,0,0,1,True
2021-06-12 01:07:23,518,Microsoft-Windows-Sysmon,{5770385f-c22a-43e0-bf4c-06f5698ffbd9},4,0x8000000000000000,Microsoft-Windows-Sysmon/Operational,WORKSTATION5,2021-06-11T09:07:23.402Z,2021-06-11T09:07:23.402Z,7,"Image loaded:
RuleName: -
UtcTime: 2021-06-12 01:07:23.384
ProcessGuid: {e2c04bb9-08cb-60c4-8009-000000000300}
ProcessId: 7024
Image: C:\Windows\System32\conhost.exe
ImageLoaded: C:\Windows\System32\dwmapi.dll
FileVersion: 10.0.18362.1316 (WinBuild.160101.0800)
Description: Microsoft Desktop Window Manager API
Product: Microsoft® Windows® Operating System
Company: Microsoft Corporation
OriginalFileName: dwmapi.dll
Hashes: SHA1=929EA5DEEDEEF05836D6212128219E34C4B7B349,MD5=026D4443C9799CC9C2A9D9B67836AF53,SHA256=86E1E9614F9B470D70A0366A837FA76CD930B81BBFFB24BB338BDC85F3269CB2,IMPHASH=49F72522BEF9259B786A65BB1E8609C5
Signed: true
Signature: Microsoft Windows
SignatureStatus: Valid",7,-,{e2c04bb9-08cb-60c4-8009-000000000300},7024,C:\Windows\System32\conhost.exe,10.0.18362.1316 (WinBuild.160101.0800),Microsoft Desktop Window Manager API,Microsoft® Windows® Operating System,Microsoft Corporation,dwmapi.dll,,,,,,,,"SHA1=929EA5DEEDEEF05836D6212128219E34C4B7B349,MD5=026D4443C9799CC9C2A9D9B67836AF53,SHA256=86E1E9614F9B470D70A0366A837FA76CD930B81BBFFB24BB338BDC85F3269CB2,IMPHASH=49F72522BEF9259B786A65BB1E8609C5",,,,,,,,,,,,,,C:\Windows\System32\dwmapi.dll,True,Microsoft Windows,Valid,,,,,,,,,,,,,,,,,,,,,,,,,,,,,,,,,,,,,,,,,,,,,,,,,,,,,,,,,,,,,,,,,,,,,,,,,,,,,,,,,0,0,0,0,0,0,2,True
2021-06-12 01:07:23,517,Microsoft-Windows-Sysmon,{5770385f-c22a-43e0-bf4c-06f5698ffbd9},4,0x8000000000000000,Microsoft-Windows-Sysmon/Operational,WORKSTATION5,2021-06-11T09:07:23.394Z,2021-06-11T09:07:23.394Z,7,"Image loaded:
RuleName: -
UtcTime: 2021-06-12 01:07:23.384
ProcessGuid: {e2c04bb9-08cb-60c4-8009-000000000300}
ProcessId: 7024
Image: C:\Windows\System32\conhost.exe
ImageLoaded: C:\Windows\WinSxS\amd64_microsoft.windows.common-controls_6595b64144ccf1df_6.0.18362.1556_none_9e7e372fe45e41d5\comctl32.dll
FileVersion: 6.10 (WinBuild.160101.0800)
Description: User Experience Controls Library
Product: Microsoft® Windows® Operating System
Company: Microsoft Corporation
OriginalFileName: comctl32.DLL
Hashes: SHA1=377E65E02A3AC65B2232257575F644CF2416BC11,MD5=A0D77879809E20327E5CC5834A5E50D9,SHA256=8567A545459B8930E791BDE7A595D05EC7CAFF047C71A8A181FCDE70E6A4C3E5,IMPHASH=C0671771A067C287DB4783914ABFEAD2
Signed: true
Signature: Microsoft Windows
SignatureStatus: Valid",7,-,{e2c04bb9-08cb-60c4-8009-000000000300},7024,C:\Windows\System32\conhost.exe,6.10 (WinBuild.160101.0800),User Experience Controls Library,Microsoft® Windows® Operating System,Microsoft Corporation,comctl32.DLL,,,,,,,,"SHA1=377E65E02A3AC65B2232257575F644CF2416BC11,MD5=A0D77879809E20327E5CC5834A5E50D9,SHA256=8567A545459B8930E791BDE7A595D05EC7CAFF047C71A8A181FCDE70E6A4C3E5,IMPHASH=C0671771A067C287DB4783914ABFEAD2",,,,,,,,,,,,,,C:\Windows\WinSxS\amd64_microsoft.windows.common-controls_6595b64144ccf1df_6.0.18362.1556_none_9e7e372fe45e41d5\comctl32.dll,True,Microsoft Windows,Valid,,,,,,,,,,,,,,,,,,,,,,,,,,,,,,,,,,,,,,,,,,,,,,,,,,,,,,,,,,,,,,,,,,,,,,,,,,,,,,,,,0,0,0,0,0,0,2,True
2021-06-12 01:07:23,516,Microsoft-Windows-Sysmon,{5770385f-c22a-43e0-bf4c-06f5698ffbd9},4,0x8000000000000000,Microsoft-Windows-Sysmon/Operational,WORKSTATION5,2021-06-11T09:07:23.393Z,2021-06-11T09:07:23.393Z,10,"Process accessed:
RuleName: -
UtcTime: 2021-06-12 01:07:23.384
SourceProcessGUID: {e2c04bb9-a70e-60c3-0d61-390000000000}
SourceProcessId: 1320
SourceThreadId: 7300
SourceImage: C:\Windows\Explorer.EXE
TargetProcessGUID: {e2c04bb9-08cb-60c4-8009-000000000300}
TargetProcessId: 7024
TargetImage: C:\Windows\system32\conhost.exe
GrantedAccess: 0x1000
CallTrace: C:\Windows\SYSTEM32\ntdll.dll+9d364|C:\Windows\System32\KERNELBASE.dll+305ee|C:\Windows\SYSTEM32\TWINAPI.dll+2f93|C:\Windows\system32\twinui.pcshell.dll+22320|C:\Windows\system32\twinui.pcshell.dll+21b22|C:\Windows\system32\twinui.dll+5f85b|C:\Windows\system32\twinui.dll+5f36c|C:\Windows\system32\twinui.dll+1ef9a|C:\Windows\system32\twinui.dll+48799|C:\Windows\system32\twinui.dll+488db|C:\Windows\system32\twinui.dll+4885d|C:\Windows\System32\USER32.dll+15c1d|C:\Windows\System32\USER32.dll+15612|C:\Windows\System32\windows.immersiveshell.serviceprovider.dll+4860|C:\Windows\System32\windows.immersiveshell.serviceprovider.dll+4429|C:\Windows\System32\windows.immersiveshell.serviceprovider.dll+40bf|C:\Windows\System32\KERNEL32.DLL+17c24|C:\Windows\SYSTEM32\ntdll.dll+6d721",10,-,,0,,,,,,,,,,,,,,,,,,,{e2c04bb9-a70e-60c3-0d61-390000000000},1320,7300.0,C:\Windows\Explorer.EXE,{e2c04bb9-08cb-60c4-8009-000000000300},7024,C:\Windows\system32\conhost.exe,0x1000,C:\Windows\SYSTEM32\ntdll.dll+9d364|C:\Windows\System32\KERNELBASE.dll+305ee|C:\Windows\SYSTEM32\TWINAPI.dll+2f93|C:\Windows\system32\twinui.pcshell.dll+22320|C:\Windows\system32\twinui.pcshell.dll+21b22|C:\Windows\system32\twinui.dll+5f85b|C:\Windows\system32\twinui.dll+5f36c|C:\Windows\system32\twinui.dll+1ef9a|C:\Windows\system32\twinui.dll+48799|C:\Windows\system32\twinui.dll+488db|C:\Windows\system32\twinui.dll+4885d|C:\Windows\System32\USER32.dll+15c1d|C:\Windows\System32\USER32.dll+15612|C:\Windows\System32\windows.immersiveshell.serviceprovider.dll+4860|C:\Windows\System32\windows.immersiveshell.serviceprovider.dll+4429|C:\Windows\System32\windows.immersiveshell.serviceprovider.dll+40bf|C:\Windows\System32\KERNEL32.DLL+17c24|C:\Windows\SYSTEM32\ntdll.dll+6d721,,,,,,,,,,,,,,,,,,,,,,,,,,,,,,,,,,,,,,,,,,,,,,,,,,,,,,,,,,,,,,,,,,,,,,,,,,,,,,,,,,,,,0,0,0,0,0,0,2,True
2021-06-12 01:07:23,515,Microsoft-Windows-Sysmon,{5770385f-c22a-43e0-bf4c-06f5698ffbd9},4,0x8000000000000000,Microsoft-Windows-Sysmon/Operational,WORKSTATION5,2021-06-11T09:07:23.391Z,2021-06-11T09:07:23.391Z,10,"Process accessed:
RuleName: -
UtcTime: 2021-06-12 01:07:23.384
SourceProcessGUID: {e2c04bb9-a70e-60c3-0d61-390000000000}
SourceProcessId: 1320
SourceThreadId: 7300
SourceImage: C:\Windows\Explorer.EXE
TargetProcessGUID: {e2c04bb9-08cb-60c4-8009-000000000300}
TargetProcessId: 7024
TargetImage: C:\Windows\system32\conhost.exe
GrantedAccess: 0x1000
CallTrace: C:\Windows\SYSTEM32\ntdll.dll+9d364|C:\Windows\System32\KERNELBASE.dll+305ee|C:\Windows\SYSTEM32\TWINAPI.dll+2f93|C:\Windows\system32\twinui.pcshell.dll+22320|C:\Windows\system32\twinui.pcshell.dll+21b22|C:\Windows\system32\twinui.dll+5f85b|C:\Windows\system32\twinui.dll+5f36c|C:\Windows\system32\twinui.dll+1ef9a|C:\Windows\system32\twinui.dll+48799|C:\Windows\system32\twinui.dll+488db|C:\Windows\system32\twinui.dll+4885d|C:\Windows\System32\USER32.dll+15c1d|C:\Windows\System32\USER32.dll+15612|C:\Windows\System32\windows.immersiveshell.serviceprovider.dll+4860|C:\Windows\System32\windows.immersiveshell.serviceprovider.dll+4429|C:\Windows\System32\windows.immersiveshell.serviceprovider.dll+40bf|C:\Windows\System32\KERNEL32.DLL+17c24|C:\Windows\SYSTEM32\ntdll.dll+6d721",10,-,,0,,,,,,,,,,,,,,,,,,,{e2c04bb9-a70e-60c3-0d61-390000000000},1320,7300.0,C:\Windows\Explorer.EXE,{e2c04bb9-08cb-60c4-8009-000000000300},7024,C:\Windows\system32\conhost.exe,0x1000,C:\Windows\SYSTEM32\ntdll.dll+9d364|C:\Windows\System32\KERNELBASE.dll+305ee|C:\Windows\SYSTEM32\TWINAPI.dll+2f93|C:\Windows\system32\twinui.pcshell.dll+22320|C:\Windows\system32\twinui.pcshell.dll+21b22|C:\Windows\system32\twinui.dll+5f85b|C:\Windows\system32\twinui.dll+5f36c|C:\Windows\system32\twinui.dll+1ef9a|C:\Windows\system32\twinui.dll+48799|C:\Windows\system32\twinui.dll+488db|C:\Windows\system32\twinui.dll+4885d|C:\Windows\System32\USER32.dll+15c1d|C:\Windows\System32\USER32.dll+15612|C:\Windows\System32\windows.immersiveshell.serviceprovider.dll+4860|C:\Windows\System32\windows.immersiveshell.serviceprovider.dll+4429|C:\Windows\System32\windows.immersiveshell.serviceprovider.dll+40bf|C:\Windows\System32\KERNEL32.DLL+17c24|C:\Windows\SYSTEM32\ntdll.dll+6d721,,,,,,,,,,,,,,,,,,,,,,,,,,,,,,,,,,,,,,,,,,,,,,,,,,,,,,,,,,,,,,,,,,,,,,,,,,,,,,,,,,,,,0,0,0,0,0,0,2,True
