2020-08-05 06:10:07,283,1,-9223372036854775808,4456,2,,wec.internal.cloudapp.net,,"Registry object added or deleted:
RuleName: -
EventType: CreateKey
UtcTime: 2020-08-05 06:10:07.100
ProcessGuid: {7d3be4b5-0df0-5f2a-4500-000000000400}
ProcessId: 2752
Image: C:\windows\System32\svchost.exe
TargetObject: HKLM\SOFTWARE\Microsoft\Windows\CurrentVersion\Diagnostics\DiagTrack\HeartBeats\EndpointErrors\9",eventlog,Microsoft-Windows-Sysmon,2,,['mordorDataset'],Microsoft-Windows-Sysmon/Operational,{5770385F-C22A-43E0-BF4C-06F5698FFBD9},12,304178,WORKSTATION6.theshire.local,,,,2752,im_msvistalog,53997,,2020-08-05 02:10:07,,,INFO,3240,,0,2020-08-05T06:10:07.837Z,12,,CreateKey,2020-08-05 02:10:07,,,,S-1-5-18,,{7d3be4b5-0df0-5f2a-4500-000000000400},,-,NT AUTHORITY,SYSTEM,C:\windows\System32\svchost.exe,User,,INFO,HKLM\SOFTWARE\Microsoft\Windows\CurrentVersion\Diagnostics\DiagTrack\HeartBeats\EndpointErrors\9,,,,,,,,,,,,,,,,,,,,,,,,,,,,,,,,,,,,,,,,,,,,,,,,,,,,,,,,,,,,,,,,,,,,,,,,,,,,,,,,,,,,,,,,,,,,,0,0,0,1,1,0,2,True
2020-08-05 06:10:07,284,1,-9223372036854775808,4456,2,,wec.internal.cloudapp.net,,"Registry value set:
RuleName: -
EventType: SetValue
UtcTime: 2020-08-05 06:10:07.100
ProcessGuid: {7d3be4b5-0df0-5f2a-4500-000000000400}
ProcessId: 2752
Image: C:\windows\System32\svchost.exe
TargetObject: HKLM\SOFTWARE\Microsoft\Windows\CurrentVersion\Diagnostics\DiagTrack\HeartBeats\EndpointErrors\9\Name
Details: (Empty)",eventlog,Microsoft-Windows-Sysmon,2,,['mordorDataset'],Microsoft-Windows-Sysmon/Operational,{5770385F-C22A-43E0-BF4C-06F5698FFBD9},13,304179,WORKSTATION6.theshire.local,,,,2752,im_msvistalog,53997,,2020-08-05 02:10:07,,,INFO,3240,,0,2020-08-05T06:10:07.837Z,13,,SetValue,2020-08-05 02:10:07,,,,S-1-5-18,,{7d3be4b5-0df0-5f2a-4500-000000000400},,-,NT AUTHORITY,SYSTEM,C:\windows\System32\svchost.exe,User,,INFO,HKLM\SOFTWARE\Microsoft\Windows\CurrentVersion\Diagnostics\DiagTrack\HeartBeats\EndpointErrors\9\Name,,,,,,,,,,,,,,,,,,,,,,,,,,,,,,,,,,,,,,,,,,,,,,,,,,,,,,,,(Empty),,,,,,,,,,,,,,,,,,,,,,,,,,,,,,,,,,,,,0,0,0,1,1,0,2,True
2020-08-05 06:10:07,285,1,-9223372036854775808,4456,2,,wec.internal.cloudapp.net,,"Registry object added or deleted:
RuleName: -
EventType: CreateKey
UtcTime: 2020-08-05 06:10:07.100
ProcessGuid: {7d3be4b5-0df0-5f2a-4500-000000000400}
ProcessId: 2752
Image: C:\windows\System32\svchost.exe
TargetObject: HKLM\SOFTWARE\Microsoft\Windows\CurrentVersion\Diagnostics\DiagTrack\HeartBeats\EndpointErrors\9",eventlog,Microsoft-Windows-Sysmon,2,,['mordorDataset'],Microsoft-Windows-Sysmon/Operational,{5770385F-C22A-43E0-BF4C-06F5698FFBD9},12,304180,WORKSTATION6.theshire.local,,,,2752,im_msvistalog,53997,,2020-08-05 02:10:07,,,INFO,3240,,0,2020-08-05T06:10:07.837Z,12,,CreateKey,2020-08-05 02:10:07,,,,S-1-5-18,,{7d3be4b5-0df0-5f2a-4500-000000000400},,-,NT AUTHORITY,SYSTEM,C:\windows\System32\svchost.exe,User,,INFO,HKLM\SOFTWARE\Microsoft\Windows\CurrentVersion\Diagnostics\DiagTrack\HeartBeats\EndpointErrors\9,,,,,,,,,,,,,,,,,,,,,,,,,,,,,,,,,,,,,,,,,,,,,,,,,,,,,,,,,,,,,,,,,,,,,,,,,,,,,,,,,,,,,,,,,,,,,0,0,0,1,1,0,2,True
2020-08-05 06:10:07,286,1,-9223372036854775808,4456,2,,wec.internal.cloudapp.net,,"Registry value set:
RuleName: -
EventType: SetValue
UtcTime: 2020-08-05 06:10:07.100
ProcessGuid: {7d3be4b5-0df0-5f2a-4500-000000000400}
ProcessId: 2752
Image: C:\windows\System32\svchost.exe
TargetObject: HKLM\SOFTWARE\Microsoft\Windows\CurrentVersion\Diagnostics\DiagTrack\HeartBeats\EndpointErrors\9\Value
Details: DWORD (0x00000000)",eventlog,Microsoft-Windows-Sysmon,2,,['mordorDataset'],Microsoft-Windows-Sysmon/Operational,{5770385F-C22A-43E0-BF4C-06F5698FFBD9},13,304181,WORKSTATION6.theshire.local,,,,2752,im_msvistalog,53997,,2020-08-05 02:10:07,,,INFO,3240,,0,2020-08-05T06:10:07.838Z,13,,SetValue,2020-08-05 02:10:07,,,,S-1-5-18,,{7d3be4b5-0df0-5f2a-4500-000000000400},,-,NT AUTHORITY,SYSTEM,C:\windows\System32\svchost.exe,User,,INFO,HKLM\SOFTWARE\Microsoft\Windows\CurrentVersion\Diagnostics\DiagTrack\HeartBeats\EndpointErrors\9\Value,,,,,,,,,,,,,,,,,,,,,,,,,,,,,,,,,,,,,,,,,,,,,,,,,,,,,,,,DWORD (0x00000000),,,,,,,,,,,,,,,,,,,,,,,,,,,,,,,,,,,,,0,0,0,1,1,0,2,True
2020-08-05 06:10:07,287,1,-9223372036854775808,4456,2,,wec.internal.cloudapp.net,,"Registry object added or deleted:
RuleName: -
EventType: CreateKey
UtcTime: 2020-08-05 06:10:07.100
ProcessGuid: {7d3be4b5-0df0-5f2a-4500-000000000400}
ProcessId: 2752
Image: C:\windows\System32\svchost.exe
TargetObject: HKLM\SOFTWARE\Microsoft\Windows\CurrentVersion\Diagnostics\DiagTrack\HeartBeats\EndpointErrors",eventlog,Microsoft-Windows-Sysmon,2,,['mordorDataset'],Microsoft-Windows-Sysmon/Operational,{5770385F-C22A-43E0-BF4C-06F5698FFBD9},12,304182,WORKSTATION6.theshire.local,,,,2752,im_msvistalog,53997,,2020-08-05 02:10:07,,,INFO,3240,,0,2020-08-05T06:10:07.838Z,12,,CreateKey,2020-08-05 02:10:07,,,,S-1-5-18,,{7d3be4b5-0df0-5f2a-4500-000000000400},,-,NT AUTHORITY,SYSTEM,C:\windows\System32\svchost.exe,User,,INFO,HKLM\SOFTWARE\Microsoft\Windows\CurrentVersion\Diagnostics\DiagTrack\HeartBeats\EndpointErrors,,,,,,,,,,,,,,,,,,,,,,,,,,,,,,,,,,,,,,,,,,,,,,,,,,,,,,,,,,,,,,,,,,,,,,,,,,,,,,,,,,,,,,,,,,,,,0,0,0,1,1,0,2,True
2020-08-05 06:10:07,288,1,-9223372036854775808,4456,2,,wec.internal.cloudapp.net,,"Registry value set:
RuleName: -
EventType: SetValue
UtcTime: 2020-08-05 06:10:07.100
ProcessGuid: {7d3be4b5-0df0-5f2a-4500-000000000400}
ProcessId: 2752
Image: C:\windows\System32\svchost.exe
TargetObject: HKLM\SOFTWARE\Microsoft\Windows\CurrentVersion\Diagnostics\DiagTrack\HeartBeats\EndpointErrors\InputCount
Details: DWORD (0x00000000)",eventlog,Microsoft-Windows-Sysmon,2,,['mordorDataset'],Microsoft-Windows-Sysmon/Operational,{5770385F-C22A-43E0-BF4C-06F5698FFBD9},13,304183,WORKSTATION6.theshire.local,,,,2752,im_msvistalog,53997,,2020-08-05 02:10:07,,,INFO,3240,,0,2020-08-05T06:10:07.838Z,13,,SetValue,2020-08-05 02:10:07,,,,S-1-5-18,,{7d3be4b5-0df0-5f2a-4500-000000000400},,-,NT AUTHORITY,SYSTEM,C:\windows\System32\svchost.exe,User,,INFO,HKLM\SOFTWARE\Microsoft\Windows\CurrentVersion\Diagnostics\DiagTrack\HeartBeats\EndpointErrors\InputCount,,,,,,,,,,,,,,,,,,,,,,,,,,,,,,,,,,,,,,,,,,,,,,,,,,,,,,,,DWORD (0x00000000),,,,,,,,,,,,,,,,,,,,,,,,,,,,,,,,,,,,,0,0,0,1,1,0,2,True
2020-08-05 06:10:07,289,1,-9223372036854775808,4456,2,,wec.internal.cloudapp.net,,"Registry object added or deleted:
RuleName: -
EventType: CreateKey
UtcTime: 2020-08-05 06:10:07.100
ProcessGuid: {7d3be4b5-0df0-5f2a-4500-000000000400}
ProcessId: 2752
Image: C:\windows\System32\svchost.exe
TargetObject: HKLM\SOFTWARE\Microsoft\Windows\CurrentVersion\Diagnostics\DiagTrack\HeartBeats\EndpointErrors",eventlog,Microsoft-Windows-Sysmon,2,,['mordorDataset'],Microsoft-Windows-Sysmon/Operational,{5770385F-C22A-43E0-BF4C-06F5698FFBD9},12,304184,WORKSTATION6.theshire.local,,,,2752,im_msvistalog,53997,,2020-08-05 02:10:07,,,INFO,3240,,0,2020-08-05T06:10:07.839Z,12,,CreateKey,2020-08-05 02:10:07,,,,S-1-5-18,,{7d3be4b5-0df0-5f2a-4500-000000000400},,-,NT AUTHORITY,SYSTEM,C:\windows\System32\svchost.exe,User,,INFO,HKLM\SOFTWARE\Microsoft\Windows\CurrentVersion\Diagnostics\DiagTrack\HeartBeats\EndpointErrors,,,,,,,,,,,,,,,,,,,,,,,,,,,,,,,,,,,,,,,,,,,,,,,,,,,,,,,,,,,,,,,,,,,,,,,,,,,,,,,,,,,,,,,,,,,,,0,0,0,1,1,0,2,True
2020-08-05 06:10:07,290,1,-9223372036854775808,4456,2,,wec.internal.cloudapp.net,,"Registry value set:
RuleName: -
EventType: SetValue
UtcTime: 2020-08-05 06:10:07.100
ProcessGuid: {7d3be4b5-0df0-5f2a-4500-000000000400}
ProcessId: 2752
Image: C:\windows\System32\svchost.exe
TargetObject: HKLM\SOFTWARE\Microsoft\Windows\CurrentVersion\Diagnostics\DiagTrack\HeartBeats\EndpointErrors\SlotCount
Details: DWORD (0x0000000a)",eventlog,Microsoft-Windows-Sysmon,2,,['mordorDataset'],Microsoft-Windows-Sysmon/Operational,{5770385F-C22A-43E0-BF4C-06F5698FFBD9},13,304185,WORKSTATION6.theshire.local,,,,2752,im_msvistalog,53997,,2020-08-05 02:10:07,,,INFO,3240,,0,2020-08-05T06:10:07.839Z,13,,SetValue,2020-08-05 02:10:07,,,,S-1-5-18,,{7d3be4b5-0df0-5f2a-4500-000000000400},,-,NT AUTHORITY,SYSTEM,C:\windows\System32\svchost.exe,User,,INFO,HKLM\SOFTWARE\Microsoft\Windows\CurrentVersion\Diagnostics\DiagTrack\HeartBeats\EndpointErrors\SlotCount,,,,,,,,,,,,,,,,,,,,,,,,,,,,,,,,,,,,,,,,,,,,,,,,,,,,,,,,DWORD (0x0000000a),,,,,,,,,,,,,,,,,,,,,,,,,,,,,,,,,,,,,0,0,0,1,1,0,2,True
2020-08-05 06:10:07,215,1,-9223372036854775808,4456,2,,wec.internal.cloudapp.net,,"Registry object added or deleted:
RuleName: -
EventType: CreateKey
UtcTime: 2020-08-05 06:10:07.100
ProcessGuid: {7d3be4b5-0df0-5f2a-4500-000000000400}
ProcessId: 2752
Image: C:\windows\System32\svchost.exe
TargetObject: HKLM\SOFTWARE\Microsoft\Windows\CurrentVersion\Diagnostics\DiagTrack\HeartBeats",eventlog,Microsoft-Windows-Sysmon,2,,['mordorDataset'],Microsoft-Windows-Sysmon/Operational,{5770385F-C22A-43E0-BF4C-06F5698FFBD9},12,304140,WORKSTATION6.theshire.local,,,,2752,im_msvistalog,53997,,2020-08-05 02:10:07,,,INFO,3240,,0,2020-08-05T06:10:07.820Z,12,,CreateKey,2020-08-05 02:10:07,,,,S-1-5-18,,{7d3be4b5-0df0-5f2a-4500-000000000400},,-,NT AUTHORITY,SYSTEM,C:\windows\System32\svchost.exe,User,,INFO,HKLM\SOFTWARE\Microsoft\Windows\CurrentVersion\Diagnostics\DiagTrack\HeartBeats,,,,,,,,,,,,,,,,,,,,,,,,,,,,,,,,,,,,,,,,,,,,,,,,,,,,,,,,,,,,,,,,,,,,,,,,,,,,,,,,,,,,,,,,,,,,,0,0,0,1,1,0,2,True
2020-08-05 06:10:07,258,1,-9223372036854775808,4456,2,,wec.internal.cloudapp.net,,"Registry object added or deleted:
RuleName: -
EventType: CreateKey
UtcTime: 2020-08-05 06:10:07.100
ProcessGuid: {7d3be4b5-0df0-5f2a-4500-000000000400}
ProcessId: 2752
Image: C:\windows\System32\svchost.exe
TargetObject: HKLM\SOFTWARE\Microsoft\Windows\CurrentVersion\Diagnostics\DiagTrack\HeartBeats\EndpointErrors\5",eventlog,Microsoft-Windows-Sysmon,2,,['mordorDataset'],Microsoft-Windows-Sysmon/Operational,{5770385F-C22A-43E0-BF4C-06F5698FFBD9},12,304164,WORKSTATION6.theshire.local,,,,2752,im_msvistalog,53997,,2020-08-05 02:10:07,,,INFO,3240,,0,2020-08-05T06:10:07.831Z,12,,CreateKey,2020-08-05 02:10:07,,,,S-1-5-18,,{7d3be4b5-0df0-5f2a-4500-000000000400},,-,NT AUTHORITY,SYSTEM,C:\windows\System32\svchost.exe,User,,INFO,HKLM\SOFTWARE\Microsoft\Windows\CurrentVersion\Diagnostics\DiagTrack\HeartBeats\EndpointErrors\5,,,,,,,,,,,,,,,,,,,,,,,,,,,,,,,,,,,,,,,,,,,,,,,,,,,,,,,,,,,,,,,,,,,,,,,,,,,,,,,,,,,,,,,,,,,,,0,0,0,1,1,0,2,True
2020-08-05 06:10:07,281,1,-9223372036854775808,4456,2,,wec.internal.cloudapp.net,,"Registry object added or deleted:
RuleName: -
EventType: CreateKey
UtcTime: 2020-08-05 06:10:07.100
ProcessGuid: {7d3be4b5-0df0-5f2a-4500-000000000400}
ProcessId: 2752
Image: C:\windows\System32\svchost.exe
TargetObject: HKLM\SOFTWARE\Microsoft\Windows\CurrentVersion\Diagnostics\DiagTrack\HeartBeats\EndpointErrors\8",eventlog,Microsoft-Windows-Sysmon,2,,['mordorDataset'],Microsoft-Windows-Sysmon/Operational,{5770385F-C22A-43E0-BF4C-06F5698FFBD9},12,304176,WORKSTATION6.theshire.local,,,,2752,im_msvistalog,53997,,2020-08-05 02:10:07,,,INFO,3240,,0,2020-08-05T06:10:07.836Z,12,,CreateKey,2020-08-05 02:10:07,,,,S-1-5-18,,{7d3be4b5-0df0-5f2a-4500-000000000400},,-,NT AUTHORITY,SYSTEM,C:\windows\System32\svchost.exe,User,,INFO,HKLM\SOFTWARE\Microsoft\Windows\CurrentVersion\Diagnostics\DiagTrack\HeartBeats\EndpointErrors\8,,,,,,,,,,,,,,,,,,,,,,,,,,,,,,,,,,,,,,,,,,,,,,,,,,,,,,,,,,,,,,,,,,,,,,,,,,,,,,,,,,,,,,,,,,,,,0,0,0,1,1,0,2,True
2020-08-05 06:10:07,254,1,-9223372036854775808,4456,2,,wec.internal.cloudapp.net,,"Registry object added or deleted:
RuleName: -
EventType: CreateKey
UtcTime: 2020-08-05 06:10:07.100
ProcessGuid: {7d3be4b5-0df0-5f2a-4500-000000000400}
ProcessId: 2752
Image: C:\windows\System32\svchost.exe
TargetObject: HKLM\SOFTWARE\Microsoft\Windows\CurrentVersion\Diagnostics\DiagTrack\HeartBeats\EndpointErrors\5",eventlog,Microsoft-Windows-Sysmon,2,,['mordorDataset'],Microsoft-Windows-Sysmon/Operational,{5770385F-C22A-43E0-BF4C-06F5698FFBD9},12,304162,WORKSTATION6.theshire.local,,,,2752,im_msvistalog,53997,,2020-08-05 02:10:07,,,INFO,3240,,0,2020-08-05T06:10:07.830Z,12,,CreateKey,2020-08-05 02:10:07,,,,S-1-5-18,,{7d3be4b5-0df0-5f2a-4500-000000000400},,-,NT AUTHORITY,SYSTEM,C:\windows\System32\svchost.exe,User,,INFO,HKLM\SOFTWARE\Microsoft\Windows\CurrentVersion\Diagnostics\DiagTrack\HeartBeats\EndpointErrors\5,,,,,,,,,,,,,,,,,,,,,,,,,,,,,,,,,,,,,,,,,,,,,,,,,,,,,,,,,,,,,,,,,,,,,,,,,,,,,,,,,,,,,,,,,,,,,0,0,0,1,1,0,2,True
2020-08-05 06:10:07,217,1,-9223372036854775808,4456,2,,wec.internal.cloudapp.net,,"Registry object added or deleted:
RuleName: -
EventType: CreateKey
UtcTime: 2020-08-05 06:10:07.100
ProcessGuid: {7d3be4b5-0df0-5f2a-4500-000000000400}
ProcessId: 2752
Image: C:\windows\System32\svchost.exe
TargetObject: HKLM\SOFTWARE\Microsoft\Windows\CurrentVersion\Diagnostics\DiagTrack\HeartBeats\EndpointErrors\0",eventlog,Microsoft-Windows-Sysmon,2,,['mordorDataset'],Microsoft-Windows-Sysmon/Operational,{5770385F-C22A-43E0-BF4C-06F5698FFBD9},12,304142,WORKSTATION6.theshire.local,,,,2752,im_msvistalog,53997,,2020-08-05 02:10:07,,,INFO,3240,,0,2020-08-05T06:10:07.821Z,12,,CreateKey,2020-08-05 02:10:07,,,,S-1-5-18,,{7d3be4b5-0df0-5f2a-4500-000000000400},,-,NT AUTHORITY,SYSTEM,C:\windows\System32\svchost.exe,User,,INFO,HKLM\SOFTWARE\Microsoft\Windows\CurrentVersion\Diagnostics\DiagTrack\HeartBeats\EndpointErrors\0,,,,,,,,,,,,,,,,,,,,,,,,,,,,,,,,,,,,,,,,,,,,,,,,,,,,,,,,,,,,,,,,,,,,,,,,,,,,,,,,,,,,,,,,,,,,,0,0,0,1,0,0,1,True
2020-08-05 06:10:07,218,1,-9223372036854775808,4456,2,,wec.internal.cloudapp.net,,"Registry value set:
RuleName: -
EventType: SetValue
UtcTime: 2020-08-05 06:10:07.100
ProcessGuid: {7d3be4b5-0df0-5f2a-4500-000000000400}
ProcessId: 2752
Image: C:\windows\System32\svchost.exe
TargetObject: HKLM\SOFTWARE\Microsoft\Windows\CurrentVersion\Diagnostics\DiagTrack\HeartBeats\EndpointErrors\0\Name
Details: (Empty)",eventlog,Microsoft-Windows-Sysmon,2,,['mordorDataset'],Microsoft-Windows-Sysmon/Operational,{5770385F-C22A-43E0-BF4C-06F5698FFBD9},13,304143,WORKSTATION6.theshire.local,,,,2752,im_msvistalog,53997,,2020-08-05 02:10:07,,,INFO,3240,,0,2020-08-05T06:10:07.821Z,13,,SetValue,2020-08-05 02:10:07,,,,S-1-5-18,,{7d3be4b5-0df0-5f2a-4500-000000000400},,-,NT AUTHORITY,SYSTEM,C:\windows\System32\svchost.exe,User,,INFO,HKLM\SOFTWARE\Microsoft\Windows\CurrentVersion\Diagnostics\DiagTrack\HeartBeats\EndpointErrors\0\Name,,,,,,,,,,,,,,,,,,,,,,,,,,,,,,,,,,,,,,,,,,,,,,,,,,,,,,,,(Empty),,,,,,,,,,,,,,,,,,,,,,,,,,,,,,,,,,,,,0,0,0,1,1,0,2,True
2020-08-05 06:10:07,256,1,-9223372036854775808,4456,2,,wec.internal.cloudapp.net,,"Registry value set:
RuleName: -
EventType: SetValue
UtcTime: 2020-08-05 06:10:07.100
ProcessGuid: {7d3be4b5-0df0-5f2a-4500-000000000400}
ProcessId: 2752
Image: C:\windows\System32\svchost.exe
TargetObject: HKLM\SOFTWARE\Microsoft\Windows\CurrentVersion\Diagnostics\DiagTrack\HeartBeats\EndpointErrors\5\Name
Details: (Empty)",eventlog,Microsoft-Windows-Sysmon,2,,['mordorDataset'],Microsoft-Windows-Sysmon/Operational,{5770385F-C22A-43E0-BF4C-06F5698FFBD9},13,304163,WORKSTATION6.theshire.local,,,,2752,im_msvistalog,53997,,2020-08-05 02:10:07,,,INFO,3240,,0,2020-08-05T06:10:07.830Z,13,,SetValue,2020-08-05 02:10:07,,,,S-1-5-18,,{7d3be4b5-0df0-5f2a-4500-000000000400},,-,NT AUTHORITY,SYSTEM,C:\windows\System32\svchost.exe,User,,INFO,HKLM\SOFTWARE\Microsoft\Windows\CurrentVersion\Diagnostics\DiagTrack\HeartBeats\EndpointErrors\5\Name,,,,,,,,,,,,,,,,,,,,,,,,,,,,,,,,,,,,,,,,,,,,,,,,,,,,,,,,(Empty),,,,,,,,,,,,,,,,,,,,,,,,,,,,,,,,,,,,,0,0,0,1,1,0,2,True
2020-08-05 06:10:07,219,1,-9223372036854775808,4456,2,,wec.internal.cloudapp.net,,"Registry object added or deleted:
RuleName: -
EventType: CreateKey
UtcTime: 2020-08-05 06:10:07.100
ProcessGuid: {7d3be4b5-0df0-5f2a-4500-000000000400}
ProcessId: 2752
Image: C:\windows\System32\svchost.exe
TargetObject: HKLM\SOFTWARE\Microsoft\Windows\CurrentVersion\Diagnostics\DiagTrack\HeartBeats\EndpointErrors\0",eventlog,Microsoft-Windows-Sysmon,2,,['mordorDataset'],Microsoft-Windows-Sysmon/Operational,{5770385F-C22A-43E0-BF4C-06F5698FFBD9},12,304144,WORKSTATION6.theshire.local,,,,2752,im_msvistalog,53997,,2020-08-05 02:10:07,,,INFO,3240,,0,2020-08-05T06:10:07.821Z,12,,CreateKey,2020-08-05 02:10:07,,,,S-1-5-18,,{7d3be4b5-0df0-5f2a-4500-000000000400},,-,NT AUTHORITY,SYSTEM,C:\windows\System32\svchost.exe,User,,INFO,HKLM\SOFTWARE\Microsoft\Windows\CurrentVersion\Diagnostics\DiagTrack\HeartBeats\EndpointErrors\0,,,,,,,,,,,,,,,,,,,,,,,,,,,,,,,,,,,,,,,,,,,,,,,,,,,,,,,,,,,,,,,,,,,,,,,,,,,,,,,,,,,,,,,,,,,,,0,0,0,1,1,0,2,True
2020-08-05 06:10:07,220,1,-9223372036854775808,4456,2,,wec.internal.cloudapp.net,,"Registry value set:
RuleName: -
EventType: SetValue
UtcTime: 2020-08-05 06:10:07.100
ProcessGuid: {7d3be4b5-0df0-5f2a-4500-000000000400}
ProcessId: 2752
Image: C:\windows\System32\svchost.exe
TargetObject: HKLM\SOFTWARE\Microsoft\Windows\CurrentVersion\Diagnostics\DiagTrack\HeartBeats\EndpointErrors\0\Value
Details: DWORD (0x00000000)",eventlog,Microsoft-Windows-Sysmon,2,,['mordorDataset'],Microsoft-Windows-Sysmon/Operational,{5770385F-C22A-43E0-BF4C-06F5698FFBD9},13,304145,WORKSTATION6.theshire.local,,,,2752,im_msvistalog,53997,,2020-08-05 02:10:07,,,INFO,3240,,0,2020-08-05T06:10:07.822Z,13,,SetValue,2020-08-05 02:10:07,,,,S-1-5-18,,{7d3be4b5-0df0-5f2a-4500-000000000400},,-,NT AUTHORITY,SYSTEM,C:\windows\System32\svchost.exe,User,,INFO,HKLM\SOFTWARE\Microsoft\Windows\CurrentVersion\Diagnostics\DiagTrack\HeartBeats\EndpointErrors\0\Value,,,,,,,,,,,,,,,,,,,,,,,,,,,,,,,,,,,,,,,,,,,,,,,,,,,,,,,,DWORD (0x00000000),,,,,,,,,,,,,,,,,,,,,,,,,,,,,,,,,,,,,0,0,0,1,1,0,2,True
2020-08-05 06:10:07,221,1,-9223372036854775808,4456,2,,wec.internal.cloudapp.net,,"Registry object added or deleted:
RuleName: -
EventType: CreateKey
UtcTime: 2020-08-05 06:10:07.100
ProcessGuid: {7d3be4b5-0df0-5f2a-4500-000000000400}
ProcessId: 2752
Image: C:\windows\System32\svchost.exe
TargetObject: HKLM\SOFTWARE\Microsoft\Windows\CurrentVersion\Diagnostics\DiagTrack\HeartBeats\EndpointErrors\1",eventlog,Microsoft-Windows-Sysmon,2,,['mordorDataset'],Microsoft-Windows-Sysmon/Operational,{5770385F-C22A-43E0-BF4C-06F5698FFBD9},12,304146,WORKSTATION6.theshire.local,,,,2752,im_msvistalog,53997,,2020-08-05 02:10:07,,,INFO,3240,,0,2020-08-05T06:10:07.822Z,12,,CreateKey,2020-08-05 02:10:07,,,,S-1-5-18,,{7d3be4b5-0df0-5f2a-4500-000000000400},,-,NT AUTHORITY,SYSTEM,C:\windows\System32\svchost.exe,User,,INFO,HKLM\SOFTWARE\Microsoft\Windows\CurrentVersion\Diagnostics\DiagTrack\HeartBeats\EndpointErrors\1,,,,,,,,,,,,,,,,,,,,,,,,,,,,,,,,,,,,,,,,,,,,,,,,,,,,,,,,,,,,,,,,,,,,,,,,,,,,,,,,,,,,,,,,,,,,,0,0,0,1,1,0,2,True
2020-08-05 06:10:07,224,1,-9223372036854775808,4456,2,,wec.internal.cloudapp.net,,"Registry object added or deleted:
RuleName: -
EventType: CreateKey
UtcTime: 2020-08-05 06:10:07.100
ProcessGuid: {7d3be4b5-0df0-5f2a-4500-000000000400}
ProcessId: 2752
Image: C:\windows\System32\svchost.exe
TargetObject: HKLM\SOFTWARE\Microsoft\Windows\CurrentVersion\Diagnostics\DiagTrack\HeartBeats\EndpointErrors\1",eventlog,Microsoft-Windows-Sysmon,2,,['mordorDataset'],Microsoft-Windows-Sysmon/Operational,{5770385F-C22A-43E0-BF4C-06F5698FFBD9},12,304148,WORKSTATION6.theshire.local,,,,2752,im_msvistalog,53997,,2020-08-05 02:10:07,,,INFO,3240,,0,2020-08-05T06:10:07.822Z,12,,CreateKey,2020-08-05 02:10:07,,,,S-1-5-18,,{7d3be4b5-0df0-5f2a-4500-000000000400},,-,NT AUTHORITY,SYSTEM,C:\windows\System32\svchost.exe,User,,INFO,HKLM\SOFTWARE\Microsoft\Windows\CurrentVersion\Diagnostics\DiagTrack\HeartBeats\EndpointErrors\1,,,,,,,,,,,,,,,,,,,,,,,,,,,,,,,,,,,,,,,,,,,,,,,,,,,,,,,,,,,,,,,,,,,,,,,,,,,,,,,,,,,,,,,,,,,,,0,0,0,1,1,0,2,True
2020-08-05 06:10:07,227,1,-9223372036854775808,4456,2,,wec.internal.cloudapp.net,,"Registry value set:
RuleName: -
EventType: SetValue
UtcTime: 2020-08-05 06:10:07.100
ProcessGuid: {7d3be4b5-0df0-5f2a-4500-000000000400}
ProcessId: 2752
Image: C:\windows\System32\svchost.exe
TargetObject: HKLM\SOFTWARE\Microsoft\Windows\CurrentVersion\Diagnostics\DiagTrack\HeartBeats\EndpointErrors\1\Value
Details: DWORD (0x00000000)",eventlog,Microsoft-Windows-Sysmon,2,,['mordorDataset'],Microsoft-Windows-Sysmon/Operational,{5770385F-C22A-43E0-BF4C-06F5698FFBD9},13,304149,WORKSTATION6.theshire.local,,,,2752,im_msvistalog,53997,,2020-08-05 02:10:07,,,INFO,3240,,0,2020-08-05T06:10:07.823Z,13,,SetValue,2020-08-05 02:10:07,,,,S-1-5-18,,{7d3be4b5-0df0-5f2a-4500-000000000400},,-,NT AUTHORITY,SYSTEM,C:\windows\System32\svchost.exe,User,,INFO,HKLM\SOFTWARE\Microsoft\Windows\CurrentVersion\Diagnostics\DiagTrack\HeartBeats\EndpointErrors\1\Value,,,,,,,,,,,,,,,,,,,,,,,,,,,,,,,,,,,,,,,,,,,,,,,,,,,,,,,,DWORD (0x00000000),,,,,,,,,,,,,,,,,,,,,,,,,,,,,,,,,,,,,0,0,0,1,1,0,2,True
2020-08-05 06:10:07,230,1,-9223372036854775808,4456,2,,wec.internal.cloudapp.net,,"Registry value set:
RuleName: -
EventType: SetValue
UtcTime: 2020-08-05 06:10:07.100
ProcessGuid: {7d3be4b5-0df0-5f2a-4500-000000000400}
ProcessId: 2752
Image: C:\windows\System32\svchost.exe
TargetObject: HKLM\SOFTWARE\Microsoft\Windows\CurrentVersion\Diagnostics\DiagTrack\HeartBeats\EndpointErrors\2\Name
Details: (Empty)",eventlog,Microsoft-Windows-Sysmon,2,,['mordorDataset'],Microsoft-Windows-Sysmon/Operational,{5770385F-C22A-43E0-BF4C-06F5698FFBD9},13,304151,WORKSTATION6.theshire.local,,,,2752,im_msvistalog,53997,,2020-08-05 02:10:07,,,INFO,3240,,0,2020-08-05T06:10:07.823Z,13,,SetValue,2020-08-05 02:10:07,,,,S-1-5-18,,{7d3be4b5-0df0-5f2a-4500-000000000400},,-,NT AUTHORITY,SYSTEM,C:\windows\System32\svchost.exe,User,,INFO,HKLM\SOFTWARE\Microsoft\Windows\CurrentVersion\Diagnostics\DiagTrack\HeartBeats\EndpointErrors\2\Name,,,,,,,,,,,,,,,,,,,,,,,,,,,,,,,,,,,,,,,,,,,,,,,,,,,,,,,,(Empty),,,,,,,,,,,,,,,,,,,,,,,,,,,,,,,,,,,,,0,0,0,1,1,0,2,True
2020-08-05 06:10:07,222,1,-9223372036854775808,4456,2,,wec.internal.cloudapp.net,,"Registry value set:
RuleName: -
EventType: SetValue
UtcTime: 2020-08-05 06:10:07.100
ProcessGuid: {7d3be4b5-0df0-5f2a-4500-000000000400}
ProcessId: 2752
Image: C:\windows\System32\svchost.exe
TargetObject: HKLM\SOFTWARE\Microsoft\Windows\CurrentVersion\Diagnostics\DiagTrack\HeartBeats\EndpointErrors\1\Name
Details: (Empty)",eventlog,Microsoft-Windows-Sysmon,2,,['mordorDataset'],Microsoft-Windows-Sysmon/Operational,{5770385F-C22A-43E0-BF4C-06F5698FFBD9},13,304147,WORKSTATION6.theshire.local,,,,2752,im_msvistalog,53997,,2020-08-05 02:10:07,,,INFO,3240,,0,2020-08-05T06:10:07.822Z,13,,SetValue,2020-08-05 02:10:07,,,,S-1-5-18,,{7d3be4b5-0df0-5f2a-4500-000000000400},,-,NT AUTHORITY,SYSTEM,C:\windows\System32\svchost.exe,User,,INFO,HKLM\SOFTWARE\Microsoft\Windows\CurrentVersion\Diagnostics\DiagTrack\HeartBeats\EndpointErrors\1\Name,,,,,,,,,,,,,,,,,,,,,,,,,,,,,,,,,,,,,,,,,,,,,,,,,,,,,,,,(Empty),,,,,,,,,,,,,,,,,,,,,,,,,,,,,,,,,,,,,0,0,0,1,1,0,2,True
2020-08-05 06:10:07,234,1,-9223372036854775808,4456,2,,wec.internal.cloudapp.net,,"Registry value set:
RuleName: -
EventType: SetValue
UtcTime: 2020-08-05 06:10:07.100
ProcessGuid: {7d3be4b5-0df0-5f2a-4500-000000000400}
ProcessId: 2752
Image: C:\windows\System32\svchost.exe
TargetObject: HKLM\SOFTWARE\Microsoft\Windows\CurrentVersion\Diagnostics\DiagTrack\HeartBeats\EndpointErrors\2\Value
Details: DWORD (0x00000000)",eventlog,Microsoft-Windows-Sysmon,2,,['mordorDataset'],Microsoft-Windows-Sysmon/Operational,{5770385F-C22A-43E0-BF4C-06F5698FFBD9},13,304153,WORKSTATION6.theshire.local,,,,2752,im_msvistalog,53997,,2020-08-05 02:10:07,,,INFO,3240,,0,2020-08-05T06:10:07.824Z,13,,SetValue,2020-08-05 02:10:07,,,,S-1-5-18,,{7d3be4b5-0df0-5f2a-4500-000000000400},,-,NT AUTHORITY,SYSTEM,C:\windows\System32\svchost.exe,User,,INFO,HKLM\SOFTWARE\Microsoft\Windows\CurrentVersion\Diagnostics\DiagTrack\HeartBeats\EndpointErrors\2\Value,,,,,,,,,,,,,,,,,,,,,,,,,,,,,,,,,,,,,,,,,,,,,,,,,,,,,,,,DWORD (0x00000000),,,,,,,,,,,,,,,,,,,,,,,,,,,,,,,,,,,,,0,0,0,1,1,0,2,True
2020-08-05 06:10:07,251,1,-9223372036854775808,4456,2,,wec.internal.cloudapp.net,,"Registry value set:
RuleName: -
EventType: SetValue
UtcTime: 2020-08-05 06:10:07.100
ProcessGuid: {7d3be4b5-0df0-5f2a-4500-000000000400}
ProcessId: 2752
Image: C:\windows\System32\svchost.exe
TargetObject: HKLM\SOFTWARE\Microsoft\Windows\CurrentVersion\Diagnostics\DiagTrack\HeartBeats\EndpointErrors\4\Value
Details: DWORD (0x00000000)",eventlog,Microsoft-Windows-Sysmon,2,,['mordorDataset'],Microsoft-Windows-Sysmon/Operational,{5770385F-C22A-43E0-BF4C-06F5698FFBD9},13,304161,WORKSTATION6.theshire.local,,,,2752,im_msvistalog,53997,,2020-08-05 02:10:07,,,INFO,3240,,0,2020-08-05T06:10:07.829Z,13,,SetValue,2020-08-05 02:10:07,,,,S-1-5-18,,{7d3be4b5-0df0-5f2a-4500-000000000400},,-,NT AUTHORITY,SYSTEM,C:\windows\System32\svchost.exe,User,,INFO,HKLM\SOFTWARE\Microsoft\Windows\CurrentVersion\Diagnostics\DiagTrack\HeartBeats\EndpointErrors\4\Value,,,,,,,,,,,,,,,,,,,,,,,,,,,,,,,,,,,,,,,,,,,,,,,,,,,,,,,,DWORD (0x00000000),,,,,,,,,,,,,,,,,,,,,,,,,,,,,,,,,,,,,0,0,0,0,1,0,1,True
2020-08-05 06:10:07,237,1,-9223372036854775808,4456,2,,wec.internal.cloudapp.net,,"Registry object added or deleted:
RuleName: -
EventType: CreateKey
UtcTime: 2020-08-05 06:10:07.100
ProcessGuid: {7d3be4b5-0df0-5f2a-4500-000000000400}
ProcessId: 2752
Image: C:\windows\System32\svchost.exe
TargetObject: HKLM\SOFTWARE\Microsoft\Windows\CurrentVersion\Diagnostics\DiagTrack\HeartBeats\EndpointErrors\3",eventlog,Microsoft-Windows-Sysmon,2,,['mordorDataset'],Microsoft-Windows-Sysmon/Operational,{5770385F-C22A-43E0-BF4C-06F5698FFBD9},12,304154,WORKSTATION6.theshire.local,,,,2752,im_msvistalog,53997,,2020-08-05 02:10:07,,,INFO,3240,,0,2020-08-05T06:10:07.827Z,12,,CreateKey,2020-08-05 02:10:07,,,,S-1-5-18,,{7d3be4b5-0df0-5f2a-4500-000000000400},,-,NT AUTHORITY,SYSTEM,C:\windows\System32\svchost.exe,User,,INFO,HKLM\SOFTWARE\Microsoft\Windows\CurrentVersion\Diagnostics\DiagTrack\HeartBeats\EndpointErrors\3,,,,,,,,,,,,,,,,,,,,,,,,,,,,,,,,,,,,,,,,,,,,,,,,,,,,,,,,,,,,,,,,,,,,,,,,,,,,,,,,,,,,,,,,,,,,,0,0,0,1,1,0,2,True
2020-08-05 06:10:07,239,1,-9223372036854775808,4456,2,,wec.internal.cloudapp.net,,"Registry value set:
RuleName: -
EventType: SetValue
UtcTime: 2020-08-05 06:10:07.100
ProcessGuid: {7d3be4b5-0df0-5f2a-4500-000000000400}
ProcessId: 2752
Image: C:\windows\System32\svchost.exe
TargetObject: HKLM\SOFTWARE\Microsoft\Windows\CurrentVersion\Diagnostics\DiagTrack\HeartBeats\EndpointErrors\3\Name
Details: (Empty)",eventlog,Microsoft-Windows-Sysmon,2,,['mordorDataset'],Microsoft-Windows-Sysmon/Operational,{5770385F-C22A-43E0-BF4C-06F5698FFBD9},13,304155,WORKSTATION6.theshire.local,,,,2752,im_msvistalog,53997,,2020-08-05 02:10:07,,,INFO,3240,,0,2020-08-05T06:10:07.827Z,13,,SetValue,2020-08-05 02:10:07,,,,S-1-5-18,,{7d3be4b5-0df0-5f2a-4500-000000000400},,-,NT AUTHORITY,SYSTEM,C:\windows\System32\svchost.exe,User,,INFO,HKLM\SOFTWARE\Microsoft\Windows\CurrentVersion\Diagnostics\DiagTrack\HeartBeats\EndpointErrors\3\Name,,,,,,,,,,,,,,,,,,,,,,,,,,,,,,,,,,,,,,,,,,,,,,,,,,,,,,,,(Empty),,,,,,,,,,,,,,,,,,,,,,,,,,,,,,,,,,,,,0,0,0,1,1,0,2,True
2020-08-05 06:10:07,242,1,-9223372036854775808,4456,2,,wec.internal.cloudapp.net,,"Registry object added or deleted:
RuleName: -
EventType: CreateKey
UtcTime: 2020-08-05 06:10:07.100
ProcessGuid: {7d3be4b5-0df0-5f2a-4500-000000000400}
ProcessId: 2752
Image: C:\windows\System32\svchost.exe
TargetObject: HKLM\SOFTWARE\Microsoft\Windows\CurrentVersion\Diagnostics\DiagTrack\HeartBeats\EndpointErrors\3",eventlog,Microsoft-Windows-Sysmon,2,,['mordorDataset'],Microsoft-Windows-Sysmon/Operational,{5770385F-C22A-43E0-BF4C-06F5698FFBD9},12,304156,WORKSTATION6.theshire.local,,,,2752,im_msvistalog,53997,,2020-08-05 02:10:07,,,INFO,3240,,0,2020-08-05T06:10:07.827Z,12,,CreateKey,2020-08-05 02:10:07,,,,S-1-5-18,,{7d3be4b5-0df0-5f2a-4500-000000000400},,-,NT AUTHORITY,SYSTEM,C:\windows\System32\svchost.exe,User,,INFO,HKLM\SOFTWARE\Microsoft\Windows\CurrentVersion\Diagnostics\DiagTrack\HeartBeats\EndpointErrors\3,,,,,,,,,,,,,,,,,,,,,,,,,,,,,,,,,,,,,,,,,,,,,,,,,,,,,,,,,,,,,,,,,,,,,,,,,,,,,,,,,,,,,,,,,,,,,0,0,0,1,1,0,2,True
2020-08-05 06:10:07,243,1,-9223372036854775808,4456,2,,wec.internal.cloudapp.net,,"Registry value set:
RuleName: -
EventType: SetValue
UtcTime: 2020-08-05 06:10:07.100
ProcessGuid: {7d3be4b5-0df0-5f2a-4500-000000000400}
ProcessId: 2752
Image: C:\windows\System32\svchost.exe
TargetObject: HKLM\SOFTWARE\Microsoft\Windows\CurrentVersion\Diagnostics\DiagTrack\HeartBeats\EndpointErrors\3\Value
Details: DWORD (0x00000000)",eventlog,Microsoft-Windows-Sysmon,2,,['mordorDataset'],Microsoft-Windows-Sysmon/Operational,{5770385F-C22A-43E0-BF4C-06F5698FFBD9},13,304157,WORKSTATION6.theshire.local,,,,2752,im_msvistalog,53997,,2020-08-05 02:10:07,,,INFO,3240,,0,2020-08-05T06:10:07.827Z,13,,SetValue,2020-08-05 02:10:07,,,,S-1-5-18,,{7d3be4b5-0df0-5f2a-4500-000000000400},,-,NT AUTHORITY,SYSTEM,C:\windows\System32\svchost.exe,User,,INFO,HKLM\SOFTWARE\Microsoft\Windows\CurrentVersion\Diagnostics\DiagTrack\HeartBeats\EndpointErrors\3\Value,,,,,,,,,,,,,,,,,,,,,,,,,,,,,,,,,,,,,,,,,,,,,,,,,,,,,,,,DWORD (0x00000000),,,,,,,,,,,,,,,,,,,,,,,,,,,,,,,,,,,,,0,0,0,1,1,0,2,True
2020-08-05 06:10:07,245,1,-9223372036854775808,4456,2,,wec.internal.cloudapp.net,,"Registry object added or deleted:
RuleName: -
EventType: CreateKey
UtcTime: 2020-08-05 06:10:07.100
ProcessGuid: {7d3be4b5-0df0-5f2a-4500-000000000400}
ProcessId: 2752
Image: C:\windows\System32\svchost.exe
TargetObject: HKLM\SOFTWARE\Microsoft\Windows\CurrentVersion\Diagnostics\DiagTrack\HeartBeats\EndpointErrors\4",eventlog,Microsoft-Windows-Sysmon,2,,['mordorDataset'],Microsoft-Windows-Sysmon/Operational,{5770385F-C22A-43E0-BF4C-06F5698FFBD9},12,304158,WORKSTATION6.theshire.local,,,,2752,im_msvistalog,53997,,2020-08-05 02:10:07,,,INFO,3240,,0,2020-08-05T06:10:07.828Z,12,,CreateKey,2020-08-05 02:10:07,,,,S-1-5-18,,{7d3be4b5-0df0-5f2a-4500-000000000400},,-,NT AUTHORITY,SYSTEM,C:\windows\System32\svchost.exe,User,,INFO,HKLM\SOFTWARE\Microsoft\Windows\CurrentVersion\Diagnostics\DiagTrack\HeartBeats\EndpointErrors\4,,,,,,,,,,,,,,,,,,,,,,,,,,,,,,,,,,,,,,,,,,,,,,,,,,,,,,,,,,,,,,,,,,,,,,,,,,,,,,,,,,,,,,,,,,,,,0,0,0,1,1,0,2,True
2020-08-05 06:10:07,250,1,-9223372036854775808,4456,2,,wec.internal.cloudapp.net,,"Registry object added or deleted:
RuleName: -
EventType: CreateKey
UtcTime: 2020-08-05 06:10:07.100
ProcessGuid: {7d3be4b5-0df0-5f2a-4500-000000000400}
ProcessId: 2752
Image: C:\windows\System32\svchost.exe
TargetObject: HKLM\SOFTWARE\Microsoft\Windows\CurrentVersion\Diagnostics\DiagTrack\HeartBeats\EndpointErrors\4",eventlog,Microsoft-Windows-Sysmon,2,,['mordorDataset'],Microsoft-Windows-Sysmon/Operational,{5770385F-C22A-43E0-BF4C-06F5698FFBD9},12,304160,WORKSTATION6.theshire.local,,,,2752,im_msvistalog,53997,,2020-08-05 02:10:07,,,INFO,3240,,0,2020-08-05T06:10:07.829Z,12,,CreateKey,2020-08-05 02:10:07,,,,S-1-5-18,,{7d3be4b5-0df0-5f2a-4500-000000000400},,-,NT AUTHORITY,SYSTEM,C:\windows\System32\svchost.exe,User,,INFO,HKLM\SOFTWARE\Microsoft\Windows\CurrentVersion\Diagnostics\DiagTrack\HeartBeats\EndpointErrors\4,,,,,,,,,,,,,,,,,,,,,,,,,,,,,,,,,,,,,,,,,,,,,,,,,,,,,,,,,,,,,,,,,,,,,,,,,,,,,,,,,,,,,,,,,,,,,0,0,0,1,1,0,2,True
2020-08-05 06:10:07,232,1,-9223372036854775808,4456,2,,wec.internal.cloudapp.net,,"Registry object added or deleted:
RuleName: -
EventType: CreateKey
UtcTime: 2020-08-05 06:10:07.100
ProcessGuid: {7d3be4b5-0df0-5f2a-4500-000000000400}
ProcessId: 2752
Image: C:\windows\System32\svchost.exe
TargetObject: HKLM\SOFTWARE\Microsoft\Windows\CurrentVersion\Diagnostics\DiagTrack\HeartBeats\EndpointErrors\2",eventlog,Microsoft-Windows-Sysmon,2,,['mordorDataset'],Microsoft-Windows-Sysmon/Operational,{5770385F-C22A-43E0-BF4C-06F5698FFBD9},12,304152,WORKSTATION6.theshire.local,,,,2752,im_msvistalog,53997,,2020-08-05 02:10:07,,,INFO,3240,,0,2020-08-05T06:10:07.824Z,12,,CreateKey,2020-08-05 02:10:07,,,,S-1-5-18,,{7d3be4b5-0df0-5f2a-4500-000000000400},,-,NT AUTHORITY,SYSTEM,C:\windows\System32\svchost.exe,User,,INFO,HKLM\SOFTWARE\Microsoft\Windows\CurrentVersion\Diagnostics\DiagTrack\HeartBeats\EndpointErrors\2,,,,,,,,,,,,,,,,,,,,,,,,,,,,,,,,,,,,,,,,,,,,,,,,,,,,,,,,,,,,,,,,,,,,,,,,,,,,,,,,,,,,,,,,,,,,,0,0,0,1,1,0,2,True
2020-08-05 06:10:07,248,1,-9223372036854775808,4456,2,,wec.internal.cloudapp.net,,"Registry value set:
RuleName: -
EventType: SetValue
UtcTime: 2020-08-05 06:10:07.100
ProcessGuid: {7d3be4b5-0df0-5f2a-4500-000000000400}
ProcessId: 2752
Image: C:\windows\System32\svchost.exe
TargetObject: HKLM\SOFTWARE\Microsoft\Windows\CurrentVersion\Diagnostics\DiagTrack\HeartBeats\EndpointErrors\4\Name
Details: (Empty)",eventlog,Microsoft-Windows-Sysmon,2,,['mordorDataset'],Microsoft-Windows-Sysmon/Operational,{5770385F-C22A-43E0-BF4C-06F5698FFBD9},13,304159,WORKSTATION6.theshire.local,,,,2752,im_msvistalog,53997,,2020-08-05 02:10:07,,,INFO,3240,,0,2020-08-05T06:10:07.828Z,13,,SetValue,2020-08-05 02:10:07,,,,S-1-5-18,,{7d3be4b5-0df0-5f2a-4500-000000000400},,-,NT AUTHORITY,SYSTEM,C:\windows\System32\svchost.exe,User,,INFO,HKLM\SOFTWARE\Microsoft\Windows\CurrentVersion\Diagnostics\DiagTrack\HeartBeats\EndpointErrors\4\Name,,,,,,,,,,,,,,,,,,,,,,,,,,,,,,,,,,,,,,,,,,,,,,,,,,,,,,,,(Empty),,,,,,,,,,,,,,,,,,,,,,,,,,,,,,,,,,,,,0,0,0,1,1,0,2,True
2020-08-05 06:10:08,426,1,-9223372036854775808,4456,2,,wec.internal.cloudapp.net,,"Registry value set:
RuleName: -
EventType: SetValue
UtcTime: 2020-08-05 06:10:08.445
ProcessGuid: {7d3be4b5-0df0-5f2a-4500-000000000400}
ProcessId: 2752
Image: C:\windows\System32\svchost.exe
TargetObject: HKLM\SOFTWARE\Microsoft\Windows\CurrentVersion\Diagnostics\DiagTrack\SettingsRequests\utc.tracing\OverrideDownloadPolicies
Details: DWORD (0x00000000)",eventlog,Microsoft-Windows-Sysmon,2,,['mordorDataset'],Microsoft-Windows-Sysmon/Operational,{5770385F-C22A-43E0-BF4C-06F5698FFBD9},13,304311,WORKSTATION6.theshire.local,,,,2752,im_msvistalog,53997,,2020-08-05 02:10:08,,,INFO,3240,,0,2020-08-05T06:10:09.883Z,13,,SetValue,2020-08-05 02:10:09,,,,S-1-5-18,,{7d3be4b5-0df0-5f2a-4500-000000000400},,-,NT AUTHORITY,SYSTEM,C:\windows\System32\svchost.exe,User,,INFO,HKLM\SOFTWARE\Microsoft\Windows\CurrentVersion\Diagnostics\DiagTrack\SettingsRequests\utc.tracing\OverrideDownloadPolicies,,,,,,,,,,,,,,,,,,,,,,,,,,,,,,,,,,,,,,,,,,,,,,,,,,,,,,,,DWORD (0x00000000),,,,,,,,,,,,,,,,,,,,,,,,,,,,,,,,,,,,,0,0,0,1,1,0,2,True
2020-08-05 06:10:08,425,1,-9223372036854775808,4456,2,,wec.internal.cloudapp.net,,"Registry object added or deleted:
RuleName: -
EventType: CreateKey
UtcTime: 2020-08-05 06:10:08.445
ProcessGuid: {7d3be4b5-0df0-5f2a-4500-000000000400}
ProcessId: 2752
Image: C:\windows\System32\svchost.exe
TargetObject: HKLM\SOFTWARE\Microsoft\Windows\CurrentVersion\Diagnostics\DiagTrack\SettingsRequests\utc.tracing",eventlog,Microsoft-Windows-Sysmon,2,,['mordorDataset'],Microsoft-Windows-Sysmon/Operational,{5770385F-C22A-43E0-BF4C-06F5698FFBD9},12,304310,WORKSTATION6.theshire.local,,,,2752,im_msvistalog,53997,,2020-08-05 02:10:08,,,INFO,3240,,0,2020-08-05T06:10:09.882Z,12,,CreateKey,2020-08-05 02:10:09,,,,S-1-5-18,,{7d3be4b5-0df0-5f2a-4500-000000000400},,-,NT AUTHORITY,SYSTEM,C:\windows\System32\svchost.exe,User,,INFO,HKLM\SOFTWARE\Microsoft\Windows\CurrentVersion\Diagnostics\DiagTrack\SettingsRequests\utc.tracing,,,,,,,,,,,,,,,,,,,,,,,,,,,,,,,,,,,,,,,,,,,,,,,,,,,,,,,,,,,,,,,,,,,,,,,,,,,,,,,,,,,,,,,,,,,,,0,0,0,1,1,0,2,True
2020-08-05 06:10:08,424,1,-9223372036854775808,4456,2,,wec.internal.cloudapp.net,,"Registry value set:
RuleName: -
EventType: SetValue
UtcTime: 2020-08-05 06:10:08.445
ProcessGuid: {7d3be4b5-0df0-5f2a-4500-000000000400}
ProcessId: 2752
Image: C:\windows\System32\svchost.exe
TargetObject: HKLM\SOFTWARE\Microsoft\Windows\CurrentVersion\Diagnostics\DiagTrack\SettingsRequests\utc.tracing\DownloadScheduled
Details: DWORD (0x00000000)",eventlog,Microsoft-Windows-Sysmon,2,,['mordorDataset'],Microsoft-Windows-Sysmon/Operational,{5770385F-C22A-43E0-BF4C-06F5698FFBD9},13,304309,WORKSTATION6.theshire.local,,,,2752,im_msvistalog,53997,,2020-08-05 02:10:08,,,INFO,3240,,0,2020-08-05T06:10:09.882Z,13,,SetValue,2020-08-05 02:10:09,,,,S-1-5-18,,{7d3be4b5-0df0-5f2a-4500-000000000400},,-,NT AUTHORITY,SYSTEM,C:\windows\System32\svchost.exe,User,,INFO,HKLM\SOFTWARE\Microsoft\Windows\CurrentVersion\Diagnostics\DiagTrack\SettingsRequests\utc.tracing\DownloadScheduled,,,,,,,,,,,,,,,,,,,,,,,,,,,,,,,,,,,,,,,,,,,,,,,,,,,,,,,,DWORD (0x00000000),,,,,,,,,,,,,,,,,,,,,,,,,,,,,,,,,,,,,0,0,0,1,1,0,2,True
2020-08-05 06:10:08,423,1,-9223372036854775808,4456,2,,wec.internal.cloudapp.net,,"Registry object added or deleted:
RuleName: -
EventType: CreateKey
UtcTime: 2020-08-05 06:10:08.445
ProcessGuid: {7d3be4b5-0df0-5f2a-4500-000000000400}
ProcessId: 2752
Image: C:\windows\System32\svchost.exe
TargetObject: HKLM\SOFTWARE\Microsoft\Windows\CurrentVersion\Diagnostics\DiagTrack\SettingsRequests\utc.tracing",eventlog,Microsoft-Windows-Sysmon,2,,['mordorDataset'],Microsoft-Windows-Sysmon/Operational,{5770385F-C22A-43E0-BF4C-06F5698FFBD9},12,304308,WORKSTATION6.theshire.local,,,,2752,im_msvistalog,53997,,2020-08-05 02:10:08,,,INFO,3240,,0,2020-08-05T06:10:09.882Z,12,,CreateKey,2020-08-05 02:10:09,,,,S-1-5-18,,{7d3be4b5-0df0-5f2a-4500-000000000400},,-,NT AUTHORITY,SYSTEM,C:\windows\System32\svchost.exe,User,,INFO,HKLM\SOFTWARE\Microsoft\Windows\CurrentVersion\Diagnostics\DiagTrack\SettingsRequests\utc.tracing,,,,,,,,,,,,,,,,,,,,,,,,,,,,,,,,,,,,,,,,,,,,,,,,,,,,,,,,,,,,,,,,,,,,,,,,,,,,,,,,,,,,,,,,,,,,,0,0,0,1,1,0,2,True
2020-08-05 06:10:08,420,1,-9223372036854775808,4456,2,,wec.internal.cloudapp.net,,"Registry value set:
RuleName: -
EventType: SetValue
UtcTime: 2020-08-05 06:10:08.445
ProcessGuid: {7d3be4b5-0df0-5f2a-4500-000000000400}
ProcessId: 2752
Image: C:\windows\System32\svchost.exe
TargetObject: HKLM\SOFTWARE\Microsoft\Windows\CurrentVersion\Diagnostics\DiagTrack\SettingsRequests\utc.tracing\RefreshInterval
Details: DWORD (0x0000003c)",eventlog,Microsoft-Windows-Sysmon,2,,['mordorDataset'],Microsoft-Windows-Sysmon/Operational,{5770385F-C22A-43E0-BF4C-06F5698FFBD9},13,304305,WORKSTATION6.theshire.local,,,,2752,im_msvistalog,53997,,2020-08-05 02:10:08,,,INFO,3240,,0,2020-08-05T06:10:09.881Z,13,,SetValue,2020-08-05 02:10:09,,,,S-1-5-18,,{7d3be4b5-0df0-5f2a-4500-000000000400},,-,NT AUTHORITY,SYSTEM,C:\windows\System32\svchost.exe,User,,INFO,HKLM\SOFTWARE\Microsoft\Windows\CurrentVersion\Diagnostics\DiagTrack\SettingsRequests\utc.tracing\RefreshInterval,,,,,,,,,,,,,,,,,,,,,,,,,,,,,,,,,,,,,,,,,,,,,,,,,,,,,,,,DWORD (0x0000003c),,,,,,,,,,,,,,,,,,,,,,,,,,,,,,,,,,,,,0,0,0,1,1,0,2,True
2020-08-05 06:10:08,421,1,-9223372036854775808,4456,2,,wec.internal.cloudapp.net,,"Registry object added or deleted:
RuleName: -
EventType: CreateKey
UtcTime: 2020-08-05 06:10:08.445
ProcessGuid: {7d3be4b5-0df0-5f2a-4500-000000000400}
ProcessId: 2752
Image: C:\windows\System32\svchost.exe
TargetObject: HKLM\SOFTWARE\Microsoft\Windows\CurrentVersion\Diagnostics\DiagTrack\SettingsRequests\utc.tracing",eventlog,Microsoft-Windows-Sysmon,2,,['mordorDataset'],Microsoft-Windows-Sysmon/Operational,{5770385F-C22A-43E0-BF4C-06F5698FFBD9},12,304306,WORKSTATION6.theshire.local,,,,2752,im_msvistalog,53997,,2020-08-05 02:10:08,,,INFO,3240,,0,2020-08-05T06:10:09.882Z,12,,CreateKey,2020-08-05 02:10:09,,,,S-1-5-18,,{7d3be4b5-0df0-5f2a-4500-000000000400},,-,NT AUTHORITY,SYSTEM,C:\windows\System32\svchost.exe,User,,INFO,HKLM\SOFTWARE\Microsoft\Windows\CurrentVersion\Diagnostics\DiagTrack\SettingsRequests\utc.tracing,,,,,,,,,,,,,,,,,,,,,,,,,,,,,,,,,,,,,,,,,,,,,,,,,,,,,,,,,,,,,,,,,,,,,,,,,,,,,,,,,,,,,,,,,,,,,0,0,0,1,1,0,2,True
2020-08-05 06:10:08,419,1,-9223372036854775808,4456,2,,wec.internal.cloudapp.net,,"Registry object added or deleted:
RuleName: -
EventType: CreateKey
UtcTime: 2020-08-05 06:10:08.445
ProcessGuid: {7d3be4b5-0df0-5f2a-4500-000000000400}
ProcessId: 2752
Image: C:\windows\System32\svchost.exe
TargetObject: HKLM\SOFTWARE\Microsoft\Windows\CurrentVersion\Diagnostics\DiagTrack\SettingsRequests\utc.tracing",eventlog,Microsoft-Windows-Sysmon,2,,['mordorDataset'],Microsoft-Windows-Sysmon/Operational,{5770385F-C22A-43E0-BF4C-06F5698FFBD9},12,304304,WORKSTATION6.theshire.local,,,,2752,im_msvistalog,53997,,2020-08-05 02:10:08,,,INFO,3240,,0,2020-08-05T06:10:09.881Z,12,,CreateKey,2020-08-05 02:10:09,,,,S-1-5-18,,{7d3be4b5-0df0-5f2a-4500-000000000400},,-,NT AUTHORITY,SYSTEM,C:\windows\System32\svchost.exe,User,,INFO,HKLM\SOFTWARE\Microsoft\Windows\CurrentVersion\Diagnostics\DiagTrack\SettingsRequests\utc.tracing,,,,,,,,,,,,,,,,,,,,,,,,,,,,,,,,,,,,,,,,,,,,,,,,,,,,,,,,,,,,,,,,,,,,,,,,,,,,,,,,,,,,,,,,,,,,,0,0,0,1,1,0,2,True
2020-08-05 06:10:08,427,1,-9223372036854775808,4456,2,,wec.internal.cloudapp.net,,"Registry object added or deleted:
RuleName: -
EventType: CreateKey
UtcTime: 2020-08-05 06:10:08.445
ProcessGuid: {7d3be4b5-0df0-5f2a-4500-000000000400}
ProcessId: 2752
Image: C:\windows\System32\svchost.exe
TargetObject: HKLM\SOFTWARE\Microsoft\Windows\CurrentVersion\Diagnostics\DiagTrack\SettingsRequests\utc.tracing",eventlog,Microsoft-Windows-Sysmon,2,,['mordorDataset'],Microsoft-Windows-Sysmon/Operational,{5770385F-C22A-43E0-BF4C-06F5698FFBD9},12,304312,WORKSTATION6.theshire.local,,,,2752,im_msvistalog,53997,,2020-08-05 02:10:08,,,INFO,3240,,0,2020-08-05T06:10:09.883Z,12,,CreateKey,2020-08-05 02:10:09,,,,S-1-5-18,,{7d3be4b5-0df0-5f2a-4500-000000000400},,-,NT AUTHORITY,SYSTEM,C:\windows\System32\svchost.exe,User,,INFO,HKLM\SOFTWARE\Microsoft\Windows\CurrentVersion\Diagnostics\DiagTrack\SettingsRequests\utc.tracing,,,,,,,,,,,,,,,,,,,,,,,,,,,,,,,,,,,,,,,,,,,,,,,,,,,,,,,,,,,,,,,,,,,,,,,,,,,,,,,,,,,,,,,,,,,,,0,0,0,1,1,0,2,True
2020-08-05 06:10:08,418,1,-9223372036854775808,4456,2,,wec.internal.cloudapp.net,,"Registry value set:
RuleName: -
EventType: SetValue
UtcTime: 2020-08-05 06:10:08.445
ProcessGuid: {7d3be4b5-0df0-5f2a-4500-000000000400}
ProcessId: 2752
Image: C:\windows\System32\svchost.exe
TargetObject: HKLM\SOFTWARE\Microsoft\Windows\CurrentVersion\Diagnostics\DiagTrack\SettingsRequests\utc.tracing\ETagQueryParameters
Details: ?IsRetailOS=1&expId=FXThe system cannot find the path specified.A1190030E&sku=48&OEMModel=VirtualThe system cannot find the device specified.Machine&AttrDataVer=103&ProcessorModel=IntelThe printer is out of paper.RThe system cannot write to the specified device.The system cannot find the device specified.XeonThe printer is out of paper.RThe system cannot write to the specified device.The system cannot find the device specified.Platinum%%208171M%%20CPU%%20%%40%%202.60GHz&FlightingBranchName=&TotalPhysicalRAM=4096&PrimaryDiskType=4294967295&deviceClass=Windows.Desktop&sampleId=66305175&App=utc&OEMName_Uncleaned=Microsoft%%20Corporation&AppVer=10.0.18362.959&locale=en-US&ms=0&osVer=10.0.18363.959.amd64fre.19h1_release.190318-1202&deviceId=s%%3A5226A6D1-D35B-4FDA-A5A2-C295BE78417A&os=windows&ring=Retail",eventlog,Microsoft-Windows-Sysmon,2,,['mordorDataset'],Microsoft-Windows-Sysmon/Operational,{5770385F-C22A-43E0-BF4C-06F5698FFBD9},13,304303,WORKSTATION6.theshire.local,,,,2752,im_msvistalog,53997,,2020-08-05 02:10:08,,,INFO,3240,,0,2020-08-05T06:10:09.880Z,13,,SetValue,2020-08-05 02:10:09,,,,S-1-5-18,,{7d3be4b5-0df0-5f2a-4500-000000000400},,-,NT AUTHORITY,SYSTEM,C:\windows\System32\svchost.exe,User,,INFO,HKLM\SOFTWARE\Microsoft\Windows\CurrentVersion\Diagnostics\DiagTrack\SettingsRequests\utc.tracing\ETagQueryParameters,,,,,,,,,,,,,,,,,,,,,,,,,,,,,,,,,,,,,,,,,,,,,,,,,,,,,,,,?IsRetailOS=1&amp;expId=FX%%3A1190030E&amp;sku=48&amp;OEMModel=Virtual%%20Machine&amp;AttrDataVer=103&amp;ProcessorModel=Intel%%28R%%29%%20Xeon%%28R%%29%%20Platinum%%208171M%%20CPU%%20%%40%%202.60GHz&amp;FlightingBranchName=&amp;TotalPhysicalRAM=4096&amp;PrimaryDiskType=4294967295&amp;deviceClass=Windows.Desktop&amp;sampleId=66305175&amp;App=utc&amp;OEMName_Uncleaned=Microsoft%%20Corporation&amp;AppVer=10.0.18362.959&amp;locale=en-US&amp;ms=0&amp;osVer=10.0.18363.959.amd64fre.19h1_release.190318-1202&amp;deviceId=s%%3A5226A6D1-D35B-4FDA-A5A2-C295BE78417A&amp;os=windows&amp;ring=Retail,,,,,,,,,,,,,,,,,,,,,,,,,,,,,,,,,,,,,0,0,0,1,1,0,2,True
2020-08-05 06:10:08,417,1,-9223372036854775808,4456,2,,wec.internal.cloudapp.net,,"Registry object added or deleted:
RuleName: -
EventType: CreateKey
UtcTime: 2020-08-05 06:10:08.445
ProcessGuid: {7d3be4b5-0df0-5f2a-4500-000000000400}
ProcessId: 2752
Image: C:\windows\System32\svchost.exe
TargetObject: HKLM\SOFTWARE\Microsoft\Windows\CurrentVersion\Diagnostics\DiagTrack\SettingsRequests\utc.tracing",eventlog,Microsoft-Windows-Sysmon,2,,['mordorDataset'],Microsoft-Windows-Sysmon/Operational,{5770385F-C22A-43E0-BF4C-06F5698FFBD9},12,304302,WORKSTATION6.theshire.local,,,,2752,im_msvistalog,53997,,2020-08-05 02:10:08,,,INFO,3240,,0,2020-08-05T06:10:09.880Z,12,,CreateKey,2020-08-05 02:10:09,,,,S-1-5-18,,{7d3be4b5-0df0-5f2a-4500-000000000400},,-,NT AUTHORITY,SYSTEM,C:\windows\System32\svchost.exe,User,,INFO,HKLM\SOFTWARE\Microsoft\Windows\CurrentVersion\Diagnostics\DiagTrack\SettingsRequests\utc.tracing,,,,,,,,,,,,,,,,,,,,,,,,,,,,,,,,,,,,,,,,,,,,,,,,,,,,,,,,,,,,,,,,,,,,,,,,,,,,,,,,,,,,,,,,,,,,,0,0,0,1,1,0,2,True
2020-08-05 06:10:08,422,1,-9223372036854775808,4456,2,,wec.internal.cloudapp.net,,"Registry value set:
RuleName: -
EventType: SetValue
UtcTime: 2020-08-05 06:10:08.445
ProcessGuid: {7d3be4b5-0df0-5f2a-4500-000000000400}
ProcessId: 2752
Image: C:\windows\System32\svchost.exe
TargetObject: HKLM\SOFTWARE\Microsoft\Windows\CurrentVersion\Diagnostics\DiagTrack\SettingsRequests\utc.tracing\LastDownloadTime
Details: QWORD (0x01d66aef-0x11e0abf9)",eventlog,Microsoft-Windows-Sysmon,2,,['mordorDataset'],Microsoft-Windows-Sysmon/Operational,{5770385F-C22A-43E0-BF4C-06F5698FFBD9},13,304307,WORKSTATION6.theshire.local,,,,2752,im_msvistalog,53997,,2020-08-05 02:10:08,,,INFO,3240,,0,2020-08-05T06:10:09.882Z,13,,SetValue,2020-08-05 02:10:09,,,,S-1-5-18,,{7d3be4b5-0df0-5f2a-4500-000000000400},,-,NT AUTHORITY,SYSTEM,C:\windows\System32\svchost.exe,User,,INFO,HKLM\SOFTWARE\Microsoft\Windows\CurrentVersion\Diagnostics\DiagTrack\SettingsRequests\utc.tracing\LastDownloadTime,,,,,,,,,,,,,,,,,,,,,,,,,,,,,,,,,,,,,,,,,,,,,,,,,,,,,,,,QWORD (0x01d66aef-0x11e0abf9),,,,,,,,,,,,,,,,,,,,,,,,,,,,,,,,,,,,,0,0,0,1,1,0,2,True
2020-08-05 06:10:08,428,1,-9223372036854775808,4456,2,,wec.internal.cloudapp.net,,"Registry value set:
RuleName: -
EventType: SetValue
UtcTime: 2020-08-05 06:10:08.445
ProcessGuid: {7d3be4b5-0df0-5f2a-4500-000000000400}
ProcessId: 2752
Image: C:\windows\System32\svchost.exe
TargetObject: HKLM\SOFTWARE\Microsoft\Windows\CurrentVersion\Diagnostics\DiagTrack\SettingsRequests\utc.tracing\LastFileWrittenPath
Details: C:\ProgramData\Microsoft\Diagnosis\DownloadedSettings\utc.tracing.json",eventlog,Microsoft-Windows-Sysmon,2,,['mordorDataset'],Microsoft-Windows-Sysmon/Operational,{5770385F-C22A-43E0-BF4C-06F5698FFBD9},13,304313,WORKSTATION6.theshire.local,,,,2752,im_msvistalog,53997,,2020-08-05 02:10:08,,,INFO,3240,,0,2020-08-05T06:10:09.883Z,13,,SetValue,2020-08-05 02:10:09,,,,S-1-5-18,,{7d3be4b5-0df0-5f2a-4500-000000000400},,-,NT AUTHORITY,SYSTEM,C:\windows\System32\svchost.exe,User,,INFO,HKLM\SOFTWARE\Microsoft\Windows\CurrentVersion\Diagnostics\DiagTrack\SettingsRequests\utc.tracing\LastFileWrittenPath,,,,,,,,,,,,,,,,,,,,,,,,,,,,,,,,,,,,,,,,,,,,,,,,,,,,,,,,C:\ProgramData\Microsoft\Diagnosis\DownloadedSettings\utc.tracing.json,,,,,,,,,,,,,,,,,,,,,,,,,,,,,,,,,,,,,0,0,0,1,1,0,2,True
2020-08-05 06:10:08,457,1,-9223372036854775808,4452,1,,wec.internal.cloudapp.net,,"Pipe Connected:
RuleName: -
EventType: ConnectPipe
UtcTime: 2020-08-05 06:10:08.652
ProcessGuid: {8715b604-0def-5f2a-3a00-000000000400}
ProcessId: 2524
PipeName: \lsass
Image: C:\windows\System32\svchost.exe",eventlog,Microsoft-Windows-Sysmon,2,,['mordorDataset'],Microsoft-Windows-Sysmon/Operational,{5770385F-C22A-43E0-BF4C-06F5698FFBD9},18,480002,WORKSTATION5.theshire.local,,,,2524,im_msvistalog,53997,,2020-08-05 02:10:08,,,INFO,3484,,0,2020-08-05T06:10:09.891Z,18,,ConnectPipe,2020-08-05 02:10:09,,,,S-1-5-18,,{8715b604-0def-5f2a-3a00-000000000400},,-,NT AUTHORITY,SYSTEM,C:\windows\System32\svchost.exe,User,,INFO,,,,,,,,,,,,,,,,,,,,,,,,,,,,,,,,,,,,,,,,,,,,,,,,,,,,,,,,,,,,,,,,,,,,,,,,,,,,,,,,,,,,,,,,,\lsass,,,,,0,0,0,1,1,0,3,True
2020-08-05 06:10:08,430,1,-9223372036854775808,4456,2,,wec.internal.cloudapp.net,,"Registry value set:
RuleName: -
EventType: SetValue
UtcTime: 2020-08-05 06:10:08.445
ProcessGuid: {7d3be4b5-0df0-5f2a-4500-000000000400}
ProcessId: 2752
Image: C:\windows\System32\svchost.exe
TargetObject: HKLM\SOFTWARE\Microsoft\Windows\CurrentVersion\Diagnostics\DiagTrack\SettingsRequests\utc.tracing\LastFileWrittenTime
Details: QWORD (0x01d66acd-0x89d47bc2)",eventlog,Microsoft-Windows-Sysmon,2,,['mordorDataset'],Microsoft-Windows-Sysmon/Operational,{5770385F-C22A-43E0-BF4C-06F5698FFBD9},13,304315,WORKSTATION6.theshire.local,,,,2752,im_msvistalog,53997,,2020-08-05 02:10:08,,,INFO,3240,,0,2020-08-05T06:10:09.884Z,13,,SetValue,2020-08-05 02:10:09,,,,S-1-5-18,,{7d3be4b5-0df0-5f2a-4500-000000000400},,-,NT AUTHORITY,SYSTEM,C:\windows\System32\svchost.exe,User,,INFO,HKLM\SOFTWARE\Microsoft\Windows\CurrentVersion\Diagnostics\DiagTrack\SettingsRequests\utc.tracing\LastFileWrittenTime,,,,,,,,,,,,,,,,,,,,,,,,,,,,,,,,,,,,,,,,,,,,,,,,,,,,,,,,QWORD (0x01d66acd-0x89d47bc2),,,,,,,,,,,,,,,,,,,,,,,,,,,,,,,,,,,,,0,0,0,1,1,0,3,True
