2020-08-05 06:10:07,207,1,-9223372036854775808,4456,2,,wec.internal.cloudapp.net,,"Registry object added or deleted:
RuleName: -
EventType: DeleteKey
UtcTime: 2020-08-05 06:10:07.100
ProcessGuid: {7d3be4b5-0df0-5f2a-4500-000000000400}
ProcessId: 2752
Image: C:\windows\System32\svchost.exe
TargetObject: HKLM\SOFTWARE\Microsoft\Windows\CurrentVersion\Diagnostics\DiagTrack\HeartBeats\EndpointErrors\9",eventlog,Microsoft-Windows-Sysmon,2,,['mordorDataset'],Microsoft-Windows-Sysmon/Operational,{5770385F-C22A-43E0-BF4C-06F5698FFBD9},12,304132,WORKSTATION6.theshire.local,,,,2752,im_msvistalog,53997,,2020-08-05 02:10:07,,,INFO,3240,,0,2020-08-05T06:10:07.818Z,12,,DeleteKey,2020-08-05 02:10:07,,,,S-1-5-18,,{7d3be4b5-0df0-5f2a-4500-000000000400},,-,NT AUTHORITY,SYSTEM,C:\windows\System32\svchost.exe,User,,INFO,HKLM\SOFTWARE\Microsoft\Windows\CurrentVersion\Diagnostics\DiagTrack\HeartBeats\EndpointErrors\9,,,,,,,,,,,,,,,,,,,,,,,,,,,,,,,,,,,,,,,,,,,,,,,,,,,,,,,,,,,,,,,,,,,,,,,,,,,,,,,,,,,,,,,,,,,,,0,0,0,1,0,0,1,True
2020-08-05 06:10:07,208,1,-9223372036854775808,4456,2,,wec.internal.cloudapp.net,,"Registry object added or deleted:
RuleName: -
EventType: DeleteKey
UtcTime: 2020-08-05 06:10:07.100
ProcessGuid: {7d3be4b5-0df0-5f2a-4500-000000000400}
ProcessId: 2752
Image: C:\windows\System32\svchost.exe
TargetObject: HKLM\SOFTWARE\Microsoft\Windows\CurrentVersion\Diagnostics\DiagTrack\HeartBeats\EndpointErrors",eventlog,Microsoft-Windows-Sysmon,2,,['mordorDataset'],Microsoft-Windows-Sysmon/Operational,{5770385F-C22A-43E0-BF4C-06F5698FFBD9},12,304133,WORKSTATION6.theshire.local,,,,2752,im_msvistalog,53997,,2020-08-05 02:10:07,,,INFO,3240,,0,2020-08-05T06:10:07.818Z,12,,DeleteKey,2020-08-05 02:10:07,,,,S-1-5-18,,{7d3be4b5-0df0-5f2a-4500-000000000400},,-,NT AUTHORITY,SYSTEM,C:\windows\System32\svchost.exe,User,,INFO,HKLM\SOFTWARE\Microsoft\Windows\CurrentVersion\Diagnostics\DiagTrack\HeartBeats\EndpointErrors,,,,,,,,,,,,,,,,,,,,,,,,,,,,,,,,,,,,,,,,,,,,,,,,,,,,,,,,,,,,,,,,,,,,,,,,,,,,,,,,,,,,,,,,,,,,,0,0,0,1,0,0,1,True
2020-08-05 06:10:07,209,1,-9223372036854775808,4456,2,,wec.internal.cloudapp.net,,"Registry object added or deleted:
RuleName: -
EventType: CreateKey
UtcTime: 2020-08-05 06:10:07.100
ProcessGuid: {7d3be4b5-0df0-5f2a-4500-000000000400}
ProcessId: 2752
Image: C:\windows\System32\svchost.exe
TargetObject: HKLM\SOFTWARE",eventlog,Microsoft-Windows-Sysmon,2,,['mordorDataset'],Microsoft-Windows-Sysmon/Operational,{5770385F-C22A-43E0-BF4C-06F5698FFBD9},12,304134,WORKSTATION6.theshire.local,,,,2752,im_msvistalog,53997,,2020-08-05 02:10:07,,,INFO,3240,,0,2020-08-05T06:10:07.819Z,12,,CreateKey,2020-08-05 02:10:07,,,,S-1-5-18,,{7d3be4b5-0df0-5f2a-4500-000000000400},,-,NT AUTHORITY,SYSTEM,C:\windows\System32\svchost.exe,User,,INFO,HKLM\SOFTWARE,,,,,,,,,,,,,,,,,,,,,,,,,,,,,,,,,,,,,,,,,,,,,,,,,,,,,,,,,,,,,,,,,,,,,,,,,,,,,,,,,,,,,,,,,,,,,0,0,0,1,0,0,1,True
2020-08-05 06:10:07,210,1,-9223372036854775808,4456,2,,wec.internal.cloudapp.net,,"Registry object added or deleted:
RuleName: -
EventType: CreateKey
UtcTime: 2020-08-05 06:10:07.100
ProcessGuid: {7d3be4b5-0df0-5f2a-4500-000000000400}
ProcessId: 2752
Image: C:\windows\System32\svchost.exe
TargetObject: HKLM\SOFTWARE\Microsoft",eventlog,Microsoft-Windows-Sysmon,2,,['mordorDataset'],Microsoft-Windows-Sysmon/Operational,{5770385F-C22A-43E0-BF4C-06F5698FFBD9},12,304135,WORKSTATION6.theshire.local,,,,2752,im_msvistalog,53997,,2020-08-05 02:10:07,,,INFO,3240,,0,2020-08-05T06:10:07.819Z,12,,CreateKey,2020-08-05 02:10:07,,,,S-1-5-18,,{7d3be4b5-0df0-5f2a-4500-000000000400},,-,NT AUTHORITY,SYSTEM,C:\windows\System32\svchost.exe,User,,INFO,HKLM\SOFTWARE\Microsoft,,,,,,,,,,,,,,,,,,,,,,,,,,,,,,,,,,,,,,,,,,,,,,,,,,,,,,,,,,,,,,,,,,,,,,,,,,,,,,,,,,,,,,,,,,,,,0,0,0,1,0,0,1,True
2020-08-05 06:10:07,211,1,-9223372036854775808,4456,2,,wec.internal.cloudapp.net,,"Registry object added or deleted:
RuleName: -
EventType: CreateKey
UtcTime: 2020-08-05 06:10:07.100
ProcessGuid: {7d3be4b5-0df0-5f2a-4500-000000000400}
ProcessId: 2752
Image: C:\windows\System32\svchost.exe
TargetObject: HKLM\SOFTWARE\Microsoft\Windows",eventlog,Microsoft-Windows-Sysmon,2,,['mordorDataset'],Microsoft-Windows-Sysmon/Operational,{5770385F-C22A-43E0-BF4C-06F5698FFBD9},12,304136,WORKSTATION6.theshire.local,,,,2752,im_msvistalog,53997,,2020-08-05 02:10:07,,,INFO,3240,,0,2020-08-05T06:10:07.819Z,12,,CreateKey,2020-08-05 02:10:07,,,,S-1-5-18,,{7d3be4b5-0df0-5f2a-4500-000000000400},,-,NT AUTHORITY,SYSTEM,C:\windows\System32\svchost.exe,User,,INFO,HKLM\SOFTWARE\Microsoft\Windows,,,,,,,,,,,,,,,,,,,,,,,,,,,,,,,,,,,,,,,,,,,,,,,,,,,,,,,,,,,,,,,,,,,,,,,,,,,,,,,,,,,,,,,,,,,,,0,0,0,1,0,0,1,True
2020-08-05 06:10:07,212,1,-9223372036854775808,4456,2,,wec.internal.cloudapp.net,,"Registry object added or deleted:
RuleName: -
EventType: CreateKey
UtcTime: 2020-08-05 06:10:07.100
ProcessGuid: {7d3be4b5-0df0-5f2a-4500-000000000400}
ProcessId: 2752
Image: C:\windows\System32\svchost.exe
TargetObject: HKLM\SOFTWARE\Microsoft\Windows\CurrentVersion",eventlog,Microsoft-Windows-Sysmon,2,,['mordorDataset'],Microsoft-Windows-Sysmon/Operational,{5770385F-C22A-43E0-BF4C-06F5698FFBD9},12,304137,WORKSTATION6.theshire.local,,,,2752,im_msvistalog,53997,,2020-08-05 02:10:07,,,INFO,3240,,0,2020-08-05T06:10:07.819Z,12,,CreateKey,2020-08-05 02:10:07,,,,S-1-5-18,,{7d3be4b5-0df0-5f2a-4500-000000000400},,-,NT AUTHORITY,SYSTEM,C:\windows\System32\svchost.exe,User,,INFO,HKLM\SOFTWARE\Microsoft\Windows\CurrentVersion,,,,,,,,,,,,,,,,,,,,,,,,,,,,,,,,,,,,,,,,,,,,,,,,,,,,,,,,,,,,,,,,,,,,,,,,,,,,,,,,,,,,,,,,,,,,,0,0,0,1,0,0,1,True
2020-08-05 06:10:07,193,1,-9223372036854775808,4456,2,,wec.internal.cloudapp.net,,"Registry value set:
RuleName: -
EventType: SetValue
UtcTime: 2020-08-05 06:10:07.100
ProcessGuid: {7d3be4b5-0df0-5f2a-4500-000000000400}
ProcessId: 2752
Image: C:\windows\System32\svchost.exe
TargetObject: HKLM\SOFTWARE\Microsoft\Windows\CurrentVersion\Diagnostics\DiagTrack\HeartBeats\Default\VortexFailuresTimeout
Details: DWORD (0x00000000)",eventlog,Microsoft-Windows-Sysmon,2,,['mordorDataset'],Microsoft-Windows-Sysmon/Operational,{5770385F-C22A-43E0-BF4C-06F5698FFBD9},13,304118,WORKSTATION6.theshire.local,,,,2752,im_msvistalog,53997,,2020-08-05 02:10:07,,,INFO,3240,,0,2020-08-05T06:10:07.814Z,13,,SetValue,2020-08-05 02:10:07,,,,S-1-5-18,,{7d3be4b5-0df0-5f2a-4500-000000000400},,-,NT AUTHORITY,SYSTEM,C:\windows\System32\svchost.exe,User,,INFO,HKLM\SOFTWARE\Microsoft\Windows\CurrentVersion\Diagnostics\DiagTrack\HeartBeats\Default\VortexFailuresTimeout,,,,,,,,,,,,,,,,,,,,,,,,,,,,,,,,,,,,,,,,,,,,,,,,,,,,,,,,DWORD (0x00000000),,,,,,,,,,,,,,,,,,,,,,,,,,,,,,,,,,,,,0,0,0,1,1,0,2,True
2020-08-05 06:10:07,192,1,-9223372036854775808,4456,2,,wec.internal.cloudapp.net,,"Registry value set:
RuleName: -
EventType: SetValue
UtcTime: 2020-08-05 06:10:07.100
ProcessGuid: {7d3be4b5-0df0-5f2a-4500-000000000400}
ProcessId: 2752
Image: C:\windows\System32\svchost.exe
TargetObject: HKLM\SOFTWARE\Microsoft\Windows\CurrentVersion\Diagnostics\DiagTrack\HeartBeats\Default\VortexHttpFailures5xx
Details: DWORD (0x00000000)",eventlog,Microsoft-Windows-Sysmon,2,,['mordorDataset'],Microsoft-Windows-Sysmon/Operational,{5770385F-C22A-43E0-BF4C-06F5698FFBD9},13,304117,WORKSTATION6.theshire.local,,,,2752,im_msvistalog,53997,,2020-08-05 02:10:07,,,INFO,3240,,0,2020-08-05T06:10:07.814Z,13,,SetValue,2020-08-05 02:10:07,,,,S-1-5-18,,{7d3be4b5-0df0-5f2a-4500-000000000400},,-,NT AUTHORITY,SYSTEM,C:\windows\System32\svchost.exe,User,,INFO,HKLM\SOFTWARE\Microsoft\Windows\CurrentVersion\Diagnostics\DiagTrack\HeartBeats\Default\VortexHttpFailures5xx,,,,,,,,,,,,,,,,,,,,,,,,,,,,,,,,,,,,,,,,,,,,,,,,,,,,,,,,DWORD (0x00000000),,,,,,,,,,,,,,,,,,,,,,,,,,,,,,,,,,,,,0,0,0,1,1,0,2,True
2020-08-05 06:10:07,191,1,-9223372036854775808,4456,2,,wec.internal.cloudapp.net,,"Registry value set:
RuleName: -
EventType: SetValue
UtcTime: 2020-08-05 06:10:07.100
ProcessGuid: {7d3be4b5-0df0-5f2a-4500-000000000400}
ProcessId: 2752
Image: C:\windows\System32\svchost.exe
TargetObject: HKLM\SOFTWARE\Microsoft\Windows\CurrentVersion\Diagnostics\DiagTrack\HeartBeats\Default\VortexHttpFailures4xx
Details: DWORD (0x00000000)",eventlog,Microsoft-Windows-Sysmon,2,,['mordorDataset'],Microsoft-Windows-Sysmon/Operational,{5770385F-C22A-43E0-BF4C-06F5698FFBD9},13,304116,WORKSTATION6.theshire.local,,,,2752,im_msvistalog,53997,,2020-08-05 02:10:07,,,INFO,3240,,0,2020-08-05T06:10:07.814Z,13,,SetValue,2020-08-05 02:10:07,,,,S-1-5-18,,{7d3be4b5-0df0-5f2a-4500-000000000400},,-,NT AUTHORITY,SYSTEM,C:\windows\System32\svchost.exe,User,,INFO,HKLM\SOFTWARE\Microsoft\Windows\CurrentVersion\Diagnostics\DiagTrack\HeartBeats\Default\VortexHttpFailures4xx,,,,,,,,,,,,,,,,,,,,,,,,,,,,,,,,,,,,,,,,,,,,,,,,,,,,,,,,DWORD (0x00000000),,,,,,,,,,,,,,,,,,,,,,,,,,,,,,,,,,,,,0,0,0,1,1,0,2,True
2020-08-05 06:10:07,190,1,-9223372036854775808,4456,2,,wec.internal.cloudapp.net,,"Registry value set:
RuleName: -
EventType: SetValue
UtcTime: 2020-08-05 06:10:07.100
ProcessGuid: {7d3be4b5-0df0-5f2a-4500-000000000400}
ProcessId: 2752
Image: C:\windows\System32\svchost.exe
TargetObject: HKLM\SOFTWARE\Microsoft\Windows\CurrentVersion\Diagnostics\DiagTrack\HeartBeats\Default\VortexHttpAttempts
Details: DWORD (0x00000000)",eventlog,Microsoft-Windows-Sysmon,2,,['mordorDataset'],Microsoft-Windows-Sysmon/Operational,{5770385F-C22A-43E0-BF4C-06F5698FFBD9},13,304115,WORKSTATION6.theshire.local,,,,2752,im_msvistalog,53997,,2020-08-05 02:10:07,,,INFO,3240,,0,2020-08-05T06:10:07.813Z,13,,SetValue,2020-08-05 02:10:07,,,,S-1-5-18,,{7d3be4b5-0df0-5f2a-4500-000000000400},,-,NT AUTHORITY,SYSTEM,C:\windows\System32\svchost.exe,User,,INFO,HKLM\SOFTWARE\Microsoft\Windows\CurrentVersion\Diagnostics\DiagTrack\HeartBeats\Default\VortexHttpAttempts,,,,,,,,,,,,,,,,,,,,,,,,,,,,,,,,,,,,,,,,,,,,,,,,,,,,,,,,DWORD (0x00000000),,,,,,,,,,,,,,,,,,,,,,,,,,,,,,,,,,,,,0,0,0,1,1,0,2,True
2020-08-05 06:10:07,168,1,-9223372036854775808,4456,2,,wec.internal.cloudapp.net,,"Registry object added or deleted:
RuleName: -
EventType: CreateKey
UtcTime: 2020-08-05 06:10:07.100
ProcessGuid: {7d3be4b5-0df0-5f2a-4500-000000000400}
ProcessId: 2752
Image: C:\windows\System32\svchost.exe
TargetObject: HKLM\SOFTWARE\Microsoft\Windows\CurrentVersion\Diagnostics\DiagTrack\HeartBeats\Default",eventlog,Microsoft-Windows-Sysmon,2,,['mordorDataset'],Microsoft-Windows-Sysmon/Operational,{5770385F-C22A-43E0-BF4C-06F5698FFBD9},12,304097,WORKSTATION6.theshire.local,,,,2752,im_msvistalog,53997,,2020-08-05 02:10:07,,,INFO,3240,,0,2020-08-05T06:10:07.808Z,12,,CreateKey,2020-08-05 02:10:07,,,,S-1-5-18,,{7d3be4b5-0df0-5f2a-4500-000000000400},,-,NT AUTHORITY,SYSTEM,C:\windows\System32\svchost.exe,User,,INFO,HKLM\SOFTWARE\Microsoft\Windows\CurrentVersion\Diagnostics\DiagTrack\HeartBeats\Default,,,,,,,,,,,,,,,,,,,,,,,,,,,,,,,,,,,,,,,,,,,,,,,,,,,,,,,,,,,,,,,,,,,,,,,,,,,,,,,,,,,,,,,,,,,,,0,0,0,1,1,0,2,True
2020-08-05 06:10:07,170,1,-9223372036854775808,4456,2,,wec.internal.cloudapp.net,,"Registry value set:
RuleName: -
EventType: SetValue
UtcTime: 2020-08-05 06:10:07.100
ProcessGuid: {7d3be4b5-0df0-5f2a-4500-000000000400}
ProcessId: 2752
Image: C:\windows\System32\svchost.exe
TargetObject: HKLM\SOFTWARE\Microsoft\Windows\CurrentVersion\Diagnostics\DiagTrack\HeartBeats\Default\LastHeartBeatTime
Details: QWORD (0x01d66aef-0x111b9b72)",eventlog,Microsoft-Windows-Sysmon,2,,['mordorDataset'],Microsoft-Windows-Sysmon/Operational,{5770385F-C22A-43E0-BF4C-06F5698FFBD9},13,304098,WORKSTATION6.theshire.local,,,,2752,im_msvistalog,53997,,2020-08-05 02:10:07,,,INFO,3240,,0,2020-08-05T06:10:07.808Z,13,,SetValue,2020-08-05 02:10:07,,,,S-1-5-18,,{7d3be4b5-0df0-5f2a-4500-000000000400},,-,NT AUTHORITY,SYSTEM,C:\windows\System32\svchost.exe,User,,INFO,HKLM\SOFTWARE\Microsoft\Windows\CurrentVersion\Diagnostics\DiagTrack\HeartBeats\Default\LastHeartBeatTime,,,,,,,,,,,,,,,,,,,,,,,,,,,,,,,,,,,,,,,,,,,,,,,,,,,,,,,,QWORD (0x01d66aef-0x111b9b72),,,,,,,,,,,,,,,,,,,,,,,,,,,,,,,,,,,,,0,0,0,1,1,0,2,True
2020-08-05 06:10:07,172,1,-9223372036854775808,4456,2,,wec.internal.cloudapp.net,,"Registry value set:
RuleName: -
EventType: SetValue
UtcTime: 2020-08-05 06:10:07.100
ProcessGuid: {7d3be4b5-0df0-5f2a-4500-000000000400}
ProcessId: 2752
Image: C:\windows\System32\svchost.exe
TargetObject: HKLM\SOFTWARE\Microsoft\Windows\CurrentVersion\Diagnostics\DiagTrack\HeartBeats\Default\HeartBeatSequenceNumber
Details: DWORD (0x0000000b)",eventlog,Microsoft-Windows-Sysmon,2,,['mordorDataset'],Microsoft-Windows-Sysmon/Operational,{5770385F-C22A-43E0-BF4C-06F5698FFBD9},13,304099,WORKSTATION6.theshire.local,,,,2752,im_msvistalog,53997,,2020-08-05 02:10:07,,,INFO,3240,,0,2020-08-05T06:10:07.808Z,13,,SetValue,2020-08-05 02:10:07,,,,S-1-5-18,,{7d3be4b5-0df0-5f2a-4500-000000000400},,-,NT AUTHORITY,SYSTEM,C:\windows\System32\svchost.exe,User,,INFO,HKLM\SOFTWARE\Microsoft\Windows\CurrentVersion\Diagnostics\DiagTrack\HeartBeats\Default\HeartBeatSequenceNumber,,,,,,,,,,,,,,,,,,,,,,,,,,,,,,,,,,,,,,,,,,,,,,,,,,,,,,,,DWORD (0x0000000b),,,,,,,,,,,,,,,,,,,,,,,,,,,,,,,,,,,,,0,0,0,1,1,0,2,True
2020-08-05 06:10:07,173,1,-9223372036854775808,4452,3,,wec.internal.cloudapp.net,,"Process accessed:
RuleName: -
UtcTime: 2020-08-05 06:10:07.223
SourceProcessGUID: {8715b604-0dea-5f2a-0e00-000000000400}
SourceProcessId: 884
SourceThreadId: 2036
SourceImage: C:\windows\system32\svchost.exe
TargetProcessGUID: {8715b604-0df0-5f2a-3d00-000000000400}
TargetProcessId: 2636
TargetImage: C:\windows\system32\svchost.exe
GrantedAccess: 0x1000
CallTrace: C:\windows\SYSTEM32\ntdll.dll+9c534|C:\windows\SYSTEM32\psmserviceexthost.dll+222a3|C:\windows\SYSTEM32\psmserviceexthost.dll+1a172|C:\windows\SYSTEM32\psmserviceexthost.dll+19e3b|C:\windows\SYSTEM32\psmserviceexthost.dll+19318|C:\windows\SYSTEM32\ntdll.dll+3081d|C:\windows\SYSTEM32\ntdll.dll+345b4|C:\windows\System32\KERNEL32.DLL+17bd4|C:\windows\SYSTEM32\ntdll.dll+6ce51",eventlog,Microsoft-Windows-Sysmon,2,,['mordorDataset'],Microsoft-Windows-Sysmon/Operational,{5770385F-C22A-43E0-BF4C-06F5698FFBD9},10,479992,WORKSTATION5.theshire.local,,,,884,im_msvistalog,53997,,2020-08-05 02:10:07,,,INFO,3484,,0,2020-08-05T06:10:07.809Z,10,,INFO,2020-08-05 02:10:07,,,,S-1-5-18,,,,-,NT AUTHORITY,SYSTEM,,User,,,,,,,,,,,,,,,,,,,,,,,,,,,,,,,,,,,,,,,,,,,,,,,,,,,,,,,,,,,,{8715b604-0dea-5f2a-0e00-000000000400},0x1000,2636,{8715b604-0df0-5f2a-3d00-000000000400},C:\windows\system32\svchost.exe,C:\windows\SYSTEM32\ntdll.dll+9c534|C:\windows\SYSTEM32\psmserviceexthost.dll+222a3|C:\windows\SYSTEM32\psmserviceexthost.dll+1a172|C:\windows\SYSTEM32\psmserviceexthost.dll+19e3b|C:\windows\SYSTEM32\psmserviceexthost.dll+19318|C:\windows\SYSTEM32\ntdll.dll+3081d|C:\windows\SYSTEM32\ntdll.dll+345b4|C:\windows\System32\KERNEL32.DLL+17bd4|C:\windows\SYSTEM32\ntdll.dll+6ce51,2036.0,884,C:\windows\system32\svchost.exe,,,,,,,,,,,,,,,,,,,,,,,,,,,,0,0,0,1,1,0,3,True
2020-08-05 06:10:07,174,1,-9223372036854775808,4456,2,,wec.internal.cloudapp.net,,"Registry value set:
RuleName: -
EventType: SetValue
UtcTime: 2020-08-05 06:10:07.100
ProcessGuid: {7d3be4b5-0df0-5f2a-4500-000000000400}
ProcessId: 2752
Image: C:\windows\System32\svchost.exe
TargetObject: HKLM\SOFTWARE\Microsoft\Windows\CurrentVersion\Diagnostics\DiagTrack\HeartBeats\Default\EventDroppedEtw
Details: DWORD (0x00000000)",eventlog,Microsoft-Windows-Sysmon,2,,['mordorDataset'],Microsoft-Windows-Sysmon/Operational,{5770385F-C22A-43E0-BF4C-06F5698FFBD9},13,304100,WORKSTATION6.theshire.local,,,,2752,im_msvistalog,53997,,2020-08-05 02:10:07,,,INFO,3240,,0,2020-08-05T06:10:07.809Z,13,,SetValue,2020-08-05 02:10:07,,,,S-1-5-18,,{7d3be4b5-0df0-5f2a-4500-000000000400},,-,NT AUTHORITY,SYSTEM,C:\windows\System32\svchost.exe,User,,INFO,HKLM\SOFTWARE\Microsoft\Windows\CurrentVersion\Diagnostics\DiagTrack\HeartBeats\Default\EventDroppedEtw,,,,,,,,,,,,,,,,,,,,,,,,,,,,,,,,,,,,,,,,,,,,,,,,,,,,,,,,DWORD (0x00000000),,,,,,,,,,,,,,,,,,,,,,,,,,,,,,,,,,,,,0,0,0,1,1,0,3,True
2020-08-05 06:10:07,175,1,-9223372036854775808,4452,3,,wec.internal.cloudapp.net,,"Process accessed:
RuleName: -
UtcTime: 2020-08-05 06:10:07.223
SourceProcessGUID: {8715b604-0dea-5f2a-0e00-000000000400}
SourceProcessId: 884
SourceThreadId: 2036
SourceImage: C:\windows\system32\svchost.exe
TargetProcessGUID: {8715b604-0df0-5f2a-3d00-000000000400}
TargetProcessId: 2636
TargetImage: C:\windows\system32\svchost.exe
GrantedAccess: 0x1000
CallTrace: C:\windows\SYSTEM32\ntdll.dll+9c534|C:\windows\SYSTEM32\psmserviceexthost.dll+222a3|C:\windows\SYSTEM32\psmserviceexthost.dll+1a172|C:\windows\SYSTEM32\psmserviceexthost.dll+19e3b|C:\windows\SYSTEM32\psmserviceexthost.dll+19318|C:\windows\SYSTEM32\ntdll.dll+3081d|C:\windows\SYSTEM32\ntdll.dll+345b4|C:\windows\System32\KERNEL32.DLL+17bd4|C:\windows\SYSTEM32\ntdll.dll+6ce51",eventlog,Microsoft-Windows-Sysmon,2,,['mordorDataset'],Microsoft-Windows-Sysmon/Operational,{5770385F-C22A-43E0-BF4C-06F5698FFBD9},10,479993,WORKSTATION5.theshire.local,,,,884,im_msvistalog,53997,,2020-08-05 02:10:07,,,INFO,3484,,0,2020-08-05T06:10:07.811Z,10,,INFO,2020-08-05 02:10:07,,,,S-1-5-18,,,,-,NT AUTHORITY,SYSTEM,,User,,,,,,,,,,,,,,,,,,,,,,,,,,,,,,,,,,,,,,,,,,,,,,,,,,,,,,,,,,,,{8715b604-0dea-5f2a-0e00-000000000400},0x1000,2636,{8715b604-0df0-5f2a-3d00-000000000400},C:\windows\system32\svchost.exe,C:\windows\SYSTEM32\ntdll.dll+9c534|C:\windows\SYSTEM32\psmserviceexthost.dll+222a3|C:\windows\SYSTEM32\psmserviceexthost.dll+1a172|C:\windows\SYSTEM32\psmserviceexthost.dll+19e3b|C:\windows\SYSTEM32\psmserviceexthost.dll+19318|C:\windows\SYSTEM32\ntdll.dll+3081d|C:\windows\SYSTEM32\ntdll.dll+345b4|C:\windows\System32\KERNEL32.DLL+17bd4|C:\windows\SYSTEM32\ntdll.dll+6ce51,2036.0,884,C:\windows\system32\svchost.exe,,,,,,,,,,,,,,,,,,,,,,,,,,,,0,0,0,0,1,0,2,True
2020-08-05 06:10:07,176,1,-9223372036854775808,4456,2,,wec.internal.cloudapp.net,,"Registry value set:
RuleName: -
EventType: SetValue
UtcTime: 2020-08-05 06:10:07.100
ProcessGuid: {7d3be4b5-0df0-5f2a-4500-000000000400}
ProcessId: 2752
Image: C:\windows\System32\svchost.exe
TargetObject: HKLM\SOFTWARE\Microsoft\Windows\CurrentVersion\Diagnostics\DiagTrack\HeartBeats\Default\BuffersDroppedEtw
Details: DWORD (0x00000000)",eventlog,Microsoft-Windows-Sysmon,2,,['mordorDataset'],Microsoft-Windows-Sysmon/Operational,{5770385F-C22A-43E0-BF4C-06F5698FFBD9},13,304101,WORKSTATION6.theshire.local,,,,2752,im_msvistalog,53997,,2020-08-05 02:10:07,,,INFO,3240,,0,2020-08-05T06:10:07.811Z,13,,SetValue,2020-08-05 02:10:07,,,,S-1-5-18,,{7d3be4b5-0df0-5f2a-4500-000000000400},,-,NT AUTHORITY,SYSTEM,C:\windows\System32\svchost.exe,User,,INFO,HKLM\SOFTWARE\Microsoft\Windows\CurrentVersion\Diagnostics\DiagTrack\HeartBeats\Default\BuffersDroppedEtw,,,,,,,,,,,,,,,,,,,,,,,,,,,,,,,,,,,,,,,,,,,,,,,,,,,,,,,,DWORD (0x00000000),,,,,,,,,,,,,,,,,,,,,,,,,,,,,,,,,,,,,0,0,0,0,1,0,2,True
2020-08-05 06:10:07,177,1,-9223372036854775808,4456,2,,wec.internal.cloudapp.net,,"Registry value set:
RuleName: -
EventType: SetValue
UtcTime: 2020-08-05 06:10:07.100
ProcessGuid: {7d3be4b5-0df0-5f2a-4500-000000000400}
ProcessId: 2752
Image: C:\windows\System32\svchost.exe
TargetObject: HKLM\SOFTWARE\Microsoft\Windows\CurrentVersion\Diagnostics\DiagTrack\HeartBeats\Default\EventDroppedConsumer
Details: QWORD (0x00000000-0x00000000)",eventlog,Microsoft-Windows-Sysmon,2,,['mordorDataset'],Microsoft-Windows-Sysmon/Operational,{5770385F-C22A-43E0-BF4C-06F5698FFBD9},13,304102,WORKSTATION6.theshire.local,,,,2752,im_msvistalog,53997,,2020-08-05 02:10:07,,,INFO,3240,,0,2020-08-05T06:10:07.811Z,13,,SetValue,2020-08-05 02:10:07,,,,S-1-5-18,,{7d3be4b5-0df0-5f2a-4500-000000000400},,-,NT AUTHORITY,SYSTEM,C:\windows\System32\svchost.exe,User,,INFO,HKLM\SOFTWARE\Microsoft\Windows\CurrentVersion\Diagnostics\DiagTrack\HeartBeats\Default\EventDroppedConsumer,,,,,,,,,,,,,,,,,,,,,,,,,,,,,,,,,,,,,,,,,,,,,,,,,,,,,,,,QWORD (0x00000000-0x00000000),,,,,,,,,,,,,,,,,,,,,,,,,,,,,,,,,,,,,0,0,0,0,1,0,2,True
2020-08-05 06:10:07,178,1,-9223372036854775808,4456,2,,wec.internal.cloudapp.net,,"Registry value set:
RuleName: -
EventType: SetValue
UtcTime: 2020-08-05 06:10:07.100
ProcessGuid: {7d3be4b5-0df0-5f2a-4500-000000000400}
ProcessId: 2752
Image: C:\windows\System32\svchost.exe
TargetObject: HKLM\SOFTWARE\Microsoft\Windows\CurrentVersion\Diagnostics\DiagTrack\HeartBeats\Default\EventDroppedDecoding
Details: DWORD (0x00000000)",eventlog,Microsoft-Windows-Sysmon,2,,['mordorDataset'],Microsoft-Windows-Sysmon/Operational,{5770385F-C22A-43E0-BF4C-06F5698FFBD9},13,304103,WORKSTATION6.theshire.local,,,,2752,im_msvistalog,53997,,2020-08-05 02:10:07,,,INFO,3240,,0,2020-08-05T06:10:07.811Z,13,,SetValue,2020-08-05 02:10:07,,,,S-1-5-18,,{7d3be4b5-0df0-5f2a-4500-000000000400},,-,NT AUTHORITY,SYSTEM,C:\windows\System32\svchost.exe,User,,INFO,HKLM\SOFTWARE\Microsoft\Windows\CurrentVersion\Diagnostics\DiagTrack\HeartBeats\Default\EventDroppedDecoding,,,,,,,,,,,,,,,,,,,,,,,,,,,,,,,,,,,,,,,,,,,,,,,,,,,,,,,,DWORD (0x00000000),,,,,,,,,,,,,,,,,,,,,,,,,,,,,,,,,,,,,0,0,0,0,1,0,2,True
2020-08-05 06:10:07,213,1,-9223372036854775808,4456,2,,wec.internal.cloudapp.net,,"Registry object added or deleted:
RuleName: -
EventType: CreateKey
UtcTime: 2020-08-05 06:10:07.100
ProcessGuid: {7d3be4b5-0df0-5f2a-4500-000000000400}
ProcessId: 2752
Image: C:\windows\System32\svchost.exe
TargetObject: HKLM\SOFTWARE\Microsoft\Windows\CurrentVersion\Diagnostics",eventlog,Microsoft-Windows-Sysmon,2,,['mordorDataset'],Microsoft-Windows-Sysmon/Operational,{5770385F-C22A-43E0-BF4C-06F5698FFBD9},12,304138,WORKSTATION6.theshire.local,,,,2752,im_msvistalog,53997,,2020-08-05 02:10:07,,,INFO,3240,,0,2020-08-05T06:10:07.820Z,12,,CreateKey,2020-08-05 02:10:07,,,,S-1-5-18,,{7d3be4b5-0df0-5f2a-4500-000000000400},,-,NT AUTHORITY,SYSTEM,C:\windows\System32\svchost.exe,User,,INFO,HKLM\SOFTWARE\Microsoft\Windows\CurrentVersion\Diagnostics,,,,,,,,,,,,,,,,,,,,,,,,,,,,,,,,,,,,,,,,,,,,,,,,,,,,,,,,,,,,,,,,,,,,,,,,,,,,,,,,,,,,,,,,,,,,,0,0,0,1,1,0,3,True
2020-08-05 06:10:07,179,1,-9223372036854775808,4456,2,,wec.internal.cloudapp.net,,"Registry value set:
RuleName: -
EventType: SetValue
UtcTime: 2020-08-05 06:10:07.100
ProcessGuid: {7d3be4b5-0df0-5f2a-4500-000000000400}
ProcessId: 2752
Image: C:\windows\System32\svchost.exe
TargetObject: HKLM\SOFTWARE\Microsoft\Windows\CurrentVersion\Diagnostics\DiagTrack\HeartBeats\Default\EventDroppedThrottled
Details: DWORD (0x00000000)",eventlog,Microsoft-Windows-Sysmon,2,,['mordorDataset'],Microsoft-Windows-Sysmon/Operational,{5770385F-C22A-43E0-BF4C-06F5698FFBD9},13,304104,WORKSTATION6.theshire.local,,,,2752,im_msvistalog,53997,,2020-08-05 02:10:07,,,INFO,3240,,0,2020-08-05T06:10:07.811Z,13,,SetValue,2020-08-05 02:10:07,,,,S-1-5-18,,{7d3be4b5-0df0-5f2a-4500-000000000400},,-,NT AUTHORITY,SYSTEM,C:\windows\System32\svchost.exe,User,,INFO,HKLM\SOFTWARE\Microsoft\Windows\CurrentVersion\Diagnostics\DiagTrack\HeartBeats\Default\EventDroppedThrottled,,,,,,,,,,,,,,,,,,,,,,,,,,,,,,,,,,,,,,,,,,,,,,,,,,,,,,,,DWORD (0x00000000),,,,,,,,,,,,,,,,,,,,,,,,,,,,,,,,,,,,,0,0,0,1,1,0,2,True
2020-08-05 06:10:07,181,1,-9223372036854775808,4456,2,,wec.internal.cloudapp.net,,"Registry value set:
RuleName: -
EventType: SetValue
UtcTime: 2020-08-05 06:10:07.100
ProcessGuid: {7d3be4b5-0df0-5f2a-4500-000000000400}
ProcessId: 2752
Image: C:\windows\System32\svchost.exe
TargetObject: HKLM\SOFTWARE\Microsoft\Windows\CurrentVersion\Diagnostics\DiagTrack\HeartBeats\Default\CriticalDataEventDroppedThrottled
Details: DWORD (0x00000000)",eventlog,Microsoft-Windows-Sysmon,2,,['mordorDataset'],Microsoft-Windows-Sysmon/Operational,{5770385F-C22A-43E0-BF4C-06F5698FFBD9},13,304106,WORKSTATION6.theshire.local,,,,2752,im_msvistalog,53997,,2020-08-05 02:10:07,,,INFO,3240,,0,2020-08-05T06:10:07.812Z,13,,SetValue,2020-08-05 02:10:07,,,,S-1-5-18,,{7d3be4b5-0df0-5f2a-4500-000000000400},,-,NT AUTHORITY,SYSTEM,C:\windows\System32\svchost.exe,User,,INFO,HKLM\SOFTWARE\Microsoft\Windows\CurrentVersion\Diagnostics\DiagTrack\HeartBeats\Default\CriticalDataEventDroppedThrottled,,,,,,,,,,,,,,,,,,,,,,,,,,,,,,,,,,,,,,,,,,,,,,,,,,,,,,,,DWORD (0x00000000),,,,,,,,,,,,,,,,,,,,,,,,,,,,,,,,,,,,,0,0,0,1,1,0,2,True
2020-08-05 06:10:07,182,1,-9223372036854775808,4456,2,,wec.internal.cloudapp.net,,"Registry value set:
RuleName: -
EventType: SetValue
UtcTime: 2020-08-05 06:10:07.100
ProcessGuid: {7d3be4b5-0df0-5f2a-4500-000000000400}
ProcessId: 2752
Image: C:\windows\System32\svchost.exe
TargetObject: HKLM\SOFTWARE\Microsoft\Windows\CurrentVersion\Diagnostics\DiagTrack\HeartBeats\Default\EventsPersistedCounter
Details: DWORD (0x00000001)",eventlog,Microsoft-Windows-Sysmon,2,,['mordorDataset'],Microsoft-Windows-Sysmon/Operational,{5770385F-C22A-43E0-BF4C-06F5698FFBD9},13,304107,WORKSTATION6.theshire.local,,,,2752,im_msvistalog,53997,,2020-08-05 02:10:07,,,INFO,3240,,0,2020-08-05T06:10:07.812Z,13,,SetValue,2020-08-05 02:10:07,,,,S-1-5-18,,{7d3be4b5-0df0-5f2a-4500-000000000400},,-,NT AUTHORITY,SYSTEM,C:\windows\System32\svchost.exe,User,,INFO,HKLM\SOFTWARE\Microsoft\Windows\CurrentVersion\Diagnostics\DiagTrack\HeartBeats\Default\EventsPersistedCounter,,,,,,,,,,,,,,,,,,,,,,,,,,,,,,,,,,,,,,,,,,,,,,,,,,,,,,,,DWORD (0x00000001),,,,,,,,,,,,,,,,,,,,,,,,,,,,,,,,,,,,,0,0,0,1,1,0,2,True
2020-08-05 06:10:07,183,1,-9223372036854775808,4456,2,,wec.internal.cloudapp.net,,"Registry value set:
RuleName: -
EventType: SetValue
UtcTime: 2020-08-05 06:10:07.100
ProcessGuid: {7d3be4b5-0df0-5f2a-4500-000000000400}
ProcessId: 2752
Image: C:\windows\System32\svchost.exe
TargetObject: HKLM\SOFTWARE\Microsoft\Windows\CurrentVersion\Diagnostics\DiagTrack\HeartBeats\Default\EventDroppedUploader
Details: DWORD (0x00000000)",eventlog,Microsoft-Windows-Sysmon,2,,['mordorDataset'],Microsoft-Windows-Sysmon/Operational,{5770385F-C22A-43E0-BF4C-06F5698FFBD9},13,304108,WORKSTATION6.theshire.local,,,,2752,im_msvistalog,53997,,2020-08-05 02:10:07,,,INFO,3240,,0,2020-08-05T06:10:07.812Z,13,,SetValue,2020-08-05 02:10:07,,,,S-1-5-18,,{7d3be4b5-0df0-5f2a-4500-000000000400},,-,NT AUTHORITY,SYSTEM,C:\windows\System32\svchost.exe,User,,INFO,HKLM\SOFTWARE\Microsoft\Windows\CurrentVersion\Diagnostics\DiagTrack\HeartBeats\Default\EventDroppedUploader,,,,,,,,,,,,,,,,,,,,,,,,,,,,,,,,,,,,,,,,,,,,,,,,,,,,,,,,DWORD (0x00000000),,,,,,,,,,,,,,,,,,,,,,,,,,,,,,,,,,,,,0,0,0,1,1,0,2,True
2020-08-05 06:10:07,184,1,-9223372036854775808,4456,2,,wec.internal.cloudapp.net,,"Registry value set:
RuleName: -
EventType: SetValue
UtcTime: 2020-08-05 06:10:07.100
ProcessGuid: {7d3be4b5-0df0-5f2a-4500-000000000400}
ProcessId: 2752
Image: C:\windows\System32\svchost.exe
TargetObject: HKLM\SOFTWARE\Microsoft\Windows\CurrentVersion\Diagnostics\DiagTrack\HeartBeats\Default\CompressedBytesUploaded
Details: QWORD (0x00000000-0x00000000)",eventlog,Microsoft-Windows-Sysmon,2,,['mordorDataset'],Microsoft-Windows-Sysmon/Operational,{5770385F-C22A-43E0-BF4C-06F5698FFBD9},13,304109,WORKSTATION6.theshire.local,,,,2752,im_msvistalog,53997,,2020-08-05 02:10:07,,,INFO,3240,,0,2020-08-05T06:10:07.812Z,13,,SetValue,2020-08-05 02:10:07,,,,S-1-5-18,,{7d3be4b5-0df0-5f2a-4500-000000000400},,-,NT AUTHORITY,SYSTEM,C:\windows\System32\svchost.exe,User,,INFO,HKLM\SOFTWARE\Microsoft\Windows\CurrentVersion\Diagnostics\DiagTrack\HeartBeats\Default\CompressedBytesUploaded,,,,,,,,,,,,,,,,,,,,,,,,,,,,,,,,,,,,,,,,,,,,,,,,,,,,,,,,QWORD (0x00000000-0x00000000),,,,,,,,,,,,,,,,,,,,,,,,,,,,,,,,,,,,,0,0,0,0,1,0,1,True
2020-08-05 06:10:07,185,1,-9223372036854775808,4456,2,,wec.internal.cloudapp.net,,"Registry value set:
RuleName: -
EventType: SetValue
UtcTime: 2020-08-05 06:10:07.100
ProcessGuid: {7d3be4b5-0df0-5f2a-4500-000000000400}
ProcessId: 2752
Image: C:\windows\System32\svchost.exe
TargetObject: HKLM\SOFTWARE\Microsoft\Windows\CurrentVersion\Diagnostics\DiagTrack\HeartBeats\Default\InvalidHttpCodes
Details: DWORD (0x00000000)",eventlog,Microsoft-Windows-Sysmon,2,,['mordorDataset'],Microsoft-Windows-Sysmon/Operational,{5770385F-C22A-43E0-BF4C-06F5698FFBD9},13,304110,WORKSTATION6.theshire.local,,,,2752,im_msvistalog,53997,,2020-08-05 02:10:07,,,INFO,3240,,0,2020-08-05T06:10:07.812Z,13,,SetValue,2020-08-05 02:10:07,,,,S-1-5-18,,{7d3be4b5-0df0-5f2a-4500-000000000400},,-,NT AUTHORITY,SYSTEM,C:\windows\System32\svchost.exe,User,,INFO,HKLM\SOFTWARE\Microsoft\Windows\CurrentVersion\Diagnostics\DiagTrack\HeartBeats\Default\InvalidHttpCodes,,,,,,,,,,,,,,,,,,,,,,,,,,,,,,,,,,,,,,,,,,,,,,,,,,,,,,,,DWORD (0x00000000),,,,,,,,,,,,,,,,,,,,,,,,,,,,,,,,,,,,,0,0,0,0,1,0,1,True
2020-08-05 06:10:07,186,1,-9223372036854775808,4456,2,,wec.internal.cloudapp.net,,"Registry value set:
RuleName: -
EventType: SetValue
UtcTime: 2020-08-05 06:10:07.100
ProcessGuid: {7d3be4b5-0df0-5f2a-4500-000000000400}
ProcessId: 2752
Image: C:\windows\System32\svchost.exe
TargetObject: HKLM\SOFTWARE\Microsoft\Windows\CurrentVersion\Diagnostics\DiagTrack\HeartBeats\Default\LastInvalidHttpCode
Details: DWORD (0x00000000)",eventlog,Microsoft-Windows-Sysmon,2,,['mordorDataset'],Microsoft-Windows-Sysmon/Operational,{5770385F-C22A-43E0-BF4C-06F5698FFBD9},13,304111,WORKSTATION6.theshire.local,,,,2752,im_msvistalog,53997,,2020-08-05 02:10:07,,,INFO,3240,,0,2020-08-05T06:10:07.812Z,13,,SetValue,2020-08-05 02:10:07,,,,S-1-5-18,,{7d3be4b5-0df0-5f2a-4500-000000000400},,-,NT AUTHORITY,SYSTEM,C:\windows\System32\svchost.exe,User,,INFO,HKLM\SOFTWARE\Microsoft\Windows\CurrentVersion\Diagnostics\DiagTrack\HeartBeats\Default\LastInvalidHttpCode,,,,,,,,,,,,,,,,,,,,,,,,,,,,,,,,,,,,,,,,,,,,,,,,,,,,,,,,DWORD (0x00000000),,,,,,,,,,,,,,,,,,,,,,,,,,,,,,,,,,,,,0,0,0,0,1,0,1,True
2020-08-05 06:10:07,187,1,-9223372036854775808,4456,2,,wec.internal.cloudapp.net,,"Registry value set:
RuleName: -
EventType: SetValue
UtcTime: 2020-08-05 06:10:07.100
ProcessGuid: {7d3be4b5-0df0-5f2a-4500-000000000400}
ProcessId: 2752
Image: C:\windows\System32\svchost.exe
TargetObject: HKLM\SOFTWARE\Microsoft\Windows\CurrentVersion\Diagnostics\DiagTrack\HeartBeats\Default\LastEventSizeOffender
Details: (Empty)",eventlog,Microsoft-Windows-Sysmon,2,,['mordorDataset'],Microsoft-Windows-Sysmon/Operational,{5770385F-C22A-43E0-BF4C-06F5698FFBD9},13,304112,WORKSTATION6.theshire.local,,,,2752,im_msvistalog,53997,,2020-08-05 02:10:07,,,INFO,3240,,0,2020-08-05T06:10:07.813Z,13,,SetValue,2020-08-05 02:10:07,,,,S-1-5-18,,{7d3be4b5-0df0-5f2a-4500-000000000400},,-,NT AUTHORITY,SYSTEM,C:\windows\System32\svchost.exe,User,,INFO,HKLM\SOFTWARE\Microsoft\Windows\CurrentVersion\Diagnostics\DiagTrack\HeartBeats\Default\LastEventSizeOffender,,,,,,,,,,,,,,,,,,,,,,,,,,,,,,,,,,,,,,,,,,,,,,,,,,,,,,,,(Empty),,,,,,,,,,,,,,,,,,,,,,,,,,,,,,,,,,,,,0,0,0,0,1,0,1,True
2020-08-05 06:10:07,188,1,-9223372036854775808,4456,2,,wec.internal.cloudapp.net,,"Registry value set:
RuleName: -
EventType: SetValue
UtcTime: 2020-08-05 06:10:07.100
ProcessGuid: {7d3be4b5-0df0-5f2a-4500-000000000400}
ProcessId: 2752
Image: C:\windows\System32\svchost.exe
TargetObject: HKLM\SOFTWARE\Microsoft\Windows\CurrentVersion\Diagnostics\DiagTrack\HeartBeats\Default\SettingsHttpAttempts
Details: DWORD (0x00000000)",eventlog,Microsoft-Windows-Sysmon,2,,['mordorDataset'],Microsoft-Windows-Sysmon/Operational,{5770385F-C22A-43E0-BF4C-06F5698FFBD9},13,304113,WORKSTATION6.theshire.local,,,,2752,im_msvistalog,53997,,2020-08-05 02:10:07,,,INFO,3240,,0,2020-08-05T06:10:07.813Z,13,,SetValue,2020-08-05 02:10:07,,,,S-1-5-18,,{7d3be4b5-0df0-5f2a-4500-000000000400},,-,NT AUTHORITY,SYSTEM,C:\windows\System32\svchost.exe,User,,INFO,HKLM\SOFTWARE\Microsoft\Windows\CurrentVersion\Diagnostics\DiagTrack\HeartBeats\Default\SettingsHttpAttempts,,,,,,,,,,,,,,,,,,,,,,,,,,,,,,,,,,,,,,,,,,,,,,,,,,,,,,,,DWORD (0x00000000),,,,,,,,,,,,,,,,,,,,,,,,,,,,,,,,,,,,,0,0,0,0,1,0,1,True
2020-08-05 06:10:07,189,1,-9223372036854775808,4456,2,,wec.internal.cloudapp.net,,"Registry value set:
RuleName: -
EventType: SetValue
UtcTime: 2020-08-05 06:10:07.100
ProcessGuid: {7d3be4b5-0df0-5f2a-4500-000000000400}
ProcessId: 2752
Image: C:\windows\System32\svchost.exe
TargetObject: HKLM\SOFTWARE\Microsoft\Windows\CurrentVersion\Diagnostics\DiagTrack\HeartBeats\Default\SettingsHttpFailures
Details: DWORD (0x00000000)",eventlog,Microsoft-Windows-Sysmon,2,,['mordorDataset'],Microsoft-Windows-Sysmon/Operational,{5770385F-C22A-43E0-BF4C-06F5698FFBD9},13,304114,WORKSTATION6.theshire.local,,,,2752,im_msvistalog,53997,,2020-08-05 02:10:07,,,INFO,3240,,0,2020-08-05T06:10:07.813Z,13,,SetValue,2020-08-05 02:10:07,,,,S-1-5-18,,{7d3be4b5-0df0-5f2a-4500-000000000400},,-,NT AUTHORITY,SYSTEM,C:\windows\System32\svchost.exe,User,,INFO,HKLM\SOFTWARE\Microsoft\Windows\CurrentVersion\Diagnostics\DiagTrack\HeartBeats\Default\SettingsHttpFailures,,,,,,,,,,,,,,,,,,,,,,,,,,,,,,,,,,,,,,,,,,,,,,,,,,,,,,,,DWORD (0x00000000),,,,,,,,,,,,,,,,,,,,,,,,,,,,,,,,,,,,,0,0,0,0,1,0,1,True
2020-08-05 06:10:07,180,1,-9223372036854775808,4456,2,,wec.internal.cloudapp.net,,"Registry value set:
RuleName: -
EventType: SetValue
UtcTime: 2020-08-05 06:10:07.100
ProcessGuid: {7d3be4b5-0df0-5f2a-4500-000000000400}
ProcessId: 2752
Image: C:\windows\System32\svchost.exe
TargetObject: HKLM\SOFTWARE\Microsoft\Windows\CurrentVersion\Diagnostics\DiagTrack\HeartBeats\Default\EventsDroppedFullTriggerBuffer
Details: DWORD (0x00000000)",eventlog,Microsoft-Windows-Sysmon,2,,['mordorDataset'],Microsoft-Windows-Sysmon/Operational,{5770385F-C22A-43E0-BF4C-06F5698FFBD9},13,304105,WORKSTATION6.theshire.local,,,,2752,im_msvistalog,53997,,2020-08-05 02:10:07,,,INFO,3240,,0,2020-08-05T06:10:07.811Z,13,,SetValue,2020-08-05 02:10:07,,,,S-1-5-18,,{7d3be4b5-0df0-5f2a-4500-000000000400},,-,NT AUTHORITY,SYSTEM,C:\windows\System32\svchost.exe,User,,INFO,HKLM\SOFTWARE\Microsoft\Windows\CurrentVersion\Diagnostics\DiagTrack\HeartBeats\Default\EventsDroppedFullTriggerBuffer,,,,,,,,,,,,,,,,,,,,,,,,,,,,,,,,,,,,,,,,,,,,,,,,,,,,,,,,DWORD (0x00000000),,,,,,,,,,,,,,,,,,,,,,,,,,,,,,,,,,,,,0,0,0,0,1,0,1,True
2020-08-05 06:10:07,214,1,-9223372036854775808,4456,2,,wec.internal.cloudapp.net,,"Registry object added or deleted:
RuleName: -
EventType: CreateKey
UtcTime: 2020-08-05 06:10:07.100
ProcessGuid: {7d3be4b5-0df0-5f2a-4500-000000000400}
ProcessId: 2752
Image: C:\windows\System32\svchost.exe
TargetObject: HKLM\SOFTWARE\Microsoft\Windows\CurrentVersion\Diagnostics\DiagTrack",eventlog,Microsoft-Windows-Sysmon,2,,['mordorDataset'],Microsoft-Windows-Sysmon/Operational,{5770385F-C22A-43E0-BF4C-06F5698FFBD9},12,304139,WORKSTATION6.theshire.local,,,,2752,im_msvistalog,53997,,2020-08-05 02:10:07,,,INFO,3240,,0,2020-08-05T06:10:07.820Z,12,,CreateKey,2020-08-05 02:10:07,,,,S-1-5-18,,{7d3be4b5-0df0-5f2a-4500-000000000400},,-,NT AUTHORITY,SYSTEM,C:\windows\System32\svchost.exe,User,,INFO,HKLM\SOFTWARE\Microsoft\Windows\CurrentVersion\Diagnostics\DiagTrack,,,,,,,,,,,,,,,,,,,,,,,,,,,,,,,,,,,,,,,,,,,,,,,,,,,,,,,,,,,,,,,,,,,,,,,,,,,,,,,,,,,,,,,,,,,,,0,0,0,1,1,0,2,True
2020-08-05 06:10:07,202,1,-9223372036854775808,4456,2,,wec.internal.cloudapp.net,,"Registry object added or deleted:
RuleName: -
EventType: DeleteKey
UtcTime: 2020-08-05 06:10:07.100
ProcessGuid: {7d3be4b5-0df0-5f2a-4500-000000000400}
ProcessId: 2752
Image: C:\windows\System32\svchost.exe
TargetObject: HKLM\SOFTWARE\Microsoft\Windows\CurrentVersion\Diagnostics\DiagTrack\HeartBeats\EndpointErrors\4",eventlog,Microsoft-Windows-Sysmon,2,,['mordorDataset'],Microsoft-Windows-Sysmon/Operational,{5770385F-C22A-43E0-BF4C-06F5698FFBD9},12,304127,WORKSTATION6.theshire.local,,,,2752,im_msvistalog,53997,,2020-08-05 02:10:07,,,INFO,3240,,0,2020-08-05T06:10:07.816Z,12,,DeleteKey,2020-08-05 02:10:07,,,,S-1-5-18,,{7d3be4b5-0df0-5f2a-4500-000000000400},,-,NT AUTHORITY,SYSTEM,C:\windows\System32\svchost.exe,User,,INFO,HKLM\SOFTWARE\Microsoft\Windows\CurrentVersion\Diagnostics\DiagTrack\HeartBeats\EndpointErrors\4,,,,,,,,,,,,,,,,,,,,,,,,,,,,,,,,,,,,,,,,,,,,,,,,,,,,,,,,,,,,,,,,,,,,,,,,,,,,,,,,,,,,,,,,,,,,,0,0,0,1,1,0,2,True
2020-08-05 06:10:07,216,1,-9223372036854775808,4456,2,,wec.internal.cloudapp.net,,"Registry object added or deleted:
RuleName: -
EventType: CreateKey
UtcTime: 2020-08-05 06:10:07.100
ProcessGuid: {7d3be4b5-0df0-5f2a-4500-000000000400}
ProcessId: 2752
Image: C:\windows\System32\svchost.exe
TargetObject: HKLM\SOFTWARE\Microsoft\Windows\CurrentVersion\Diagnostics\DiagTrack\HeartBeats\EndpointErrors",eventlog,Microsoft-Windows-Sysmon,2,,['mordorDataset'],Microsoft-Windows-Sysmon/Operational,{5770385F-C22A-43E0-BF4C-06F5698FFBD9},12,304141,WORKSTATION6.theshire.local,,,,2752,im_msvistalog,53997,,2020-08-05 02:10:07,,,INFO,3240,,0,2020-08-05T06:10:07.821Z,12,,CreateKey,2020-08-05 02:10:07,,,,S-1-5-18,,{7d3be4b5-0df0-5f2a-4500-000000000400},,-,NT AUTHORITY,SYSTEM,C:\windows\System32\svchost.exe,User,,INFO,HKLM\SOFTWARE\Microsoft\Windows\CurrentVersion\Diagnostics\DiagTrack\HeartBeats\EndpointErrors,,,,,,,,,,,,,,,,,,,,,,,,,,,,,,,,,,,,,,,,,,,,,,,,,,,,,,,,,,,,,,,,,,,,,,,,,,,,,,,,,,,,,,,,,,,,,0,0,0,1,1,0,2,True
2020-08-05 06:10:07,261,1,-9223372036854775808,4456,2,,wec.internal.cloudapp.net,,"Registry object added or deleted:
RuleName: -
EventType: CreateKey
UtcTime: 2020-08-05 06:10:07.100
ProcessGuid: {7d3be4b5-0df0-5f2a-4500-000000000400}
ProcessId: 2752
Image: C:\windows\System32\svchost.exe
TargetObject: HKLM\SOFTWARE\Microsoft\Windows\CurrentVersion\Diagnostics\DiagTrack\HeartBeats\EndpointErrors\6",eventlog,Microsoft-Windows-Sysmon,2,,['mordorDataset'],Microsoft-Windows-Sysmon/Operational,{5770385F-C22A-43E0-BF4C-06F5698FFBD9},12,304166,WORKSTATION6.theshire.local,,,,2752,im_msvistalog,53997,,2020-08-05 02:10:07,,,INFO,3240,,0,2020-08-05T06:10:07.832Z,12,,CreateKey,2020-08-05 02:10:07,,,,S-1-5-18,,{7d3be4b5-0df0-5f2a-4500-000000000400},,-,NT AUTHORITY,SYSTEM,C:\windows\System32\svchost.exe,User,,INFO,HKLM\SOFTWARE\Microsoft\Windows\CurrentVersion\Diagnostics\DiagTrack\HeartBeats\EndpointErrors\6,,,,,,,,,,,,,,,,,,,,,,,,,,,,,,,,,,,,,,,,,,,,,,,,,,,,,,,,,,,,,,,,,,,,,,,,,,,,,,,,,,,,,,,,,,,,,0,0,0,1,1,0,2,True
2020-08-05 06:10:07,264,1,-9223372036854775808,4456,2,,wec.internal.cloudapp.net,,"Registry value set:
RuleName: -
EventType: SetValue
UtcTime: 2020-08-05 06:10:07.100
ProcessGuid: {7d3be4b5-0df0-5f2a-4500-000000000400}
ProcessId: 2752
Image: C:\windows\System32\svchost.exe
TargetObject: HKLM\SOFTWARE\Microsoft\Windows\CurrentVersion\Diagnostics\DiagTrack\HeartBeats\EndpointErrors\6\Name
Details: (Empty)",eventlog,Microsoft-Windows-Sysmon,2,,['mordorDataset'],Microsoft-Windows-Sysmon/Operational,{5770385F-C22A-43E0-BF4C-06F5698FFBD9},13,304167,WORKSTATION6.theshire.local,,,,2752,im_msvistalog,53997,,2020-08-05 02:10:07,,,INFO,3240,,0,2020-08-05T06:10:07.832Z,13,,SetValue,2020-08-05 02:10:07,,,,S-1-5-18,,{7d3be4b5-0df0-5f2a-4500-000000000400},,-,NT AUTHORITY,SYSTEM,C:\windows\System32\svchost.exe,User,,INFO,HKLM\SOFTWARE\Microsoft\Windows\CurrentVersion\Diagnostics\DiagTrack\HeartBeats\EndpointErrors\6\Name,,,,,,,,,,,,,,,,,,,,,,,,,,,,,,,,,,,,,,,,,,,,,,,,,,,,,,,,(Empty),,,,,,,,,,,,,,,,,,,,,,,,,,,,,,,,,,,,,0,0,0,1,1,0,2,True
2020-08-05 06:10:07,266,1,-9223372036854775808,4456,2,,wec.internal.cloudapp.net,,"Registry object added or deleted:
RuleName: -
EventType: CreateKey
UtcTime: 2020-08-05 06:10:07.100
ProcessGuid: {7d3be4b5-0df0-5f2a-4500-000000000400}
ProcessId: 2752
Image: C:\windows\System32\svchost.exe
TargetObject: HKLM\SOFTWARE\Microsoft\Windows\CurrentVersion\Diagnostics\DiagTrack\HeartBeats\EndpointErrors\6",eventlog,Microsoft-Windows-Sysmon,2,,['mordorDataset'],Microsoft-Windows-Sysmon/Operational,{5770385F-C22A-43E0-BF4C-06F5698FFBD9},12,304168,WORKSTATION6.theshire.local,,,,2752,im_msvistalog,53997,,2020-08-05 02:10:07,,,INFO,3240,,0,2020-08-05T06:10:07.832Z,12,,CreateKey,2020-08-05 02:10:07,,,,S-1-5-18,,{7d3be4b5-0df0-5f2a-4500-000000000400},,-,NT AUTHORITY,SYSTEM,C:\windows\System32\svchost.exe,User,,INFO,HKLM\SOFTWARE\Microsoft\Windows\CurrentVersion\Diagnostics\DiagTrack\HeartBeats\EndpointErrors\6,,,,,,,,,,,,,,,,,,,,,,,,,,,,,,,,,,,,,,,,,,,,,,,,,,,,,,,,,,,,,,,,,,,,,,,,,,,,,,,,,,,,,,,,,,,,,0,0,0,1,1,0,2,True
2020-08-05 06:10:07,268,1,-9223372036854775808,4456,2,,wec.internal.cloudapp.net,,"Registry value set:
RuleName: -
EventType: SetValue
UtcTime: 2020-08-05 06:10:07.100
ProcessGuid: {7d3be4b5-0df0-5f2a-4500-000000000400}
ProcessId: 2752
Image: C:\windows\System32\svchost.exe
TargetObject: HKLM\SOFTWARE\Microsoft\Windows\CurrentVersion\Diagnostics\DiagTrack\HeartBeats\EndpointErrors\6\Value
Details: DWORD (0x00000000)",eventlog,Microsoft-Windows-Sysmon,2,,['mordorDataset'],Microsoft-Windows-Sysmon/Operational,{5770385F-C22A-43E0-BF4C-06F5698FFBD9},13,304169,WORKSTATION6.theshire.local,,,,2752,im_msvistalog,53997,,2020-08-05 02:10:07,,,INFO,3240,,0,2020-08-05T06:10:07.833Z,13,,SetValue,2020-08-05 02:10:07,,,,S-1-5-18,,{7d3be4b5-0df0-5f2a-4500-000000000400},,-,NT AUTHORITY,SYSTEM,C:\windows\System32\svchost.exe,User,,INFO,HKLM\SOFTWARE\Microsoft\Windows\CurrentVersion\Diagnostics\DiagTrack\HeartBeats\EndpointErrors\6\Value,,,,,,,,,,,,,,,,,,,,,,,,,,,,,,,,,,,,,,,,,,,,,,,,,,,,,,,,DWORD (0x00000000),,,,,,,,,,,,,,,,,,,,,,,,,,,,,,,,,,,,,0,0,0,1,1,0,2,True
2020-08-05 06:10:07,269,1,-9223372036854775808,4456,2,,wec.internal.cloudapp.net,,"Registry object added or deleted:
RuleName: -
EventType: CreateKey
UtcTime: 2020-08-05 06:10:07.100
ProcessGuid: {7d3be4b5-0df0-5f2a-4500-000000000400}
ProcessId: 2752
Image: C:\windows\System32\svchost.exe
TargetObject: HKLM\SOFTWARE\Microsoft\Windows\CurrentVersion\Diagnostics\DiagTrack\HeartBeats\EndpointErrors\7",eventlog,Microsoft-Windows-Sysmon,2,,['mordorDataset'],Microsoft-Windows-Sysmon/Operational,{5770385F-C22A-43E0-BF4C-06F5698FFBD9},12,304170,WORKSTATION6.theshire.local,,,,2752,im_msvistalog,53997,,2020-08-05 02:10:07,,,INFO,3240,,0,2020-08-05T06:10:07.834Z,12,,CreateKey,2020-08-05 02:10:07,,,,S-1-5-18,,{7d3be4b5-0df0-5f2a-4500-000000000400},,-,NT AUTHORITY,SYSTEM,C:\windows\System32\svchost.exe,User,,INFO,HKLM\SOFTWARE\Microsoft\Windows\CurrentVersion\Diagnostics\DiagTrack\HeartBeats\EndpointErrors\7,,,,,,,,,,,,,,,,,,,,,,,,,,,,,,,,,,,,,,,,,,,,,,,,,,,,,,,,,,,,,,,,,,,,,,,,,,,,,,,,,,,,,,,,,,,,,0,0,0,1,1,0,2,True
2020-08-05 06:10:07,271,1,-9223372036854775808,4456,2,,wec.internal.cloudapp.net,,"Registry value set:
RuleName: -
EventType: SetValue
UtcTime: 2020-08-05 06:10:07.100
ProcessGuid: {7d3be4b5-0df0-5f2a-4500-000000000400}
ProcessId: 2752
Image: C:\windows\System32\svchost.exe
TargetObject: HKLM\SOFTWARE\Microsoft\Windows\CurrentVersion\Diagnostics\DiagTrack\HeartBeats\EndpointErrors\7\Name
Details: (Empty)",eventlog,Microsoft-Windows-Sysmon,2,,['mordorDataset'],Microsoft-Windows-Sysmon/Operational,{5770385F-C22A-43E0-BF4C-06F5698FFBD9},13,304171,WORKSTATION6.theshire.local,,,,2752,im_msvistalog,53997,,2020-08-05 02:10:07,,,INFO,3240,,0,2020-08-05T06:10:07.834Z,13,,SetValue,2020-08-05 02:10:07,,,,S-1-5-18,,{7d3be4b5-0df0-5f2a-4500-000000000400},,-,NT AUTHORITY,SYSTEM,C:\windows\System32\svchost.exe,User,,INFO,HKLM\SOFTWARE\Microsoft\Windows\CurrentVersion\Diagnostics\DiagTrack\HeartBeats\EndpointErrors\7\Name,,,,,,,,,,,,,,,,,,,,,,,,,,,,,,,,,,,,,,,,,,,,,,,,,,,,,,,,(Empty),,,,,,,,,,,,,,,,,,,,,,,,,,,,,,,,,,,,,0,0,0,1,1,0,2,True
2020-08-05 06:10:07,273,1,-9223372036854775808,4456,2,,wec.internal.cloudapp.net,,"Registry object added or deleted:
RuleName: -
EventType: CreateKey
UtcTime: 2020-08-05 06:10:07.100
ProcessGuid: {7d3be4b5-0df0-5f2a-4500-000000000400}
ProcessId: 2752
Image: C:\windows\System32\svchost.exe
TargetObject: HKLM\SOFTWARE\Microsoft\Windows\CurrentVersion\Diagnostics\DiagTrack\HeartBeats\EndpointErrors\7",eventlog,Microsoft-Windows-Sysmon,2,,['mordorDataset'],Microsoft-Windows-Sysmon/Operational,{5770385F-C22A-43E0-BF4C-06F5698FFBD9},12,304172,WORKSTATION6.theshire.local,,,,2752,im_msvistalog,53997,,2020-08-05 02:10:07,,,INFO,3240,,0,2020-08-05T06:10:07.835Z,12,,CreateKey,2020-08-05 02:10:07,,,,S-1-5-18,,{7d3be4b5-0df0-5f2a-4500-000000000400},,-,NT AUTHORITY,SYSTEM,C:\windows\System32\svchost.exe,User,,INFO,HKLM\SOFTWARE\Microsoft\Windows\CurrentVersion\Diagnostics\DiagTrack\HeartBeats\EndpointErrors\7,,,,,,,,,,,,,,,,,,,,,,,,,,,,,,,,,,,,,,,,,,,,,,,,,,,,,,,,,,,,,,,,,,,,,,,,,,,,,,,,,,,,,,,,,,,,,0,0,0,1,1,0,2,True
2020-08-05 06:10:07,275,1,-9223372036854775808,4456,2,,wec.internal.cloudapp.net,,"Registry value set:
RuleName: -
EventType: SetValue
UtcTime: 2020-08-05 06:10:07.100
ProcessGuid: {7d3be4b5-0df0-5f2a-4500-000000000400}
ProcessId: 2752
Image: C:\windows\System32\svchost.exe
TargetObject: HKLM\SOFTWARE\Microsoft\Windows\CurrentVersion\Diagnostics\DiagTrack\HeartBeats\EndpointErrors\7\Value
Details: DWORD (0x00000000)",eventlog,Microsoft-Windows-Sysmon,2,,['mordorDataset'],Microsoft-Windows-Sysmon/Operational,{5770385F-C22A-43E0-BF4C-06F5698FFBD9},13,304173,WORKSTATION6.theshire.local,,,,2752,im_msvistalog,53997,,2020-08-05 02:10:07,,,INFO,3240,,0,2020-08-05T06:10:07.835Z,13,,SetValue,2020-08-05 02:10:07,,,,S-1-5-18,,{7d3be4b5-0df0-5f2a-4500-000000000400},,-,NT AUTHORITY,SYSTEM,C:\windows\System32\svchost.exe,User,,INFO,HKLM\SOFTWARE\Microsoft\Windows\CurrentVersion\Diagnostics\DiagTrack\HeartBeats\EndpointErrors\7\Value,,,,,,,,,,,,,,,,,,,,,,,,,,,,,,,,,,,,,,,,,,,,,,,,,,,,,,,,DWORD (0x00000000),,,,,,,,,,,,,,,,,,,,,,,,,,,,,,,,,,,,,0,0,0,1,1,0,2,True
2020-08-05 06:10:07,277,1,-9223372036854775808,4456,2,,wec.internal.cloudapp.net,,"Registry object added or deleted:
RuleName: -
EventType: CreateKey
UtcTime: 2020-08-05 06:10:07.100
ProcessGuid: {7d3be4b5-0df0-5f2a-4500-000000000400}
ProcessId: 2752
Image: C:\windows\System32\svchost.exe
TargetObject: HKLM\SOFTWARE\Microsoft\Windows\CurrentVersion\Diagnostics\DiagTrack\HeartBeats\EndpointErrors\8",eventlog,Microsoft-Windows-Sysmon,2,,['mordorDataset'],Microsoft-Windows-Sysmon/Operational,{5770385F-C22A-43E0-BF4C-06F5698FFBD9},12,304174,WORKSTATION6.theshire.local,,,,2752,im_msvistalog,53997,,2020-08-05 02:10:07,,,INFO,3240,,0,2020-08-05T06:10:07.835Z,12,,CreateKey,2020-08-05 02:10:07,,,,S-1-5-18,,{7d3be4b5-0df0-5f2a-4500-000000000400},,-,NT AUTHORITY,SYSTEM,C:\windows\System32\svchost.exe,User,,INFO,HKLM\SOFTWARE\Microsoft\Windows\CurrentVersion\Diagnostics\DiagTrack\HeartBeats\EndpointErrors\8,,,,,,,,,,,,,,,,,,,,,,,,,,,,,,,,,,,,,,,,,,,,,,,,,,,,,,,,,,,,,,,,,,,,,,,,,,,,,,,,,,,,,,,,,,,,,0,0,0,1,1,0,2,True
2020-08-05 06:10:07,259,1,-9223372036854775808,4456,2,,wec.internal.cloudapp.net,,"Registry value set:
RuleName: -
EventType: SetValue
UtcTime: 2020-08-05 06:10:07.100
ProcessGuid: {7d3be4b5-0df0-5f2a-4500-000000000400}
ProcessId: 2752
Image: C:\windows\System32\svchost.exe
TargetObject: HKLM\SOFTWARE\Microsoft\Windows\CurrentVersion\Diagnostics\DiagTrack\HeartBeats\EndpointErrors\5\Value
Details: DWORD (0x00000000)",eventlog,Microsoft-Windows-Sysmon,2,,['mordorDataset'],Microsoft-Windows-Sysmon/Operational,{5770385F-C22A-43E0-BF4C-06F5698FFBD9},13,304165,WORKSTATION6.theshire.local,,,,2752,im_msvistalog,53997,,2020-08-05 02:10:07,,,INFO,3240,,0,2020-08-05T06:10:07.831Z,13,,SetValue,2020-08-05 02:10:07,,,,S-1-5-18,,{7d3be4b5-0df0-5f2a-4500-000000000400},,-,NT AUTHORITY,SYSTEM,C:\windows\System32\svchost.exe,User,,INFO,HKLM\SOFTWARE\Microsoft\Windows\CurrentVersion\Diagnostics\DiagTrack\HeartBeats\EndpointErrors\5\Value,,,,,,,,,,,,,,,,,,,,,,,,,,,,,,,,,,,,,,,,,,,,,,,,,,,,,,,,DWORD (0x00000000),,,,,,,,,,,,,,,,,,,,,,,,,,,,,,,,,,,,,0,0,0,1,1,0,2,True
2020-08-05 06:10:07,279,1,-9223372036854775808,4456,2,,wec.internal.cloudapp.net,,"Registry value set:
RuleName: -
EventType: SetValue
UtcTime: 2020-08-05 06:10:07.100
ProcessGuid: {7d3be4b5-0df0-5f2a-4500-000000000400}
ProcessId: 2752
Image: C:\windows\System32\svchost.exe
TargetObject: HKLM\SOFTWARE\Microsoft\Windows\CurrentVersion\Diagnostics\DiagTrack\HeartBeats\EndpointErrors\8\Name
Details: (Empty)",eventlog,Microsoft-Windows-Sysmon,2,,['mordorDataset'],Microsoft-Windows-Sysmon/Operational,{5770385F-C22A-43E0-BF4C-06F5698FFBD9},13,304175,WORKSTATION6.theshire.local,,,,2752,im_msvistalog,53997,,2020-08-05 02:10:07,,,INFO,3240,,0,2020-08-05T06:10:07.836Z,13,,SetValue,2020-08-05 02:10:07,,,,S-1-5-18,,{7d3be4b5-0df0-5f2a-4500-000000000400},,-,NT AUTHORITY,SYSTEM,C:\windows\System32\svchost.exe,User,,INFO,HKLM\SOFTWARE\Microsoft\Windows\CurrentVersion\Diagnostics\DiagTrack\HeartBeats\EndpointErrors\8\Name,,,,,,,,,,,,,,,,,,,,,,,,,,,,,,,,,,,,,,,,,,,,,,,,,,,,,,,,(Empty),,,,,,,,,,,,,,,,,,,,,,,,,,,,,,,,,,,,,0,0,0,1,1,0,2,True
2020-08-05 06:10:07,282,1,-9223372036854775808,4456,2,,wec.internal.cloudapp.net,,"Registry value set:
RuleName: -
EventType: SetValue
UtcTime: 2020-08-05 06:10:07.100
ProcessGuid: {7d3be4b5-0df0-5f2a-4500-000000000400}
ProcessId: 2752
Image: C:\windows\System32\svchost.exe
TargetObject: HKLM\SOFTWARE\Microsoft\Windows\CurrentVersion\Diagnostics\DiagTrack\HeartBeats\EndpointErrors\8\Value
Details: DWORD (0x00000000)",eventlog,Microsoft-Windows-Sysmon,2,,['mordorDataset'],Microsoft-Windows-Sysmon/Operational,{5770385F-C22A-43E0-BF4C-06F5698FFBD9},13,304177,WORKSTATION6.theshire.local,,,,2752,im_msvistalog,53997,,2020-08-05 02:10:07,,,INFO,3240,,0,2020-08-05T06:10:07.836Z,13,,SetValue,2020-08-05 02:10:07,,,,S-1-5-18,,{7d3be4b5-0df0-5f2a-4500-000000000400},,-,NT AUTHORITY,SYSTEM,C:\windows\System32\svchost.exe,User,,INFO,HKLM\SOFTWARE\Microsoft\Windows\CurrentVersion\Diagnostics\DiagTrack\HeartBeats\EndpointErrors\8\Value,,,,,,,,,,,,,,,,,,,,,,,,,,,,,,,,,,,,,,,,,,,,,,,,,,,,,,,,DWORD (0x00000000),,,,,,,,,,,,,,,,,,,,,,,,,,,,,,,,,,,,,0,0,0,1,1,0,2,True
