2020-08-05 06:10:09,539,1,-9223372036854775808,4452,2,,wec.internal.cloudapp.net,,"Registry object added or deleted:
RuleName: -
EventType: CreateKey
UtcTime: 2020-08-05 06:10:09.197
ProcessGuid: {8715b604-0df2-5f2a-4900-000000000400}
ProcessId: 3356
Image: C:\windows\System32\svchost.exe
TargetObject: HKLM\SOFTWARE\Microsoft\Windows\CurrentVersion\Diagnostics\DiagTrack\HeartBeats\EndpointErrors\3",eventlog,Microsoft-Windows-Sysmon,2,,['mordorDataset'],Microsoft-Windows-Sysmon/Operational,{5770385F-C22A-43E0-BF4C-06F5698FFBD9},12,480061,WORKSTATION5.theshire.local,,,,3356,im_msvistalog,53997,,2020-08-05 02:10:09,,,INFO,3484,,0,2020-08-05T06:10:09.911Z,12,,CreateKey,2020-08-05 02:10:09,,,,S-1-5-18,,{8715b604-0df2-5f2a-4900-000000000400},,-,NT AUTHORITY,SYSTEM,C:\windows\System32\svchost.exe,User,,INFO,HKLM\SOFTWARE\Microsoft\Windows\CurrentVersion\Diagnostics\DiagTrack\HeartBeats\EndpointErrors\3,,,,,,,,,,,,,,,,,,,,,,,,,,,,,,,,,,,,,,,,,,,,,,,,,,,,,,,,,,,,,,,,,,,,,,,,,,,,,,,,,,,,,,,,,,,,,0,0,0,1,1,0,2,True
2020-08-05 06:10:09,540,1,-9223372036854775808,4452,2,,wec.internal.cloudapp.net,,"Registry value set:
RuleName: -
EventType: SetValue
UtcTime: 2020-08-05 06:10:09.197
ProcessGuid: {8715b604-0df2-5f2a-4900-000000000400}
ProcessId: 3356
Image: C:\windows\System32\svchost.exe
TargetObject: HKLM\SOFTWARE\Microsoft\Windows\CurrentVersion\Diagnostics\DiagTrack\HeartBeats\EndpointErrors\3\Name
Details: (Empty)",eventlog,Microsoft-Windows-Sysmon,2,,['mordorDataset'],Microsoft-Windows-Sysmon/Operational,{5770385F-C22A-43E0-BF4C-06F5698FFBD9},13,480062,WORKSTATION5.theshire.local,,,,3356,im_msvistalog,53997,,2020-08-05 02:10:09,,,INFO,3484,,0,2020-08-05T06:10:09.911Z,13,,SetValue,2020-08-05 02:10:09,,,,S-1-5-18,,{8715b604-0df2-5f2a-4900-000000000400},,-,NT AUTHORITY,SYSTEM,C:\windows\System32\svchost.exe,User,,INFO,HKLM\SOFTWARE\Microsoft\Windows\CurrentVersion\Diagnostics\DiagTrack\HeartBeats\EndpointErrors\3\Name,,,,,,,,,,,,,,,,,,,,,,,,,,,,,,,,,,,,,,,,,,,,,,,,,,,,,,,,(Empty),,,,,,,,,,,,,,,,,,,,,,,,,,,,,,,,,,,,,0,0,0,1,1,0,2,True
2020-08-05 06:10:09,541,1,-9223372036854775808,4452,2,,wec.internal.cloudapp.net,,"Registry object added or deleted:
RuleName: -
EventType: CreateKey
UtcTime: 2020-08-05 06:10:09.197
ProcessGuid: {8715b604-0df2-5f2a-4900-000000000400}
ProcessId: 3356
Image: C:\windows\System32\svchost.exe
TargetObject: HKLM\SOFTWARE\Microsoft\Windows\CurrentVersion\Diagnostics\DiagTrack\HeartBeats\EndpointErrors\3",eventlog,Microsoft-Windows-Sysmon,2,,['mordorDataset'],Microsoft-Windows-Sysmon/Operational,{5770385F-C22A-43E0-BF4C-06F5698FFBD9},12,480063,WORKSTATION5.theshire.local,,,,3356,im_msvistalog,53997,,2020-08-05 02:10:09,,,INFO,3484,,0,2020-08-05T06:10:09.911Z,12,,CreateKey,2020-08-05 02:10:09,,,,S-1-5-18,,{8715b604-0df2-5f2a-4900-000000000400},,-,NT AUTHORITY,SYSTEM,C:\windows\System32\svchost.exe,User,,INFO,HKLM\SOFTWARE\Microsoft\Windows\CurrentVersion\Diagnostics\DiagTrack\HeartBeats\EndpointErrors\3,,,,,,,,,,,,,,,,,,,,,,,,,,,,,,,,,,,,,,,,,,,,,,,,,,,,,,,,,,,,,,,,,,,,,,,,,,,,,,,,,,,,,,,,,,,,,0,0,0,1,1,0,2,True
2020-08-05 06:10:09,543,1,-9223372036854775808,4452,2,,wec.internal.cloudapp.net,,"Registry object added or deleted:
RuleName: -
EventType: CreateKey
UtcTime: 2020-08-05 06:10:09.197
ProcessGuid: {8715b604-0df2-5f2a-4900-000000000400}
ProcessId: 3356
Image: C:\windows\System32\svchost.exe
TargetObject: HKLM\SOFTWARE\Microsoft\Windows\CurrentVersion\Diagnostics\DiagTrack\HeartBeats\EndpointErrors\4",eventlog,Microsoft-Windows-Sysmon,2,,['mordorDataset'],Microsoft-Windows-Sysmon/Operational,{5770385F-C22A-43E0-BF4C-06F5698FFBD9},12,480065,WORKSTATION5.theshire.local,,,,3356,im_msvistalog,53997,,2020-08-05 02:10:09,,,INFO,3484,,0,2020-08-05T06:10:09.912Z,12,,CreateKey,2020-08-05 02:10:09,,,,S-1-5-18,,{8715b604-0df2-5f2a-4900-000000000400},,-,NT AUTHORITY,SYSTEM,C:\windows\System32\svchost.exe,User,,INFO,HKLM\SOFTWARE\Microsoft\Windows\CurrentVersion\Diagnostics\DiagTrack\HeartBeats\EndpointErrors\4,,,,,,,,,,,,,,,,,,,,,,,,,,,,,,,,,,,,,,,,,,,,,,,,,,,,,,,,,,,,,,,,,,,,,,,,,,,,,,,,,,,,,,,,,,,,,0,0,0,1,1,0,2,True
2020-08-05 06:10:09,527,1,-9223372036854775808,4456,2,,wec.internal.cloudapp.net,,"Registry value set:
RuleName: -
EventType: SetValue
UtcTime: 2020-08-05 06:10:09.539
ProcessGuid: {7d3be4b5-0de9-5f2a-0c00-000000000400}
ProcessId: 748
Image: C:\windows\system32\lsass.exe
TargetObject: HKLM\System\CurrentControlSet\Services\W32Time\SecureTimeLimits\RunTime\SecureTimeConfidence
Details: DWORD (0x00000006)",eventlog,Microsoft-Windows-Sysmon,2,,['mordorDataset'],Microsoft-Windows-Sysmon/Operational,{5770385F-C22A-43E0-BF4C-06F5698FFBD9},13,304330,WORKSTATION6.theshire.local,,,,748,im_msvistalog,53997,,2020-08-05 02:10:09,,,INFO,3240,,0,2020-08-05T06:10:09.908Z,13,,SetValue,2020-08-05 02:10:09,,,,S-1-5-18,,{7d3be4b5-0de9-5f2a-0c00-000000000400},,-,NT AUTHORITY,SYSTEM,C:\windows\system32\lsass.exe,User,,INFO,HKLM\System\CurrentControlSet\Services\W32Time\SecureTimeLimits\RunTime\SecureTimeConfidence,,,,,,,,,,,,,,,,,,,,,,,,,,,,,,,,,,,,,,,,,,,,,,,,,,,,,,,,DWORD (0x00000006),,,,,,,,,,,,,,,,,,,,,,,,,,,,,,,,,,,,,0,0,0,1,1,0,2,True
2020-08-05 06:10:09,506,1,-9223372036854775808,4456,2,,wec.internal.cloudapp.net,,"Registry value set:
RuleName: -
EventType: SetValue
UtcTime: 2020-08-05 06:10:09.539
ProcessGuid: {7d3be4b5-0de9-5f2a-0c00-000000000400}
ProcessId: 748
Image: C:\windows\system32\lsass.exe
TargetObject: HKLM\System\CurrentControlSet\Services\W32Time\SecureTimeLimits\SecureTimeHigh
Details: QWORD (0x01d66af7-0x73ce0d5a)",eventlog,Microsoft-Windows-Sysmon,2,,['mordorDataset'],Microsoft-Windows-Sysmon/Operational,{5770385F-C22A-43E0-BF4C-06F5698FFBD9},13,304319,WORKSTATION6.theshire.local,,,,748,im_msvistalog,53997,,2020-08-05 02:10:09,,,INFO,3240,,0,2020-08-05T06:10:09.902Z,13,,SetValue,2020-08-05 02:10:09,,,,S-1-5-18,,{7d3be4b5-0de9-5f2a-0c00-000000000400},,-,NT AUTHORITY,SYSTEM,C:\windows\system32\lsass.exe,User,,INFO,HKLM\System\CurrentControlSet\Services\W32Time\SecureTimeLimits\SecureTimeHigh,,,,,,,,,,,,,,,,,,,,,,,,,,,,,,,,,,,,,,,,,,,,,,,,,,,,,,,,QWORD (0x01d66af7-0x73ce0d5a),,,,,,,,,,,,,,,,,,,,,,,,,,,,,,,,,,,,,0,0,0,1,1,0,2,True
2020-08-05 06:10:09,526,1,-9223372036854775808,4452,2,,wec.internal.cloudapp.net,,"Registry object added or deleted:
RuleName: -
EventType: CreateKey
UtcTime: 2020-08-05 06:10:09.196
ProcessGuid: {8715b604-0df2-5f2a-4900-000000000400}
ProcessId: 3356
Image: C:\windows\System32\svchost.exe
TargetObject: HKLM\SOFTWARE\Microsoft\Windows\CurrentVersion\Diagnostics\DiagTrack\HeartBeats\EndpointErrors\0",eventlog,Microsoft-Windows-Sysmon,2,,['mordorDataset'],Microsoft-Windows-Sysmon/Operational,{5770385F-C22A-43E0-BF4C-06F5698FFBD9},12,480049,WORKSTATION5.theshire.local,,,,3356,im_msvistalog,53997,,2020-08-05 02:10:09,,,INFO,3484,,0,2020-08-05T06:10:09.908Z,12,,CreateKey,2020-08-05 02:10:09,,,,S-1-5-18,,{8715b604-0df2-5f2a-4900-000000000400},,-,NT AUTHORITY,SYSTEM,C:\windows\System32\svchost.exe,User,,INFO,HKLM\SOFTWARE\Microsoft\Windows\CurrentVersion\Diagnostics\DiagTrack\HeartBeats\EndpointErrors\0,,,,,,,,,,,,,,,,,,,,,,,,,,,,,,,,,,,,,,,,,,,,,,,,,,,,,,,,,,,,,,,,,,,,,,,,,,,,,,,,,,,,,,,,,,,,,0,0,0,1,1,0,2,True
2020-08-05 06:10:09,524,1,-9223372036854775808,4456,2,,wec.internal.cloudapp.net,,"Registry object added or deleted:
RuleName: -
EventType: CreateKey
UtcTime: 2020-08-05 06:10:09.539
ProcessGuid: {7d3be4b5-0de9-5f2a-0c00-000000000400}
ProcessId: 748
Image: C:\windows\system32\lsass.exe
TargetObject: HKLM\System\CurrentControlSet\Services\W32Time\SecureTimeLimits\RunTime",eventlog,Microsoft-Windows-Sysmon,2,,['mordorDataset'],Microsoft-Windows-Sysmon/Operational,{5770385F-C22A-43E0-BF4C-06F5698FFBD9},12,304328,WORKSTATION6.theshire.local,,,,748,im_msvistalog,53997,,2020-08-05 02:10:09,,,INFO,3240,,0,2020-08-05T06:10:09.907Z,12,,CreateKey,2020-08-05 02:10:09,,,,S-1-5-18,,{7d3be4b5-0de9-5f2a-0c00-000000000400},,-,NT AUTHORITY,SYSTEM,C:\windows\system32\lsass.exe,User,,INFO,HKLM\System\CurrentControlSet\Services\W32Time\SecureTimeLimits\RunTime,,,,,,,,,,,,,,,,,,,,,,,,,,,,,,,,,,,,,,,,,,,,,,,,,,,,,,,,,,,,,,,,,,,,,,,,,,,,,,,,,,,,,,,,,,,,,0,0,0,1,1,0,2,True
2020-08-05 06:10:09,508,1,-9223372036854775808,4456,2,,wec.internal.cloudapp.net,,"Registry value set:
RuleName: -
EventType: SetValue
UtcTime: 2020-08-05 06:10:09.539
ProcessGuid: {7d3be4b5-0de9-5f2a-0c00-000000000400}
ProcessId: 748
Image: C:\windows\system32\lsass.exe
TargetObject: HKLM\System\CurrentControlSet\Services\W32Time\SecureTimeLimits\SecureTimeEstimated
Details: QWORD (0x01d66aef-0x1209a55a)",eventlog,Microsoft-Windows-Sysmon,2,,['mordorDataset'],Microsoft-Windows-Sysmon/Operational,{5770385F-C22A-43E0-BF4C-06F5698FFBD9},13,304320,WORKSTATION6.theshire.local,,,,748,im_msvistalog,53997,,2020-08-05 02:10:09,,,INFO,3240,,0,2020-08-05T06:10:09.903Z,13,,SetValue,2020-08-05 02:10:09,,,,S-1-5-18,,{7d3be4b5-0de9-5f2a-0c00-000000000400},,-,NT AUTHORITY,SYSTEM,C:\windows\system32\lsass.exe,User,,INFO,HKLM\System\CurrentControlSet\Services\W32Time\SecureTimeLimits\SecureTimeEstimated,,,,,,,,,,,,,,,,,,,,,,,,,,,,,,,,,,,,,,,,,,,,,,,,,,,,,,,,QWORD (0x01d66aef-0x1209a55a),,,,,,,,,,,,,,,,,,,,,,,,,,,,,,,,,,,,,0,0,0,1,1,0,2,True
2020-08-05 06:10:09,509,1,-9223372036854775808,4452,2,,wec.internal.cloudapp.net,,"Registry object added or deleted:
RuleName: -
EventType: CreateKey
UtcTime: 2020-08-05 06:10:09.196
ProcessGuid: {8715b604-0df2-5f2a-4900-000000000400}
ProcessId: 3356
Image: C:\windows\System32\svchost.exe
TargetObject: HKLM\SOFTWARE",eventlog,Microsoft-Windows-Sysmon,2,,['mordorDataset'],Microsoft-Windows-Sysmon/Operational,{5770385F-C22A-43E0-BF4C-06F5698FFBD9},12,480041,WORKSTATION5.theshire.local,,,,3356,im_msvistalog,53997,,2020-08-05 02:10:09,,,INFO,3484,,0,2020-08-05T06:10:09.903Z,12,,CreateKey,2020-08-05 02:10:09,,,,S-1-5-18,,{8715b604-0df2-5f2a-4900-000000000400},,-,NT AUTHORITY,SYSTEM,C:\windows\System32\svchost.exe,User,,INFO,HKLM\SOFTWARE,,,,,,,,,,,,,,,,,,,,,,,,,,,,,,,,,,,,,,,,,,,,,,,,,,,,,,,,,,,,,,,,,,,,,,,,,,,,,,,,,,,,,,,,,,,,,0,0,0,1,1,0,2,True
2020-08-05 06:10:09,510,1,-9223372036854775808,4456,2,,wec.internal.cloudapp.net,,"Registry value set:
RuleName: -
EventType: SetValue
UtcTime: 2020-08-05 06:10:09.539
ProcessGuid: {7d3be4b5-0de9-5f2a-0c00-000000000400}
ProcessId: 748
Image: C:\windows\system32\lsass.exe
TargetObject: HKLM\System\CurrentControlSet\Services\W32Time\SecureTimeLimits\SecureTimeLow
Details: QWORD (0x01d66ae6-0xb0453d5a)",eventlog,Microsoft-Windows-Sysmon,2,,['mordorDataset'],Microsoft-Windows-Sysmon/Operational,{5770385F-C22A-43E0-BF4C-06F5698FFBD9},13,304321,WORKSTATION6.theshire.local,,,,748,im_msvistalog,53997,,2020-08-05 02:10:09,,,INFO,3240,,0,2020-08-05T06:10:09.903Z,13,,SetValue,2020-08-05 02:10:09,,,,S-1-5-18,,{7d3be4b5-0de9-5f2a-0c00-000000000400},,-,NT AUTHORITY,SYSTEM,C:\windows\system32\lsass.exe,User,,INFO,HKLM\System\CurrentControlSet\Services\W32Time\SecureTimeLimits\SecureTimeLow,,,,,,,,,,,,,,,,,,,,,,,,,,,,,,,,,,,,,,,,,,,,,,,,,,,,,,,,QWORD (0x01d66ae6-0xb0453d5a),,,,,,,,,,,,,,,,,,,,,,,,,,,,,,,,,,,,,0,0,0,1,1,0,2,True
2020-08-05 06:10:09,511,1,-9223372036854775808,4452,2,,wec.internal.cloudapp.net,,"Registry object added or deleted:
RuleName: -
EventType: CreateKey
UtcTime: 2020-08-05 06:10:09.196
ProcessGuid: {8715b604-0df2-5f2a-4900-000000000400}
ProcessId: 3356
Image: C:\windows\System32\svchost.exe
TargetObject: HKLM\SOFTWARE\Microsoft",eventlog,Microsoft-Windows-Sysmon,2,,['mordorDataset'],Microsoft-Windows-Sysmon/Operational,{5770385F-C22A-43E0-BF4C-06F5698FFBD9},12,480042,WORKSTATION5.theshire.local,,,,3356,im_msvistalog,53997,,2020-08-05 02:10:09,,,INFO,3484,,0,2020-08-05T06:10:09.904Z,12,,CreateKey,2020-08-05 02:10:09,,,,S-1-5-18,,{8715b604-0df2-5f2a-4900-000000000400},,-,NT AUTHORITY,SYSTEM,C:\windows\System32\svchost.exe,User,,INFO,HKLM\SOFTWARE\Microsoft,,,,,,,,,,,,,,,,,,,,,,,,,,,,,,,,,,,,,,,,,,,,,,,,,,,,,,,,,,,,,,,,,,,,,,,,,,,,,,,,,,,,,,,,,,,,,0,0,0,1,1,0,2,True
2020-08-05 06:10:09,512,1,-9223372036854775808,4456,2,,wec.internal.cloudapp.net,,"Registry object added or deleted:
RuleName: -
EventType: CreateKey
UtcTime: 2020-08-05 06:10:09.539
ProcessGuid: {7d3be4b5-0de9-5f2a-0c00-000000000400}
ProcessId: 748
Image: C:\windows\system32\lsass.exe
TargetObject: HKLM\System\CurrentControlSet\Services\W32Time\SecureTimeLimits\RunTime",eventlog,Microsoft-Windows-Sysmon,2,,['mordorDataset'],Microsoft-Windows-Sysmon/Operational,{5770385F-C22A-43E0-BF4C-06F5698FFBD9},12,304322,WORKSTATION6.theshire.local,,,,748,im_msvistalog,53997,,2020-08-05 02:10:09,,,INFO,3240,,0,2020-08-05T06:10:09.904Z,12,,CreateKey,2020-08-05 02:10:09,,,,S-1-5-18,,{7d3be4b5-0de9-5f2a-0c00-000000000400},,-,NT AUTHORITY,SYSTEM,C:\windows\system32\lsass.exe,User,,INFO,HKLM\System\CurrentControlSet\Services\W32Time\SecureTimeLimits\RunTime,,,,,,,,,,,,,,,,,,,,,,,,,,,,,,,,,,,,,,,,,,,,,,,,,,,,,,,,,,,,,,,,,,,,,,,,,,,,,,,,,,,,,,,,,,,,,0,0,0,1,1,0,2,True
2020-08-05 06:10:09,513,1,-9223372036854775808,4452,2,,wec.internal.cloudapp.net,,"Registry object added or deleted:
RuleName: -
EventType: CreateKey
UtcTime: 2020-08-05 06:10:09.196
ProcessGuid: {8715b604-0df2-5f2a-4900-000000000400}
ProcessId: 3356
Image: C:\windows\System32\svchost.exe
TargetObject: HKLM\SOFTWARE\Microsoft\Windows",eventlog,Microsoft-Windows-Sysmon,2,,['mordorDataset'],Microsoft-Windows-Sysmon/Operational,{5770385F-C22A-43E0-BF4C-06F5698FFBD9},12,480043,WORKSTATION5.theshire.local,,,,3356,im_msvistalog,53997,,2020-08-05 02:10:09,,,INFO,3484,,0,2020-08-05T06:10:09.904Z,12,,CreateKey,2020-08-05 02:10:09,,,,S-1-5-18,,{8715b604-0df2-5f2a-4900-000000000400},,-,NT AUTHORITY,SYSTEM,C:\windows\System32\svchost.exe,User,,INFO,HKLM\SOFTWARE\Microsoft\Windows,,,,,,,,,,,,,,,,,,,,,,,,,,,,,,,,,,,,,,,,,,,,,,,,,,,,,,,,,,,,,,,,,,,,,,,,,,,,,,,,,,,,,,,,,,,,,0,0,0,1,1,0,2,True
2020-08-05 06:10:09,514,1,-9223372036854775808,4456,2,,wec.internal.cloudapp.net,,"Registry value set:
RuleName: -
EventType: SetValue
UtcTime: 2020-08-05 06:10:09.539
ProcessGuid: {7d3be4b5-0de9-5f2a-0c00-000000000400}
ProcessId: 748
Image: C:\windows\system32\lsass.exe
TargetObject: HKLM\System\CurrentControlSet\Services\W32Time\SecureTimeLimits\RunTime\SecureTimeTickCount
Details: QWORD (0x00000000-0x00f79345)",eventlog,Microsoft-Windows-Sysmon,2,,['mordorDataset'],Microsoft-Windows-Sysmon/Operational,{5770385F-C22A-43E0-BF4C-06F5698FFBD9},13,304323,WORKSTATION6.theshire.local,,,,748,im_msvistalog,53997,,2020-08-05 02:10:09,,,INFO,3240,,0,2020-08-05T06:10:09.905Z,13,,SetValue,2020-08-05 02:10:09,,,,S-1-5-18,,{7d3be4b5-0de9-5f2a-0c00-000000000400},,-,NT AUTHORITY,SYSTEM,C:\windows\system32\lsass.exe,User,,INFO,HKLM\System\CurrentControlSet\Services\W32Time\SecureTimeLimits\RunTime\SecureTimeTickCount,,,,,,,,,,,,,,,,,,,,,,,,,,,,,,,,,,,,,,,,,,,,,,,,,,,,,,,,QWORD (0x00000000-0x00f79345),,,,,,,,,,,,,,,,,,,,,,,,,,,,,,,,,,,,,0,0,0,1,1,0,2,True
2020-08-05 06:10:09,525,1,-9223372036854775808,4456,2,,wec.internal.cloudapp.net,,"Registry value set:
RuleName: -
EventType: SetValue
UtcTime: 2020-08-05 06:10:09.539
ProcessGuid: {7d3be4b5-0de9-5f2a-0c00-000000000400}
ProcessId: 748
Image: C:\windows\system32\lsass.exe
TargetObject: HKLM\System\CurrentControlSet\Services\W32Time\SecureTimeLimits\RunTime\SecureTimeTickCount
Details: QWORD (0x00000000-0x00f79345)",eventlog,Microsoft-Windows-Sysmon,2,,['mordorDataset'],Microsoft-Windows-Sysmon/Operational,{5770385F-C22A-43E0-BF4C-06F5698FFBD9},13,304329,WORKSTATION6.theshire.local,,,,748,im_msvistalog,53997,,2020-08-05 02:10:09,,,INFO,3240,,0,2020-08-05T06:10:09.907Z,13,,SetValue,2020-08-05 02:10:09,,,,S-1-5-18,,{7d3be4b5-0de9-5f2a-0c00-000000000400},,-,NT AUTHORITY,SYSTEM,C:\windows\system32\lsass.exe,User,,INFO,HKLM\System\CurrentControlSet\Services\W32Time\SecureTimeLimits\RunTime\SecureTimeTickCount,,,,,,,,,,,,,,,,,,,,,,,,,,,,,,,,,,,,,,,,,,,,,,,,,,,,,,,,QWORD (0x00000000-0x00f79345),,,,,,,,,,,,,,,,,,,,,,,,,,,,,,,,,,,,,0,0,0,1,1,0,2,True
2020-08-05 06:10:09,515,1,-9223372036854775808,4452,2,,wec.internal.cloudapp.net,,"Registry object added or deleted:
RuleName: -
EventType: CreateKey
UtcTime: 2020-08-05 06:10:09.196
ProcessGuid: {8715b604-0df2-5f2a-4900-000000000400}
ProcessId: 3356
Image: C:\windows\System32\svchost.exe
TargetObject: HKLM\SOFTWARE\Microsoft\Windows\CurrentVersion",eventlog,Microsoft-Windows-Sysmon,2,,['mordorDataset'],Microsoft-Windows-Sysmon/Operational,{5770385F-C22A-43E0-BF4C-06F5698FFBD9},12,480044,WORKSTATION5.theshire.local,,,,3356,im_msvistalog,53997,,2020-08-05 02:10:09,,,INFO,3484,,0,2020-08-05T06:10:09.905Z,12,,CreateKey,2020-08-05 02:10:09,,,,S-1-5-18,,{8715b604-0df2-5f2a-4900-000000000400},,-,NT AUTHORITY,SYSTEM,C:\windows\System32\svchost.exe,User,,INFO,HKLM\SOFTWARE\Microsoft\Windows\CurrentVersion,,,,,,,,,,,,,,,,,,,,,,,,,,,,,,,,,,,,,,,,,,,,,,,,,,,,,,,,,,,,,,,,,,,,,,,,,,,,,,,,,,,,,,,,,,,,,0,0,0,1,1,0,2,True
2020-08-05 06:10:09,517,1,-9223372036854775808,4452,2,,wec.internal.cloudapp.net,,"Registry object added or deleted:
RuleName: -
EventType: CreateKey
UtcTime: 2020-08-05 06:10:09.196
ProcessGuid: {8715b604-0df2-5f2a-4900-000000000400}
ProcessId: 3356
Image: C:\windows\System32\svchost.exe
TargetObject: HKLM\SOFTWARE\Microsoft\Windows\CurrentVersion\Diagnostics",eventlog,Microsoft-Windows-Sysmon,2,,['mordorDataset'],Microsoft-Windows-Sysmon/Operational,{5770385F-C22A-43E0-BF4C-06F5698FFBD9},12,480045,WORKSTATION5.theshire.local,,,,3356,im_msvistalog,53997,,2020-08-05 02:10:09,,,INFO,3484,,0,2020-08-05T06:10:09.905Z,12,,CreateKey,2020-08-05 02:10:09,,,,S-1-5-18,,{8715b604-0df2-5f2a-4900-000000000400},,-,NT AUTHORITY,SYSTEM,C:\windows\System32\svchost.exe,User,,INFO,HKLM\SOFTWARE\Microsoft\Windows\CurrentVersion\Diagnostics,,,,,,,,,,,,,,,,,,,,,,,,,,,,,,,,,,,,,,,,,,,,,,,,,,,,,,,,,,,,,,,,,,,,,,,,,,,,,,,,,,,,,,,,,,,,,0,0,0,1,1,0,2,True
2020-08-05 06:10:09,518,1,-9223372036854775808,4456,2,,wec.internal.cloudapp.net,,"Registry value set:
RuleName: -
EventType: SetValue
UtcTime: 2020-08-05 06:10:09.539
ProcessGuid: {7d3be4b5-0de9-5f2a-0c00-000000000400}
ProcessId: 748
Image: C:\windows\system32\lsass.exe
TargetObject: HKLM\System\CurrentControlSet\Services\W32Time\SecureTimeLimits\SecureTimeHigh
Details: QWORD (0x01d66af7-0x73ce0d5a)",eventlog,Microsoft-Windows-Sysmon,2,,['mordorDataset'],Microsoft-Windows-Sysmon/Operational,{5770385F-C22A-43E0-BF4C-06F5698FFBD9},13,304325,WORKSTATION6.theshire.local,,,,748,im_msvistalog,53997,,2020-08-05 02:10:09,,,INFO,3240,,0,2020-08-05T06:10:09.905Z,13,,SetValue,2020-08-05 02:10:09,,,,S-1-5-18,,{7d3be4b5-0de9-5f2a-0c00-000000000400},,-,NT AUTHORITY,SYSTEM,C:\windows\system32\lsass.exe,User,,INFO,HKLM\System\CurrentControlSet\Services\W32Time\SecureTimeLimits\SecureTimeHigh,,,,,,,,,,,,,,,,,,,,,,,,,,,,,,,,,,,,,,,,,,,,,,,,,,,,,,,,QWORD (0x01d66af7-0x73ce0d5a),,,,,,,,,,,,,,,,,,,,,,,,,,,,,,,,,,,,,0,0,0,1,1,0,2,True
2020-08-05 06:10:09,519,1,-9223372036854775808,4452,2,,wec.internal.cloudapp.net,,"Registry object added or deleted:
RuleName: -
EventType: CreateKey
UtcTime: 2020-08-05 06:10:09.196
ProcessGuid: {8715b604-0df2-5f2a-4900-000000000400}
ProcessId: 3356
Image: C:\windows\System32\svchost.exe
TargetObject: HKLM\SOFTWARE\Microsoft\Windows\CurrentVersion\Diagnostics\DiagTrack",eventlog,Microsoft-Windows-Sysmon,2,,['mordorDataset'],Microsoft-Windows-Sysmon/Operational,{5770385F-C22A-43E0-BF4C-06F5698FFBD9},12,480046,WORKSTATION5.theshire.local,,,,3356,im_msvistalog,53997,,2020-08-05 02:10:09,,,INFO,3484,,0,2020-08-05T06:10:09.906Z,12,,CreateKey,2020-08-05 02:10:09,,,,S-1-5-18,,{8715b604-0df2-5f2a-4900-000000000400},,-,NT AUTHORITY,SYSTEM,C:\windows\System32\svchost.exe,User,,INFO,HKLM\SOFTWARE\Microsoft\Windows\CurrentVersion\Diagnostics\DiagTrack,,,,,,,,,,,,,,,,,,,,,,,,,,,,,,,,,,,,,,,,,,,,,,,,,,,,,,,,,,,,,,,,,,,,,,,,,,,,,,,,,,,,,,,,,,,,,0,0,0,1,1,0,2,True
2020-08-05 06:10:09,520,1,-9223372036854775808,4456,2,,wec.internal.cloudapp.net,,"Registry value set:
RuleName: -
EventType: SetValue
UtcTime: 2020-08-05 06:10:09.539
ProcessGuid: {7d3be4b5-0de9-5f2a-0c00-000000000400}
ProcessId: 748
Image: C:\windows\system32\lsass.exe
TargetObject: HKLM\System\CurrentControlSet\Services\W32Time\SecureTimeLimits\SecureTimeEstimated
Details: QWORD (0x01d66aef-0x1209a55a)",eventlog,Microsoft-Windows-Sysmon,2,,['mordorDataset'],Microsoft-Windows-Sysmon/Operational,{5770385F-C22A-43E0-BF4C-06F5698FFBD9},13,304326,WORKSTATION6.theshire.local,,,,748,im_msvistalog,53997,,2020-08-05 02:10:09,,,INFO,3240,,0,2020-08-05T06:10:09.906Z,13,,SetValue,2020-08-05 02:10:09,,,,S-1-5-18,,{7d3be4b5-0de9-5f2a-0c00-000000000400},,-,NT AUTHORITY,SYSTEM,C:\windows\system32\lsass.exe,User,,INFO,HKLM\System\CurrentControlSet\Services\W32Time\SecureTimeLimits\SecureTimeEstimated,,,,,,,,,,,,,,,,,,,,,,,,,,,,,,,,,,,,,,,,,,,,,,,,,,,,,,,,QWORD (0x01d66aef-0x1209a55a),,,,,,,,,,,,,,,,,,,,,,,,,,,,,,,,,,,,,0,0,0,1,1,0,2,True
2020-08-05 06:10:09,521,1,-9223372036854775808,4452,2,,wec.internal.cloudapp.net,,"Registry object added or deleted:
RuleName: -
EventType: CreateKey
UtcTime: 2020-08-05 06:10:09.196
ProcessGuid: {8715b604-0df2-5f2a-4900-000000000400}
ProcessId: 3356
Image: C:\windows\System32\svchost.exe
TargetObject: HKLM\SOFTWARE\Microsoft\Windows\CurrentVersion\Diagnostics\DiagTrack\HeartBeats",eventlog,Microsoft-Windows-Sysmon,2,,['mordorDataset'],Microsoft-Windows-Sysmon/Operational,{5770385F-C22A-43E0-BF4C-06F5698FFBD9},12,480047,WORKSTATION5.theshire.local,,,,3356,im_msvistalog,53997,,2020-08-05 02:10:09,,,INFO,3484,,0,2020-08-05T06:10:09.906Z,12,,CreateKey,2020-08-05 02:10:09,,,,S-1-5-18,,{8715b604-0df2-5f2a-4900-000000000400},,-,NT AUTHORITY,SYSTEM,C:\windows\System32\svchost.exe,User,,INFO,HKLM\SOFTWARE\Microsoft\Windows\CurrentVersion\Diagnostics\DiagTrack\HeartBeats,,,,,,,,,,,,,,,,,,,,,,,,,,,,,,,,,,,,,,,,,,,,,,,,,,,,,,,,,,,,,,,,,,,,,,,,,,,,,,,,,,,,,,,,,,,,,0,0,0,1,1,0,2,True
2020-08-05 06:10:09,522,1,-9223372036854775808,4456,2,,wec.internal.cloudapp.net,,"Registry value set:
RuleName: -
EventType: SetValue
UtcTime: 2020-08-05 06:10:09.539
ProcessGuid: {7d3be4b5-0de9-5f2a-0c00-000000000400}
ProcessId: 748
Image: C:\windows\system32\lsass.exe
TargetObject: HKLM\System\CurrentControlSet\Services\W32Time\SecureTimeLimits\SecureTimeLow
Details: QWORD (0x01d66ae6-0xb0453d5a)",eventlog,Microsoft-Windows-Sysmon,2,,['mordorDataset'],Microsoft-Windows-Sysmon/Operational,{5770385F-C22A-43E0-BF4C-06F5698FFBD9},13,304327,WORKSTATION6.theshire.local,,,,748,im_msvistalog,53997,,2020-08-05 02:10:09,,,INFO,3240,,0,2020-08-05T06:10:09.906Z,13,,SetValue,2020-08-05 02:10:09,,,,S-1-5-18,,{7d3be4b5-0de9-5f2a-0c00-000000000400},,-,NT AUTHORITY,SYSTEM,C:\windows\system32\lsass.exe,User,,INFO,HKLM\System\CurrentControlSet\Services\W32Time\SecureTimeLimits\SecureTimeLow,,,,,,,,,,,,,,,,,,,,,,,,,,,,,,,,,,,,,,,,,,,,,,,,,,,,,,,,QWORD (0x01d66ae6-0xb0453d5a),,,,,,,,,,,,,,,,,,,,,,,,,,,,,,,,,,,,,0,0,0,1,1,0,2,True
2020-08-05 06:10:09,523,1,-9223372036854775808,4452,2,,wec.internal.cloudapp.net,,"Registry object added or deleted:
RuleName: -
EventType: CreateKey
UtcTime: 2020-08-05 06:10:09.196
ProcessGuid: {8715b604-0df2-5f2a-4900-000000000400}
ProcessId: 3356
Image: C:\windows\System32\svchost.exe
TargetObject: HKLM\SOFTWARE\Microsoft\Windows\CurrentVersion\Diagnostics\DiagTrack\HeartBeats\EndpointErrors",eventlog,Microsoft-Windows-Sysmon,2,,['mordorDataset'],Microsoft-Windows-Sysmon/Operational,{5770385F-C22A-43E0-BF4C-06F5698FFBD9},12,480048,WORKSTATION5.theshire.local,,,,3356,im_msvistalog,53997,,2020-08-05 02:10:09,,,INFO,3484,,0,2020-08-05T06:10:09.906Z,12,,CreateKey,2020-08-05 02:10:09,,,,S-1-5-18,,{8715b604-0df2-5f2a-4900-000000000400},,-,NT AUTHORITY,SYSTEM,C:\windows\System32\svchost.exe,User,,INFO,HKLM\SOFTWARE\Microsoft\Windows\CurrentVersion\Diagnostics\DiagTrack\HeartBeats\EndpointErrors,,,,,,,,,,,,,,,,,,,,,,,,,,,,,,,,,,,,,,,,,,,,,,,,,,,,,,,,,,,,,,,,,,,,,,,,,,,,,,,,,,,,,,,,,,,,,0,0,0,1,1,0,2,True
2020-08-05 06:10:09,516,1,-9223372036854775808,4456,2,,wec.internal.cloudapp.net,,"Registry value set:
RuleName: -
EventType: SetValue
UtcTime: 2020-08-05 06:10:09.539
ProcessGuid: {7d3be4b5-0de9-5f2a-0c00-000000000400}
ProcessId: 748
Image: C:\windows\system32\lsass.exe
TargetObject: HKLM\System\CurrentControlSet\Services\W32Time\SecureTimeLimits\RunTime\SecureTimeConfidence
Details: DWORD (0x00000006)",eventlog,Microsoft-Windows-Sysmon,2,,['mordorDataset'],Microsoft-Windows-Sysmon/Operational,{5770385F-C22A-43E0-BF4C-06F5698FFBD9},13,304324,WORKSTATION6.theshire.local,,,,748,im_msvistalog,53997,,2020-08-05 02:10:09,,,INFO,3240,,0,2020-08-05T06:10:09.905Z,13,,SetValue,2020-08-05 02:10:09,,,,S-1-5-18,,{7d3be4b5-0de9-5f2a-0c00-000000000400},,-,NT AUTHORITY,SYSTEM,C:\windows\system32\lsass.exe,User,,INFO,HKLM\System\CurrentControlSet\Services\W32Time\SecureTimeLimits\RunTime\SecureTimeConfidence,,,,,,,,,,,,,,,,,,,,,,,,,,,,,,,,,,,,,,,,,,,,,,,,,,,,,,,,DWORD (0x00000006),,,,,,,,,,,,,,,,,,,,,,,,,,,,,,,,,,,,,0,0,0,1,1,0,2,True
2020-08-05 06:10:10,653,1,-9223372036854775808,4456,3,,wec.internal.cloudapp.net,,"Process accessed:
RuleName: -
UtcTime: 2020-08-05 06:10:10.555
SourceProcessGUID: {7d3be4b5-0dea-5f2a-1000-000000000400}
SourceProcessId: 900
SourceThreadId: 7492
SourceImage: C:\windows\system32\svchost.exe
TargetProcessGUID: {7d3be4b5-0dec-5f2a-1e00-000000000400}
TargetProcessId: 1368
TargetImage: C:\windows\System32\svchost.exe
GrantedAccess: 0x1000
CallTrace: C:\windows\SYSTEM32\ntdll.dll+9c534|C:\windows\SYSTEM32\psmserviceexthost.dll+222a3|C:\windows\SYSTEM32\psmserviceexthost.dll+1a172|C:\windows\SYSTEM32\psmserviceexthost.dll+19e3b|C:\windows\SYSTEM32\psmserviceexthost.dll+19318|C:\windows\SYSTEM32\ntdll.dll+3081d|C:\windows\SYSTEM32\ntdll.dll+345b4|C:\windows\System32\KERNEL32.DLL+17bd4|C:\windows\SYSTEM32\ntdll.dll+6ce51",eventlog,Microsoft-Windows-Sysmon,2,,['mordorDataset'],Microsoft-Windows-Sysmon/Operational,{5770385F-C22A-43E0-BF4C-06F5698FFBD9},10,304335,WORKSTATION6.theshire.local,,,,900,im_msvistalog,53997,,2020-08-05 02:10:10,,,INFO,3240,,0,2020-08-05T06:10:12.927Z,10,,INFO,2020-08-05 02:10:12,,,,S-1-5-18,,,,-,NT AUTHORITY,SYSTEM,,User,,,,,,,,,,,,,,,,,,,,,,,,,,,,,,,,,,,,,,,,,,,,,,,,,,,,,,,,,,,,{7d3be4b5-0dea-5f2a-1000-000000000400},0x1000,1368,{7d3be4b5-0dec-5f2a-1e00-000000000400},C:\windows\System32\svchost.exe,C:\windows\SYSTEM32\ntdll.dll+9c534|C:\windows\SYSTEM32\psmserviceexthost.dll+222a3|C:\windows\SYSTEM32\psmserviceexthost.dll+1a172|C:\windows\SYSTEM32\psmserviceexthost.dll+19e3b|C:\windows\SYSTEM32\psmserviceexthost.dll+19318|C:\windows\SYSTEM32\ntdll.dll+3081d|C:\windows\SYSTEM32\ntdll.dll+345b4|C:\windows\System32\KERNEL32.DLL+17bd4|C:\windows\SYSTEM32\ntdll.dll+6ce51,7492.0,900,C:\windows\system32\svchost.exe,,,,,,,,,,,,,,,,,,,,,,,,,,,,0,0,0,1,1,0,3,True
2020-08-05 06:10:10,654,1,-9223372036854775808,4256,1,,wec.internal.cloudapp.net,,"Pipe Connected:
RuleName: -
EventType: ConnectPipe
UtcTime: 2020-08-05 06:10:10.979
ProcessGuid: {2b437147-0bbd-5f2a-4e00-000000000400}
ProcessId: 3588
PipeName: \lsass
Image: C:\windows\system32\dns.exe",eventlog,Microsoft-Windows-Sysmon,2,,['mordorDataset'],Microsoft-Windows-Sysmon/Operational,{5770385F-C22A-43E0-BF4C-06F5698FFBD9},18,284976,MORDORDC.theshire.local,,,,3588,im_msvistalog,53997,,2020-08-05 02:10:10,,,INFO,3868,,0,2020-08-05T06:10:12.928Z,18,,ConnectPipe,2020-08-05 02:10:12,,,,S-1-5-18,,{2b437147-0bbd-5f2a-4e00-000000000400},,-,NT AUTHORITY,SYSTEM,C:\windows\system32\dns.exe,User,,INFO,,,,,,,,,,,,,,,,,,,,,,,,,,,,,,,,,,,,,,,,,,,,,,,,,,,,,,,,,,,,,,,,,,,,,,,,,,,,,,,,,,,,,,,,,\lsass,,,,,0,0,0,1,1,0,4,True
2020-08-05 06:10:10,648,1,-9223372036854775808,4452,3,,wec.internal.cloudapp.net,,"Process accessed:
RuleName: -
UtcTime: 2020-08-05 06:10:10.461
SourceProcessGUID: {8715b604-0dea-5f2a-0e00-000000000400}
SourceProcessId: 884
SourceThreadId: 1064
SourceImage: C:\windows\system32\svchost.exe
TargetProcessGUID: {8715b604-2975-5f2a-9603-000000000400}
TargetProcessId: 6244
TargetImage: C:\Windows\SystemApps\InputApp_cw5n1h2txyewy\WindowsInternal.ComposableShell.Experiences.TextInput.InputApp.exe
GrantedAccess: 0x1000
CallTrace: C:\windows\SYSTEM32\ntdll.dll+9c534|C:\windows\SYSTEM32\psmserviceexthost.dll+222a3|C:\windows\SYSTEM32\psmserviceexthost.dll+37ea0|C:\windows\SYSTEM32\psmserviceexthost.dll+37929|C:\windows\SYSTEM32\psmserviceexthost.dll+686f8|C:\windows\SYSTEM32\psmserviceexthost.dll+6e84a|C:\windows\SYSTEM32\psmserviceexthost.dll+6f700|C:\windows\SYSTEM32\psmserviceexthost.dll+34be4|C:\windows\SYSTEM32\psmserviceexthost.dll+6f63e|C:\windows\SYSTEM32\psmserviceexthost.dll+713b5|C:\windows\SYSTEM32\psmserviceexthost.dll+50bda|C:\windows\SYSTEM32\psmserviceexthost.dll+4500a|C:\windows\System32\KERNEL32.DLL+17bd4|C:\windows\SYSTEM32\ntdll.dll+6ce51",eventlog,Microsoft-Windows-Sysmon,2,,['mordorDataset'],Microsoft-Windows-Sysmon/Operational,{5770385F-C22A-43E0-BF4C-06F5698FFBD9},10,480139,WORKSTATION5.theshire.local,,,,884,im_msvistalog,53997,,2020-08-05 02:10:10,,,INFO,3484,,0,2020-08-05T06:10:11.929Z,10,,INFO,2020-08-05 02:10:11,,,,S-1-5-18,,,,-,NT AUTHORITY,SYSTEM,,User,,,,,,,,,,,,,,,,,,,,,,,,,,,,,,,,,,,,,,,,,,,,,,,,,,,,,,,,,,,,{8715b604-0dea-5f2a-0e00-000000000400},0x1000,6244,{8715b604-2975-5f2a-9603-000000000400},C:\Windows\SystemApps\InputApp_cw5n1h2txyewy\WindowsInternal.ComposableShell.Experiences.TextInput.InputApp.exe,C:\windows\SYSTEM32\ntdll.dll+9c534|C:\windows\SYSTEM32\psmserviceexthost.dll+222a3|C:\windows\SYSTEM32\psmserviceexthost.dll+37ea0|C:\windows\SYSTEM32\psmserviceexthost.dll+37929|C:\windows\SYSTEM32\psmserviceexthost.dll+686f8|C:\windows\SYSTEM32\psmserviceexthost.dll+6e84a|C:\windows\SYSTEM32\psmserviceexthost.dll+6f700|C:\windows\SYSTEM32\psmserviceexthost.dll+34be4|C:\windows\SYSTEM32\psmserviceexthost.dll+6f63e|C:\windows\SYSTEM32\psmserviceexthost.dll+713b5|C:\windows\SYSTEM32\psmserviceexthost.dll+50bda|C:\windows\SYSTEM32\psmserviceexthost.dll+4500a|C:\windows\System32\KERNEL32.DLL+17bd4|C:\windows\SYSTEM32\ntdll.dll+6ce51,1064.0,884,C:\windows\system32\svchost.exe,,,,,,,,,,,,,,,,,,,,,,,,,,,,0,0,0,1,1,0,4,True
2020-08-05 06:10:10,652,1,-9223372036854775808,4456,3,,wec.internal.cloudapp.net,,"Process accessed:
RuleName: -
UtcTime: 2020-08-05 06:10:10.555
SourceProcessGUID: {7d3be4b5-0dea-5f2a-1000-000000000400}
SourceProcessId: 900
SourceThreadId: 7492
SourceImage: C:\windows\system32\svchost.exe
TargetProcessGUID: {7d3be4b5-0dec-5f2a-1e00-000000000400}
TargetProcessId: 1368
TargetImage: C:\windows\System32\svchost.exe
GrantedAccess: 0x1000
CallTrace: C:\windows\SYSTEM32\ntdll.dll+9c534|C:\windows\SYSTEM32\psmserviceexthost.dll+222a3|C:\windows\SYSTEM32\psmserviceexthost.dll+1a172|C:\windows\SYSTEM32\psmserviceexthost.dll+19e3b|C:\windows\SYSTEM32\psmserviceexthost.dll+19318|C:\windows\SYSTEM32\ntdll.dll+3081d|C:\windows\SYSTEM32\ntdll.dll+345b4|C:\windows\System32\KERNEL32.DLL+17bd4|C:\windows\SYSTEM32\ntdll.dll+6ce51",eventlog,Microsoft-Windows-Sysmon,2,,['mordorDataset'],Microsoft-Windows-Sysmon/Operational,{5770385F-C22A-43E0-BF4C-06F5698FFBD9},10,304334,WORKSTATION6.theshire.local,,,,900,im_msvistalog,53997,,2020-08-05 02:10:10,,,INFO,3240,,0,2020-08-05T06:10:12.927Z,10,,INFO,2020-08-05 02:10:12,,,,S-1-5-18,,,,-,NT AUTHORITY,SYSTEM,,User,,,,,,,,,,,,,,,,,,,,,,,,,,,,,,,,,,,,,,,,,,,,,,,,,,,,,,,,,,,,{7d3be4b5-0dea-5f2a-1000-000000000400},0x1000,1368,{7d3be4b5-0dec-5f2a-1e00-000000000400},C:\windows\System32\svchost.exe,C:\windows\SYSTEM32\ntdll.dll+9c534|C:\windows\SYSTEM32\psmserviceexthost.dll+222a3|C:\windows\SYSTEM32\psmserviceexthost.dll+1a172|C:\windows\SYSTEM32\psmserviceexthost.dll+19e3b|C:\windows\SYSTEM32\psmserviceexthost.dll+19318|C:\windows\SYSTEM32\ntdll.dll+3081d|C:\windows\SYSTEM32\ntdll.dll+345b4|C:\windows\System32\KERNEL32.DLL+17bd4|C:\windows\SYSTEM32\ntdll.dll+6ce51,7492.0,900,C:\windows\system32\svchost.exe,,,,,,,,,,,,,,,,,,,,,,,,,,,,0,0,0,0,1,0,3,True
2020-08-05 06:10:10,646,1,-9223372036854775808,4452,3,,wec.internal.cloudapp.net,,"Process accessed:
RuleName: -
UtcTime: 2020-08-05 06:10:10.460
SourceProcessGUID: {8715b604-0dea-5f2a-0e00-000000000400}
SourceProcessId: 884
SourceThreadId: 1064
SourceImage: C:\windows\system32\svchost.exe
TargetProcessGUID: {8715b604-2c5e-5f2a-0904-000000000400}
TargetProcessId: 2764
TargetImage: C:\Windows\ImmersiveControlPanel\SystemSettings.exe
GrantedAccess: 0x1000
CallTrace: C:\windows\SYSTEM32\ntdll.dll+9c534|C:\windows\SYSTEM32\psmserviceexthost.dll+222a3|C:\windows\SYSTEM32\psmserviceexthost.dll+37ea0|C:\windows\SYSTEM32\psmserviceexthost.dll+37929|C:\windows\SYSTEM32\psmserviceexthost.dll+686f8|C:\windows\SYSTEM32\psmserviceexthost.dll+6e84a|C:\windows\SYSTEM32\psmserviceexthost.dll+6f700|C:\windows\SYSTEM32\psmserviceexthost.dll+34be4|C:\windows\SYSTEM32\psmserviceexthost.dll+6f63e|C:\windows\SYSTEM32\psmserviceexthost.dll+713b5|C:\windows\SYSTEM32\psmserviceexthost.dll+50bda|C:\windows\SYSTEM32\psmserviceexthost.dll+4500a|C:\windows\System32\KERNEL32.DLL+17bd4|C:\windows\SYSTEM32\ntdll.dll+6ce51",eventlog,Microsoft-Windows-Sysmon,2,,['mordorDataset'],Microsoft-Windows-Sysmon/Operational,{5770385F-C22A-43E0-BF4C-06F5698FFBD9},10,480137,WORKSTATION5.theshire.local,,,,884,im_msvistalog,53997,,2020-08-05 02:10:10,,,INFO,3484,,0,2020-08-05T06:10:11.929Z,10,,INFO,2020-08-05 02:10:11,,,,S-1-5-18,,,,-,NT AUTHORITY,SYSTEM,,User,,,,,,,,,,,,,,,,,,,,,,,,,,,,,,,,,,,,,,,,,,,,,,,,,,,,,,,,,,,,{8715b604-0dea-5f2a-0e00-000000000400},0x1000,2764,{8715b604-2c5e-5f2a-0904-000000000400},C:\Windows\ImmersiveControlPanel\SystemSettings.exe,C:\windows\SYSTEM32\ntdll.dll+9c534|C:\windows\SYSTEM32\psmserviceexthost.dll+222a3|C:\windows\SYSTEM32\psmserviceexthost.dll+37ea0|C:\windows\SYSTEM32\psmserviceexthost.dll+37929|C:\windows\SYSTEM32\psmserviceexthost.dll+686f8|C:\windows\SYSTEM32\psmserviceexthost.dll+6e84a|C:\windows\SYSTEM32\psmserviceexthost.dll+6f700|C:\windows\SYSTEM32\psmserviceexthost.dll+34be4|C:\windows\SYSTEM32\psmserviceexthost.dll+6f63e|C:\windows\SYSTEM32\psmserviceexthost.dll+713b5|C:\windows\SYSTEM32\psmserviceexthost.dll+50bda|C:\windows\SYSTEM32\psmserviceexthost.dll+4500a|C:\windows\System32\KERNEL32.DLL+17bd4|C:\windows\SYSTEM32\ntdll.dll+6ce51,1064.0,884,C:\windows\system32\svchost.exe,,,,,,,,,,,,,,,,,,,,,,,,,,,,0,0,0,0,0,0,2,True
2020-08-05 06:10:10,631,1,-9223372036854775808,4452,2,,wec.internal.cloudapp.net,,"Registry object added or deleted:
RuleName: -
EventType: CreateKey
UtcTime: 2020-08-05 06:10:10.164
ProcessGuid: {8715b604-0df2-5f2a-4900-000000000400}
ProcessId: 3356
Image: C:\windows\System32\svchost.exe
TargetObject: HKLM\SOFTWARE\Microsoft\Windows\CurrentVersion\Diagnostics\DiagTrack\SettingsRequests",eventlog,Microsoft-Windows-Sysmon,2,,['mordorDataset'],Microsoft-Windows-Sysmon/Operational,{5770385F-C22A-43E0-BF4C-06F5698FFBD9},12,480133,WORKSTATION5.theshire.local,,,,3356,im_msvistalog,53997,,2020-08-05 02:10:10,,,INFO,3484,,0,2020-08-05T06:10:10.935Z,12,,CreateKey,2020-08-05 02:10:10,,,,S-1-5-18,,{8715b604-0df2-5f2a-4900-000000000400},,-,NT AUTHORITY,SYSTEM,C:\windows\System32\svchost.exe,User,,INFO,HKLM\SOFTWARE\Microsoft\Windows\CurrentVersion\Diagnostics\DiagTrack\SettingsRequests,,,,,,,,,,,,,,,,,,,,,,,,,,,,,,,,,,,,,,,,,,,,,,,,,,,,,,,,,,,,,,,,,,,,,,,,,,,,,,,,,,,,,,,,,,,,,0,0,0,1,0,0,3,True
2020-08-05 06:10:10,632,1,-9223372036854775808,4452,2,,wec.internal.cloudapp.net,,"Registry value set:
RuleName: -
EventType: SetValue
UtcTime: 2020-08-05 06:10:10.164
ProcessGuid: {8715b604-0df2-5f2a-4900-000000000400}
ProcessId: 3356
Image: C:\windows\System32\svchost.exe
TargetObject: HKLM\SOFTWARE\Microsoft\Windows\CurrentVersion\Diagnostics\DiagTrack\SettingsRequests\LastDownloadTime
Details: QWORD (0x01d66aef-0x12f2e11f)",eventlog,Microsoft-Windows-Sysmon,2,,['mordorDataset'],Microsoft-Windows-Sysmon/Operational,{5770385F-C22A-43E0-BF4C-06F5698FFBD9},13,480134,WORKSTATION5.theshire.local,,,,3356,im_msvistalog,53997,,2020-08-05 02:10:10,,,INFO,3484,,0,2020-08-05T06:10:10.935Z,13,,SetValue,2020-08-05 02:10:10,,,,S-1-5-18,,{8715b604-0df2-5f2a-4900-000000000400},,-,NT AUTHORITY,SYSTEM,C:\windows\System32\svchost.exe,User,,INFO,HKLM\SOFTWARE\Microsoft\Windows\CurrentVersion\Diagnostics\DiagTrack\SettingsRequests\LastDownloadTime,,,,,,,,,,,,,,,,,,,,,,,,,,,,,,,,,,,,,,,,,,,,,,,,,,,,,,,,QWORD (0x01d66aef-0x12f2e11f),,,,,,,,,,,,,,,,,,,,,,,,,,,,,,,,,,,,,0,0,0,1,1,0,3,True
2020-08-05 06:10:10,647,1,-9223372036854775808,4452,3,,wec.internal.cloudapp.net,,"Process accessed:
RuleName: -
UtcTime: 2020-08-05 06:10:10.460
SourceProcessGUID: {8715b604-0dea-5f2a-0e00-000000000400}
SourceProcessId: 884
SourceThreadId: 1064
SourceImage: C:\windows\system32\svchost.exe
TargetProcessGUID: {8715b604-2bdc-5f2a-e503-000000000400}
TargetProcessId: 6408
TargetImage: C:\Windows\SystemApps\Microsoft.Windows.SecHealthUI_cw5n1h2txyewy\SecHealthUI.exe
GrantedAccess: 0x1000
CallTrace: C:\windows\SYSTEM32\ntdll.dll+9c534|C:\windows\SYSTEM32\psmserviceexthost.dll+222a3|C:\windows\SYSTEM32\psmserviceexthost.dll+37ea0|C:\windows\SYSTEM32\psmserviceexthost.dll+37929|C:\windows\SYSTEM32\psmserviceexthost.dll+686f8|C:\windows\SYSTEM32\psmserviceexthost.dll+6e84a|C:\windows\SYSTEM32\psmserviceexthost.dll+6f700|C:\windows\SYSTEM32\psmserviceexthost.dll+34be4|C:\windows\SYSTEM32\psmserviceexthost.dll+6f63e|C:\windows\SYSTEM32\psmserviceexthost.dll+713b5|C:\windows\SYSTEM32\psmserviceexthost.dll+50bda|C:\windows\SYSTEM32\psmserviceexthost.dll+4500a|C:\windows\System32\KERNEL32.DLL+17bd4|C:\windows\SYSTEM32\ntdll.dll+6ce51",eventlog,Microsoft-Windows-Sysmon,2,,['mordorDataset'],Microsoft-Windows-Sysmon/Operational,{5770385F-C22A-43E0-BF4C-06F5698FFBD9},10,480138,WORKSTATION5.theshire.local,,,,884,im_msvistalog,53997,,2020-08-05 02:10:10,,,INFO,3484,,0,2020-08-05T06:10:11.929Z,10,,INFO,2020-08-05 02:10:11,,,,S-1-5-18,,,,-,NT AUTHORITY,SYSTEM,,User,,,,,,,,,,,,,,,,,,,,,,,,,,,,,,,,,,,,,,,,,,,,,,,,,,,,,,,,,,,,{8715b604-0dea-5f2a-0e00-000000000400},0x1000,6408,{8715b604-2bdc-5f2a-e503-000000000400},C:\Windows\SystemApps\Microsoft.Windows.SecHealthUI_cw5n1h2txyewy\SecHealthUI.exe,C:\windows\SYSTEM32\ntdll.dll+9c534|C:\windows\SYSTEM32\psmserviceexthost.dll+222a3|C:\windows\SYSTEM32\psmserviceexthost.dll+37ea0|C:\windows\SYSTEM32\psmserviceexthost.dll+37929|C:\windows\SYSTEM32\psmserviceexthost.dll+686f8|C:\windows\SYSTEM32\psmserviceexthost.dll+6e84a|C:\windows\SYSTEM32\psmserviceexthost.dll+6f700|C:\windows\SYSTEM32\psmserviceexthost.dll+34be4|C:\windows\SYSTEM32\psmserviceexthost.dll+6f63e|C:\windows\SYSTEM32\psmserviceexthost.dll+713b5|C:\windows\SYSTEM32\psmserviceexthost.dll+50bda|C:\windows\SYSTEM32\psmserviceexthost.dll+4500a|C:\windows\System32\KERNEL32.DLL+17bd4|C:\windows\SYSTEM32\ntdll.dll+6ce51,1064.0,884,C:\windows\system32\svchost.exe,,,,,,,,,,,,,,,,,,,,,,,,,,,,0,0,0,1,1,0,3,True
2020-08-05 06:10:10,645,1,-9223372036854775808,4452,3,,wec.internal.cloudapp.net,,"Process accessed:
RuleName: -
UtcTime: 2020-08-05 06:10:10.460
SourceProcessGUID: {8715b604-0dea-5f2a-0e00-000000000400}
SourceProcessId: 884
SourceThreadId: 1064
SourceImage: C:\windows\system32\svchost.exe
TargetProcessGUID: {8715b604-104c-5f2a-c702-000000000400}
TargetProcessId: 4400
TargetImage: C:\Windows\SystemApps\InputApp_cw5n1h2txyewy\WindowsInternal.ComposableShell.Experiences.TextInput.InputApp.exe
GrantedAccess: 0x1000
CallTrace: C:\windows\SYSTEM32\ntdll.dll+9c534|C:\windows\SYSTEM32\psmserviceexthost.dll+222a3|C:\windows\SYSTEM32\psmserviceexthost.dll+37ea0|C:\windows\SYSTEM32\psmserviceexthost.dll+37929|C:\windows\SYSTEM32\psmserviceexthost.dll+686f8|C:\windows\SYSTEM32\psmserviceexthost.dll+6e84a|C:\windows\SYSTEM32\psmserviceexthost.dll+6f700|C:\windows\SYSTEM32\psmserviceexthost.dll+34be4|C:\windows\SYSTEM32\psmserviceexthost.dll+6f63e|C:\windows\SYSTEM32\psmserviceexthost.dll+713b5|C:\windows\SYSTEM32\psmserviceexthost.dll+50bda|C:\windows\SYSTEM32\psmserviceexthost.dll+4500a|C:\windows\System32\KERNEL32.DLL+17bd4|C:\windows\SYSTEM32\ntdll.dll+6ce51",eventlog,Microsoft-Windows-Sysmon,2,,['mordorDataset'],Microsoft-Windows-Sysmon/Operational,{5770385F-C22A-43E0-BF4C-06F5698FFBD9},10,480136,WORKSTATION5.theshire.local,,,,884,im_msvistalog,53997,,2020-08-05 02:10:10,,,INFO,3484,,0,2020-08-05T06:10:11.929Z,10,,INFO,2020-08-05 02:10:11,,,,S-1-5-18,,,,-,NT AUTHORITY,SYSTEM,,User,,,,,,,,,,,,,,,,,,,,,,,,,,,,,,,,,,,,,,,,,,,,,,,,,,,,,,,,,,,,{8715b604-0dea-5f2a-0e00-000000000400},0x1000,4400,{8715b604-104c-5f2a-c702-000000000400},C:\Windows\SystemApps\InputApp_cw5n1h2txyewy\WindowsInternal.ComposableShell.Experiences.TextInput.InputApp.exe,C:\windows\SYSTEM32\ntdll.dll+9c534|C:\windows\SYSTEM32\psmserviceexthost.dll+222a3|C:\windows\SYSTEM32\psmserviceexthost.dll+37ea0|C:\windows\SYSTEM32\psmserviceexthost.dll+37929|C:\windows\SYSTEM32\psmserviceexthost.dll+686f8|C:\windows\SYSTEM32\psmserviceexthost.dll+6e84a|C:\windows\SYSTEM32\psmserviceexthost.dll+6f700|C:\windows\SYSTEM32\psmserviceexthost.dll+34be4|C:\windows\SYSTEM32\psmserviceexthost.dll+6f63e|C:\windows\SYSTEM32\psmserviceexthost.dll+713b5|C:\windows\SYSTEM32\psmserviceexthost.dll+50bda|C:\windows\SYSTEM32\psmserviceexthost.dll+4500a|C:\windows\System32\KERNEL32.DLL+17bd4|C:\windows\SYSTEM32\ntdll.dll+6ce51,1064.0,884,C:\windows\system32\svchost.exe,,,,,,,,,,,,,,,,,,,,,,,,,,,,0,0,0,1,1,0,3,True
2020-08-05 06:10:10,633,1,-9223372036854775808,4452,3,,wec.internal.cloudapp.net,,"Process accessed:
RuleName: -
UtcTime: 2020-08-05 06:10:10.168
SourceProcessGUID: {8715b604-0deb-5f2a-1200-000000000400}
SourceProcessId: 448
SourceThreadId: 7584
SourceImage: C:\windows\system32\svchost.exe
TargetProcessGUID: {8715b604-0df2-5f2a-4900-000000000400}
TargetProcessId: 3356
TargetImage: C:\windows\System32\svchost.exe
GrantedAccess: 0x1000
CallTrace: C:\windows\SYSTEM32\ntdll.dll+9c534|C:\windows\System32\KERNELBASE.dll+6a7f5|c:\windows\system32\lsm.dll+1184f|c:\windows\system32\lsm.dll+1172e|C:\windows\System32\RPCRT4.dll+76953|C:\windows\System32\RPCRT4.dll+da036|C:\windows\System32\RPCRT4.dll+37a4c|C:\windows\System32\RPCRT4.dll+548c8|C:\windows\System32\RPCRT4.dll+2c921|C:\windows\System32\RPCRT4.dll+2c1db|C:\windows\System32\RPCRT4.dll+1a86f|C:\windows\System32\RPCRT4.dll+19d1a|C:\windows\System32\RPCRT4.dll+19301|C:\windows\System32\RPCRT4.dll+18d6e|C:\windows\System32\RPCRT4.dll+169a5|C:\windows\SYSTEM32\ntdll.dll+333ed|C:\windows\SYSTEM32\ntdll.dll+34142|C:\windows\System32\KERNEL32.DLL+17bd4|C:\windows\SYSTEM32\ntdll.dll+6ce51",eventlog,Microsoft-Windows-Sysmon,2,,['mordorDataset'],Microsoft-Windows-Sysmon/Operational,{5770385F-C22A-43E0-BF4C-06F5698FFBD9},10,480135,WORKSTATION5.theshire.local,,,,448,im_msvistalog,53997,,2020-08-05 02:10:10,,,INFO,3484,,0,2020-08-05T06:10:10.935Z,10,,INFO,2020-08-05 02:10:10,,,,S-1-5-18,,,,-,NT AUTHORITY,SYSTEM,,User,,,,,,,,,,,,,,,,,,,,,,,,,,,,,,,,,,,,,,,,,,,,,,,,,,,,,,,,,,,,{8715b604-0deb-5f2a-1200-000000000400},0x1000,3356,{8715b604-0df2-5f2a-4900-000000000400},C:\windows\System32\svchost.exe,C:\windows\SYSTEM32\ntdll.dll+9c534|C:\windows\System32\KERNELBASE.dll+6a7f5|c:\windows\system32\lsm.dll+1184f|c:\windows\system32\lsm.dll+1172e|C:\windows\System32\RPCRT4.dll+76953|C:\windows\System32\RPCRT4.dll+da036|C:\windows\System32\RPCRT4.dll+37a4c|C:\windows\System32\RPCRT4.dll+548c8|C:\windows\System32\RPCRT4.dll+2c921|C:\windows\System32\RPCRT4.dll+2c1db|C:\windows\System32\RPCRT4.dll+1a86f|C:\windows\System32\RPCRT4.dll+19d1a|C:\windows\System32\RPCRT4.dll+19301|C:\windows\System32\RPCRT4.dll+18d6e|C:\windows\System32\RPCRT4.dll+169a5|C:\windows\SYSTEM32\ntdll.dll+333ed|C:\windows\SYSTEM32\ntdll.dll+34142|C:\windows\System32\KERNEL32.DLL+17bd4|C:\windows\SYSTEM32\ntdll.dll+6ce51,7584.0,448,C:\windows\system32\svchost.exe,,,,,,,,,,,,,,,,,,,,,,,,,,,,0,0,0,1,1,0,3,True
2020-08-05 06:10:11,672,1,-9223372036854775808,4452,2,,wec.internal.cloudapp.net,,"Registry value set:
RuleName: -
EventType: SetValue
UtcTime: 2020-08-05 06:10:11.942
ProcessGuid: {8715b604-0de9-5f2a-0c00-000000000400}
ProcessId: 760
Image: C:\windows\system32\lsass.exe
TargetObject: HKLM\System\CurrentControlSet\Services\W32Time\SecureTimeLimits\RunTime\SecureTimeConfidence
Details: DWORD (0x00000006)",eventlog,Microsoft-Windows-Sysmon,2,,['mordorDataset'],Microsoft-Windows-Sysmon/Operational,{5770385F-C22A-43E0-BF4C-06F5698FFBD9},13,480160,WORKSTATION5.theshire.local,,,,760,im_msvistalog,53997,,2020-08-05 02:10:11,,,INFO,3484,,0,2020-08-05T06:10:12.932Z,13,,SetValue,2020-08-05 02:10:12,,,,S-1-5-18,,{8715b604-0de9-5f2a-0c00-000000000400},,-,NT AUTHORITY,SYSTEM,C:\windows\system32\lsass.exe,User,,INFO,HKLM\System\CurrentControlSet\Services\W32Time\SecureTimeLimits\RunTime\SecureTimeConfidence,,,,,,,,,,,,,,,,,,,,,,,,,,,,,,,,,,,,,,,,,,,,,,,,,,,,,,,,DWORD (0x00000006),,,,,,,,,,,,,,,,,,,,,,,,,,,,,,,,,,,,,0,0,0,0,1,0,2,True
2020-08-05 06:10:11,670,1,-9223372036854775808,4452,2,,wec.internal.cloudapp.net,,"Registry object added or deleted:
RuleName: -
EventType: CreateKey
UtcTime: 2020-08-05 06:10:11.942
ProcessGuid: {8715b604-0de9-5f2a-0c00-000000000400}
ProcessId: 760
Image: C:\windows\system32\lsass.exe
TargetObject: HKLM\System\CurrentControlSet\Services\W32Time\SecureTimeLimits\RunTime",eventlog,Microsoft-Windows-Sysmon,2,,['mordorDataset'],Microsoft-Windows-Sysmon/Operational,{5770385F-C22A-43E0-BF4C-06F5698FFBD9},12,480158,WORKSTATION5.theshire.local,,,,760,im_msvistalog,53997,,2020-08-05 02:10:11,,,INFO,3484,,0,2020-08-05T06:10:12.932Z,12,,CreateKey,2020-08-05 02:10:12,,,,S-1-5-18,,{8715b604-0de9-5f2a-0c00-000000000400},,-,NT AUTHORITY,SYSTEM,C:\windows\system32\lsass.exe,User,,INFO,HKLM\System\CurrentControlSet\Services\W32Time\SecureTimeLimits\RunTime,,,,,,,,,,,,,,,,,,,,,,,,,,,,,,,,,,,,,,,,,,,,,,,,,,,,,,,,,,,,,,,,,,,,,,,,,,,,,,,,,,,,,,,,,,,,,0,0,0,1,1,0,3,True
2020-08-05 06:10:11,669,1,-9223372036854775808,4452,2,,wec.internal.cloudapp.net,,"Registry value set:
RuleName: -
EventType: SetValue
UtcTime: 2020-08-05 06:10:11.942
ProcessGuid: {8715b604-0de9-5f2a-0c00-000000000400}
ProcessId: 760
Image: C:\windows\system32\lsass.exe
TargetObject: HKLM\System\CurrentControlSet\Services\W32Time\SecureTimeLimits\SecureTimeLow
Details: QWORD (0x01d66ae6-0xb1b8ef36)",eventlog,Microsoft-Windows-Sysmon,2,,['mordorDataset'],Microsoft-Windows-Sysmon/Operational,{5770385F-C22A-43E0-BF4C-06F5698FFBD9},13,480157,WORKSTATION5.theshire.local,,,,760,im_msvistalog,53997,,2020-08-05 02:10:11,,,INFO,3484,,0,2020-08-05T06:10:12.932Z,13,,SetValue,2020-08-05 02:10:12,,,,S-1-5-18,,{8715b604-0de9-5f2a-0c00-000000000400},,-,NT AUTHORITY,SYSTEM,C:\windows\system32\lsass.exe,User,,INFO,HKLM\System\CurrentControlSet\Services\W32Time\SecureTimeLimits\SecureTimeLow,,,,,,,,,,,,,,,,,,,,,,,,,,,,,,,,,,,,,,,,,,,,,,,,,,,,,,,,QWORD (0x01d66ae6-0xb1b8ef36),,,,,,,,,,,,,,,,,,,,,,,,,,,,,,,,,,,,,0,0,0,1,1,0,3,True
2020-08-05 06:10:11,668,1,-9223372036854775808,4452,2,,wec.internal.cloudapp.net,,"Registry value set:
RuleName: -
EventType: SetValue
UtcTime: 2020-08-05 06:10:11.942
ProcessGuid: {8715b604-0de9-5f2a-0c00-000000000400}
ProcessId: 760
Image: C:\windows\system32\lsass.exe
TargetObject: HKLM\System\CurrentControlSet\Services\W32Time\SecureTimeLimits\SecureTimeEstimated
Details: QWORD (0x01d66aef-0x137d5736)",eventlog,Microsoft-Windows-Sysmon,2,,['mordorDataset'],Microsoft-Windows-Sysmon/Operational,{5770385F-C22A-43E0-BF4C-06F5698FFBD9},13,480156,WORKSTATION5.theshire.local,,,,760,im_msvistalog,53997,,2020-08-05 02:10:11,,,INFO,3484,,0,2020-08-05T06:10:12.932Z,13,,SetValue,2020-08-05 02:10:12,,,,S-1-5-18,,{8715b604-0de9-5f2a-0c00-000000000400},,-,NT AUTHORITY,SYSTEM,C:\windows\system32\lsass.exe,User,,INFO,HKLM\System\CurrentControlSet\Services\W32Time\SecureTimeLimits\SecureTimeEstimated,,,,,,,,,,,,,,,,,,,,,,,,,,,,,,,,,,,,,,,,,,,,,,,,,,,,,,,,QWORD (0x01d66aef-0x137d5736),,,,,,,,,,,,,,,,,,,,,,,,,,,,,,,,,,,,,0,0,0,1,1,0,3,True
2020-08-05 06:10:11,667,1,-9223372036854775808,4452,2,,wec.internal.cloudapp.net,,"Registry value set:
RuleName: -
EventType: SetValue
UtcTime: 2020-08-05 06:10:11.942
ProcessGuid: {8715b604-0de9-5f2a-0c00-000000000400}
ProcessId: 760
Image: C:\windows\system32\lsass.exe
TargetObject: HKLM\System\CurrentControlSet\Services\W32Time\SecureTimeLimits\SecureTimeHigh
Details: QWORD (0x01d66af7-0x7541bf36)",eventlog,Microsoft-Windows-Sysmon,2,,['mordorDataset'],Microsoft-Windows-Sysmon/Operational,{5770385F-C22A-43E0-BF4C-06F5698FFBD9},13,480155,WORKSTATION5.theshire.local,,,,760,im_msvistalog,53997,,2020-08-05 02:10:11,,,INFO,3484,,0,2020-08-05T06:10:12.931Z,13,,SetValue,2020-08-05 02:10:12,,,,S-1-5-18,,{8715b604-0de9-5f2a-0c00-000000000400},,-,NT AUTHORITY,SYSTEM,C:\windows\system32\lsass.exe,User,,INFO,HKLM\System\CurrentControlSet\Services\W32Time\SecureTimeLimits\SecureTimeHigh,,,,,,,,,,,,,,,,,,,,,,,,,,,,,,,,,,,,,,,,,,,,,,,,,,,,,,,,QWORD (0x01d66af7-0x7541bf36),,,,,,,,,,,,,,,,,,,,,,,,,,,,,,,,,,,,,0,0,0,1,1,0,2,True
