2020-08-05 06:10:08,431,1,-9223372036854775808,4456,3,,wec.internal.cloudapp.net,,"Process accessed:
RuleName: -
UtcTime: 2020-08-05 06:10:08.445
SourceProcessGUID: {7d3be4b5-0dea-5f2a-1200-000000000400}
SourceProcessId: 440
SourceThreadId: 9744
SourceImage: C:\windows\system32\svchost.exe
TargetProcessGUID: {7d3be4b5-0df0-5f2a-4500-000000000400}
TargetProcessId: 2752
TargetImage: C:\windows\System32\svchost.exe
GrantedAccess: 0x1000
CallTrace: C:\windows\SYSTEM32\ntdll.dll+9c534|C:\windows\System32\KERNELBASE.dll+6a7f5|c:\windows\system32\lsm.dll+1184f|c:\windows\system32\lsm.dll+1172e|C:\windows\System32\RPCRT4.dll+76953|C:\windows\System32\RPCRT4.dll+da036|C:\windows\System32\RPCRT4.dll+37a4c|C:\windows\System32\RPCRT4.dll+548c8|C:\windows\System32\RPCRT4.dll+2c921|C:\windows\System32\RPCRT4.dll+2c1db|C:\windows\System32\RPCRT4.dll+1a86f|C:\windows\System32\RPCRT4.dll+19d1a|C:\windows\System32\RPCRT4.dll+19301|C:\windows\System32\RPCRT4.dll+18d6e|C:\windows\System32\RPCRT4.dll+169a5|C:\windows\SYSTEM32\ntdll.dll+333ed|C:\windows\SYSTEM32\ntdll.dll+34142|C:\windows\System32\KERNEL32.DLL+17bd4|C:\windows\SYSTEM32\ntdll.dll+6ce51",eventlog,Microsoft-Windows-Sysmon,2,,['mordorDataset'],Microsoft-Windows-Sysmon/Operational,{5770385F-C22A-43E0-BF4C-06F5698FFBD9},10,304316,WORKSTATION6.theshire.local,,,,440,im_msvistalog,53997,,2020-08-05 02:10:08,,,INFO,3240,,0,2020-08-05T06:10:09.884Z,10,,INFO,2020-08-05 02:10:09,,,,S-1-5-18,,,,-,NT AUTHORITY,SYSTEM,,User,,,,,,,,,,,,,,,,,,,,,,,,,,,,,,,,,,,,,,,,,,,,,,,,,,,,,,,,,,,,{7d3be4b5-0dea-5f2a-1200-000000000400},0x1000,2752,{7d3be4b5-0df0-5f2a-4500-000000000400},C:\windows\System32\svchost.exe,C:\windows\SYSTEM32\ntdll.dll+9c534|C:\windows\System32\KERNELBASE.dll+6a7f5|c:\windows\system32\lsm.dll+1184f|c:\windows\system32\lsm.dll+1172e|C:\windows\System32\RPCRT4.dll+76953|C:\windows\System32\RPCRT4.dll+da036|C:\windows\System32\RPCRT4.dll+37a4c|C:\windows\System32\RPCRT4.dll+548c8|C:\windows\System32\RPCRT4.dll+2c921|C:\windows\System32\RPCRT4.dll+2c1db|C:\windows\System32\RPCRT4.dll+1a86f|C:\windows\System32\RPCRT4.dll+19d1a|C:\windows\System32\RPCRT4.dll+19301|C:\windows\System32\RPCRT4.dll+18d6e|C:\windows\System32\RPCRT4.dll+169a5|C:\windows\SYSTEM32\ntdll.dll+333ed|C:\windows\SYSTEM32\ntdll.dll+34142|C:\windows\System32\KERNEL32.DLL+17bd4|C:\windows\SYSTEM32\ntdll.dll+6ce51,9744.0,440,C:\windows\system32\svchost.exe,,,,,,,,,,,,,,,,,,,,,,,,,,,,0,0,0,0,1,0,3,True
2020-08-05 06:10:08,433,1,-9223372036854775808,4256,2,,wec.internal.cloudapp.net,,"RawAccessRead detected:
RuleName: -
UtcTime: 2020-08-05 06:10:08.688
ProcessGuid: {2b437147-0bab-5f2a-0c00-000000000400}
ProcessId: 704
Image: C:\Windows\System32\lsass.exe
Device: \Device\HarddiskVolume1",eventlog,Microsoft-Windows-Sysmon,2,,['mordorDataset'],Microsoft-Windows-Sysmon/Operational,{5770385F-C22A-43E0-BF4C-06F5698FFBD9},9,284966,MORDORDC.theshire.local,,,,704,im_msvistalog,53997,,2020-08-05 02:10:08,,,INFO,3868,,0,2020-08-05T06:10:09.885Z,9,,INFO,2020-08-05 02:10:09,,,,S-1-5-18,,{2b437147-0bab-5f2a-0c00-000000000400},,-,NT AUTHORITY,SYSTEM,C:\Windows\System32\lsass.exe,User,\Device\HarddiskVolume1,,,,,,,,,,,,,,,,,,,,,,,,,,,,,,,,,,,,,,,,,,,,,,,,,,,,,,,,,,,,,,,,,,,,,,,,,,,,,,,,,,,,,,,,,,,,,,,0,0,0,0,1,0,4,True
2020-08-05 06:10:08,434,1,-9223372036854775808,4256,2,,wec.internal.cloudapp.net,,"RawAccessRead detected:
RuleName: -
UtcTime: 2020-08-05 06:10:08.688
ProcessGuid: {2b437147-0bab-5f2a-0c00-000000000400}
ProcessId: 704
Image: C:\Windows\System32\lsass.exe
Device: \Device\HarddiskVolume1",eventlog,Microsoft-Windows-Sysmon,2,,['mordorDataset'],Microsoft-Windows-Sysmon/Operational,{5770385F-C22A-43E0-BF4C-06F5698FFBD9},9,284967,MORDORDC.theshire.local,,,,704,im_msvistalog,53997,,2020-08-05 02:10:08,,,INFO,3868,,0,2020-08-05T06:10:09.885Z,9,,INFO,2020-08-05 02:10:09,,,,S-1-5-18,,{2b437147-0bab-5f2a-0c00-000000000400},,-,NT AUTHORITY,SYSTEM,C:\Windows\System32\lsass.exe,User,\Device\HarddiskVolume1,,,,,,,,,,,,,,,,,,,,,,,,,,,,,,,,,,,,,,,,,,,,,,,,,,,,,,,,,,,,,,,,,,,,,,,,,,,,,,,,,,,,,,,,,,,,,,,0,0,0,0,1,0,4,True
2020-08-05 06:10:08,454,1,-9223372036854775808,4452,3,,wec.internal.cloudapp.net,,"Process accessed:
RuleName: -
UtcTime: 2020-08-05 06:10:08.453
SourceProcessGUID: {8715b604-0dea-5f2a-0e00-000000000400}
SourceProcessId: 884
SourceThreadId: 1064
SourceImage: C:\windows\system32\svchost.exe
TargetProcessGUID: {8715b604-2c5e-5f2a-0904-000000000400}
TargetProcessId: 2764
TargetImage: C:\Windows\ImmersiveControlPanel\SystemSettings.exe
GrantedAccess: 0x1000
CallTrace: C:\windows\SYSTEM32\ntdll.dll+9c534|C:\windows\SYSTEM32\psmserviceexthost.dll+222a3|C:\windows\SYSTEM32\psmserviceexthost.dll+37ea0|C:\windows\SYSTEM32\psmserviceexthost.dll+37929|C:\windows\SYSTEM32\psmserviceexthost.dll+686f8|C:\windows\SYSTEM32\psmserviceexthost.dll+6e84a|C:\windows\SYSTEM32\psmserviceexthost.dll+6f700|C:\windows\SYSTEM32\psmserviceexthost.dll+34be4|C:\windows\SYSTEM32\psmserviceexthost.dll+6f63e|C:\windows\SYSTEM32\psmserviceexthost.dll+713b5|C:\windows\SYSTEM32\psmserviceexthost.dll+50bda|C:\windows\SYSTEM32\psmserviceexthost.dll+4500a|C:\windows\System32\KERNEL32.DLL+17bd4|C:\windows\SYSTEM32\ntdll.dll+6ce51",eventlog,Microsoft-Windows-Sysmon,2,,['mordorDataset'],Microsoft-Windows-Sysmon/Operational,{5770385F-C22A-43E0-BF4C-06F5698FFBD9},10,479999,WORKSTATION5.theshire.local,,,,884,im_msvistalog,53997,,2020-08-05 02:10:08,,,INFO,3484,,0,2020-08-05T06:10:09.889Z,10,,INFO,2020-08-05 02:10:09,,,,S-1-5-18,,,,-,NT AUTHORITY,SYSTEM,,User,,,,,,,,,,,,,,,,,,,,,,,,,,,,,,,,,,,,,,,,,,,,,,,,,,,,,,,,,,,,{8715b604-0dea-5f2a-0e00-000000000400},0x1000,2764,{8715b604-2c5e-5f2a-0904-000000000400},C:\Windows\ImmersiveControlPanel\SystemSettings.exe,C:\windows\SYSTEM32\ntdll.dll+9c534|C:\windows\SYSTEM32\psmserviceexthost.dll+222a3|C:\windows\SYSTEM32\psmserviceexthost.dll+37ea0|C:\windows\SYSTEM32\psmserviceexthost.dll+37929|C:\windows\SYSTEM32\psmserviceexthost.dll+686f8|C:\windows\SYSTEM32\psmserviceexthost.dll+6e84a|C:\windows\SYSTEM32\psmserviceexthost.dll+6f700|C:\windows\SYSTEM32\psmserviceexthost.dll+34be4|C:\windows\SYSTEM32\psmserviceexthost.dll+6f63e|C:\windows\SYSTEM32\psmserviceexthost.dll+713b5|C:\windows\SYSTEM32\psmserviceexthost.dll+50bda|C:\windows\SYSTEM32\psmserviceexthost.dll+4500a|C:\windows\System32\KERNEL32.DLL+17bd4|C:\windows\SYSTEM32\ntdll.dll+6ce51,1064.0,884,C:\windows\system32\svchost.exe,,,,,,,,,,,,,,,,,,,,,,,,,,,,0,0,0,0,1,0,3,True
2020-08-05 06:10:08,455,1,-9223372036854775808,4452,3,,wec.internal.cloudapp.net,,"Process accessed:
RuleName: -
UtcTime: 2020-08-05 06:10:08.453
SourceProcessGUID: {8715b604-0dea-5f2a-0e00-000000000400}
SourceProcessId: 884
SourceThreadId: 1064
SourceImage: C:\windows\system32\svchost.exe
TargetProcessGUID: {8715b604-2bdc-5f2a-e503-000000000400}
TargetProcessId: 6408
TargetImage: C:\Windows\SystemApps\Microsoft.Windows.SecHealthUI_cw5n1h2txyewy\SecHealthUI.exe
GrantedAccess: 0x1000
CallTrace: C:\windows\SYSTEM32\ntdll.dll+9c534|C:\windows\SYSTEM32\psmserviceexthost.dll+222a3|C:\windows\SYSTEM32\psmserviceexthost.dll+37ea0|C:\windows\SYSTEM32\psmserviceexthost.dll+37929|C:\windows\SYSTEM32\psmserviceexthost.dll+686f8|C:\windows\SYSTEM32\psmserviceexthost.dll+6e84a|C:\windows\SYSTEM32\psmserviceexthost.dll+6f700|C:\windows\SYSTEM32\psmserviceexthost.dll+34be4|C:\windows\SYSTEM32\psmserviceexthost.dll+6f63e|C:\windows\SYSTEM32\psmserviceexthost.dll+713b5|C:\windows\SYSTEM32\psmserviceexthost.dll+50bda|C:\windows\SYSTEM32\psmserviceexthost.dll+4500a|C:\windows\System32\KERNEL32.DLL+17bd4|C:\windows\SYSTEM32\ntdll.dll+6ce51",eventlog,Microsoft-Windows-Sysmon,2,,['mordorDataset'],Microsoft-Windows-Sysmon/Operational,{5770385F-C22A-43E0-BF4C-06F5698FFBD9},10,480000,WORKSTATION5.theshire.local,,,,884,im_msvistalog,53997,,2020-08-05 02:10:08,,,INFO,3484,,0,2020-08-05T06:10:09.890Z,10,,INFO,2020-08-05 02:10:09,,,,S-1-5-18,,,,-,NT AUTHORITY,SYSTEM,,User,,,,,,,,,,,,,,,,,,,,,,,,,,,,,,,,,,,,,,,,,,,,,,,,,,,,,,,,,,,,{8715b604-0dea-5f2a-0e00-000000000400},0x1000,6408,{8715b604-2bdc-5f2a-e503-000000000400},C:\Windows\SystemApps\Microsoft.Windows.SecHealthUI_cw5n1h2txyewy\SecHealthUI.exe,C:\windows\SYSTEM32\ntdll.dll+9c534|C:\windows\SYSTEM32\psmserviceexthost.dll+222a3|C:\windows\SYSTEM32\psmserviceexthost.dll+37ea0|C:\windows\SYSTEM32\psmserviceexthost.dll+37929|C:\windows\SYSTEM32\psmserviceexthost.dll+686f8|C:\windows\SYSTEM32\psmserviceexthost.dll+6e84a|C:\windows\SYSTEM32\psmserviceexthost.dll+6f700|C:\windows\SYSTEM32\psmserviceexthost.dll+34be4|C:\windows\SYSTEM32\psmserviceexthost.dll+6f63e|C:\windows\SYSTEM32\psmserviceexthost.dll+713b5|C:\windows\SYSTEM32\psmserviceexthost.dll+50bda|C:\windows\SYSTEM32\psmserviceexthost.dll+4500a|C:\windows\System32\KERNEL32.DLL+17bd4|C:\windows\SYSTEM32\ntdll.dll+6ce51,1064.0,884,C:\windows\system32\svchost.exe,,,,,,,,,,,,,,,,,,,,,,,,,,,,0,0,0,0,0,0,2,True
2020-08-05 06:10:08,456,1,-9223372036854775808,4452,3,,wec.internal.cloudapp.net,,"Process accessed:
RuleName: -
UtcTime: 2020-08-05 06:10:08.453
SourceProcessGUID: {8715b604-0dea-5f2a-0e00-000000000400}
SourceProcessId: 884
SourceThreadId: 1064
SourceImage: C:\windows\system32\svchost.exe
TargetProcessGUID: {8715b604-2975-5f2a-9603-000000000400}
TargetProcessId: 6244
TargetImage: C:\Windows\SystemApps\InputApp_cw5n1h2txyewy\WindowsInternal.ComposableShell.Experiences.TextInput.InputApp.exe
GrantedAccess: 0x1000
CallTrace: C:\windows\SYSTEM32\ntdll.dll+9c534|C:\windows\SYSTEM32\psmserviceexthost.dll+222a3|C:\windows\SYSTEM32\psmserviceexthost.dll+37ea0|C:\windows\SYSTEM32\psmserviceexthost.dll+37929|C:\windows\SYSTEM32\psmserviceexthost.dll+686f8|C:\windows\SYSTEM32\psmserviceexthost.dll+6e84a|C:\windows\SYSTEM32\psmserviceexthost.dll+6f700|C:\windows\SYSTEM32\psmserviceexthost.dll+34be4|C:\windows\SYSTEM32\psmserviceexthost.dll+6f63e|C:\windows\SYSTEM32\psmserviceexthost.dll+713b5|C:\windows\SYSTEM32\psmserviceexthost.dll+50bda|C:\windows\SYSTEM32\psmserviceexthost.dll+4500a|C:\windows\System32\KERNEL32.DLL+17bd4|C:\windows\SYSTEM32\ntdll.dll+6ce51",eventlog,Microsoft-Windows-Sysmon,2,,['mordorDataset'],Microsoft-Windows-Sysmon/Operational,{5770385F-C22A-43E0-BF4C-06F5698FFBD9},10,480001,WORKSTATION5.theshire.local,,,,884,im_msvistalog,53997,,2020-08-05 02:10:08,,,INFO,3484,,0,2020-08-05T06:10:09.890Z,10,,INFO,2020-08-05 02:10:09,,,,S-1-5-18,,,,-,NT AUTHORITY,SYSTEM,,User,,,,,,,,,,,,,,,,,,,,,,,,,,,,,,,,,,,,,,,,,,,,,,,,,,,,,,,,,,,,{8715b604-0dea-5f2a-0e00-000000000400},0x1000,6244,{8715b604-2975-5f2a-9603-000000000400},C:\Windows\SystemApps\InputApp_cw5n1h2txyewy\WindowsInternal.ComposableShell.Experiences.TextInput.InputApp.exe,C:\windows\SYSTEM32\ntdll.dll+9c534|C:\windows\SYSTEM32\psmserviceexthost.dll+222a3|C:\windows\SYSTEM32\psmserviceexthost.dll+37ea0|C:\windows\SYSTEM32\psmserviceexthost.dll+37929|C:\windows\SYSTEM32\psmserviceexthost.dll+686f8|C:\windows\SYSTEM32\psmserviceexthost.dll+6e84a|C:\windows\SYSTEM32\psmserviceexthost.dll+6f700|C:\windows\SYSTEM32\psmserviceexthost.dll+34be4|C:\windows\SYSTEM32\psmserviceexthost.dll+6f63e|C:\windows\SYSTEM32\psmserviceexthost.dll+713b5|C:\windows\SYSTEM32\psmserviceexthost.dll+50bda|C:\windows\SYSTEM32\psmserviceexthost.dll+4500a|C:\windows\System32\KERNEL32.DLL+17bd4|C:\windows\SYSTEM32\ntdll.dll+6ce51,1064.0,884,C:\windows\system32\svchost.exe,,,,,,,,,,,,,,,,,,,,,,,,,,,,0,0,0,0,0,0,2,True
2020-08-05 06:10:08,458,1,-9223372036854775808,4452,2,,wec.internal.cloudapp.net,,"Registry object added or deleted:
RuleName: -
EventType: CreateKey
UtcTime: 2020-08-05 06:10:08.653
ProcessGuid: {8715b604-0de9-5f2a-0c00-000000000400}
ProcessId: 760
Image: C:\windows\system32\lsass.exe
TargetObject: HKLM\System\CurrentControlSet\Services\Tcpip\Parameters",eventlog,Microsoft-Windows-Sysmon,2,,['mordorDataset'],Microsoft-Windows-Sysmon/Operational,{5770385F-C22A-43E0-BF4C-06F5698FFBD9},12,480003,WORKSTATION5.theshire.local,,,,760,im_msvistalog,53997,,2020-08-05 02:10:08,,,INFO,3484,,0,2020-08-05T06:10:09.891Z,12,,CreateKey,2020-08-05 02:10:09,,,,S-1-5-18,,{8715b604-0de9-5f2a-0c00-000000000400},,-,NT AUTHORITY,SYSTEM,C:\windows\system32\lsass.exe,User,,INFO,HKLM\System\CurrentControlSet\Services\Tcpip\Parameters,,,,,,,,,,,,,,,,,,,,,,,,,,,,,,,,,,,,,,,,,,,,,,,,,,,,,,,,,,,,,,,,,,,,,,,,,,,,,,,,,,,,,,,,,,,,,0,0,0,1,0,0,3,True
2020-08-05 06:10:08,502,1,-9223372036854775808,4456,3,,wec.internal.cloudapp.net,,"Process accessed:
RuleName: -
UtcTime: 2020-08-05 06:10:08.554
SourceProcessGUID: {7d3be4b5-0dea-5f2a-1000-000000000400}
SourceProcessId: 900
SourceThreadId: 9588
SourceImage: C:\windows\system32\svchost.exe
TargetProcessGUID: {7d3be4b5-0dec-5f2a-1e00-000000000400}
TargetProcessId: 1368
TargetImage: C:\windows\System32\svchost.exe
GrantedAccess: 0x1000
CallTrace: C:\windows\SYSTEM32\ntdll.dll+9c534|C:\windows\SYSTEM32\psmserviceexthost.dll+222a3|C:\windows\SYSTEM32\psmserviceexthost.dll+1a172|C:\windows\SYSTEM32\psmserviceexthost.dll+19e3b|C:\windows\SYSTEM32\psmserviceexthost.dll+19318|C:\windows\SYSTEM32\ntdll.dll+3081d|C:\windows\SYSTEM32\ntdll.dll+345b4|C:\windows\System32\KERNEL32.DLL+17bd4|C:\windows\SYSTEM32\ntdll.dll+6ce51",eventlog,Microsoft-Windows-Sysmon,2,,['mordorDataset'],Microsoft-Windows-Sysmon/Operational,{5770385F-C22A-43E0-BF4C-06F5698FFBD9},10,304317,WORKSTATION6.theshire.local,,,,900,im_msvistalog,53997,,2020-08-05 02:10:08,,,INFO,3240,,0,2020-08-05T06:10:09.901Z,10,,INFO,2020-08-05 02:10:09,,,,S-1-5-18,,,,-,NT AUTHORITY,SYSTEM,,User,,,,,,,,,,,,,,,,,,,,,,,,,,,,,,,,,,,,,,,,,,,,,,,,,,,,,,,,,,,,{7d3be4b5-0dea-5f2a-1000-000000000400},0x1000,1368,{7d3be4b5-0dec-5f2a-1e00-000000000400},C:\windows\System32\svchost.exe,C:\windows\SYSTEM32\ntdll.dll+9c534|C:\windows\SYSTEM32\psmserviceexthost.dll+222a3|C:\windows\SYSTEM32\psmserviceexthost.dll+1a172|C:\windows\SYSTEM32\psmserviceexthost.dll+19e3b|C:\windows\SYSTEM32\psmserviceexthost.dll+19318|C:\windows\SYSTEM32\ntdll.dll+3081d|C:\windows\SYSTEM32\ntdll.dll+345b4|C:\windows\System32\KERNEL32.DLL+17bd4|C:\windows\SYSTEM32\ntdll.dll+6ce51,9588.0,900,C:\windows\system32\svchost.exe,,,,,,,,,,,,,,,,,,,,,,,,,,,,0,0,0,1,0,0,2,True
2020-08-05 06:10:08,504,1,-9223372036854775808,4456,3,,wec.internal.cloudapp.net,,"Process accessed:
RuleName: -
UtcTime: 2020-08-05 06:10:08.554
SourceProcessGUID: {7d3be4b5-0dea-5f2a-1000-000000000400}
SourceProcessId: 900
SourceThreadId: 9588
SourceImage: C:\windows\system32\svchost.exe
TargetProcessGUID: {7d3be4b5-0dec-5f2a-1e00-000000000400}
TargetProcessId: 1368
TargetImage: C:\windows\System32\svchost.exe
GrantedAccess: 0x1000
CallTrace: C:\windows\SYSTEM32\ntdll.dll+9c534|C:\windows\SYSTEM32\psmserviceexthost.dll+222a3|C:\windows\SYSTEM32\psmserviceexthost.dll+1a172|C:\windows\SYSTEM32\psmserviceexthost.dll+19e3b|C:\windows\SYSTEM32\psmserviceexthost.dll+19318|C:\windows\SYSTEM32\ntdll.dll+3081d|C:\windows\SYSTEM32\ntdll.dll+345b4|C:\windows\System32\KERNEL32.DLL+17bd4|C:\windows\SYSTEM32\ntdll.dll+6ce51",eventlog,Microsoft-Windows-Sysmon,2,,['mordorDataset'],Microsoft-Windows-Sysmon/Operational,{5770385F-C22A-43E0-BF4C-06F5698FFBD9},10,304318,WORKSTATION6.theshire.local,,,,900,im_msvistalog,53997,,2020-08-05 02:10:08,,,INFO,3240,,0,2020-08-05T06:10:09.901Z,10,,INFO,2020-08-05 02:10:09,,,,S-1-5-18,,,,-,NT AUTHORITY,SYSTEM,,User,,,,,,,,,,,,,,,,,,,,,,,,,,,,,,,,,,,,,,,,,,,,,,,,,,,,,,,,,,,,{7d3be4b5-0dea-5f2a-1000-000000000400},0x1000,1368,{7d3be4b5-0dec-5f2a-1e00-000000000400},C:\windows\System32\svchost.exe,C:\windows\SYSTEM32\ntdll.dll+9c534|C:\windows\SYSTEM32\psmserviceexthost.dll+222a3|C:\windows\SYSTEM32\psmserviceexthost.dll+1a172|C:\windows\SYSTEM32\psmserviceexthost.dll+19e3b|C:\windows\SYSTEM32\psmserviceexthost.dll+19318|C:\windows\SYSTEM32\ntdll.dll+3081d|C:\windows\SYSTEM32\ntdll.dll+345b4|C:\windows\System32\KERNEL32.DLL+17bd4|C:\windows\SYSTEM32\ntdll.dll+6ce51,9588.0,900,C:\windows\system32\svchost.exe,,,,,,,,,,,,,,,,,,,,,,,,,,,,0,0,0,1,0,0,2,True
2020-08-05 06:10:08,642,1,-9223372036854775808,4336,5,,wec.internal.cloudapp.net,,"Network connection detected:
RuleName: -
UtcTime: 2020-08-05 06:10:08.391
ProcessGuid: {7d3be4b5-0df0-5f2a-4500-000000000400}
ProcessId: 2752
Image: C:\Windows\System32\svchost.exe
User: NT AUTHORITY\SYSTEM
Protocol: tcp
Initiated: true
SourceIsIpv6: false
SourceIp: 172.18.39.6
SourceHostname: -
SourcePort: 49839
SourcePortName: -
DestinationIsIpv6: false
DestinationIp: 52.167.249.196
DestinationHostname: -
DestinationPort: 443
DestinationPortName: -",eventlog,Microsoft-Windows-Sysmon,2,,['mordorDataset'],Microsoft-Windows-Sysmon/Operational,{5770385F-C22A-43E0-BF4C-06F5698FFBD9},3,304333,WORKSTATION6.theshire.local,,,tcp,2752,im_msvistalog,53997,,2020-08-05 02:10:10,,49839.0,INFO,3240,,0,2020-08-05T06:10:11.927Z,3,,INFO,2020-08-05 02:10:11,,,,S-1-5-18,,{7d3be4b5-0df0-5f2a-4500-000000000400},,-,NT AUTHORITY,SYSTEM,C:\Windows\System32\svchost.exe,User,,,,,,,,,,,,,,,,,,,,,,,,,,,,,,,,,,,,,,,,,,,,,,,,False,-,-,NT AUTHORITY\SYSTEM,-,-,172.18.39.6,443.0,False,52.167.249.196,True,,,,,,,,,,,,,,,,,,,,,,,,,,,,,,,,,,,,,,0,0,1,1,0,0,3,True
2020-08-05 06:10:08,416,1,-9223372036854775808,4456,2,,wec.internal.cloudapp.net,,"Registry value set:
RuleName: -
EventType: SetValue
UtcTime: 2020-08-05 06:10:08.445
ProcessGuid: {7d3be4b5-0df0-5f2a-4500-000000000400}
ProcessId: 2752
Image: C:\windows\System32\svchost.exe
TargetObject: HKLM\SOFTWARE\Microsoft\Windows\CurrentVersion\Diagnostics\DiagTrack\SettingsRequests\utc.tracing\ETag
Details: ""66A2A386""",eventlog,Microsoft-Windows-Sysmon,2,,['mordorDataset'],Microsoft-Windows-Sysmon/Operational,{5770385F-C22A-43E0-BF4C-06F5698FFBD9},13,304301,WORKSTATION6.theshire.local,,,,2752,im_msvistalog,53997,,2020-08-05 02:10:08,,,INFO,3240,,0,2020-08-05T06:10:09.880Z,13,,SetValue,2020-08-05 02:10:09,,,,S-1-5-18,,{7d3be4b5-0df0-5f2a-4500-000000000400},,-,NT AUTHORITY,SYSTEM,C:\windows\System32\svchost.exe,User,,INFO,HKLM\SOFTWARE\Microsoft\Windows\CurrentVersion\Diagnostics\DiagTrack\SettingsRequests\utc.tracing\ETag,,,,,,,,,,,,,,,,,,,,,,,,,,,,,,,,,,,,,,,,,,,,,,,,,,,,,,,,"""66A2A386""",,,,,,,,,,,,,,,,,,,,,,,,,,,,,,,,,,,,,0,0,1,1,1,0,4,True
2020-08-05 06:10:08,429,1,-9223372036854775808,4456,2,,wec.internal.cloudapp.net,,"Registry object added or deleted:
RuleName: -
EventType: CreateKey
UtcTime: 2020-08-05 06:10:08.445
ProcessGuid: {7d3be4b5-0df0-5f2a-4500-000000000400}
ProcessId: 2752
Image: C:\windows\System32\svchost.exe
TargetObject: HKLM\SOFTWARE\Microsoft\Windows\CurrentVersion\Diagnostics\DiagTrack\SettingsRequests\utc.tracing",eventlog,Microsoft-Windows-Sysmon,2,,['mordorDataset'],Microsoft-Windows-Sysmon/Operational,{5770385F-C22A-43E0-BF4C-06F5698FFBD9},12,304314,WORKSTATION6.theshire.local,,,,2752,im_msvistalog,53997,,2020-08-05 02:10:08,,,INFO,3240,,0,2020-08-05T06:10:09.884Z,12,,CreateKey,2020-08-05 02:10:09,,,,S-1-5-18,,{7d3be4b5-0df0-5f2a-4500-000000000400},,-,NT AUTHORITY,SYSTEM,C:\windows\System32\svchost.exe,User,,INFO,HKLM\SOFTWARE\Microsoft\Windows\CurrentVersion\Diagnostics\DiagTrack\SettingsRequests\utc.tracing,,,,,,,,,,,,,,,,,,,,,,,,,,,,,,,,,,,,,,,,,,,,,,,,,,,,,,,,,,,,,,,,,,,,,,,,,,,,,,,,,,,,,,,,,,,,,0,0,1,1,1,0,4,True
2020-08-05 06:10:08,415,1,-9223372036854775808,4456,2,,wec.internal.cloudapp.net,,"Registry object added or deleted:
RuleName: -
EventType: CreateKey
UtcTime: 2020-08-05 06:10:08.445
ProcessGuid: {7d3be4b5-0df0-5f2a-4500-000000000400}
ProcessId: 2752
Image: C:\windows\System32\svchost.exe
TargetObject: HKLM\SOFTWARE\Microsoft\Windows\CurrentVersion\Diagnostics\DiagTrack\SettingsRequests\utc.tracing",eventlog,Microsoft-Windows-Sysmon,2,,['mordorDataset'],Microsoft-Windows-Sysmon/Operational,{5770385F-C22A-43E0-BF4C-06F5698FFBD9},12,304300,WORKSTATION6.theshire.local,,,,2752,im_msvistalog,53997,,2020-08-05 02:10:08,,,INFO,3240,,0,2020-08-05T06:10:09.880Z,12,,CreateKey,2020-08-05 02:10:09,,,,S-1-5-18,,{7d3be4b5-0df0-5f2a-4500-000000000400},,-,NT AUTHORITY,SYSTEM,C:\windows\System32\svchost.exe,User,,INFO,HKLM\SOFTWARE\Microsoft\Windows\CurrentVersion\Diagnostics\DiagTrack\SettingsRequests\utc.tracing,,,,,,,,,,,,,,,,,,,,,,,,,,,,,,,,,,,,,,,,,,,,,,,,,,,,,,,,,,,,,,,,,,,,,,,,,,,,,,,,,,,,,,,,,,,,,0,0,1,1,1,0,4,True
2020-08-05 06:10:08,453,1,-9223372036854775808,4452,3,,wec.internal.cloudapp.net,,"Process accessed:
RuleName: -
UtcTime: 2020-08-05 06:10:08.453
SourceProcessGUID: {8715b604-0dea-5f2a-0e00-000000000400}
SourceProcessId: 884
SourceThreadId: 1064
SourceImage: C:\windows\system32\svchost.exe
TargetProcessGUID: {8715b604-104c-5f2a-c702-000000000400}
TargetProcessId: 4400
TargetImage: C:\Windows\SystemApps\InputApp_cw5n1h2txyewy\WindowsInternal.ComposableShell.Experiences.TextInput.InputApp.exe
GrantedAccess: 0x1000
CallTrace: C:\windows\SYSTEM32\ntdll.dll+9c534|C:\windows\SYSTEM32\psmserviceexthost.dll+222a3|C:\windows\SYSTEM32\psmserviceexthost.dll+37ea0|C:\windows\SYSTEM32\psmserviceexthost.dll+37929|C:\windows\SYSTEM32\psmserviceexthost.dll+686f8|C:\windows\SYSTEM32\psmserviceexthost.dll+6e84a|C:\windows\SYSTEM32\psmserviceexthost.dll+6f700|C:\windows\SYSTEM32\psmserviceexthost.dll+34be4|C:\windows\SYSTEM32\psmserviceexthost.dll+6f63e|C:\windows\SYSTEM32\psmserviceexthost.dll+713b5|C:\windows\SYSTEM32\psmserviceexthost.dll+50bda|C:\windows\SYSTEM32\psmserviceexthost.dll+4500a|C:\windows\System32\KERNEL32.DLL+17bd4|C:\windows\SYSTEM32\ntdll.dll+6ce51",eventlog,Microsoft-Windows-Sysmon,2,,['mordorDataset'],Microsoft-Windows-Sysmon/Operational,{5770385F-C22A-43E0-BF4C-06F5698FFBD9},10,479998,WORKSTATION5.theshire.local,,,,884,im_msvistalog,53997,,2020-08-05 02:10:08,,,INFO,3484,,0,2020-08-05T06:10:09.889Z,10,,INFO,2020-08-05 02:10:09,,,,S-1-5-18,,,,-,NT AUTHORITY,SYSTEM,,User,,,,,,,,,,,,,,,,,,,,,,,,,,,,,,,,,,,,,,,,,,,,,,,,,,,,,,,,,,,,{8715b604-0dea-5f2a-0e00-000000000400},0x1000,4400,{8715b604-104c-5f2a-c702-000000000400},C:\Windows\SystemApps\InputApp_cw5n1h2txyewy\WindowsInternal.ComposableShell.Experiences.TextInput.InputApp.exe,C:\windows\SYSTEM32\ntdll.dll+9c534|C:\windows\SYSTEM32\psmserviceexthost.dll+222a3|C:\windows\SYSTEM32\psmserviceexthost.dll+37ea0|C:\windows\SYSTEM32\psmserviceexthost.dll+37929|C:\windows\SYSTEM32\psmserviceexthost.dll+686f8|C:\windows\SYSTEM32\psmserviceexthost.dll+6e84a|C:\windows\SYSTEM32\psmserviceexthost.dll+6f700|C:\windows\SYSTEM32\psmserviceexthost.dll+34be4|C:\windows\SYSTEM32\psmserviceexthost.dll+6f63e|C:\windows\SYSTEM32\psmserviceexthost.dll+713b5|C:\windows\SYSTEM32\psmserviceexthost.dll+50bda|C:\windows\SYSTEM32\psmserviceexthost.dll+4500a|C:\windows\System32\KERNEL32.DLL+17bd4|C:\windows\SYSTEM32\ntdll.dll+6ce51,1064.0,884,C:\windows\system32\svchost.exe,,,,,,,,,,,,,,,,,,,,,,,,,,,,0,0,1,1,1,0,4,True
2020-08-05 06:10:08,413,1,-9223372036854775808,4456,2,,wec.internal.cloudapp.net,,"Registry object added or deleted:
RuleName: -
EventType: CreateKey
UtcTime: 2020-08-05 06:10:08.445
ProcessGuid: {7d3be4b5-0df0-5f2a-4500-000000000400}
ProcessId: 2752
Image: C:\windows\System32\svchost.exe
TargetObject: HKLM\SOFTWARE\Microsoft\Windows\CurrentVersion\Diagnostics\DiagTrack\SettingsRequests\utc.tracing",eventlog,Microsoft-Windows-Sysmon,2,,['mordorDataset'],Microsoft-Windows-Sysmon/Operational,{5770385F-C22A-43E0-BF4C-06F5698FFBD9},12,304298,WORKSTATION6.theshire.local,,,,2752,im_msvistalog,53997,,2020-08-05 02:10:08,,,INFO,3240,,0,2020-08-05T06:10:08.875Z,12,,CreateKey,2020-08-05 02:10:08,,,,S-1-5-18,,{7d3be4b5-0df0-5f2a-4500-000000000400},,-,NT AUTHORITY,SYSTEM,C:\windows\System32\svchost.exe,User,,INFO,HKLM\SOFTWARE\Microsoft\Windows\CurrentVersion\Diagnostics\DiagTrack\SettingsRequests\utc.tracing,,,,,,,,,,,,,,,,,,,,,,,,,,,,,,,,,,,,,,,,,,,,,,,,,,,,,,,,,,,,,,,,,,,,,,,,,,,,,,,,,,,,,,,,,,,,,0,0,0,1,1,0,3,True
2020-08-05 06:10:08,391,1,-9223372036854775808,4456,2,,wec.internal.cloudapp.net,,"Registry object added or deleted:
RuleName: -
EventType: CreateKey
UtcTime: 2020-08-05 06:10:08.398
ProcessGuid: {7d3be4b5-0df0-5f2a-4500-000000000400}
ProcessId: 2752
Image: C:\windows\System32\svchost.exe
TargetObject: HKLM\SOFTWARE\Microsoft\Windows\CurrentVersion\Flighting\Build",eventlog,Microsoft-Windows-Sysmon,2,,['mordorDataset'],Microsoft-Windows-Sysmon/Operational,{5770385F-C22A-43E0-BF4C-06F5698FFBD9},12,304276,WORKSTATION6.theshire.local,,,,2752,im_msvistalog,53997,,2020-08-05 02:10:08,,,INFO,3240,,0,2020-08-05T06:10:08.868Z,12,,CreateKey,2020-08-05 02:10:08,,,,S-1-5-18,,{7d3be4b5-0df0-5f2a-4500-000000000400},,-,NT AUTHORITY,SYSTEM,C:\windows\System32\svchost.exe,User,,INFO,HKLM\SOFTWARE\Microsoft\Windows\CurrentVersion\Flighting\Build,,,,,,,,,,,,,,,,,,,,,,,,,,,,,,,,,,,,,,,,,,,,,,,,,,,,,,,,,,,,,,,,,,,,,,,,,,,,,,,,,,,,,,,,,,,,,0,0,0,1,0,0,2,True
2020-08-05 06:10:08,390,1,-9223372036854775808,4456,2,,wec.internal.cloudapp.net,,"Registry object added or deleted:
RuleName: -
EventType: CreateKey
UtcTime: 2020-08-05 06:10:08.398
ProcessGuid: {7d3be4b5-0df0-5f2a-4500-000000000400}
ProcessId: 2752
Image: C:\windows\System32\svchost.exe
TargetObject: HKLM\SOFTWARE\Microsoft\Windows\CurrentVersion\Flighting\Build",eventlog,Microsoft-Windows-Sysmon,2,,['mordorDataset'],Microsoft-Windows-Sysmon/Operational,{5770385F-C22A-43E0-BF4C-06F5698FFBD9},12,304275,WORKSTATION6.theshire.local,,,,2752,im_msvistalog,53997,,2020-08-05 02:10:08,,,INFO,3240,,0,2020-08-05T06:10:08.868Z,12,,CreateKey,2020-08-05 02:10:08,,,,S-1-5-18,,{7d3be4b5-0df0-5f2a-4500-000000000400},,-,NT AUTHORITY,SYSTEM,C:\windows\System32\svchost.exe,User,,INFO,HKLM\SOFTWARE\Microsoft\Windows\CurrentVersion\Flighting\Build,,,,,,,,,,,,,,,,,,,,,,,,,,,,,,,,,,,,,,,,,,,,,,,,,,,,,,,,,,,,,,,,,,,,,,,,,,,,,,,,,,,,,,,,,,,,,0,0,0,1,0,0,2,True
2020-08-05 06:10:08,389,1,-9223372036854775808,4456,2,,wec.internal.cloudapp.net,,"Registry object added or deleted:
RuleName: -
EventType: CreateKey
UtcTime: 2020-08-05 06:10:08.398
ProcessGuid: {7d3be4b5-0df0-5f2a-4500-000000000400}
ProcessId: 2752
Image: C:\windows\System32\svchost.exe
TargetObject: HKLM\SOFTWARE\Microsoft\WindowsSelfHost\FIDs\Unknown",eventlog,Microsoft-Windows-Sysmon,2,,['mordorDataset'],Microsoft-Windows-Sysmon/Operational,{5770385F-C22A-43E0-BF4C-06F5698FFBD9},12,304274,WORKSTATION6.theshire.local,,,,2752,im_msvistalog,53997,,2020-08-05 02:10:08,,,INFO,3240,,0,2020-08-05T06:10:08.867Z,12,,CreateKey,2020-08-05 02:10:08,,,,S-1-5-18,,{7d3be4b5-0df0-5f2a-4500-000000000400},,-,NT AUTHORITY,SYSTEM,C:\windows\System32\svchost.exe,User,,INFO,HKLM\SOFTWARE\Microsoft\WindowsSelfHost\FIDs\Unknown,,,,,,,,,,,,,,,,,,,,,,,,,,,,,,,,,,,,,,,,,,,,,,,,,,,,,,,,,,,,,,,,,,,,,,,,,,,,,,,,,,,,,,,,,,,,,0,0,0,1,0,0,2,True
2020-08-05 06:10:08,388,1,-9223372036854775808,4456,2,,wec.internal.cloudapp.net,,"Registry object added or deleted:
RuleName: -
EventType: CreateKey
UtcTime: 2020-08-05 06:10:08.398
ProcessGuid: {7d3be4b5-0df0-5f2a-4500-000000000400}
ProcessId: 2752
Image: C:\windows\System32\svchost.exe
TargetObject: HKLM\SOFTWARE\Microsoft\WindowsSelfHost\FIDs\ByFID",eventlog,Microsoft-Windows-Sysmon,2,,['mordorDataset'],Microsoft-Windows-Sysmon/Operational,{5770385F-C22A-43E0-BF4C-06F5698FFBD9},12,304273,WORKSTATION6.theshire.local,,,,2752,im_msvistalog,53997,,2020-08-05 02:10:08,,,INFO,3240,,0,2020-08-05T06:10:08.867Z,12,,CreateKey,2020-08-05 02:10:08,,,,S-1-5-18,,{7d3be4b5-0df0-5f2a-4500-000000000400},,-,NT AUTHORITY,SYSTEM,C:\windows\System32\svchost.exe,User,,INFO,HKLM\SOFTWARE\Microsoft\WindowsSelfHost\FIDs\ByFID,,,,,,,,,,,,,,,,,,,,,,,,,,,,,,,,,,,,,,,,,,,,,,,,,,,,,,,,,,,,,,,,,,,,,,,,,,,,,,,,,,,,,,,,,,,,,0,0,0,1,0,0,1,True
2020-08-05 06:10:08,387,1,-9223372036854775808,4456,2,,wec.internal.cloudapp.net,,"Registry object added or deleted:
RuleName: -
EventType: CreateKey
UtcTime: 2020-08-05 06:10:08.398
ProcessGuid: {7d3be4b5-0df0-5f2a-4500-000000000400}
ProcessId: 2752
Image: C:\windows\System32\svchost.exe
TargetObject: HKLM\SOFTWARE\Microsoft\WindowsSelfHost\FIDs",eventlog,Microsoft-Windows-Sysmon,2,,['mordorDataset'],Microsoft-Windows-Sysmon/Operational,{5770385F-C22A-43E0-BF4C-06F5698FFBD9},12,304272,WORKSTATION6.theshire.local,,,,2752,im_msvistalog,53997,,2020-08-05 02:10:08,,,INFO,3240,,0,2020-08-05T06:10:08.867Z,12,,CreateKey,2020-08-05 02:10:08,,,,S-1-5-18,,{7d3be4b5-0df0-5f2a-4500-000000000400},,-,NT AUTHORITY,SYSTEM,C:\windows\System32\svchost.exe,User,,INFO,HKLM\SOFTWARE\Microsoft\WindowsSelfHost\FIDs,,,,,,,,,,,,,,,,,,,,,,,,,,,,,,,,,,,,,,,,,,,,,,,,,,,,,,,,,,,,,,,,,,,,,,,,,,,,,,,,,,,,,,,,,,,,,0,0,0,1,0,0,1,True
2020-08-05 06:10:08,386,1,-9223372036854775808,4456,2,,wec.internal.cloudapp.net,,"RawAccessRead detected:
RuleName: -
UtcTime: 2020-08-05 06:10:08.382
ProcessGuid: {7d3be4b5-0df0-5f2a-4500-000000000400}
ProcessId: 2752
Image: C:\Windows\System32\svchost.exe
Device: \Device\HarddiskVolume2",eventlog,Microsoft-Windows-Sysmon,2,,['mordorDataset'],Microsoft-Windows-Sysmon/Operational,{5770385F-C22A-43E0-BF4C-06F5698FFBD9},9,304271,WORKSTATION6.theshire.local,,,,2752,im_msvistalog,53997,,2020-08-05 02:10:08,,,INFO,3240,,0,2020-08-05T06:10:08.867Z,9,,INFO,2020-08-05 02:10:08,,,,S-1-5-18,,{7d3be4b5-0df0-5f2a-4500-000000000400},,-,NT AUTHORITY,SYSTEM,C:\Windows\System32\svchost.exe,User,\Device\HarddiskVolume2,,,,,,,,,,,,,,,,,,,,,,,,,,,,,,,,,,,,,,,,,,,,,,,,,,,,,,,,,,,,,,,,,,,,,,,,,,,,,,,,,,,,,,,,,,,,,,,0,0,0,1,0,0,2,True
2020-08-05 06:10:08,385,1,-9223372036854775808,4456,3,,wec.internal.cloudapp.net,,"Image loaded:
RuleName: -
UtcTime: 2020-08-05 06:10:08.382
ProcessGuid: {7d3be4b5-0df0-5f2a-4500-000000000400}
ProcessId: 2752
Image: C:\Windows\System32\svchost.exe
ImageLoaded: C:\Windows\System32\dcntel.dll
FileVersion: 10.0.18362.1035 (WinBuild.160101.0800)
Description: dcntel
Product: Microsoft® Windows® Operating System
Company: Microsoft Corporation
OriginalFileName: dcntel.dll
Hashes: SHA1=E7D5D7D62BC8990BC97625FFA6ABF2800839BBD0,MD5=738FE3A1BABE65CCCEB9D16AEF78C94C,SHA256=7917823F4975970F826582F104C1116CBB1C3499B716429422EE0B917A66CE3E,IMPHASH=60BDE78830004142B269EB641B71C94A
Signed: true
Signature: Microsoft Windows
SignatureStatus: Valid",eventlog,Microsoft-Windows-Sysmon,2,,['mordorDataset'],Microsoft-Windows-Sysmon/Operational,{5770385F-C22A-43E0-BF4C-06F5698FFBD9},7,304270,WORKSTATION6.theshire.local,,,,2752,im_msvistalog,53997,,2020-08-05 02:10:08,,,INFO,3240,,0,2020-08-05T06:10:08.866Z,7,,INFO,2020-08-05 02:10:08,,,,S-1-5-18,,{7d3be4b5-0df0-5f2a-4500-000000000400},,-,NT AUTHORITY,SYSTEM,C:\Windows\System32\svchost.exe,User,,,,"SHA1=E7D5D7D62BC8990BC97625FFA6ABF2800839BBD0,MD5=738FE3A1BABE65CCCEB9D16AEF78C94C,SHA256=7917823F4975970F826582F104C1116CBB1C3499B716429422EE0B917A66CE3E,IMPHASH=60BDE78830004142B269EB641B71C94A",Microsoft Windows,True,10.0.18362.1035 (WinBuild.160101.0800),dcntel.dll,Valid,dcntel,Microsoft Corporation,Microsoft® Windows® Operating System,C:\Windows\System32\dcntel.dll,,,,,,,,,,,,,,,,,,,,,,,,,,,,,,,,,,,,,,,,,,,,,,,,,,,,,,,,,,,,,,,,,,,,,,,,,,,,,,,,,,,0,0,0,1,0,0,3,True
2020-08-05 06:10:08,384,1,-9223372036854775808,4456,3,,wec.internal.cloudapp.net,,"Image loaded:
RuleName: -
UtcTime: 2020-08-05 06:10:08.382
ProcessGuid: {7d3be4b5-0df0-5f2a-4500-000000000400}
ProcessId: 2752
Image: C:\Windows\System32\svchost.exe
ImageLoaded: C:\Windows\System32\utcutil.dll
FileVersion: 10.0.18362.959 (WinBuild.160101.0800)
Description: Microsoft Windows Telemetry Utils
Product: Microsoft® Windows® Operating System
Company: Microsoft Corporation
OriginalFileName: utcutil.dll
Hashes: SHA1=C3D8C0EF09655C3FD46B79250C56C73C521359CB,MD5=9D9EEBCD25847591B574D5717B67D7E9,SHA256=B64B27D95EB74424D33BE13258083658328F94F31566855499936981ADCE43B6,IMPHASH=94725A81675DD91B612F82F4D84A1B3A
Signed: true
Signature: Microsoft Windows
SignatureStatus: Valid",eventlog,Microsoft-Windows-Sysmon,2,,['mordorDataset'],Microsoft-Windows-Sysmon/Operational,{5770385F-C22A-43E0-BF4C-06F5698FFBD9},7,304269,WORKSTATION6.theshire.local,,,,2752,im_msvistalog,53997,,2020-08-05 02:10:08,,,INFO,3240,,0,2020-08-05T06:10:08.866Z,7,,INFO,2020-08-05 02:10:08,,,,S-1-5-18,,{7d3be4b5-0df0-5f2a-4500-000000000400},,-,NT AUTHORITY,SYSTEM,C:\Windows\System32\svchost.exe,User,,,,"SHA1=C3D8C0EF09655C3FD46B79250C56C73C521359CB,MD5=9D9EEBCD25847591B574D5717B67D7E9,SHA256=B64B27D95EB74424D33BE13258083658328F94F31566855499936981ADCE43B6,IMPHASH=94725A81675DD91B612F82F4D84A1B3A",Microsoft Windows,True,10.0.18362.959 (WinBuild.160101.0800),utcutil.dll,Valid,Microsoft Windows Telemetry Utils,Microsoft Corporation,Microsoft® Windows® Operating System,C:\Windows\System32\utcutil.dll,,,,,,,,,,,,,,,,,,,,,,,,,,,,,,,,,,,,,,,,,,,,,,,,,,,,,,,,,,,,,,,,,,,,,,,,,,,,,,,,,,,0,0,0,1,0,0,3,True
2020-08-05 06:10:08,383,1,-9223372036854775808,4456,2,,wec.internal.cloudapp.net,,"Registry object added or deleted:
RuleName: -
EventType: CreateKey
UtcTime: 2020-08-05 06:10:08.367
ProcessGuid: {7d3be4b5-0df0-5f2a-4500-000000000400}
ProcessId: 2752
Image: C:\windows\System32\svchost.exe
TargetObject: HKLM\SOFTWARE\Microsoft\Windows\CurrentVersion\Wosc\Client\Persistent\ClientState\CTAC",eventlog,Microsoft-Windows-Sysmon,2,,['mordorDataset'],Microsoft-Windows-Sysmon/Operational,{5770385F-C22A-43E0-BF4C-06F5698FFBD9},12,304268,WORKSTATION6.theshire.local,,,,2752,im_msvistalog,53997,,2020-08-05 02:10:08,,,INFO,3240,,0,2020-08-05T06:10:08.866Z,12,,CreateKey,2020-08-05 02:10:08,,,,S-1-5-18,,{7d3be4b5-0df0-5f2a-4500-000000000400},,-,NT AUTHORITY,SYSTEM,C:\windows\System32\svchost.exe,User,,INFO,HKLM\SOFTWARE\Microsoft\Windows\CurrentVersion\Wosc\Client\Persistent\ClientState\CTAC,,,,,,,,,,,,,,,,,,,,,,,,,,,,,,,,,,,,,,,,,,,,,,,,,,,,,,,,,,,,,,,,,,,,,,,,,,,,,,,,,,,,,,,,,,,,,0,0,0,1,0,0,3,True
2020-08-05 06:10:08,382,1,-9223372036854775808,4456,2,,wec.internal.cloudapp.net,,"Registry object added or deleted:
RuleName: -
EventType: CreateKey
UtcTime: 2020-08-05 06:10:08.367
ProcessGuid: {7d3be4b5-0df0-5f2a-4500-000000000400}
ProcessId: 2752
Image: C:\windows\System32\svchost.exe
TargetObject: HKLM\SOFTWARE\Microsoft\Windows\CurrentVersion\Wosc\Client\Persistent\ClientState",eventlog,Microsoft-Windows-Sysmon,2,,['mordorDataset'],Microsoft-Windows-Sysmon/Operational,{5770385F-C22A-43E0-BF4C-06F5698FFBD9},12,304267,WORKSTATION6.theshire.local,,,,2752,im_msvistalog,53997,,2020-08-05 02:10:08,,,INFO,3240,,0,2020-08-05T06:10:08.865Z,12,,CreateKey,2020-08-05 02:10:08,,,,S-1-5-18,,{7d3be4b5-0df0-5f2a-4500-000000000400},,-,NT AUTHORITY,SYSTEM,C:\windows\System32\svchost.exe,User,,INFO,HKLM\SOFTWARE\Microsoft\Windows\CurrentVersion\Wosc\Client\Persistent\ClientState,,,,,,,,,,,,,,,,,,,,,,,,,,,,,,,,,,,,,,,,,,,,,,,,,,,,,,,,,,,,,,,,,,,,,,,,,,,,,,,,,,,,,,,,,,,,,0,0,0,1,0,0,3,True
2020-08-05 06:10:08,414,1,-9223372036854775808,4456,2,,wec.internal.cloudapp.net,,"Registry value set:
RuleName: -
EventType: SetValue
UtcTime: 2020-08-05 06:10:08.445
ProcessGuid: {7d3be4b5-0df0-5f2a-4500-000000000400}
ProcessId: 2752
Image: C:\windows\System32\svchost.exe
TargetObject: HKLM\SOFTWARE\Microsoft\Windows\CurrentVersion\Diagnostics\DiagTrack\SettingsRequests\utc.tracing\SettingsParseType
Details: DWORD (0x00000000)",eventlog,Microsoft-Windows-Sysmon,2,,['mordorDataset'],Microsoft-Windows-Sysmon/Operational,{5770385F-C22A-43E0-BF4C-06F5698FFBD9},13,304299,WORKSTATION6.theshire.local,,,,2752,im_msvistalog,53997,,2020-08-05 02:10:08,,,INFO,3240,,0,2020-08-05T06:10:08.875Z,13,,SetValue,2020-08-05 02:10:08,,,,S-1-5-18,,{7d3be4b5-0df0-5f2a-4500-000000000400},,-,NT AUTHORITY,SYSTEM,C:\windows\System32\svchost.exe,User,,INFO,HKLM\SOFTWARE\Microsoft\Windows\CurrentVersion\Diagnostics\DiagTrack\SettingsRequests\utc.tracing\SettingsParseType,,,,,,,,,,,,,,,,,,,,,,,,,,,,,,,,,,,,,,,,,,,,,,,,,,,,,,,,DWORD (0x00000000),,,,,,,,,,,,,,,,,,,,,,,,,,,,,,,,,,,,,0,0,0,1,1,0,3,True
2020-08-05 06:10:08,380,1,-9223372036854775808,4456,2,,wec.internal.cloudapp.net,,"File created:
RuleName: -
UtcTime: 2020-08-05 06:10:08.367
ProcessGuid: {7d3be4b5-0df0-5f2a-4500-000000000400}
ProcessId: 2752
Image: C:\windows\System32\svchost.exe
TargetFilename: C:\ProgramData\Microsoft\Diagnosis\DownloadedSettings\utc.tracing.json.new
CreationUtcTime: 2020-08-05 06:10:08.367",eventlog,Microsoft-Windows-Sysmon,2,,['mordorDataset'],Microsoft-Windows-Sysmon/Operational,{5770385F-C22A-43E0-BF4C-06F5698FFBD9},11,304265,WORKSTATION6.theshire.local,,,,2752,im_msvistalog,53997,,2020-08-05 02:10:08,,,INFO,3240,,0,2020-08-05T06:10:08.865Z,11,,INFO,2020-08-05 02:10:08,,,,S-1-5-18,2020-08-05 06:10:08.367,{7d3be4b5-0df0-5f2a-4500-000000000400},C:\ProgramData\Microsoft\Diagnosis\DownloadedSettings\utc.tracing.json.new,-,NT AUTHORITY,SYSTEM,C:\windows\System32\svchost.exe,User,,,,,,,,,,,,,,,,,,,,,,,,,,,,,,,,,,,,,,,,,,,,,,,,,,,,,,,,,,,,,,,,,,,,,,,,,,,,,,,,,,,,,,,,,,,,,,,,0,0,0,1,1,0,4,True
2020-08-05 06:10:08,379,1,-9223372036854775808,4456,2,,wec.internal.cloudapp.net,,"Registry object added or deleted:
RuleName: -
EventType: CreateKey
UtcTime: 2020-08-05 06:10:08.367
ProcessGuid: {7d3be4b5-0df0-5f2a-4500-000000000400}
ProcessId: 2752
Image: C:\windows\System32\svchost.exe
TargetObject: HKLM\SOFTWARE\Microsoft\IdentityCRL\ClockData",eventlog,Microsoft-Windows-Sysmon,2,,['mordorDataset'],Microsoft-Windows-Sysmon/Operational,{5770385F-C22A-43E0-BF4C-06F5698FFBD9},12,304264,WORKSTATION6.theshire.local,,,,2752,im_msvistalog,53997,,2020-08-05 02:10:08,,,INFO,3240,,0,2020-08-05T06:10:08.863Z,12,,CreateKey,2020-08-05 02:10:08,,,,S-1-5-18,,{7d3be4b5-0df0-5f2a-4500-000000000400},,-,NT AUTHORITY,SYSTEM,C:\windows\System32\svchost.exe,User,,INFO,HKLM\SOFTWARE\Microsoft\IdentityCRL\ClockData,,,,,,,,,,,,,,,,,,,,,,,,,,,,,,,,,,,,,,,,,,,,,,,,,,,,,,,,,,,,,,,,,,,,,,,,,,,,,,,,,,,,,,,,,,,,,0,0,0,1,1,0,3,True
2020-08-05 06:10:08,378,1,-9223372036854775808,4456,2,,wec.internal.cloudapp.net,,"Registry value set:
RuleName: -
EventType: SetValue
UtcTime: 2020-08-05 06:10:08.367
ProcessGuid: {7d3be4b5-0df0-5f2a-4500-000000000400}
ProcessId: 2752
Image: C:\windows\System32\svchost.exe
TargetObject: HKLM\SOFTWARE\Microsoft\Windows\CurrentVersion\Diagnostics\DiagTrack\SettingsRequests\LastDownloadTime
Details: QWORD (0x01d66aef-0x11e0abf9)",eventlog,Microsoft-Windows-Sysmon,2,,['mordorDataset'],Microsoft-Windows-Sysmon/Operational,{5770385F-C22A-43E0-BF4C-06F5698FFBD9},13,304263,WORKSTATION6.theshire.local,,,,2752,im_msvistalog,53997,,2020-08-05 02:10:08,,,INFO,3240,,0,2020-08-05T06:10:08.863Z,13,,SetValue,2020-08-05 02:10:08,,,,S-1-5-18,,{7d3be4b5-0df0-5f2a-4500-000000000400},,-,NT AUTHORITY,SYSTEM,C:\windows\System32\svchost.exe,User,,INFO,HKLM\SOFTWARE\Microsoft\Windows\CurrentVersion\Diagnostics\DiagTrack\SettingsRequests\LastDownloadTime,,,,,,,,,,,,,,,,,,,,,,,,,,,,,,,,,,,,,,,,,,,,,,,,,,,,,,,,QWORD (0x01d66aef-0x11e0abf9),,,,,,,,,,,,,,,,,,,,,,,,,,,,,,,,,,,,,0,0,0,1,1,0,3,True
2020-08-05 06:10:08,377,1,-9223372036854775808,4456,2,,wec.internal.cloudapp.net,,"Registry object added or deleted:
RuleName: -
EventType: CreateKey
UtcTime: 2020-08-05 06:10:08.367
ProcessGuid: {7d3be4b5-0df0-5f2a-4500-000000000400}
ProcessId: 2752
Image: C:\windows\System32\svchost.exe
TargetObject: HKLM\SOFTWARE\Microsoft\Windows\CurrentVersion\Diagnostics\DiagTrack\SettingsRequests",eventlog,Microsoft-Windows-Sysmon,2,,['mordorDataset'],Microsoft-Windows-Sysmon/Operational,{5770385F-C22A-43E0-BF4C-06F5698FFBD9},12,304262,WORKSTATION6.theshire.local,,,,2752,im_msvistalog,53997,,2020-08-05 02:10:08,,,INFO,3240,,0,2020-08-05T06:10:08.863Z,12,,CreateKey,2020-08-05 02:10:08,,,,S-1-5-18,,{7d3be4b5-0df0-5f2a-4500-000000000400},,-,NT AUTHORITY,SYSTEM,C:\windows\System32\svchost.exe,User,,INFO,HKLM\SOFTWARE\Microsoft\Windows\CurrentVersion\Diagnostics\DiagTrack\SettingsRequests,,,,,,,,,,,,,,,,,,,,,,,,,,,,,,,,,,,,,,,,,,,,,,,,,,,,,,,,,,,,,,,,,,,,,,,,,,,,,,,,,,,,,,,,,,,,,0,0,0,1,1,0,3,True
2020-08-05 06:10:08,392,1,-9223372036854775808,4456,3,,wec.internal.cloudapp.net,,"Image loaded:
RuleName: -
UtcTime: 2020-08-05 06:10:08.398
ProcessGuid: {7d3be4b5-0df0-5f2a-4500-000000000400}
ProcessId: 2752
Image: C:\Windows\System32\svchost.exe
ImageLoaded: C:\Windows\System32\OnDemandConnRouteHelper.dll
FileVersion: 10.0.18362.1 (WinBuild.160101.0800)
Description: On Demand Connctiond Route Helper
Product: Microsoft® Windows® Operating System
Company: Microsoft Corporation
OriginalFileName: OnDemandConnRouteHelper.dll
Hashes: SHA1=CB0FED80A33581425BBEA334D9185F63C5EE315F,MD5=9D1E318E09783AFBBF2F51D6E9950662,SHA256=48C0E264A522173740EBD7627900BE7E6FEDAEE2264F67A00E78D4A6D76865D8,IMPHASH=83BEA6248DF8A10A1D9DF229B452B69F
Signed: true
Signature: Microsoft Windows
SignatureStatus: Valid",eventlog,Microsoft-Windows-Sysmon,2,,['mordorDataset'],Microsoft-Windows-Sysmon/Operational,{5770385F-C22A-43E0-BF4C-06F5698FFBD9},7,304277,WORKSTATION6.theshire.local,,,,2752,im_msvistalog,53997,,2020-08-05 02:10:08,,,INFO,3240,,0,2020-08-05T06:10:08.868Z,7,,INFO,2020-08-05 02:10:08,,,,S-1-5-18,,{7d3be4b5-0df0-5f2a-4500-000000000400},,-,NT AUTHORITY,SYSTEM,C:\Windows\System32\svchost.exe,User,,,,"SHA1=CB0FED80A33581425BBEA334D9185F63C5EE315F,MD5=9D1E318E09783AFBBF2F51D6E9950662,SHA256=48C0E264A522173740EBD7627900BE7E6FEDAEE2264F67A00E78D4A6D76865D8,IMPHASH=83BEA6248DF8A10A1D9DF229B452B69F",Microsoft Windows,True,10.0.18362.1 (WinBuild.160101.0800),OnDemandConnRouteHelper.dll,Valid,On Demand Connctiond Route Helper,Microsoft Corporation,Microsoft® Windows® Operating System,C:\Windows\System32\OnDemandConnRouteHelper.dll,,,,,,,,,,,,,,,,,,,,,,,,,,,,,,,,,,,,,,,,,,,,,,,,,,,,,,,,,,,,,,,,,,,,,,,,,,,,,,,,,,,0,0,0,1,1,0,4,True
2020-08-05 06:10:08,393,1,-9223372036854775808,4456,2,,wec.internal.cloudapp.net,,"Registry object added or deleted:
RuleName: -
EventType: CreateKey
UtcTime: 2020-08-05 06:10:08.398
ProcessGuid: {7d3be4b5-0def-5f2a-3c00-000000000400}
ProcessId: 2664
Image: C:\windows\system32\svchost.exe
TargetObject: HKU\S-1-5-21-3669966080-2286457517-972388166-1106\Software\Microsoft\Windows\CurrentVersion\Internet Settings\Connections",eventlog,Microsoft-Windows-Sysmon,2,,['mordorDataset'],Microsoft-Windows-Sysmon/Operational,{5770385F-C22A-43E0-BF4C-06F5698FFBD9},12,304278,WORKSTATION6.theshire.local,,,,2664,im_msvistalog,53997,,2020-08-05 02:10:08,,,INFO,3240,,0,2020-08-05T06:10:08.869Z,12,,CreateKey,2020-08-05 02:10:08,,,,S-1-5-18,,{7d3be4b5-0def-5f2a-3c00-000000000400},,-,NT AUTHORITY,SYSTEM,C:\windows\system32\svchost.exe,User,,INFO,HKU\S-1-5-21-3669966080-2286457517-972388166-1106\Software\Microsoft\Windows\CurrentVersion\Internet Settings\Connections,,,,,,,,,,,,,,,,,,,,,,,,,,,,,,,,,,,,,,,,,,,,,,,,,,,,,,,,,,,,,,,,,,,,,,,,,,,,,,,,,,,,,,,,,,,,,0,0,0,1,1,0,3,True
2020-08-05 06:10:08,381,1,-9223372036854775808,4456,2,,wec.internal.cloudapp.net,,"Registry object added or deleted:
RuleName: -
EventType: CreateKey
UtcTime: 2020-08-05 06:10:08.367
ProcessGuid: {7d3be4b5-0df0-5f2a-4500-000000000400}
ProcessId: 2752
Image: C:\windows\System32\svchost.exe
TargetObject: HKLM\SOFTWARE\Microsoft\Windows\CurrentVersion\Wosc\Client\Persistent",eventlog,Microsoft-Windows-Sysmon,2,,['mordorDataset'],Microsoft-Windows-Sysmon/Operational,{5770385F-C22A-43E0-BF4C-06F5698FFBD9},12,304266,WORKSTATION6.theshire.local,,,,2752,im_msvistalog,53997,,2020-08-05 02:10:08,,,INFO,3240,,0,2020-08-05T06:10:08.865Z,12,,CreateKey,2020-08-05 02:10:08,,,,S-1-5-18,,{7d3be4b5-0df0-5f2a-4500-000000000400},,-,NT AUTHORITY,SYSTEM,C:\windows\System32\svchost.exe,User,,INFO,HKLM\SOFTWARE\Microsoft\Windows\CurrentVersion\Wosc\Client\Persistent,,,,,,,,,,,,,,,,,,,,,,,,,,,,,,,,,,,,,,,,,,,,,,,,,,,,,,,,,,,,,,,,,,,,,,,,,,,,,,,,,,,,,,,,,,,,,0,0,0,1,1,0,3,True
2020-08-05 06:10:08,401,1,-9223372036854775808,4456,2,,wec.internal.cloudapp.net,,"Registry object added or deleted:
RuleName: -
EventType: CreateKey
UtcTime: 2020-08-05 06:10:08.429
ProcessGuid: {7d3be4b5-0df0-5f2a-4500-000000000400}
ProcessId: 2752
Image: C:\windows\System32\svchost.exe
TargetObject: HKLM\SOFTWARE",eventlog,Microsoft-Windows-Sysmon,2,,['mordorDataset'],Microsoft-Windows-Sysmon/Operational,{5770385F-C22A-43E0-BF4C-06F5698FFBD9},12,304286,WORKSTATION6.theshire.local,,,,2752,im_msvistalog,53997,,2020-08-05 02:10:08,,,INFO,3240,,0,2020-08-05T06:10:08.871Z,12,,CreateKey,2020-08-05 02:10:08,,,,S-1-5-18,,{7d3be4b5-0df0-5f2a-4500-000000000400},,-,NT AUTHORITY,SYSTEM,C:\windows\System32\svchost.exe,User,,INFO,HKLM\SOFTWARE,,,,,,,,,,,,,,,,,,,,,,,,,,,,,,,,,,,,,,,,,,,,,,,,,,,,,,,,,,,,,,,,,,,,,,,,,,,,,,,,,,,,,,,,,,,,,0,0,0,1,0,0,2,True
2020-08-05 06:10:08,402,1,-9223372036854775808,4456,2,,wec.internal.cloudapp.net,,"Registry object added or deleted:
RuleName: -
EventType: CreateKey
UtcTime: 2020-08-05 06:10:08.429
ProcessGuid: {7d3be4b5-0df0-5f2a-4500-000000000400}
ProcessId: 2752
Image: C:\windows\System32\svchost.exe
TargetObject: HKLM\SOFTWARE\Policies",eventlog,Microsoft-Windows-Sysmon,2,,['mordorDataset'],Microsoft-Windows-Sysmon/Operational,{5770385F-C22A-43E0-BF4C-06F5698FFBD9},12,304287,WORKSTATION6.theshire.local,,,,2752,im_msvistalog,53997,,2020-08-05 02:10:08,,,INFO,3240,,0,2020-08-05T06:10:08.871Z,12,,CreateKey,2020-08-05 02:10:08,,,,S-1-5-18,,{7d3be4b5-0df0-5f2a-4500-000000000400},,-,NT AUTHORITY,SYSTEM,C:\windows\System32\svchost.exe,User,,INFO,HKLM\SOFTWARE\Policies,,,,,,,,,,,,,,,,,,,,,,,,,,,,,,,,,,,,,,,,,,,,,,,,,,,,,,,,,,,,,,,,,,,,,,,,,,,,,,,,,,,,,,,,,,,,,0,0,0,1,0,0,2,True
2020-08-05 06:10:08,395,1,-9223372036854775808,4456,3,,wec.internal.cloudapp.net,,"Process accessed:
RuleName: -
UtcTime: 2020-08-05 06:10:08.429
SourceProcessGUID: {7d3be4b5-0dea-5f2a-1000-000000000400}
SourceProcessId: 900
SourceThreadId: 9588
SourceImage: C:\windows\system32\svchost.exe
TargetProcessGUID: {7d3be4b5-0dec-5f2a-1e00-000000000400}
TargetProcessId: 1368
TargetImage: C:\windows\System32\svchost.exe
GrantedAccess: 0x1000
CallTrace: C:\windows\SYSTEM32\ntdll.dll+9c534|C:\windows\SYSTEM32\psmserviceexthost.dll+222a3|C:\windows\SYSTEM32\psmserviceexthost.dll+1a172|C:\windows\SYSTEM32\psmserviceexthost.dll+19e3b|C:\windows\SYSTEM32\psmserviceexthost.dll+19318|C:\windows\SYSTEM32\ntdll.dll+3081d|C:\windows\SYSTEM32\ntdll.dll+345b4|C:\windows\System32\KERNEL32.DLL+17bd4|C:\windows\SYSTEM32\ntdll.dll+6ce51",eventlog,Microsoft-Windows-Sysmon,2,,['mordorDataset'],Microsoft-Windows-Sysmon/Operational,{5770385F-C22A-43E0-BF4C-06F5698FFBD9},10,304280,WORKSTATION6.theshire.local,,,,900,im_msvistalog,53997,,2020-08-05 02:10:08,,,INFO,3240,,0,2020-08-05T06:10:08.869Z,10,,INFO,2020-08-05 02:10:08,,,,S-1-5-18,,,,-,NT AUTHORITY,SYSTEM,,User,,,,,,,,,,,,,,,,,,,,,,,,,,,,,,,,,,,,,,,,,,,,,,,,,,,,,,,,,,,,{7d3be4b5-0dea-5f2a-1000-000000000400},0x1000,1368,{7d3be4b5-0dec-5f2a-1e00-000000000400},C:\windows\System32\svchost.exe,C:\windows\SYSTEM32\ntdll.dll+9c534|C:\windows\SYSTEM32\psmserviceexthost.dll+222a3|C:\windows\SYSTEM32\psmserviceexthost.dll+1a172|C:\windows\SYSTEM32\psmserviceexthost.dll+19e3b|C:\windows\SYSTEM32\psmserviceexthost.dll+19318|C:\windows\SYSTEM32\ntdll.dll+3081d|C:\windows\SYSTEM32\ntdll.dll+345b4|C:\windows\System32\KERNEL32.DLL+17bd4|C:\windows\SYSTEM32\ntdll.dll+6ce51,9588.0,900,C:\windows\system32\svchost.exe,,,,,,,,,,,,,,,,,,,,,,,,,,,,0,0,0,1,0,0,2,True
2020-08-05 06:10:08,412,1,-9223372036854775808,4456,2,,wec.internal.cloudapp.net,,"Registry value set:
RuleName: -
EventType: SetValue
UtcTime: 2020-08-05 06:10:08.445
ProcessGuid: {7d3be4b5-0df0-5f2a-4500-000000000400}
ProcessId: 2752
Image: C:\windows\System32\svchost.exe
TargetObject: HKLM\SOFTWARE\Microsoft\Windows\CurrentVersion\Diagnostics\DiagTrack\SettingsRequests\utc.tracing\SettingsPayloadType
Details: DWORD (0x00000000)",eventlog,Microsoft-Windows-Sysmon,2,,['mordorDataset'],Microsoft-Windows-Sysmon/Operational,{5770385F-C22A-43E0-BF4C-06F5698FFBD9},13,304297,WORKSTATION6.theshire.local,,,,2752,im_msvistalog,53997,,2020-08-05 02:10:08,,,INFO,3240,,0,2020-08-05T06:10:08.875Z,13,,SetValue,2020-08-05 02:10:08,,,,S-1-5-18,,{7d3be4b5-0df0-5f2a-4500-000000000400},,-,NT AUTHORITY,SYSTEM,C:\windows\System32\svchost.exe,User,,INFO,HKLM\SOFTWARE\Microsoft\Windows\CurrentVersion\Diagnostics\DiagTrack\SettingsRequests\utc.tracing\SettingsPayloadType,,,,,,,,,,,,,,,,,,,,,,,,,,,,,,,,,,,,,,,,,,,,,,,,,,,,,,,,DWORD (0x00000000),,,,,,,,,,,,,,,,,,,,,,,,,,,,,,,,,,,,,0,0,0,1,1,0,3,True
2020-08-05 06:10:08,404,1,-9223372036854775808,4456,2,,wec.internal.cloudapp.net,,"Registry object added or deleted:
RuleName: -
EventType: CreateKey
UtcTime: 2020-08-05 06:10:08.429
ProcessGuid: {7d3be4b5-0df0-5f2a-4500-000000000400}
ProcessId: 2752
Image: C:\windows\System32\svchost.exe
TargetObject: HKLM\SOFTWARE\Policies\Microsoft\SystemCertificates",eventlog,Microsoft-Windows-Sysmon,2,,['mordorDataset'],Microsoft-Windows-Sysmon/Operational,{5770385F-C22A-43E0-BF4C-06F5698FFBD9},12,304289,WORKSTATION6.theshire.local,,,,2752,im_msvistalog,53997,,2020-08-05 02:10:08,,,INFO,3240,,0,2020-08-05T06:10:08.872Z,12,,CreateKey,2020-08-05 02:10:08,,,,S-1-5-18,,{7d3be4b5-0df0-5f2a-4500-000000000400},,-,NT AUTHORITY,SYSTEM,C:\windows\System32\svchost.exe,User,,INFO,HKLM\SOFTWARE\Policies\Microsoft\SystemCertificates,,,,,,,,,,,,,,,,,,,,,,,,,,,,,,,,,,,,,,,,,,,,,,,,,,,,,,,,,,,,,,,,,,,,,,,,,,,,,,,,,,,,,,,,,,,,,0,0,0,1,1,0,3,True
