2020-08-05 06:10:09,491,1,-9223372036854775808,4452,2,,wec.internal.cloudapp.net,,"Registry value set:
RuleName: -
EventType: SetValue
UtcTime: 2020-08-05 06:10:09.195
ProcessGuid: {8715b604-0df2-5f2a-4900-000000000400}
ProcessId: 3356
Image: C:\windows\System32\svchost.exe
TargetObject: HKLM\SOFTWARE\Microsoft\Windows\CurrentVersion\Diagnostics\DiagTrack\HeartBeats\Default\VortexHttpResponsesWithDroppedEvents
Details: DWORD (0x00000000)",eventlog,Microsoft-Windows-Sysmon,2,,['mordorDataset'],Microsoft-Windows-Sysmon/Operational,{5770385F-C22A-43E0-BF4C-06F5698FFBD9},13,480027,WORKSTATION5.theshire.local,,,,3356,im_msvistalog,53997,,2020-08-05 02:10:09,,,INFO,3484,,0,2020-08-05T06:10:09.899Z,13,,SetValue,2020-08-05 02:10:09,,,,S-1-5-18,,{8715b604-0df2-5f2a-4900-000000000400},,-,NT AUTHORITY,SYSTEM,C:\windows\System32\svchost.exe,User,,INFO,HKLM\SOFTWARE\Microsoft\Windows\CurrentVersion\Diagnostics\DiagTrack\HeartBeats\Default\VortexHttpResponsesWithDroppedEvents,,,,,,,,,,,,,,,,,,,,,,,,,,,,,,,,,,,,,,,,,,,,,,,,,,,,,,,,DWORD (0x00000000),,,,,,,,,,,,,,,,,,,,,,,,,,,,,,,,,,,,,0,0,0,0,1,0,1,True
2020-08-05 06:10:09,492,1,-9223372036854775808,4452,2,,wec.internal.cloudapp.net,,"Registry value set:
RuleName: -
EventType: SetValue
UtcTime: 2020-08-05 06:10:09.195
ProcessGuid: {8715b604-0df2-5f2a-4900-000000000400}
ProcessId: 3356
Image: C:\windows\System32\svchost.exe
TargetObject: HKLM\SOFTWARE\Microsoft\Windows\CurrentVersion\Diagnostics\DiagTrack\HeartBeats\Default\VortexHttpResponseFailures
Details: DWORD (0x00000000)",eventlog,Microsoft-Windows-Sysmon,2,,['mordorDataset'],Microsoft-Windows-Sysmon/Operational,{5770385F-C22A-43E0-BF4C-06F5698FFBD9},13,480028,WORKSTATION5.theshire.local,,,,3356,im_msvistalog,53997,,2020-08-05 02:10:09,,,INFO,3484,,0,2020-08-05T06:10:09.899Z,13,,SetValue,2020-08-05 02:10:09,,,,S-1-5-18,,{8715b604-0df2-5f2a-4900-000000000400},,-,NT AUTHORITY,SYSTEM,C:\windows\System32\svchost.exe,User,,INFO,HKLM\SOFTWARE\Microsoft\Windows\CurrentVersion\Diagnostics\DiagTrack\HeartBeats\Default\VortexHttpResponseFailures,,,,,,,,,,,,,,,,,,,,,,,,,,,,,,,,,,,,,,,,,,,,,,,,,,,,,,,,DWORD (0x00000000),,,,,,,,,,,,,,,,,,,,,,,,,,,,,,,,,,,,,0,0,0,0,1,0,1,True
2020-08-05 06:10:09,493,1,-9223372036854775808,4452,2,,wec.internal.cloudapp.net,,"Registry value set:
RuleName: -
EventType: SetValue
UtcTime: 2020-08-05 06:10:09.195
ProcessGuid: {8715b604-0df2-5f2a-4900-000000000400}
ProcessId: 3356
Image: C:\windows\System32\svchost.exe
TargetObject: HKLM\SOFTWARE\Microsoft\Windows\CurrentVersion\Diagnostics\DiagTrack\HeartBeats\Default\RepeatedUploadFailureDropped
Details: DWORD (0x00000000)",eventlog,Microsoft-Windows-Sysmon,2,,['mordorDataset'],Microsoft-Windows-Sysmon/Operational,{5770385F-C22A-43E0-BF4C-06F5698FFBD9},13,480029,WORKSTATION5.theshire.local,,,,3356,im_msvistalog,53997,,2020-08-05 02:10:09,,,INFO,3484,,0,2020-08-05T06:10:09.899Z,13,,SetValue,2020-08-05 02:10:09,,,,S-1-5-18,,{8715b604-0df2-5f2a-4900-000000000400},,-,NT AUTHORITY,SYSTEM,C:\windows\System32\svchost.exe,User,,INFO,HKLM\SOFTWARE\Microsoft\Windows\CurrentVersion\Diagnostics\DiagTrack\HeartBeats\Default\RepeatedUploadFailureDropped,,,,,,,,,,,,,,,,,,,,,,,,,,,,,,,,,,,,,,,,,,,,,,,,,,,,,,,,DWORD (0x00000000),,,,,,,,,,,,,,,,,,,,,,,,,,,,,,,,,,,,,0,0,0,0,1,0,1,True
2020-08-05 06:10:09,494,1,-9223372036854775808,4452,2,,wec.internal.cloudapp.net,,"Registry object added or deleted:
RuleName: -
EventType: DeleteKey
UtcTime: 2020-08-05 06:10:09.195
ProcessGuid: {8715b604-0df2-5f2a-4900-000000000400}
ProcessId: 3356
Image: C:\windows\System32\svchost.exe
TargetObject: HKLM\SOFTWARE\Microsoft\Windows\CurrentVersion\Diagnostics\DiagTrack\HeartBeats\EndpointErrors\0",eventlog,Microsoft-Windows-Sysmon,2,,['mordorDataset'],Microsoft-Windows-Sysmon/Operational,{5770385F-C22A-43E0-BF4C-06F5698FFBD9},12,480030,WORKSTATION5.theshire.local,,,,3356,im_msvistalog,53997,,2020-08-05 02:10:09,,,INFO,3484,,0,2020-08-05T06:10:09.900Z,12,,DeleteKey,2020-08-05 02:10:09,,,,S-1-5-18,,{8715b604-0df2-5f2a-4900-000000000400},,-,NT AUTHORITY,SYSTEM,C:\windows\System32\svchost.exe,User,,INFO,HKLM\SOFTWARE\Microsoft\Windows\CurrentVersion\Diagnostics\DiagTrack\HeartBeats\EndpointErrors\0,,,,,,,,,,,,,,,,,,,,,,,,,,,,,,,,,,,,,,,,,,,,,,,,,,,,,,,,,,,,,,,,,,,,,,,,,,,,,,,,,,,,,,,,,,,,,0,0,0,1,1,0,2,True
2020-08-05 06:10:09,495,1,-9223372036854775808,4452,2,,wec.internal.cloudapp.net,,"Registry object added or deleted:
RuleName: -
EventType: DeleteKey
UtcTime: 2020-08-05 06:10:09.195
ProcessGuid: {8715b604-0df2-5f2a-4900-000000000400}
ProcessId: 3356
Image: C:\windows\System32\svchost.exe
TargetObject: HKLM\SOFTWARE\Microsoft\Windows\CurrentVersion\Diagnostics\DiagTrack\HeartBeats\EndpointErrors\1",eventlog,Microsoft-Windows-Sysmon,2,,['mordorDataset'],Microsoft-Windows-Sysmon/Operational,{5770385F-C22A-43E0-BF4C-06F5698FFBD9},12,480031,WORKSTATION5.theshire.local,,,,3356,im_msvistalog,53997,,2020-08-05 02:10:09,,,INFO,3484,,0,2020-08-05T06:10:09.900Z,12,,DeleteKey,2020-08-05 02:10:09,,,,S-1-5-18,,{8715b604-0df2-5f2a-4900-000000000400},,-,NT AUTHORITY,SYSTEM,C:\windows\System32\svchost.exe,User,,INFO,HKLM\SOFTWARE\Microsoft\Windows\CurrentVersion\Diagnostics\DiagTrack\HeartBeats\EndpointErrors\1,,,,,,,,,,,,,,,,,,,,,,,,,,,,,,,,,,,,,,,,,,,,,,,,,,,,,,,,,,,,,,,,,,,,,,,,,,,,,,,,,,,,,,,,,,,,,0,0,0,1,1,0,2,True
2020-08-05 06:10:09,496,1,-9223372036854775808,4452,2,,wec.internal.cloudapp.net,,"Registry object added or deleted:
RuleName: -
EventType: DeleteKey
UtcTime: 2020-08-05 06:10:09.195
ProcessGuid: {8715b604-0df2-5f2a-4900-000000000400}
ProcessId: 3356
Image: C:\windows\System32\svchost.exe
TargetObject: HKLM\SOFTWARE\Microsoft\Windows\CurrentVersion\Diagnostics\DiagTrack\HeartBeats\EndpointErrors\2",eventlog,Microsoft-Windows-Sysmon,2,,['mordorDataset'],Microsoft-Windows-Sysmon/Operational,{5770385F-C22A-43E0-BF4C-06F5698FFBD9},12,480032,WORKSTATION5.theshire.local,,,,3356,im_msvistalog,53997,,2020-08-05 02:10:09,,,INFO,3484,,0,2020-08-05T06:10:09.900Z,12,,DeleteKey,2020-08-05 02:10:09,,,,S-1-5-18,,{8715b604-0df2-5f2a-4900-000000000400},,-,NT AUTHORITY,SYSTEM,C:\windows\System32\svchost.exe,User,,INFO,HKLM\SOFTWARE\Microsoft\Windows\CurrentVersion\Diagnostics\DiagTrack\HeartBeats\EndpointErrors\2,,,,,,,,,,,,,,,,,,,,,,,,,,,,,,,,,,,,,,,,,,,,,,,,,,,,,,,,,,,,,,,,,,,,,,,,,,,,,,,,,,,,,,,,,,,,,0,0,0,1,1,0,2,True
2020-08-05 06:10:09,497,1,-9223372036854775808,4452,2,,wec.internal.cloudapp.net,,"Registry object added or deleted:
RuleName: -
EventType: DeleteKey
UtcTime: 2020-08-05 06:10:09.195
ProcessGuid: {8715b604-0df2-5f2a-4900-000000000400}
ProcessId: 3356
Image: C:\windows\System32\svchost.exe
TargetObject: HKLM\SOFTWARE\Microsoft\Windows\CurrentVersion\Diagnostics\DiagTrack\HeartBeats\EndpointErrors\3",eventlog,Microsoft-Windows-Sysmon,2,,['mordorDataset'],Microsoft-Windows-Sysmon/Operational,{5770385F-C22A-43E0-BF4C-06F5698FFBD9},12,480033,WORKSTATION5.theshire.local,,,,3356,im_msvistalog,53997,,2020-08-05 02:10:09,,,INFO,3484,,0,2020-08-05T06:10:09.900Z,12,,DeleteKey,2020-08-05 02:10:09,,,,S-1-5-18,,{8715b604-0df2-5f2a-4900-000000000400},,-,NT AUTHORITY,SYSTEM,C:\windows\System32\svchost.exe,User,,INFO,HKLM\SOFTWARE\Microsoft\Windows\CurrentVersion\Diagnostics\DiagTrack\HeartBeats\EndpointErrors\3,,,,,,,,,,,,,,,,,,,,,,,,,,,,,,,,,,,,,,,,,,,,,,,,,,,,,,,,,,,,,,,,,,,,,,,,,,,,,,,,,,,,,,,,,,,,,0,0,0,1,1,0,2,True
2020-08-05 06:10:09,498,1,-9223372036854775808,4452,2,,wec.internal.cloudapp.net,,"Registry object added or deleted:
RuleName: -
EventType: DeleteKey
UtcTime: 2020-08-05 06:10:09.196
ProcessGuid: {8715b604-0df2-5f2a-4900-000000000400}
ProcessId: 3356
Image: C:\windows\System32\svchost.exe
TargetObject: HKLM\SOFTWARE\Microsoft\Windows\CurrentVersion\Diagnostics\DiagTrack\HeartBeats\EndpointErrors\4",eventlog,Microsoft-Windows-Sysmon,2,,['mordorDataset'],Microsoft-Windows-Sysmon/Operational,{5770385F-C22A-43E0-BF4C-06F5698FFBD9},12,480034,WORKSTATION5.theshire.local,,,,3356,im_msvistalog,53997,,2020-08-05 02:10:09,,,INFO,3484,,0,2020-08-05T06:10:09.900Z,12,,DeleteKey,2020-08-05 02:10:09,,,,S-1-5-18,,{8715b604-0df2-5f2a-4900-000000000400},,-,NT AUTHORITY,SYSTEM,C:\windows\System32\svchost.exe,User,,INFO,HKLM\SOFTWARE\Microsoft\Windows\CurrentVersion\Diagnostics\DiagTrack\HeartBeats\EndpointErrors\4,,,,,,,,,,,,,,,,,,,,,,,,,,,,,,,,,,,,,,,,,,,,,,,,,,,,,,,,,,,,,,,,,,,,,,,,,,,,,,,,,,,,,,,,,,,,,0,0,0,1,0,0,1,True
2020-08-05 06:10:09,499,1,-9223372036854775808,4452,2,,wec.internal.cloudapp.net,,"Registry object added or deleted:
RuleName: -
EventType: DeleteKey
UtcTime: 2020-08-05 06:10:09.196
ProcessGuid: {8715b604-0df2-5f2a-4900-000000000400}
ProcessId: 3356
Image: C:\windows\System32\svchost.exe
TargetObject: HKLM\SOFTWARE\Microsoft\Windows\CurrentVersion\Diagnostics\DiagTrack\HeartBeats\EndpointErrors\5",eventlog,Microsoft-Windows-Sysmon,2,,['mordorDataset'],Microsoft-Windows-Sysmon/Operational,{5770385F-C22A-43E0-BF4C-06F5698FFBD9},12,480035,WORKSTATION5.theshire.local,,,,3356,im_msvistalog,53997,,2020-08-05 02:10:09,,,INFO,3484,,0,2020-08-05T06:10:09.900Z,12,,DeleteKey,2020-08-05 02:10:09,,,,S-1-5-18,,{8715b604-0df2-5f2a-4900-000000000400},,-,NT AUTHORITY,SYSTEM,C:\windows\System32\svchost.exe,User,,INFO,HKLM\SOFTWARE\Microsoft\Windows\CurrentVersion\Diagnostics\DiagTrack\HeartBeats\EndpointErrors\5,,,,,,,,,,,,,,,,,,,,,,,,,,,,,,,,,,,,,,,,,,,,,,,,,,,,,,,,,,,,,,,,,,,,,,,,,,,,,,,,,,,,,,,,,,,,,0,0,0,1,0,0,1,True
2020-08-05 06:10:09,500,1,-9223372036854775808,4452,2,,wec.internal.cloudapp.net,,"Registry object added or deleted:
RuleName: -
EventType: DeleteKey
UtcTime: 2020-08-05 06:10:09.196
ProcessGuid: {8715b604-0df2-5f2a-4900-000000000400}
ProcessId: 3356
Image: C:\windows\System32\svchost.exe
TargetObject: HKLM\SOFTWARE\Microsoft\Windows\CurrentVersion\Diagnostics\DiagTrack\HeartBeats\EndpointErrors\6",eventlog,Microsoft-Windows-Sysmon,2,,['mordorDataset'],Microsoft-Windows-Sysmon/Operational,{5770385F-C22A-43E0-BF4C-06F5698FFBD9},12,480036,WORKSTATION5.theshire.local,,,,3356,im_msvistalog,53997,,2020-08-05 02:10:09,,,INFO,3484,,0,2020-08-05T06:10:09.901Z,12,,DeleteKey,2020-08-05 02:10:09,,,,S-1-5-18,,{8715b604-0df2-5f2a-4900-000000000400},,-,NT AUTHORITY,SYSTEM,C:\windows\System32\svchost.exe,User,,INFO,HKLM\SOFTWARE\Microsoft\Windows\CurrentVersion\Diagnostics\DiagTrack\HeartBeats\EndpointErrors\6,,,,,,,,,,,,,,,,,,,,,,,,,,,,,,,,,,,,,,,,,,,,,,,,,,,,,,,,,,,,,,,,,,,,,,,,,,,,,,,,,,,,,,,,,,,,,0,0,0,1,0,0,1,True
2020-08-05 06:10:09,501,1,-9223372036854775808,4452,2,,wec.internal.cloudapp.net,,"Registry object added or deleted:
RuleName: -
EventType: DeleteKey
UtcTime: 2020-08-05 06:10:09.196
ProcessGuid: {8715b604-0df2-5f2a-4900-000000000400}
ProcessId: 3356
Image: C:\windows\System32\svchost.exe
TargetObject: HKLM\SOFTWARE\Microsoft\Windows\CurrentVersion\Diagnostics\DiagTrack\HeartBeats\EndpointErrors\7",eventlog,Microsoft-Windows-Sysmon,2,,['mordorDataset'],Microsoft-Windows-Sysmon/Operational,{5770385F-C22A-43E0-BF4C-06F5698FFBD9},12,480037,WORKSTATION5.theshire.local,,,,3356,im_msvistalog,53997,,2020-08-05 02:10:09,,,INFO,3484,,0,2020-08-05T06:10:09.901Z,12,,DeleteKey,2020-08-05 02:10:09,,,,S-1-5-18,,{8715b604-0df2-5f2a-4900-000000000400},,-,NT AUTHORITY,SYSTEM,C:\windows\System32\svchost.exe,User,,INFO,HKLM\SOFTWARE\Microsoft\Windows\CurrentVersion\Diagnostics\DiagTrack\HeartBeats\EndpointErrors\7,,,,,,,,,,,,,,,,,,,,,,,,,,,,,,,,,,,,,,,,,,,,,,,,,,,,,,,,,,,,,,,,,,,,,,,,,,,,,,,,,,,,,,,,,,,,,0,0,0,1,0,0,1,True
2020-08-05 06:10:09,486,1,-9223372036854775808,4452,2,,wec.internal.cloudapp.net,,"Registry value set:
RuleName: -
EventType: SetValue
UtcTime: 2020-08-05 06:10:09.195
ProcessGuid: {8715b604-0df2-5f2a-4900-000000000400}
ProcessId: 3356
Image: C:\windows\System32\svchost.exe
TargetObject: HKLM\SOFTWARE\Microsoft\Windows\CurrentVersion\Diagnostics\DiagTrack\HeartBeats\Default\VortexHttpAttempts
Details: DWORD (0x00000000)",eventlog,Microsoft-Windows-Sysmon,2,,['mordorDataset'],Microsoft-Windows-Sysmon/Operational,{5770385F-C22A-43E0-BF4C-06F5698FFBD9},13,480022,WORKSTATION5.theshire.local,,,,3356,im_msvistalog,53997,,2020-08-05 02:10:09,,,INFO,3484,,0,2020-08-05T06:10:09.897Z,13,,SetValue,2020-08-05 02:10:09,,,,S-1-5-18,,{8715b604-0df2-5f2a-4900-000000000400},,-,NT AUTHORITY,SYSTEM,C:\windows\System32\svchost.exe,User,,INFO,HKLM\SOFTWARE\Microsoft\Windows\CurrentVersion\Diagnostics\DiagTrack\HeartBeats\Default\VortexHttpAttempts,,,,,,,,,,,,,,,,,,,,,,,,,,,,,,,,,,,,,,,,,,,,,,,,,,,,,,,,DWORD (0x00000000),,,,,,,,,,,,,,,,,,,,,,,,,,,,,,,,,,,,,0,0,0,1,1,0,2,True
2020-08-05 06:10:09,485,1,-9223372036854775808,4452,2,,wec.internal.cloudapp.net,,"Registry value set:
RuleName: -
EventType: SetValue
UtcTime: 2020-08-05 06:10:09.195
ProcessGuid: {8715b604-0df2-5f2a-4900-000000000400}
ProcessId: 3356
Image: C:\windows\System32\svchost.exe
TargetObject: HKLM\SOFTWARE\Microsoft\Windows\CurrentVersion\Diagnostics\DiagTrack\HeartBeats\Default\SettingsHttpFailures
Details: DWORD (0x00000000)",eventlog,Microsoft-Windows-Sysmon,2,,['mordorDataset'],Microsoft-Windows-Sysmon/Operational,{5770385F-C22A-43E0-BF4C-06F5698FFBD9},13,480021,WORKSTATION5.theshire.local,,,,3356,im_msvistalog,53997,,2020-08-05 02:10:09,,,INFO,3484,,0,2020-08-05T06:10:09.897Z,13,,SetValue,2020-08-05 02:10:09,,,,S-1-5-18,,{8715b604-0df2-5f2a-4900-000000000400},,-,NT AUTHORITY,SYSTEM,C:\windows\System32\svchost.exe,User,,INFO,HKLM\SOFTWARE\Microsoft\Windows\CurrentVersion\Diagnostics\DiagTrack\HeartBeats\Default\SettingsHttpFailures,,,,,,,,,,,,,,,,,,,,,,,,,,,,,,,,,,,,,,,,,,,,,,,,,,,,,,,,DWORD (0x00000000),,,,,,,,,,,,,,,,,,,,,,,,,,,,,,,,,,,,,0,0,0,1,1,0,2,True
2020-08-05 06:10:09,484,1,-9223372036854775808,4452,2,,wec.internal.cloudapp.net,,"Registry value set:
RuleName: -
EventType: SetValue
UtcTime: 2020-08-05 06:10:09.195
ProcessGuid: {8715b604-0df2-5f2a-4900-000000000400}
ProcessId: 3356
Image: C:\windows\System32\svchost.exe
TargetObject: HKLM\SOFTWARE\Microsoft\Windows\CurrentVersion\Diagnostics\DiagTrack\HeartBeats\Default\SettingsHttpAttempts
Details: DWORD (0x00000000)",eventlog,Microsoft-Windows-Sysmon,2,,['mordorDataset'],Microsoft-Windows-Sysmon/Operational,{5770385F-C22A-43E0-BF4C-06F5698FFBD9},13,480020,WORKSTATION5.theshire.local,,,,3356,im_msvistalog,53997,,2020-08-05 02:10:09,,,INFO,3484,,0,2020-08-05T06:10:09.897Z,13,,SetValue,2020-08-05 02:10:09,,,,S-1-5-18,,{8715b604-0df2-5f2a-4900-000000000400},,-,NT AUTHORITY,SYSTEM,C:\windows\System32\svchost.exe,User,,INFO,HKLM\SOFTWARE\Microsoft\Windows\CurrentVersion\Diagnostics\DiagTrack\HeartBeats\Default\SettingsHttpAttempts,,,,,,,,,,,,,,,,,,,,,,,,,,,,,,,,,,,,,,,,,,,,,,,,,,,,,,,,DWORD (0x00000000),,,,,,,,,,,,,,,,,,,,,,,,,,,,,,,,,,,,,0,0,0,1,1,0,2,True
2020-08-05 06:10:09,483,1,-9223372036854775808,4452,2,,wec.internal.cloudapp.net,,"Registry value set:
RuleName: -
EventType: SetValue
UtcTime: 2020-08-05 06:10:09.195
ProcessGuid: {8715b604-0df2-5f2a-4900-000000000400}
ProcessId: 3356
Image: C:\windows\System32\svchost.exe
TargetObject: HKLM\SOFTWARE\Microsoft\Windows\CurrentVersion\Diagnostics\DiagTrack\HeartBeats\Default\LastEventSizeOffender
Details: (Empty)",eventlog,Microsoft-Windows-Sysmon,2,,['mordorDataset'],Microsoft-Windows-Sysmon/Operational,{5770385F-C22A-43E0-BF4C-06F5698FFBD9},13,480019,WORKSTATION5.theshire.local,,,,3356,im_msvistalog,53997,,2020-08-05 02:10:09,,,INFO,3484,,0,2020-08-05T06:10:09.897Z,13,,SetValue,2020-08-05 02:10:09,,,,S-1-5-18,,{8715b604-0df2-5f2a-4900-000000000400},,-,NT AUTHORITY,SYSTEM,C:\windows\System32\svchost.exe,User,,INFO,HKLM\SOFTWARE\Microsoft\Windows\CurrentVersion\Diagnostics\DiagTrack\HeartBeats\Default\LastEventSizeOffender,,,,,,,,,,,,,,,,,,,,,,,,,,,,,,,,,,,,,,,,,,,,,,,,,,,,,,,,(Empty),,,,,,,,,,,,,,,,,,,,,,,,,,,,,,,,,,,,,0,0,0,1,1,0,2,True
2020-08-05 06:10:09,436,1,-9223372036854775808,4256,3,,wec.internal.cloudapp.net,,"Image loaded:
RuleName: -
UtcTime: 2020-08-05 06:10:09.197
ProcessGuid: {2b437147-0e56-5f2a-3701-000000000400}
ProcessId: 3736
Image: C:\Windows\System32\svchost.exe
ImageLoaded: C:\Windows\System32\dpapi.dll
FileVersion: 10.0.17763.1 (WinBuild.160101.0800)
Description: Data Protection API
Product: Microsoft® Windows® Operating System
Company: Microsoft Corporation
OriginalFileName: dpapi.dll
Hashes: SHA1=C50FDD4A17CA9451C66413BA04ED2CC79883AD16,MD5=CF864B08CEA15894A4E6E676A7FE89A3,SHA256=0D1488B2FF471C1EF2F8F2742D685A8778B2C1512A044BDF2606C3ED92E0B512,IMPHASH=C591E3A4DDFE145A26EEC16DB70623B7
Signed: true
Signature: Microsoft Windows
SignatureStatus: Valid",eventlog,Microsoft-Windows-Sysmon,2,,['mordorDataset'],Microsoft-Windows-Sysmon/Operational,{5770385F-C22A-43E0-BF4C-06F5698FFBD9},7,284969,MORDORDC.theshire.local,,,,3736,im_msvistalog,53997,,2020-08-05 02:10:09,,,INFO,3868,,0,2020-08-05T06:10:09.886Z,7,,INFO,2020-08-05 02:10:09,,,,S-1-5-18,,{2b437147-0e56-5f2a-3701-000000000400},,-,NT AUTHORITY,SYSTEM,C:\Windows\System32\svchost.exe,User,,,,"SHA1=C50FDD4A17CA9451C66413BA04ED2CC79883AD16,MD5=CF864B08CEA15894A4E6E676A7FE89A3,SHA256=0D1488B2FF471C1EF2F8F2742D685A8778B2C1512A044BDF2606C3ED92E0B512,IMPHASH=C591E3A4DDFE145A26EEC16DB70623B7",Microsoft Windows,True,10.0.17763.1 (WinBuild.160101.0800),dpapi.dll,Valid,Data Protection API,Microsoft Corporation,Microsoft® Windows® Operating System,C:\Windows\System32\dpapi.dll,,,,,,,,,,,,,,,,,,,,,,,,,,,,,,,,,,,,,,,,,,,,,,,,,,,,,,,,,,,,,,,,,,,,,,,,,,,,,,,,,,,0,0,0,0,1,0,2,True
2020-08-05 06:10:09,459,1,-9223372036854775808,4452,2,,wec.internal.cloudapp.net,,"Registry object added or deleted:
RuleName: -
EventType: CreateKey
UtcTime: 2020-08-05 06:10:09.194
ProcessGuid: {8715b604-0df2-5f2a-4900-000000000400}
ProcessId: 3356
Image: C:\windows\System32\svchost.exe
TargetObject: HKLM\SOFTWARE\Microsoft\Windows\CurrentVersion\Diagnostics\DiagTrack\HeartBeats\Default",eventlog,Microsoft-Windows-Sysmon,2,,['mordorDataset'],Microsoft-Windows-Sysmon/Operational,{5770385F-C22A-43E0-BF4C-06F5698FFBD9},12,480004,WORKSTATION5.theshire.local,,,,3356,im_msvistalog,53997,,2020-08-05 02:10:09,,,INFO,3484,,0,2020-08-05T06:10:09.891Z,12,,CreateKey,2020-08-05 02:10:09,,,,S-1-5-18,,{8715b604-0df2-5f2a-4900-000000000400},,-,NT AUTHORITY,SYSTEM,C:\windows\System32\svchost.exe,User,,INFO,HKLM\SOFTWARE\Microsoft\Windows\CurrentVersion\Diagnostics\DiagTrack\HeartBeats\Default,,,,,,,,,,,,,,,,,,,,,,,,,,,,,,,,,,,,,,,,,,,,,,,,,,,,,,,,,,,,,,,,,,,,,,,,,,,,,,,,,,,,,,,,,,,,,0,0,0,1,1,0,3,True
2020-08-05 06:10:09,460,1,-9223372036854775808,4452,2,,wec.internal.cloudapp.net,,"Registry value set:
RuleName: -
EventType: SetValue
UtcTime: 2020-08-05 06:10:09.194
ProcessGuid: {8715b604-0df2-5f2a-4900-000000000400}
ProcessId: 3356
Image: C:\windows\System32\svchost.exe
TargetObject: HKLM\SOFTWARE\Microsoft\Windows\CurrentVersion\Diagnostics\DiagTrack\HeartBeats\Default\LastHeartBeatTime
Details: QWORD (0x01d66aef-0x1187a0f8)",eventlog,Microsoft-Windows-Sysmon,2,,['mordorDataset'],Microsoft-Windows-Sysmon/Operational,{5770385F-C22A-43E0-BF4C-06F5698FFBD9},13,480005,WORKSTATION5.theshire.local,,,,3356,im_msvistalog,53997,,2020-08-05 02:10:09,,,INFO,3484,,0,2020-08-05T06:10:09.891Z,13,,SetValue,2020-08-05 02:10:09,,,,S-1-5-18,,{8715b604-0df2-5f2a-4900-000000000400},,-,NT AUTHORITY,SYSTEM,C:\windows\System32\svchost.exe,User,,INFO,HKLM\SOFTWARE\Microsoft\Windows\CurrentVersion\Diagnostics\DiagTrack\HeartBeats\Default\LastHeartBeatTime,,,,,,,,,,,,,,,,,,,,,,,,,,,,,,,,,,,,,,,,,,,,,,,,,,,,,,,,QWORD (0x01d66aef-0x1187a0f8),,,,,,,,,,,,,,,,,,,,,,,,,,,,,,,,,,,,,0,0,0,1,1,0,3,True
2020-08-05 06:10:09,461,1,-9223372036854775808,4452,2,,wec.internal.cloudapp.net,,"Registry value set:
RuleName: -
EventType: SetValue
UtcTime: 2020-08-05 06:10:09.194
ProcessGuid: {8715b604-0df2-5f2a-4900-000000000400}
ProcessId: 3356
Image: C:\windows\System32\svchost.exe
TargetObject: HKLM\SOFTWARE\Microsoft\Windows\CurrentVersion\Diagnostics\DiagTrack\HeartBeats\Default\HeartBeatSequenceNumber
Details: DWORD (0x0000000b)",eventlog,Microsoft-Windows-Sysmon,2,,['mordorDataset'],Microsoft-Windows-Sysmon/Operational,{5770385F-C22A-43E0-BF4C-06F5698FFBD9},13,480006,WORKSTATION5.theshire.local,,,,3356,im_msvistalog,53997,,2020-08-05 02:10:09,,,INFO,3484,,0,2020-08-05T06:10:09.892Z,13,,SetValue,2020-08-05 02:10:09,,,,S-1-5-18,,{8715b604-0df2-5f2a-4900-000000000400},,-,NT AUTHORITY,SYSTEM,C:\windows\System32\svchost.exe,User,,INFO,HKLM\SOFTWARE\Microsoft\Windows\CurrentVersion\Diagnostics\DiagTrack\HeartBeats\Default\HeartBeatSequenceNumber,,,,,,,,,,,,,,,,,,,,,,,,,,,,,,,,,,,,,,,,,,,,,,,,,,,,,,,,DWORD (0x0000000b),,,,,,,,,,,,,,,,,,,,,,,,,,,,,,,,,,,,,0,0,0,1,1,0,3,True
2020-08-05 06:10:09,462,1,-9223372036854775808,4452,2,,wec.internal.cloudapp.net,,"Registry value set:
RuleName: -
EventType: SetValue
UtcTime: 2020-08-05 06:10:09.194
ProcessGuid: {8715b604-0df2-5f2a-4900-000000000400}
ProcessId: 3356
Image: C:\windows\System32\svchost.exe
TargetObject: HKLM\SOFTWARE\Microsoft\Windows\CurrentVersion\Diagnostics\DiagTrack\HeartBeats\Default\EventDroppedEtw
Details: DWORD (0x00000000)",eventlog,Microsoft-Windows-Sysmon,2,,['mordorDataset'],Microsoft-Windows-Sysmon/Operational,{5770385F-C22A-43E0-BF4C-06F5698FFBD9},13,480007,WORKSTATION5.theshire.local,,,,3356,im_msvistalog,53997,,2020-08-05 02:10:09,,,INFO,3484,,0,2020-08-05T06:10:09.892Z,13,,SetValue,2020-08-05 02:10:09,,,,S-1-5-18,,{8715b604-0df2-5f2a-4900-000000000400},,-,NT AUTHORITY,SYSTEM,C:\windows\System32\svchost.exe,User,,INFO,HKLM\SOFTWARE\Microsoft\Windows\CurrentVersion\Diagnostics\DiagTrack\HeartBeats\Default\EventDroppedEtw,,,,,,,,,,,,,,,,,,,,,,,,,,,,,,,,,,,,,,,,,,,,,,,,,,,,,,,,DWORD (0x00000000),,,,,,,,,,,,,,,,,,,,,,,,,,,,,,,,,,,,,0,0,0,1,1,0,3,True
2020-08-05 06:10:09,463,1,-9223372036854775808,4452,2,,wec.internal.cloudapp.net,,"Registry value set:
RuleName: -
EventType: SetValue
UtcTime: 2020-08-05 06:10:09.194
ProcessGuid: {8715b604-0df2-5f2a-4900-000000000400}
ProcessId: 3356
Image: C:\windows\System32\svchost.exe
TargetObject: HKLM\SOFTWARE\Microsoft\Windows\CurrentVersion\Diagnostics\DiagTrack\HeartBeats\Default\BuffersDroppedEtw
Details: DWORD (0x00000000)",eventlog,Microsoft-Windows-Sysmon,2,,['mordorDataset'],Microsoft-Windows-Sysmon/Operational,{5770385F-C22A-43E0-BF4C-06F5698FFBD9},13,480008,WORKSTATION5.theshire.local,,,,3356,im_msvistalog,53997,,2020-08-05 02:10:09,,,INFO,3484,,0,2020-08-05T06:10:09.892Z,13,,SetValue,2020-08-05 02:10:09,,,,S-1-5-18,,{8715b604-0df2-5f2a-4900-000000000400},,-,NT AUTHORITY,SYSTEM,C:\windows\System32\svchost.exe,User,,INFO,HKLM\SOFTWARE\Microsoft\Windows\CurrentVersion\Diagnostics\DiagTrack\HeartBeats\Default\BuffersDroppedEtw,,,,,,,,,,,,,,,,,,,,,,,,,,,,,,,,,,,,,,,,,,,,,,,,,,,,,,,,DWORD (0x00000000),,,,,,,,,,,,,,,,,,,,,,,,,,,,,,,,,,,,,0,0,0,1,1,0,2,True
2020-08-05 06:10:09,464,1,-9223372036854775808,4452,2,,wec.internal.cloudapp.net,,"Registry value set:
RuleName: -
EventType: SetValue
UtcTime: 2020-08-05 06:10:09.194
ProcessGuid: {8715b604-0df2-5f2a-4900-000000000400}
ProcessId: 3356
Image: C:\windows\System32\svchost.exe
TargetObject: HKLM\SOFTWARE\Microsoft\Windows\CurrentVersion\Diagnostics\DiagTrack\HeartBeats\Default\EventDroppedConsumer
Details: QWORD (0x00000000-0x00000000)",eventlog,Microsoft-Windows-Sysmon,2,,['mordorDataset'],Microsoft-Windows-Sysmon/Operational,{5770385F-C22A-43E0-BF4C-06F5698FFBD9},13,480009,WORKSTATION5.theshire.local,,,,3356,im_msvistalog,53997,,2020-08-05 02:10:09,,,INFO,3484,,0,2020-08-05T06:10:09.892Z,13,,SetValue,2020-08-05 02:10:09,,,,S-1-5-18,,{8715b604-0df2-5f2a-4900-000000000400},,-,NT AUTHORITY,SYSTEM,C:\windows\System32\svchost.exe,User,,INFO,HKLM\SOFTWARE\Microsoft\Windows\CurrentVersion\Diagnostics\DiagTrack\HeartBeats\Default\EventDroppedConsumer,,,,,,,,,,,,,,,,,,,,,,,,,,,,,,,,,,,,,,,,,,,,,,,,,,,,,,,,QWORD (0x00000000-0x00000000),,,,,,,,,,,,,,,,,,,,,,,,,,,,,,,,,,,,,0,0,0,0,1,0,1,True
2020-08-05 06:10:09,545,1,-9223372036854775808,4452,2,,wec.internal.cloudapp.net,,"Registry object added or deleted:
RuleName: -
EventType: CreateKey
UtcTime: 2020-08-05 06:10:09.197
ProcessGuid: {8715b604-0df2-5f2a-4900-000000000400}
ProcessId: 3356
Image: C:\windows\System32\svchost.exe
TargetObject: HKLM\SOFTWARE\Microsoft\Windows\CurrentVersion\Diagnostics\DiagTrack\HeartBeats\EndpointErrors\4",eventlog,Microsoft-Windows-Sysmon,2,,['mordorDataset'],Microsoft-Windows-Sysmon/Operational,{5770385F-C22A-43E0-BF4C-06F5698FFBD9},12,480067,WORKSTATION5.theshire.local,,,,3356,im_msvistalog,53997,,2020-08-05 02:10:09,,,INFO,3484,,0,2020-08-05T06:10:09.912Z,12,,CreateKey,2020-08-05 02:10:09,,,,S-1-5-18,,{8715b604-0df2-5f2a-4900-000000000400},,-,NT AUTHORITY,SYSTEM,C:\windows\System32\svchost.exe,User,,INFO,HKLM\SOFTWARE\Microsoft\Windows\CurrentVersion\Diagnostics\DiagTrack\HeartBeats\EndpointErrors\4,,,,,,,,,,,,,,,,,,,,,,,,,,,,,,,,,,,,,,,,,,,,,,,,,,,,,,,,,,,,,,,,,,,,,,,,,,,,,,,,,,,,,,,,,,,,,0,0,0,1,1,0,2,True
2020-08-05 06:10:09,465,1,-9223372036854775808,4452,2,,wec.internal.cloudapp.net,,"Registry value set:
RuleName: -
EventType: SetValue
UtcTime: 2020-08-05 06:10:09.194
ProcessGuid: {8715b604-0df2-5f2a-4900-000000000400}
ProcessId: 3356
Image: C:\windows\System32\svchost.exe
TargetObject: HKLM\SOFTWARE\Microsoft\Windows\CurrentVersion\Diagnostics\DiagTrack\HeartBeats\Default\EventDroppedDecoding
Details: DWORD (0x00000000)",eventlog,Microsoft-Windows-Sysmon,2,,['mordorDataset'],Microsoft-Windows-Sysmon/Operational,{5770385F-C22A-43E0-BF4C-06F5698FFBD9},13,480010,WORKSTATION5.theshire.local,,,,3356,im_msvistalog,53997,,2020-08-05 02:10:09,,,INFO,3484,,0,2020-08-05T06:10:09.892Z,13,,SetValue,2020-08-05 02:10:09,,,,S-1-5-18,,{8715b604-0df2-5f2a-4900-000000000400},,-,NT AUTHORITY,SYSTEM,C:\windows\System32\svchost.exe,User,,INFO,HKLM\SOFTWARE\Microsoft\Windows\CurrentVersion\Diagnostics\DiagTrack\HeartBeats\Default\EventDroppedDecoding,,,,,,,,,,,,,,,,,,,,,,,,,,,,,,,,,,,,,,,,,,,,,,,,,,,,,,,,DWORD (0x00000000),,,,,,,,,,,,,,,,,,,,,,,,,,,,,,,,,,,,,0,0,0,1,1,0,2,True
2020-08-05 06:10:09,469,1,-9223372036854775808,4452,2,,wec.internal.cloudapp.net,,"Registry value set:
RuleName: -
EventType: SetValue
UtcTime: 2020-08-05 06:10:09.194
ProcessGuid: {8715b604-0df2-5f2a-4900-000000000400}
ProcessId: 3356
Image: C:\windows\System32\svchost.exe
TargetObject: HKLM\SOFTWARE\Microsoft\Windows\CurrentVersion\Diagnostics\DiagTrack\HeartBeats\Default\EventsDroppedFullTriggerBuffer
Details: DWORD (0x00000000)",eventlog,Microsoft-Windows-Sysmon,2,,['mordorDataset'],Microsoft-Windows-Sysmon/Operational,{5770385F-C22A-43E0-BF4C-06F5698FFBD9},13,480012,WORKSTATION5.theshire.local,,,,3356,im_msvistalog,53997,,2020-08-05 02:10:09,,,INFO,3484,,0,2020-08-05T06:10:09.893Z,13,,SetValue,2020-08-05 02:10:09,,,,S-1-5-18,,{8715b604-0df2-5f2a-4900-000000000400},,-,NT AUTHORITY,SYSTEM,C:\windows\System32\svchost.exe,User,,INFO,HKLM\SOFTWARE\Microsoft\Windows\CurrentVersion\Diagnostics\DiagTrack\HeartBeats\Default\EventsDroppedFullTriggerBuffer,,,,,,,,,,,,,,,,,,,,,,,,,,,,,,,,,,,,,,,,,,,,,,,,,,,,,,,,DWORD (0x00000000),,,,,,,,,,,,,,,,,,,,,,,,,,,,,,,,,,,,,0,0,0,1,1,0,2,True
2020-08-05 06:10:09,471,1,-9223372036854775808,4452,2,,wec.internal.cloudapp.net,,"Registry value set:
RuleName: -
EventType: SetValue
UtcTime: 2020-08-05 06:10:09.194
ProcessGuid: {8715b604-0df2-5f2a-4900-000000000400}
ProcessId: 3356
Image: C:\windows\System32\svchost.exe
TargetObject: HKLM\SOFTWARE\Microsoft\Windows\CurrentVersion\Diagnostics\DiagTrack\HeartBeats\Default\CriticalDataEventDroppedThrottled
Details: DWORD (0x00000000)",eventlog,Microsoft-Windows-Sysmon,2,,['mordorDataset'],Microsoft-Windows-Sysmon/Operational,{5770385F-C22A-43E0-BF4C-06F5698FFBD9},13,480013,WORKSTATION5.theshire.local,,,,3356,im_msvistalog,53997,,2020-08-05 02:10:09,,,INFO,3484,,0,2020-08-05T06:10:09.894Z,13,,SetValue,2020-08-05 02:10:09,,,,S-1-5-18,,{8715b604-0df2-5f2a-4900-000000000400},,-,NT AUTHORITY,SYSTEM,C:\windows\System32\svchost.exe,User,,INFO,HKLM\SOFTWARE\Microsoft\Windows\CurrentVersion\Diagnostics\DiagTrack\HeartBeats\Default\CriticalDataEventDroppedThrottled,,,,,,,,,,,,,,,,,,,,,,,,,,,,,,,,,,,,,,,,,,,,,,,,,,,,,,,,DWORD (0x00000000),,,,,,,,,,,,,,,,,,,,,,,,,,,,,,,,,,,,,0,0,0,1,1,0,2,True
2020-08-05 06:10:09,474,1,-9223372036854775808,4452,2,,wec.internal.cloudapp.net,,"Registry value set:
RuleName: -
EventType: SetValue
UtcTime: 2020-08-05 06:10:09.195
ProcessGuid: {8715b604-0df2-5f2a-4900-000000000400}
ProcessId: 3356
Image: C:\windows\System32\svchost.exe
TargetObject: HKLM\SOFTWARE\Microsoft\Windows\CurrentVersion\Diagnostics\DiagTrack\HeartBeats\Default\EventsPersistedCounter
Details: DWORD (0x00000001)",eventlog,Microsoft-Windows-Sysmon,2,,['mordorDataset'],Microsoft-Windows-Sysmon/Operational,{5770385F-C22A-43E0-BF4C-06F5698FFBD9},13,480014,WORKSTATION5.theshire.local,,,,3356,im_msvistalog,53997,,2020-08-05 02:10:09,,,INFO,3484,,0,2020-08-05T06:10:09.894Z,13,,SetValue,2020-08-05 02:10:09,,,,S-1-5-18,,{8715b604-0df2-5f2a-4900-000000000400},,-,NT AUTHORITY,SYSTEM,C:\windows\System32\svchost.exe,User,,INFO,HKLM\SOFTWARE\Microsoft\Windows\CurrentVersion\Diagnostics\DiagTrack\HeartBeats\Default\EventsPersistedCounter,,,,,,,,,,,,,,,,,,,,,,,,,,,,,,,,,,,,,,,,,,,,,,,,,,,,,,,,DWORD (0x00000001),,,,,,,,,,,,,,,,,,,,,,,,,,,,,,,,,,,,,0,0,0,1,1,0,2,True
2020-08-05 06:10:09,476,1,-9223372036854775808,4452,2,,wec.internal.cloudapp.net,,"Registry value set:
RuleName: -
EventType: SetValue
UtcTime: 2020-08-05 06:10:09.195
ProcessGuid: {8715b604-0df2-5f2a-4900-000000000400}
ProcessId: 3356
Image: C:\windows\System32\svchost.exe
TargetObject: HKLM\SOFTWARE\Microsoft\Windows\CurrentVersion\Diagnostics\DiagTrack\HeartBeats\Default\EventDroppedUploader
Details: DWORD (0x00000000)",eventlog,Microsoft-Windows-Sysmon,2,,['mordorDataset'],Microsoft-Windows-Sysmon/Operational,{5770385F-C22A-43E0-BF4C-06F5698FFBD9},13,480015,WORKSTATION5.theshire.local,,,,3356,im_msvistalog,53997,,2020-08-05 02:10:09,,,INFO,3484,,0,2020-08-05T06:10:09.895Z,13,,SetValue,2020-08-05 02:10:09,,,,S-1-5-18,,{8715b604-0df2-5f2a-4900-000000000400},,-,NT AUTHORITY,SYSTEM,C:\windows\System32\svchost.exe,User,,INFO,HKLM\SOFTWARE\Microsoft\Windows\CurrentVersion\Diagnostics\DiagTrack\HeartBeats\Default\EventDroppedUploader,,,,,,,,,,,,,,,,,,,,,,,,,,,,,,,,,,,,,,,,,,,,,,,,,,,,,,,,DWORD (0x00000000),,,,,,,,,,,,,,,,,,,,,,,,,,,,,,,,,,,,,0,0,0,0,1,0,1,True
2020-08-05 06:10:09,478,1,-9223372036854775808,4452,2,,wec.internal.cloudapp.net,,"Registry value set:
RuleName: -
EventType: SetValue
UtcTime: 2020-08-05 06:10:09.195
ProcessGuid: {8715b604-0df2-5f2a-4900-000000000400}
ProcessId: 3356
Image: C:\windows\System32\svchost.exe
TargetObject: HKLM\SOFTWARE\Microsoft\Windows\CurrentVersion\Diagnostics\DiagTrack\HeartBeats\Default\CompressedBytesUploaded
Details: QWORD (0x00000000-0x00000000)",eventlog,Microsoft-Windows-Sysmon,2,,['mordorDataset'],Microsoft-Windows-Sysmon/Operational,{5770385F-C22A-43E0-BF4C-06F5698FFBD9},13,480016,WORKSTATION5.theshire.local,,,,3356,im_msvistalog,53997,,2020-08-05 02:10:09,,,INFO,3484,,0,2020-08-05T06:10:09.896Z,13,,SetValue,2020-08-05 02:10:09,,,,S-1-5-18,,{8715b604-0df2-5f2a-4900-000000000400},,-,NT AUTHORITY,SYSTEM,C:\windows\System32\svchost.exe,User,,INFO,HKLM\SOFTWARE\Microsoft\Windows\CurrentVersion\Diagnostics\DiagTrack\HeartBeats\Default\CompressedBytesUploaded,,,,,,,,,,,,,,,,,,,,,,,,,,,,,,,,,,,,,,,,,,,,,,,,,,,,,,,,QWORD (0x00000000-0x00000000),,,,,,,,,,,,,,,,,,,,,,,,,,,,,,,,,,,,,0,0,0,0,1,0,1,True
2020-08-05 06:10:09,480,1,-9223372036854775808,4452,2,,wec.internal.cloudapp.net,,"Registry value set:
RuleName: -
EventType: SetValue
UtcTime: 2020-08-05 06:10:09.195
ProcessGuid: {8715b604-0df2-5f2a-4900-000000000400}
ProcessId: 3356
Image: C:\windows\System32\svchost.exe
TargetObject: HKLM\SOFTWARE\Microsoft\Windows\CurrentVersion\Diagnostics\DiagTrack\HeartBeats\Default\InvalidHttpCodes
Details: DWORD (0x00000000)",eventlog,Microsoft-Windows-Sysmon,2,,['mordorDataset'],Microsoft-Windows-Sysmon/Operational,{5770385F-C22A-43E0-BF4C-06F5698FFBD9},13,480017,WORKSTATION5.theshire.local,,,,3356,im_msvistalog,53997,,2020-08-05 02:10:09,,,INFO,3484,,0,2020-08-05T06:10:09.897Z,13,,SetValue,2020-08-05 02:10:09,,,,S-1-5-18,,{8715b604-0df2-5f2a-4900-000000000400},,-,NT AUTHORITY,SYSTEM,C:\windows\System32\svchost.exe,User,,INFO,HKLM\SOFTWARE\Microsoft\Windows\CurrentVersion\Diagnostics\DiagTrack\HeartBeats\Default\InvalidHttpCodes,,,,,,,,,,,,,,,,,,,,,,,,,,,,,,,,,,,,,,,,,,,,,,,,,,,,,,,,DWORD (0x00000000),,,,,,,,,,,,,,,,,,,,,,,,,,,,,,,,,,,,,0,0,0,0,1,0,1,True
2020-08-05 06:10:09,481,1,-9223372036854775808,4452,2,,wec.internal.cloudapp.net,,"Registry value set:
RuleName: -
EventType: SetValue
UtcTime: 2020-08-05 06:10:09.195
ProcessGuid: {8715b604-0df2-5f2a-4900-000000000400}
ProcessId: 3356
Image: C:\windows\System32\svchost.exe
TargetObject: HKLM\SOFTWARE\Microsoft\Windows\CurrentVersion\Diagnostics\DiagTrack\HeartBeats\Default\LastInvalidHttpCode
Details: DWORD (0x00000000)",eventlog,Microsoft-Windows-Sysmon,2,,['mordorDataset'],Microsoft-Windows-Sysmon/Operational,{5770385F-C22A-43E0-BF4C-06F5698FFBD9},13,480018,WORKSTATION5.theshire.local,,,,3356,im_msvistalog,53997,,2020-08-05 02:10:09,,,INFO,3484,,0,2020-08-05T06:10:09.897Z,13,,SetValue,2020-08-05 02:10:09,,,,S-1-5-18,,{8715b604-0df2-5f2a-4900-000000000400},,-,NT AUTHORITY,SYSTEM,C:\windows\System32\svchost.exe,User,,INFO,HKLM\SOFTWARE\Microsoft\Windows\CurrentVersion\Diagnostics\DiagTrack\HeartBeats\Default\LastInvalidHttpCode,,,,,,,,,,,,,,,,,,,,,,,,,,,,,,,,,,,,,,,,,,,,,,,,,,,,,,,,DWORD (0x00000000),,,,,,,,,,,,,,,,,,,,,,,,,,,,,,,,,,,,,0,0,0,0,1,0,1,True
2020-08-05 06:10:09,467,1,-9223372036854775808,4452,2,,wec.internal.cloudapp.net,,"Registry value set:
RuleName: -
EventType: SetValue
UtcTime: 2020-08-05 06:10:09.194
ProcessGuid: {8715b604-0df2-5f2a-4900-000000000400}
ProcessId: 3356
Image: C:\windows\System32\svchost.exe
TargetObject: HKLM\SOFTWARE\Microsoft\Windows\CurrentVersion\Diagnostics\DiagTrack\HeartBeats\Default\EventDroppedThrottled
Details: DWORD (0x00000000)",eventlog,Microsoft-Windows-Sysmon,2,,['mordorDataset'],Microsoft-Windows-Sysmon/Operational,{5770385F-C22A-43E0-BF4C-06F5698FFBD9},13,480011,WORKSTATION5.theshire.local,,,,3356,im_msvistalog,53997,,2020-08-05 02:10:09,,,INFO,3484,,0,2020-08-05T06:10:09.892Z,13,,SetValue,2020-08-05 02:10:09,,,,S-1-5-18,,{8715b604-0df2-5f2a-4900-000000000400},,-,NT AUTHORITY,SYSTEM,C:\windows\System32\svchost.exe,User,,INFO,HKLM\SOFTWARE\Microsoft\Windows\CurrentVersion\Diagnostics\DiagTrack\HeartBeats\Default\EventDroppedThrottled,,,,,,,,,,,,,,,,,,,,,,,,,,,,,,,,,,,,,,,,,,,,,,,,,,,,,,,,DWORD (0x00000000),,,,,,,,,,,,,,,,,,,,,,,,,,,,,,,,,,,,,0,0,0,0,1,0,1,True
2020-08-05 06:10:09,505,1,-9223372036854775808,4452,2,,wec.internal.cloudapp.net,,"Registry object added or deleted:
RuleName: -
EventType: DeleteKey
UtcTime: 2020-08-05 06:10:09.196
ProcessGuid: {8715b604-0df2-5f2a-4900-000000000400}
ProcessId: 3356
Image: C:\windows\System32\svchost.exe
TargetObject: HKLM\SOFTWARE\Microsoft\Windows\CurrentVersion\Diagnostics\DiagTrack\HeartBeats\EndpointErrors\9",eventlog,Microsoft-Windows-Sysmon,2,,['mordorDataset'],Microsoft-Windows-Sysmon/Operational,{5770385F-C22A-43E0-BF4C-06F5698FFBD9},12,480039,WORKSTATION5.theshire.local,,,,3356,im_msvistalog,53997,,2020-08-05 02:10:09,,,INFO,3484,,0,2020-08-05T06:10:09.901Z,12,,DeleteKey,2020-08-05 02:10:09,,,,S-1-5-18,,{8715b604-0df2-5f2a-4900-000000000400},,-,NT AUTHORITY,SYSTEM,C:\windows\System32\svchost.exe,User,,INFO,HKLM\SOFTWARE\Microsoft\Windows\CurrentVersion\Diagnostics\DiagTrack\HeartBeats\EndpointErrors\9,,,,,,,,,,,,,,,,,,,,,,,,,,,,,,,,,,,,,,,,,,,,,,,,,,,,,,,,,,,,,,,,,,,,,,,,,,,,,,,,,,,,,,,,,,,,,0,0,0,1,1,0,2,True
2020-08-05 06:10:09,503,1,-9223372036854775808,4452,2,,wec.internal.cloudapp.net,,"Registry object added or deleted:
RuleName: -
EventType: DeleteKey
UtcTime: 2020-08-05 06:10:09.196
ProcessGuid: {8715b604-0df2-5f2a-4900-000000000400}
ProcessId: 3356
Image: C:\windows\System32\svchost.exe
TargetObject: HKLM\SOFTWARE\Microsoft\Windows\CurrentVersion\Diagnostics\DiagTrack\HeartBeats\EndpointErrors\8",eventlog,Microsoft-Windows-Sysmon,2,,['mordorDataset'],Microsoft-Windows-Sysmon/Operational,{5770385F-C22A-43E0-BF4C-06F5698FFBD9},12,480038,WORKSTATION5.theshire.local,,,,3356,im_msvistalog,53997,,2020-08-05 02:10:09,,,INFO,3484,,0,2020-08-05T06:10:09.901Z,12,,DeleteKey,2020-08-05 02:10:09,,,,S-1-5-18,,{8715b604-0df2-5f2a-4900-000000000400},,-,NT AUTHORITY,SYSTEM,C:\windows\System32\svchost.exe,User,,INFO,HKLM\SOFTWARE\Microsoft\Windows\CurrentVersion\Diagnostics\DiagTrack\HeartBeats\EndpointErrors\8,,,,,,,,,,,,,,,,,,,,,,,,,,,,,,,,,,,,,,,,,,,,,,,,,,,,,,,,,,,,,,,,,,,,,,,,,,,,,,,,,,,,,,,,,,,,,0,0,0,1,1,0,2,True
2020-08-05 06:10:09,507,1,-9223372036854775808,4452,2,,wec.internal.cloudapp.net,,"Registry object added or deleted:
RuleName: -
EventType: DeleteKey
UtcTime: 2020-08-05 06:10:09.196
ProcessGuid: {8715b604-0df2-5f2a-4900-000000000400}
ProcessId: 3356
Image: C:\windows\System32\svchost.exe
TargetObject: HKLM\SOFTWARE\Microsoft\Windows\CurrentVersion\Diagnostics\DiagTrack\HeartBeats\EndpointErrors",eventlog,Microsoft-Windows-Sysmon,2,,['mordorDataset'],Microsoft-Windows-Sysmon/Operational,{5770385F-C22A-43E0-BF4C-06F5698FFBD9},12,480040,WORKSTATION5.theshire.local,,,,3356,im_msvistalog,53997,,2020-08-05 02:10:09,,,INFO,3484,,0,2020-08-05T06:10:09.903Z,12,,DeleteKey,2020-08-05 02:10:09,,,,S-1-5-18,,{8715b604-0df2-5f2a-4900-000000000400},,-,NT AUTHORITY,SYSTEM,C:\windows\System32\svchost.exe,User,,INFO,HKLM\SOFTWARE\Microsoft\Windows\CurrentVersion\Diagnostics\DiagTrack\HeartBeats\EndpointErrors,,,,,,,,,,,,,,,,,,,,,,,,,,,,,,,,,,,,,,,,,,,,,,,,,,,,,,,,,,,,,,,,,,,,,,,,,,,,,,,,,,,,,,,,,,,,,0,0,0,1,1,0,2,True
2020-08-05 06:10:09,528,1,-9223372036854775808,4452,2,,wec.internal.cloudapp.net,,"Registry value set:
RuleName: -
EventType: SetValue
UtcTime: 2020-08-05 06:10:09.197
ProcessGuid: {8715b604-0df2-5f2a-4900-000000000400}
ProcessId: 3356
Image: C:\windows\System32\svchost.exe
TargetObject: HKLM\SOFTWARE\Microsoft\Windows\CurrentVersion\Diagnostics\DiagTrack\HeartBeats\EndpointErrors\0\Name
Details: (Empty)",eventlog,Microsoft-Windows-Sysmon,2,,['mordorDataset'],Microsoft-Windows-Sysmon/Operational,{5770385F-C22A-43E0-BF4C-06F5698FFBD9},13,480050,WORKSTATION5.theshire.local,,,,3356,im_msvistalog,53997,,2020-08-05 02:10:09,,,INFO,3484,,0,2020-08-05T06:10:09.908Z,13,,SetValue,2020-08-05 02:10:09,,,,S-1-5-18,,{8715b604-0df2-5f2a-4900-000000000400},,-,NT AUTHORITY,SYSTEM,C:\windows\System32\svchost.exe,User,,INFO,HKLM\SOFTWARE\Microsoft\Windows\CurrentVersion\Diagnostics\DiagTrack\HeartBeats\EndpointErrors\0\Name,,,,,,,,,,,,,,,,,,,,,,,,,,,,,,,,,,,,,,,,,,,,,,,,,,,,,,,,(Empty),,,,,,,,,,,,,,,,,,,,,,,,,,,,,,,,,,,,,0,0,0,1,1,0,2,True
2020-08-05 06:10:09,529,1,-9223372036854775808,4452,2,,wec.internal.cloudapp.net,,"Registry object added or deleted:
RuleName: -
EventType: CreateKey
UtcTime: 2020-08-05 06:10:09.197
ProcessGuid: {8715b604-0df2-5f2a-4900-000000000400}
ProcessId: 3356
Image: C:\windows\System32\svchost.exe
TargetObject: HKLM\SOFTWARE\Microsoft\Windows\CurrentVersion\Diagnostics\DiagTrack\HeartBeats\EndpointErrors\0",eventlog,Microsoft-Windows-Sysmon,2,,['mordorDataset'],Microsoft-Windows-Sysmon/Operational,{5770385F-C22A-43E0-BF4C-06F5698FFBD9},12,480051,WORKSTATION5.theshire.local,,,,3356,im_msvistalog,53997,,2020-08-05 02:10:09,,,INFO,3484,,0,2020-08-05T06:10:09.908Z,12,,CreateKey,2020-08-05 02:10:09,,,,S-1-5-18,,{8715b604-0df2-5f2a-4900-000000000400},,-,NT AUTHORITY,SYSTEM,C:\windows\System32\svchost.exe,User,,INFO,HKLM\SOFTWARE\Microsoft\Windows\CurrentVersion\Diagnostics\DiagTrack\HeartBeats\EndpointErrors\0,,,,,,,,,,,,,,,,,,,,,,,,,,,,,,,,,,,,,,,,,,,,,,,,,,,,,,,,,,,,,,,,,,,,,,,,,,,,,,,,,,,,,,,,,,,,,0,0,0,1,1,0,2,True
2020-08-05 06:10:09,530,1,-9223372036854775808,4452,2,,wec.internal.cloudapp.net,,"Registry value set:
RuleName: -
EventType: SetValue
UtcTime: 2020-08-05 06:10:09.197
ProcessGuid: {8715b604-0df2-5f2a-4900-000000000400}
ProcessId: 3356
Image: C:\windows\System32\svchost.exe
TargetObject: HKLM\SOFTWARE\Microsoft\Windows\CurrentVersion\Diagnostics\DiagTrack\HeartBeats\EndpointErrors\0\Value
Details: DWORD (0x00000000)",eventlog,Microsoft-Windows-Sysmon,2,,['mordorDataset'],Microsoft-Windows-Sysmon/Operational,{5770385F-C22A-43E0-BF4C-06F5698FFBD9},13,480052,WORKSTATION5.theshire.local,,,,3356,im_msvistalog,53997,,2020-08-05 02:10:09,,,INFO,3484,,0,2020-08-05T06:10:09.908Z,13,,SetValue,2020-08-05 02:10:09,,,,S-1-5-18,,{8715b604-0df2-5f2a-4900-000000000400},,-,NT AUTHORITY,SYSTEM,C:\windows\System32\svchost.exe,User,,INFO,HKLM\SOFTWARE\Microsoft\Windows\CurrentVersion\Diagnostics\DiagTrack\HeartBeats\EndpointErrors\0\Value,,,,,,,,,,,,,,,,,,,,,,,,,,,,,,,,,,,,,,,,,,,,,,,,,,,,,,,,DWORD (0x00000000),,,,,,,,,,,,,,,,,,,,,,,,,,,,,,,,,,,,,0,0,0,1,1,0,2,True
2020-08-05 06:10:09,531,1,-9223372036854775808,4452,2,,wec.internal.cloudapp.net,,"Registry object added or deleted:
RuleName: -
EventType: CreateKey
UtcTime: 2020-08-05 06:10:09.197
ProcessGuid: {8715b604-0df2-5f2a-4900-000000000400}
ProcessId: 3356
Image: C:\windows\System32\svchost.exe
TargetObject: HKLM\SOFTWARE\Microsoft\Windows\CurrentVersion\Diagnostics\DiagTrack\HeartBeats\EndpointErrors\1",eventlog,Microsoft-Windows-Sysmon,2,,['mordorDataset'],Microsoft-Windows-Sysmon/Operational,{5770385F-C22A-43E0-BF4C-06F5698FFBD9},12,480053,WORKSTATION5.theshire.local,,,,3356,im_msvistalog,53997,,2020-08-05 02:10:09,,,INFO,3484,,0,2020-08-05T06:10:09.908Z,12,,CreateKey,2020-08-05 02:10:09,,,,S-1-5-18,,{8715b604-0df2-5f2a-4900-000000000400},,-,NT AUTHORITY,SYSTEM,C:\windows\System32\svchost.exe,User,,INFO,HKLM\SOFTWARE\Microsoft\Windows\CurrentVersion\Diagnostics\DiagTrack\HeartBeats\EndpointErrors\1,,,,,,,,,,,,,,,,,,,,,,,,,,,,,,,,,,,,,,,,,,,,,,,,,,,,,,,,,,,,,,,,,,,,,,,,,,,,,,,,,,,,,,,,,,,,,0,0,0,1,1,0,2,True
2020-08-05 06:10:09,532,1,-9223372036854775808,4452,2,,wec.internal.cloudapp.net,,"Registry value set:
RuleName: -
EventType: SetValue
UtcTime: 2020-08-05 06:10:09.197
ProcessGuid: {8715b604-0df2-5f2a-4900-000000000400}
ProcessId: 3356
Image: C:\windows\System32\svchost.exe
TargetObject: HKLM\SOFTWARE\Microsoft\Windows\CurrentVersion\Diagnostics\DiagTrack\HeartBeats\EndpointErrors\1\Name
Details: (Empty)",eventlog,Microsoft-Windows-Sysmon,2,,['mordorDataset'],Microsoft-Windows-Sysmon/Operational,{5770385F-C22A-43E0-BF4C-06F5698FFBD9},13,480054,WORKSTATION5.theshire.local,,,,3356,im_msvistalog,53997,,2020-08-05 02:10:09,,,INFO,3484,,0,2020-08-05T06:10:09.909Z,13,,SetValue,2020-08-05 02:10:09,,,,S-1-5-18,,{8715b604-0df2-5f2a-4900-000000000400},,-,NT AUTHORITY,SYSTEM,C:\windows\System32\svchost.exe,User,,INFO,HKLM\SOFTWARE\Microsoft\Windows\CurrentVersion\Diagnostics\DiagTrack\HeartBeats\EndpointErrors\1\Name,,,,,,,,,,,,,,,,,,,,,,,,,,,,,,,,,,,,,,,,,,,,,,,,,,,,,,,,(Empty),,,,,,,,,,,,,,,,,,,,,,,,,,,,,,,,,,,,,0,0,0,1,1,0,2,True
2020-08-05 06:10:09,533,1,-9223372036854775808,4452,2,,wec.internal.cloudapp.net,,"Registry object added or deleted:
RuleName: -
EventType: CreateKey
UtcTime: 2020-08-05 06:10:09.197
ProcessGuid: {8715b604-0df2-5f2a-4900-000000000400}
ProcessId: 3356
Image: C:\windows\System32\svchost.exe
TargetObject: HKLM\SOFTWARE\Microsoft\Windows\CurrentVersion\Diagnostics\DiagTrack\HeartBeats\EndpointErrors\1",eventlog,Microsoft-Windows-Sysmon,2,,['mordorDataset'],Microsoft-Windows-Sysmon/Operational,{5770385F-C22A-43E0-BF4C-06F5698FFBD9},12,480055,WORKSTATION5.theshire.local,,,,3356,im_msvistalog,53997,,2020-08-05 02:10:09,,,INFO,3484,,0,2020-08-05T06:10:09.909Z,12,,CreateKey,2020-08-05 02:10:09,,,,S-1-5-18,,{8715b604-0df2-5f2a-4900-000000000400},,-,NT AUTHORITY,SYSTEM,C:\windows\System32\svchost.exe,User,,INFO,HKLM\SOFTWARE\Microsoft\Windows\CurrentVersion\Diagnostics\DiagTrack\HeartBeats\EndpointErrors\1,,,,,,,,,,,,,,,,,,,,,,,,,,,,,,,,,,,,,,,,,,,,,,,,,,,,,,,,,,,,,,,,,,,,,,,,,,,,,,,,,,,,,,,,,,,,,0,0,0,1,1,0,2,True
2020-08-05 06:10:09,534,1,-9223372036854775808,4452,2,,wec.internal.cloudapp.net,,"Registry value set:
RuleName: -
EventType: SetValue
UtcTime: 2020-08-05 06:10:09.197
ProcessGuid: {8715b604-0df2-5f2a-4900-000000000400}
ProcessId: 3356
Image: C:\windows\System32\svchost.exe
TargetObject: HKLM\SOFTWARE\Microsoft\Windows\CurrentVersion\Diagnostics\DiagTrack\HeartBeats\EndpointErrors\1\Value
Details: DWORD (0x00000000)",eventlog,Microsoft-Windows-Sysmon,2,,['mordorDataset'],Microsoft-Windows-Sysmon/Operational,{5770385F-C22A-43E0-BF4C-06F5698FFBD9},13,480056,WORKSTATION5.theshire.local,,,,3356,im_msvistalog,53997,,2020-08-05 02:10:09,,,INFO,3484,,0,2020-08-05T06:10:09.909Z,13,,SetValue,2020-08-05 02:10:09,,,,S-1-5-18,,{8715b604-0df2-5f2a-4900-000000000400},,-,NT AUTHORITY,SYSTEM,C:\windows\System32\svchost.exe,User,,INFO,HKLM\SOFTWARE\Microsoft\Windows\CurrentVersion\Diagnostics\DiagTrack\HeartBeats\EndpointErrors\1\Value,,,,,,,,,,,,,,,,,,,,,,,,,,,,,,,,,,,,,,,,,,,,,,,,,,,,,,,,DWORD (0x00000000),,,,,,,,,,,,,,,,,,,,,,,,,,,,,,,,,,,,,0,0,0,1,1,0,2,True
2020-08-05 06:10:09,535,1,-9223372036854775808,4452,2,,wec.internal.cloudapp.net,,"Registry object added or deleted:
RuleName: -
EventType: CreateKey
UtcTime: 2020-08-05 06:10:09.197
ProcessGuid: {8715b604-0df2-5f2a-4900-000000000400}
ProcessId: 3356
Image: C:\windows\System32\svchost.exe
TargetObject: HKLM\SOFTWARE\Microsoft\Windows\CurrentVersion\Diagnostics\DiagTrack\HeartBeats\EndpointErrors\2",eventlog,Microsoft-Windows-Sysmon,2,,['mordorDataset'],Microsoft-Windows-Sysmon/Operational,{5770385F-C22A-43E0-BF4C-06F5698FFBD9},12,480057,WORKSTATION5.theshire.local,,,,3356,im_msvistalog,53997,,2020-08-05 02:10:09,,,INFO,3484,,0,2020-08-05T06:10:09.909Z,12,,CreateKey,2020-08-05 02:10:09,,,,S-1-5-18,,{8715b604-0df2-5f2a-4900-000000000400},,-,NT AUTHORITY,SYSTEM,C:\windows\System32\svchost.exe,User,,INFO,HKLM\SOFTWARE\Microsoft\Windows\CurrentVersion\Diagnostics\DiagTrack\HeartBeats\EndpointErrors\2,,,,,,,,,,,,,,,,,,,,,,,,,,,,,,,,,,,,,,,,,,,,,,,,,,,,,,,,,,,,,,,,,,,,,,,,,,,,,,,,,,,,,,,,,,,,,0,0,0,1,1,0,2,True
2020-08-05 06:10:09,536,1,-9223372036854775808,4452,2,,wec.internal.cloudapp.net,,"Registry value set:
RuleName: -
EventType: SetValue
UtcTime: 2020-08-05 06:10:09.197
ProcessGuid: {8715b604-0df2-5f2a-4900-000000000400}
ProcessId: 3356
Image: C:\windows\System32\svchost.exe
TargetObject: HKLM\SOFTWARE\Microsoft\Windows\CurrentVersion\Diagnostics\DiagTrack\HeartBeats\EndpointErrors\2\Name
Details: (Empty)",eventlog,Microsoft-Windows-Sysmon,2,,['mordorDataset'],Microsoft-Windows-Sysmon/Operational,{5770385F-C22A-43E0-BF4C-06F5698FFBD9},13,480058,WORKSTATION5.theshire.local,,,,3356,im_msvistalog,53997,,2020-08-05 02:10:09,,,INFO,3484,,0,2020-08-05T06:10:09.909Z,13,,SetValue,2020-08-05 02:10:09,,,,S-1-5-18,,{8715b604-0df2-5f2a-4900-000000000400},,-,NT AUTHORITY,SYSTEM,C:\windows\System32\svchost.exe,User,,INFO,HKLM\SOFTWARE\Microsoft\Windows\CurrentVersion\Diagnostics\DiagTrack\HeartBeats\EndpointErrors\2\Name,,,,,,,,,,,,,,,,,,,,,,,,,,,,,,,,,,,,,,,,,,,,,,,,,,,,,,,,(Empty),,,,,,,,,,,,,,,,,,,,,,,,,,,,,,,,,,,,,0,0,0,1,1,0,2,True
2020-08-05 06:10:09,537,1,-9223372036854775808,4452,2,,wec.internal.cloudapp.net,,"Registry object added or deleted:
RuleName: -
EventType: CreateKey
UtcTime: 2020-08-05 06:10:09.197
ProcessGuid: {8715b604-0df2-5f2a-4900-000000000400}
ProcessId: 3356
Image: C:\windows\System32\svchost.exe
TargetObject: HKLM\SOFTWARE\Microsoft\Windows\CurrentVersion\Diagnostics\DiagTrack\HeartBeats\EndpointErrors\2",eventlog,Microsoft-Windows-Sysmon,2,,['mordorDataset'],Microsoft-Windows-Sysmon/Operational,{5770385F-C22A-43E0-BF4C-06F5698FFBD9},12,480059,WORKSTATION5.theshire.local,,,,3356,im_msvistalog,53997,,2020-08-05 02:10:09,,,INFO,3484,,0,2020-08-05T06:10:09.910Z,12,,CreateKey,2020-08-05 02:10:09,,,,S-1-5-18,,{8715b604-0df2-5f2a-4900-000000000400},,-,NT AUTHORITY,SYSTEM,C:\windows\System32\svchost.exe,User,,INFO,HKLM\SOFTWARE\Microsoft\Windows\CurrentVersion\Diagnostics\DiagTrack\HeartBeats\EndpointErrors\2,,,,,,,,,,,,,,,,,,,,,,,,,,,,,,,,,,,,,,,,,,,,,,,,,,,,,,,,,,,,,,,,,,,,,,,,,,,,,,,,,,,,,,,,,,,,,0,0,0,1,1,0,2,True
2020-08-05 06:10:09,538,1,-9223372036854775808,4452,2,,wec.internal.cloudapp.net,,"Registry value set:
RuleName: -
EventType: SetValue
UtcTime: 2020-08-05 06:10:09.197
ProcessGuid: {8715b604-0df2-5f2a-4900-000000000400}
ProcessId: 3356
Image: C:\windows\System32\svchost.exe
TargetObject: HKLM\SOFTWARE\Microsoft\Windows\CurrentVersion\Diagnostics\DiagTrack\HeartBeats\EndpointErrors\2\Value
Details: DWORD (0x00000000)",eventlog,Microsoft-Windows-Sysmon,2,,['mordorDataset'],Microsoft-Windows-Sysmon/Operational,{5770385F-C22A-43E0-BF4C-06F5698FFBD9},13,480060,WORKSTATION5.theshire.local,,,,3356,im_msvistalog,53997,,2020-08-05 02:10:09,,,INFO,3484,,0,2020-08-05T06:10:09.910Z,13,,SetValue,2020-08-05 02:10:09,,,,S-1-5-18,,{8715b604-0df2-5f2a-4900-000000000400},,-,NT AUTHORITY,SYSTEM,C:\windows\System32\svchost.exe,User,,INFO,HKLM\SOFTWARE\Microsoft\Windows\CurrentVersion\Diagnostics\DiagTrack\HeartBeats\EndpointErrors\2\Value,,,,,,,,,,,,,,,,,,,,,,,,,,,,,,,,,,,,,,,,,,,,,,,,,,,,,,,,DWORD (0x00000000),,,,,,,,,,,,,,,,,,,,,,,,,,,,,,,,,,,,,0,0,0,1,1,0,2,True
