2020-08-05 06:10:09,601,1,-9223372036854775808,4452,2,,wec.internal.cloudapp.net,,"Registry value set:
RuleName: -
EventType: SetValue
UtcTime: 2020-08-05 06:10:09.199
ProcessGuid: {8715b604-0df2-5f2a-4900-000000000400}
ProcessId: 3356
Image: C:\windows\System32\svchost.exe
TargetObject: HKLM\SOFTWARE\Microsoft\Windows\CurrentVersion\Diagnostics\DiagTrack\HeartBeats\Default\CriticalDataEventDroppedDb
Details: DWORD (0x00000000)",eventlog,Microsoft-Windows-Sysmon,2,,['mordorDataset'],Microsoft-Windows-Sysmon/Operational,{5770385F-C22A-43E0-BF4C-06F5698FFBD9},13,480103,WORKSTATION5.theshire.local,,,,3356,im_msvistalog,53997,,2020-08-05 02:10:09,,,INFO,3484,,0,2020-08-05T06:10:09.925Z,13,,SetValue,2020-08-05 02:10:09,,,,S-1-5-18,,{8715b604-0df2-5f2a-4900-000000000400},,-,NT AUTHORITY,SYSTEM,C:\windows\System32\svchost.exe,User,,INFO,HKLM\SOFTWARE\Microsoft\Windows\CurrentVersion\Diagnostics\DiagTrack\HeartBeats\Default\CriticalDataEventDroppedDb,,,,,,,,,,,,,,,,,,,,,,,,,,,,,,,,,,,,,,,,,,,,,,,,,,,,,,,,DWORD (0x00000000),,,,,,,,,,,,,,,,,,,,,,,,,,,,,,,,,,,,,0,0,0,1,1,0,3,True
2020-08-05 06:10:09,619,1,-9223372036854775808,4452,2,,wec.internal.cloudapp.net,,"Registry object added or deleted:
RuleName: -
EventType: CreateKey
UtcTime: 2020-08-05 06:10:09.548
ProcessGuid: {8715b604-0df2-5f2a-4900-000000000400}
ProcessId: 3356
Image: C:\windows\System32\svchost.exe
TargetObject: HKLM\SOFTWARE",eventlog,Microsoft-Windows-Sysmon,2,,['mordorDataset'],Microsoft-Windows-Sysmon/Operational,{5770385F-C22A-43E0-BF4C-06F5698FFBD9},12,480121,WORKSTATION5.theshire.local,,,,3356,im_msvistalog,53997,,2020-08-05 02:10:09,,,INFO,3484,,0,2020-08-05T06:10:10.931Z,12,,CreateKey,2020-08-05 02:10:10,,,,S-1-5-18,,{8715b604-0df2-5f2a-4900-000000000400},,-,NT AUTHORITY,SYSTEM,C:\windows\System32\svchost.exe,User,,INFO,HKLM\SOFTWARE,,,,,,,,,,,,,,,,,,,,,,,,,,,,,,,,,,,,,,,,,,,,,,,,,,,,,,,,,,,,,,,,,,,,,,,,,,,,,,,,,,,,,,,,,,,,,0,0,0,1,1,0,3,True
2020-08-05 06:10:09,620,1,-9223372036854775808,4452,2,,wec.internal.cloudapp.net,,"Registry object added or deleted:
RuleName: -
EventType: CreateKey
UtcTime: 2020-08-05 06:10:09.548
ProcessGuid: {8715b604-0df2-5f2a-4900-000000000400}
ProcessId: 3356
Image: C:\windows\System32\svchost.exe
TargetObject: HKLM\SOFTWARE\Policies",eventlog,Microsoft-Windows-Sysmon,2,,['mordorDataset'],Microsoft-Windows-Sysmon/Operational,{5770385F-C22A-43E0-BF4C-06F5698FFBD9},12,480122,WORKSTATION5.theshire.local,,,,3356,im_msvistalog,53997,,2020-08-05 02:10:09,,,INFO,3484,,0,2020-08-05T06:10:10.931Z,12,,CreateKey,2020-08-05 02:10:10,,,,S-1-5-18,,{8715b604-0df2-5f2a-4900-000000000400},,-,NT AUTHORITY,SYSTEM,C:\windows\System32\svchost.exe,User,,INFO,HKLM\SOFTWARE\Policies,,,,,,,,,,,,,,,,,,,,,,,,,,,,,,,,,,,,,,,,,,,,,,,,,,,,,,,,,,,,,,,,,,,,,,,,,,,,,,,,,,,,,,,,,,,,,0,0,0,1,1,0,3,True
2020-08-05 06:10:09,621,1,-9223372036854775808,4452,2,,wec.internal.cloudapp.net,,"Registry object added or deleted:
RuleName: -
EventType: CreateKey
UtcTime: 2020-08-05 06:10:09.548
ProcessGuid: {8715b604-0df2-5f2a-4900-000000000400}
ProcessId: 3356
Image: C:\windows\System32\svchost.exe
TargetObject: HKLM\SOFTWARE\Policies\Microsoft",eventlog,Microsoft-Windows-Sysmon,2,,['mordorDataset'],Microsoft-Windows-Sysmon/Operational,{5770385F-C22A-43E0-BF4C-06F5698FFBD9},12,480123,WORKSTATION5.theshire.local,,,,3356,im_msvistalog,53997,,2020-08-05 02:10:09,,,INFO,3484,,0,2020-08-05T06:10:10.932Z,12,,CreateKey,2020-08-05 02:10:10,,,,S-1-5-18,,{8715b604-0df2-5f2a-4900-000000000400},,-,NT AUTHORITY,SYSTEM,C:\windows\System32\svchost.exe,User,,INFO,HKLM\SOFTWARE\Policies\Microsoft,,,,,,,,,,,,,,,,,,,,,,,,,,,,,,,,,,,,,,,,,,,,,,,,,,,,,,,,,,,,,,,,,,,,,,,,,,,,,,,,,,,,,,,,,,,,,0,0,0,1,1,0,3,True
2020-08-05 06:10:09,622,1,-9223372036854775808,4452,2,,wec.internal.cloudapp.net,,"Registry object added or deleted:
RuleName: -
EventType: CreateKey
UtcTime: 2020-08-05 06:10:09.548
ProcessGuid: {8715b604-0df2-5f2a-4900-000000000400}
ProcessId: 3356
Image: C:\windows\System32\svchost.exe
TargetObject: HKLM\SOFTWARE\Policies\Microsoft\SystemCertificates",eventlog,Microsoft-Windows-Sysmon,2,,['mordorDataset'],Microsoft-Windows-Sysmon/Operational,{5770385F-C22A-43E0-BF4C-06F5698FFBD9},12,480124,WORKSTATION5.theshire.local,,,,3356,im_msvistalog,53997,,2020-08-05 02:10:09,,,INFO,3484,,0,2020-08-05T06:10:10.932Z,12,,CreateKey,2020-08-05 02:10:10,,,,S-1-5-18,,{8715b604-0df2-5f2a-4900-000000000400},,-,NT AUTHORITY,SYSTEM,C:\windows\System32\svchost.exe,User,,INFO,HKLM\SOFTWARE\Policies\Microsoft\SystemCertificates,,,,,,,,,,,,,,,,,,,,,,,,,,,,,,,,,,,,,,,,,,,,,,,,,,,,,,,,,,,,,,,,,,,,,,,,,,,,,,,,,,,,,,,,,,,,,0,0,0,1,1,0,2,True
2020-08-05 06:10:09,623,1,-9223372036854775808,4452,2,,wec.internal.cloudapp.net,,"Registry object added or deleted:
RuleName: -
EventType: CreateKey
UtcTime: 2020-08-05 06:10:09.548
ProcessGuid: {8715b604-0df2-5f2a-4900-000000000400}
ProcessId: 3356
Image: C:\windows\System32\svchost.exe
TargetObject: HKLM\SOFTWARE",eventlog,Microsoft-Windows-Sysmon,2,,['mordorDataset'],Microsoft-Windows-Sysmon/Operational,{5770385F-C22A-43E0-BF4C-06F5698FFBD9},12,480125,WORKSTATION5.theshire.local,,,,3356,im_msvistalog,53997,,2020-08-05 02:10:09,,,INFO,3484,,0,2020-08-05T06:10:10.932Z,12,,CreateKey,2020-08-05 02:10:10,,,,S-1-5-18,,{8715b604-0df2-5f2a-4900-000000000400},,-,NT AUTHORITY,SYSTEM,C:\windows\System32\svchost.exe,User,,INFO,HKLM\SOFTWARE,,,,,,,,,,,,,,,,,,,,,,,,,,,,,,,,,,,,,,,,,,,,,,,,,,,,,,,,,,,,,,,,,,,,,,,,,,,,,,,,,,,,,,,,,,,,,0,0,0,1,0,0,1,True
2020-08-05 06:10:09,624,1,-9223372036854775808,4452,2,,wec.internal.cloudapp.net,,"Registry object added or deleted:
RuleName: -
EventType: CreateKey
UtcTime: 2020-08-05 06:10:09.548
ProcessGuid: {8715b604-0df2-5f2a-4900-000000000400}
ProcessId: 3356
Image: C:\windows\System32\svchost.exe
TargetObject: HKLM\SOFTWARE\Policies",eventlog,Microsoft-Windows-Sysmon,2,,['mordorDataset'],Microsoft-Windows-Sysmon/Operational,{5770385F-C22A-43E0-BF4C-06F5698FFBD9},12,480126,WORKSTATION5.theshire.local,,,,3356,im_msvistalog,53997,,2020-08-05 02:10:09,,,INFO,3484,,0,2020-08-05T06:10:10.932Z,12,,CreateKey,2020-08-05 02:10:10,,,,S-1-5-18,,{8715b604-0df2-5f2a-4900-000000000400},,-,NT AUTHORITY,SYSTEM,C:\windows\System32\svchost.exe,User,,INFO,HKLM\SOFTWARE\Policies,,,,,,,,,,,,,,,,,,,,,,,,,,,,,,,,,,,,,,,,,,,,,,,,,,,,,,,,,,,,,,,,,,,,,,,,,,,,,,,,,,,,,,,,,,,,,0,0,0,1,0,0,1,True
2020-08-05 06:10:09,618,1,-9223372036854775808,4452,3,,wec.internal.cloudapp.net,,"Process accessed:
RuleName: -
UtcTime: 2020-08-05 06:10:09.457
SourceProcessGUID: {8715b604-0dea-5f2a-0e00-000000000400}
SourceProcessId: 884
SourceThreadId: 1064
SourceImage: C:\windows\system32\svchost.exe
TargetProcessGUID: {8715b604-2975-5f2a-9603-000000000400}
TargetProcessId: 6244
TargetImage: C:\Windows\SystemApps\InputApp_cw5n1h2txyewy\WindowsInternal.ComposableShell.Experiences.TextInput.InputApp.exe
GrantedAccess: 0x1000
CallTrace: C:\windows\SYSTEM32\ntdll.dll+9c534|C:\windows\SYSTEM32\psmserviceexthost.dll+222a3|C:\windows\SYSTEM32\psmserviceexthost.dll+37ea0|C:\windows\SYSTEM32\psmserviceexthost.dll+37929|C:\windows\SYSTEM32\psmserviceexthost.dll+686f8|C:\windows\SYSTEM32\psmserviceexthost.dll+6e84a|C:\windows\SYSTEM32\psmserviceexthost.dll+6f700|C:\windows\SYSTEM32\psmserviceexthost.dll+34be4|C:\windows\SYSTEM32\psmserviceexthost.dll+6f63e|C:\windows\SYSTEM32\psmserviceexthost.dll+713b5|C:\windows\SYSTEM32\psmserviceexthost.dll+50bda|C:\windows\SYSTEM32\psmserviceexthost.dll+4500a|C:\windows\System32\KERNEL32.DLL+17bd4|C:\windows\SYSTEM32\ntdll.dll+6ce51",eventlog,Microsoft-Windows-Sysmon,2,,['mordorDataset'],Microsoft-Windows-Sysmon/Operational,{5770385F-C22A-43E0-BF4C-06F5698FFBD9},10,480120,WORKSTATION5.theshire.local,,,,884,im_msvistalog,53997,,2020-08-05 02:10:09,,,INFO,3484,,0,2020-08-05T06:10:10.931Z,10,,INFO,2020-08-05 02:10:10,,,,S-1-5-18,,,,-,NT AUTHORITY,SYSTEM,,User,,,,,,,,,,,,,,,,,,,,,,,,,,,,,,,,,,,,,,,,,,,,,,,,,,,,,,,,,,,,{8715b604-0dea-5f2a-0e00-000000000400},0x1000,6244,{8715b604-2975-5f2a-9603-000000000400},C:\Windows\SystemApps\InputApp_cw5n1h2txyewy\WindowsInternal.ComposableShell.Experiences.TextInput.InputApp.exe,C:\windows\SYSTEM32\ntdll.dll+9c534|C:\windows\SYSTEM32\psmserviceexthost.dll+222a3|C:\windows\SYSTEM32\psmserviceexthost.dll+37ea0|C:\windows\SYSTEM32\psmserviceexthost.dll+37929|C:\windows\SYSTEM32\psmserviceexthost.dll+686f8|C:\windows\SYSTEM32\psmserviceexthost.dll+6e84a|C:\windows\SYSTEM32\psmserviceexthost.dll+6f700|C:\windows\SYSTEM32\psmserviceexthost.dll+34be4|C:\windows\SYSTEM32\psmserviceexthost.dll+6f63e|C:\windows\SYSTEM32\psmserviceexthost.dll+713b5|C:\windows\SYSTEM32\psmserviceexthost.dll+50bda|C:\windows\SYSTEM32\psmserviceexthost.dll+4500a|C:\windows\System32\KERNEL32.DLL+17bd4|C:\windows\SYSTEM32\ntdll.dll+6ce51,1064.0,884,C:\windows\system32\svchost.exe,,,,,,,,,,,,,,,,,,,,,,,,,,,,0,0,0,1,0,0,2,True
2020-08-05 06:10:09,625,1,-9223372036854775808,4452,2,,wec.internal.cloudapp.net,,"Registry object added or deleted:
RuleName: -
EventType: CreateKey
UtcTime: 2020-08-05 06:10:09.549
ProcessGuid: {8715b604-0df2-5f2a-4900-000000000400}
ProcessId: 3356
Image: C:\windows\System32\svchost.exe
TargetObject: HKLM\SOFTWARE\Policies\Microsoft",eventlog,Microsoft-Windows-Sysmon,2,,['mordorDataset'],Microsoft-Windows-Sysmon/Operational,{5770385F-C22A-43E0-BF4C-06F5698FFBD9},12,480127,WORKSTATION5.theshire.local,,,,3356,im_msvistalog,53997,,2020-08-05 02:10:09,,,INFO,3484,,0,2020-08-05T06:10:10.932Z,12,,CreateKey,2020-08-05 02:10:10,,,,S-1-5-18,,{8715b604-0df2-5f2a-4900-000000000400},,-,NT AUTHORITY,SYSTEM,C:\windows\System32\svchost.exe,User,,INFO,HKLM\SOFTWARE\Policies\Microsoft,,,,,,,,,,,,,,,,,,,,,,,,,,,,,,,,,,,,,,,,,,,,,,,,,,,,,,,,,,,,,,,,,,,,,,,,,,,,,,,,,,,,,,,,,,,,,0,0,0,1,0,0,2,True
2020-08-05 06:10:09,627,1,-9223372036854775808,4452,2,,wec.internal.cloudapp.net,,"Registry object added or deleted:
RuleName: -
EventType: CreateKey
UtcTime: 2020-08-05 06:10:09.654
ProcessGuid: {8715b604-0df2-5f2a-4900-000000000400}
ProcessId: 3356
Image: C:\windows\System32\svchost.exe
TargetObject: HKLM\SOFTWARE\Microsoft\Windows\CurrentVersion\Diagnostics\DiagTrack",eventlog,Microsoft-Windows-Sysmon,2,,['mordorDataset'],Microsoft-Windows-Sysmon/Operational,{5770385F-C22A-43E0-BF4C-06F5698FFBD9},12,480129,WORKSTATION5.theshire.local,,,,3356,im_msvistalog,53997,,2020-08-05 02:10:09,,,INFO,3484,,0,2020-08-05T06:10:10.933Z,12,,CreateKey,2020-08-05 02:10:10,,,,S-1-5-18,,{8715b604-0df2-5f2a-4900-000000000400},,-,NT AUTHORITY,SYSTEM,C:\windows\System32\svchost.exe,User,,INFO,HKLM\SOFTWARE\Microsoft\Windows\CurrentVersion\Diagnostics\DiagTrack,,,,,,,,,,,,,,,,,,,,,,,,,,,,,,,,,,,,,,,,,,,,,,,,,,,,,,,,,,,,,,,,,,,,,,,,,,,,,,,,,,,,,,,,,,,,,0,0,0,1,0,0,2,True
2020-08-05 06:10:09,628,1,-9223372036854775808,4452,2,,wec.internal.cloudapp.net,,"Registry value set:
RuleName: -
EventType: SetValue
UtcTime: 2020-08-05 06:10:09.654
ProcessGuid: {8715b604-0df2-5f2a-4900-000000000400}
ProcessId: 3356
Image: C:\windows\System32\svchost.exe
TargetObject: HKLM\SOFTWARE\Microsoft\Windows\CurrentVersion\Diagnostics\DiagTrack\LastSuccessfulUploadTime
Details: QWORD (0x01d66aef-0x12a51c38)",eventlog,Microsoft-Windows-Sysmon,2,,['mordorDataset'],Microsoft-Windows-Sysmon/Operational,{5770385F-C22A-43E0-BF4C-06F5698FFBD9},13,480130,WORKSTATION5.theshire.local,,,,3356,im_msvistalog,53997,,2020-08-05 02:10:09,,,INFO,3484,,0,2020-08-05T06:10:10.933Z,13,,SetValue,2020-08-05 02:10:10,,,,S-1-5-18,,{8715b604-0df2-5f2a-4900-000000000400},,-,NT AUTHORITY,SYSTEM,C:\windows\System32\svchost.exe,User,,INFO,HKLM\SOFTWARE\Microsoft\Windows\CurrentVersion\Diagnostics\DiagTrack\LastSuccessfulUploadTime,,,,,,,,,,,,,,,,,,,,,,,,,,,,,,,,,,,,,,,,,,,,,,,,,,,,,,,,QWORD (0x01d66aef-0x12a51c38),,,,,,,,,,,,,,,,,,,,,,,,,,,,,,,,,,,,,0,0,0,1,1,0,3,True
2020-08-05 06:10:09,629,1,-9223372036854775808,4452,2,,wec.internal.cloudapp.net,,"Registry object added or deleted:
RuleName: -
EventType: CreateKey
UtcTime: 2020-08-05 06:10:09.654
ProcessGuid: {8715b604-0df2-5f2a-4900-000000000400}
ProcessId: 3356
Image: C:\windows\System32\svchost.exe
TargetObject: HKLM\SOFTWARE\Microsoft\Windows\CurrentVersion\Diagnostics\DiagTrack",eventlog,Microsoft-Windows-Sysmon,2,,['mordorDataset'],Microsoft-Windows-Sysmon/Operational,{5770385F-C22A-43E0-BF4C-06F5698FFBD9},12,480131,WORKSTATION5.theshire.local,,,,3356,im_msvistalog,53997,,2020-08-05 02:10:09,,,INFO,3484,,0,2020-08-05T06:10:10.934Z,12,,CreateKey,2020-08-05 02:10:10,,,,S-1-5-18,,{8715b604-0df2-5f2a-4900-000000000400},,-,NT AUTHORITY,SYSTEM,C:\windows\System32\svchost.exe,User,,INFO,HKLM\SOFTWARE\Microsoft\Windows\CurrentVersion\Diagnostics\DiagTrack,,,,,,,,,,,,,,,,,,,,,,,,,,,,,,,,,,,,,,,,,,,,,,,,,,,,,,,,,,,,,,,,,,,,,,,,,,,,,,,,,,,,,,,,,,,,,0,0,0,1,1,0,3,True
2020-08-05 06:10:09,630,1,-9223372036854775808,4452,2,,wec.internal.cloudapp.net,,"Registry value set:
RuleName: -
EventType: SetValue
UtcTime: 2020-08-05 06:10:09.654
ProcessGuid: {8715b604-0df2-5f2a-4900-000000000400}
ProcessId: 3356
Image: C:\windows\System32\svchost.exe
TargetObject: HKLM\SOFTWARE\Microsoft\Windows\CurrentVersion\Diagnostics\DiagTrack\LastSuccessfulNormalUploadTime
Details: QWORD (0x01d66aef-0x12a51c38)",eventlog,Microsoft-Windows-Sysmon,2,,['mordorDataset'],Microsoft-Windows-Sysmon/Operational,{5770385F-C22A-43E0-BF4C-06F5698FFBD9},13,480132,WORKSTATION5.theshire.local,,,,3356,im_msvistalog,53997,,2020-08-05 02:10:09,,,INFO,3484,,0,2020-08-05T06:10:10.934Z,13,,SetValue,2020-08-05 02:10:10,,,,S-1-5-18,,{8715b604-0df2-5f2a-4900-000000000400},,-,NT AUTHORITY,SYSTEM,C:\windows\System32\svchost.exe,User,,INFO,HKLM\SOFTWARE\Microsoft\Windows\CurrentVersion\Diagnostics\DiagTrack\LastSuccessfulNormalUploadTime,,,,,,,,,,,,,,,,,,,,,,,,,,,,,,,,,,,,,,,,,,,,,,,,,,,,,,,,QWORD (0x01d66aef-0x12a51c38),,,,,,,,,,,,,,,,,,,,,,,,,,,,,,,,,,,,,0,0,0,1,1,0,2,True
2020-08-05 06:10:09,639,1,-9223372036854775808,4456,3,,wec.internal.cloudapp.net,,"Process accessed:
RuleName: -
UtcTime: 2020-08-05 06:10:09.555
SourceProcessGUID: {7d3be4b5-0dea-5f2a-1000-000000000400}
SourceProcessId: 900
SourceThreadId: 9588
SourceImage: C:\windows\system32\svchost.exe
TargetProcessGUID: {7d3be4b5-0dec-5f2a-1e00-000000000400}
TargetProcessId: 1368
TargetImage: C:\windows\System32\svchost.exe
GrantedAccess: 0x1000
CallTrace: C:\windows\SYSTEM32\ntdll.dll+9c534|C:\windows\SYSTEM32\psmserviceexthost.dll+222a3|C:\windows\SYSTEM32\psmserviceexthost.dll+1a172|C:\windows\SYSTEM32\psmserviceexthost.dll+19e3b|C:\windows\SYSTEM32\psmserviceexthost.dll+19318|C:\windows\SYSTEM32\ntdll.dll+3081d|C:\windows\SYSTEM32\ntdll.dll+345b4|C:\windows\System32\KERNEL32.DLL+17bd4|C:\windows\SYSTEM32\ntdll.dll+6ce51",eventlog,Microsoft-Windows-Sysmon,2,,['mordorDataset'],Microsoft-Windows-Sysmon/Operational,{5770385F-C22A-43E0-BF4C-06F5698FFBD9},10,304331,WORKSTATION6.theshire.local,,,,900,im_msvistalog,53997,,2020-08-05 02:10:09,,,INFO,3240,,0,2020-08-05T06:10:10.937Z,10,,INFO,2020-08-05 02:10:10,,,,S-1-5-18,,,,-,NT AUTHORITY,SYSTEM,,User,,,,,,,,,,,,,,,,,,,,,,,,,,,,,,,,,,,,,,,,,,,,,,,,,,,,,,,,,,,,{7d3be4b5-0dea-5f2a-1000-000000000400},0x1000,1368,{7d3be4b5-0dec-5f2a-1e00-000000000400},C:\windows\System32\svchost.exe,C:\windows\SYSTEM32\ntdll.dll+9c534|C:\windows\SYSTEM32\psmserviceexthost.dll+222a3|C:\windows\SYSTEM32\psmserviceexthost.dll+1a172|C:\windows\SYSTEM32\psmserviceexthost.dll+19e3b|C:\windows\SYSTEM32\psmserviceexthost.dll+19318|C:\windows\SYSTEM32\ntdll.dll+3081d|C:\windows\SYSTEM32\ntdll.dll+345b4|C:\windows\System32\KERNEL32.DLL+17bd4|C:\windows\SYSTEM32\ntdll.dll+6ce51,9588.0,900,C:\windows\system32\svchost.exe,,,,,,,,,,,,,,,,,,,,,,,,,,,,0,0,0,1,1,0,3,True
2020-08-05 06:10:09,641,1,-9223372036854775808,4456,3,,wec.internal.cloudapp.net,,"Process accessed:
RuleName: -
UtcTime: 2020-08-05 06:10:09.555
SourceProcessGUID: {7d3be4b5-0dea-5f2a-1000-000000000400}
SourceProcessId: 900
SourceThreadId: 9588
SourceImage: C:\windows\system32\svchost.exe
TargetProcessGUID: {7d3be4b5-0dec-5f2a-1e00-000000000400}
TargetProcessId: 1368
TargetImage: C:\windows\System32\svchost.exe
GrantedAccess: 0x1000
CallTrace: C:\windows\SYSTEM32\ntdll.dll+9c534|C:\windows\SYSTEM32\psmserviceexthost.dll+222a3|C:\windows\SYSTEM32\psmserviceexthost.dll+1a172|C:\windows\SYSTEM32\psmserviceexthost.dll+19e3b|C:\windows\SYSTEM32\psmserviceexthost.dll+19318|C:\windows\SYSTEM32\ntdll.dll+3081d|C:\windows\SYSTEM32\ntdll.dll+345b4|C:\windows\System32\KERNEL32.DLL+17bd4|C:\windows\SYSTEM32\ntdll.dll+6ce51",eventlog,Microsoft-Windows-Sysmon,2,,['mordorDataset'],Microsoft-Windows-Sysmon/Operational,{5770385F-C22A-43E0-BF4C-06F5698FFBD9},10,304332,WORKSTATION6.theshire.local,,,,900,im_msvistalog,53997,,2020-08-05 02:10:09,,,INFO,3240,,0,2020-08-05T06:10:11.927Z,10,,INFO,2020-08-05 02:10:11,,,,S-1-5-18,,,,-,NT AUTHORITY,SYSTEM,,User,,,,,,,,,,,,,,,,,,,,,,,,,,,,,,,,,,,,,,,,,,,,,,,,,,,,,,,,,,,,{7d3be4b5-0dea-5f2a-1000-000000000400},0x1000,1368,{7d3be4b5-0dec-5f2a-1e00-000000000400},C:\windows\System32\svchost.exe,C:\windows\SYSTEM32\ntdll.dll+9c534|C:\windows\SYSTEM32\psmserviceexthost.dll+222a3|C:\windows\SYSTEM32\psmserviceexthost.dll+1a172|C:\windows\SYSTEM32\psmserviceexthost.dll+19e3b|C:\windows\SYSTEM32\psmserviceexthost.dll+19318|C:\windows\SYSTEM32\ntdll.dll+3081d|C:\windows\SYSTEM32\ntdll.dll+345b4|C:\windows\System32\KERNEL32.DLL+17bd4|C:\windows\SYSTEM32\ntdll.dll+6ce51,9588.0,900,C:\windows\system32\svchost.exe,,,,,,,,,,,,,,,,,,,,,,,,,,,,0,0,0,1,1,0,3,True
2020-08-05 06:10:09,626,1,-9223372036854775808,4452,2,,wec.internal.cloudapp.net,,"Registry object added or deleted:
RuleName: -
EventType: CreateKey
UtcTime: 2020-08-05 06:10:09.549
ProcessGuid: {8715b604-0df2-5f2a-4900-000000000400}
ProcessId: 3356
Image: C:\windows\System32\svchost.exe
TargetObject: HKLM\SOFTWARE\Policies\Microsoft\SystemCertificates",eventlog,Microsoft-Windows-Sysmon,2,,['mordorDataset'],Microsoft-Windows-Sysmon/Operational,{5770385F-C22A-43E0-BF4C-06F5698FFBD9},12,480128,WORKSTATION5.theshire.local,,,,3356,im_msvistalog,53997,,2020-08-05 02:10:09,,,INFO,3484,,0,2020-08-05T06:10:10.932Z,12,,CreateKey,2020-08-05 02:10:10,,,,S-1-5-18,,{8715b604-0df2-5f2a-4900-000000000400},,-,NT AUTHORITY,SYSTEM,C:\windows\System32\svchost.exe,User,,INFO,HKLM\SOFTWARE\Policies\Microsoft\SystemCertificates,,,,,,,,,,,,,,,,,,,,,,,,,,,,,,,,,,,,,,,,,,,,,,,,,,,,,,,,,,,,,,,,,,,,,,,,,,,,,,,,,,,,,,,,,,,,,0,0,0,1,1,0,3,True
2020-08-05 06:10:09,600,1,-9223372036854775808,4452,2,,wec.internal.cloudapp.net,,"Registry value set:
RuleName: -
EventType: SetValue
UtcTime: 2020-08-05 06:10:09.199
ProcessGuid: {8715b604-0df2-5f2a-4900-000000000400}
ProcessId: 3356
Image: C:\windows\System32\svchost.exe
TargetObject: HKLM\SOFTWARE\Microsoft\Windows\CurrentVersion\Diagnostics\DiagTrack\HeartBeats\Default\EnteringCriticalOverflowDroppedCounter
Details: DWORD (0x00000000)",eventlog,Microsoft-Windows-Sysmon,2,,['mordorDataset'],Microsoft-Windows-Sysmon/Operational,{5770385F-C22A-43E0-BF4C-06F5698FFBD9},13,480102,WORKSTATION5.theshire.local,,,,3356,im_msvistalog,53997,,2020-08-05 02:10:09,,,INFO,3484,,0,2020-08-05T06:10:09.924Z,13,,SetValue,2020-08-05 02:10:09,,,,S-1-5-18,,{8715b604-0df2-5f2a-4900-000000000400},,-,NT AUTHORITY,SYSTEM,C:\windows\System32\svchost.exe,User,,INFO,HKLM\SOFTWARE\Microsoft\Windows\CurrentVersion\Diagnostics\DiagTrack\HeartBeats\Default\EnteringCriticalOverflowDroppedCounter,,,,,,,,,,,,,,,,,,,,,,,,,,,,,,,,,,,,,,,,,,,,,,,,,,,,,,,,DWORD (0x00000000),,,,,,,,,,,,,,,,,,,,,,,,,,,,,,,,,,,,,0,0,0,1,1,0,3,True
2020-08-05 06:10:09,617,1,-9223372036854775808,4452,3,,wec.internal.cloudapp.net,,"Process accessed:
RuleName: -
UtcTime: 2020-08-05 06:10:09.457
SourceProcessGUID: {8715b604-0dea-5f2a-0e00-000000000400}
SourceProcessId: 884
SourceThreadId: 1064
SourceImage: C:\windows\system32\svchost.exe
TargetProcessGUID: {8715b604-2bdc-5f2a-e503-000000000400}
TargetProcessId: 6408
TargetImage: C:\Windows\SystemApps\Microsoft.Windows.SecHealthUI_cw5n1h2txyewy\SecHealthUI.exe
GrantedAccess: 0x1000
CallTrace: C:\windows\SYSTEM32\ntdll.dll+9c534|C:\windows\SYSTEM32\psmserviceexthost.dll+222a3|C:\windows\SYSTEM32\psmserviceexthost.dll+37ea0|C:\windows\SYSTEM32\psmserviceexthost.dll+37929|C:\windows\SYSTEM32\psmserviceexthost.dll+686f8|C:\windows\SYSTEM32\psmserviceexthost.dll+6e84a|C:\windows\SYSTEM32\psmserviceexthost.dll+6f700|C:\windows\SYSTEM32\psmserviceexthost.dll+34be4|C:\windows\SYSTEM32\psmserviceexthost.dll+6f63e|C:\windows\SYSTEM32\psmserviceexthost.dll+713b5|C:\windows\SYSTEM32\psmserviceexthost.dll+50bda|C:\windows\SYSTEM32\psmserviceexthost.dll+4500a|C:\windows\System32\KERNEL32.DLL+17bd4|C:\windows\SYSTEM32\ntdll.dll+6ce51",eventlog,Microsoft-Windows-Sysmon,2,,['mordorDataset'],Microsoft-Windows-Sysmon/Operational,{5770385F-C22A-43E0-BF4C-06F5698FFBD9},10,480119,WORKSTATION5.theshire.local,,,,884,im_msvistalog,53997,,2020-08-05 02:10:09,,,INFO,3484,,0,2020-08-05T06:10:10.931Z,10,,INFO,2020-08-05 02:10:10,,,,S-1-5-18,,,,-,NT AUTHORITY,SYSTEM,,User,,,,,,,,,,,,,,,,,,,,,,,,,,,,,,,,,,,,,,,,,,,,,,,,,,,,,,,,,,,,{8715b604-0dea-5f2a-0e00-000000000400},0x1000,6408,{8715b604-2bdc-5f2a-e503-000000000400},C:\Windows\SystemApps\Microsoft.Windows.SecHealthUI_cw5n1h2txyewy\SecHealthUI.exe,C:\windows\SYSTEM32\ntdll.dll+9c534|C:\windows\SYSTEM32\psmserviceexthost.dll+222a3|C:\windows\SYSTEM32\psmserviceexthost.dll+37ea0|C:\windows\SYSTEM32\psmserviceexthost.dll+37929|C:\windows\SYSTEM32\psmserviceexthost.dll+686f8|C:\windows\SYSTEM32\psmserviceexthost.dll+6e84a|C:\windows\SYSTEM32\psmserviceexthost.dll+6f700|C:\windows\SYSTEM32\psmserviceexthost.dll+34be4|C:\windows\SYSTEM32\psmserviceexthost.dll+6f63e|C:\windows\SYSTEM32\psmserviceexthost.dll+713b5|C:\windows\SYSTEM32\psmserviceexthost.dll+50bda|C:\windows\SYSTEM32\psmserviceexthost.dll+4500a|C:\windows\System32\KERNEL32.DLL+17bd4|C:\windows\SYSTEM32\ntdll.dll+6ce51,1064.0,884,C:\windows\system32\svchost.exe,,,,,,,,,,,,,,,,,,,,,,,,,,,,0,0,0,1,1,0,3,True
2020-08-05 06:10:09,615,1,-9223372036854775808,4452,3,,wec.internal.cloudapp.net,,"Process accessed:
RuleName: -
UtcTime: 2020-08-05 06:10:09.457
SourceProcessGUID: {8715b604-0dea-5f2a-0e00-000000000400}
SourceProcessId: 884
SourceThreadId: 1064
SourceImage: C:\windows\system32\svchost.exe
TargetProcessGUID: {8715b604-104c-5f2a-c702-000000000400}
TargetProcessId: 4400
TargetImage: C:\Windows\SystemApps\InputApp_cw5n1h2txyewy\WindowsInternal.ComposableShell.Experiences.TextInput.InputApp.exe
GrantedAccess: 0x1000
CallTrace: C:\windows\SYSTEM32\ntdll.dll+9c534|C:\windows\SYSTEM32\psmserviceexthost.dll+222a3|C:\windows\SYSTEM32\psmserviceexthost.dll+37ea0|C:\windows\SYSTEM32\psmserviceexthost.dll+37929|C:\windows\SYSTEM32\psmserviceexthost.dll+686f8|C:\windows\SYSTEM32\psmserviceexthost.dll+6e84a|C:\windows\SYSTEM32\psmserviceexthost.dll+6f700|C:\windows\SYSTEM32\psmserviceexthost.dll+34be4|C:\windows\SYSTEM32\psmserviceexthost.dll+6f63e|C:\windows\SYSTEM32\psmserviceexthost.dll+713b5|C:\windows\SYSTEM32\psmserviceexthost.dll+50bda|C:\windows\SYSTEM32\psmserviceexthost.dll+4500a|C:\windows\System32\KERNEL32.DLL+17bd4|C:\windows\SYSTEM32\ntdll.dll+6ce51",eventlog,Microsoft-Windows-Sysmon,2,,['mordorDataset'],Microsoft-Windows-Sysmon/Operational,{5770385F-C22A-43E0-BF4C-06F5698FFBD9},10,480117,WORKSTATION5.theshire.local,,,,884,im_msvistalog,53997,,2020-08-05 02:10:09,,,INFO,3484,,0,2020-08-05T06:10:10.931Z,10,,INFO,2020-08-05 02:10:10,,,,S-1-5-18,,,,-,NT AUTHORITY,SYSTEM,,User,,,,,,,,,,,,,,,,,,,,,,,,,,,,,,,,,,,,,,,,,,,,,,,,,,,,,,,,,,,,{8715b604-0dea-5f2a-0e00-000000000400},0x1000,4400,{8715b604-104c-5f2a-c702-000000000400},C:\Windows\SystemApps\InputApp_cw5n1h2txyewy\WindowsInternal.ComposableShell.Experiences.TextInput.InputApp.exe,C:\windows\SYSTEM32\ntdll.dll+9c534|C:\windows\SYSTEM32\psmserviceexthost.dll+222a3|C:\windows\SYSTEM32\psmserviceexthost.dll+37ea0|C:\windows\SYSTEM32\psmserviceexthost.dll+37929|C:\windows\SYSTEM32\psmserviceexthost.dll+686f8|C:\windows\SYSTEM32\psmserviceexthost.dll+6e84a|C:\windows\SYSTEM32\psmserviceexthost.dll+6f700|C:\windows\SYSTEM32\psmserviceexthost.dll+34be4|C:\windows\SYSTEM32\psmserviceexthost.dll+6f63e|C:\windows\SYSTEM32\psmserviceexthost.dll+713b5|C:\windows\SYSTEM32\psmserviceexthost.dll+50bda|C:\windows\SYSTEM32\psmserviceexthost.dll+4500a|C:\windows\System32\KERNEL32.DLL+17bd4|C:\windows\SYSTEM32\ntdll.dll+6ce51,1064.0,884,C:\windows\system32\svchost.exe,,,,,,,,,,,,,,,,,,,,,,,,,,,,0,0,0,1,1,0,3,True
2020-08-05 06:10:09,602,1,-9223372036854775808,4452,2,,wec.internal.cloudapp.net,,"Registry value set:
RuleName: -
EventType: SetValue
UtcTime: 2020-08-05 06:10:09.199
ProcessGuid: {8715b604-0df2-5f2a-4900-000000000400}
ProcessId: 3356
Image: C:\windows\System32\svchost.exe
TargetObject: HKLM\SOFTWARE\Microsoft\Windows\CurrentVersion\Diagnostics\DiagTrack\HeartBeats\Default\PrivacyBlockedCounter
Details: DWORD (0x00000000)",eventlog,Microsoft-Windows-Sysmon,2,,['mordorDataset'],Microsoft-Windows-Sysmon/Operational,{5770385F-C22A-43E0-BF4C-06F5698FFBD9},13,480104,WORKSTATION5.theshire.local,,,,3356,im_msvistalog,53997,,2020-08-05 02:10:09,,,INFO,3484,,0,2020-08-05T06:10:09.925Z,13,,SetValue,2020-08-05 02:10:09,,,,S-1-5-18,,{8715b604-0df2-5f2a-4900-000000000400},,-,NT AUTHORITY,SYSTEM,C:\windows\System32\svchost.exe,User,,INFO,HKLM\SOFTWARE\Microsoft\Windows\CurrentVersion\Diagnostics\DiagTrack\HeartBeats\Default\PrivacyBlockedCounter,,,,,,,,,,,,,,,,,,,,,,,,,,,,,,,,,,,,,,,,,,,,,,,,,,,,,,,,DWORD (0x00000000),,,,,,,,,,,,,,,,,,,,,,,,,,,,,,,,,,,,,0,0,0,1,1,0,3,True
2020-08-05 06:10:09,603,1,-9223372036854775808,4452,2,,wec.internal.cloudapp.net,,"Registry value set:
RuleName: -
EventType: SetValue
UtcTime: 2020-08-05 06:10:09.199
ProcessGuid: {8715b604-0df2-5f2a-4900-000000000400}
ProcessId: 3356
Image: C:\windows\System32\svchost.exe
TargetObject: HKLM\SOFTWARE\Microsoft\Windows\CurrentVersion\Diagnostics\DiagTrack\HeartBeats\Default\MaxActiveAgentConnections
Details: DWORD (0x00000000)",eventlog,Microsoft-Windows-Sysmon,2,,['mordorDataset'],Microsoft-Windows-Sysmon/Operational,{5770385F-C22A-43E0-BF4C-06F5698FFBD9},13,480105,WORKSTATION5.theshire.local,,,,3356,im_msvistalog,53997,,2020-08-05 02:10:09,,,INFO,3484,,0,2020-08-05T06:10:09.925Z,13,,SetValue,2020-08-05 02:10:09,,,,S-1-5-18,,{8715b604-0df2-5f2a-4900-000000000400},,-,NT AUTHORITY,SYSTEM,C:\windows\System32\svchost.exe,User,,INFO,HKLM\SOFTWARE\Microsoft\Windows\CurrentVersion\Diagnostics\DiagTrack\HeartBeats\Default\MaxActiveAgentConnections,,,,,,,,,,,,,,,,,,,,,,,,,,,,,,,,,,,,,,,,,,,,,,,,,,,,,,,,DWORD (0x00000000),,,,,,,,,,,,,,,,,,,,,,,,,,,,,,,,,,,,,0,0,0,0,1,0,2,True
2020-08-05 06:10:09,604,1,-9223372036854775808,4452,2,,wec.internal.cloudapp.net,,"Registry value set:
RuleName: -
EventType: SetValue
UtcTime: 2020-08-05 06:10:09.199
ProcessGuid: {8715b604-0df2-5f2a-4900-000000000400}
ProcessId: 3356
Image: C:\windows\System32\svchost.exe
TargetObject: HKLM\SOFTWARE\Microsoft\Windows\CurrentVersion\Diagnostics\DiagTrack\HeartBeats\Default\HostConnectionErrors
Details: DWORD (0x00000000)",eventlog,Microsoft-Windows-Sysmon,2,,['mordorDataset'],Microsoft-Windows-Sysmon/Operational,{5770385F-C22A-43E0-BF4C-06F5698FFBD9},13,480106,WORKSTATION5.theshire.local,,,,3356,im_msvistalog,53997,,2020-08-05 02:10:09,,,INFO,3484,,0,2020-08-05T06:10:09.927Z,13,,SetValue,2020-08-05 02:10:09,,,,S-1-5-18,,{8715b604-0df2-5f2a-4900-000000000400},,-,NT AUTHORITY,SYSTEM,C:\windows\System32\svchost.exe,User,,INFO,HKLM\SOFTWARE\Microsoft\Windows\CurrentVersion\Diagnostics\DiagTrack\HeartBeats\Default\HostConnectionErrors,,,,,,,,,,,,,,,,,,,,,,,,,,,,,,,,,,,,,,,,,,,,,,,,,,,,,,,,DWORD (0x00000000),,,,,,,,,,,,,,,,,,,,,,,,,,,,,,,,,,,,,0,0,0,0,1,0,2,True
2020-08-05 06:10:09,605,1,-9223372036854775808,4452,2,,wec.internal.cloudapp.net,,"Registry value set:
RuleName: -
EventType: SetValue
UtcTime: 2020-08-05 06:10:09.199
ProcessGuid: {8715b604-0df2-5f2a-4900-000000000400}
ProcessId: 3356
Image: C:\windows\System32\svchost.exe
TargetObject: HKLM\SOFTWARE\Microsoft\Windows\CurrentVersion\Diagnostics\DiagTrack\HeartBeats\Default\LastHostConnectionError
Details: DWORD (0x00000000)",eventlog,Microsoft-Windows-Sysmon,2,,['mordorDataset'],Microsoft-Windows-Sysmon/Operational,{5770385F-C22A-43E0-BF4C-06F5698FFBD9},13,480107,WORKSTATION5.theshire.local,,,,3356,im_msvistalog,53997,,2020-08-05 02:10:09,,,INFO,3484,,0,2020-08-05T06:10:10.927Z,13,,SetValue,2020-08-05 02:10:10,,,,S-1-5-18,,{8715b604-0df2-5f2a-4900-000000000400},,-,NT AUTHORITY,SYSTEM,C:\windows\System32\svchost.exe,User,,INFO,HKLM\SOFTWARE\Microsoft\Windows\CurrentVersion\Diagnostics\DiagTrack\HeartBeats\Default\LastHostConnectionError,,,,,,,,,,,,,,,,,,,,,,,,,,,,,,,,,,,,,,,,,,,,,,,,,,,,,,,,DWORD (0x00000000),,,,,,,,,,,,,,,,,,,,,,,,,,,,,,,,,,,,,0,0,0,0,1,0,2,True
2020-08-05 06:10:09,606,1,-9223372036854775808,4452,2,,wec.internal.cloudapp.net,,"Registry object added or deleted:
RuleName: -
EventType: CreateKey
UtcTime: 2020-08-05 06:10:09.199
ProcessGuid: {8715b604-0df2-5f2a-4900-000000000400}
ProcessId: 3356
Image: C:\windows\System32\svchost.exe
TargetObject: HKLM\SOFTWARE\Microsoft\Windows\CurrentVersion\Diagnostics\DiagTrack",eventlog,Microsoft-Windows-Sysmon,2,,['mordorDataset'],Microsoft-Windows-Sysmon/Operational,{5770385F-C22A-43E0-BF4C-06F5698FFBD9},12,480108,WORKSTATION5.theshire.local,,,,3356,im_msvistalog,53997,,2020-08-05 02:10:09,,,INFO,3484,,0,2020-08-05T06:10:10.927Z,12,,CreateKey,2020-08-05 02:10:10,,,,S-1-5-18,,{8715b604-0df2-5f2a-4900-000000000400},,-,NT AUTHORITY,SYSTEM,C:\windows\System32\svchost.exe,User,,INFO,HKLM\SOFTWARE\Microsoft\Windows\CurrentVersion\Diagnostics\DiagTrack,,,,,,,,,,,,,,,,,,,,,,,,,,,,,,,,,,,,,,,,,,,,,,,,,,,,,,,,,,,,,,,,,,,,,,,,,,,,,,,,,,,,,,,,,,,,,0,0,0,1,1,0,2,True
2020-08-05 06:10:09,547,1,-9223372036854775808,4452,2,,wec.internal.cloudapp.net,,"Registry object added or deleted:
RuleName: -
EventType: CreateKey
UtcTime: 2020-08-05 06:10:09.197
ProcessGuid: {8715b604-0df2-5f2a-4900-000000000400}
ProcessId: 3356
Image: C:\windows\System32\svchost.exe
TargetObject: HKLM\SOFTWARE\Microsoft\Windows\CurrentVersion\Diagnostics\DiagTrack\HeartBeats\EndpointErrors\5",eventlog,Microsoft-Windows-Sysmon,2,,['mordorDataset'],Microsoft-Windows-Sysmon/Operational,{5770385F-C22A-43E0-BF4C-06F5698FFBD9},12,480069,WORKSTATION5.theshire.local,,,,3356,im_msvistalog,53997,,2020-08-05 02:10:09,,,INFO,3484,,0,2020-08-05T06:10:09.913Z,12,,CreateKey,2020-08-05 02:10:09,,,,S-1-5-18,,{8715b604-0df2-5f2a-4900-000000000400},,-,NT AUTHORITY,SYSTEM,C:\windows\System32\svchost.exe,User,,INFO,HKLM\SOFTWARE\Microsoft\Windows\CurrentVersion\Diagnostics\DiagTrack\HeartBeats\EndpointErrors\5,,,,,,,,,,,,,,,,,,,,,,,,,,,,,,,,,,,,,,,,,,,,,,,,,,,,,,,,,,,,,,,,,,,,,,,,,,,,,,,,,,,,,,,,,,,,,0,0,0,1,1,0,2,True
2020-08-05 06:10:09,616,1,-9223372036854775808,4452,3,,wec.internal.cloudapp.net,,"Process accessed:
RuleName: -
UtcTime: 2020-08-05 06:10:09.457
SourceProcessGUID: {8715b604-0dea-5f2a-0e00-000000000400}
SourceProcessId: 884
SourceThreadId: 1064
SourceImage: C:\windows\system32\svchost.exe
TargetProcessGUID: {8715b604-2c5e-5f2a-0904-000000000400}
TargetProcessId: 2764
TargetImage: C:\Windows\ImmersiveControlPanel\SystemSettings.exe
GrantedAccess: 0x1000
CallTrace: C:\windows\SYSTEM32\ntdll.dll+9c534|C:\windows\SYSTEM32\psmserviceexthost.dll+222a3|C:\windows\SYSTEM32\psmserviceexthost.dll+37ea0|C:\windows\SYSTEM32\psmserviceexthost.dll+37929|C:\windows\SYSTEM32\psmserviceexthost.dll+686f8|C:\windows\SYSTEM32\psmserviceexthost.dll+6e84a|C:\windows\SYSTEM32\psmserviceexthost.dll+6f700|C:\windows\SYSTEM32\psmserviceexthost.dll+34be4|C:\windows\SYSTEM32\psmserviceexthost.dll+6f63e|C:\windows\SYSTEM32\psmserviceexthost.dll+713b5|C:\windows\SYSTEM32\psmserviceexthost.dll+50bda|C:\windows\SYSTEM32\psmserviceexthost.dll+4500a|C:\windows\System32\KERNEL32.DLL+17bd4|C:\windows\SYSTEM32\ntdll.dll+6ce51",eventlog,Microsoft-Windows-Sysmon,2,,['mordorDataset'],Microsoft-Windows-Sysmon/Operational,{5770385F-C22A-43E0-BF4C-06F5698FFBD9},10,480118,WORKSTATION5.theshire.local,,,,884,im_msvistalog,53997,,2020-08-05 02:10:09,,,INFO,3484,,0,2020-08-05T06:10:10.931Z,10,,INFO,2020-08-05 02:10:10,,,,S-1-5-18,,,,-,NT AUTHORITY,SYSTEM,,User,,,,,,,,,,,,,,,,,,,,,,,,,,,,,,,,,,,,,,,,,,,,,,,,,,,,,,,,,,,,{8715b604-0dea-5f2a-0e00-000000000400},0x1000,2764,{8715b604-2c5e-5f2a-0904-000000000400},C:\Windows\ImmersiveControlPanel\SystemSettings.exe,C:\windows\SYSTEM32\ntdll.dll+9c534|C:\windows\SYSTEM32\psmserviceexthost.dll+222a3|C:\windows\SYSTEM32\psmserviceexthost.dll+37ea0|C:\windows\SYSTEM32\psmserviceexthost.dll+37929|C:\windows\SYSTEM32\psmserviceexthost.dll+686f8|C:\windows\SYSTEM32\psmserviceexthost.dll+6e84a|C:\windows\SYSTEM32\psmserviceexthost.dll+6f700|C:\windows\SYSTEM32\psmserviceexthost.dll+34be4|C:\windows\SYSTEM32\psmserviceexthost.dll+6f63e|C:\windows\SYSTEM32\psmserviceexthost.dll+713b5|C:\windows\SYSTEM32\psmserviceexthost.dll+50bda|C:\windows\SYSTEM32\psmserviceexthost.dll+4500a|C:\windows\System32\KERNEL32.DLL+17bd4|C:\windows\SYSTEM32\ntdll.dll+6ce51,1064.0,884,C:\windows\system32\svchost.exe,,,,,,,,,,,,,,,,,,,,,,,,,,,,0,0,0,1,1,0,3,True
2020-08-05 06:10:09,607,1,-9223372036854775808,4452,2,,wec.internal.cloudapp.net,,"Registry value set:
RuleName: -
EventType: SetValue
UtcTime: 2020-08-05 06:10:09.199
ProcessGuid: {8715b604-0df2-5f2a-4900-000000000400}
ProcessId: 3356
Image: C:\windows\System32\svchost.exe
TargetObject: HKLM\SOFTWARE\Microsoft\Windows\CurrentVersion\Diagnostics\DiagTrack\LastFreeNetworkLossTime
Details: QWORD (0x01d66ac8-0x006f27dc)",eventlog,Microsoft-Windows-Sysmon,2,,['mordorDataset'],Microsoft-Windows-Sysmon/Operational,{5770385F-C22A-43E0-BF4C-06F5698FFBD9},13,480109,WORKSTATION5.theshire.local,,,,3356,im_msvistalog,53997,,2020-08-05 02:10:09,,,INFO,3484,,0,2020-08-05T06:10:10.927Z,13,,SetValue,2020-08-05 02:10:10,,,,S-1-5-18,,{8715b604-0df2-5f2a-4900-000000000400},,-,NT AUTHORITY,SYSTEM,C:\windows\System32\svchost.exe,User,,INFO,HKLM\SOFTWARE\Microsoft\Windows\CurrentVersion\Diagnostics\DiagTrack\LastFreeNetworkLossTime,,,,,,,,,,,,,,,,,,,,,,,,,,,,,,,,,,,,,,,,,,,,,,,,,,,,,,,,QWORD (0x01d66ac8-0x006f27dc),,,,,,,,,,,,,,,,,,,,,,,,,,,,,,,,,,,,,0,0,0,1,1,0,3,True
2020-08-05 06:10:09,609,1,-9223372036854775808,4452,2,,wec.internal.cloudapp.net,,"Registry value set:
RuleName: -
EventType: SetValue
UtcTime: 2020-08-05 06:10:09.199
ProcessGuid: {8715b604-0df2-5f2a-4900-000000000400}
ProcessId: 3356
Image: C:\windows\System32\svchost.exe
TargetObject: HKLM\SOFTWARE\Microsoft\Windows\CurrentVersion\Diagnostics\DiagTrack\LastConnectivityState
Details: DWORD (0x00000002)",eventlog,Microsoft-Windows-Sysmon,2,,['mordorDataset'],Microsoft-Windows-Sysmon/Operational,{5770385F-C22A-43E0-BF4C-06F5698FFBD9},13,480111,WORKSTATION5.theshire.local,,,,3356,im_msvistalog,53997,,2020-08-05 02:10:09,,,INFO,3484,,0,2020-08-05T06:10:10.928Z,13,,SetValue,2020-08-05 02:10:10,,,,S-1-5-18,,{8715b604-0df2-5f2a-4900-000000000400},,-,NT AUTHORITY,SYSTEM,C:\windows\System32\svchost.exe,User,,INFO,HKLM\SOFTWARE\Microsoft\Windows\CurrentVersion\Diagnostics\DiagTrack\LastConnectivityState,,,,,,,,,,,,,,,,,,,,,,,,,,,,,,,,,,,,,,,,,,,,,,,,,,,,,,,,DWORD (0x00000002),,,,,,,,,,,,,,,,,,,,,,,,,,,,,,,,,,,,,0,0,0,1,1,0,3,True
2020-08-05 06:10:09,610,1,-9223372036854775808,4452,2,,wec.internal.cloudapp.net,,"Registry value set:
RuleName: -
EventType: SetValue
UtcTime: 2020-08-05 06:10:09.199
ProcessGuid: {8715b604-0df2-5f2a-4900-000000000400}
ProcessId: 3356
Image: C:\windows\System32\svchost.exe
TargetObject: HKLM\SOFTWARE\Microsoft\Windows\CurrentVersion\Diagnostics\DiagTrack\ConnectivityNoNetworkTime
Details: DWORD (0x0000021c)",eventlog,Microsoft-Windows-Sysmon,2,,['mordorDataset'],Microsoft-Windows-Sysmon/Operational,{5770385F-C22A-43E0-BF4C-06F5698FFBD9},13,480112,WORKSTATION5.theshire.local,,,,3356,im_msvistalog,53997,,2020-08-05 02:10:09,,,INFO,3484,,0,2020-08-05T06:10:10.928Z,13,,SetValue,2020-08-05 02:10:10,,,,S-1-5-18,,{8715b604-0df2-5f2a-4900-000000000400},,-,NT AUTHORITY,SYSTEM,C:\windows\System32\svchost.exe,User,,INFO,HKLM\SOFTWARE\Microsoft\Windows\CurrentVersion\Diagnostics\DiagTrack\ConnectivityNoNetworkTime,,,,,,,,,,,,,,,,,,,,,,,,,,,,,,,,,,,,,,,,,,,,,,,,,,,,,,,,DWORD (0x0000021c),,,,,,,,,,,,,,,,,,,,,,,,,,,,,,,,,,,,,0,0,0,1,1,0,3,True
2020-08-05 06:10:09,611,1,-9223372036854775808,4452,2,,wec.internal.cloudapp.net,,"Registry value set:
RuleName: -
EventType: SetValue
UtcTime: 2020-08-05 06:10:09.199
ProcessGuid: {8715b604-0df2-5f2a-4900-000000000400}
ProcessId: 3356
Image: C:\windows\System32\svchost.exe
TargetObject: HKLM\SOFTWARE\Microsoft\Windows\CurrentVersion\Diagnostics\DiagTrack\ConnectivityRestrictedNetworkTime
Details: DWORD (0x00000000)",eventlog,Microsoft-Windows-Sysmon,2,,['mordorDataset'],Microsoft-Windows-Sysmon/Operational,{5770385F-C22A-43E0-BF4C-06F5698FFBD9},13,480113,WORKSTATION5.theshire.local,,,,3356,im_msvistalog,53997,,2020-08-05 02:10:09,,,INFO,3484,,0,2020-08-05T06:10:10.929Z,13,,SetValue,2020-08-05 02:10:10,,,,S-1-5-18,,{8715b604-0df2-5f2a-4900-000000000400},,-,NT AUTHORITY,SYSTEM,C:\windows\System32\svchost.exe,User,,INFO,HKLM\SOFTWARE\Microsoft\Windows\CurrentVersion\Diagnostics\DiagTrack\ConnectivityRestrictedNetworkTime,,,,,,,,,,,,,,,,,,,,,,,,,,,,,,,,,,,,,,,,,,,,,,,,,,,,,,,,DWORD (0x00000000),,,,,,,,,,,,,,,,,,,,,,,,,,,,,,,,,,,,,0,0,0,0,1,0,2,True
2020-08-05 06:10:09,612,1,-9223372036854775808,4452,2,,wec.internal.cloudapp.net,,"Registry object added or deleted:
RuleName: -
EventType: CreateKey
UtcTime: 2020-08-05 06:10:09.211
ProcessGuid: {8715b604-0df2-5f2a-4900-000000000400}
ProcessId: 3356
Image: C:\windows\System32\svchost.exe
TargetObject: HKLM\SOFTWARE\Microsoft\IdentityCRL\ClockData",eventlog,Microsoft-Windows-Sysmon,2,,['mordorDataset'],Microsoft-Windows-Sysmon/Operational,{5770385F-C22A-43E0-BF4C-06F5698FFBD9},12,480114,WORKSTATION5.theshire.local,,,,3356,im_msvistalog,53997,,2020-08-05 02:10:09,,,INFO,3484,,0,2020-08-05T06:10:10.929Z,12,,CreateKey,2020-08-05 02:10:10,,,,S-1-5-18,,{8715b604-0df2-5f2a-4900-000000000400},,-,NT AUTHORITY,SYSTEM,C:\windows\System32\svchost.exe,User,,INFO,HKLM\SOFTWARE\Microsoft\IdentityCRL\ClockData,,,,,,,,,,,,,,,,,,,,,,,,,,,,,,,,,,,,,,,,,,,,,,,,,,,,,,,,,,,,,,,,,,,,,,,,,,,,,,,,,,,,,,,,,,,,,0,0,0,1,1,0,2,True
2020-08-05 06:10:09,613,1,-9223372036854775808,4452,3,,wec.internal.cloudapp.net,,"Image loaded:
RuleName: -
UtcTime: 2020-08-05 06:10:09.213
ProcessGuid: {8715b604-0df2-5f2a-4900-000000000400}
ProcessId: 3356
Image: C:\Windows\System32\svchost.exe
ImageLoaded: C:\Windows\System32\OnDemandConnRouteHelper.dll
FileVersion: 10.0.18362.1 (WinBuild.160101.0800)
Description: On Demand Connctiond Route Helper
Product: Microsoft® Windows® Operating System
Company: Microsoft Corporation
OriginalFileName: OnDemandConnRouteHelper.dll
Hashes: SHA1=CB0FED80A33581425BBEA334D9185F63C5EE315F,MD5=9D1E318E09783AFBBF2F51D6E9950662,SHA256=48C0E264A522173740EBD7627900BE7E6FEDAEE2264F67A00E78D4A6D76865D8,IMPHASH=83BEA6248DF8A10A1D9DF229B452B69F
Signed: true
Signature: Microsoft Windows
SignatureStatus: Valid",eventlog,Microsoft-Windows-Sysmon,2,,['mordorDataset'],Microsoft-Windows-Sysmon/Operational,{5770385F-C22A-43E0-BF4C-06F5698FFBD9},7,480115,WORKSTATION5.theshire.local,,,,3356,im_msvistalog,53997,,2020-08-05 02:10:09,,,INFO,3484,,0,2020-08-05T06:10:10.929Z,7,,INFO,2020-08-05 02:10:10,,,,S-1-5-18,,{8715b604-0df2-5f2a-4900-000000000400},,-,NT AUTHORITY,SYSTEM,C:\Windows\System32\svchost.exe,User,,,,"SHA1=CB0FED80A33581425BBEA334D9185F63C5EE315F,MD5=9D1E318E09783AFBBF2F51D6E9950662,SHA256=48C0E264A522173740EBD7627900BE7E6FEDAEE2264F67A00E78D4A6D76865D8,IMPHASH=83BEA6248DF8A10A1D9DF229B452B69F",Microsoft Windows,True,10.0.18362.1 (WinBuild.160101.0800),OnDemandConnRouteHelper.dll,Valid,On Demand Connctiond Route Helper,Microsoft Corporation,Microsoft® Windows® Operating System,C:\Windows\System32\OnDemandConnRouteHelper.dll,,,,,,,,,,,,,,,,,,,,,,,,,,,,,,,,,,,,,,,,,,,,,,,,,,,,,,,,,,,,,,,,,,,,,,,,,,,,,,,,,,,0,0,0,1,1,0,3,True
2020-08-05 06:10:09,614,1,-9223372036854775808,4452,2,,wec.internal.cloudapp.net,,"Registry object added or deleted:
RuleName: -
EventType: CreateKey
UtcTime: 2020-08-05 06:10:09.255
ProcessGuid: {8715b604-0df0-5f2a-3c00-000000000400}
ProcessId: 2612
Image: C:\windows\system32\svchost.exe
TargetObject: HKU\S-1-5-21-3669966080-2286457517-972388166-1104\Software\Microsoft\Windows\CurrentVersion\Internet Settings\Connections",eventlog,Microsoft-Windows-Sysmon,2,,['mordorDataset'],Microsoft-Windows-Sysmon/Operational,{5770385F-C22A-43E0-BF4C-06F5698FFBD9},12,480116,WORKSTATION5.theshire.local,,,,2612,im_msvistalog,53997,,2020-08-05 02:10:09,,,INFO,3484,,0,2020-08-05T06:10:10.931Z,12,,CreateKey,2020-08-05 02:10:10,,,,S-1-5-18,,{8715b604-0df0-5f2a-3c00-000000000400},,-,NT AUTHORITY,SYSTEM,C:\windows\system32\svchost.exe,User,,INFO,HKU\S-1-5-21-3669966080-2286457517-972388166-1104\Software\Microsoft\Windows\CurrentVersion\Internet Settings\Connections,,,,,,,,,,,,,,,,,,,,,,,,,,,,,,,,,,,,,,,,,,,,,,,,,,,,,,,,,,,,,,,,,,,,,,,,,,,,,,,,,,,,,,,,,,,,,0,0,0,1,1,0,3,True
2020-08-05 06:10:09,608,1,-9223372036854775808,4452,2,,wec.internal.cloudapp.net,,"Registry value set:
RuleName: -
EventType: SetValue
UtcTime: 2020-08-05 06:10:09.199
ProcessGuid: {8715b604-0df2-5f2a-4900-000000000400}
ProcessId: 3356
Image: C:\windows\System32\svchost.exe
TargetObject: HKLM\SOFTWARE\Microsoft\Windows\CurrentVersion\Diagnostics\DiagTrack\LastConnectivityHeartBeatTime
Details: QWORD (0x01d66ac7-0xf913c6b4)",eventlog,Microsoft-Windows-Sysmon,2,,['mordorDataset'],Microsoft-Windows-Sysmon/Operational,{5770385F-C22A-43E0-BF4C-06F5698FFBD9},13,480110,WORKSTATION5.theshire.local,,,,3356,im_msvistalog,53997,,2020-08-05 02:10:09,,,INFO,3484,,0,2020-08-05T06:10:10.928Z,13,,SetValue,2020-08-05 02:10:10,,,,S-1-5-18,,{8715b604-0df2-5f2a-4900-000000000400},,-,NT AUTHORITY,SYSTEM,C:\windows\System32\svchost.exe,User,,INFO,HKLM\SOFTWARE\Microsoft\Windows\CurrentVersion\Diagnostics\DiagTrack\LastConnectivityHeartBeatTime,,,,,,,,,,,,,,,,,,,,,,,,,,,,,,,,,,,,,,,,,,,,,,,,,,,,,,,,QWORD (0x01d66ac7-0xf913c6b4),,,,,,,,,,,,,,,,,,,,,,,,,,,,,,,,,,,,,0,0,0,1,1,0,3,True
2020-08-05 06:10:09,546,1,-9223372036854775808,4452,2,,wec.internal.cloudapp.net,,"Registry value set:
RuleName: -
EventType: SetValue
UtcTime: 2020-08-05 06:10:09.197
ProcessGuid: {8715b604-0df2-5f2a-4900-000000000400}
ProcessId: 3356
Image: C:\windows\System32\svchost.exe
TargetObject: HKLM\SOFTWARE\Microsoft\Windows\CurrentVersion\Diagnostics\DiagTrack\HeartBeats\EndpointErrors\4\Value
Details: DWORD (0x00000000)",eventlog,Microsoft-Windows-Sysmon,2,,['mordorDataset'],Microsoft-Windows-Sysmon/Operational,{5770385F-C22A-43E0-BF4C-06F5698FFBD9},13,480068,WORKSTATION5.theshire.local,,,,3356,im_msvistalog,53997,,2020-08-05 02:10:09,,,INFO,3484,,0,2020-08-05T06:10:09.913Z,13,,SetValue,2020-08-05 02:10:09,,,,S-1-5-18,,{8715b604-0df2-5f2a-4900-000000000400},,-,NT AUTHORITY,SYSTEM,C:\windows\System32\svchost.exe,User,,INFO,HKLM\SOFTWARE\Microsoft\Windows\CurrentVersion\Diagnostics\DiagTrack\HeartBeats\EndpointErrors\4\Value,,,,,,,,,,,,,,,,,,,,,,,,,,,,,,,,,,,,,,,,,,,,,,,,,,,,,,,,DWORD (0x00000000),,,,,,,,,,,,,,,,,,,,,,,,,,,,,,,,,,,,,0,0,0,1,1,0,3,True
2020-08-05 06:10:09,542,1,-9223372036854775808,4452,2,,wec.internal.cloudapp.net,,"Registry value set:
RuleName: -
EventType: SetValue
UtcTime: 2020-08-05 06:10:09.197
ProcessGuid: {8715b604-0df2-5f2a-4900-000000000400}
ProcessId: 3356
Image: C:\windows\System32\svchost.exe
TargetObject: HKLM\SOFTWARE\Microsoft\Windows\CurrentVersion\Diagnostics\DiagTrack\HeartBeats\EndpointErrors\3\Value
Details: DWORD (0x00000000)",eventlog,Microsoft-Windows-Sysmon,2,,['mordorDataset'],Microsoft-Windows-Sysmon/Operational,{5770385F-C22A-43E0-BF4C-06F5698FFBD9},13,480064,WORKSTATION5.theshire.local,,,,3356,im_msvistalog,53997,,2020-08-05 02:10:09,,,INFO,3484,,0,2020-08-05T06:10:09.912Z,13,,SetValue,2020-08-05 02:10:09,,,,S-1-5-18,,{8715b604-0df2-5f2a-4900-000000000400},,-,NT AUTHORITY,SYSTEM,C:\windows\System32\svchost.exe,User,,INFO,HKLM\SOFTWARE\Microsoft\Windows\CurrentVersion\Diagnostics\DiagTrack\HeartBeats\EndpointErrors\3\Value,,,,,,,,,,,,,,,,,,,,,,,,,,,,,,,,,,,,,,,,,,,,,,,,,,,,,,,,DWORD (0x00000000),,,,,,,,,,,,,,,,,,,,,,,,,,,,,,,,,,,,,0,0,0,1,1,0,3,True
2020-08-05 06:10:09,544,1,-9223372036854775808,4452,2,,wec.internal.cloudapp.net,,"Registry value set:
RuleName: -
EventType: SetValue
UtcTime: 2020-08-05 06:10:09.197
ProcessGuid: {8715b604-0df2-5f2a-4900-000000000400}
ProcessId: 3356
Image: C:\windows\System32\svchost.exe
TargetObject: HKLM\SOFTWARE\Microsoft\Windows\CurrentVersion\Diagnostics\DiagTrack\HeartBeats\EndpointErrors\4\Name
Details: (Empty)",eventlog,Microsoft-Windows-Sysmon,2,,['mordorDataset'],Microsoft-Windows-Sysmon/Operational,{5770385F-C22A-43E0-BF4C-06F5698FFBD9},13,480066,WORKSTATION5.theshire.local,,,,3356,im_msvistalog,53997,,2020-08-05 02:10:09,,,INFO,3484,,0,2020-08-05T06:10:09.912Z,13,,SetValue,2020-08-05 02:10:09,,,,S-1-5-18,,{8715b604-0df2-5f2a-4900-000000000400},,-,NT AUTHORITY,SYSTEM,C:\windows\System32\svchost.exe,User,,INFO,HKLM\SOFTWARE\Microsoft\Windows\CurrentVersion\Diagnostics\DiagTrack\HeartBeats\EndpointErrors\4\Name,,,,,,,,,,,,,,,,,,,,,,,,,,,,,,,,,,,,,,,,,,,,,,,,,,,,,,,,(Empty),,,,,,,,,,,,,,,,,,,,,,,,,,,,,,,,,,,,,0,0,0,1,1,0,2,True
2020-08-05 06:10:09,487,1,-9223372036854775808,4452,2,,wec.internal.cloudapp.net,,"Registry value set:
RuleName: -
EventType: SetValue
UtcTime: 2020-08-05 06:10:09.195
ProcessGuid: {8715b604-0df2-5f2a-4900-000000000400}
ProcessId: 3356
Image: C:\windows\System32\svchost.exe
TargetObject: HKLM\SOFTWARE\Microsoft\Windows\CurrentVersion\Diagnostics\DiagTrack\HeartBeats\Default\VortexHttpFailures4xx
Details: DWORD (0x00000000)",eventlog,Microsoft-Windows-Sysmon,2,,['mordorDataset'],Microsoft-Windows-Sysmon/Operational,{5770385F-C22A-43E0-BF4C-06F5698FFBD9},13,480023,WORKSTATION5.theshire.local,,,,3356,im_msvistalog,53997,,2020-08-05 02:10:09,,,INFO,3484,,0,2020-08-05T06:10:09.898Z,13,,SetValue,2020-08-05 02:10:09,,,,S-1-5-18,,{8715b604-0df2-5f2a-4900-000000000400},,-,NT AUTHORITY,SYSTEM,C:\windows\System32\svchost.exe,User,,INFO,HKLM\SOFTWARE\Microsoft\Windows\CurrentVersion\Diagnostics\DiagTrack\HeartBeats\Default\VortexHttpFailures4xx,,,,,,,,,,,,,,,,,,,,,,,,,,,,,,,,,,,,,,,,,,,,,,,,,,,,,,,,DWORD (0x00000000),,,,,,,,,,,,,,,,,,,,,,,,,,,,,,,,,,,,,0,0,0,0,1,0,1,True
2020-08-05 06:10:09,488,1,-9223372036854775808,4452,2,,wec.internal.cloudapp.net,,"Registry value set:
RuleName: -
EventType: SetValue
UtcTime: 2020-08-05 06:10:09.195
ProcessGuid: {8715b604-0df2-5f2a-4900-000000000400}
ProcessId: 3356
Image: C:\windows\System32\svchost.exe
TargetObject: HKLM\SOFTWARE\Microsoft\Windows\CurrentVersion\Diagnostics\DiagTrack\HeartBeats\Default\VortexHttpFailures5xx
Details: DWORD (0x00000000)",eventlog,Microsoft-Windows-Sysmon,2,,['mordorDataset'],Microsoft-Windows-Sysmon/Operational,{5770385F-C22A-43E0-BF4C-06F5698FFBD9},13,480024,WORKSTATION5.theshire.local,,,,3356,im_msvistalog,53997,,2020-08-05 02:10:09,,,INFO,3484,,0,2020-08-05T06:10:09.898Z,13,,SetValue,2020-08-05 02:10:09,,,,S-1-5-18,,{8715b604-0df2-5f2a-4900-000000000400},,-,NT AUTHORITY,SYSTEM,C:\windows\System32\svchost.exe,User,,INFO,HKLM\SOFTWARE\Microsoft\Windows\CurrentVersion\Diagnostics\DiagTrack\HeartBeats\Default\VortexHttpFailures5xx,,,,,,,,,,,,,,,,,,,,,,,,,,,,,,,,,,,,,,,,,,,,,,,,,,,,,,,,DWORD (0x00000000),,,,,,,,,,,,,,,,,,,,,,,,,,,,,,,,,,,,,0,0,0,0,1,0,1,True
2020-08-05 06:10:09,489,1,-9223372036854775808,4452,2,,wec.internal.cloudapp.net,,"Registry value set:
RuleName: -
EventType: SetValue
UtcTime: 2020-08-05 06:10:09.195
ProcessGuid: {8715b604-0df2-5f2a-4900-000000000400}
ProcessId: 3356
Image: C:\windows\System32\svchost.exe
TargetObject: HKLM\SOFTWARE\Microsoft\Windows\CurrentVersion\Diagnostics\DiagTrack\HeartBeats\Default\VortexFailuresTimeout
Details: DWORD (0x00000000)",eventlog,Microsoft-Windows-Sysmon,2,,['mordorDataset'],Microsoft-Windows-Sysmon/Operational,{5770385F-C22A-43E0-BF4C-06F5698FFBD9},13,480025,WORKSTATION5.theshire.local,,,,3356,im_msvistalog,53997,,2020-08-05 02:10:09,,,INFO,3484,,0,2020-08-05T06:10:09.898Z,13,,SetValue,2020-08-05 02:10:09,,,,S-1-5-18,,{8715b604-0df2-5f2a-4900-000000000400},,-,NT AUTHORITY,SYSTEM,C:\windows\System32\svchost.exe,User,,INFO,HKLM\SOFTWARE\Microsoft\Windows\CurrentVersion\Diagnostics\DiagTrack\HeartBeats\Default\VortexFailuresTimeout,,,,,,,,,,,,,,,,,,,,,,,,,,,,,,,,,,,,,,,,,,,,,,,,,,,,,,,,DWORD (0x00000000),,,,,,,,,,,,,,,,,,,,,,,,,,,,,,,,,,,,,0,0,0,0,1,0,1,True
2020-08-05 06:10:09,490,1,-9223372036854775808,4452,2,,wec.internal.cloudapp.net,,"Registry value set:
RuleName: -
EventType: SetValue
UtcTime: 2020-08-05 06:10:09.195
ProcessGuid: {8715b604-0df2-5f2a-4900-000000000400}
ProcessId: 3356
Image: C:\windows\System32\svchost.exe
TargetObject: HKLM\SOFTWARE\Microsoft\Windows\CurrentVersion\Diagnostics\DiagTrack\HeartBeats\Default\EventsUploaded
Details: DWORD (0x00000000)",eventlog,Microsoft-Windows-Sysmon,2,,['mordorDataset'],Microsoft-Windows-Sysmon/Operational,{5770385F-C22A-43E0-BF4C-06F5698FFBD9},13,480026,WORKSTATION5.theshire.local,,,,3356,im_msvistalog,53997,,2020-08-05 02:10:09,,,INFO,3484,,0,2020-08-05T06:10:09.898Z,13,,SetValue,2020-08-05 02:10:09,,,,S-1-5-18,,{8715b604-0df2-5f2a-4900-000000000400},,-,NT AUTHORITY,SYSTEM,C:\windows\System32\svchost.exe,User,,INFO,HKLM\SOFTWARE\Microsoft\Windows\CurrentVersion\Diagnostics\DiagTrack\HeartBeats\Default\EventsUploaded,,,,,,,,,,,,,,,,,,,,,,,,,,,,,,,,,,,,,,,,,,,,,,,,,,,,,,,,DWORD (0x00000000),,,,,,,,,,,,,,,,,,,,,,,,,,,,,,,,,,,,,0,0,0,0,1,0,1,True
