2020-08-05 06:10:03,134,1,-9223372036854775808,4456,3,,wec.internal.cloudapp.net,,"Process accessed:
RuleName: -
UtcTime: 2020-08-05 06:10:03.095
SourceProcessGUID: {7d3be4b5-0dea-5f2a-1200-000000000400}
SourceProcessId: 440
SourceThreadId: 9744
SourceImage: C:\windows\system32\svchost.exe
TargetProcessGUID: {7d3be4b5-0ded-5f2a-2d00-000000000400}
TargetProcessId: 1900
TargetImage: C:\windows\system32\svchost.exe
GrantedAccess: 0x1000
CallTrace: C:\windows\SYSTEM32\ntdll.dll+9c534|C:\windows\System32\KERNELBASE.dll+6a7f5|c:\windows\system32\lsm.dll+1184f|c:\windows\system32\lsm.dll+1172e|C:\windows\System32\RPCRT4.dll+76953|C:\windows\System32\RPCRT4.dll+da036|C:\windows\System32\RPCRT4.dll+37a4c|C:\windows\System32\RPCRT4.dll+548c8|C:\windows\System32\RPCRT4.dll+2c921|C:\windows\System32\RPCRT4.dll+2c1db|C:\windows\System32\RPCRT4.dll+1a86f|C:\windows\System32\RPCRT4.dll+19d1a|C:\windows\System32\RPCRT4.dll+19301|C:\windows\System32\RPCRT4.dll+18d6e|C:\windows\System32\RPCRT4.dll+169a5|C:\windows\SYSTEM32\ntdll.dll+333ed|C:\windows\SYSTEM32\ntdll.dll+34142|C:\windows\System32\KERNEL32.DLL+17bd4|C:\windows\SYSTEM32\ntdll.dll+6ce51",eventlog,Microsoft-Windows-Sysmon,2,,['mordorDataset'],Microsoft-Windows-Sysmon/Operational,{5770385F-C22A-43E0-BF4C-06F5698FFBD9},10,304094,WORKSTATION6.theshire.local,,,,440,im_msvistalog,53997,,2020-08-05 02:10:03,,,INFO,3240,,0,2020-08-05T06:10:05.796Z,10,,INFO,2020-08-05 02:10:05,,,,S-1-5-18,,,,-,NT AUTHORITY,SYSTEM,,User,,,,,,,,,,,,,,,,,,,,,,,,,,,,,,,,,,,,,,,,,,,,,,,,,,,,,,,,,,,,{7d3be4b5-0dea-5f2a-1200-000000000400},0x1000,1900,{7d3be4b5-0ded-5f2a-2d00-000000000400},C:\windows\system32\svchost.exe,C:\windows\SYSTEM32\ntdll.dll+9c534|C:\windows\System32\KERNELBASE.dll+6a7f5|c:\windows\system32\lsm.dll+1184f|c:\windows\system32\lsm.dll+1172e|C:\windows\System32\RPCRT4.dll+76953|C:\windows\System32\RPCRT4.dll+da036|C:\windows\System32\RPCRT4.dll+37a4c|C:\windows\System32\RPCRT4.dll+548c8|C:\windows\System32\RPCRT4.dll+2c921|C:\windows\System32\RPCRT4.dll+2c1db|C:\windows\System32\RPCRT4.dll+1a86f|C:\windows\System32\RPCRT4.dll+19d1a|C:\windows\System32\RPCRT4.dll+19301|C:\windows\System32\RPCRT4.dll+18d6e|C:\windows\System32\RPCRT4.dll+169a5|C:\windows\SYSTEM32\ntdll.dll+333ed|C:\windows\SYSTEM32\ntdll.dll+34142|C:\windows\System32\KERNEL32.DLL+17bd4|C:\windows\SYSTEM32\ntdll.dll+6ce51,9744.0,440,C:\windows\system32\svchost.exe,,,,,,,,,,,,,,,,,,,,,,,,,,,,0,0,0,0,0,0,2,True
2020-08-05 06:10:03,133,1,-9223372036854775808,4452,3,,wec.internal.cloudapp.net,,"Process accessed:
RuleName: -
UtcTime: 2020-08-05 06:10:03.405
SourceProcessGUID: {8715b604-0deb-5f2a-1200-000000000400}
SourceProcessId: 448
SourceThreadId: 7584
SourceImage: C:\windows\system32\svchost.exe
TargetProcessGUID: {8715b604-0dee-5f2a-2d00-000000000400}
TargetProcessId: 1988
TargetImage: C:\windows\system32\svchost.exe
GrantedAccess: 0x1000
CallTrace: C:\windows\SYSTEM32\ntdll.dll+9c534|C:\windows\System32\KERNELBASE.dll+6a7f5|c:\windows\system32\lsm.dll+1184f|c:\windows\system32\lsm.dll+1172e|C:\windows\System32\RPCRT4.dll+76953|C:\windows\System32\RPCRT4.dll+da036|C:\windows\System32\RPCRT4.dll+37a4c|C:\windows\System32\RPCRT4.dll+548c8|C:\windows\System32\RPCRT4.dll+2c921|C:\windows\System32\RPCRT4.dll+2c1db|C:\windows\System32\RPCRT4.dll+1a86f|C:\windows\System32\RPCRT4.dll+19d1a|C:\windows\System32\RPCRT4.dll+19301|C:\windows\System32\RPCRT4.dll+18d6e|C:\windows\System32\RPCRT4.dll+169a5|C:\windows\SYSTEM32\ntdll.dll+333ed|C:\windows\SYSTEM32\ntdll.dll+34142|C:\windows\System32\KERNEL32.DLL+17bd4|C:\windows\SYSTEM32\ntdll.dll+6ce51",eventlog,Microsoft-Windows-Sysmon,2,,['mordorDataset'],Microsoft-Windows-Sysmon/Operational,{5770385F-C22A-43E0-BF4C-06F5698FFBD9},10,479978,WORKSTATION5.theshire.local,,,,448,im_msvistalog,53997,,2020-08-05 02:10:03,,,INFO,3484,,0,2020-08-05T06:10:04.792Z,10,,INFO,2020-08-05 02:10:04,,,,S-1-5-18,,,,-,NT AUTHORITY,SYSTEM,,User,,,,,,,,,,,,,,,,,,,,,,,,,,,,,,,,,,,,,,,,,,,,,,,,,,,,,,,,,,,,{8715b604-0deb-5f2a-1200-000000000400},0x1000,1988,{8715b604-0dee-5f2a-2d00-000000000400},C:\windows\system32\svchost.exe,C:\windows\SYSTEM32\ntdll.dll+9c534|C:\windows\System32\KERNELBASE.dll+6a7f5|c:\windows\system32\lsm.dll+1184f|c:\windows\system32\lsm.dll+1172e|C:\windows\System32\RPCRT4.dll+76953|C:\windows\System32\RPCRT4.dll+da036|C:\windows\System32\RPCRT4.dll+37a4c|C:\windows\System32\RPCRT4.dll+548c8|C:\windows\System32\RPCRT4.dll+2c921|C:\windows\System32\RPCRT4.dll+2c1db|C:\windows\System32\RPCRT4.dll+1a86f|C:\windows\System32\RPCRT4.dll+19d1a|C:\windows\System32\RPCRT4.dll+19301|C:\windows\System32\RPCRT4.dll+18d6e|C:\windows\System32\RPCRT4.dll+169a5|C:\windows\SYSTEM32\ntdll.dll+333ed|C:\windows\SYSTEM32\ntdll.dll+34142|C:\windows\System32\KERNEL32.DLL+17bd4|C:\windows\SYSTEM32\ntdll.dll+6ce51,7584.0,448,C:\windows\system32\svchost.exe,,,,,,,,,,,,,,,,,,,,,,,,,,,,0,0,0,0,0,0,2,True
2020-08-05 06:10:04,361,1,-9223372036854775808,4268,5,,wec.internal.cloudapp.net,,"Network connection detected:
RuleName: -
UtcTime: 2020-08-05 06:10:04.649
ProcessGuid: {2b437147-0bab-5f2a-0c00-000000000400}
ProcessId: 704
Image: C:\Windows\System32\lsass.exe
User: NT AUTHORITY\SYSTEM
Protocol: tcp
Initiated: false
SourceIsIpv6: true
SourceIp: 0:0:0:0:0:0:0:1
SourceHostname: -
SourcePort: 60886
SourcePortName: -
DestinationIsIpv6: true
DestinationIp: 0:0:0:0:0:0:0:1
DestinationHostname: -
DestinationPort: 389
DestinationPortName: -",eventlog,Microsoft-Windows-Sysmon,2,,['mordorDataset'],Microsoft-Windows-Sysmon/Operational,{5770385F-C22A-43E0-BF4C-06F5698FFBD9},3,284962,MORDORDC.theshire.local,,,tcp,704,im_msvistalog,53997,,2020-08-05 02:10:07,,60886.0,INFO,3868,,0,2020-08-05T06:10:08.857Z,3,,INFO,2020-08-05 02:10:08,,,,S-1-5-18,,{2b437147-0bab-5f2a-0c00-000000000400},,-,NT AUTHORITY,SYSTEM,C:\Windows\System32\lsass.exe,User,,,,,,,,,,,,,,,,,,,,,,,,,,,,,,,,,,,,,,,,,,,,,,,,True,-,-,NT AUTHORITY\SYSTEM,-,-,0:0:0:0:0:0:0:1,389.0,True,0:0:0:0:0:0:0:1,False,,,,,,,,,,,,,,,,,,,,,,,,,,,,,,,,,,,,,,0,0,1,0,0,0,3,True
2020-08-05 06:10:04,360,1,-9223372036854775808,4268,5,,wec.internal.cloudapp.net,,"Network connection detected:
RuleName: -
UtcTime: 2020-08-05 06:10:04.649
ProcessGuid: {2b437147-0bbd-5f2a-4a00-000000000400}
ProcessId: 3528
Image: C:\Windows\ADWS\Microsoft.ActiveDirectory.WebServices.exe
User: NT AUTHORITY\SYSTEM
Protocol: tcp
Initiated: true
SourceIsIpv6: true
SourceIp: 0:0:0:0:0:0:0:1
SourceHostname: -
SourcePort: 60886
SourcePortName: -
DestinationIsIpv6: true
DestinationIp: 0:0:0:0:0:0:0:1
DestinationHostname: -
DestinationPort: 389
DestinationPortName: -",eventlog,Microsoft-Windows-Sysmon,2,,['mordorDataset'],Microsoft-Windows-Sysmon/Operational,{5770385F-C22A-43E0-BF4C-06F5698FFBD9},3,284961,MORDORDC.theshire.local,,,tcp,3528,im_msvistalog,53997,,2020-08-05 02:10:07,,60886.0,INFO,3868,,0,2020-08-05T06:10:08.856Z,3,,INFO,2020-08-05 02:10:08,,,,S-1-5-18,,{2b437147-0bbd-5f2a-4a00-000000000400},,-,NT AUTHORITY,SYSTEM,C:\Windows\ADWS\Microsoft.ActiveDirectory.WebServices.exe,User,,,,,,,,,,,,,,,,,,,,,,,,,,,,,,,,,,,,,,,,,,,,,,,,True,-,-,NT AUTHORITY\SYSTEM,-,-,0:0:0:0:0:0:0:1,389.0,True,0:0:0:0:0:0:0:1,True,,,,,,,,,,,,,,,,,,,,,,,,,,,,,,,,,,,,,,0,0,1,0,0,0,3,True
2020-08-05 06:10:05,364,1,-9223372036854775808,4268,5,,wec.internal.cloudapp.net,,"Network connection detected:
RuleName: -
UtcTime: 2020-08-05 06:10:05.254
ProcessGuid: {2b437147-0ba4-5f2a-0100-000000000400}
ProcessId: 4
Image: System
User: NT AUTHORITY\SYSTEM
Protocol: tcp
Initiated: false
SourceIsIpv6: false
SourceIp: 172.18.39.6
SourceHostname: -
SourcePort: 49837
SourcePortName: -
DestinationIsIpv6: false
DestinationIp: 172.18.38.5
DestinationHostname: -
DestinationPort: 445
DestinationPortName: -",eventlog,Microsoft-Windows-Sysmon,2,,['mordorDataset'],Microsoft-Windows-Sysmon/Operational,{5770385F-C22A-43E0-BF4C-06F5698FFBD9},3,284964,MORDORDC.theshire.local,,,tcp,4,im_msvistalog,53997,,2020-08-05 02:10:07,,49837.0,INFO,3868,,0,2020-08-05T06:10:08.858Z,3,,INFO,2020-08-05 02:10:08,,,,S-1-5-18,,{2b437147-0ba4-5f2a-0100-000000000400},,-,NT AUTHORITY,SYSTEM,System,User,,,,,,,,,,,,,,,,,,,,,,,,,,,,,,,,,,,,,,,,,,,,,,,,False,-,-,NT AUTHORITY\SYSTEM,-,-,172.18.39.6,445.0,False,172.18.38.5,False,,,,,,,,,,,,,,,,,,,,,,,,,,,,,,,,,,,,,,0,0,1,0,0,0,2,True
2020-08-05 06:10:05,363,1,-9223372036854775808,4268,5,,wec.internal.cloudapp.net,,"Network connection detected:
RuleName: -
UtcTime: 2020-08-05 06:10:05.250
ProcessGuid: {2b437147-0bbd-5f2a-4e00-000000000400}
ProcessId: 3588
Image: C:\Windows\System32\dns.exe
User: NT AUTHORITY\SYSTEM
Protocol: udp
Initiated: false
SourceIsIpv6: false
SourceIp: 172.18.38.5
SourceHostname: -
SourcePort: 53
SourcePortName: -
DestinationIsIpv6: false
DestinationIp: 172.18.39.6
DestinationHostname: -
DestinationPort: 52346
DestinationPortName: -",eventlog,Microsoft-Windows-Sysmon,2,,['mordorDataset'],Microsoft-Windows-Sysmon/Operational,{5770385F-C22A-43E0-BF4C-06F5698FFBD9},3,284963,MORDORDC.theshire.local,,,udp,3588,im_msvistalog,53997,,2020-08-05 02:10:07,,53.0,INFO,3868,,0,2020-08-05T06:10:08.857Z,3,,INFO,2020-08-05 02:10:08,,,,S-1-5-18,,{2b437147-0bbd-5f2a-4e00-000000000400},,-,NT AUTHORITY,SYSTEM,C:\Windows\System32\dns.exe,User,,,,,,,,,,,,,,,,,,,,,,,,,,,,,,,,,,,,,,,,,,,,,,,,False,-,-,NT AUTHORITY\SYSTEM,-,-,172.18.38.5,52346.0,False,172.18.39.6,False,,,,,,,,,,,,,,,,,,,,,,,,,,,,,,,,,,,,,,0,0,1,0,0,0,2,True
2020-08-05 06:10:05,150,1,-9223372036854775808,4256,2,,wec.internal.cloudapp.net,,"Registry object added or deleted:
RuleName: -
EventType: CreateKey
UtcTime: 2020-08-05 06:10:05.976
ProcessGuid: {2b437147-0bbd-5f2a-4a00-000000000400}
ProcessId: 3528
Image: C:\windows\ADWS\Microsoft.ActiveDirectory.WebServices.exe
TargetObject: HKLM\System\CurrentControlSet\Services\Tcpip\Parameters",eventlog,Microsoft-Windows-Sysmon,2,,['mordorDataset'],Microsoft-Windows-Sysmon/Operational,{5770385F-C22A-43E0-BF4C-06F5698FFBD9},12,284958,MORDORDC.theshire.local,,,,3528,im_msvistalog,53997,,2020-08-05 02:10:05,,,INFO,3868,,0,2020-08-05T06:10:07.803Z,12,,CreateKey,2020-08-05 02:10:07,,,,S-1-5-18,,{2b437147-0bbd-5f2a-4a00-000000000400},,-,NT AUTHORITY,SYSTEM,C:\windows\ADWS\Microsoft.ActiveDirectory.WebServices.exe,User,,INFO,HKLM\System\CurrentControlSet\Services\Tcpip\Parameters,,,,,,,,,,,,,,,,,,,,,,,,,,,,,,,,,,,,,,,,,,,,,,,,,,,,,,,,,,,,,,,,,,,,,,,,,,,,,,,,,,,,,,,,,,,,,0,0,1,1,0,0,2,True
2020-08-05 06:10:05,146,1,-9223372036854775808,4452,3,,wec.internal.cloudapp.net,,"Process accessed:
RuleName: -
UtcTime: 2020-08-05 06:10:05.374
SourceProcessGUID: {8715b604-0dea-5f2a-0e00-000000000400}
SourceProcessId: 884
SourceThreadId: 1064
SourceImage: C:\windows\system32\svchost.exe
TargetProcessGUID: {8715b604-2bdc-5f2a-e503-000000000400}
TargetProcessId: 6408
TargetImage: C:\Windows\SystemApps\Microsoft.Windows.SecHealthUI_cw5n1h2txyewy\SecHealthUI.exe
GrantedAccess: 0x1000
CallTrace: C:\windows\SYSTEM32\ntdll.dll+9c534|C:\windows\SYSTEM32\psmserviceexthost.dll+222a3|C:\windows\SYSTEM32\psmserviceexthost.dll+37ea0|C:\windows\SYSTEM32\psmserviceexthost.dll+37929|C:\windows\SYSTEM32\psmserviceexthost.dll+686f8|C:\windows\SYSTEM32\psmserviceexthost.dll+6e84a|C:\windows\SYSTEM32\psmserviceexthost.dll+6f700|C:\windows\SYSTEM32\psmserviceexthost.dll+34be4|C:\windows\SYSTEM32\psmserviceexthost.dll+6f63e|C:\windows\SYSTEM32\psmserviceexthost.dll+713b5|C:\windows\SYSTEM32\psmserviceexthost.dll+50bda|C:\windows\SYSTEM32\psmserviceexthost.dll+4500a|C:\windows\System32\KERNEL32.DLL+17bd4|C:\windows\SYSTEM32\ntdll.dll+6ce51",eventlog,Microsoft-Windows-Sysmon,2,,['mordorDataset'],Microsoft-Windows-Sysmon/Operational,{5770385F-C22A-43E0-BF4C-06F5698FFBD9},10,479986,WORKSTATION5.theshire.local,,,,884,im_msvistalog,53997,,2020-08-05 02:10:05,,,INFO,3484,,0,2020-08-05T06:10:07.802Z,10,,INFO,2020-08-05 02:10:07,,,,S-1-5-18,,,,-,NT AUTHORITY,SYSTEM,,User,,,,,,,,,,,,,,,,,,,,,,,,,,,,,,,,,,,,,,,,,,,,,,,,,,,,,,,,,,,,{8715b604-0dea-5f2a-0e00-000000000400},0x1000,6408,{8715b604-2bdc-5f2a-e503-000000000400},C:\Windows\SystemApps\Microsoft.Windows.SecHealthUI_cw5n1h2txyewy\SecHealthUI.exe,C:\windows\SYSTEM32\ntdll.dll+9c534|C:\windows\SYSTEM32\psmserviceexthost.dll+222a3|C:\windows\SYSTEM32\psmserviceexthost.dll+37ea0|C:\windows\SYSTEM32\psmserviceexthost.dll+37929|C:\windows\SYSTEM32\psmserviceexthost.dll+686f8|C:\windows\SYSTEM32\psmserviceexthost.dll+6e84a|C:\windows\SYSTEM32\psmserviceexthost.dll+6f700|C:\windows\SYSTEM32\psmserviceexthost.dll+34be4|C:\windows\SYSTEM32\psmserviceexthost.dll+6f63e|C:\windows\SYSTEM32\psmserviceexthost.dll+713b5|C:\windows\SYSTEM32\psmserviceexthost.dll+50bda|C:\windows\SYSTEM32\psmserviceexthost.dll+4500a|C:\windows\System32\KERNEL32.DLL+17bd4|C:\windows\SYSTEM32\ntdll.dll+6ce51,1064.0,884,C:\windows\system32\svchost.exe,,,,,,,,,,,,,,,,,,,,,,,,,,,,0,0,1,1,0,0,3,True
2020-08-05 06:10:05,147,1,-9223372036854775808,4452,3,,wec.internal.cloudapp.net,,"Process accessed:
RuleName: -
UtcTime: 2020-08-05 06:10:05.374
SourceProcessGUID: {8715b604-0dea-5f2a-0e00-000000000400}
SourceProcessId: 884
SourceThreadId: 1064
SourceImage: C:\windows\system32\svchost.exe
TargetProcessGUID: {8715b604-2975-5f2a-9603-000000000400}
TargetProcessId: 6244
TargetImage: C:\Windows\SystemApps\InputApp_cw5n1h2txyewy\WindowsInternal.ComposableShell.Experiences.TextInput.InputApp.exe
GrantedAccess: 0x1000
CallTrace: C:\windows\SYSTEM32\ntdll.dll+9c534|C:\windows\SYSTEM32\psmserviceexthost.dll+222a3|C:\windows\SYSTEM32\psmserviceexthost.dll+37ea0|C:\windows\SYSTEM32\psmserviceexthost.dll+37929|C:\windows\SYSTEM32\psmserviceexthost.dll+686f8|C:\windows\SYSTEM32\psmserviceexthost.dll+6e84a|C:\windows\SYSTEM32\psmserviceexthost.dll+6f700|C:\windows\SYSTEM32\psmserviceexthost.dll+34be4|C:\windows\SYSTEM32\psmserviceexthost.dll+6f63e|C:\windows\SYSTEM32\psmserviceexthost.dll+713b5|C:\windows\SYSTEM32\psmserviceexthost.dll+50bda|C:\windows\SYSTEM32\psmserviceexthost.dll+4500a|C:\windows\System32\KERNEL32.DLL+17bd4|C:\windows\SYSTEM32\ntdll.dll+6ce51",eventlog,Microsoft-Windows-Sysmon,2,,['mordorDataset'],Microsoft-Windows-Sysmon/Operational,{5770385F-C22A-43E0-BF4C-06F5698FFBD9},10,479987,WORKSTATION5.theshire.local,,,,884,im_msvistalog,53997,,2020-08-05 02:10:05,,,INFO,3484,,0,2020-08-05T06:10:07.802Z,10,,INFO,2020-08-05 02:10:07,,,,S-1-5-18,,,,-,NT AUTHORITY,SYSTEM,,User,,,,,,,,,,,,,,,,,,,,,,,,,,,,,,,,,,,,,,,,,,,,,,,,,,,,,,,,,,,,{8715b604-0dea-5f2a-0e00-000000000400},0x1000,6244,{8715b604-2975-5f2a-9603-000000000400},C:\Windows\SystemApps\InputApp_cw5n1h2txyewy\WindowsInternal.ComposableShell.Experiences.TextInput.InputApp.exe,C:\windows\SYSTEM32\ntdll.dll+9c534|C:\windows\SYSTEM32\psmserviceexthost.dll+222a3|C:\windows\SYSTEM32\psmserviceexthost.dll+37ea0|C:\windows\SYSTEM32\psmserviceexthost.dll+37929|C:\windows\SYSTEM32\psmserviceexthost.dll+686f8|C:\windows\SYSTEM32\psmserviceexthost.dll+6e84a|C:\windows\SYSTEM32\psmserviceexthost.dll+6f700|C:\windows\SYSTEM32\psmserviceexthost.dll+34be4|C:\windows\SYSTEM32\psmserviceexthost.dll+6f63e|C:\windows\SYSTEM32\psmserviceexthost.dll+713b5|C:\windows\SYSTEM32\psmserviceexthost.dll+50bda|C:\windows\SYSTEM32\psmserviceexthost.dll+4500a|C:\windows\System32\KERNEL32.DLL+17bd4|C:\windows\SYSTEM32\ntdll.dll+6ce51,1064.0,884,C:\windows\system32\svchost.exe,,,,,,,,,,,,,,,,,,,,,,,,,,,,0,0,1,1,0,0,3,True
2020-08-05 06:10:05,145,1,-9223372036854775808,4452,3,,wec.internal.cloudapp.net,,"Process accessed:
RuleName: -
UtcTime: 2020-08-05 06:10:05.374
SourceProcessGUID: {8715b604-0dea-5f2a-0e00-000000000400}
SourceProcessId: 884
SourceThreadId: 1064
SourceImage: C:\windows\system32\svchost.exe
TargetProcessGUID: {8715b604-2c5e-5f2a-0904-000000000400}
TargetProcessId: 2764
TargetImage: C:\Windows\ImmersiveControlPanel\SystemSettings.exe
GrantedAccess: 0x1000
CallTrace: C:\windows\SYSTEM32\ntdll.dll+9c534|C:\windows\SYSTEM32\psmserviceexthost.dll+222a3|C:\windows\SYSTEM32\psmserviceexthost.dll+37ea0|C:\windows\SYSTEM32\psmserviceexthost.dll+37929|C:\windows\SYSTEM32\psmserviceexthost.dll+686f8|C:\windows\SYSTEM32\psmserviceexthost.dll+6e84a|C:\windows\SYSTEM32\psmserviceexthost.dll+6f700|C:\windows\SYSTEM32\psmserviceexthost.dll+34be4|C:\windows\SYSTEM32\psmserviceexthost.dll+6f63e|C:\windows\SYSTEM32\psmserviceexthost.dll+713b5|C:\windows\SYSTEM32\psmserviceexthost.dll+50bda|C:\windows\SYSTEM32\psmserviceexthost.dll+4500a|C:\windows\System32\KERNEL32.DLL+17bd4|C:\windows\SYSTEM32\ntdll.dll+6ce51",eventlog,Microsoft-Windows-Sysmon,2,,['mordorDataset'],Microsoft-Windows-Sysmon/Operational,{5770385F-C22A-43E0-BF4C-06F5698FFBD9},10,479985,WORKSTATION5.theshire.local,,,,884,im_msvistalog,53997,,2020-08-05 02:10:05,,,INFO,3484,,0,2020-08-05T06:10:07.802Z,10,,INFO,2020-08-05 02:10:07,,,,S-1-5-18,,,,-,NT AUTHORITY,SYSTEM,,User,,,,,,,,,,,,,,,,,,,,,,,,,,,,,,,,,,,,,,,,,,,,,,,,,,,,,,,,,,,,{8715b604-0dea-5f2a-0e00-000000000400},0x1000,2764,{8715b604-2c5e-5f2a-0904-000000000400},C:\Windows\ImmersiveControlPanel\SystemSettings.exe,C:\windows\SYSTEM32\ntdll.dll+9c534|C:\windows\SYSTEM32\psmserviceexthost.dll+222a3|C:\windows\SYSTEM32\psmserviceexthost.dll+37ea0|C:\windows\SYSTEM32\psmserviceexthost.dll+37929|C:\windows\SYSTEM32\psmserviceexthost.dll+686f8|C:\windows\SYSTEM32\psmserviceexthost.dll+6e84a|C:\windows\SYSTEM32\psmserviceexthost.dll+6f700|C:\windows\SYSTEM32\psmserviceexthost.dll+34be4|C:\windows\SYSTEM32\psmserviceexthost.dll+6f63e|C:\windows\SYSTEM32\psmserviceexthost.dll+713b5|C:\windows\SYSTEM32\psmserviceexthost.dll+50bda|C:\windows\SYSTEM32\psmserviceexthost.dll+4500a|C:\windows\System32\KERNEL32.DLL+17bd4|C:\windows\SYSTEM32\ntdll.dll+6ce51,1064.0,884,C:\windows\system32\svchost.exe,,,,,,,,,,,,,,,,,,,,,,,,,,,,0,0,1,1,0,0,3,True
2020-08-05 06:10:05,144,1,-9223372036854775808,4452,3,,wec.internal.cloudapp.net,,"Process accessed:
RuleName: -
UtcTime: 2020-08-05 06:10:05.374
SourceProcessGUID: {8715b604-0dea-5f2a-0e00-000000000400}
SourceProcessId: 884
SourceThreadId: 1064
SourceImage: C:\windows\system32\svchost.exe
TargetProcessGUID: {8715b604-104c-5f2a-c702-000000000400}
TargetProcessId: 4400
TargetImage: C:\Windows\SystemApps\InputApp_cw5n1h2txyewy\WindowsInternal.ComposableShell.Experiences.TextInput.InputApp.exe
GrantedAccess: 0x1000
CallTrace: C:\windows\SYSTEM32\ntdll.dll+9c534|C:\windows\SYSTEM32\psmserviceexthost.dll+222a3|C:\windows\SYSTEM32\psmserviceexthost.dll+37ea0|C:\windows\SYSTEM32\psmserviceexthost.dll+37929|C:\windows\SYSTEM32\psmserviceexthost.dll+686f8|C:\windows\SYSTEM32\psmserviceexthost.dll+6e84a|C:\windows\SYSTEM32\psmserviceexthost.dll+6f700|C:\windows\SYSTEM32\psmserviceexthost.dll+34be4|C:\windows\SYSTEM32\psmserviceexthost.dll+6f63e|C:\windows\SYSTEM32\psmserviceexthost.dll+713b5|C:\windows\SYSTEM32\psmserviceexthost.dll+50bda|C:\windows\SYSTEM32\psmserviceexthost.dll+4500a|C:\windows\System32\KERNEL32.DLL+17bd4|C:\windows\SYSTEM32\ntdll.dll+6ce51",eventlog,Microsoft-Windows-Sysmon,2,,['mordorDataset'],Microsoft-Windows-Sysmon/Operational,{5770385F-C22A-43E0-BF4C-06F5698FFBD9},10,479984,WORKSTATION5.theshire.local,,,,884,im_msvistalog,53997,,2020-08-05 02:10:05,,,INFO,3484,,0,2020-08-05T06:10:07.801Z,10,,INFO,2020-08-05 02:10:07,,,,S-1-5-18,,,,-,NT AUTHORITY,SYSTEM,,User,,,,,,,,,,,,,,,,,,,,,,,,,,,,,,,,,,,,,,,,,,,,,,,,,,,,,,,,,,,,{8715b604-0dea-5f2a-0e00-000000000400},0x1000,4400,{8715b604-104c-5f2a-c702-000000000400},C:\Windows\SystemApps\InputApp_cw5n1h2txyewy\WindowsInternal.ComposableShell.Experiences.TextInput.InputApp.exe,C:\windows\SYSTEM32\ntdll.dll+9c534|C:\windows\SYSTEM32\psmserviceexthost.dll+222a3|C:\windows\SYSTEM32\psmserviceexthost.dll+37ea0|C:\windows\SYSTEM32\psmserviceexthost.dll+37929|C:\windows\SYSTEM32\psmserviceexthost.dll+686f8|C:\windows\SYSTEM32\psmserviceexthost.dll+6e84a|C:\windows\SYSTEM32\psmserviceexthost.dll+6f700|C:\windows\SYSTEM32\psmserviceexthost.dll+34be4|C:\windows\SYSTEM32\psmserviceexthost.dll+6f63e|C:\windows\SYSTEM32\psmserviceexthost.dll+713b5|C:\windows\SYSTEM32\psmserviceexthost.dll+50bda|C:\windows\SYSTEM32\psmserviceexthost.dll+4500a|C:\windows\System32\KERNEL32.DLL+17bd4|C:\windows\SYSTEM32\ntdll.dll+6ce51,1064.0,884,C:\windows\system32\svchost.exe,,,,,,,,,,,,,,,,,,,,,,,,,,,,0,0,0,1,0,0,2,True
2020-08-05 06:10:05,432,1,-9223372036854775808,4268,5,,wec.internal.cloudapp.net,,"Network connection detected:
RuleName: -
UtcTime: 2020-08-05 06:10:05.845
ProcessGuid: {2b437147-0bbd-5f2a-4e00-000000000400}
ProcessId: 3588
Image: C:\Windows\System32\dns.exe
User: NT AUTHORITY\SYSTEM
Protocol: udp
Initiated: false
SourceIsIpv6: false
SourceIp: 172.18.38.5
SourceHostname: -
SourcePort: 53
SourcePortName: -
DestinationIsIpv6: false
DestinationIp: 172.18.39.6
DestinationHostname: -
DestinationPort: 65034
DestinationPortName: -",eventlog,Microsoft-Windows-Sysmon,2,,['mordorDataset'],Microsoft-Windows-Sysmon/Operational,{5770385F-C22A-43E0-BF4C-06F5698FFBD9},3,284965,MORDORDC.theshire.local,,,udp,3588,im_msvistalog,53997,,2020-08-05 02:10:08,,53.0,INFO,3868,,0,2020-08-05T06:10:09.884Z,3,,INFO,2020-08-05 02:10:09,,,,S-1-5-18,,{2b437147-0bbd-5f2a-4e00-000000000400},,-,NT AUTHORITY,SYSTEM,C:\Windows\System32\dns.exe,User,,,,,,,,,,,,,,,,,,,,,,,,,,,,,,,,,,,,,,,,,,,,,,,,False,-,-,NT AUTHORITY\SYSTEM,-,-,172.18.38.5,65034.0,False,172.18.39.6,False,,,,,,,,,,,,,,,,,,,,,,,,,,,,,,,,,,,,,,0,0,1,0,0,0,2,True
2020-08-05 06:10:05,148,1,-9223372036854775808,4256,2,,wec.internal.cloudapp.net,,"Registry object added or deleted:
RuleName: -
EventType: CreateKey
UtcTime: 2020-08-05 06:10:05.976
ProcessGuid: {2b437147-0bbd-5f2a-4a00-000000000400}
ProcessId: 3528
Image: C:\windows\ADWS\Microsoft.ActiveDirectory.WebServices.exe
TargetObject: HKLM\System\CurrentControlSet\Services\Tcpip\Parameters",eventlog,Microsoft-Windows-Sysmon,2,,['mordorDataset'],Microsoft-Windows-Sysmon/Operational,{5770385F-C22A-43E0-BF4C-06F5698FFBD9},12,284957,MORDORDC.theshire.local,,,,3528,im_msvistalog,53997,,2020-08-05 02:10:05,,,INFO,3868,,0,2020-08-05T06:10:07.802Z,12,,CreateKey,2020-08-05 02:10:07,,,,S-1-5-18,,{2b437147-0bbd-5f2a-4a00-000000000400},,-,NT AUTHORITY,SYSTEM,C:\windows\ADWS\Microsoft.ActiveDirectory.WebServices.exe,User,,INFO,HKLM\System\CurrentControlSet\Services\Tcpip\Parameters,,,,,,,,,,,,,,,,,,,,,,,,,,,,,,,,,,,,,,,,,,,,,,,,,,,,,,,,,,,,,,,,,,,,,,,,,,,,,,,,,,,,,,,,,,,,,0,0,1,1,0,0,3,True
2020-08-05 06:10:06,375,1,-9223372036854775808,4336,5,,wec.internal.cloudapp.net,,"Network connection detected:
RuleName: -
UtcTime: 2020-08-05 06:10:06.523
ProcessGuid: {7d3be4b5-0dec-5f2a-1f00-000000000400}
ProcessId: 1416
Image: C:\Windows\System32\svchost.exe
User: NT AUTHORITY\NETWORK SERVICE
Protocol: udp
Initiated: true
SourceIsIpv6: false
SourceIp: 172.18.39.6
SourceHostname: -
SourcePort: 52346
SourcePortName: -
DestinationIsIpv6: false
DestinationIp: 172.18.38.5
DestinationHostname: -
DestinationPort: 53
DestinationPortName: -",eventlog,Microsoft-Windows-Sysmon,2,,['mordorDataset'],Microsoft-Windows-Sysmon/Operational,{5770385F-C22A-43E0-BF4C-06F5698FFBD9},3,304260,WORKSTATION6.theshire.local,,,udp,1416,im_msvistalog,53997,,2020-08-05 02:10:07,,52346.0,INFO,3240,,0,2020-08-05T06:10:08.862Z,3,,INFO,2020-08-05 02:10:08,,,,S-1-5-18,,{7d3be4b5-0dec-5f2a-1f00-000000000400},,-,NT AUTHORITY,SYSTEM,C:\Windows\System32\svchost.exe,User,,,,,,,,,,,,,,,,,,,,,,,,,,,,,,,,,,,,,,,,,,,,,,,,False,-,-,NT AUTHORITY\NETWORK SERVICE,-,-,172.18.39.6,53.0,False,172.18.38.5,True,,,,,,,,,,,,,,,,,,,,,,,,,,,,,,,,,,,,,,0,0,1,1,0,0,3,True
2020-08-05 06:10:06,376,1,-9223372036854775808,4336,5,,wec.internal.cloudapp.net,,"Network connection detected:
RuleName: -
UtcTime: 2020-08-05 06:10:06.528
ProcessGuid: {7d3be4b5-0de3-5f2a-0100-000000000400}
ProcessId: 4
Image: System
User: NT AUTHORITY\SYSTEM
Protocol: tcp
Initiated: true
SourceIsIpv6: false
SourceIp: 172.18.39.6
SourceHostname: -
SourcePort: 49837
SourcePortName: -
DestinationIsIpv6: false
DestinationIp: 172.18.38.5
DestinationHostname: -
DestinationPort: 445
DestinationPortName: -",eventlog,Microsoft-Windows-Sysmon,2,,['mordorDataset'],Microsoft-Windows-Sysmon/Operational,{5770385F-C22A-43E0-BF4C-06F5698FFBD9},3,304261,WORKSTATION6.theshire.local,,,tcp,4,im_msvistalog,53997,,2020-08-05 02:10:07,,49837.0,INFO,3240,,0,2020-08-05T06:10:08.863Z,3,,INFO,2020-08-05 02:10:08,,,,S-1-5-18,,{7d3be4b5-0de3-5f2a-0100-000000000400},,-,NT AUTHORITY,SYSTEM,System,User,,,,,,,,,,,,,,,,,,,,,,,,,,,,,,,,,,,,,,,,,,,,,,,,False,-,-,NT AUTHORITY\SYSTEM,-,-,172.18.39.6,445.0,False,172.18.38.5,True,,,,,,,,,,,,,,,,,,,,,,,,,,,,,,,,,,,,,,0,0,1,1,0,0,3,True
2020-08-05 06:10:06,171,1,-9223372036854775808,4452,3,,wec.internal.cloudapp.net,,"Process accessed:
RuleName: -
UtcTime: 2020-08-05 06:10:06.438
SourceProcessGUID: {8715b604-0dea-5f2a-0e00-000000000400}
SourceProcessId: 884
SourceThreadId: 1064
SourceImage: C:\windows\system32\svchost.exe
TargetProcessGUID: {8715b604-2975-5f2a-9603-000000000400}
TargetProcessId: 6244
TargetImage: C:\Windows\SystemApps\InputApp_cw5n1h2txyewy\WindowsInternal.ComposableShell.Experiences.TextInput.InputApp.exe
GrantedAccess: 0x1000
CallTrace: C:\windows\SYSTEM32\ntdll.dll+9c534|C:\windows\SYSTEM32\psmserviceexthost.dll+222a3|C:\windows\SYSTEM32\psmserviceexthost.dll+37ea0|C:\windows\SYSTEM32\psmserviceexthost.dll+37929|C:\windows\SYSTEM32\psmserviceexthost.dll+686f8|C:\windows\SYSTEM32\psmserviceexthost.dll+6e84a|C:\windows\SYSTEM32\psmserviceexthost.dll+6f700|C:\windows\SYSTEM32\psmserviceexthost.dll+34be4|C:\windows\SYSTEM32\psmserviceexthost.dll+6f63e|C:\windows\SYSTEM32\psmserviceexthost.dll+713b5|C:\windows\SYSTEM32\psmserviceexthost.dll+50bda|C:\windows\SYSTEM32\psmserviceexthost.dll+4500a|C:\windows\System32\KERNEL32.DLL+17bd4|C:\windows\SYSTEM32\ntdll.dll+6ce51",eventlog,Microsoft-Windows-Sysmon,2,,['mordorDataset'],Microsoft-Windows-Sysmon/Operational,{5770385F-C22A-43E0-BF4C-06F5698FFBD9},10,479991,WORKSTATION5.theshire.local,,,,884,im_msvistalog,53997,,2020-08-05 02:10:06,,,INFO,3484,,0,2020-08-05T06:10:07.808Z,10,,INFO,2020-08-05 02:10:07,,,,S-1-5-18,,,,-,NT AUTHORITY,SYSTEM,,User,,,,,,,,,,,,,,,,,,,,,,,,,,,,,,,,,,,,,,,,,,,,,,,,,,,,,,,,,,,,{8715b604-0dea-5f2a-0e00-000000000400},0x1000,6244,{8715b604-2975-5f2a-9603-000000000400},C:\Windows\SystemApps\InputApp_cw5n1h2txyewy\WindowsInternal.ComposableShell.Experiences.TextInput.InputApp.exe,C:\windows\SYSTEM32\ntdll.dll+9c534|C:\windows\SYSTEM32\psmserviceexthost.dll+222a3|C:\windows\SYSTEM32\psmserviceexthost.dll+37ea0|C:\windows\SYSTEM32\psmserviceexthost.dll+37929|C:\windows\SYSTEM32\psmserviceexthost.dll+686f8|C:\windows\SYSTEM32\psmserviceexthost.dll+6e84a|C:\windows\SYSTEM32\psmserviceexthost.dll+6f700|C:\windows\SYSTEM32\psmserviceexthost.dll+34be4|C:\windows\SYSTEM32\psmserviceexthost.dll+6f63e|C:\windows\SYSTEM32\psmserviceexthost.dll+713b5|C:\windows\SYSTEM32\psmserviceexthost.dll+50bda|C:\windows\SYSTEM32\psmserviceexthost.dll+4500a|C:\windows\System32\KERNEL32.DLL+17bd4|C:\windows\SYSTEM32\ntdll.dll+6ce51,1064.0,884,C:\windows\system32\svchost.exe,,,,,,,,,,,,,,,,,,,,,,,,,,,,0,0,1,1,0,0,3,True
2020-08-05 06:10:06,165,1,-9223372036854775808,4452,3,,wec.internal.cloudapp.net,,"Process accessed:
RuleName: -
UtcTime: 2020-08-05 06:10:06.438
SourceProcessGUID: {8715b604-0dea-5f2a-0e00-000000000400}
SourceProcessId: 884
SourceThreadId: 1064
SourceImage: C:\windows\system32\svchost.exe
TargetProcessGUID: {8715b604-104c-5f2a-c702-000000000400}
TargetProcessId: 4400
TargetImage: C:\Windows\SystemApps\InputApp_cw5n1h2txyewy\WindowsInternal.ComposableShell.Experiences.TextInput.InputApp.exe
GrantedAccess: 0x1000
CallTrace: C:\windows\SYSTEM32\ntdll.dll+9c534|C:\windows\SYSTEM32\psmserviceexthost.dll+222a3|C:\windows\SYSTEM32\psmserviceexthost.dll+37ea0|C:\windows\SYSTEM32\psmserviceexthost.dll+37929|C:\windows\SYSTEM32\psmserviceexthost.dll+686f8|C:\windows\SYSTEM32\psmserviceexthost.dll+6e84a|C:\windows\SYSTEM32\psmserviceexthost.dll+6f700|C:\windows\SYSTEM32\psmserviceexthost.dll+34be4|C:\windows\SYSTEM32\psmserviceexthost.dll+6f63e|C:\windows\SYSTEM32\psmserviceexthost.dll+713b5|C:\windows\SYSTEM32\psmserviceexthost.dll+50bda|C:\windows\SYSTEM32\psmserviceexthost.dll+4500a|C:\windows\System32\KERNEL32.DLL+17bd4|C:\windows\SYSTEM32\ntdll.dll+6ce51",eventlog,Microsoft-Windows-Sysmon,2,,['mordorDataset'],Microsoft-Windows-Sysmon/Operational,{5770385F-C22A-43E0-BF4C-06F5698FFBD9},10,479988,WORKSTATION5.theshire.local,,,,884,im_msvistalog,53997,,2020-08-05 02:10:06,,,INFO,3484,,0,2020-08-05T06:10:07.806Z,10,,INFO,2020-08-05 02:10:07,,,,S-1-5-18,,,,-,NT AUTHORITY,SYSTEM,,User,,,,,,,,,,,,,,,,,,,,,,,,,,,,,,,,,,,,,,,,,,,,,,,,,,,,,,,,,,,,{8715b604-0dea-5f2a-0e00-000000000400},0x1000,4400,{8715b604-104c-5f2a-c702-000000000400},C:\Windows\SystemApps\InputApp_cw5n1h2txyewy\WindowsInternal.ComposableShell.Experiences.TextInput.InputApp.exe,C:\windows\SYSTEM32\ntdll.dll+9c534|C:\windows\SYSTEM32\psmserviceexthost.dll+222a3|C:\windows\SYSTEM32\psmserviceexthost.dll+37ea0|C:\windows\SYSTEM32\psmserviceexthost.dll+37929|C:\windows\SYSTEM32\psmserviceexthost.dll+686f8|C:\windows\SYSTEM32\psmserviceexthost.dll+6e84a|C:\windows\SYSTEM32\psmserviceexthost.dll+6f700|C:\windows\SYSTEM32\psmserviceexthost.dll+34be4|C:\windows\SYSTEM32\psmserviceexthost.dll+6f63e|C:\windows\SYSTEM32\psmserviceexthost.dll+713b5|C:\windows\SYSTEM32\psmserviceexthost.dll+50bda|C:\windows\SYSTEM32\psmserviceexthost.dll+4500a|C:\windows\System32\KERNEL32.DLL+17bd4|C:\windows\SYSTEM32\ntdll.dll+6ce51,1064.0,884,C:\windows\system32\svchost.exe,,,,,,,,,,,,,,,,,,,,,,,,,,,,0,0,1,1,0,0,3,True
2020-08-05 06:10:06,169,1,-9223372036854775808,4452,3,,wec.internal.cloudapp.net,,"Process accessed:
RuleName: -
UtcTime: 2020-08-05 06:10:06.438
SourceProcessGUID: {8715b604-0dea-5f2a-0e00-000000000400}
SourceProcessId: 884
SourceThreadId: 1064
SourceImage: C:\windows\system32\svchost.exe
TargetProcessGUID: {8715b604-2bdc-5f2a-e503-000000000400}
TargetProcessId: 6408
TargetImage: C:\Windows\SystemApps\Microsoft.Windows.SecHealthUI_cw5n1h2txyewy\SecHealthUI.exe
GrantedAccess: 0x1000
CallTrace: C:\windows\SYSTEM32\ntdll.dll+9c534|C:\windows\SYSTEM32\psmserviceexthost.dll+222a3|C:\windows\SYSTEM32\psmserviceexthost.dll+37ea0|C:\windows\SYSTEM32\psmserviceexthost.dll+37929|C:\windows\SYSTEM32\psmserviceexthost.dll+686f8|C:\windows\SYSTEM32\psmserviceexthost.dll+6e84a|C:\windows\SYSTEM32\psmserviceexthost.dll+6f700|C:\windows\SYSTEM32\psmserviceexthost.dll+34be4|C:\windows\SYSTEM32\psmserviceexthost.dll+6f63e|C:\windows\SYSTEM32\psmserviceexthost.dll+713b5|C:\windows\SYSTEM32\psmserviceexthost.dll+50bda|C:\windows\SYSTEM32\psmserviceexthost.dll+4500a|C:\windows\System32\KERNEL32.DLL+17bd4|C:\windows\SYSTEM32\ntdll.dll+6ce51",eventlog,Microsoft-Windows-Sysmon,2,,['mordorDataset'],Microsoft-Windows-Sysmon/Operational,{5770385F-C22A-43E0-BF4C-06F5698FFBD9},10,479990,WORKSTATION5.theshire.local,,,,884,im_msvistalog,53997,,2020-08-05 02:10:06,,,INFO,3484,,0,2020-08-05T06:10:07.808Z,10,,INFO,2020-08-05 02:10:07,,,,S-1-5-18,,,,-,NT AUTHORITY,SYSTEM,,User,,,,,,,,,,,,,,,,,,,,,,,,,,,,,,,,,,,,,,,,,,,,,,,,,,,,,,,,,,,,{8715b604-0dea-5f2a-0e00-000000000400},0x1000,6408,{8715b604-2bdc-5f2a-e503-000000000400},C:\Windows\SystemApps\Microsoft.Windows.SecHealthUI_cw5n1h2txyewy\SecHealthUI.exe,C:\windows\SYSTEM32\ntdll.dll+9c534|C:\windows\SYSTEM32\psmserviceexthost.dll+222a3|C:\windows\SYSTEM32\psmserviceexthost.dll+37ea0|C:\windows\SYSTEM32\psmserviceexthost.dll+37929|C:\windows\SYSTEM32\psmserviceexthost.dll+686f8|C:\windows\SYSTEM32\psmserviceexthost.dll+6e84a|C:\windows\SYSTEM32\psmserviceexthost.dll+6f700|C:\windows\SYSTEM32\psmserviceexthost.dll+34be4|C:\windows\SYSTEM32\psmserviceexthost.dll+6f63e|C:\windows\SYSTEM32\psmserviceexthost.dll+713b5|C:\windows\SYSTEM32\psmserviceexthost.dll+50bda|C:\windows\SYSTEM32\psmserviceexthost.dll+4500a|C:\windows\System32\KERNEL32.DLL+17bd4|C:\windows\SYSTEM32\ntdll.dll+6ce51,1064.0,884,C:\windows\system32\svchost.exe,,,,,,,,,,,,,,,,,,,,,,,,,,,,0,0,1,0,0,0,2,True
2020-08-05 06:10:06,152,1,-9223372036854775808,4256,2,,wec.internal.cloudapp.net,,"RawAccessRead detected:
RuleName: -
UtcTime: 2020-08-05 06:10:06.579
ProcessGuid: {2b437147-0bab-5f2a-0c00-000000000400}
ProcessId: 704
Image: C:\Windows\System32\lsass.exe
Device: \Device\HarddiskVolume1",eventlog,Microsoft-Windows-Sysmon,2,,['mordorDataset'],Microsoft-Windows-Sysmon/Operational,{5770385F-C22A-43E0-BF4C-06F5698FFBD9},9,284959,MORDORDC.theshire.local,,,,704,im_msvistalog,53997,,2020-08-05 02:10:06,,,INFO,3868,,0,2020-08-05T06:10:07.803Z,9,,INFO,2020-08-05 02:10:07,,,,S-1-5-18,,{2b437147-0bab-5f2a-0c00-000000000400},,-,NT AUTHORITY,SYSTEM,C:\Windows\System32\lsass.exe,User,\Device\HarddiskVolume1,,,,,,,,,,,,,,,,,,,,,,,,,,,,,,,,,,,,,,,,,,,,,,,,,,,,,,,,,,,,,,,,,,,,,,,,,,,,,,,,,,,,,,,,,,,,,,,0,0,1,0,0,0,3,True
2020-08-05 06:10:06,154,1,-9223372036854775808,4256,2,,wec.internal.cloudapp.net,,"RawAccessRead detected:
RuleName: -
UtcTime: 2020-08-05 06:10:06.579
ProcessGuid: {2b437147-0bab-5f2a-0c00-000000000400}
ProcessId: 704
Image: C:\Windows\System32\lsass.exe
Device: \Device\HarddiskVolume1",eventlog,Microsoft-Windows-Sysmon,2,,['mordorDataset'],Microsoft-Windows-Sysmon/Operational,{5770385F-C22A-43E0-BF4C-06F5698FFBD9},9,284960,MORDORDC.theshire.local,,,,704,im_msvistalog,53997,,2020-08-05 02:10:06,,,INFO,3868,,0,2020-08-05T06:10:07.804Z,9,,INFO,2020-08-05 02:10:07,,,,S-1-5-18,,{2b437147-0bab-5f2a-0c00-000000000400},,-,NT AUTHORITY,SYSTEM,C:\Windows\System32\lsass.exe,User,\Device\HarddiskVolume1,,,,,,,,,,,,,,,,,,,,,,,,,,,,,,,,,,,,,,,,,,,,,,,,,,,,,,,,,,,,,,,,,,,,,,,,,,,,,,,,,,,,,,,,,,,,,,,0,0,0,0,0,0,2,True
2020-08-05 06:10:06,166,1,-9223372036854775808,4456,2,,wec.internal.cloudapp.net,,"Registry object added or deleted:
RuleName: -
EventType: CreateKey
UtcTime: 2020-08-05 06:10:06.553
ProcessGuid: {7d3be4b5-0de9-5f2a-0c00-000000000400}
ProcessId: 748
Image: C:\windows\system32\lsass.exe
TargetObject: HKLM\System\CurrentControlSet\Services\Tcpip\Parameters",eventlog,Microsoft-Windows-Sysmon,2,,['mordorDataset'],Microsoft-Windows-Sysmon/Operational,{5770385F-C22A-43E0-BF4C-06F5698FFBD9},12,304096,WORKSTATION6.theshire.local,,,,748,im_msvistalog,53997,,2020-08-05 02:10:06,,,INFO,3240,,0,2020-08-05T06:10:07.807Z,12,,CreateKey,2020-08-05 02:10:07,,,,S-1-5-18,,{7d3be4b5-0de9-5f2a-0c00-000000000400},,-,NT AUTHORITY,SYSTEM,C:\windows\system32\lsass.exe,User,,INFO,HKLM\System\CurrentControlSet\Services\Tcpip\Parameters,,,,,,,,,,,,,,,,,,,,,,,,,,,,,,,,,,,,,,,,,,,,,,,,,,,,,,,,,,,,,,,,,,,,,,,,,,,,,,,,,,,,,,,,,,,,,0,0,0,1,0,0,3,True
2020-08-05 06:10:06,167,1,-9223372036854775808,4452,3,,wec.internal.cloudapp.net,,"Process accessed:
RuleName: -
UtcTime: 2020-08-05 06:10:06.438
SourceProcessGUID: {8715b604-0dea-5f2a-0e00-000000000400}
SourceProcessId: 884
SourceThreadId: 1064
SourceImage: C:\windows\system32\svchost.exe
TargetProcessGUID: {8715b604-2c5e-5f2a-0904-000000000400}
TargetProcessId: 2764
TargetImage: C:\Windows\ImmersiveControlPanel\SystemSettings.exe
GrantedAccess: 0x1000
CallTrace: C:\windows\SYSTEM32\ntdll.dll+9c534|C:\windows\SYSTEM32\psmserviceexthost.dll+222a3|C:\windows\SYSTEM32\psmserviceexthost.dll+37ea0|C:\windows\SYSTEM32\psmserviceexthost.dll+37929|C:\windows\SYSTEM32\psmserviceexthost.dll+686f8|C:\windows\SYSTEM32\psmserviceexthost.dll+6e84a|C:\windows\SYSTEM32\psmserviceexthost.dll+6f700|C:\windows\SYSTEM32\psmserviceexthost.dll+34be4|C:\windows\SYSTEM32\psmserviceexthost.dll+6f63e|C:\windows\SYSTEM32\psmserviceexthost.dll+713b5|C:\windows\SYSTEM32\psmserviceexthost.dll+50bda|C:\windows\SYSTEM32\psmserviceexthost.dll+4500a|C:\windows\System32\KERNEL32.DLL+17bd4|C:\windows\SYSTEM32\ntdll.dll+6ce51",eventlog,Microsoft-Windows-Sysmon,2,,['mordorDataset'],Microsoft-Windows-Sysmon/Operational,{5770385F-C22A-43E0-BF4C-06F5698FFBD9},10,479989,WORKSTATION5.theshire.local,,,,884,im_msvistalog,53997,,2020-08-05 02:10:06,,,INFO,3484,,0,2020-08-05T06:10:07.807Z,10,,INFO,2020-08-05 02:10:07,,,,S-1-5-18,,,,-,NT AUTHORITY,SYSTEM,,User,,,,,,,,,,,,,,,,,,,,,,,,,,,,,,,,,,,,,,,,,,,,,,,,,,,,,,,,,,,,{8715b604-0dea-5f2a-0e00-000000000400},0x1000,2764,{8715b604-2c5e-5f2a-0904-000000000400},C:\Windows\ImmersiveControlPanel\SystemSettings.exe,C:\windows\SYSTEM32\ntdll.dll+9c534|C:\windows\SYSTEM32\psmserviceexthost.dll+222a3|C:\windows\SYSTEM32\psmserviceexthost.dll+37ea0|C:\windows\SYSTEM32\psmserviceexthost.dll+37929|C:\windows\SYSTEM32\psmserviceexthost.dll+686f8|C:\windows\SYSTEM32\psmserviceexthost.dll+6e84a|C:\windows\SYSTEM32\psmserviceexthost.dll+6f700|C:\windows\SYSTEM32\psmserviceexthost.dll+34be4|C:\windows\SYSTEM32\psmserviceexthost.dll+6f63e|C:\windows\SYSTEM32\psmserviceexthost.dll+713b5|C:\windows\SYSTEM32\psmserviceexthost.dll+50bda|C:\windows\SYSTEM32\psmserviceexthost.dll+4500a|C:\windows\System32\KERNEL32.DLL+17bd4|C:\windows\SYSTEM32\ntdll.dll+6ce51,1064.0,884,C:\windows\system32\svchost.exe,,,,,,,,,,,,,,,,,,,,,,,,,,,,0,0,0,1,0,0,3,True
2020-08-05 06:10:06,164,1,-9223372036854775808,4456,1,,wec.internal.cloudapp.net,,"Pipe Connected:
RuleName: -
EventType: ConnectPipe
UtcTime: 2020-08-05 06:10:06.553
ProcessGuid: {7d3be4b5-0def-5f2a-3f00-000000000400}
ProcessId: 2724
PipeName: \lsass
Image: C:\windows\System32\svchost.exe",eventlog,Microsoft-Windows-Sysmon,2,,['mordorDataset'],Microsoft-Windows-Sysmon/Operational,{5770385F-C22A-43E0-BF4C-06F5698FFBD9},18,304095,WORKSTATION6.theshire.local,,,,2724,im_msvistalog,53997,,2020-08-05 02:10:06,,,INFO,3240,,0,2020-08-05T06:10:07.806Z,18,,ConnectPipe,2020-08-05 02:10:07,,,,S-1-5-18,,{7d3be4b5-0def-5f2a-3f00-000000000400},,-,NT AUTHORITY,SYSTEM,C:\windows\System32\svchost.exe,User,,INFO,,,,,,,,,,,,,,,,,,,,,,,,,,,,,,,,,,,,,,,,,,,,,,,,,,,,,,,,,,,,,,,,,,,,,,,,,,,,,,,,,,,,,,,,,\lsass,,,,,0,0,0,1,0,0,4,True
2020-08-05 06:10:07,300,1,-9223372036854775808,4456,2,,wec.internal.cloudapp.net,,"Registry value set:
RuleName: -
EventType: SetValue
UtcTime: 2020-08-05 06:10:07.100
ProcessGuid: {7d3be4b5-0df0-5f2a-4500-000000000400}
ProcessId: 2752
Image: C:\windows\System32\svchost.exe
TargetObject: HKLM\SOFTWARE\Microsoft\Windows\CurrentVersion\Diagnostics\DiagTrack\HeartBeats\Default\EnteringCriticalOverflowDroppedCounter
Details: DWORD (0x00000000)",eventlog,Microsoft-Windows-Sysmon,2,,['mordorDataset'],Microsoft-Windows-Sysmon/Operational,{5770385F-C22A-43E0-BF4C-06F5698FFBD9},13,304195,WORKSTATION6.theshire.local,,,,2752,im_msvistalog,53997,,2020-08-05 02:10:07,,,INFO,3240,,0,2020-08-05T06:10:07.842Z,13,,SetValue,2020-08-05 02:10:07,,,,S-1-5-18,,{7d3be4b5-0df0-5f2a-4500-000000000400},,-,NT AUTHORITY,SYSTEM,C:\windows\System32\svchost.exe,User,,INFO,HKLM\SOFTWARE\Microsoft\Windows\CurrentVersion\Diagnostics\DiagTrack\HeartBeats\Default\EnteringCriticalOverflowDroppedCounter,,,,,,,,,,,,,,,,,,,,,,,,,,,,,,,,,,,,,,,,,,,,,,,,,,,,,,,,DWORD (0x00000000),,,,,,,,,,,,,,,,,,,,,,,,,,,,,,,,,,,,,0,0,0,1,1,0,5,True
2020-08-05 06:10:07,318,1,-9223372036854775808,4456,2,,wec.internal.cloudapp.net,,"Registry object added or deleted:
RuleName: -
EventType: CreateKey
UtcTime: 2020-08-05 06:10:07.429
ProcessGuid: {7d3be4b5-0df0-5f2a-4500-000000000400}
ProcessId: 2752
Image: C:\windows\System32\svchost.exe
TargetObject: HKLM\SOFTWARE",eventlog,Microsoft-Windows-Sysmon,2,,['mordorDataset'],Microsoft-Windows-Sysmon/Operational,{5770385F-C22A-43E0-BF4C-06F5698FFBD9},12,304213,WORKSTATION6.theshire.local,,,,2752,im_msvistalog,53997,,2020-08-05 02:10:07,,,INFO,3240,,0,2020-08-05T06:10:07.847Z,12,,CreateKey,2020-08-05 02:10:07,,,,S-1-5-18,,{7d3be4b5-0df0-5f2a-4500-000000000400},,-,NT AUTHORITY,SYSTEM,C:\windows\System32\svchost.exe,User,,INFO,HKLM\SOFTWARE,,,,,,,,,,,,,,,,,,,,,,,,,,,,,,,,,,,,,,,,,,,,,,,,,,,,,,,,,,,,,,,,,,,,,,,,,,,,,,,,,,,,,,,,,,,,,0,0,0,1,1,0,4,True
2020-08-05 06:10:07,319,1,-9223372036854775808,4456,2,,wec.internal.cloudapp.net,,"Registry object added or deleted:
RuleName: -
EventType: CreateKey
UtcTime: 2020-08-05 06:10:07.429
ProcessGuid: {7d3be4b5-0df0-5f2a-4500-000000000400}
ProcessId: 2752
Image: C:\windows\System32\svchost.exe
TargetObject: HKLM\SOFTWARE\Microsoft",eventlog,Microsoft-Windows-Sysmon,2,,['mordorDataset'],Microsoft-Windows-Sysmon/Operational,{5770385F-C22A-43E0-BF4C-06F5698FFBD9},12,304214,WORKSTATION6.theshire.local,,,,2752,im_msvistalog,53997,,2020-08-05 02:10:07,,,INFO,3240,,0,2020-08-05T06:10:07.847Z,12,,CreateKey,2020-08-05 02:10:07,,,,S-1-5-18,,{7d3be4b5-0df0-5f2a-4500-000000000400},,-,NT AUTHORITY,SYSTEM,C:\windows\System32\svchost.exe,User,,INFO,HKLM\SOFTWARE\Microsoft,,,,,,,,,,,,,,,,,,,,,,,,,,,,,,,,,,,,,,,,,,,,,,,,,,,,,,,,,,,,,,,,,,,,,,,,,,,,,,,,,,,,,,,,,,,,,0,0,0,1,1,0,4,True
2020-08-05 06:10:07,320,1,-9223372036854775808,4456,2,,wec.internal.cloudapp.net,,"Registry object added or deleted:
RuleName: -
EventType: CreateKey
UtcTime: 2020-08-05 06:10:07.429
ProcessGuid: {7d3be4b5-0df0-5f2a-4500-000000000400}
ProcessId: 2752
Image: C:\windows\System32\svchost.exe
TargetObject: HKLM\SOFTWARE\Microsoft\SystemCertificates",eventlog,Microsoft-Windows-Sysmon,2,,['mordorDataset'],Microsoft-Windows-Sysmon/Operational,{5770385F-C22A-43E0-BF4C-06F5698FFBD9},12,304215,WORKSTATION6.theshire.local,,,,2752,im_msvistalog,53997,,2020-08-05 02:10:07,,,INFO,3240,,0,2020-08-05T06:10:07.847Z,12,,CreateKey,2020-08-05 02:10:07,,,,S-1-5-18,,{7d3be4b5-0df0-5f2a-4500-000000000400},,-,NT AUTHORITY,SYSTEM,C:\windows\System32\svchost.exe,User,,INFO,HKLM\SOFTWARE\Microsoft\SystemCertificates,,,,,,,,,,,,,,,,,,,,,,,,,,,,,,,,,,,,,,,,,,,,,,,,,,,,,,,,,,,,,,,,,,,,,,,,,,,,,,,,,,,,,,,,,,,,,0,0,0,1,1,0,3,True
2020-08-05 06:10:07,321,1,-9223372036854775808,4456,2,,wec.internal.cloudapp.net,,"Registry object added or deleted:
RuleName: -
EventType: CreateKey
UtcTime: 2020-08-05 06:10:07.429
ProcessGuid: {7d3be4b5-0df0-5f2a-4500-000000000400}
ProcessId: 2752
Image: C:\windows\System32\svchost.exe
TargetObject: HKLM\SOFTWARE",eventlog,Microsoft-Windows-Sysmon,2,,['mordorDataset'],Microsoft-Windows-Sysmon/Operational,{5770385F-C22A-43E0-BF4C-06F5698FFBD9},12,304216,WORKSTATION6.theshire.local,,,,2752,im_msvistalog,53997,,2020-08-05 02:10:07,,,INFO,3240,,0,2020-08-05T06:10:07.847Z,12,,CreateKey,2020-08-05 02:10:07,,,,S-1-5-18,,{7d3be4b5-0df0-5f2a-4500-000000000400},,-,NT AUTHORITY,SYSTEM,C:\windows\System32\svchost.exe,User,,INFO,HKLM\SOFTWARE,,,,,,,,,,,,,,,,,,,,,,,,,,,,,,,,,,,,,,,,,,,,,,,,,,,,,,,,,,,,,,,,,,,,,,,,,,,,,,,,,,,,,,,,,,,,,0,0,0,1,1,0,2,True
2020-08-05 06:10:07,322,1,-9223372036854775808,4456,2,,wec.internal.cloudapp.net,,"Registry object added or deleted:
RuleName: -
EventType: CreateKey
UtcTime: 2020-08-05 06:10:07.429
ProcessGuid: {7d3be4b5-0df0-5f2a-4500-000000000400}
ProcessId: 2752
Image: C:\windows\System32\svchost.exe
TargetObject: HKLM\SOFTWARE\Microsoft",eventlog,Microsoft-Windows-Sysmon,2,,['mordorDataset'],Microsoft-Windows-Sysmon/Operational,{5770385F-C22A-43E0-BF4C-06F5698FFBD9},12,304217,WORKSTATION6.theshire.local,,,,2752,im_msvistalog,53997,,2020-08-05 02:10:07,,,INFO,3240,,0,2020-08-05T06:10:07.847Z,12,,CreateKey,2020-08-05 02:10:07,,,,S-1-5-18,,{7d3be4b5-0df0-5f2a-4500-000000000400},,-,NT AUTHORITY,SYSTEM,C:\windows\System32\svchost.exe,User,,INFO,HKLM\SOFTWARE\Microsoft,,,,,,,,,,,,,,,,,,,,,,,,,,,,,,,,,,,,,,,,,,,,,,,,,,,,,,,,,,,,,,,,,,,,,,,,,,,,,,,,,,,,,,,,,,,,,0,0,0,1,0,0,1,True
2020-08-05 06:10:07,323,1,-9223372036854775808,4456,2,,wec.internal.cloudapp.net,,"Registry object added or deleted:
RuleName: -
EventType: CreateKey
UtcTime: 2020-08-05 06:10:07.429
ProcessGuid: {7d3be4b5-0df0-5f2a-4500-000000000400}
ProcessId: 2752
Image: C:\windows\System32\svchost.exe
TargetObject: HKLM\SOFTWARE\Microsoft\SystemCertificates",eventlog,Microsoft-Windows-Sysmon,2,,['mordorDataset'],Microsoft-Windows-Sysmon/Operational,{5770385F-C22A-43E0-BF4C-06F5698FFBD9},12,304218,WORKSTATION6.theshire.local,,,,2752,im_msvistalog,53997,,2020-08-05 02:10:07,,,INFO,3240,,0,2020-08-05T06:10:07.847Z,12,,CreateKey,2020-08-05 02:10:07,,,,S-1-5-18,,{7d3be4b5-0df0-5f2a-4500-000000000400},,-,NT AUTHORITY,SYSTEM,C:\windows\System32\svchost.exe,User,,INFO,HKLM\SOFTWARE\Microsoft\SystemCertificates,,,,,,,,,,,,,,,,,,,,,,,,,,,,,,,,,,,,,,,,,,,,,,,,,,,,,,,,,,,,,,,,,,,,,,,,,,,,,,,,,,,,,,,,,,,,,0,0,0,1,0,0,1,True
2020-08-05 06:10:07,324,1,-9223372036854775808,4456,2,,wec.internal.cloudapp.net,,"Registry object added or deleted:
RuleName: -
EventType: CreateKey
UtcTime: 2020-08-05 06:10:07.429
ProcessGuid: {7d3be4b5-0df0-5f2a-4500-000000000400}
ProcessId: 2752
Image: C:\windows\System32\svchost.exe
TargetObject: HKLM\SOFTWARE",eventlog,Microsoft-Windows-Sysmon,2,,['mordorDataset'],Microsoft-Windows-Sysmon/Operational,{5770385F-C22A-43E0-BF4C-06F5698FFBD9},12,304219,WORKSTATION6.theshire.local,,,,2752,im_msvistalog,53997,,2020-08-05 02:10:07,,,INFO,3240,,0,2020-08-05T06:10:07.848Z,12,,CreateKey,2020-08-05 02:10:07,,,,S-1-5-18,,{7d3be4b5-0df0-5f2a-4500-000000000400},,-,NT AUTHORITY,SYSTEM,C:\windows\System32\svchost.exe,User,,INFO,HKLM\SOFTWARE,,,,,,,,,,,,,,,,,,,,,,,,,,,,,,,,,,,,,,,,,,,,,,,,,,,,,,,,,,,,,,,,,,,,,,,,,,,,,,,,,,,,,,,,,,,,,0,0,0,1,0,0,1,True
2020-08-05 06:10:07,325,1,-9223372036854775808,4456,2,,wec.internal.cloudapp.net,,"Registry object added or deleted:
RuleName: -
EventType: CreateKey
UtcTime: 2020-08-05 06:10:07.429
ProcessGuid: {7d3be4b5-0df0-5f2a-4500-000000000400}
ProcessId: 2752
Image: C:\windows\System32\svchost.exe
TargetObject: HKLM\SOFTWARE\Microsoft",eventlog,Microsoft-Windows-Sysmon,2,,['mordorDataset'],Microsoft-Windows-Sysmon/Operational,{5770385F-C22A-43E0-BF4C-06F5698FFBD9},12,304220,WORKSTATION6.theshire.local,,,,2752,im_msvistalog,53997,,2020-08-05 02:10:07,,,INFO,3240,,0,2020-08-05T06:10:07.848Z,12,,CreateKey,2020-08-05 02:10:07,,,,S-1-5-18,,{7d3be4b5-0df0-5f2a-4500-000000000400},,-,NT AUTHORITY,SYSTEM,C:\windows\System32\svchost.exe,User,,INFO,HKLM\SOFTWARE\Microsoft,,,,,,,,,,,,,,,,,,,,,,,,,,,,,,,,,,,,,,,,,,,,,,,,,,,,,,,,,,,,,,,,,,,,,,,,,,,,,,,,,,,,,,,,,,,,,0,0,0,1,0,0,1,True
2020-08-05 06:10:07,326,1,-9223372036854775808,4456,2,,wec.internal.cloudapp.net,,"Registry object added or deleted:
RuleName: -
EventType: CreateKey
UtcTime: 2020-08-05 06:10:07.429
ProcessGuid: {7d3be4b5-0df0-5f2a-4500-000000000400}
ProcessId: 2752
Image: C:\windows\System32\svchost.exe
TargetObject: HKLM\SOFTWARE\Microsoft\EnterpriseCertificates",eventlog,Microsoft-Windows-Sysmon,2,,['mordorDataset'],Microsoft-Windows-Sysmon/Operational,{5770385F-C22A-43E0-BF4C-06F5698FFBD9},12,304221,WORKSTATION6.theshire.local,,,,2752,im_msvistalog,53997,,2020-08-05 02:10:07,,,INFO,3240,,0,2020-08-05T06:10:07.849Z,12,,CreateKey,2020-08-05 02:10:07,,,,S-1-5-18,,{7d3be4b5-0df0-5f2a-4500-000000000400},,-,NT AUTHORITY,SYSTEM,C:\windows\System32\svchost.exe,User,,INFO,HKLM\SOFTWARE\Microsoft\EnterpriseCertificates,,,,,,,,,,,,,,,,,,,,,,,,,,,,,,,,,,,,,,,,,,,,,,,,,,,,,,,,,,,,,,,,,,,,,,,,,,,,,,,,,,,,,,,,,,,,,0,0,0,1,0,0,1,True
2020-08-05 06:10:07,327,1,-9223372036854775808,4456,2,,wec.internal.cloudapp.net,,"Registry object added or deleted:
RuleName: -
EventType: CreateKey
UtcTime: 2020-08-05 06:10:07.429
ProcessGuid: {7d3be4b5-0df0-5f2a-4500-000000000400}
ProcessId: 2752
Image: C:\windows\System32\svchost.exe
TargetObject: HKLM\SOFTWARE",eventlog,Microsoft-Windows-Sysmon,2,,['mordorDataset'],Microsoft-Windows-Sysmon/Operational,{5770385F-C22A-43E0-BF4C-06F5698FFBD9},12,304222,WORKSTATION6.theshire.local,,,,2752,im_msvistalog,53997,,2020-08-05 02:10:07,,,INFO,3240,,0,2020-08-05T06:10:07.849Z,12,,CreateKey,2020-08-05 02:10:07,,,,S-1-5-18,,{7d3be4b5-0df0-5f2a-4500-000000000400},,-,NT AUTHORITY,SYSTEM,C:\windows\System32\svchost.exe,User,,INFO,HKLM\SOFTWARE,,,,,,,,,,,,,,,,,,,,,,,,,,,,,,,,,,,,,,,,,,,,,,,,,,,,,,,,,,,,,,,,,,,,,,,,,,,,,,,,,,,,,,,,,,,,,0,0,0,1,0,0,1,True
2020-08-05 06:10:07,328,1,-9223372036854775808,4456,2,,wec.internal.cloudapp.net,,"Registry object added or deleted:
RuleName: -
EventType: CreateKey
UtcTime: 2020-08-05 06:10:07.429
ProcessGuid: {7d3be4b5-0df0-5f2a-4500-000000000400}
ProcessId: 2752
Image: C:\windows\System32\svchost.exe
TargetObject: HKLM\SOFTWARE\Microsoft",eventlog,Microsoft-Windows-Sysmon,2,,['mordorDataset'],Microsoft-Windows-Sysmon/Operational,{5770385F-C22A-43E0-BF4C-06F5698FFBD9},12,304223,WORKSTATION6.theshire.local,,,,2752,im_msvistalog,53997,,2020-08-05 02:10:07,,,INFO,3240,,0,2020-08-05T06:10:07.849Z,12,,CreateKey,2020-08-05 02:10:07,,,,S-1-5-18,,{7d3be4b5-0df0-5f2a-4500-000000000400},,-,NT AUTHORITY,SYSTEM,C:\windows\System32\svchost.exe,User,,INFO,HKLM\SOFTWARE\Microsoft,,,,,,,,,,,,,,,,,,,,,,,,,,,,,,,,,,,,,,,,,,,,,,,,,,,,,,,,,,,,,,,,,,,,,,,,,,,,,,,,,,,,,,,,,,,,,0,0,0,1,0,0,1,True
2020-08-05 06:10:07,329,1,-9223372036854775808,4456,2,,wec.internal.cloudapp.net,,"Registry object added or deleted:
RuleName: -
EventType: CreateKey
UtcTime: 2020-08-05 06:10:07.429
ProcessGuid: {7d3be4b5-0df0-5f2a-4500-000000000400}
ProcessId: 2752
Image: C:\windows\System32\svchost.exe
TargetObject: HKLM\SOFTWARE\Microsoft\EnterpriseCertificates",eventlog,Microsoft-Windows-Sysmon,2,,['mordorDataset'],Microsoft-Windows-Sysmon/Operational,{5770385F-C22A-43E0-BF4C-06F5698FFBD9},12,304224,WORKSTATION6.theshire.local,,,,2752,im_msvistalog,53997,,2020-08-05 02:10:07,,,INFO,3240,,0,2020-08-05T06:10:07.850Z,12,,CreateKey,2020-08-05 02:10:07,,,,S-1-5-18,,{7d3be4b5-0df0-5f2a-4500-000000000400},,-,NT AUTHORITY,SYSTEM,C:\windows\System32\svchost.exe,User,,INFO,HKLM\SOFTWARE\Microsoft\EnterpriseCertificates,,,,,,,,,,,,,,,,,,,,,,,,,,,,,,,,,,,,,,,,,,,,,,,,,,,,,,,,,,,,,,,,,,,,,,,,,,,,,,,,,,,,,,,,,,,,,0,0,0,1,0,0,1,True
