2020-08-05 06:10:08,405,1,-9223372036854775808,4456,2,,wec.internal.cloudapp.net,,"Registry object added or deleted:
RuleName: -
EventType: CreateKey
UtcTime: 2020-08-05 06:10:08.445
ProcessGuid: {7d3be4b5-0df0-5f2a-4500-000000000400}
ProcessId: 2752
Image: C:\windows\System32\svchost.exe
TargetObject: HKLM\SOFTWARE\Microsoft\Windows\CurrentVersion\Diagnostics\DiagTrack\SettingsRequests\utc.tracing",eventlog,Microsoft-Windows-Sysmon,2,,['mordorDataset'],Microsoft-Windows-Sysmon/Operational,{5770385F-C22A-43E0-BF4C-06F5698FFBD9},12,304290,WORKSTATION6.theshire.local,,,,2752,im_msvistalog,53997,,2020-08-05 02:10:08,,,INFO,3240,,0,2020-08-05T06:10:08.872Z,12,,CreateKey,2020-08-05 02:10:08,,,,S-1-5-18,,{7d3be4b5-0df0-5f2a-4500-000000000400},,-,NT AUTHORITY,SYSTEM,C:\windows\System32\svchost.exe,User,,INFO,HKLM\SOFTWARE\Microsoft\Windows\CurrentVersion\Diagnostics\DiagTrack\SettingsRequests\utc.tracing,,,,,,,,,,,,,,,,,,,,,,,,,,,,,,,,,,,,,,,,,,,,,,,,,,,,,,,,,,,,,,,,,,,,,,,,,,,,,,,,,,,,,,,,,,,,,0,0,0,1,1,0,3,True
2020-08-05 06:10:08,406,1,-9223372036854775808,4456,2,,wec.internal.cloudapp.net,,"Registry value set:
RuleName: -
EventType: SetValue
UtcTime: 2020-08-05 06:10:08.445
ProcessGuid: {7d3be4b5-0df0-5f2a-4500-000000000400}
ProcessId: 2752
Image: C:\windows\System32\svchost.exe
TargetObject: HKLM\SOFTWARE\Microsoft\Windows\CurrentVersion\Diagnostics\DiagTrack\SettingsRequests\utc.tracing\SettingsType
Details: DWORD (0x00000001)",eventlog,Microsoft-Windows-Sysmon,2,,['mordorDataset'],Microsoft-Windows-Sysmon/Operational,{5770385F-C22A-43E0-BF4C-06F5698FFBD9},13,304291,WORKSTATION6.theshire.local,,,,2752,im_msvistalog,53997,,2020-08-05 02:10:08,,,INFO,3240,,0,2020-08-05T06:10:08.872Z,13,,SetValue,2020-08-05 02:10:08,,,,S-1-5-18,,{7d3be4b5-0df0-5f2a-4500-000000000400},,-,NT AUTHORITY,SYSTEM,C:\windows\System32\svchost.exe,User,,INFO,HKLM\SOFTWARE\Microsoft\Windows\CurrentVersion\Diagnostics\DiagTrack\SettingsRequests\utc.tracing\SettingsType,,,,,,,,,,,,,,,,,,,,,,,,,,,,,,,,,,,,,,,,,,,,,,,,,,,,,,,,DWORD (0x00000001),,,,,,,,,,,,,,,,,,,,,,,,,,,,,,,,,,,,,0,0,0,1,1,0,3,True
2020-08-05 06:10:08,407,1,-9223372036854775808,4456,2,,wec.internal.cloudapp.net,,"Registry object added or deleted:
RuleName: -
EventType: CreateKey
UtcTime: 2020-08-05 06:10:08.445
ProcessGuid: {7d3be4b5-0df0-5f2a-4500-000000000400}
ProcessId: 2752
Image: C:\windows\System32\svchost.exe
TargetObject: HKLM\SOFTWARE\Microsoft\Windows\CurrentVersion\Diagnostics\DiagTrack\SettingsRequests\utc.tracing",eventlog,Microsoft-Windows-Sysmon,2,,['mordorDataset'],Microsoft-Windows-Sysmon/Operational,{5770385F-C22A-43E0-BF4C-06F5698FFBD9},12,304292,WORKSTATION6.theshire.local,,,,2752,im_msvistalog,53997,,2020-08-05 02:10:08,,,INFO,3240,,0,2020-08-05T06:10:08.873Z,12,,CreateKey,2020-08-05 02:10:08,,,,S-1-5-18,,{7d3be4b5-0df0-5f2a-4500-000000000400},,-,NT AUTHORITY,SYSTEM,C:\windows\System32\svchost.exe,User,,INFO,HKLM\SOFTWARE\Microsoft\Windows\CurrentVersion\Diagnostics\DiagTrack\SettingsRequests\utc.tracing,,,,,,,,,,,,,,,,,,,,,,,,,,,,,,,,,,,,,,,,,,,,,,,,,,,,,,,,,,,,,,,,,,,,,,,,,,,,,,,,,,,,,,,,,,,,,0,0,0,1,1,0,2,True
2020-08-05 06:10:08,410,1,-9223372036854775808,4456,2,,wec.internal.cloudapp.net,,"Registry value set:
RuleName: -
EventType: SetValue
UtcTime: 2020-08-05 06:10:08.445
ProcessGuid: {7d3be4b5-0df0-5f2a-4500-000000000400}
ProcessId: 2752
Image: C:\windows\System32\svchost.exe
TargetObject: HKLM\SOFTWARE\Microsoft\Windows\CurrentVersion\Diagnostics\DiagTrack\SettingsRequests\utc.tracing\SettingsRegistrationType
Details: DWORD (0x00000000)",eventlog,Microsoft-Windows-Sysmon,2,,['mordorDataset'],Microsoft-Windows-Sysmon/Operational,{5770385F-C22A-43E0-BF4C-06F5698FFBD9},13,304295,WORKSTATION6.theshire.local,,,,2752,im_msvistalog,53997,,2020-08-05 02:10:08,,,INFO,3240,,0,2020-08-05T06:10:08.874Z,13,,SetValue,2020-08-05 02:10:08,,,,S-1-5-18,,{7d3be4b5-0df0-5f2a-4500-000000000400},,-,NT AUTHORITY,SYSTEM,C:\windows\System32\svchost.exe,User,,INFO,HKLM\SOFTWARE\Microsoft\Windows\CurrentVersion\Diagnostics\DiagTrack\SettingsRequests\utc.tracing\SettingsRegistrationType,,,,,,,,,,,,,,,,,,,,,,,,,,,,,,,,,,,,,,,,,,,,,,,,,,,,,,,,DWORD (0x00000000),,,,,,,,,,,,,,,,,,,,,,,,,,,,,,,,,,,,,0,0,0,1,1,0,2,True
2020-08-05 06:10:08,403,1,-9223372036854775808,4456,2,,wec.internal.cloudapp.net,,"Registry object added or deleted:
RuleName: -
EventType: CreateKey
UtcTime: 2020-08-05 06:10:08.429
ProcessGuid: {7d3be4b5-0df0-5f2a-4500-000000000400}
ProcessId: 2752
Image: C:\windows\System32\svchost.exe
TargetObject: HKLM\SOFTWARE\Policies\Microsoft",eventlog,Microsoft-Windows-Sysmon,2,,['mordorDataset'],Microsoft-Windows-Sysmon/Operational,{5770385F-C22A-43E0-BF4C-06F5698FFBD9},12,304288,WORKSTATION6.theshire.local,,,,2752,im_msvistalog,53997,,2020-08-05 02:10:08,,,INFO,3240,,0,2020-08-05T06:10:08.871Z,12,,CreateKey,2020-08-05 02:10:08,,,,S-1-5-18,,{7d3be4b5-0df0-5f2a-4500-000000000400},,-,NT AUTHORITY,SYSTEM,C:\windows\System32\svchost.exe,User,,INFO,HKLM\SOFTWARE\Policies\Microsoft,,,,,,,,,,,,,,,,,,,,,,,,,,,,,,,,,,,,,,,,,,,,,,,,,,,,,,,,,,,,,,,,,,,,,,,,,,,,,,,,,,,,,,,,,,,,,0,0,0,1,1,0,2,True
2020-08-05 06:10:08,411,1,-9223372036854775808,4456,2,,wec.internal.cloudapp.net,,"Registry object added or deleted:
RuleName: -
EventType: CreateKey
UtcTime: 2020-08-05 06:10:08.445
ProcessGuid: {7d3be4b5-0df0-5f2a-4500-000000000400}
ProcessId: 2752
Image: C:\windows\System32\svchost.exe
TargetObject: HKLM\SOFTWARE\Microsoft\Windows\CurrentVersion\Diagnostics\DiagTrack\SettingsRequests\utc.tracing",eventlog,Microsoft-Windows-Sysmon,2,,['mordorDataset'],Microsoft-Windows-Sysmon/Operational,{5770385F-C22A-43E0-BF4C-06F5698FFBD9},12,304296,WORKSTATION6.theshire.local,,,,2752,im_msvistalog,53997,,2020-08-05 02:10:08,,,INFO,3240,,0,2020-08-05T06:10:08.874Z,12,,CreateKey,2020-08-05 02:10:08,,,,S-1-5-18,,{7d3be4b5-0df0-5f2a-4500-000000000400},,-,NT AUTHORITY,SYSTEM,C:\windows\System32\svchost.exe,User,,INFO,HKLM\SOFTWARE\Microsoft\Windows\CurrentVersion\Diagnostics\DiagTrack\SettingsRequests\utc.tracing,,,,,,,,,,,,,,,,,,,,,,,,,,,,,,,,,,,,,,,,,,,,,,,,,,,,,,,,,,,,,,,,,,,,,,,,,,,,,,,,,,,,,,,,,,,,,0,0,0,1,1,0,2,True
2020-08-05 06:10:08,400,1,-9223372036854775808,4456,2,,wec.internal.cloudapp.net,,"Registry object added or deleted:
RuleName: -
EventType: CreateKey
UtcTime: 2020-08-05 06:10:08.429
ProcessGuid: {7d3be4b5-0df0-5f2a-4500-000000000400}
ProcessId: 2752
Image: C:\windows\System32\svchost.exe
TargetObject: HKLM\SOFTWARE\Policies\Microsoft\SystemCertificates",eventlog,Microsoft-Windows-Sysmon,2,,['mordorDataset'],Microsoft-Windows-Sysmon/Operational,{5770385F-C22A-43E0-BF4C-06F5698FFBD9},12,304285,WORKSTATION6.theshire.local,,,,2752,im_msvistalog,53997,,2020-08-05 02:10:08,,,INFO,3240,,0,2020-08-05T06:10:08.870Z,12,,CreateKey,2020-08-05 02:10:08,,,,S-1-5-18,,{7d3be4b5-0df0-5f2a-4500-000000000400},,-,NT AUTHORITY,SYSTEM,C:\windows\System32\svchost.exe,User,,INFO,HKLM\SOFTWARE\Policies\Microsoft\SystemCertificates,,,,,,,,,,,,,,,,,,,,,,,,,,,,,,,,,,,,,,,,,,,,,,,,,,,,,,,,,,,,,,,,,,,,,,,,,,,,,,,,,,,,,,,,,,,,,0,0,0,1,1,0,2,True
2020-08-05 06:10:08,399,1,-9223372036854775808,4456,2,,wec.internal.cloudapp.net,,"Registry object added or deleted:
RuleName: -
EventType: CreateKey
UtcTime: 2020-08-05 06:10:08.429
ProcessGuid: {7d3be4b5-0df0-5f2a-4500-000000000400}
ProcessId: 2752
Image: C:\windows\System32\svchost.exe
TargetObject: HKLM\SOFTWARE\Policies\Microsoft",eventlog,Microsoft-Windows-Sysmon,2,,['mordorDataset'],Microsoft-Windows-Sysmon/Operational,{5770385F-C22A-43E0-BF4C-06F5698FFBD9},12,304284,WORKSTATION6.theshire.local,,,,2752,im_msvistalog,53997,,2020-08-05 02:10:08,,,INFO,3240,,0,2020-08-05T06:10:08.870Z,12,,CreateKey,2020-08-05 02:10:08,,,,S-1-5-18,,{7d3be4b5-0df0-5f2a-4500-000000000400},,-,NT AUTHORITY,SYSTEM,C:\windows\System32\svchost.exe,User,,INFO,HKLM\SOFTWARE\Policies\Microsoft,,,,,,,,,,,,,,,,,,,,,,,,,,,,,,,,,,,,,,,,,,,,,,,,,,,,,,,,,,,,,,,,,,,,,,,,,,,,,,,,,,,,,,,,,,,,,0,0,0,1,1,0,2,True
2020-08-05 06:10:08,398,1,-9223372036854775808,4456,2,,wec.internal.cloudapp.net,,"Registry object added or deleted:
RuleName: -
EventType: CreateKey
UtcTime: 2020-08-05 06:10:08.429
ProcessGuid: {7d3be4b5-0df0-5f2a-4500-000000000400}
ProcessId: 2752
Image: C:\windows\System32\svchost.exe
TargetObject: HKLM\SOFTWARE\Policies",eventlog,Microsoft-Windows-Sysmon,2,,['mordorDataset'],Microsoft-Windows-Sysmon/Operational,{5770385F-C22A-43E0-BF4C-06F5698FFBD9},12,304283,WORKSTATION6.theshire.local,,,,2752,im_msvistalog,53997,,2020-08-05 02:10:08,,,INFO,3240,,0,2020-08-05T06:10:08.869Z,12,,CreateKey,2020-08-05 02:10:08,,,,S-1-5-18,,{7d3be4b5-0df0-5f2a-4500-000000000400},,-,NT AUTHORITY,SYSTEM,C:\windows\System32\svchost.exe,User,,INFO,HKLM\SOFTWARE\Policies,,,,,,,,,,,,,,,,,,,,,,,,,,,,,,,,,,,,,,,,,,,,,,,,,,,,,,,,,,,,,,,,,,,,,,,,,,,,,,,,,,,,,,,,,,,,,0,0,0,1,0,0,1,True
2020-08-05 06:10:08,397,1,-9223372036854775808,4456,2,,wec.internal.cloudapp.net,,"Registry object added or deleted:
RuleName: -
EventType: CreateKey
UtcTime: 2020-08-05 06:10:08.429
ProcessGuid: {7d3be4b5-0df0-5f2a-4500-000000000400}
ProcessId: 2752
Image: C:\windows\System32\svchost.exe
TargetObject: HKLM\SOFTWARE",eventlog,Microsoft-Windows-Sysmon,2,,['mordorDataset'],Microsoft-Windows-Sysmon/Operational,{5770385F-C22A-43E0-BF4C-06F5698FFBD9},12,304282,WORKSTATION6.theshire.local,,,,2752,im_msvistalog,53997,,2020-08-05 02:10:08,,,INFO,3240,,0,2020-08-05T06:10:08.869Z,12,,CreateKey,2020-08-05 02:10:08,,,,S-1-5-18,,{7d3be4b5-0df0-5f2a-4500-000000000400},,-,NT AUTHORITY,SYSTEM,C:\windows\System32\svchost.exe,User,,INFO,HKLM\SOFTWARE,,,,,,,,,,,,,,,,,,,,,,,,,,,,,,,,,,,,,,,,,,,,,,,,,,,,,,,,,,,,,,,,,,,,,,,,,,,,,,,,,,,,,,,,,,,,,0,0,0,1,0,0,1,True
2020-08-05 06:10:08,396,1,-9223372036854775808,4456,3,,wec.internal.cloudapp.net,,"Process accessed:
RuleName: -
UtcTime: 2020-08-05 06:10:08.429
SourceProcessGUID: {7d3be4b5-0dea-5f2a-1000-000000000400}
SourceProcessId: 900
SourceThreadId: 9588
SourceImage: C:\windows\system32\svchost.exe
TargetProcessGUID: {7d3be4b5-0dec-5f2a-1e00-000000000400}
TargetProcessId: 1368
TargetImage: C:\windows\System32\svchost.exe
GrantedAccess: 0x1000
CallTrace: C:\windows\SYSTEM32\ntdll.dll+9c534|C:\windows\SYSTEM32\psmserviceexthost.dll+222a3|C:\windows\SYSTEM32\psmserviceexthost.dll+1a172|C:\windows\SYSTEM32\psmserviceexthost.dll+19e3b|C:\windows\SYSTEM32\psmserviceexthost.dll+19318|C:\windows\SYSTEM32\ntdll.dll+3081d|C:\windows\SYSTEM32\ntdll.dll+345b4|C:\windows\System32\KERNEL32.DLL+17bd4|C:\windows\SYSTEM32\ntdll.dll+6ce51",eventlog,Microsoft-Windows-Sysmon,2,,['mordorDataset'],Microsoft-Windows-Sysmon/Operational,{5770385F-C22A-43E0-BF4C-06F5698FFBD9},10,304281,WORKSTATION6.theshire.local,,,,900,im_msvistalog,53997,,2020-08-05 02:10:08,,,INFO,3240,,0,2020-08-05T06:10:08.869Z,10,,INFO,2020-08-05 02:10:08,,,,S-1-5-18,,,,-,NT AUTHORITY,SYSTEM,,User,,,,,,,,,,,,,,,,,,,,,,,,,,,,,,,,,,,,,,,,,,,,,,,,,,,,,,,,,,,,{7d3be4b5-0dea-5f2a-1000-000000000400},0x1000,1368,{7d3be4b5-0dec-5f2a-1e00-000000000400},C:\windows\System32\svchost.exe,C:\windows\SYSTEM32\ntdll.dll+9c534|C:\windows\SYSTEM32\psmserviceexthost.dll+222a3|C:\windows\SYSTEM32\psmserviceexthost.dll+1a172|C:\windows\SYSTEM32\psmserviceexthost.dll+19e3b|C:\windows\SYSTEM32\psmserviceexthost.dll+19318|C:\windows\SYSTEM32\ntdll.dll+3081d|C:\windows\SYSTEM32\ntdll.dll+345b4|C:\windows\System32\KERNEL32.DLL+17bd4|C:\windows\SYSTEM32\ntdll.dll+6ce51,9588.0,900,C:\windows\system32\svchost.exe,,,,,,,,,,,,,,,,,,,,,,,,,,,,0,0,0,1,0,0,2,True
2020-08-05 06:10:08,409,1,-9223372036854775808,4456,2,,wec.internal.cloudapp.net,,"Registry object added or deleted:
RuleName: -
EventType: CreateKey
UtcTime: 2020-08-05 06:10:08.445
ProcessGuid: {7d3be4b5-0df0-5f2a-4500-000000000400}
ProcessId: 2752
Image: C:\windows\System32\svchost.exe
TargetObject: HKLM\SOFTWARE\Microsoft\Windows\CurrentVersion\Diagnostics\DiagTrack\SettingsRequests\utc.tracing",eventlog,Microsoft-Windows-Sysmon,2,,['mordorDataset'],Microsoft-Windows-Sysmon/Operational,{5770385F-C22A-43E0-BF4C-06F5698FFBD9},12,304294,WORKSTATION6.theshire.local,,,,2752,im_msvistalog,53997,,2020-08-05 02:10:08,,,INFO,3240,,0,2020-08-05T06:10:08.874Z,12,,CreateKey,2020-08-05 02:10:08,,,,S-1-5-18,,{7d3be4b5-0df0-5f2a-4500-000000000400},,-,NT AUTHORITY,SYSTEM,C:\windows\System32\svchost.exe,User,,INFO,HKLM\SOFTWARE\Microsoft\Windows\CurrentVersion\Diagnostics\DiagTrack\SettingsRequests\utc.tracing,,,,,,,,,,,,,,,,,,,,,,,,,,,,,,,,,,,,,,,,,,,,,,,,,,,,,,,,,,,,,,,,,,,,,,,,,,,,,,,,,,,,,,,,,,,,,0,0,0,1,0,0,2,True
2020-08-05 06:10:08,408,1,-9223372036854775808,4456,2,,wec.internal.cloudapp.net,,"Registry value set:
RuleName: -
EventType: SetValue
UtcTime: 2020-08-05 06:10:08.445
ProcessGuid: {7d3be4b5-0df0-5f2a-4500-000000000400}
ProcessId: 2752
Image: C:\windows\System32\svchost.exe
TargetObject: HKLM\SOFTWARE\Microsoft\Windows\CurrentVersion\Diagnostics\DiagTrack\SettingsRequests\utc.tracing\SettingsPriority
Details: DWORD (0x00000002)",eventlog,Microsoft-Windows-Sysmon,2,,['mordorDataset'],Microsoft-Windows-Sysmon/Operational,{5770385F-C22A-43E0-BF4C-06F5698FFBD9},13,304293,WORKSTATION6.theshire.local,,,,2752,im_msvistalog,53997,,2020-08-05 02:10:08,,,INFO,3240,,0,2020-08-05T06:10:08.873Z,13,,SetValue,2020-08-05 02:10:08,,,,S-1-5-18,,{7d3be4b5-0df0-5f2a-4500-000000000400},,-,NT AUTHORITY,SYSTEM,C:\windows\System32\svchost.exe,User,,INFO,HKLM\SOFTWARE\Microsoft\Windows\CurrentVersion\Diagnostics\DiagTrack\SettingsRequests\utc.tracing\SettingsPriority,,,,,,,,,,,,,,,,,,,,,,,,,,,,,,,,,,,,,,,,,,,,,,,,,,,,,,,,DWORD (0x00000002),,,,,,,,,,,,,,,,,,,,,,,,,,,,,,,,,,,,,0,0,0,1,1,0,3,True
2020-08-05 06:10:09,572,1,-9223372036854775808,4452,2,,wec.internal.cloudapp.net,,"Registry value set:
RuleName: -
EventType: SetValue
UtcTime: 2020-08-05 06:10:09.198
ProcessGuid: {8715b604-0df2-5f2a-4900-000000000400}
ProcessId: 3356
Image: C:\windows\System32\svchost.exe
TargetObject: HKLM\SOFTWARE\Microsoft\Windows\CurrentVersion\Diagnostics\DiagTrack\HeartBeats\EndpointErrors\9\Value
Details: DWORD (0x00000000)",eventlog,Microsoft-Windows-Sysmon,2,,['mordorDataset'],Microsoft-Windows-Sysmon/Operational,{5770385F-C22A-43E0-BF4C-06F5698FFBD9},13,480088,WORKSTATION5.theshire.local,,,,3356,im_msvistalog,53997,,2020-08-05 02:10:09,,,INFO,3484,,0,2020-08-05T06:10:09.919Z,13,,SetValue,2020-08-05 02:10:09,,,,S-1-5-18,,{8715b604-0df2-5f2a-4900-000000000400},,-,NT AUTHORITY,SYSTEM,C:\windows\System32\svchost.exe,User,,INFO,HKLM\SOFTWARE\Microsoft\Windows\CurrentVersion\Diagnostics\DiagTrack\HeartBeats\EndpointErrors\9\Value,,,,,,,,,,,,,,,,,,,,,,,,,,,,,,,,,,,,,,,,,,,,,,,,,,,,,,,,DWORD (0x00000000),,,,,,,,,,,,,,,,,,,,,,,,,,,,,,,,,,,,,0,0,0,1,1,0,3,True
2020-08-05 06:10:09,575,1,-9223372036854775808,4452,2,,wec.internal.cloudapp.net,,"Registry object added or deleted:
RuleName: -
EventType: CreateKey
UtcTime: 2020-08-05 06:10:09.198
ProcessGuid: {8715b604-0df2-5f2a-4900-000000000400}
ProcessId: 3356
Image: C:\windows\System32\svchost.exe
TargetObject: HKLM\SOFTWARE\Microsoft\Windows\CurrentVersion\Diagnostics\DiagTrack\HeartBeats\EndpointErrors",eventlog,Microsoft-Windows-Sysmon,2,,['mordorDataset'],Microsoft-Windows-Sysmon/Operational,{5770385F-C22A-43E0-BF4C-06F5698FFBD9},12,480089,WORKSTATION5.theshire.local,,,,3356,im_msvistalog,53997,,2020-08-05 02:10:09,,,INFO,3484,,0,2020-08-05T06:10:09.919Z,12,,CreateKey,2020-08-05 02:10:09,,,,S-1-5-18,,{8715b604-0df2-5f2a-4900-000000000400},,-,NT AUTHORITY,SYSTEM,C:\windows\System32\svchost.exe,User,,INFO,HKLM\SOFTWARE\Microsoft\Windows\CurrentVersion\Diagnostics\DiagTrack\HeartBeats\EndpointErrors,,,,,,,,,,,,,,,,,,,,,,,,,,,,,,,,,,,,,,,,,,,,,,,,,,,,,,,,,,,,,,,,,,,,,,,,,,,,,,,,,,,,,,,,,,,,,0,0,0,1,1,0,3,True
2020-08-05 06:10:09,576,1,-9223372036854775808,4452,2,,wec.internal.cloudapp.net,,"Registry value set:
RuleName: -
EventType: SetValue
UtcTime: 2020-08-05 06:10:09.199
ProcessGuid: {8715b604-0df2-5f2a-4900-000000000400}
ProcessId: 3356
Image: C:\windows\System32\svchost.exe
TargetObject: HKLM\SOFTWARE\Microsoft\Windows\CurrentVersion\Diagnostics\DiagTrack\HeartBeats\EndpointErrors\InputCount
Details: DWORD (0x00000000)",eventlog,Microsoft-Windows-Sysmon,2,,['mordorDataset'],Microsoft-Windows-Sysmon/Operational,{5770385F-C22A-43E0-BF4C-06F5698FFBD9},13,480090,WORKSTATION5.theshire.local,,,,3356,im_msvistalog,53997,,2020-08-05 02:10:09,,,INFO,3484,,0,2020-08-05T06:10:09.919Z,13,,SetValue,2020-08-05 02:10:09,,,,S-1-5-18,,{8715b604-0df2-5f2a-4900-000000000400},,-,NT AUTHORITY,SYSTEM,C:\windows\System32\svchost.exe,User,,INFO,HKLM\SOFTWARE\Microsoft\Windows\CurrentVersion\Diagnostics\DiagTrack\HeartBeats\EndpointErrors\InputCount,,,,,,,,,,,,,,,,,,,,,,,,,,,,,,,,,,,,,,,,,,,,,,,,,,,,,,,,DWORD (0x00000000),,,,,,,,,,,,,,,,,,,,,,,,,,,,,,,,,,,,,0,0,0,1,1,0,2,True
2020-08-05 06:10:09,578,1,-9223372036854775808,4452,2,,wec.internal.cloudapp.net,,"Registry object added or deleted:
RuleName: -
EventType: CreateKey
UtcTime: 2020-08-05 06:10:09.199
ProcessGuid: {8715b604-0df2-5f2a-4900-000000000400}
ProcessId: 3356
Image: C:\windows\System32\svchost.exe
TargetObject: HKLM\SOFTWARE\Microsoft\Windows\CurrentVersion\Diagnostics\DiagTrack\HeartBeats\EndpointErrors",eventlog,Microsoft-Windows-Sysmon,2,,['mordorDataset'],Microsoft-Windows-Sysmon/Operational,{5770385F-C22A-43E0-BF4C-06F5698FFBD9},12,480091,WORKSTATION5.theshire.local,,,,3356,im_msvistalog,53997,,2020-08-05 02:10:09,,,INFO,3484,,0,2020-08-05T06:10:09.920Z,12,,CreateKey,2020-08-05 02:10:09,,,,S-1-5-18,,{8715b604-0df2-5f2a-4900-000000000400},,-,NT AUTHORITY,SYSTEM,C:\windows\System32\svchost.exe,User,,INFO,HKLM\SOFTWARE\Microsoft\Windows\CurrentVersion\Diagnostics\DiagTrack\HeartBeats\EndpointErrors,,,,,,,,,,,,,,,,,,,,,,,,,,,,,,,,,,,,,,,,,,,,,,,,,,,,,,,,,,,,,,,,,,,,,,,,,,,,,,,,,,,,,,,,,,,,,0,0,0,1,1,0,2,True
2020-08-05 06:10:09,581,1,-9223372036854775808,4452,2,,wec.internal.cloudapp.net,,"Registry value set:
RuleName: -
EventType: SetValue
UtcTime: 2020-08-05 06:10:09.199
ProcessGuid: {8715b604-0df2-5f2a-4900-000000000400}
ProcessId: 3356
Image: C:\windows\System32\svchost.exe
TargetObject: HKLM\SOFTWARE\Microsoft\Windows\CurrentVersion\Diagnostics\DiagTrack\HeartBeats\EndpointErrors\SlotCount
Details: DWORD (0x0000000a)",eventlog,Microsoft-Windows-Sysmon,2,,['mordorDataset'],Microsoft-Windows-Sysmon/Operational,{5770385F-C22A-43E0-BF4C-06F5698FFBD9},13,480092,WORKSTATION5.theshire.local,,,,3356,im_msvistalog,53997,,2020-08-05 02:10:09,,,INFO,3484,,0,2020-08-05T06:10:09.920Z,13,,SetValue,2020-08-05 02:10:09,,,,S-1-5-18,,{8715b604-0df2-5f2a-4900-000000000400},,-,NT AUTHORITY,SYSTEM,C:\windows\System32\svchost.exe,User,,INFO,HKLM\SOFTWARE\Microsoft\Windows\CurrentVersion\Diagnostics\DiagTrack\HeartBeats\EndpointErrors\SlotCount,,,,,,,,,,,,,,,,,,,,,,,,,,,,,,,,,,,,,,,,,,,,,,,,,,,,,,,,DWORD (0x0000000a),,,,,,,,,,,,,,,,,,,,,,,,,,,,,,,,,,,,,0,0,0,1,1,0,2,True
2020-08-05 06:10:09,582,1,-9223372036854775808,4452,2,,wec.internal.cloudapp.net,,"Registry value set:
RuleName: -
EventType: SetValue
UtcTime: 2020-08-05 06:10:09.199
ProcessGuid: {8715b604-0df2-5f2a-4900-000000000400}
ProcessId: 3356
Image: C:\windows\System32\svchost.exe
TargetObject: HKLM\SOFTWARE\Microsoft\Windows\CurrentVersion\Diagnostics\DiagTrack\HeartBeats\Default\MaxInUseScenarios
Details: DWORD (0x00000000)",eventlog,Microsoft-Windows-Sysmon,2,,['mordorDataset'],Microsoft-Windows-Sysmon/Operational,{5770385F-C22A-43E0-BF4C-06F5698FFBD9},13,480093,WORKSTATION5.theshire.local,,,,3356,im_msvistalog,53997,,2020-08-05 02:10:09,,,INFO,3484,,0,2020-08-05T06:10:09.921Z,13,,SetValue,2020-08-05 02:10:09,,,,S-1-5-18,,{8715b604-0df2-5f2a-4900-000000000400},,-,NT AUTHORITY,SYSTEM,C:\windows\System32\svchost.exe,User,,INFO,HKLM\SOFTWARE\Microsoft\Windows\CurrentVersion\Diagnostics\DiagTrack\HeartBeats\Default\MaxInUseScenarios,,,,,,,,,,,,,,,,,,,,,,,,,,,,,,,,,,,,,,,,,,,,,,,,,,,,,,,,DWORD (0x00000000),,,,,,,,,,,,,,,,,,,,,,,,,,,,,,,,,,,,,0,0,0,1,1,0,2,True
2020-08-05 06:10:09,594,1,-9223372036854775808,4452,2,,wec.internal.cloudapp.net,,"Registry value set:
RuleName: -
EventType: SetValue
UtcTime: 2020-08-05 06:10:09.199
ProcessGuid: {8715b604-0df2-5f2a-4900-000000000400}
ProcessId: 3356
Image: C:\windows\System32\svchost.exe
TargetObject: HKLM\SOFTWARE\Microsoft\Windows\CurrentVersion\Diagnostics\DiagTrack\HeartBeats\Default\EventStoreReset
Details: DWORD (0x00000000)",eventlog,Microsoft-Windows-Sysmon,2,,['mordorDataset'],Microsoft-Windows-Sysmon/Operational,{5770385F-C22A-43E0-BF4C-06F5698FFBD9},13,480099,WORKSTATION5.theshire.local,,,,3356,im_msvistalog,53997,,2020-08-05 02:10:09,,,INFO,3484,,0,2020-08-05T06:10:09.923Z,13,,SetValue,2020-08-05 02:10:09,,,,S-1-5-18,,{8715b604-0df2-5f2a-4900-000000000400},,-,NT AUTHORITY,SYSTEM,C:\windows\System32\svchost.exe,User,,INFO,HKLM\SOFTWARE\Microsoft\Windows\CurrentVersion\Diagnostics\DiagTrack\HeartBeats\Default\EventStoreReset,,,,,,,,,,,,,,,,,,,,,,,,,,,,,,,,,,,,,,,,,,,,,,,,,,,,,,,,DWORD (0x00000000),,,,,,,,,,,,,,,,,,,,,,,,,,,,,,,,,,,,,0,0,0,1,1,0,2,True
2020-08-05 06:10:09,586,1,-9223372036854775808,4452,2,,wec.internal.cloudapp.net,,"Registry value set:
RuleName: -
EventType: SetValue
UtcTime: 2020-08-05 06:10:09.199
ProcessGuid: {8715b604-0df2-5f2a-4900-000000000400}
ProcessId: 3356
Image: C:\windows\System32\svchost.exe
TargetObject: HKLM\SOFTWARE\Microsoft\Windows\CurrentVersion\Diagnostics\DiagTrack\HeartBeats\Default\CriticalEventDroppedDb
Details: DWORD (0x00000000)",eventlog,Microsoft-Windows-Sysmon,2,,['mordorDataset'],Microsoft-Windows-Sysmon/Operational,{5770385F-C22A-43E0-BF4C-06F5698FFBD9},13,480095,WORKSTATION5.theshire.local,,,,3356,im_msvistalog,53997,,2020-08-05 02:10:09,,,INFO,3484,,0,2020-08-05T06:10:09.921Z,13,,SetValue,2020-08-05 02:10:09,,,,S-1-5-18,,{8715b604-0df2-5f2a-4900-000000000400},,-,NT AUTHORITY,SYSTEM,C:\windows\System32\svchost.exe,User,,INFO,HKLM\SOFTWARE\Microsoft\Windows\CurrentVersion\Diagnostics\DiagTrack\HeartBeats\Default\CriticalEventDroppedDb,,,,,,,,,,,,,,,,,,,,,,,,,,,,,,,,,,,,,,,,,,,,,,,,,,,,,,,,DWORD (0x00000000),,,,,,,,,,,,,,,,,,,,,,,,,,,,,,,,,,,,,0,0,0,1,1,0,2,True
2020-08-05 06:10:09,588,1,-9223372036854775808,4452,2,,wec.internal.cloudapp.net,,"Registry value set:
RuleName: -
EventType: SetValue
UtcTime: 2020-08-05 06:10:09.199
ProcessGuid: {8715b604-0df2-5f2a-4900-000000000400}
ProcessId: 3356
Image: C:\windows\System32\svchost.exe
TargetObject: HKLM\SOFTWARE\Microsoft\Windows\CurrentVersion\Diagnostics\DiagTrack\HeartBeats\Default\EventDroppedFullDb
Details: DWORD (0x00000000)",eventlog,Microsoft-Windows-Sysmon,2,,['mordorDataset'],Microsoft-Windows-Sysmon/Operational,{5770385F-C22A-43E0-BF4C-06F5698FFBD9},13,480096,WORKSTATION5.theshire.local,,,,3356,im_msvistalog,53997,,2020-08-05 02:10:09,,,INFO,3484,,0,2020-08-05T06:10:09.922Z,13,,SetValue,2020-08-05 02:10:09,,,,S-1-5-18,,{8715b604-0df2-5f2a-4900-000000000400},,-,NT AUTHORITY,SYSTEM,C:\windows\System32\svchost.exe,User,,INFO,HKLM\SOFTWARE\Microsoft\Windows\CurrentVersion\Diagnostics\DiagTrack\HeartBeats\Default\EventDroppedFullDb,,,,,,,,,,,,,,,,,,,,,,,,,,,,,,,,,,,,,,,,,,,,,,,,,,,,,,,,DWORD (0x00000000),,,,,,,,,,,,,,,,,,,,,,,,,,,,,,,,,,,,,0,0,0,0,1,0,1,True
2020-08-05 06:10:09,590,1,-9223372036854775808,4452,2,,wec.internal.cloudapp.net,,"Registry value set:
RuleName: -
EventType: SetValue
UtcTime: 2020-08-05 06:10:09.199
ProcessGuid: {8715b604-0df2-5f2a-4900-000000000400}
ProcessId: 3356
Image: C:\windows\System32\svchost.exe
TargetObject: HKLM\SOFTWARE\Microsoft\Windows\CurrentVersion\Diagnostics\DiagTrack\HeartBeats\Default\EventDroppedFailureDb
Details: DWORD (0x00000000)",eventlog,Microsoft-Windows-Sysmon,2,,['mordorDataset'],Microsoft-Windows-Sysmon/Operational,{5770385F-C22A-43E0-BF4C-06F5698FFBD9},13,480097,WORKSTATION5.theshire.local,,,,3356,im_msvistalog,53997,,2020-08-05 02:10:09,,,INFO,3484,,0,2020-08-05T06:10:09.922Z,13,,SetValue,2020-08-05 02:10:09,,,,S-1-5-18,,{8715b604-0df2-5f2a-4900-000000000400},,-,NT AUTHORITY,SYSTEM,C:\windows\System32\svchost.exe,User,,INFO,HKLM\SOFTWARE\Microsoft\Windows\CurrentVersion\Diagnostics\DiagTrack\HeartBeats\Default\EventDroppedFailureDb,,,,,,,,,,,,,,,,,,,,,,,,,,,,,,,,,,,,,,,,,,,,,,,,,,,,,,,,DWORD (0x00000000),,,,,,,,,,,,,,,,,,,,,,,,,,,,,,,,,,,,,0,0,0,0,1,0,1,True
2020-08-05 06:10:09,592,1,-9223372036854775808,4452,2,,wec.internal.cloudapp.net,,"Registry value set:
RuleName: -
EventType: SetValue
UtcTime: 2020-08-05 06:10:09.199
ProcessGuid: {8715b604-0df2-5f2a-4900-000000000400}
ProcessId: 3356
Image: C:\windows\System32\svchost.exe
TargetObject: HKLM\SOFTWARE\Microsoft\Windows\CurrentVersion\Diagnostics\DiagTrack\HeartBeats\Default\EventStoreLifetimeReset
Details: DWORD (0x00000000)",eventlog,Microsoft-Windows-Sysmon,2,,['mordorDataset'],Microsoft-Windows-Sysmon/Operational,{5770385F-C22A-43E0-BF4C-06F5698FFBD9},13,480098,WORKSTATION5.theshire.local,,,,3356,im_msvistalog,53997,,2020-08-05 02:10:09,,,INFO,3484,,0,2020-08-05T06:10:09.923Z,13,,SetValue,2020-08-05 02:10:09,,,,S-1-5-18,,{8715b604-0df2-5f2a-4900-000000000400},,-,NT AUTHORITY,SYSTEM,C:\windows\System32\svchost.exe,User,,INFO,HKLM\SOFTWARE\Microsoft\Windows\CurrentVersion\Diagnostics\DiagTrack\HeartBeats\Default\EventStoreLifetimeReset,,,,,,,,,,,,,,,,,,,,,,,,,,,,,,,,,,,,,,,,,,,,,,,,,,,,,,,,DWORD (0x00000000),,,,,,,,,,,,,,,,,,,,,,,,,,,,,,,,,,,,,0,0,0,0,1,0,1,True
2020-08-05 06:10:09,571,1,-9223372036854775808,4452,2,,wec.internal.cloudapp.net,,"Registry object added or deleted:
RuleName: -
EventType: CreateKey
UtcTime: 2020-08-05 06:10:09.198
ProcessGuid: {8715b604-0df2-5f2a-4900-000000000400}
ProcessId: 3356
Image: C:\windows\System32\svchost.exe
TargetObject: HKLM\SOFTWARE\Microsoft\Windows\CurrentVersion\Diagnostics\DiagTrack\HeartBeats\EndpointErrors\9",eventlog,Microsoft-Windows-Sysmon,2,,['mordorDataset'],Microsoft-Windows-Sysmon/Operational,{5770385F-C22A-43E0-BF4C-06F5698FFBD9},12,480087,WORKSTATION5.theshire.local,,,,3356,im_msvistalog,53997,,2020-08-05 02:10:09,,,INFO,3484,,0,2020-08-05T06:10:09.919Z,12,,CreateKey,2020-08-05 02:10:09,,,,S-1-5-18,,{8715b604-0df2-5f2a-4900-000000000400},,-,NT AUTHORITY,SYSTEM,C:\windows\System32\svchost.exe,User,,INFO,HKLM\SOFTWARE\Microsoft\Windows\CurrentVersion\Diagnostics\DiagTrack\HeartBeats\EndpointErrors\9,,,,,,,,,,,,,,,,,,,,,,,,,,,,,,,,,,,,,,,,,,,,,,,,,,,,,,,,,,,,,,,,,,,,,,,,,,,,,,,,,,,,,,,,,,,,,0,0,0,1,1,0,2,True
2020-08-05 06:10:09,585,1,-9223372036854775808,4452,2,,wec.internal.cloudapp.net,,"Registry value set:
RuleName: -
EventType: SetValue
UtcTime: 2020-08-05 06:10:09.199
ProcessGuid: {8715b604-0df2-5f2a-4900-000000000400}
ProcessId: 3356
Image: C:\windows\System32\svchost.exe
TargetObject: HKLM\SOFTWARE\Microsoft\Windows\CurrentVersion\Diagnostics\DiagTrack\HeartBeats\Default\EventDroppedDb
Details: DWORD (0x00000000)",eventlog,Microsoft-Windows-Sysmon,2,,['mordorDataset'],Microsoft-Windows-Sysmon/Operational,{5770385F-C22A-43E0-BF4C-06F5698FFBD9},13,480094,WORKSTATION5.theshire.local,,,,3356,im_msvistalog,53997,,2020-08-05 02:10:09,,,INFO,3484,,0,2020-08-05T06:10:09.921Z,13,,SetValue,2020-08-05 02:10:09,,,,S-1-5-18,,{8715b604-0df2-5f2a-4900-000000000400},,-,NT AUTHORITY,SYSTEM,C:\windows\System32\svchost.exe,User,,INFO,HKLM\SOFTWARE\Microsoft\Windows\CurrentVersion\Diagnostics\DiagTrack\HeartBeats\Default\EventDroppedDb,,,,,,,,,,,,,,,,,,,,,,,,,,,,,,,,,,,,,,,,,,,,,,,,,,,,,,,,DWORD (0x00000000),,,,,,,,,,,,,,,,,,,,,,,,,,,,,,,,,,,,,0,0,0,1,1,0,2,True
2020-08-05 06:10:09,569,1,-9223372036854775808,4452,2,,wec.internal.cloudapp.net,,"Registry value set:
RuleName: -
EventType: SetValue
UtcTime: 2020-08-05 06:10:09.198
ProcessGuid: {8715b604-0df2-5f2a-4900-000000000400}
ProcessId: 3356
Image: C:\windows\System32\svchost.exe
TargetObject: HKLM\SOFTWARE\Microsoft\Windows\CurrentVersion\Diagnostics\DiagTrack\HeartBeats\EndpointErrors\9\Name
Details: (Empty)",eventlog,Microsoft-Windows-Sysmon,2,,['mordorDataset'],Microsoft-Windows-Sysmon/Operational,{5770385F-C22A-43E0-BF4C-06F5698FFBD9},13,480086,WORKSTATION5.theshire.local,,,,3356,im_msvistalog,53997,,2020-08-05 02:10:09,,,INFO,3484,,0,2020-08-05T06:10:09.917Z,13,,SetValue,2020-08-05 02:10:09,,,,S-1-5-18,,{8715b604-0df2-5f2a-4900-000000000400},,-,NT AUTHORITY,SYSTEM,C:\windows\System32\svchost.exe,User,,INFO,HKLM\SOFTWARE\Microsoft\Windows\CurrentVersion\Diagnostics\DiagTrack\HeartBeats\EndpointErrors\9\Name,,,,,,,,,,,,,,,,,,,,,,,,,,,,,,,,,,,,,,,,,,,,,,,,,,,,,,,,(Empty),,,,,,,,,,,,,,,,,,,,,,,,,,,,,,,,,,,,,0,0,0,1,1,0,2,True
2020-08-05 06:10:09,555,1,-9223372036854775808,4452,2,,wec.internal.cloudapp.net,,"Registry object added or deleted:
RuleName: -
EventType: CreateKey
UtcTime: 2020-08-05 06:10:09.198
ProcessGuid: {8715b604-0df2-5f2a-4900-000000000400}
ProcessId: 3356
Image: C:\windows\System32\svchost.exe
TargetObject: HKLM\SOFTWARE\Microsoft\Windows\CurrentVersion\Diagnostics\DiagTrack\HeartBeats\EndpointErrors\7",eventlog,Microsoft-Windows-Sysmon,2,,['mordorDataset'],Microsoft-Windows-Sysmon/Operational,{5770385F-C22A-43E0-BF4C-06F5698FFBD9},12,480077,WORKSTATION5.theshire.local,,,,3356,im_msvistalog,53997,,2020-08-05 02:10:09,,,INFO,3484,,0,2020-08-05T06:10:09.915Z,12,,CreateKey,2020-08-05 02:10:09,,,,S-1-5-18,,{8715b604-0df2-5f2a-4900-000000000400},,-,NT AUTHORITY,SYSTEM,C:\windows\System32\svchost.exe,User,,INFO,HKLM\SOFTWARE\Microsoft\Windows\CurrentVersion\Diagnostics\DiagTrack\HeartBeats\EndpointErrors\7,,,,,,,,,,,,,,,,,,,,,,,,,,,,,,,,,,,,,,,,,,,,,,,,,,,,,,,,,,,,,,,,,,,,,,,,,,,,,,,,,,,,,,,,,,,,,0,0,0,1,1,0,2,True
2020-08-05 06:10:09,564,1,-9223372036854775808,4452,2,,wec.internal.cloudapp.net,,"Registry value set:
RuleName: -
EventType: SetValue
UtcTime: 2020-08-05 06:10:09.198
ProcessGuid: {8715b604-0df2-5f2a-4900-000000000400}
ProcessId: 3356
Image: C:\windows\System32\svchost.exe
TargetObject: HKLM\SOFTWARE\Microsoft\Windows\CurrentVersion\Diagnostics\DiagTrack\HeartBeats\EndpointErrors\8\Value
Details: DWORD (0x00000000)",eventlog,Microsoft-Windows-Sysmon,2,,['mordorDataset'],Microsoft-Windows-Sysmon/Operational,{5770385F-C22A-43E0-BF4C-06F5698FFBD9},13,480084,WORKSTATION5.theshire.local,,,,3356,im_msvistalog,53997,,2020-08-05 02:10:09,,,INFO,3484,,0,2020-08-05T06:10:09.916Z,13,,SetValue,2020-08-05 02:10:09,,,,S-1-5-18,,{8715b604-0df2-5f2a-4900-000000000400},,-,NT AUTHORITY,SYSTEM,C:\windows\System32\svchost.exe,User,,INFO,HKLM\SOFTWARE\Microsoft\Windows\CurrentVersion\Diagnostics\DiagTrack\HeartBeats\EndpointErrors\8\Value,,,,,,,,,,,,,,,,,,,,,,,,,,,,,,,,,,,,,,,,,,,,,,,,,,,,,,,,DWORD (0x00000000),,,,,,,,,,,,,,,,,,,,,,,,,,,,,,,,,,,,,0,0,0,1,1,0,2,True
2020-08-05 06:10:09,548,1,-9223372036854775808,4452,2,,wec.internal.cloudapp.net,,"Registry value set:
RuleName: -
EventType: SetValue
UtcTime: 2020-08-05 06:10:09.197
ProcessGuid: {8715b604-0df2-5f2a-4900-000000000400}
ProcessId: 3356
Image: C:\windows\System32\svchost.exe
TargetObject: HKLM\SOFTWARE\Microsoft\Windows\CurrentVersion\Diagnostics\DiagTrack\HeartBeats\EndpointErrors\5\Name
Details: (Empty)",eventlog,Microsoft-Windows-Sysmon,2,,['mordorDataset'],Microsoft-Windows-Sysmon/Operational,{5770385F-C22A-43E0-BF4C-06F5698FFBD9},13,480070,WORKSTATION5.theshire.local,,,,3356,im_msvistalog,53997,,2020-08-05 02:10:09,,,INFO,3484,,0,2020-08-05T06:10:09.913Z,13,,SetValue,2020-08-05 02:10:09,,,,S-1-5-18,,{8715b604-0df2-5f2a-4900-000000000400},,-,NT AUTHORITY,SYSTEM,C:\windows\System32\svchost.exe,User,,INFO,HKLM\SOFTWARE\Microsoft\Windows\CurrentVersion\Diagnostics\DiagTrack\HeartBeats\EndpointErrors\5\Name,,,,,,,,,,,,,,,,,,,,,,,,,,,,,,,,,,,,,,,,,,,,,,,,,,,,,,,,(Empty),,,,,,,,,,,,,,,,,,,,,,,,,,,,,,,,,,,,,0,0,0,1,1,0,2,True
2020-08-05 06:10:09,549,1,-9223372036854775808,4452,2,,wec.internal.cloudapp.net,,"Registry object added or deleted:
RuleName: -
EventType: CreateKey
UtcTime: 2020-08-05 06:10:09.198
ProcessGuid: {8715b604-0df2-5f2a-4900-000000000400}
ProcessId: 3356
Image: C:\windows\System32\svchost.exe
TargetObject: HKLM\SOFTWARE\Microsoft\Windows\CurrentVersion\Diagnostics\DiagTrack\HeartBeats\EndpointErrors\5",eventlog,Microsoft-Windows-Sysmon,2,,['mordorDataset'],Microsoft-Windows-Sysmon/Operational,{5770385F-C22A-43E0-BF4C-06F5698FFBD9},12,480071,WORKSTATION5.theshire.local,,,,3356,im_msvistalog,53997,,2020-08-05 02:10:09,,,INFO,3484,,0,2020-08-05T06:10:09.913Z,12,,CreateKey,2020-08-05 02:10:09,,,,S-1-5-18,,{8715b604-0df2-5f2a-4900-000000000400},,-,NT AUTHORITY,SYSTEM,C:\windows\System32\svchost.exe,User,,INFO,HKLM\SOFTWARE\Microsoft\Windows\CurrentVersion\Diagnostics\DiagTrack\HeartBeats\EndpointErrors\5,,,,,,,,,,,,,,,,,,,,,,,,,,,,,,,,,,,,,,,,,,,,,,,,,,,,,,,,,,,,,,,,,,,,,,,,,,,,,,,,,,,,,,,,,,,,,0,0,0,1,1,0,2,True
2020-08-05 06:10:09,550,1,-9223372036854775808,4452,2,,wec.internal.cloudapp.net,,"Registry value set:
RuleName: -
EventType: SetValue
UtcTime: 2020-08-05 06:10:09.198
ProcessGuid: {8715b604-0df2-5f2a-4900-000000000400}
ProcessId: 3356
Image: C:\windows\System32\svchost.exe
TargetObject: HKLM\SOFTWARE\Microsoft\Windows\CurrentVersion\Diagnostics\DiagTrack\HeartBeats\EndpointErrors\5\Value
Details: DWORD (0x00000000)",eventlog,Microsoft-Windows-Sysmon,2,,['mordorDataset'],Microsoft-Windows-Sysmon/Operational,{5770385F-C22A-43E0-BF4C-06F5698FFBD9},13,480072,WORKSTATION5.theshire.local,,,,3356,im_msvistalog,53997,,2020-08-05 02:10:09,,,INFO,3484,,0,2020-08-05T06:10:09.913Z,13,,SetValue,2020-08-05 02:10:09,,,,S-1-5-18,,{8715b604-0df2-5f2a-4900-000000000400},,-,NT AUTHORITY,SYSTEM,C:\windows\System32\svchost.exe,User,,INFO,HKLM\SOFTWARE\Microsoft\Windows\CurrentVersion\Diagnostics\DiagTrack\HeartBeats\EndpointErrors\5\Value,,,,,,,,,,,,,,,,,,,,,,,,,,,,,,,,,,,,,,,,,,,,,,,,,,,,,,,,DWORD (0x00000000),,,,,,,,,,,,,,,,,,,,,,,,,,,,,,,,,,,,,0,0,0,1,1,0,2,True
2020-08-05 06:10:09,551,1,-9223372036854775808,4452,2,,wec.internal.cloudapp.net,,"Registry object added or deleted:
RuleName: -
EventType: CreateKey
UtcTime: 2020-08-05 06:10:09.198
ProcessGuid: {8715b604-0df2-5f2a-4900-000000000400}
ProcessId: 3356
Image: C:\windows\System32\svchost.exe
TargetObject: HKLM\SOFTWARE\Microsoft\Windows\CurrentVersion\Diagnostics\DiagTrack\HeartBeats\EndpointErrors\6",eventlog,Microsoft-Windows-Sysmon,2,,['mordorDataset'],Microsoft-Windows-Sysmon/Operational,{5770385F-C22A-43E0-BF4C-06F5698FFBD9},12,480073,WORKSTATION5.theshire.local,,,,3356,im_msvistalog,53997,,2020-08-05 02:10:09,,,INFO,3484,,0,2020-08-05T06:10:09.914Z,12,,CreateKey,2020-08-05 02:10:09,,,,S-1-5-18,,{8715b604-0df2-5f2a-4900-000000000400},,-,NT AUTHORITY,SYSTEM,C:\windows\System32\svchost.exe,User,,INFO,HKLM\SOFTWARE\Microsoft\Windows\CurrentVersion\Diagnostics\DiagTrack\HeartBeats\EndpointErrors\6,,,,,,,,,,,,,,,,,,,,,,,,,,,,,,,,,,,,,,,,,,,,,,,,,,,,,,,,,,,,,,,,,,,,,,,,,,,,,,,,,,,,,,,,,,,,,0,0,0,1,1,0,2,True
2020-08-05 06:10:09,552,1,-9223372036854775808,4452,2,,wec.internal.cloudapp.net,,"Registry value set:
RuleName: -
EventType: SetValue
UtcTime: 2020-08-05 06:10:09.198
ProcessGuid: {8715b604-0df2-5f2a-4900-000000000400}
ProcessId: 3356
Image: C:\windows\System32\svchost.exe
TargetObject: HKLM\SOFTWARE\Microsoft\Windows\CurrentVersion\Diagnostics\DiagTrack\HeartBeats\EndpointErrors\6\Name
Details: (Empty)",eventlog,Microsoft-Windows-Sysmon,2,,['mordorDataset'],Microsoft-Windows-Sysmon/Operational,{5770385F-C22A-43E0-BF4C-06F5698FFBD9},13,480074,WORKSTATION5.theshire.local,,,,3356,im_msvistalog,53997,,2020-08-05 02:10:09,,,INFO,3484,,0,2020-08-05T06:10:09.914Z,13,,SetValue,2020-08-05 02:10:09,,,,S-1-5-18,,{8715b604-0df2-5f2a-4900-000000000400},,-,NT AUTHORITY,SYSTEM,C:\windows\System32\svchost.exe,User,,INFO,HKLM\SOFTWARE\Microsoft\Windows\CurrentVersion\Diagnostics\DiagTrack\HeartBeats\EndpointErrors\6\Name,,,,,,,,,,,,,,,,,,,,,,,,,,,,,,,,,,,,,,,,,,,,,,,,,,,,,,,,(Empty),,,,,,,,,,,,,,,,,,,,,,,,,,,,,,,,,,,,,0,0,0,1,1,0,2,True
2020-08-05 06:10:09,553,1,-9223372036854775808,4452,2,,wec.internal.cloudapp.net,,"Registry object added or deleted:
RuleName: -
EventType: CreateKey
UtcTime: 2020-08-05 06:10:09.198
ProcessGuid: {8715b604-0df2-5f2a-4900-000000000400}
ProcessId: 3356
Image: C:\windows\System32\svchost.exe
TargetObject: HKLM\SOFTWARE\Microsoft\Windows\CurrentVersion\Diagnostics\DiagTrack\HeartBeats\EndpointErrors\6",eventlog,Microsoft-Windows-Sysmon,2,,['mordorDataset'],Microsoft-Windows-Sysmon/Operational,{5770385F-C22A-43E0-BF4C-06F5698FFBD9},12,480075,WORKSTATION5.theshire.local,,,,3356,im_msvistalog,53997,,2020-08-05 02:10:09,,,INFO,3484,,0,2020-08-05T06:10:09.915Z,12,,CreateKey,2020-08-05 02:10:09,,,,S-1-5-18,,{8715b604-0df2-5f2a-4900-000000000400},,-,NT AUTHORITY,SYSTEM,C:\windows\System32\svchost.exe,User,,INFO,HKLM\SOFTWARE\Microsoft\Windows\CurrentVersion\Diagnostics\DiagTrack\HeartBeats\EndpointErrors\6,,,,,,,,,,,,,,,,,,,,,,,,,,,,,,,,,,,,,,,,,,,,,,,,,,,,,,,,,,,,,,,,,,,,,,,,,,,,,,,,,,,,,,,,,,,,,0,0,0,1,1,0,2,True
2020-08-05 06:10:09,567,1,-9223372036854775808,4452,2,,wec.internal.cloudapp.net,,"Registry object added or deleted:
RuleName: -
EventType: CreateKey
UtcTime: 2020-08-05 06:10:09.198
ProcessGuid: {8715b604-0df2-5f2a-4900-000000000400}
ProcessId: 3356
Image: C:\windows\System32\svchost.exe
TargetObject: HKLM\SOFTWARE\Microsoft\Windows\CurrentVersion\Diagnostics\DiagTrack\HeartBeats\EndpointErrors\9",eventlog,Microsoft-Windows-Sysmon,2,,['mordorDataset'],Microsoft-Windows-Sysmon/Operational,{5770385F-C22A-43E0-BF4C-06F5698FFBD9},12,480085,WORKSTATION5.theshire.local,,,,3356,im_msvistalog,53997,,2020-08-05 02:10:09,,,INFO,3484,,0,2020-08-05T06:10:09.917Z,12,,CreateKey,2020-08-05 02:10:09,,,,S-1-5-18,,{8715b604-0df2-5f2a-4900-000000000400},,-,NT AUTHORITY,SYSTEM,C:\windows\System32\svchost.exe,User,,INFO,HKLM\SOFTWARE\Microsoft\Windows\CurrentVersion\Diagnostics\DiagTrack\HeartBeats\EndpointErrors\9,,,,,,,,,,,,,,,,,,,,,,,,,,,,,,,,,,,,,,,,,,,,,,,,,,,,,,,,,,,,,,,,,,,,,,,,,,,,,,,,,,,,,,,,,,,,,0,0,0,1,1,0,2,True
2020-08-05 06:10:09,554,1,-9223372036854775808,4452,2,,wec.internal.cloudapp.net,,"Registry value set:
RuleName: -
EventType: SetValue
UtcTime: 2020-08-05 06:10:09.198
ProcessGuid: {8715b604-0df2-5f2a-4900-000000000400}
ProcessId: 3356
Image: C:\windows\System32\svchost.exe
TargetObject: HKLM\SOFTWARE\Microsoft\Windows\CurrentVersion\Diagnostics\DiagTrack\HeartBeats\EndpointErrors\6\Value
Details: DWORD (0x00000000)",eventlog,Microsoft-Windows-Sysmon,2,,['mordorDataset'],Microsoft-Windows-Sysmon/Operational,{5770385F-C22A-43E0-BF4C-06F5698FFBD9},13,480076,WORKSTATION5.theshire.local,,,,3356,im_msvistalog,53997,,2020-08-05 02:10:09,,,INFO,3484,,0,2020-08-05T06:10:09.915Z,13,,SetValue,2020-08-05 02:10:09,,,,S-1-5-18,,{8715b604-0df2-5f2a-4900-000000000400},,-,NT AUTHORITY,SYSTEM,C:\windows\System32\svchost.exe,User,,INFO,HKLM\SOFTWARE\Microsoft\Windows\CurrentVersion\Diagnostics\DiagTrack\HeartBeats\EndpointErrors\6\Value,,,,,,,,,,,,,,,,,,,,,,,,,,,,,,,,,,,,,,,,,,,,,,,,,,,,,,,,DWORD (0x00000000),,,,,,,,,,,,,,,,,,,,,,,,,,,,,,,,,,,,,0,0,0,1,1,0,2,True
2020-08-05 06:10:09,556,1,-9223372036854775808,4452,2,,wec.internal.cloudapp.net,,"Registry value set:
RuleName: -
EventType: SetValue
UtcTime: 2020-08-05 06:10:09.198
ProcessGuid: {8715b604-0df2-5f2a-4900-000000000400}
ProcessId: 3356
Image: C:\windows\System32\svchost.exe
TargetObject: HKLM\SOFTWARE\Microsoft\Windows\CurrentVersion\Diagnostics\DiagTrack\HeartBeats\EndpointErrors\7\Name
Details: (Empty)",eventlog,Microsoft-Windows-Sysmon,2,,['mordorDataset'],Microsoft-Windows-Sysmon/Operational,{5770385F-C22A-43E0-BF4C-06F5698FFBD9},13,480078,WORKSTATION5.theshire.local,,,,3356,im_msvistalog,53997,,2020-08-05 02:10:09,,,INFO,3484,,0,2020-08-05T06:10:09.915Z,13,,SetValue,2020-08-05 02:10:09,,,,S-1-5-18,,{8715b604-0df2-5f2a-4900-000000000400},,-,NT AUTHORITY,SYSTEM,C:\windows\System32\svchost.exe,User,,INFO,HKLM\SOFTWARE\Microsoft\Windows\CurrentVersion\Diagnostics\DiagTrack\HeartBeats\EndpointErrors\7\Name,,,,,,,,,,,,,,,,,,,,,,,,,,,,,,,,,,,,,,,,,,,,,,,,,,,,,,,,(Empty),,,,,,,,,,,,,,,,,,,,,,,,,,,,,,,,,,,,,0,0,0,1,1,0,2,True
2020-08-05 06:10:09,557,1,-9223372036854775808,4452,2,,wec.internal.cloudapp.net,,"Registry object added or deleted:
RuleName: -
EventType: CreateKey
UtcTime: 2020-08-05 06:10:09.198
ProcessGuid: {8715b604-0df2-5f2a-4900-000000000400}
ProcessId: 3356
Image: C:\windows\System32\svchost.exe
TargetObject: HKLM\SOFTWARE\Microsoft\Windows\CurrentVersion\Diagnostics\DiagTrack\HeartBeats\EndpointErrors\7",eventlog,Microsoft-Windows-Sysmon,2,,['mordorDataset'],Microsoft-Windows-Sysmon/Operational,{5770385F-C22A-43E0-BF4C-06F5698FFBD9},12,480079,WORKSTATION5.theshire.local,,,,3356,im_msvistalog,53997,,2020-08-05 02:10:09,,,INFO,3484,,0,2020-08-05T06:10:09.915Z,12,,CreateKey,2020-08-05 02:10:09,,,,S-1-5-18,,{8715b604-0df2-5f2a-4900-000000000400},,-,NT AUTHORITY,SYSTEM,C:\windows\System32\svchost.exe,User,,INFO,HKLM\SOFTWARE\Microsoft\Windows\CurrentVersion\Diagnostics\DiagTrack\HeartBeats\EndpointErrors\7,,,,,,,,,,,,,,,,,,,,,,,,,,,,,,,,,,,,,,,,,,,,,,,,,,,,,,,,,,,,,,,,,,,,,,,,,,,,,,,,,,,,,,,,,,,,,0,0,0,1,1,0,2,True
2020-08-05 06:10:09,558,1,-9223372036854775808,4452,2,,wec.internal.cloudapp.net,,"Registry value set:
RuleName: -
EventType: SetValue
UtcTime: 2020-08-05 06:10:09.198
ProcessGuid: {8715b604-0df2-5f2a-4900-000000000400}
ProcessId: 3356
Image: C:\windows\System32\svchost.exe
TargetObject: HKLM\SOFTWARE\Microsoft\Windows\CurrentVersion\Diagnostics\DiagTrack\HeartBeats\EndpointErrors\7\Value
Details: DWORD (0x00000000)",eventlog,Microsoft-Windows-Sysmon,2,,['mordorDataset'],Microsoft-Windows-Sysmon/Operational,{5770385F-C22A-43E0-BF4C-06F5698FFBD9},13,480080,WORKSTATION5.theshire.local,,,,3356,im_msvistalog,53997,,2020-08-05 02:10:09,,,INFO,3484,,0,2020-08-05T06:10:09.916Z,13,,SetValue,2020-08-05 02:10:09,,,,S-1-5-18,,{8715b604-0df2-5f2a-4900-000000000400},,-,NT AUTHORITY,SYSTEM,C:\windows\System32\svchost.exe,User,,INFO,HKLM\SOFTWARE\Microsoft\Windows\CurrentVersion\Diagnostics\DiagTrack\HeartBeats\EndpointErrors\7\Value,,,,,,,,,,,,,,,,,,,,,,,,,,,,,,,,,,,,,,,,,,,,,,,,,,,,,,,,DWORD (0x00000000),,,,,,,,,,,,,,,,,,,,,,,,,,,,,,,,,,,,,0,0,0,1,1,0,2,True
2020-08-05 06:10:09,559,1,-9223372036854775808,4452,2,,wec.internal.cloudapp.net,,"Registry object added or deleted:
RuleName: -
EventType: CreateKey
UtcTime: 2020-08-05 06:10:09.198
ProcessGuid: {8715b604-0df2-5f2a-4900-000000000400}
ProcessId: 3356
Image: C:\windows\System32\svchost.exe
TargetObject: HKLM\SOFTWARE\Microsoft\Windows\CurrentVersion\Diagnostics\DiagTrack\HeartBeats\EndpointErrors\8",eventlog,Microsoft-Windows-Sysmon,2,,['mordorDataset'],Microsoft-Windows-Sysmon/Operational,{5770385F-C22A-43E0-BF4C-06F5698FFBD9},12,480081,WORKSTATION5.theshire.local,,,,3356,im_msvistalog,53997,,2020-08-05 02:10:09,,,INFO,3484,,0,2020-08-05T06:10:09.916Z,12,,CreateKey,2020-08-05 02:10:09,,,,S-1-5-18,,{8715b604-0df2-5f2a-4900-000000000400},,-,NT AUTHORITY,SYSTEM,C:\windows\System32\svchost.exe,User,,INFO,HKLM\SOFTWARE\Microsoft\Windows\CurrentVersion\Diagnostics\DiagTrack\HeartBeats\EndpointErrors\8,,,,,,,,,,,,,,,,,,,,,,,,,,,,,,,,,,,,,,,,,,,,,,,,,,,,,,,,,,,,,,,,,,,,,,,,,,,,,,,,,,,,,,,,,,,,,0,0,0,1,1,0,2,True
2020-08-05 06:10:09,560,1,-9223372036854775808,4452,2,,wec.internal.cloudapp.net,,"Registry value set:
RuleName: -
EventType: SetValue
UtcTime: 2020-08-05 06:10:09.198
ProcessGuid: {8715b604-0df2-5f2a-4900-000000000400}
ProcessId: 3356
Image: C:\windows\System32\svchost.exe
TargetObject: HKLM\SOFTWARE\Microsoft\Windows\CurrentVersion\Diagnostics\DiagTrack\HeartBeats\EndpointErrors\8\Name
Details: (Empty)",eventlog,Microsoft-Windows-Sysmon,2,,['mordorDataset'],Microsoft-Windows-Sysmon/Operational,{5770385F-C22A-43E0-BF4C-06F5698FFBD9},13,480082,WORKSTATION5.theshire.local,,,,3356,im_msvistalog,53997,,2020-08-05 02:10:09,,,INFO,3484,,0,2020-08-05T06:10:09.916Z,13,,SetValue,2020-08-05 02:10:09,,,,S-1-5-18,,{8715b604-0df2-5f2a-4900-000000000400},,-,NT AUTHORITY,SYSTEM,C:\windows\System32\svchost.exe,User,,INFO,HKLM\SOFTWARE\Microsoft\Windows\CurrentVersion\Diagnostics\DiagTrack\HeartBeats\EndpointErrors\8\Name,,,,,,,,,,,,,,,,,,,,,,,,,,,,,,,,,,,,,,,,,,,,,,,,,,,,,,,,(Empty),,,,,,,,,,,,,,,,,,,,,,,,,,,,,,,,,,,,,0,0,0,1,1,0,2,True
2020-08-05 06:10:09,562,1,-9223372036854775808,4452,2,,wec.internal.cloudapp.net,,"Registry object added or deleted:
RuleName: -
EventType: CreateKey
UtcTime: 2020-08-05 06:10:09.198
ProcessGuid: {8715b604-0df2-5f2a-4900-000000000400}
ProcessId: 3356
Image: C:\windows\System32\svchost.exe
TargetObject: HKLM\SOFTWARE\Microsoft\Windows\CurrentVersion\Diagnostics\DiagTrack\HeartBeats\EndpointErrors\8",eventlog,Microsoft-Windows-Sysmon,2,,['mordorDataset'],Microsoft-Windows-Sysmon/Operational,{5770385F-C22A-43E0-BF4C-06F5698FFBD9},12,480083,WORKSTATION5.theshire.local,,,,3356,im_msvistalog,53997,,2020-08-05 02:10:09,,,INFO,3484,,0,2020-08-05T06:10:09.916Z,12,,CreateKey,2020-08-05 02:10:09,,,,S-1-5-18,,{8715b604-0df2-5f2a-4900-000000000400},,-,NT AUTHORITY,SYSTEM,C:\windows\System32\svchost.exe,User,,INFO,HKLM\SOFTWARE\Microsoft\Windows\CurrentVersion\Diagnostics\DiagTrack\HeartBeats\EndpointErrors\8,,,,,,,,,,,,,,,,,,,,,,,,,,,,,,,,,,,,,,,,,,,,,,,,,,,,,,,,,,,,,,,,,,,,,,,,,,,,,,,,,,,,,,,,,,,,,0,0,0,1,1,0,2,True
2020-08-05 06:10:09,596,1,-9223372036854775808,4452,2,,wec.internal.cloudapp.net,,"Registry value set:
RuleName: -
EventType: SetValue
UtcTime: 2020-08-05 06:10:09.199
ProcessGuid: {8715b604-0df2-5f2a-4900-000000000400}
ProcessId: 3356
Image: C:\windows\System32\svchost.exe
TargetObject: HKLM\SOFTWARE\Microsoft\Windows\CurrentVersion\Diagnostics\DiagTrack\HeartBeats\Default\EventStoreResetSizeSum
Details: QWORD (0x00000000-0x00000000)",eventlog,Microsoft-Windows-Sysmon,2,,['mordorDataset'],Microsoft-Windows-Sysmon/Operational,{5770385F-C22A-43E0-BF4C-06F5698FFBD9},13,480100,WORKSTATION5.theshire.local,,,,3356,im_msvistalog,53997,,2020-08-05 02:10:09,,,INFO,3484,,0,2020-08-05T06:10:09.923Z,13,,SetValue,2020-08-05 02:10:09,,,,S-1-5-18,,{8715b604-0df2-5f2a-4900-000000000400},,-,NT AUTHORITY,SYSTEM,C:\windows\System32\svchost.exe,User,,INFO,HKLM\SOFTWARE\Microsoft\Windows\CurrentVersion\Diagnostics\DiagTrack\HeartBeats\Default\EventStoreResetSizeSum,,,,,,,,,,,,,,,,,,,,,,,,,,,,,,,,,,,,,,,,,,,,,,,,,,,,,,,,QWORD (0x00000000-0x00000000),,,,,,,,,,,,,,,,,,,,,,,,,,,,,,,,,,,,,0,0,0,1,1,0,2,True
2020-08-05 06:10:09,599,1,-9223372036854775808,4452,2,,wec.internal.cloudapp.net,,"Registry value set:
RuleName: -
EventType: SetValue
UtcTime: 2020-08-05 06:10:09.199
ProcessGuid: {8715b604-0df2-5f2a-4900-000000000400}
ProcessId: 3356
Image: C:\windows\System32\svchost.exe
TargetObject: HKLM\SOFTWARE\Microsoft\Windows\CurrentVersion\Diagnostics\DiagTrack\HeartBeats\Default\CriticalOverflowEntersCounter
Details: DWORD (0x00000000)",eventlog,Microsoft-Windows-Sysmon,2,,['mordorDataset'],Microsoft-Windows-Sysmon/Operational,{5770385F-C22A-43E0-BF4C-06F5698FFBD9},13,480101,WORKSTATION5.theshire.local,,,,3356,im_msvistalog,53997,,2020-08-05 02:10:09,,,INFO,3484,,0,2020-08-05T06:10:09.924Z,13,,SetValue,2020-08-05 02:10:09,,,,S-1-5-18,,{8715b604-0df2-5f2a-4900-000000000400},,-,NT AUTHORITY,SYSTEM,C:\windows\System32\svchost.exe,User,,INFO,HKLM\SOFTWARE\Microsoft\Windows\CurrentVersion\Diagnostics\DiagTrack\HeartBeats\Default\CriticalOverflowEntersCounter,,,,,,,,,,,,,,,,,,,,,,,,,,,,,,,,,,,,,,,,,,,,,,,,,,,,,,,,DWORD (0x00000000),,,,,,,,,,,,,,,,,,,,,,,,,,,,,,,,,,,,,0,0,0,1,1,0,2,True
2020-08-05 06:10:09,435,1,-9223372036854775808,4256,3,,wec.internal.cloudapp.net,,"Image loaded:
RuleName: -
UtcTime: 2020-08-05 06:10:09.197
ProcessGuid: {2b437147-0e56-5f2a-3701-000000000400}
ProcessId: 3736
Image: C:\Windows\System32\svchost.exe
ImageLoaded: C:\Windows\System32\wmidcom.dll
FileVersion: 10.0.17763.1 (WinBuild.160101.0800)
Description: WMI
Product: Microsoft® Windows® Operating System
Company: Microsoft Corporation
OriginalFileName: wmidcom.dll
Hashes: SHA1=4C7308C2A323D850C3E5DCB88A32A1C7DF9CBE4F,MD5=A9BC5F3E3C6406C3C5ABE804FBF7BC76,SHA256=A0177FD4B7690A680E5EAC9BDC78E21117B523622607BCA47305EB74984CF901,IMPHASH=8461651332BA942E21A64DBF3E9E80F8
Signed: true
Signature: Microsoft Windows
SignatureStatus: Valid",eventlog,Microsoft-Windows-Sysmon,2,,['mordorDataset'],Microsoft-Windows-Sysmon/Operational,{5770385F-C22A-43E0-BF4C-06F5698FFBD9},7,284968,MORDORDC.theshire.local,,,,3736,im_msvistalog,53997,,2020-08-05 02:10:09,,,INFO,3868,,0,2020-08-05T06:10:09.885Z,7,,INFO,2020-08-05 02:10:09,,,,S-1-5-18,,{2b437147-0e56-5f2a-3701-000000000400},,-,NT AUTHORITY,SYSTEM,C:\Windows\System32\svchost.exe,User,,,,"SHA1=4C7308C2A323D850C3E5DCB88A32A1C7DF9CBE4F,MD5=A9BC5F3E3C6406C3C5ABE804FBF7BC76,SHA256=A0177FD4B7690A680E5EAC9BDC78E21117B523622607BCA47305EB74984CF901,IMPHASH=8461651332BA942E21A64DBF3E9E80F8",Microsoft Windows,True,10.0.17763.1 (WinBuild.160101.0800),wmidcom.dll,Valid,WMI,Microsoft Corporation,Microsoft® Windows® Operating System,C:\Windows\System32\wmidcom.dll,,,,,,,,,,,,,,,,,,,,,,,,,,,,,,,,,,,,,,,,,,,,,,,,,,,,,,,,,,,,,,,,,,,,,,,,,,,,,,,,,,,0,0,0,1,1,0,3,True
